<?xml version="1.0" encoding="UTF-8"?>
<testsuite name="org.springframework.jdbc.datasource.lookup.MapDataSourceLookupTests" tests="6" skipped="0" failures="0" errors="0" timestamp="2021-04-16T01:52:56" hostname="DESKTOP-3R4DVF7" time="0.003">
  <properties/>
  <testcase name="getDataSourceWhereSuppliedMapHasNoEntryForSpecifiedKey" classname="org.springframework.jdbc.datasource.lookup.MapDataSourceLookupTests" time="0.002"/>
  <testcase name="getDataSourcesReturnsUnmodifiableMap" classname="org.springframework.jdbc.datasource.lookup.MapDataSourceLookupTests" time="0.0"/>
  <testcase name="getDataSourceWhereSuppliedMapHasNonDataSourceTypeUnderSpecifiedKey" classname="org.springframework.jdbc.datasource.lookup.MapDataSourceLookupTests" time="0.0"/>
  <testcase name="addingDataSourcePermitsOverride" classname="org.springframework.jdbc.datasource.lookup.MapDataSourceLookupTests" time="0.0"/>
  <testcase name="setDataSourcesIsAnIdempotentOperation" classname="org.springframework.jdbc.datasource.lookup.MapDataSourceLookupTests" time="0.0"/>
  <testcase name="lookupSunnyDay" classname="org.springframework.jdbc.datasource.lookup.MapDataSourceLookupTests" time="0.0"/>
  <system-out><![CDATA[]]></system-out>
  <system-err><![CDATA[]]></system-err>
</testsuite>
