<?xml version="1.0" encoding="UTF-8"?>
<testsuite name="org.springframework.jdbc.datasource.DataSourceJtaTransactionTests" tests="28" skipped="0" failures="0" errors="0" timestamp="2021-04-16T01:52:51" hostname="DESKTOP-3R4DVF7" time="0.08">
  <properties/>
  <testcase name="testJtaTransactionCommitWithPropagationRequiresNewWithTransactionAwareDataSource" classname="org.springframework.jdbc.datasource.DataSourceJtaTransactionTests" time="0.048"/>
  <testcase name="testJtaTransactionCommit" classname="org.springframework.jdbc.datasource.DataSourceJtaTransactionTests" time="0.001"/>
  <testcase name="testJtaTransactionWithIsolationLevelDataSourceRouter" classname="org.springframework.jdbc.datasource.DataSourceJtaTransactionTests" time="0.007"/>
  <testcase name="testJtaTransactionCommitWithPropagationRequiresNewWithOpenOuterConnectionAndTransactionAwareDataSourceAndBeginException" classname="org.springframework.jdbc.datasource.DataSourceJtaTransactionTests" time="0.001"/>
  <testcase name="testJtaTransactionWithConnectionHolderStillBound" classname="org.springframework.jdbc.datasource.DataSourceJtaTransactionTests" time="0.004"/>
  <testcase name="testJtaTransactionCommitWithPropagationRequiredWithinNotSupported" classname="org.springframework.jdbc.datasource.DataSourceJtaTransactionTests" time="0.001"/>
  <testcase name="testJtaTransactionCommitWithPropagationRequiresNewWithTransactionAwareDataSourceAndSuspendException" classname="org.springframework.jdbc.datasource.DataSourceJtaTransactionTests" time="0.001"/>
  <testcase name="testJtaTransactionRollbackWithPropagationRequiresNewWithTransactionAwareDataSource" classname="org.springframework.jdbc.datasource.DataSourceJtaTransactionTests" time="0.001"/>
  <testcase name="testJtaTransactionCommitWithPropagationRequiresNewWithOpenOuterConnectionAccessed" classname="org.springframework.jdbc.datasource.DataSourceJtaTransactionTests" time="0.001"/>
  <testcase name="testJtaTransactionRollbackWithPropagationRequiresNew" classname="org.springframework.jdbc.datasource.DataSourceJtaTransactionTests" time="0.001"/>
  <testcase name="testJtaTransactionCommitWithPropagationRequiresNewAndBeginException" classname="org.springframework.jdbc.datasource.DataSourceJtaTransactionTests" time="0.0"/>
  <testcase name="testJtaTransactionCommitWithPropagationRequiresNewWithOpenOuterConnectionAndTransactionAwareDataSourceAndSuspendException" classname="org.springframework.jdbc.datasource.DataSourceJtaTransactionTests" time="0.001"/>
  <testcase name="testJtaTransactionRollback" classname="org.springframework.jdbc.datasource.DataSourceJtaTransactionTests" time="0.0"/>
  <testcase name="testJtaTransactionCommitWithPropagationRequiresNew" classname="org.springframework.jdbc.datasource.DataSourceJtaTransactionTests" time="0.001"/>
  <testcase name="testJtaTransactionCommitWithPropagationRequiresNewWithinSupports" classname="org.springframework.jdbc.datasource.DataSourceJtaTransactionTests" time="0.0"/>
  <testcase name="testJtaTransactionCommitWithPropagationRequiresNewWithOpenOuterConnectionAndSuspendException" classname="org.springframework.jdbc.datasource.DataSourceJtaTransactionTests" time="0.0"/>
  <testcase name="testJtaTransactionCommitWithPropagationRequiresNewWithAccessAfterResume" classname="org.springframework.jdbc.datasource.DataSourceJtaTransactionTests" time="0.001"/>
  <testcase name="testJtaTransactionRollbackWithPropagationRequiresNewWithOpenOuterConnection" classname="org.springframework.jdbc.datasource.DataSourceJtaTransactionTests" time="0.001"/>
  <testcase name="testJtaTransactionCommitWithPropagationRequiresNewWithTransactionAwareDataSourceAndBeginException" classname="org.springframework.jdbc.datasource.DataSourceJtaTransactionTests" time="0.0"/>
  <testcase name="testJtaTransactionWithIsolationLevelDataSourceRouterWithDataSourceLookup" classname="org.springframework.jdbc.datasource.DataSourceJtaTransactionTests" time="0.003"/>
  <testcase name="testJtaTransactionWithIsolationLevelDataSourceAdapter" classname="org.springframework.jdbc.datasource.DataSourceJtaTransactionTests" time="0.002"/>
  <testcase name="testJtaTransactionCommitWithPropagationRequiresNewWithOpenOuterConnectionAndBeginException" classname="org.springframework.jdbc.datasource.DataSourceJtaTransactionTests" time="0.0"/>
  <testcase name="testJtaTransactionCommitWithPropagationRequiredWithinSupports" classname="org.springframework.jdbc.datasource.DataSourceJtaTransactionTests" time="0.0"/>
  <testcase name="testJtaTransactionRollbackWithPropagationRequiresNewWithOpenOuterConnectionAccessed" classname="org.springframework.jdbc.datasource.DataSourceJtaTransactionTests" time="0.001"/>
  <testcase name="testJtaTransactionCommitWithPropagationRequiresNewWithinNotSupported" classname="org.springframework.jdbc.datasource.DataSourceJtaTransactionTests" time="0.0"/>
  <testcase name="testJtaTransactionCommitWithPropagationRequiresNewAndSuspendException" classname="org.springframework.jdbc.datasource.DataSourceJtaTransactionTests" time="0.001"/>
  <testcase name="testJtaTransactionRollbackWithPropagationRequiresNewWithAccessAfterResume" classname="org.springframework.jdbc.datasource.DataSourceJtaTransactionTests" time="0.0"/>
  <testcase name="testJtaTransactionCommitWithPropagationRequiresNewWithOpenOuterConnection" classname="org.springframework.jdbc.datasource.DataSourceJtaTransactionTests" time="0.001"/>
  <system-out><![CDATA[]]></system-out>
  <system-err><![CDATA[]]></system-err>
</testsuite>
