<?xml version="1.0" encoding="UTF-8"?>
<testsuite name="org.springframework.jdbc.datasource.embedded.EmbeddedDatabaseBuilderTests" tests="11" skipped="0" failures="0" errors="0" timestamp="2021-04-16T01:52:52" hostname="DESKTOP-3R4DVF7" time="2.845">
  <properties/>
  <testcase name="createSameSchemaTwiceWithGeneratedUniqueDbNames" classname="org.springframework.jdbc.datasource.embedded.EmbeddedDatabaseBuilderTests" time="0.019"/>
  <testcase name="setTypeToDerbyAndIgnoreFailedDrops" classname="org.springframework.jdbc.datasource.embedded.EmbeddedDatabaseBuilderTests" time="2.658"/>
  <testcase name="addScriptWithBogusFileName" classname="org.springframework.jdbc.datasource.embedded.EmbeddedDatabaseBuilderTests" time="0.011"/>
  <testcase name="createSameSchemaTwiceWithoutUniqueDbNames" classname="org.springframework.jdbc.datasource.embedded.EmbeddedDatabaseBuilderTests" time="0.019"/>
  <testcase name="addScripts" classname="org.springframework.jdbc.datasource.embedded.EmbeddedDatabaseBuilderTests" time="0.025"/>
  <testcase name="addScriptsWithDefaultCommentPrefix" classname="org.springframework.jdbc.datasource.embedded.EmbeddedDatabaseBuilderTests" time="0.021"/>
  <testcase name="addScriptsWithCustomBlockComments" classname="org.springframework.jdbc.datasource.embedded.EmbeddedDatabaseBuilderTests" time="0.022"/>
  <testcase name="addScript" classname="org.springframework.jdbc.datasource.embedded.EmbeddedDatabaseBuilderTests" time="0.022"/>
  <testcase name="addScriptsWithCustomCommentPrefix" classname="org.springframework.jdbc.datasource.embedded.EmbeddedDatabaseBuilderTests" time="0.022"/>
  <testcase name="setTypeToH2" classname="org.springframework.jdbc.datasource.embedded.EmbeddedDatabaseBuilderTests" time="0.01"/>
  <testcase name="addDefaultScripts" classname="org.springframework.jdbc.datasource.embedded.EmbeddedDatabaseBuilderTests" time="0.016"/>
  <system-out><![CDATA[]]></system-out>
  <system-err><![CDATA[]]></system-err>
</testsuite>
