<?xml version="1.0" encoding="UTF-8"?>
<testsuite name="org.springframework.jdbc.datasource.init.ScriptUtilsUnitTests" tests="10" skipped="0" failures="0" errors="0" timestamp="2021-04-16T01:52:56" hostname="DESKTOP-3R4DVF7" time="0.003">
  <properties/>
  <testcase name="splitSqlScriptDelimitedWithSemicolon" classname="org.springframework.jdbc.datasource.init.ScriptUtilsUnitTests" time="0.0"/>
  <testcase name="splitSqlScriptDelimitedWithNewLine" classname="org.springframework.jdbc.datasource.init.ScriptUtilsUnitTests" time="0.0"/>
  <testcase name="readAndSplitScriptContainingCommentsWithWindowsLineEnding" classname="org.springframework.jdbc.datasource.init.ScriptUtilsUnitTests" time="0.001"/>
  <testcase name="containsDelimiters" classname="org.springframework.jdbc.datasource.init.ScriptUtilsUnitTests" time="0.0"/>
  <testcase name="readAndSplitScriptWithMultipleNewlinesAsSeparator" classname="org.springframework.jdbc.datasource.init.ScriptUtilsUnitTests" time="0.0"/>
  <testcase name="readAndSplitScriptContainingCommentsWithLeadingTabs" classname="org.springframework.jdbc.datasource.init.ScriptUtilsUnitTests" time="0.0"/>
  <testcase name="splitScriptWithSingleQuotesNestedInsideDoubleQuotes" classname="org.springframework.jdbc.datasource.init.ScriptUtilsUnitTests" time="0.0"/>
  <testcase name="readAndSplitScriptContainingMuliLineComments" classname="org.springframework.jdbc.datasource.init.ScriptUtilsUnitTests" time="0.001"/>
  <testcase name="readAndSplitScriptContainingComments" classname="org.springframework.jdbc.datasource.init.ScriptUtilsUnitTests" time="0.0"/>
  <testcase name="splitSqlScriptDelimitedWithNewLineButDefaultDelimiterSpecified" classname="org.springframework.jdbc.datasource.init.ScriptUtilsUnitTests" time="0.0"/>
  <system-out><![CDATA[]]></system-out>
  <system-err><![CDATA[]]></system-err>
</testsuite>
