<?xml version="1.0" encoding="UTF-8"?>
<testsuite name="org.springframework.jdbc.datasource.UserCredentialsDataSourceAdapterTests" tests="3" skipped="0" failures="0" errors="0" timestamp="2021-04-16T01:52:56" hostname="DESKTOP-3R4DVF7" time="0.001">
  <properties/>
  <testcase name="testStaticCredentials" classname="org.springframework.jdbc.datasource.UserCredentialsDataSourceAdapterTests" time="0.0"/>
  <testcase name="testThreadBoundCredentials" classname="org.springframework.jdbc.datasource.UserCredentialsDataSourceAdapterTests" time="0.001"/>
  <testcase name="testNoCredentials" classname="org.springframework.jdbc.datasource.UserCredentialsDataSourceAdapterTests" time="0.0"/>
  <system-out><![CDATA[]]></system-out>
  <system-err><![CDATA[]]></system-err>
</testsuite>
