<?xml version="1.0" encoding="UTF-8"?>
<testsuite name="org.springframework.jdbc.support.DataFieldMaxValueIncrementerTests" tests="6" skipped="0" failures="0" errors="0" timestamp="2021-04-16T01:52:56" hostname="DESKTOP-3R4DVF7" time="0.01">
  <properties/>
  <testcase name="testMySQLMaxValueIncrementer" classname="org.springframework.jdbc.support.DataFieldMaxValueIncrementerTests" time="0.003"/>
  <testcase name="testHsqlMaxValueIncrementer" classname="org.springframework.jdbc.support.DataFieldMaxValueIncrementerTests" time="0.002"/>
  <testcase name="testOracleSequenceMaxValueIncrementer" classname="org.springframework.jdbc.support.DataFieldMaxValueIncrementerTests" time="0.002"/>
  <testcase name="testHsqlMaxValueIncrementerWithDeleteSpecificValues" classname="org.springframework.jdbc.support.DataFieldMaxValueIncrementerTests" time="0.0"/>
  <testcase name="testPostgresSequenceMaxValueIncrementer" classname="org.springframework.jdbc.support.DataFieldMaxValueIncrementerTests" time="0.001"/>
  <testcase name="testHanaSequenceMaxValueIncrementer" classname="org.springframework.jdbc.support.DataFieldMaxValueIncrementerTests" time="0.001"/>
  <system-out><![CDATA[]]></system-out>
  <system-err><![CDATA[]]></system-err>
</testsuite>
