<?xml version="1.0" encoding="UTF-8"?>
<testsuite name="org.springframework.jdbc.core.JdbcOperationsExtensionsTests" tests="10" skipped="0" failures="0" errors="0" timestamp="2021-04-16T01:52:56" hostname="DESKTOP-3R4DVF7" time="0.023">
  <properties/>
  <testcase name="queryForObject with reified type parameters" classname="org.springframework.jdbc.core.JdbcOperationsExtensionsTests" time="0.005"/>
  <testcase name="queryForObject with RowMapper-like function" classname="org.springframework.jdbc.core.JdbcOperationsExtensionsTests" time="0.011"/>
  <testcase name="queryForList with reified type parameters and argTypes" classname="org.springframework.jdbc.core.JdbcOperationsExtensionsTests" time="0.001"/>
  <testcase name="query with ResultSetExtractor-like function" classname="org.springframework.jdbc.core.JdbcOperationsExtensionsTests" time="0.001"/>
  <testcase name="queryForList with reified type parameters" classname="org.springframework.jdbc.core.JdbcOperationsExtensionsTests" time="0.0"/>
  <testcase name="queryForObject with reified type parameters and argTypes" classname="org.springframework.jdbc.core.JdbcOperationsExtensionsTests" time="0.0"/>
  <testcase name="queryForObject with reified type parameters and args" classname="org.springframework.jdbc.core.JdbcOperationsExtensionsTests" time="0.0"/>
  <testcase name="query with RowMapper-like function" classname="org.springframework.jdbc.core.JdbcOperationsExtensionsTests" time="0.002"/>
  <testcase name="queryForList with reified type parameters and args" classname="org.springframework.jdbc.core.JdbcOperationsExtensionsTests" time="0.0"/>
  <testcase name="query with RowCallbackHandler-like function" classname="org.springframework.jdbc.core.JdbcOperationsExtensionsTests" time="0.002"/>
  <system-out><![CDATA[]]></system-out>
  <system-err><![CDATA[]]></system-err>
</testsuite>
