<?xml version="1.0" encoding="UTF-8"?>
<testsuite name="org.springframework.jdbc.object.GenericSqlQueryTests" tests="3" skipped="0" failures="0" errors="0" timestamp="2021-04-16T01:52:56" hostname="DESKTOP-3R4DVF7" time="0.101">
  <properties/>
  <testcase name="testCustomerQueryWithNamedParameters" classname="org.springframework.jdbc.object.GenericSqlQueryTests" time="0.05"/>
  <testcase name="testCustomerQueryWithRowMapperInstance" classname="org.springframework.jdbc.object.GenericSqlQueryTests" time="0.017"/>
  <testcase name="testCustomerQueryWithPlaceholders" classname="org.springframework.jdbc.object.GenericSqlQueryTests" time="0.034"/>
  <system-out><![CDATA[]]></system-out>
  <system-err><![CDATA[]]></system-err>
</testsuite>
