<?xml version="1.0" encoding="UTF-8"?>
<testsuite name="org.springframework.jdbc.support.SQLErrorCodeSQLExceptionTranslatorTests" tests="5" skipped="0" failures="0" errors="0" timestamp="2021-04-16T01:52:56" hostname="DESKTOP-3R4DVF7" time="0.001">
  <properties/>
  <testcase name="errorCodeTranslation" classname="org.springframework.jdbc.support.SQLErrorCodeSQLExceptionTranslatorTests" time="0.0"/>
  <testcase name="customExceptionTranslation" classname="org.springframework.jdbc.support.SQLErrorCodeSQLExceptionTranslatorTests" time="0.0"/>
  <testcase name="dataTruncationTranslation" classname="org.springframework.jdbc.support.SQLErrorCodeSQLExceptionTranslatorTests" time="0.001"/>
  <testcase name="batchExceptionTranslation" classname="org.springframework.jdbc.support.SQLErrorCodeSQLExceptionTranslatorTests" time="0.0"/>
  <testcase name="customTranslateMethodTranslation" classname="org.springframework.jdbc.support.SQLErrorCodeSQLExceptionTranslatorTests" time="0.0"/>
  <system-out><![CDATA[]]></system-out>
  <system-err><![CDATA[]]></system-err>
</testsuite>
