<?xml version="1.0" encoding="UTF-8"?>
<testsuite name="org.springframework.jdbc.object.BatchSqlUpdateTests" tests="2" skipped="0" failures="0" errors="0" timestamp="2021-04-16T01:52:56" hostname="DESKTOP-3R4DVF7" time="0.008">
  <properties/>
  <testcase name="testBatchUpdateWithFlushThroughBatchSize" classname="org.springframework.jdbc.object.BatchSqlUpdateTests" time="0.008"/>
  <testcase name="testBatchUpdateWithExplicitFlush" classname="org.springframework.jdbc.object.BatchSqlUpdateTests" time="0.0"/>
  <system-out><![CDATA[]]></system-out>
  <system-err><![CDATA[]]></system-err>
</testsuite>
