<?xml version="1.0" encoding="UTF-8"?>
<testsuite name="org.springframework.jdbc.core.namedparam.NamedParameterQueryTests" tests="13" skipped="0" failures="0" errors="0" timestamp="2021-04-16T01:52:51" hostname="DESKTOP-3R4DVF7" time="0.017">
  <properties/>
  <testcase name="testQueryForObjectWithMapAndInteger" classname="org.springframework.jdbc.core.namedparam.NamedParameterQueryTests" time="0.001"/>
  <testcase name="testQueryForLongWithParamBeanWithCollection" classname="org.springframework.jdbc.core.namedparam.NamedParameterQueryTests" time="0.005"/>
  <testcase name="testQueryForLongWithParamBean" classname="org.springframework.jdbc.core.namedparam.NamedParameterQueryTests" time="0.005"/>
  <testcase name="testQueryForObjectWithParamMapAndListOfExpressionLists" classname="org.springframework.jdbc.core.namedparam.NamedParameterQueryTests" time="0.001"/>
  <testcase name="testQueryForObjectWithParamMapAndRowMapper" classname="org.springframework.jdbc.core.namedparam.NamedParameterQueryTests" time="0.001"/>
  <testcase name="testQueryForListWithParamMapAndIntegerElementAndSingleRowAndColumn" classname="org.springframework.jdbc.core.namedparam.NamedParameterQueryTests" time="0.0"/>
  <testcase name="testQueryForListWithParamMapAndEmptyResult" classname="org.springframework.jdbc.core.namedparam.NamedParameterQueryTests" time="0.001"/>
  <testcase name="testQueryForMapWithParamMapAndSingleRowAndColumn" classname="org.springframework.jdbc.core.namedparam.NamedParameterQueryTests" time="0.001"/>
  <testcase name="testQueryForListWithParamMap" classname="org.springframework.jdbc.core.namedparam.NamedParameterQueryTests" time="0.0"/>
  <testcase name="testQueryForObjectWithParamMapAndInteger" classname="org.springframework.jdbc.core.namedparam.NamedParameterQueryTests" time="0.0"/>
  <testcase name="testQueryForIntWithParamMap" classname="org.springframework.jdbc.core.namedparam.NamedParameterQueryTests" time="0.0"/>
  <testcase name="testQueryForObjectWithParamMapAndList" classname="org.springframework.jdbc.core.namedparam.NamedParameterQueryTests" time="0.0"/>
  <testcase name="testQueryForListWithParamMapAndSingleRowAndColumn" classname="org.springframework.jdbc.core.namedparam.NamedParameterQueryTests" time="0.0"/>
  <system-out><![CDATA[]]></system-out>
  <system-err><![CDATA[]]></system-err>
</testsuite>
