<?xml version="1.0" encoding="UTF-8"?>
<testsuite name="org.springframework.orm.jpa.persistenceunit.DefaultPersistenceUnitManagerTests" tests="2" skipped="0" failures="0" errors="0" timestamp="2021-04-16T01:54:07" hostname="DESKTOP-3R4DVF7" time="0.044">
  <properties/>
  <testcase name="defaultDomainWithIndex" classname="org.springframework.orm.jpa.persistenceunit.DefaultPersistenceUnitManagerTests" time="0.031"/>
  <testcase name="defaultDomainWithScan" classname="org.springframework.orm.jpa.persistenceunit.DefaultPersistenceUnitManagerTests" time="0.013"/>
  <system-out><![CDATA[]]></system-out>
  <system-err><![CDATA[]]></system-err>
</testsuite>
