<?xml version="1.0" encoding="UTF-8"?>
<testsuite name="org.springframework.orm.jpa.LocalEntityManagerFactoryBeanTests" tests="2" skipped="0" failures="0" errors="0" timestamp="2021-04-16T01:54:07" hostname="DESKTOP-3R4DVF7" time="0.001">
  <properties/>
  <testcase name="testValidUsageWithExplicitProperties" classname="org.springframework.orm.jpa.LocalEntityManagerFactoryBeanTests" time="0.001"/>
  <testcase name="testValidUsageWithDefaultProperties" classname="org.springframework.orm.jpa.LocalEntityManagerFactoryBeanTests" time="0.0"/>
  <system-out><![CDATA[]]></system-out>
  <system-err><![CDATA[]]></system-err>
</testsuite>
