<?xml version="1.0" encoding="UTF-8"?>
<testsuite name="org.springframework.orm.jpa.EntityManagerFactoryBeanSupportTests" tests="1" skipped="0" failures="0" errors="0" timestamp="2021-04-16T01:54:03" hostname="DESKTOP-3R4DVF7" time="0.036">
  <properties/>
  <testcase name="testHookIsCalled" classname="org.springframework.orm.jpa.EntityManagerFactoryBeanSupportTests" time="0.036"/>
  <system-out><![CDATA[]]></system-out>
  <system-err><![CDATA[]]></system-err>
</testsuite>
