<?xml version="1.0" encoding="UTF-8"?>
<testsuite name="org.springframework.orm.jpa.support.PersistenceInjectionTests" tests="27" skipped="1" failures="0" errors="0" timestamp="2021-04-16T01:54:08" hostname="DESKTOP-3R4DVF7" time="0.163">
  <properties/>
  <testcase name="testPublicExtendedPersistenceContextSetterWithSerialization" classname="org.springframework.orm.jpa.support.PersistenceInjectionTests" time="0.02"/>
  <testcase name="testPublicPersistenceUnitSetterWithOverriding" classname="org.springframework.orm.jpa.support.PersistenceInjectionTests" time="0.008"/>
  <testcase name="testPublicSpecificExtendedPersistenceContextSetter" classname="org.springframework.orm.jpa.support.PersistenceInjectionTests" time="0.01"/>
  <testcase name="testPersistenceUnitsFromJndi" classname="org.springframework.orm.jpa.support.PersistenceInjectionTests" time="0.0">
    <skipped/>
  </testcase>
  <testcase name="testPublicExtendedPersistenceContextSetterWithEntityManagerInfoAndSerialization" classname="org.springframework.orm.jpa.support.PersistenceInjectionTests" time="0.063"/>
  <testcase name="testPropertiesForSharedEntityManager1" classname="org.springframework.orm.jpa.support.PersistenceInjectionTests" time="0.002"/>
  <testcase name="testPropertiesForSharedEntityManager2" classname="org.springframework.orm.jpa.support.PersistenceInjectionTests" time="0.0"/>
  <testcase name="testPublicExtendedPersistenceContextSetterWithOverriding" classname="org.springframework.orm.jpa.support.PersistenceInjectionTests" time="0.001"/>
  <testcase name="testPropertiesPassedIn" classname="org.springframework.orm.jpa.support.PersistenceInjectionTests" time="0.001"/>
  <testcase name="testPrivatePersistenceUnitField" classname="org.springframework.orm.jpa.support.PersistenceInjectionTests" time="0.005"/>
  <testcase name="testPrivateVendorSpecificPersistenceContextField" classname="org.springframework.orm.jpa.support.PersistenceInjectionTests" time="0.008"/>
  <testcase name="testPersistenceUnitsFromJndiWithDefaultUnit" classname="org.springframework.orm.jpa.support.PersistenceInjectionTests" time="0.003"/>
  <testcase name="testFieldOfWrongTypeAnnotatedWithPersistenceUnit" classname="org.springframework.orm.jpa.support.PersistenceInjectionTests" time="0.0"/>
  <testcase name="testNoPropertiesPassedIn" classname="org.springframework.orm.jpa.support.PersistenceInjectionTests" time="0.001"/>
  <testcase name="testSinglePersistenceUnitFromJndi" classname="org.springframework.orm.jpa.support.PersistenceInjectionTests" time="0.001"/>
  <testcase name="testSinglePersistenceContextFromJndi" classname="org.springframework.orm.jpa.support.PersistenceInjectionTests" time="0.004"/>
  <testcase name="testPublicPersistenceUnitSetterWithUnitIdentifiedThroughBeanName" classname="org.springframework.orm.jpa.support.PersistenceInjectionTests" time="0.001"/>
  <testcase name="testPersistenceContextsFromJndiWithDefaultUnit" classname="org.springframework.orm.jpa.support.PersistenceInjectionTests" time="0.004"/>
  <testcase name="testPublicPersistenceUnitSetter" classname="org.springframework.orm.jpa.support.PersistenceInjectionTests" time="0.0"/>
  <testcase name="testPropertiesForTransactionalEntityManager" classname="org.springframework.orm.jpa.support.PersistenceInjectionTests" time="0.0"/>
  <testcase name="testSetterWithNoArgs" classname="org.springframework.orm.jpa.support.PersistenceInjectionTests" time="0.0"/>
  <testcase name="testPublicExtendedPersistenceContextSetter" classname="org.springframework.orm.jpa.support.PersistenceInjectionTests" time="0.001"/>
  <testcase name="testPublicPersistenceUnitSetterWithMultipleUnitsIdentifiedThroughUnitName" classname="org.springframework.orm.jpa.support.PersistenceInjectionTests" time="0.001"/>
  <testcase name="testPersistenceContextsFromJndi" classname="org.springframework.orm.jpa.support.PersistenceInjectionTests" time="0.001"/>
  <testcase name="testPrivatePersistenceContextField" classname="org.springframework.orm.jpa.support.PersistenceInjectionTests" time="0.019"/>
  <testcase name="testSetterOfWrongTypeAnnotatedWithPersistenceUnit" classname="org.springframework.orm.jpa.support.PersistenceInjectionTests" time="0.004"/>
  <testcase name="testInjectionIntoExistingObjects" classname="org.springframework.orm.jpa.support.PersistenceInjectionTests" time="0.001"/>
  <system-out><![CDATA[]]></system-out>
  <system-err><![CDATA[]]></system-err>
</testsuite>
