<?xml version="1.0" encoding="UTF-8"?>
<testsuite name="org.springframework.orm.jpa.support.PersistenceInjectionIntegrationTests" tests="2" skipped="0" failures="0" errors="0" timestamp="2021-04-16T01:54:08" hostname="DESKTOP-3R4DVF7" time="0.089">
  <properties/>
  <testcase name="testDefaultPersistenceContextSetterInjection" classname="org.springframework.orm.jpa.support.PersistenceInjectionIntegrationTests" time="0.087"/>
  <testcase name="testSetterInjectionOfNamedPersistenceContext" classname="org.springframework.orm.jpa.support.PersistenceInjectionIntegrationTests" time="0.002"/>
  <system-out><![CDATA[[EL Info]: 2021-04-16 09:54:08.228--ServerSession(1259746225)--EclipseLink, version: Eclipse Persistence Services - 2.7.3.v20180807-4be1041
[EL Warning]: metadata: 2021-04-16 09:54:08.228--ServerSession(1259746225)--Reverting the lazy setting on the OneToOne or ManyToOne attribute [driversLicense] for the entity class [class org.springframework.orm.jpa.domain.Person] since weaving was not enabled or did not occur.
[EL Info]: connection: 2021-04-16 09:54:08.229--ServerSession(1259746225)--/file:/D:/TeamWork/spring-resources/spring-framework/Spring-Framework/spring-orm/build/classes/java/test/_Person login successful
[EL Fine]: sql: 2021-04-16 09:54:08.23--ServerSession(1259746225)--Connection(1954933226)--SELECT * FROM SEQUENCE WHERE SEQ_NAME = 'SEQ_GEN'
[EL Info]: connection: 2021-04-16 09:54:08.246--ServerSession(1259746225)--/file:/D:/TeamWork/spring-resources/spring-framework/Spring-Framework/spring-orm/build/classes/java/test/_Person logout successful
]]></system-out>
  <system-err><![CDATA[]]></system-err>
</testsuite>
