<?xml version="1.0" encoding="UTF-8"?>
<testsuite name="org.springframework.orm.jpa.hibernate.HibernateEntityManagerFactoryIntegrationTests" tests="21" skipped="0" failures="0" errors="0" timestamp="2021-04-16T01:54:03" hostname="DESKTOP-3R4DVF7" time="3.549">
  <properties/>
  <testcase name="testCanCastSharedEntityManagerProxyToHibernateEntityManager" classname="org.springframework.orm.jpa.hibernate.HibernateEntityManagerFactoryIntegrationTests" time="3.089"/>
  <testcase name="testCanUnwrapAopProxy" classname="org.springframework.orm.jpa.hibernate.HibernateEntityManagerFactoryIntegrationTests" time="0.007"/>
  <testcase name="testCanCastNativeEntityManagerFactoryToHibernateEntityManagerFactoryImpl" classname="org.springframework.orm.jpa.hibernate.HibernateEntityManagerFactoryIntegrationTests" time="0.001"/>
  <testcase name="testJdbcTx2" classname="org.springframework.orm.jpa.hibernate.HibernateEntityManagerFactoryIntegrationTests" time="0.009"/>
  <testcase name="testEntityManagerProxyRejectsProgrammaticTxManagement" classname="org.springframework.orm.jpa.hibernate.HibernateEntityManagerFactoryIntegrationTests" time="0.001"/>
  <testcase name="testQueryNoPersons" classname="org.springframework.orm.jpa.hibernate.HibernateEntityManagerFactoryIntegrationTests" time="0.259"/>
  <testcase name="testEntityManagerFactoryImplementsEntityManagerFactoryInfo" classname="org.springframework.orm.jpa.hibernate.HibernateEntityManagerFactoryIntegrationTests" time="0.001"/>
  <testcase name="testMultipleResults" classname="org.springframework.orm.jpa.hibernate.HibernateEntityManagerFactoryIntegrationTests" time="0.027"/>
  <testcase name="testStateClean" classname="org.springframework.orm.jpa.hibernate.HibernateEntityManagerFactoryIntegrationTests" time="0.001"/>
  <testcase name="testGetReferenceWhenNoRow" classname="org.springframework.orm.jpa.hibernate.HibernateEntityManagerFactoryIntegrationTests" time="0.026"/>
  <testcase name="testInstantiateAndSaveWithSharedEmProxy" classname="org.springframework.orm.jpa.hibernate.HibernateEntityManagerFactoryIntegrationTests" time="0.047"/>
  <testcase name="testQueryNoPersonsSharedNotTransactional" classname="org.springframework.orm.jpa.hibernate.HibernateEntityManagerFactoryIntegrationTests" time="0.022"/>
  <testcase name="testJdbcTx1_1" classname="org.springframework.orm.jpa.hibernate.HibernateEntityManagerFactoryIntegrationTests" time="0.002"/>
  <testcase name="testJdbcTx1_2" classname="org.springframework.orm.jpa.hibernate.HibernateEntityManagerFactoryIntegrationTests" time="0.002"/>
  <testcase name="testJdbcTx1_3" classname="org.springframework.orm.jpa.hibernate.HibernateEntityManagerFactoryIntegrationTests" time="0.001"/>
  <testcase name="testCanSerializeProxies" classname="org.springframework.orm.jpa.hibernate.HibernateEntityManagerFactoryIntegrationTests" time="0.002"/>
  <testcase name="testQueryNoPersonsShared" classname="org.springframework.orm.jpa.hibernate.HibernateEntityManagerFactoryIntegrationTests" time="0.002"/>
  <testcase name="testQueryNoPersonsNotTransactional" classname="org.springframework.orm.jpa.hibernate.HibernateEntityManagerFactoryIntegrationTests" time="0.001"/>
  <testcase name="testEntityManagerProxyIsProxy" classname="org.springframework.orm.jpa.hibernate.HibernateEntityManagerFactoryIntegrationTests" time="0.001"/>
  <testcase name="testBogusQuery" classname="org.springframework.orm.jpa.hibernate.HibernateEntityManagerFactoryIntegrationTests" time="0.038"/>
  <testcase name="testLazyLoading" classname="org.springframework.orm.jpa.hibernate.HibernateEntityManagerFactoryIntegrationTests" time="0.008"/>
  <system-out><![CDATA[Hibernate: create sequence hibernate_sequence start with 1 increment by 1
Hibernate: alter table Person add constraint FKhsilw37bohsue5exltut0wcpq foreign key (DRIVERS_LICENSE_ID) references DRIVERS_LICENSE
Hibernate: select person0_.id as id1_1_, person0_.DRIVERS_LICENSE_ID as DRIVERS_4_1_, person0_.first_name as first_na2_1_, person0_.last_name as last_nam3_1_ from Person person0_
Hibernate: select person0_.id as id1_1_, person0_.DRIVERS_LICENSE_ID as DRIVERS_4_1_, person0_.first_name as first_na2_1_, person0_.last_name as last_nam3_1_ from Person person0_
Hibernate: select person0_.id as id1_1_, person0_.DRIVERS_LICENSE_ID as DRIVERS_4_1_, person0_.first_name as first_na2_1_, person0_.last_name as last_nam3_1_ from Person person0_
Hibernate: select person0_.id as id1_1_0_, person0_.DRIVERS_LICENSE_ID as DRIVERS_4_1_0_, person0_.first_name as first_na2_1_0_, person0_.last_name as last_nam3_1_0_ from Person person0_ where person0_.id=?
Hibernate: call next value for hibernate_sequence
Hibernate: insert into Person (DRIVERS_LICENSE_ID, first_name, last_name, id) values (?, ?, ?, ?)
Hibernate: select person0_.id as id1_1_, person0_.DRIVERS_LICENSE_ID as DRIVERS_4_1_, person0_.first_name as first_na2_1_, person0_.last_name as last_nam3_1_ from Person person0_
Hibernate: select person0_.id as id1_1_, person0_.DRIVERS_LICENSE_ID as DRIVERS_4_1_, person0_.first_name as first_na2_1_, person0_.last_name as last_nam3_1_ from Person person0_
Hibernate: select person0_.id as id1_1_, person0_.DRIVERS_LICENSE_ID as DRIVERS_4_1_, person0_.first_name as first_na2_1_, person0_.last_name as last_nam3_1_ from Person person0_
Hibernate: select person0_.id as id1_1_, person0_.DRIVERS_LICENSE_ID as DRIVERS_4_1_, person0_.first_name as first_na2_1_, person0_.last_name as last_nam3_1_ from Person person0_
Hibernate: select person0_.id as id1_1_, person0_.DRIVERS_LICENSE_ID as DRIVERS_4_1_, person0_.first_name as first_na2_1_, person0_.last_name as last_nam3_1_ from Person person0_
Hibernate: select person0_.id as id1_1_, person0_.DRIVERS_LICENSE_ID as DRIVERS_4_1_, person0_.first_name as first_na2_1_, person0_.last_name as last_nam3_1_ from Person person0_
Hibernate: select person0_.id as id1_1_, person0_.DRIVERS_LICENSE_ID as DRIVERS_4_1_, person0_.first_name as first_na2_1_, person0_.last_name as last_nam3_1_ from Person person0_
09:54:07.191 [Test worker] ERROR org.hibernate.hql.internal.ast.ErrorCounter - line 1:1: unexpected token: It
09:54:07.206 [Test worker] ERROR org.hibernate.hql.internal.ast.ErrorCounter - line 1:1: unexpected token: It
antlr.NoViableAltException: unexpected token: It
	at org.hibernate.hql.internal.antlr.HqlBaseParser.statement(HqlBaseParser.java:210) [hibernate-core-5.2.18.Final.jar:5.2.18.Final]
	at org.hibernate.hql.internal.ast.QueryTranslatorImpl.parse(QueryTranslatorImpl.java:284) [hibernate-core-5.2.18.Final.jar:5.2.18.Final]
	at org.hibernate.hql.internal.ast.QueryTranslatorImpl.doCompile(QueryTranslatorImpl.java:186) [hibernate-core-5.2.18.Final.jar:5.2.18.Final]
	at org.hibernate.hql.internal.ast.QueryTranslatorImpl.compile(QueryTranslatorImpl.java:141) [hibernate-core-5.2.18.Final.jar:5.2.18.Final]
	at org.hibernate.engine.query.spi.HQLQueryPlan.<init>(HQLQueryPlan.java:115) [hibernate-core-5.2.18.Final.jar:5.2.18.Final]
	at org.hibernate.engine.query.spi.HQLQueryPlan.<init>(HQLQueryPlan.java:77) [hibernate-core-5.2.18.Final.jar:5.2.18.Final]
	at org.hibernate.engine.query.spi.QueryPlanCache.getHQLQueryPlan(QueryPlanCache.java:153) [hibernate-core-5.2.18.Final.jar:5.2.18.Final]
	at org.hibernate.internal.AbstractSharedSessionContract.getQueryPlan(AbstractSharedSessionContract.java:553) [hibernate-core-5.2.18.Final.jar:5.2.18.Final]
	at org.hibernate.internal.AbstractSharedSessionContract.createQuery(AbstractSharedSessionContract.java:662) [hibernate-core-5.2.18.Final.jar:5.2.18.Final]
	at org.hibernate.internal.AbstractSessionImpl.createQuery(AbstractSessionImpl.java:23) [hibernate-core-5.2.18.Final.jar:5.2.18.Final]
	at sun.reflect.GeneratedMethodAccessor36.invoke(Unknown Source) ~[?:?]
	at sun.reflect.DelegatingMethodAccessorImpl.invoke(DelegatingMethodAccessorImpl.java:43) ~[?:1.8.0_271]
	at java.lang.reflect.Method.invoke(Method.java:498) ~[?:1.8.0_271]
	at org.springframework.orm.jpa.SharedEntityManagerCreator$SharedEntityManagerInvocationHandler.invoke(SharedEntityManagerCreator.java:305) [main/:?]
	at com.sun.proxy.$Proxy61.createQuery(Unknown Source) [?:?]
	at org.springframework.orm.jpa.AbstractContainerEntityManagerFactoryIntegrationTests.testBogusQuery(AbstractContainerEntityManagerFactoryIntegrationTests.java:96) [test/:?]
	at sun.reflect.NativeMethodAccessorImpl.invoke0(Native Method) ~[?:1.8.0_271]
	at sun.reflect.NativeMethodAccessorImpl.invoke(NativeMethodAccessorImpl.java:62) ~[?:1.8.0_271]
	at sun.reflect.DelegatingMethodAccessorImpl.invoke(DelegatingMethodAccessorImpl.java:43) ~[?:1.8.0_271]
	at java.lang.reflect.Method.invoke(Method.java:498) ~[?:1.8.0_271]
	at org.junit.runners.model.FrameworkMethod$1.runReflectiveCall(FrameworkMethod.java:50) [junit-4.12.jar:4.12]
	at org.junit.internal.runners.model.ReflectiveCallable.run(ReflectiveCallable.java:12) [junit-4.12.jar:4.12]
	at org.junit.runners.model.FrameworkMethod.invokeExplosively(FrameworkMethod.java:47) [junit-4.12.jar:4.12]
	at org.junit.internal.runners.statements.InvokeMethod.evaluate(InvokeMethod.java:17) [junit-4.12.jar:4.12]
	at org.junit.internal.runners.statements.RunBefores.evaluate(RunBefores.java:26) [junit-4.12.jar:4.12]
	at org.junit.internal.runners.statements.RunAfters.evaluate(RunAfters.java:27) [junit-4.12.jar:4.12]
	at org.junit.runners.ParentRunner.runLeaf(ParentRunner.java:325) [junit-4.12.jar:4.12]
	at org.junit.runners.BlockJUnit4ClassRunner.runChild(BlockJUnit4ClassRunner.java:78) [junit-4.12.jar:4.12]
	at org.junit.runners.BlockJUnit4ClassRunner.runChild(BlockJUnit4ClassRunner.java:57) [junit-4.12.jar:4.12]
	at org.junit.runners.ParentRunner$3.run(ParentRunner.java:290) [junit-4.12.jar:4.12]
	at org.junit.runners.ParentRunner$1.schedule(ParentRunner.java:71) [junit-4.12.jar:4.12]
	at org.junit.runners.ParentRunner.runChildren(ParentRunner.java:288) [junit-4.12.jar:4.12]
	at org.junit.runners.ParentRunner.access$000(ParentRunner.java:58) [junit-4.12.jar:4.12]
	at org.junit.runners.ParentRunner$2.evaluate(ParentRunner.java:268) [junit-4.12.jar:4.12]
	at org.junit.internal.runners.statements.RunAfters.evaluate(RunAfters.java:27) [junit-4.12.jar:4.12]
	at org.junit.runners.ParentRunner.run(ParentRunner.java:363) [junit-4.12.jar:4.12]
	at org.gradle.api.internal.tasks.testing.junit.JUnitTestClassExecuter.runTestClass(JUnitTestClassExecuter.java:114) [gradle-testing-jvm-4.4.1.jar:4.4.1]
	at org.gradle.api.internal.tasks.testing.junit.JUnitTestClassExecuter.execute(JUnitTestClassExecuter.java:57) [gradle-testing-jvm-4.4.1.jar:4.4.1]
	at org.gradle.api.internal.tasks.testing.junit.JUnitTestClassProcessor.processTestClass(JUnitTestClassProcessor.java:66) [gradle-testing-jvm-4.4.1.jar:4.4.1]
	at org.gradle.api.internal.tasks.testing.SuiteTestClassProcessor.processTestClass(SuiteTestClassProcessor.java:51) [gradle-testing-base-4.4.1.jar:4.4.1]
	at sun.reflect.NativeMethodAccessorImpl.invoke0(Native Method) ~[?:1.8.0_271]
	at sun.reflect.NativeMethodAccessorImpl.invoke(NativeMethodAccessorImpl.java:62) ~[?:1.8.0_271]
	at sun.reflect.DelegatingMethodAccessorImpl.invoke(DelegatingMethodAccessorImpl.java:43) ~[?:1.8.0_271]
	at java.lang.reflect.Method.invoke(Method.java:498) ~[?:1.8.0_271]
	at org.gradle.internal.dispatch.ReflectionDispatch.dispatch(ReflectionDispatch.java:35) [gradle-messaging-4.4.1.jar:4.4.1]
	at org.gradle.internal.dispatch.ReflectionDispatch.dispatch(ReflectionDispatch.java:24) [gradle-messaging-4.4.1.jar:4.4.1]
	at org.gradle.internal.dispatch.ContextClassLoaderDispatch.dispatch(ContextClassLoaderDispatch.java:32) [gradle-messaging-4.4.1.jar:4.4.1]
	at org.gradle.internal.dispatch.ProxyDispatchAdapter$DispatchingInvocationHandler.invoke(ProxyDispatchAdapter.java:93) [gradle-messaging-4.4.1.jar:4.4.1]
	at com.sun.proxy.$Proxy1.processTestClass(Unknown Source) [?:?]
	at org.gradle.api.internal.tasks.testing.worker.TestWorker.processTestClass(TestWorker.java:108) [gradle-testing-base-4.4.1.jar:4.4.1]
	at sun.reflect.NativeMethodAccessorImpl.invoke0(Native Method) ~[?:1.8.0_271]
	at sun.reflect.NativeMethodAccessorImpl.invoke(NativeMethodAccessorImpl.java:62) ~[?:1.8.0_271]
	at sun.reflect.DelegatingMethodAccessorImpl.invoke(DelegatingMethodAccessorImpl.java:43) ~[?:1.8.0_271]
	at java.lang.reflect.Method.invoke(Method.java:498) ~[?:1.8.0_271]
	at org.gradle.internal.dispatch.ReflectionDispatch.dispatch(ReflectionDispatch.java:35) [gradle-messaging-4.4.1.jar:4.4.1]
	at org.gradle.internal.dispatch.ReflectionDispatch.dispatch(ReflectionDispatch.java:24) [gradle-messaging-4.4.1.jar:4.4.1]
	at org.gradle.internal.remote.internal.hub.MessageHubBackedObjectConnection$DispatchWrapper.dispatch(MessageHubBackedObjectConnection.java:146) [gradle-messaging-4.4.1.jar:4.4.1]
	at org.gradle.internal.remote.internal.hub.MessageHubBackedObjectConnection$DispatchWrapper.dispatch(MessageHubBackedObjectConnection.java:128) [gradle-messaging-4.4.1.jar:4.4.1]
	at org.gradle.internal.remote.internal.hub.MessageHub$Handler.run(MessageHub.java:404) [gradle-messaging-4.4.1.jar:4.4.1]
	at org.gradle.internal.concurrent.ExecutorPolicy$CatchAndRecordFailures.onExecute(ExecutorPolicy.java:63) [gradle-base-services-4.4.1.jar:4.4.1]
	at org.gradle.internal.concurrent.ManagedExecutorImpl$1.run(ManagedExecutorImpl.java:46) [gradle-base-services-4.4.1.jar:4.4.1]
	at java.util.concurrent.ThreadPoolExecutor.runWorker(ThreadPoolExecutor.java:1149) [?:1.8.0_271]
	at java.util.concurrent.ThreadPoolExecutor$Worker.run(ThreadPoolExecutor.java:624) [?:1.8.0_271]
	at org.gradle.internal.concurrent.ThreadFactoryImpl$ManagedThreadRunnable.run(ThreadFactoryImpl.java:55) [gradle-base-services-4.4.1.jar:4.4.1]
	at java.lang.Thread.run(Thread.java:748) [?:1.8.0_271]
Hibernate: call next value for hibernate_sequence
Hibernate: insert into DRIVERS_LICENSE (serial_number, id) values (?, ?)
Hibernate: insert into Person (DRIVERS_LICENSE_ID, first_name, last_name, id) values (?, ?, ?, ?)
Hibernate: select person0_.id as id1_1_0_, person0_.DRIVERS_LICENSE_ID as DRIVERS_4_1_0_, person0_.first_name as first_na2_1_0_, person0_.last_name as last_nam3_1_0_ from Person person0_ where person0_.id=?
Hibernate: select driverslic0_.id as id1_0_0_, driverslic0_.serial_number as serial_n2_0_0_ from DRIVERS_LICENSE driverslic0_ where driverslic0_.id=?
]]></system-out>
  <system-err><![CDATA[]]></system-err>
</testsuite>
