<?xml version="1.0" encoding="UTF-8"?>
<testsuite name="org.springframework.context.index.CandidateComponentsIndexerTests" tests="24" skipped="0" failures="0" errors="0" timestamp="2021-04-16T01:49:10" hostname="DESKTOP-3R4DVF7" time="9.967">
  <properties/>
  <testcase name="persistenceEmbeddable" classname="org.springframework.context.index.CandidateComponentsIndexerTests" time="1.198"/>
  <testcase name="stereotypeService" classname="org.springframework.context.index.CandidateComponentsIndexerTests" time="0.398"/>
  <testcase name="cdiNamed" classname="org.springframework.context.index.CandidateComponentsIndexerTests" time="0.421"/>
  <testcase name="typeStereotypeFromInterfaceFromSuperClass" classname="org.springframework.context.index.CandidateComponentsIndexerTests" time="0.231"/>
  <testcase name="typeStereotypeOnIndexedInterface" classname="org.springframework.context.index.CandidateComponentsIndexerTests" time="0.316"/>
  <testcase name="stereotypeRepository" classname="org.springframework.context.index.CandidateComponentsIndexerTests" time="0.4"/>
  <testcase name="stereotypeControllerMetaAnnotation" classname="org.springframework.context.index.CandidateComponentsIndexerTests" time="0.31"/>
  <testcase name="embeddedNonStaticCandidateAreIgnored" classname="org.springframework.context.index.CandidateComponentsIndexerTests" time="0.222"/>
  <testcase name="noAnnotation" classname="org.springframework.context.index.CandidateComponentsIndexerTests" time="1.254"/>
  <testcase name="typeStereotypeFromMetaInterface" classname="org.springframework.context.index.CandidateComponentsIndexerTests" time="0.308"/>
  <testcase name="stereotypeOnAbstractClass" classname="org.springframework.context.index.CandidateComponentsIndexerTests" time="0.3"/>
  <testcase name="typeStereotypeFromSeveralInterfaces" classname="org.springframework.context.index.CandidateComponentsIndexerTests" time="0.277"/>
  <testcase name="typeStereotypeOnInterfaceFromSeveralInterfaces" classname="org.springframework.context.index.CandidateComponentsIndexerTests" time="0.385"/>
  <testcase name="cdiManagedBean" classname="org.springframework.context.index.CandidateComponentsIndexerTests" time="0.492"/>
  <testcase name="embeddedCandidatesAreDetected" classname="org.springframework.context.index.CandidateComponentsIndexerTests" time="0.239"/>
  <testcase name="stereotypeControllerMetaIndex" classname="org.springframework.context.index.CandidateComponentsIndexerTests" time="0.318"/>
  <testcase name="persistenceEntity" classname="org.springframework.context.index.CandidateComponentsIndexerTests" time="0.405"/>
  <testcase name="packageInfo" classname="org.springframework.context.index.CandidateComponentsIndexerTests" time="0.186"/>
  <testcase name="persistenceConverter" classname="org.springframework.context.index.CandidateComponentsIndexerTests" time="0.407"/>
  <testcase name="typeStereotypeOnInterface" classname="org.springframework.context.index.CandidateComponentsIndexerTests" time="0.207"/>
  <testcase name="persistenceMappedSuperClass" classname="org.springframework.context.index.CandidateComponentsIndexerTests" time="0.406"/>
  <testcase name="stereotypeController" classname="org.springframework.context.index.CandidateComponentsIndexerTests" time="0.389"/>
  <testcase name="noCandidate" classname="org.springframework.context.index.CandidateComponentsIndexerTests" time="0.665"/>
  <testcase name="stereotypeComponent" classname="org.springframework.context.index.CandidateComponentsIndexerTests" time="0.226"/>
  <system-out><![CDATA[]]></system-out>
  <system-err><![CDATA[]]></system-err>
</testsuite>
