<?xml version="1.0" encoding="UTF-8"?>
<testsuite name="org.springframework.beans.CachedIntrospectionResultsTests" tests="3" skipped="0" failures="0" errors="0" timestamp="2021-04-16T01:47:39" hostname="DESKTOP-3R4DVF7" time="0.034">
  <properties/>
  <testcase name="acceptAndClearClassLoader" classname="org.springframework.beans.CachedIntrospectionResultsTests" time="0.027"/>
  <testcase name="clearClassLoaderForSystemClassLoader" classname="org.springframework.beans.CachedIntrospectionResultsTests" time="0.005"/>
  <testcase name="shouldUseExtendedBeanInfoWhenApplicable" classname="org.springframework.beans.CachedIntrospectionResultsTests" time="0.002"/>
  <system-out><![CDATA[]]></system-out>
  <system-err><![CDATA[]]></system-err>
</testsuite>
