<?xml version="1.0" encoding="UTF-8"?>
<testsuite name="org.springframework.beans.propertyeditors.ResourceBundleEditorTests" tests="9" skipped="0" failures="0" errors="0" timestamp="2021-04-16T01:47:44" hostname="DESKTOP-3R4DVF7" time="0.089">
  <properties/>
  <testcase name="testSetAsTextWithNull" classname="org.springframework.beans.propertyeditors.ResourceBundleEditorTests" time="0.003"/>
  <testcase name="testSetAsTextWithEmptyString" classname="org.springframework.beans.propertyeditors.ResourceBundleEditorTests" time="0.0"/>
  <testcase name="testSetAsTextWithTheKitchenSink" classname="org.springframework.beans.propertyeditors.ResourceBundleEditorTests" time="0.028"/>
  <testcase name="testSetAsTextWithBaseNameAndLanguageCode" classname="org.springframework.beans.propertyeditors.ResourceBundleEditorTests" time="0.011"/>
  <testcase name="testSetAsTextWithWhiteSpaceString" classname="org.springframework.beans.propertyeditors.ResourceBundleEditorTests" time="0.0"/>
  <testcase name="testSetAsTextWithBaseNameLanguageAndCountryCode" classname="org.springframework.beans.propertyeditors.ResourceBundleEditorTests" time="0.018"/>
  <testcase name="testSetAsTextWithBaseNameThatEndsInDefaultSeparator" classname="org.springframework.beans.propertyeditors.ResourceBundleEditorTests" time="0.028"/>
  <testcase name="testSetAsTextWithJustBaseName" classname="org.springframework.beans.propertyeditors.ResourceBundleEditorTests" time="0.0"/>
  <testcase name="testSetAsTextWithJustSeparatorString" classname="org.springframework.beans.propertyeditors.ResourceBundleEditorTests" time="0.0"/>
  <system-out><![CDATA[]]></system-out>
  <system-err><![CDATA[]]></system-err>
</testsuite>
