<?xml version="1.0" encoding="UTF-8"?>
<testsuite name="org.springframework.beans.factory.xml.SimplePropertyNamespaceHandlerTests" tests="4" skipped="0" failures="0" errors="0" timestamp="2021-04-16T01:47:43" hostname="DESKTOP-3R4DVF7" time="0.038">
  <properties/>
  <testcase name="simpleBeanConfigured" classname="org.springframework.beans.factory.xml.SimplePropertyNamespaceHandlerTests" time="0.01"/>
  <testcase name="propertyWithNameEndingInRef" classname="org.springframework.beans.factory.xml.SimplePropertyNamespaceHandlerTests" time="0.007"/>
  <testcase name="withPropertyDefinedTwice" classname="org.springframework.beans.factory.xml.SimplePropertyNamespaceHandlerTests" time="0.011"/>
  <testcase name="innerBeanConfigured" classname="org.springframework.beans.factory.xml.SimplePropertyNamespaceHandlerTests" time="0.01"/>
  <system-out><![CDATA[]]></system-out>
  <system-err><![CDATA[]]></system-err>
</testsuite>
