<?xml version="1.0" encoding="UTF-8"?>
<testsuite name="org.springframework.beans.factory.xml.SchemaValidationTests" tests="3" skipped="0" failures="0" errors="0" timestamp="2021-04-16T01:47:43" hostname="DESKTOP-3R4DVF7" time="0.03">
  <properties/>
  <testcase name="withAutodetection" classname="org.springframework.beans.factory.xml.SchemaValidationTests" time="0.012"/>
  <testcase name="loadDefinitions" classname="org.springframework.beans.factory.xml.SchemaValidationTests" time="0.013"/>
  <testcase name="withExplicitValidationMode" classname="org.springframework.beans.factory.xml.SchemaValidationTests" time="0.005"/>
  <system-out><![CDATA[]]></system-out>
  <system-err><![CDATA[]]></system-err>
</testsuite>
