<?xml version="1.0" encoding="UTF-8"?>
<testsuite name="org.springframework.beans.factory.BeanFactoryExtensionsTests" tests="3" skipped="0" failures="0" errors="0" timestamp="2021-04-16T01:47:49" hostname="DESKTOP-3R4DVF7" time="0.021">
  <properties/>
  <testcase name="getBean with reified type parameters and varargs" classname="org.springframework.beans.factory.BeanFactoryExtensionsTests" time="0.016"/>
  <testcase name="getBean with reified type parameters" classname="org.springframework.beans.factory.BeanFactoryExtensionsTests" time="0.0"/>
  <testcase name="getBean with String and reified type parameters" classname="org.springframework.beans.factory.BeanFactoryExtensionsTests" time="0.0"/>
  <system-out><![CDATA[]]></system-out>
  <system-err><![CDATA[]]></system-err>
</testsuite>
