<?xml version="1.0" encoding="UTF-8"?>
<testsuite name="org.springframework.beans.factory.config.CustomEditorConfigurerTests" tests="3" skipped="0" failures="0" errors="0" timestamp="2021-04-16T01:47:41" hostname="DESKTOP-3R4DVF7" time="0.008">
  <properties/>
  <testcase name="testCustomEditorConfigurerWithPropertyEditorRegistrar" classname="org.springframework.beans.factory.config.CustomEditorConfigurerTests" time="0.005"/>
  <testcase name="testCustomEditorConfigurerWithEditorAsClass" classname="org.springframework.beans.factory.config.CustomEditorConfigurerTests" time="0.002"/>
  <testcase name="testCustomEditorConfigurerWithRequiredTypeArray" classname="org.springframework.beans.factory.config.CustomEditorConfigurerTests" time="0.001"/>
  <system-out><![CDATA[]]></system-out>
  <system-err><![CDATA[]]></system-err>
</testsuite>
