<?xml version="1.0" encoding="UTF-8"?>
<testsuite name="org.springframework.beans.factory.config.PropertyPlaceholderConfigurerTests" tests="11" skipped="0" failures="0" errors="0" timestamp="2021-04-16T01:47:41" hostname="DESKTOP-3R4DVF7" time="0.008">
  <properties/>
  <testcase name="resolveFromSystemProperties" classname="org.springframework.beans.factory.config.PropertyPlaceholderConfigurerTests" time="0.004"/>
  <testcase name="twoPlaceholderConfigurers_withConflictingSettings" classname="org.springframework.beans.factory.config.PropertyPlaceholderConfigurerTests" time="0.001"/>
  <testcase name="resolveFromLocalProperties" classname="org.springframework.beans.factory.config.PropertyPlaceholderConfigurerTests" time="0.0"/>
  <testcase name="setSystemSystemPropertiesMode_toOverride_andResolveFromSystemProperties" classname="org.springframework.beans.factory.config.PropertyPlaceholderConfigurerTests" time="0.0"/>
  <testcase name="setSystemSystemPropertiesMode_toOverride_andSetSearchSystemEnvironment_toFalse" classname="org.springframework.beans.factory.config.PropertyPlaceholderConfigurerTests" time="0.0"/>
  <testcase name="customPlaceholderPrefixAndSuffix" classname="org.springframework.beans.factory.config.PropertyPlaceholderConfigurerTests" time="0.001"/>
  <testcase name="nullValueIsPreserved" classname="org.springframework.beans.factory.config.PropertyPlaceholderConfigurerTests" time="0.0"/>
  <testcase name="setSystemPropertiesMode_defaultIsFallback" classname="org.springframework.beans.factory.config.PropertyPlaceholderConfigurerTests" time="0.0"/>
  <testcase name="localPropertiesViaResource" classname="org.springframework.beans.factory.config.PropertyPlaceholderConfigurerTests" time="0.001"/>
  <testcase name="trimValuesIsOffByDefault" classname="org.springframework.beans.factory.config.PropertyPlaceholderConfigurerTests" time="0.0"/>
  <testcase name="trimValuesIsApplied" classname="org.springframework.beans.factory.config.PropertyPlaceholderConfigurerTests" time="0.0"/>
  <system-out><![CDATA[]]></system-out>
  <system-err><![CDATA[]]></system-err>
</testsuite>
