<?xml version="1.0" encoding="UTF-8"?>
<testsuite name="org.springframework.beans.support.PropertyComparatorTests" tests="4" skipped="0" failures="0" errors="0" timestamp="2021-04-16T01:47:44" hostname="DESKTOP-3R4DVF7" time="0.02">
  <properties/>
  <testcase name="testPropertyComparatorNulls" classname="org.springframework.beans.support.PropertyComparatorTests" time="0.019"/>
  <testcase name="testChainedComparatorsReversed" classname="org.springframework.beans.support.PropertyComparatorTests" time="0.001"/>
  <testcase name="testPropertyComparator" classname="org.springframework.beans.support.PropertyComparatorTests" time="0.0"/>
  <testcase name="testChainedComparators" classname="org.springframework.beans.support.PropertyComparatorTests" time="0.0"/>
  <system-out><![CDATA[]]></system-out>
  <system-err><![CDATA[]]></system-err>
</testsuite>
