<?xml version="1.0" encoding="UTF-8"?>
<testsuite name="org.springframework.beans.propertyeditors.BeanInfoTests" tests="1" skipped="0" failures="0" errors="0" timestamp="2021-04-16T01:47:44" hostname="DESKTOP-3R4DVF7" time="0.009">
  <properties/>
  <testcase name="testComplexObject" classname="org.springframework.beans.propertyeditors.BeanInfoTests" time="0.009"/>
  <system-out><![CDATA[]]></system-out>
  <system-err><![CDATA[]]></system-err>
</testsuite>
