<?xml version="1.0" encoding="UTF-8"?>
<testsuite name="org.springframework.beans.factory.support.Spr8954Tests" tests="3" skipped="0" failures="0" errors="0" timestamp="2021-04-16T01:47:42" hostname="DESKTOP-3R4DVF7" time="0.038">
  <properties/>
  <testcase name="repro" classname="org.springframework.beans.factory.support.Spr8954Tests" time="0.038"/>
  <testcase name="findsFactoryBeanNameByTypeWithoutInstantiation" classname="org.springframework.beans.factory.support.Spr8954Tests" time="0.0"/>
  <testcase name="findsBeansByTypeIfNotInstantiated" classname="org.springframework.beans.factory.support.Spr8954Tests" time="0.0"/>
  <system-out><![CDATA[]]></system-out>
  <system-err><![CDATA[]]></system-err>
</testsuite>
