<?xml version="1.0" encoding="UTF-8"?>
<testsuite name="org.springframework.beans.propertyeditors.PathEditorTests" tests="6" skipped="0" failures="0" errors="0" timestamp="2021-04-16T01:47:44" hostname="DESKTOP-3R4DVF7" time="0.01">
  <properties/>
  <testcase name="testUnqualifiedPathNameFound" classname="org.springframework.beans.propertyeditors.PathEditorTests" time="0.001"/>
  <testcase name="testUnqualifiedPathNameNotFound" classname="org.springframework.beans.propertyeditors.PathEditorTests" time="0.005"/>
  <testcase name="testAbsolutePath" classname="org.springframework.beans.propertyeditors.PathEditorTests" time="0.001"/>
  <testcase name="testWithNonExistentResource" classname="org.springframework.beans.propertyeditors.PathEditorTests" time="0.002"/>
  <testcase name="testWithNonExistentPath" classname="org.springframework.beans.propertyeditors.PathEditorTests" time="0.001"/>
  <testcase name="testClasspathPathName" classname="org.springframework.beans.propertyeditors.PathEditorTests" time="0.0"/>
  <system-out><![CDATA[]]></system-out>
  <system-err><![CDATA[]]></system-err>
</testsuite>
