<?xml version="1.0" encoding="UTF-8"?>
<testsuite name="org.springframework.beans.factory.parsing.PropertyEntryTests" tests="3" skipped="0" failures="0" errors="0" timestamp="2021-04-16T01:47:42" hostname="DESKTOP-3R4DVF7" time="0.0">
  <properties/>
  <testcase name="testCtorBailsOnEmptyPropertyNameArgument" classname="org.springframework.beans.factory.parsing.PropertyEntryTests" time="0.0"/>
  <testcase name="testCtorBailsOnWhitespacedPropertyNameArgument" classname="org.springframework.beans.factory.parsing.PropertyEntryTests" time="0.0"/>
  <testcase name="testCtorBailsOnNullPropertyNameArgument" classname="org.springframework.beans.factory.parsing.PropertyEntryTests" time="0.0"/>
  <system-out><![CDATA[]]></system-out>
  <system-err><![CDATA[]]></system-err>
</testsuite>
