<?xml version="1.0" encoding="UTF-8"?>
<testsuite name="org.springframework.beans.factory.config.YamlProcessorTests" tests="8" skipped="0" failures="0" errors="0" timestamp="2021-04-16T01:47:41" hostname="DESKTOP-3R4DVF7" time="0.011">
  <properties/>
  <testcase name="arrayConvertedToIndexedBeanReference" classname="org.springframework.beans.factory.config.YamlProcessorTests" time="0.004"/>
  <testcase name="integerKeyBehaves" classname="org.springframework.beans.factory.config.YamlProcessorTests" time="0.0"/>
  <testcase name="integerDeepKeyBehaves" classname="org.springframework.beans.factory.config.YamlProcessorTests" time="0.0"/>
  <testcase name="mapConvertedToIndexedBeanReference" classname="org.springframework.beans.factory.config.YamlProcessorTests" time="0.001"/>
  <testcase name="testBadDocumentStart" classname="org.springframework.beans.factory.config.YamlProcessorTests" time="0.003"/>
  <testcase name="testBadResource" classname="org.springframework.beans.factory.config.YamlProcessorTests" time="0.001"/>
  <testcase name="flattenedMapIsSameAsPropertiesButOrdered" classname="org.springframework.beans.factory.config.YamlProcessorTests" time="0.0"/>
  <testcase name="testStringResource" classname="org.springframework.beans.factory.config.YamlProcessorTests" time="0.001"/>
  <system-out><![CDATA[]]></system-out>
  <system-err><![CDATA[]]></system-err>
</testsuite>
