<?xml version="1.0" encoding="UTF-8"?>
<testsuite name="org.springframework.beans.BeanUtilsKotlinTests" tests="5" skipped="0" failures="0" errors="0" timestamp="2021-04-16T01:47:44" hostname="DESKTOP-3R4DVF7" time="3.349">
  <properties/>
  <testcase name="Instantiate immutable class with optional parameter and all parameters specified" classname="org.springframework.beans.BeanUtilsKotlinTests" time="3.309"/>
  <testcase name="Instantiate immutable class with optional parameter and only mandatory parameters specified by position" classname="org.springframework.beans.BeanUtilsKotlinTests" time="0.037"/>
  <testcase name="Instantiate immutable class with optional parameter specified with null value" classname="org.springframework.beans.BeanUtilsKotlinTests" time="0.0"/>
  <testcase name="Instantiate mutable class with declared constructor and default values for all parameters" classname="org.springframework.beans.BeanUtilsKotlinTests" time="0.003"/>
  <testcase name="Instantiate immutable class" classname="org.springframework.beans.BeanUtilsKotlinTests" time="0.0"/>
  <system-out><![CDATA[]]></system-out>
  <system-err><![CDATA[]]></system-err>
</testsuite>
