<?xml version="1.0" encoding="UTF-8"?>
<testsuite name="org.springframework.beans.propertyeditors.FileEditorTests" tests="6" skipped="0" failures="0" errors="0" timestamp="2021-04-16T01:47:44" hostname="DESKTOP-3R4DVF7" time="0.012">
  <properties/>
  <testcase name="testAbsoluteFileName" classname="org.springframework.beans.propertyeditors.FileEditorTests" time="0.005"/>
  <testcase name="testUnqualifiedFileNameFound" classname="org.springframework.beans.propertyeditors.FileEditorTests" time="0.0"/>
  <testcase name="testClasspathFileName" classname="org.springframework.beans.propertyeditors.FileEditorTests" time="0.0"/>
  <testcase name="testWithNonExistentResource" classname="org.springframework.beans.propertyeditors.FileEditorTests" time="0.0"/>
  <testcase name="testUnqualifiedFileNameNotFound" classname="org.springframework.beans.propertyeditors.FileEditorTests" time="0.005"/>
  <testcase name="testWithNonExistentFile" classname="org.springframework.beans.propertyeditors.FileEditorTests" time="0.001"/>
  <system-out><![CDATA[]]></system-out>
  <system-err><![CDATA[]]></system-err>
</testsuite>
