<?xml version="1.0" encoding="UTF-8"?>
<testsuite name="org.springframework.beans.factory.FactoryBeanLookupTests" tests="5" skipped="0" failures="0" errors="0" timestamp="2021-04-16T01:47:41" hostname="DESKTOP-3R4DVF7" time="0.037">
  <properties/>
  <testcase name="factoryBeanLookupByNameDereferencing" classname="org.springframework.beans.factory.FactoryBeanLookupTests" time="0.007"/>
  <testcase name="factoryBeanLookupByType" classname="org.springframework.beans.factory.FactoryBeanLookupTests" time="0.007"/>
  <testcase name="factoryBeanObjectLookupByName" classname="org.springframework.beans.factory.FactoryBeanLookupTests" time="0.007"/>
  <testcase name="factoryBeanObjectLookupByNameAndType" classname="org.springframework.beans.factory.FactoryBeanLookupTests" time="0.009"/>
  <testcase name="factoryBeanLookupByTypeAndNameDereference" classname="org.springframework.beans.factory.FactoryBeanLookupTests" time="0.007"/>
  <system-out><![CDATA[]]></system-out>
  <system-err><![CDATA[]]></system-err>
</testsuite>
