<?xml version="1.0" encoding="UTF-8"?>
<testsuite name="org.springframework.beans.factory.ListableBeanFactoryExtensionsTests" tests="9" skipped="0" failures="0" errors="0" timestamp="2021-04-16T01:47:49" hostname="DESKTOP-3R4DVF7" time="0.013">
  <properties/>
  <testcase name="findAnnotationOnBean with String and reified type parameters" classname="org.springframework.beans.factory.ListableBeanFactoryExtensionsTests" time="0.008"/>
  <testcase name="getBeansOfType with reified type parameters and Boolean" classname="org.springframework.beans.factory.ListableBeanFactoryExtensionsTests" time="0.002"/>
  <testcase name="getBeansOfType with reified type parameters" classname="org.springframework.beans.factory.ListableBeanFactoryExtensionsTests" time="0.0"/>
  <testcase name="getBeansOfType with reified type parameters, Boolean and Boolean" classname="org.springframework.beans.factory.ListableBeanFactoryExtensionsTests" time="0.0"/>
  <testcase name="getBeansWithAnnotation with reified type parameters" classname="org.springframework.beans.factory.ListableBeanFactoryExtensionsTests" time="0.0"/>
  <testcase name="getBeanNamesForAnnotation with reified type parameters" classname="org.springframework.beans.factory.ListableBeanFactoryExtensionsTests" time="0.001"/>
  <testcase name="getBeanNamesForType with reified type parameters" classname="org.springframework.beans.factory.ListableBeanFactoryExtensionsTests" time="0.0"/>
  <testcase name="getBeanNamesForType with reified type parameters, Boolean and Boolean" classname="org.springframework.beans.factory.ListableBeanFactoryExtensionsTests" time="0.0"/>
  <testcase name="getBeanNamesForType with reified type parameters and Boolean" classname="org.springframework.beans.factory.ListableBeanFactoryExtensionsTests" time="0.0"/>
  <system-out><![CDATA[]]></system-out>
  <system-err><![CDATA[]]></system-err>
</testsuite>
