<?xml version="1.0" encoding="UTF-8"?>
<testsuite name="org.springframework.beans.factory.wiring.BeanConfigurerSupportTests" tests="6" skipped="0" failures="0" errors="0" timestamp="2021-04-16T01:47:42" hostname="DESKTOP-3R4DVF7" time="0.03">
  <properties/>
  <testcase name="configureBeanPerformsAutowiringByTypeIfAppropriateBeanWiringInfoResolverIsPluggedIn" classname="org.springframework.beans.factory.wiring.BeanConfigurerSupportTests" time="0.012"/>
  <testcase name="configureBeanReallyDoesDefaultToUsingTheFullyQualifiedClassNameOfTheSuppliedBeanInstance" classname="org.springframework.beans.factory.wiring.BeanConfigurerSupportTests" time="0.0"/>
  <testcase name="configureBeanDoesNothingIfBeanWiringInfoResolverResolvesToNull" classname="org.springframework.beans.factory.wiring.BeanConfigurerSupportTests" time="0.0"/>
  <testcase name="configureBeanPerformsAutowiringByNameIfAppropriateBeanWiringInfoResolverIsPluggedIn" classname="org.springframework.beans.factory.wiring.BeanConfigurerSupportTests" time="0.002"/>
  <testcase name="supplyIncompatibleBeanFactoryImplementation" classname="org.springframework.beans.factory.wiring.BeanConfigurerSupportTests" time="0.016"/>
  <testcase name="configureBeanDoesNothingIfNoBeanFactoryHasBeenSet" classname="org.springframework.beans.factory.wiring.BeanConfigurerSupportTests" time="0.0"/>
  <system-out><![CDATA[]]></system-out>
  <system-err><![CDATA[]]></system-err>
</testsuite>
