<?xml version="1.0" encoding="UTF-8"?>
<testsuite name="org.springframework.beans.factory.config.PropertiesFactoryBeanTests" tests="7" skipped="0" failures="0" errors="0" timestamp="2021-04-16T01:47:41" hostname="DESKTOP-3R4DVF7" time="0.008">
  <properties/>
  <testcase name="testWithPrototype" classname="org.springframework.beans.factory.config.PropertiesFactoryBeanTests" time="0.003"/>
  <testcase name="testWithPropertiesFileAndMultipleLocalProperties" classname="org.springframework.beans.factory.config.PropertiesFactoryBeanTests" time="0.001"/>
  <testcase name="testWithPropertiesXmlFile" classname="org.springframework.beans.factory.config.PropertiesFactoryBeanTests" time="0.003"/>
  <testcase name="testWithPropertiesFileAndLocalProperties" classname="org.springframework.beans.factory.config.PropertiesFactoryBeanTests" time="0.0"/>
  <testcase name="testWithLocalProperties" classname="org.springframework.beans.factory.config.PropertiesFactoryBeanTests" time="0.0"/>
  <testcase name="testWithPropertiesFile" classname="org.springframework.beans.factory.config.PropertiesFactoryBeanTests" time="0.0"/>
  <testcase name="testWithPropertiesFileAndLocalPropertiesAndLocalOverride" classname="org.springframework.beans.factory.config.PropertiesFactoryBeanTests" time="0.0"/>
  <system-out><![CDATA[]]></system-out>
  <system-err><![CDATA[]]></system-err>
</testsuite>
