<?xml version="1.0" encoding="UTF-8"?>
<testsuite name="org.springframework.beans.support.PagedListHolderTests" tests="1" skipped="1" failures="0" errors="0" timestamp="2021-04-16T01:47:44" hostname="DESKTOP-3R4DVF7" time="0.001">
  <properties/>
  <testcase name="testPagedListHolder" classname="org.springframework.beans.support.PagedListHolderTests" time="0.001">
    <skipped/>
  </testcase>
  <system-out><![CDATA[]]></system-out>
  <system-err><![CDATA[]]></system-err>
</testsuite>
