<?xml version="1.0" encoding="UTF-8"?>
<testsuite name="org.springframework.beans.factory.xml.AutowireWithExclusionTests" tests="10" skipped="0" failures="0" errors="0" timestamp="2021-04-16T01:47:42" hostname="DESKTOP-3R4DVF7" time="0.106">
  <properties/>
  <testcase name="byTypeAutowireWithInclusion" classname="org.springframework.beans.factory.xml.AutowireWithExclusionTests" time="0.045"/>
  <testcase name="byTypeAutowireWithAutoSelfExclusion" classname="org.springframework.beans.factory.xml.AutowireWithExclusionTests" time="0.009"/>
  <testcase name="byTypeAutowireWithPrimaryOverridingParentFactory" classname="org.springframework.beans.factory.xml.AutowireWithExclusionTests" time="0.007"/>
  <testcase name="constructorAutowireWithAutoSelfExclusion" classname="org.springframework.beans.factory.xml.AutowireWithExclusionTests" time="0.006"/>
  <testcase name="constructorAutowireWithExclusion" classname="org.springframework.beans.factory.xml.AutowireWithExclusionTests" time="0.004"/>
  <testcase name="byTypeAutowireWithExclusionInParentFactory" classname="org.springframework.beans.factory.xml.AutowireWithExclusionTests" time="0.005"/>
  <testcase name="byTypeAutowireWithPrimaryInParentAndChild" classname="org.springframework.beans.factory.xml.AutowireWithExclusionTests" time="0.007"/>
  <testcase name="byTypeAutowireWithPrimaryInParentFactory" classname="org.springframework.beans.factory.xml.AutowireWithExclusionTests" time="0.005"/>
  <testcase name="byTypeAutowireWithExclusion" classname="org.springframework.beans.factory.xml.AutowireWithExclusionTests" time="0.006"/>
  <testcase name="byTypeAutowireWithSelectiveInclusion" classname="org.springframework.beans.factory.xml.AutowireWithExclusionTests" time="0.011"/>
  <system-out><![CDATA[]]></system-out>
  <system-err><![CDATA[]]></system-err>
</testsuite>
