<?xml version="1.0" encoding="UTF-8"?>
<testsuite name="org.springframework.web.socket.server.standard.ServerEndpointRegistrationTests" tests="2" skipped="0" failures="0" errors="0" timestamp="2021-04-16T02:03:31" hostname="DESKTOP-3R4DVF7" time="0.046">
  <properties/>
  <testcase name="endpointSingleton" classname="org.springframework.web.socket.server.standard.ServerEndpointRegistrationTests" time="0.001"/>
  <testcase name="endpointPerConnection" classname="org.springframework.web.socket.server.standard.ServerEndpointRegistrationTests" time="0.045"/>
  <system-out><![CDATA[]]></system-out>
  <system-err><![CDATA[]]></system-err>
</testsuite>
