<?xml version="1.0" encoding="UTF-8"?>
<testsuite name="org.springframework.web.socket.server.support.HandshakeInterceptorChainTests" tests="3" skipped="0" failures="0" errors="0" timestamp="2021-04-16T02:03:31" hostname="DESKTOP-3R4DVF7" time="0.005">
  <properties/>
  <testcase name="success" classname="org.springframework.web.socket.server.support.HandshakeInterceptorChainTests" time="0.004"/>
  <testcase name="applyBeforeHandshakeWithFalseReturnValue" classname="org.springframework.web.socket.server.support.HandshakeInterceptorChainTests" time="0.001"/>
  <testcase name="applyAfterHandshakeOnly" classname="org.springframework.web.socket.server.support.HandshakeInterceptorChainTests" time="0.0"/>
  <system-out><![CDATA[]]></system-out>
  <system-err><![CDATA[]]></system-err>
</testsuite>
