<?xml version="1.0" encoding="UTF-8"?>
<testsuite name="org.springframework.web.socket.server.standard.SpringConfiguratorTests" tests="3" skipped="0" failures="0" errors="0" timestamp="2021-04-16T02:03:31" hostname="DESKTOP-3R4DVF7" time="0.13">
  <properties/>
  <testcase name="getEndpointSingletonByComponentName" classname="org.springframework.web.socket.server.standard.SpringConfiguratorTests" time="0.067"/>
  <testcase name="getEndpointSingletonByType" classname="org.springframework.web.socket.server.standard.SpringConfiguratorTests" time="0.029"/>
  <testcase name="getEndpointPerConnection" classname="org.springframework.web.socket.server.standard.SpringConfiguratorTests" time="0.034"/>
  <system-out><![CDATA[]]></system-out>
  <system-err><![CDATA[]]></system-err>
</testsuite>
