<?xml version="1.0" encoding="UTF-8"?>
<testsuite name="org.springframework.web.socket.adapter.jetty.JettyWebSocketSessionTests" tests="4" skipped="0" failures="0" errors="0" timestamp="2021-04-16T02:03:02" hostname="DESKTOP-3R4DVF7" time="0.004">
  <properties/>
  <testcase name="getPrincipalWithConstructorArg" classname="org.springframework.web.socket.adapter.jetty.JettyWebSocketSessionTests" time="0.001"/>
  <testcase name="getPrincipalNotAvailable" classname="org.springframework.web.socket.adapter.jetty.JettyWebSocketSessionTests" time="0.002"/>
  <testcase name="getPrincipalFromNativeSession" classname="org.springframework.web.socket.adapter.jetty.JettyWebSocketSessionTests" time="0.001"/>
  <testcase name="getAcceptedProtocol" classname="org.springframework.web.socket.adapter.jetty.JettyWebSocketSessionTests" time="0.0"/>
  <system-out><![CDATA[]]></system-out>
  <system-err><![CDATA[]]></system-err>
</testsuite>
