<?xml version="1.0" encoding="UTF-8"?>
<testsuite name="org.springframework.web.socket.sockjs.transport.session.HttpSockJsSessionTests" tests="2" skipped="0" failures="0" errors="0" timestamp="2021-04-16T02:03:32" hostname="DESKTOP-3R4DVF7" time="0.037">
  <properties/>
  <testcase name="handleInitialRequest" classname="org.springframework.web.socket.sockjs.transport.session.HttpSockJsSessionTests" time="0.019"/>
  <testcase name="handleSuccessiveRequest" classname="org.springframework.web.socket.sockjs.transport.session.HttpSockJsSessionTests" time="0.017"/>
  <system-out><![CDATA[]]></system-out>
  <system-err><![CDATA[]]></system-err>
</testsuite>
