<?xml version="1.0" encoding="UTF-8"?>
<testsuite name="org.springframework.web.socket.config.annotation.WebMvcStompWebSocketEndpointRegistrationTests" tests="9" skipped="0" failures="0" errors="0" timestamp="2021-04-16T02:03:06" hostname="DESKTOP-3R4DVF7" time="0.042">
  <properties/>
  <testcase name="minimalRegistration" classname="org.springframework.web.socket.config.annotation.WebMvcStompWebSocketEndpointRegistrationTests" time="0.007"/>
  <testcase name="sameOrigin" classname="org.springframework.web.socket.config.annotation.WebMvcStompWebSocketEndpointRegistrationTests" time="0.0"/>
  <testcase name="handshakeHandlerAndInterceptorWithAllowedOrigins" classname="org.springframework.web.socket.config.annotation.WebMvcStompWebSocketEndpointRegistrationTests" time="0.001"/>
  <testcase name="allowedOrigins" classname="org.springframework.web.socket.config.annotation.WebMvcStompWebSocketEndpointRegistrationTests" time="0.001"/>
  <testcase name="handshakeHandlerInterceptorWithSockJsServiceAndAllowedOrigins" classname="org.springframework.web.socket.config.annotation.WebMvcStompWebSocketEndpointRegistrationTests" time="0.006"/>
  <testcase name="allowedOriginsWithSockJsService" classname="org.springframework.web.socket.config.annotation.WebMvcStompWebSocketEndpointRegistrationTests" time="0.013"/>
  <testcase name="handshakeHandlerAndInterceptor" classname="org.springframework.web.socket.config.annotation.WebMvcStompWebSocketEndpointRegistrationTests" time="0.0"/>
  <testcase name="disableCorsWithSockJsService" classname="org.springframework.web.socket.config.annotation.WebMvcStompWebSocketEndpointRegistrationTests" time="0.007"/>
  <testcase name="handshakeHandlerInterceptorWithSockJsService" classname="org.springframework.web.socket.config.annotation.WebMvcStompWebSocketEndpointRegistrationTests" time="0.007"/>
  <system-out><![CDATA[]]></system-out>
  <system-err><![CDATA[]]></system-err>
</testsuite>
