<?xml version="1.0" encoding="UTF-8"?>
<testsuite name="org.springframework.web.socket.adapter.standard.StandardWebSocketSessionTests" tests="4" skipped="0" failures="0" errors="0" timestamp="2021-04-16T02:03:03" hostname="DESKTOP-3R4DVF7" time="0.002">
  <properties/>
  <testcase name="getPrincipalWithNativeSession" classname="org.springframework.web.socket.adapter.standard.StandardWebSocketSessionTests" time="0.001"/>
  <testcase name="getPrincipalWithConstructorArg" classname="org.springframework.web.socket.adapter.standard.StandardWebSocketSessionTests" time="0.0"/>
  <testcase name="getAcceptedProtocol" classname="org.springframework.web.socket.adapter.standard.StandardWebSocketSessionTests" time="0.0"/>
  <testcase name="getPrincipalNone" classname="org.springframework.web.socket.adapter.standard.StandardWebSocketSessionTests" time="0.001"/>
  <system-out><![CDATA[]]></system-out>
  <system-err><![CDATA[]]></system-err>
</testsuite>
