<?xml version="1.0" encoding="UTF-8"?>
<testsuite name="org.springframework.web.socket.config.annotation.WebMvcStompEndpointRegistryTests" tests="3" skipped="0" failures="0" errors="0" timestamp="2021-04-16T02:03:05" hostname="DESKTOP-3R4DVF7" time="0.647">
  <properties/>
  <testcase name="stompProtocolHandler" classname="org.springframework.web.socket.config.annotation.WebMvcStompEndpointRegistryTests" time="0.065"/>
  <testcase name="handlerMapping" classname="org.springframework.web.socket.config.annotation.WebMvcStompEndpointRegistryTests" time="0.561"/>
  <testcase name="errorHandler" classname="org.springframework.web.socket.config.annotation.WebMvcStompEndpointRegistryTests" time="0.021"/>
  <system-out><![CDATA[]]></system-out>
  <system-err><![CDATA[]]></system-err>
</testsuite>
