<?xml version="1.0" encoding="UTF-8"?>
<testsuite name="org.springframework.web.socket.handler.WebSocketHttpHeadersTests" tests="1" skipped="0" failures="0" errors="0" timestamp="2021-04-16T02:03:17" hostname="DESKTOP-3R4DVF7" time="0.0">
  <properties/>
  <testcase name="parseWebSocketExtensions" classname="org.springframework.web.socket.handler.WebSocketHttpHeadersTests" time="0.0"/>
  <system-out><![CDATA[]]></system-out>
  <system-err><![CDATA[]]></system-err>
</testsuite>
