<?xml version="1.0" encoding="UTF-8"?>
<testsuite name="org.springframework.web.socket.messaging.WebSocketAnnotationMethodMessageHandlerTests" tests="1" skipped="0" failures="0" errors="0" timestamp="2021-04-16T02:03:28" hostname="DESKTOP-3R4DVF7" time="0.123">
  <properties/>
  <testcase name="globalException" classname="org.springframework.web.socket.messaging.WebSocketAnnotationMethodMessageHandlerTests" time="0.123"/>
  <system-out><![CDATA[]]></system-out>
  <system-err><![CDATA[]]></system-err>
</testsuite>
