<?xml version="1.0" encoding="UTF-8"?>
<testsuite name="org.springframework.web.socket.config.MessageBrokerBeanDefinitionParserTests" tests="8" skipped="0" failures="0" errors="0" timestamp="2021-04-16T02:03:14" hostname="DESKTOP-3R4DVF7" time="2.565">
  <properties/>
  <testcase name="messageConvertersDefaultsOff" classname="org.springframework.web.socket.config.MessageBrokerBeanDefinitionParserTests" time="0.055"/>
  <testcase name="simpleBroker" classname="org.springframework.web.socket.config.MessageBrokerBeanDefinitionParserTests" time="0.154"/>
  <testcase name="customChannels" classname="org.springframework.web.socket.config.MessageBrokerBeanDefinitionParserTests" time="0.048"/>
  <testcase name="customChannelsWithDefaultExecutor" classname="org.springframework.web.socket.config.MessageBrokerBeanDefinitionParserTests" time="0.047"/>
  <testcase name="annotationMethodMessageHandler" classname="org.springframework.web.socket.config.MessageBrokerBeanDefinitionParserTests" time="0.069"/>
  <testcase name="messageConverters" classname="org.springframework.web.socket.config.MessageBrokerBeanDefinitionParserTests" time="0.065"/>
  <testcase name="customArgumentAndReturnValueTypes" classname="org.springframework.web.socket.config.MessageBrokerBeanDefinitionParserTests" time="0.077"/>
  <testcase name="stompBrokerRelay" classname="org.springframework.web.socket.config.MessageBrokerBeanDefinitionParserTests" time="2.049"/>
  <system-out><![CDATA[]]></system-out>
  <system-err><![CDATA[]]></system-err>
</testsuite>
