<?xml version="1.0" encoding="UTF-8"?>
<testsuite name="org.springframework.web.socket.sockjs.client.SockJsUrlInfoTests" tests="4" skipped="0" failures="0" errors="0" timestamp="2021-04-16T02:03:31" hostname="DESKTOP-3R4DVF7" time="0.002">
  <properties/>
  <testcase name="transportUrl" classname="org.springframework.web.socket.sockjs.client.SockJsUrlInfoTests" time="0.001"/>
  <testcase name="sessionId" classname="org.springframework.web.socket.sockjs.client.SockJsUrlInfoTests" time="0.0"/>
  <testcase name="serverId" classname="org.springframework.web.socket.sockjs.client.SockJsUrlInfoTests" time="0.0"/>
  <testcase name="infoUrl" classname="org.springframework.web.socket.sockjs.client.SockJsUrlInfoTests" time="0.0"/>
  <system-out><![CDATA[10:03:31.612 [tcp-client-loop-nio-11] WARN  org.springframework.messaging.simp.stomp.StompBrokerRelayMessageHandler - TCP connection failure in session _system_: Failed to connect: relayhost
java.net.UnknownHostException: relayhost
	at java.net.Inet6AddressImpl.lookupAllHostAddr(Native Method) ~[?:1.8.0_271]
	at java.net.InetAddress$2.lookupAllHostAddr(InetAddress.java:929) ~[?:1.8.0_271]
	at java.net.InetAddress.getAddressesFromNameService(InetAddress.java:1324) ~[?:1.8.0_271]
	at java.net.InetAddress.getAllByName0(InetAddress.java:1277) ~[?:1.8.0_271]
	at java.net.InetAddress.getAllByName(InetAddress.java:1193) ~[?:1.8.0_271]
	at java.net.InetAddress.getAllByName(InetAddress.java:1127) ~[?:1.8.0_271]
	at java.net.InetAddress.getByName(InetAddress.java:1077) ~[?:1.8.0_271]
	at io.netty.util.internal.SocketUtils$8.run(SocketUtils.java:146) ~[netty-common-4.1.39.Final.jar:4.1.39.Final]
	at io.netty.util.internal.SocketUtils$8.run(SocketUtils.java:143) ~[netty-common-4.1.39.Final.jar:4.1.39.Final]
	at java.security.AccessController.doPrivileged(Native Method) ~[?:1.8.0_271]
	at io.netty.util.internal.SocketUtils.addressByName(SocketUtils.java:143) ~[netty-common-4.1.39.Final.jar:4.1.39.Final]
	at io.netty.resolver.DefaultNameResolver.doResolve(DefaultNameResolver.java:43) ~[netty-resolver-4.1.39.Final.jar:4.1.39.Final]
	at io.netty.resolver.SimpleNameResolver.resolve(SimpleNameResolver.java:63) ~[netty-resolver-4.1.39.Final.jar:4.1.39.Final]
	at io.netty.resolver.SimpleNameResolver.resolve(SimpleNameResolver.java:55) ~[netty-resolver-4.1.39.Final.jar:4.1.39.Final]
	at io.netty.resolver.InetSocketAddressResolver.doResolve(InetSocketAddressResolver.java:57) ~[netty-resolver-4.1.39.Final.jar:4.1.39.Final]
	at io.netty.resolver.InetSocketAddressResolver.doResolve(InetSocketAddressResolver.java:32) ~[netty-resolver-4.1.39.Final.jar:4.1.39.Final]
	at io.netty.resolver.AbstractAddressResolver.resolve(AbstractAddressResolver.java:108) ~[netty-resolver-4.1.39.Final.jar:4.1.39.Final]
	at io.netty.bootstrap.Bootstrap.doResolveAndConnect0(Bootstrap.java:204) ~[netty-transport-4.1.39.Final.jar:4.1.39.Final]
	at io.netty.bootstrap.Bootstrap.access$000(Bootstrap.java:50) ~[netty-transport-4.1.39.Final.jar:4.1.39.Final]
	at io.netty.bootstrap.Bootstrap$1.operationComplete(Bootstrap.java:184) ~[netty-transport-4.1.39.Final.jar:4.1.39.Final]
	at io.netty.bootstrap.Bootstrap$1.operationComplete(Bootstrap.java:170) ~[netty-transport-4.1.39.Final.jar:4.1.39.Final]
	at io.netty.util.concurrent.DefaultPromise.notifyListener0(DefaultPromise.java:500) ~[netty-common-4.1.39.Final.jar:4.1.39.Final]
	at io.netty.util.concurrent.DefaultPromise.notifyListenersNow(DefaultPromise.java:474) ~[netty-common-4.1.39.Final.jar:4.1.39.Final]
	at io.netty.util.concurrent.DefaultPromise.notifyListeners(DefaultPromise.java:413) ~[netty-common-4.1.39.Final.jar:4.1.39.Final]
	at io.netty.util.concurrent.DefaultPromise.setValue0(DefaultPromise.java:538) ~[netty-common-4.1.39.Final.jar:4.1.39.Final]
	at io.netty.util.concurrent.DefaultPromise.setSuccess0(DefaultPromise.java:527) ~[netty-common-4.1.39.Final.jar:4.1.39.Final]
	at io.netty.util.concurrent.DefaultPromise.trySuccess(DefaultPromise.java:98) ~[netty-common-4.1.39.Final.jar:4.1.39.Final]
	at io.netty.channel.DefaultChannelPromise.trySuccess(DefaultChannelPromise.java:84) ~[netty-transport-4.1.39.Final.jar:4.1.39.Final]
	at io.netty.channel.AbstractChannel$AbstractUnsafe.safeSetSuccess(AbstractChannel.java:982) ~[netty-transport-4.1.39.Final.jar:4.1.39.Final]
	at io.netty.channel.AbstractChannel$AbstractUnsafe.register0(AbstractChannel.java:505) ~[netty-transport-4.1.39.Final.jar:4.1.39.Final]
	at io.netty.channel.AbstractChannel$AbstractUnsafe.access$200(AbstractChannel.java:416) ~[netty-transport-4.1.39.Final.jar:4.1.39.Final]
	at io.netty.channel.AbstractChannel$AbstractUnsafe$1.run(AbstractChannel.java:475) ~[netty-transport-4.1.39.Final.jar:4.1.39.Final]
	at io.netty.util.concurrent.AbstractEventExecutor.safeExecute(AbstractEventExecutor.java:163) [netty-common-4.1.39.Final.jar:4.1.39.Final]
	at io.netty.util.concurrent.SingleThreadEventExecutor.runAllTasks(SingleThreadEventExecutor.java:416) [netty-common-4.1.39.Final.jar:4.1.39.Final]
	at io.netty.channel.nio.NioEventLoop.run(NioEventLoop.java:515) [netty-transport-4.1.39.Final.jar:4.1.39.Final]
	at io.netty.util.concurrent.SingleThreadEventExecutor$5.run(SingleThreadEventExecutor.java:918) [netty-common-4.1.39.Final.jar:4.1.39.Final]
	at io.netty.util.internal.ThreadExecutorMap$2.run(ThreadExecutorMap.java:74) [netty-common-4.1.39.Final.jar:4.1.39.Final]
	at java.lang.Thread.run(Thread.java:748) [?:1.8.0_271]
10:03:31.616 [tcp-client-loop-nio-11] WARN  org.springframework.messaging.simp.stomp.StompBrokerRelayMessageHandler - TCP connection failure in session _system_: Failed to connect: relayhost
java.net.UnknownHostException: relayhost
	at java.net.InetAddress.getAllByName0(InetAddress.java:1281) ~[?:1.8.0_271]
	at java.net.InetAddress.getAllByName(InetAddress.java:1193) ~[?:1.8.0_271]
	at java.net.InetAddress.getAllByName(InetAddress.java:1127) ~[?:1.8.0_271]
	at java.net.InetAddress.getByName(InetAddress.java:1077) ~[?:1.8.0_271]
	at io.netty.util.internal.SocketUtils$8.run(SocketUtils.java:146) ~[netty-common-4.1.39.Final.jar:4.1.39.Final]
	at io.netty.util.internal.SocketUtils$8.run(SocketUtils.java:143) ~[netty-common-4.1.39.Final.jar:4.1.39.Final]
	at java.security.AccessController.doPrivileged(Native Method) ~[?:1.8.0_271]
	at io.netty.util.internal.SocketUtils.addressByName(SocketUtils.java:143) ~[netty-common-4.1.39.Final.jar:4.1.39.Final]
	at io.netty.resolver.DefaultNameResolver.doResolve(DefaultNameResolver.java:43) ~[netty-resolver-4.1.39.Final.jar:4.1.39.Final]
	at io.netty.resolver.SimpleNameResolver.resolve(SimpleNameResolver.java:63) ~[netty-resolver-4.1.39.Final.jar:4.1.39.Final]
	at io.netty.resolver.SimpleNameResolver.resolve(SimpleNameResolver.java:55) ~[netty-resolver-4.1.39.Final.jar:4.1.39.Final]
	at io.netty.resolver.InetSocketAddressResolver.doResolve(InetSocketAddressResolver.java:57) ~[netty-resolver-4.1.39.Final.jar:4.1.39.Final]
	at io.netty.resolver.InetSocketAddressResolver.doResolve(InetSocketAddressResolver.java:32) ~[netty-resolver-4.1.39.Final.jar:4.1.39.Final]
	at io.netty.resolver.AbstractAddressResolver.resolve(AbstractAddressResolver.java:108) ~[netty-resolver-4.1.39.Final.jar:4.1.39.Final]
	at io.netty.bootstrap.Bootstrap.doResolveAndConnect0(Bootstrap.java:204) ~[netty-transport-4.1.39.Final.jar:4.1.39.Final]
	at io.netty.bootstrap.Bootstrap.access$000(Bootstrap.java:50) ~[netty-transport-4.1.39.Final.jar:4.1.39.Final]
	at io.netty.bootstrap.Bootstrap$1.operationComplete(Bootstrap.java:184) ~[netty-transport-4.1.39.Final.jar:4.1.39.Final]
	at io.netty.bootstrap.Bootstrap$1.operationComplete(Bootstrap.java:170) ~[netty-transport-4.1.39.Final.jar:4.1.39.Final]
	at io.netty.util.concurrent.DefaultPromise.notifyListener0(DefaultPromise.java:500) ~[netty-common-4.1.39.Final.jar:4.1.39.Final]
	at io.netty.util.concurrent.DefaultPromise.notifyListenersNow(DefaultPromise.java:474) ~[netty-common-4.1.39.Final.jar:4.1.39.Final]
	at io.netty.util.concurrent.DefaultPromise.notifyListeners(DefaultPromise.java:413) ~[netty-common-4.1.39.Final.jar:4.1.39.Final]
	at io.netty.util.concurrent.DefaultPromise.setValue0(DefaultPromise.java:538) ~[netty-common-4.1.39.Final.jar:4.1.39.Final]
	at io.netty.util.concurrent.DefaultPromise.setSuccess0(DefaultPromise.java:527) ~[netty-common-4.1.39.Final.jar:4.1.39.Final]
	at io.netty.util.concurrent.DefaultPromise.trySuccess(DefaultPromise.java:98) ~[netty-common-4.1.39.Final.jar:4.1.39.Final]
	at io.netty.channel.DefaultChannelPromise.trySuccess(DefaultChannelPromise.java:84) ~[netty-transport-4.1.39.Final.jar:4.1.39.Final]
	at io.netty.channel.AbstractChannel$AbstractUnsafe.safeSetSuccess(AbstractChannel.java:982) ~[netty-transport-4.1.39.Final.jar:4.1.39.Final]
	at io.netty.channel.AbstractChannel$AbstractUnsafe.register0(AbstractChannel.java:505) ~[netty-transport-4.1.39.Final.jar:4.1.39.Final]
	at io.netty.channel.AbstractChannel$AbstractUnsafe.access$200(AbstractChannel.java:416) ~[netty-transport-4.1.39.Final.jar:4.1.39.Final]
	at io.netty.channel.AbstractChannel$AbstractUnsafe$1.run(AbstractChannel.java:475) ~[netty-transport-4.1.39.Final.jar:4.1.39.Final]
	at io.netty.util.concurrent.AbstractEventExecutor.safeExecute(AbstractEventExecutor.java:163) [netty-common-4.1.39.Final.jar:4.1.39.Final]
	at io.netty.util.concurrent.SingleThreadEventExecutor.runAllTasks(SingleThreadEventExecutor.java:416) [netty-common-4.1.39.Final.jar:4.1.39.Final]
	at io.netty.channel.nio.NioEventLoop.run(NioEventLoop.java:515) [netty-transport-4.1.39.Final.jar:4.1.39.Final]
	at io.netty.util.concurrent.SingleThreadEventExecutor$5.run(SingleThreadEventExecutor.java:918) [netty-common-4.1.39.Final.jar:4.1.39.Final]
	at io.netty.util.internal.ThreadExecutorMap$2.run(ThreadExecutorMap.java:74) [netty-common-4.1.39.Final.jar:4.1.39.Final]
	at java.lang.Thread.run(Thread.java:748) [?:1.8.0_271]
]]></system-out>
  <system-err><![CDATA[]]></system-err>
</testsuite>
