<?xml version="1.0" encoding="UTF-8"?>
<testsuite name="org.springframework.web.socket.WebSocketExtensionTests" tests="2" skipped="0" failures="0" errors="0" timestamp="2021-04-16T02:03:32" hostname="DESKTOP-3R4DVF7" time="0.0">
  <properties/>
  <testcase name="parseHeaderSingle" classname="org.springframework.web.socket.WebSocketExtensionTests" time="0.0"/>
  <testcase name="parseHeaderMultiple" classname="org.springframework.web.socket.WebSocketExtensionTests" time="0.0"/>
  <system-out><![CDATA[]]></system-out>
  <system-err><![CDATA[]]></system-err>
</testsuite>
