<?xml version="1.0" encoding="UTF-8"?>
<testsuite name="org.springframework.web.socket.client.jetty.JettyWebSocketClientTests" tests="2" skipped="0" failures="0" errors="0" timestamp="2021-04-16T02:03:03" hostname="DESKTOP-3R4DVF7" time="1.844">
  <properties/>
  <testcase name="doHandshake" classname="org.springframework.web.socket.client.jetty.JettyWebSocketClientTests" time="1.812"/>
  <testcase name="doHandshakeWithTaskExecutor" classname="org.springframework.web.socket.client.jetty.JettyWebSocketClientTests" time="0.032"/>
  <system-out><![CDATA[]]></system-out>
  <system-err><![CDATA[]]></system-err>
</testsuite>
