<?xml version="1.0" encoding="UTF-8"?>
<testsuite name="org.springframework.web.socket.handler.ConcurrentWebSocketSessionDecoratorTests" tests="6" skipped="0" failures="0" errors="0" timestamp="2021-04-16T02:03:17" hostname="DESKTOP-3R4DVF7" time="0.506">
  <properties/>
  <testcase name="sendBufferSizeExceeded" classname="org.springframework.web.socket.handler.ConcurrentWebSocketSessionDecoratorTests" time="0.001"/>
  <testcase name="sendTimeLimitExceeded" classname="org.springframework.web.socket.handler.ConcurrentWebSocketSessionDecoratorTests" time="0.201"/>
  <testcase name="sendAfterBlockedSend" classname="org.springframework.web.socket.handler.ConcurrentWebSocketSessionDecoratorTests" time="0.101"/>
  <testcase name="send" classname="org.springframework.web.socket.handler.ConcurrentWebSocketSessionDecoratorTests" time="0.0"/>
  <testcase name="closeStatusChangesToSessionNotReliable" classname="org.springframework.web.socket.handler.ConcurrentWebSocketSessionDecoratorTests" time="0.202"/>
  <testcase name="closeStatusNormal" classname="org.springframework.web.socket.handler.ConcurrentWebSocketSessionDecoratorTests" time="0.0"/>
  <system-out><![CDATA[]]></system-out>
  <system-err><![CDATA[]]></system-err>
</testsuite>
