<?xml version="1.0" encoding="UTF-8"?>
<testsuite name="org.springframework.web.socket.config.annotation.WebSocketConfigurationTests" tests="6" skipped="0" failures="0" errors="0" timestamp="2021-04-16T02:03:06" hostname="DESKTOP-3R4DVF7" time="6.508">
  <properties/>
  <testcase name="registerWebSocketHandler[server [org.springframework.web.socket.JettyWebSocketTestServer@4de4ebea], client [org.springframework.web.socket.client.jetty.JettyWebSocketClient@5f982b34]]" classname="org.springframework.web.socket.config.annotation.WebSocketConfigurationTests" time="1.395"/>
  <testcase name="registerWebSocketHandlerWithSockJS[server [org.springframework.web.socket.JettyWebSocketTestServer@4de4ebea], client [org.springframework.web.socket.client.jetty.JettyWebSocketClient@5f982b34]]" classname="org.springframework.web.socket.config.annotation.WebSocketConfigurationTests" time="0.146"/>
  <testcase name="registerWebSocketHandler[server [org.springframework.web.socket.TomcatWebSocketTestServer@2c892670], client [org.springframework.web.socket.client.standard.StandardWebSocketClient@3256695e]]" classname="org.springframework.web.socket.config.annotation.WebSocketConfigurationTests" time="1.976"/>
  <testcase name="registerWebSocketHandlerWithSockJS[server [org.springframework.web.socket.TomcatWebSocketTestServer@2c892670], client [org.springframework.web.socket.client.standard.StandardWebSocketClient@3256695e]]" classname="org.springframework.web.socket.config.annotation.WebSocketConfigurationTests" time="1.325"/>
  <testcase name="registerWebSocketHandler[server [org.springframework.web.socket.UndertowTestServer@313bdc41], client [org.springframework.web.socket.client.standard.StandardWebSocketClient@36938bf2]]" classname="org.springframework.web.socket.config.annotation.WebSocketConfigurationTests" time="1.548"/>
  <testcase name="registerWebSocketHandlerWithSockJS[server [org.springframework.web.socket.UndertowTestServer@313bdc41], client [org.springframework.web.socket.client.standard.StandardWebSocketClient@36938bf2]]" classname="org.springframework.web.socket.config.annotation.WebSocketConfigurationTests" time="0.118"/>
  <system-out><![CDATA[10:03:12.871 [XNIO-2 I/O-6] ERROR org.xnio.listener - XNIO001007: A channel event listener threw an exception
java.lang.RuntimeException: java.util.concurrent.RejectedExecutionException: XNIO007007: Thread is terminating
	at io.undertow.websockets.jsr.ServerWebSocketContainer.invokeEndpointMethod(ServerWebSocketContainer.java:605) ~[undertow-websockets-jsr-1.4.27.Final.jar:1.4.27.Final]
	at io.undertow.websockets.jsr.ServerWebSocketContainer.invokeEndpointMethod(ServerWebSocketContainer.java:593) ~[undertow-websockets-jsr-1.4.27.Final.jar:1.4.27.Final]
	at io.undertow.websockets.jsr.FrameHandler.onFullCloseMessage(FrameHandler.java:100) ~[undertow-websockets-jsr-1.4.27.Final.jar:1.4.27.Final]
	at io.undertow.websockets.core.AbstractReceiveListener$1.complete(AbstractReceiveListener.java:136) ~[undertow-core-1.4.27.Final.jar:1.4.27.Final]
	at io.undertow.websockets.core.AbstractReceiveListener$1.complete(AbstractReceiveListener.java:124) ~[undertow-core-1.4.27.Final.jar:1.4.27.Final]
	at io.undertow.websockets.core.BufferedBinaryMessage.read(BufferedBinaryMessage.java:95) ~[undertow-core-1.4.27.Final.jar:1.4.27.Final]
	at io.undertow.websockets.core.AbstractReceiveListener.readBufferedBinary(AbstractReceiveListener.java:124) ~[undertow-core-1.4.27.Final.jar:1.4.27.Final]
	at io.undertow.websockets.core.AbstractReceiveListener.bufferFullMessage(AbstractReceiveListener.java:98) ~[undertow-core-1.4.27.Final.jar:1.4.27.Final]
	at io.undertow.websockets.core.AbstractReceiveListener.onClose(AbstractReceiveListener.java:62) ~[undertow-core-1.4.27.Final.jar:1.4.27.Final]
	at io.undertow.websockets.core.AbstractReceiveListener.handleEvent(AbstractReceiveListener.java:50) ~[undertow-core-1.4.27.Final.jar:1.4.27.Final]
	at io.undertow.websockets.core.AbstractReceiveListener.handleEvent(AbstractReceiveListener.java:33) ~[undertow-core-1.4.27.Final.jar:1.4.27.Final]
	at org.xnio.ChannelListeners.invokeChannelListener(ChannelListeners.java:92) [xnio-api-3.3.8.Final.jar:3.3.8.Final]
	at io.undertow.server.protocol.framed.AbstractFramedChannel$FrameReadListener.handleEvent(AbstractFramedChannel.java:948) [undertow-core-1.4.27.Final.jar:1.4.27.Final]
	at io.undertow.server.protocol.framed.AbstractFramedChannel$FrameReadListener.handleEvent(AbstractFramedChannel.java:929) [undertow-core-1.4.27.Final.jar:1.4.27.Final]
	at org.xnio.ChannelListeners.invokeChannelListener(ChannelListeners.java:92) [xnio-api-3.3.8.Final.jar:3.3.8.Final]
	at org.xnio.conduits.ReadReadyHandler$ChannelListenerHandler.readReady(ReadReadyHandler.java:66) [xnio-api-3.3.8.Final.jar:3.3.8.Final]
	at org.xnio.nio.NioSocketConduit.handleReady(NioSocketConduit.java:88) [xnio-nio-3.3.8.Final.jar:3.3.8.Final]
	at org.xnio.nio.WorkerThread.run(WorkerThread.java:561) [xnio-nio-3.3.8.Final.jar:3.3.8.Final]
Caused by: java.util.concurrent.RejectedExecutionException: XNIO007007: Thread is terminating
	at org.xnio.nio.WorkerThread.execute(WorkerThread.java:590) ~[xnio-nio-3.3.8.Final.jar:3.3.8.Final]
	at io.undertow.websockets.jsr.UndertowSession.close0(UndertowSession.java:361) ~[undertow-websockets-jsr-1.4.27.Final.jar:1.4.27.Final]
	at io.undertow.websockets.jsr.UndertowSession.closeInternal(UndertowSession.java:241) ~[undertow-websockets-jsr-1.4.27.Final.jar:1.4.27.Final]
	at io.undertow.websockets.jsr.FrameHandler$1.run(FrameHandler.java:107) ~[undertow-websockets-jsr-1.4.27.Final.jar:1.4.27.Final]
	at io.undertow.websockets.jsr.ServerWebSocketContainer$1.call(ServerWebSocketContainer.java:169) ~[undertow-websockets-jsr-1.4.27.Final.jar:1.4.27.Final]
	at io.undertow.websockets.jsr.ServerWebSocketContainer$1.call(ServerWebSocketContainer.java:166) ~[undertow-websockets-jsr-1.4.27.Final.jar:1.4.27.Final]
	at io.undertow.servlet.core.ContextClassLoaderSetupAction$1.call(ContextClassLoaderSetupAction.java:43) ~[undertow-servlet-1.4.27.Final.jar:1.4.27.Final]
	at io.undertow.websockets.jsr.ServerWebSocketContainer.invokeEndpointMethod(ServerWebSocketContainer.java:603) ~[undertow-websockets-jsr-1.4.27.Final.jar:1.4.27.Final]
	... 17 more
10:03:12.916 [XNIO-2 I/O-6] ERROR org.xnio.listener - XNIO001007: A channel event listener threw an exception
java.util.concurrent.RejectedExecutionException: XNIO007007: Thread is terminating
	at org.xnio.nio.WorkerThread.execute(WorkerThread.java:590) ~[xnio-nio-3.3.8.Final.jar:3.3.8.Final]
	at io.undertow.websockets.jsr.UndertowSession$3.handleEvent(UndertowSession.java:396) ~[undertow-websockets-jsr-1.4.27.Final.jar:1.4.27.Final]
	at io.undertow.websockets.jsr.UndertowSession$3.handleEvent(UndertowSession.java:388) ~[undertow-websockets-jsr-1.4.27.Final.jar:1.4.27.Final]
	at org.xnio.ChannelListeners.invokeChannelListener(ChannelListeners.java:92) [xnio-api-3.3.8.Final.jar:3.3.8.Final]
	at io.undertow.server.protocol.framed.AbstractFramedChannel$FrameCloseListener.handleEvent(AbstractFramedChannel.java:1061) [undertow-core-1.4.27.Final.jar:1.4.27.Final]
	at io.undertow.server.protocol.framed.AbstractFramedChannel$FrameCloseListener.handleEvent(AbstractFramedChannel.java:975) [undertow-core-1.4.27.Final.jar:1.4.27.Final]
	at org.xnio.ChannelListeners.invokeChannelListener(ChannelListeners.java:92) [xnio-api-3.3.8.Final.jar:3.3.8.Final]
	at org.xnio.conduits.ReadReadyHandler$ChannelListenerHandler.terminated(ReadReadyHandler.java:71) [xnio-api-3.3.8.Final.jar:3.3.8.Final]
	at org.xnio.nio.NioSocketConduit.readTerminated(NioSocketConduit.java:360) [xnio-nio-3.3.8.Final.jar:3.3.8.Final]
	at org.xnio.nio.NioSocketConduit.terminateReads(NioSocketConduit.java:353) [xnio-nio-3.3.8.Final.jar:3.3.8.Final]
	at io.undertow.conduits.IdleTimeoutConduit.terminateReads(IdleTimeoutConduit.java:236) [undertow-core-1.4.27.Final.jar:1.4.27.Final]
	at org.xnio.conduits.ConduitStreamSourceChannel.close(ConduitStreamSourceChannel.java:168) [xnio-api-3.3.8.Final.jar:3.3.8.Final]
	at org.xnio.IoUtils.safeClose(IoUtils.java:134) [xnio-api-3.3.8.Final.jar:3.3.8.Final]
	at org.xnio.conduits.ReadReadyHandler$ChannelListenerHandler.forceTermination(ReadReadyHandler.java:58) [xnio-api-3.3.8.Final.jar:3.3.8.Final]
	at org.xnio.nio.NioSocketConduit.forceTermination(NioSocketConduit.java:105) [xnio-nio-3.3.8.Final.jar:3.3.8.Final]
	at org.xnio.nio.WorkerThread.run(WorkerThread.java:494) [xnio-nio-3.3.8.Final.jar:3.3.8.Final]
]]></system-out>
  <system-err><![CDATA[四月 16, 2021 10:03:08 上午 org.apache.coyote.AbstractProtocol init
信息: Initializing ProtocolHandler ["http-nio-auto-1"]
四月 16, 2021 10:03:08 上午 org.apache.tomcat.util.net.NioSelectorPool getSharedSelector
信息: Using a shared selector for servlet write/read
四月 16, 2021 10:03:08 上午 org.apache.catalina.core.StandardService startInternal
信息: Starting service [Tomcat]
四月 16, 2021 10:03:08 上午 org.apache.catalina.core.StandardEngine startInternal
信息: Starting Servlet Engine: Apache Tomcat/8.5.45
四月 16, 2021 10:03:09 上午 org.apache.coyote.AbstractProtocol start
信息: Starting ProtocolHandler ["http-nio-auto-1-55912"]
四月 16, 2021 10:03:09 上午 org.apache.catalina.core.ApplicationContext log
信息: Initializing Spring FrameworkServlet 'dispatcherServlet'
四月 16, 2021 10:03:09 上午 org.apache.catalina.core.ApplicationContext log
信息: Destroying Spring FrameworkServlet 'dispatcherServlet'
四月 16, 2021 10:03:09 上午 org.apache.coyote.AbstractProtocol pause
信息: Pausing ProtocolHandler ["http-nio-auto-1-55912"]
四月 16, 2021 10:03:10 上午 org.apache.catalina.core.StandardService stopInternal
信息: Stopping service [Tomcat]
四月 16, 2021 10:03:10 上午 org.apache.coyote.AbstractProtocol stop
信息: Stopping ProtocolHandler ["http-nio-auto-1-55912"]
四月 16, 2021 10:03:10 上午 org.apache.coyote.AbstractProtocol init
信息: Initializing ProtocolHandler ["http-nio-auto-2"]
四月 16, 2021 10:03:10 上午 org.apache.tomcat.util.net.NioSelectorPool getSharedSelector
信息: Using a shared selector for servlet write/read
四月 16, 2021 10:03:10 上午 org.apache.catalina.core.StandardService startInternal
信息: Starting service [Tomcat]
四月 16, 2021 10:03:10 上午 org.apache.catalina.core.StandardEngine startInternal
信息: Starting Servlet Engine: Apache Tomcat/8.5.45
四月 16, 2021 10:03:10 上午 org.apache.coyote.AbstractProtocol start
信息: Starting ProtocolHandler ["http-nio-auto-2-55921"]
四月 16, 2021 10:03:10 上午 org.apache.catalina.core.ApplicationContext log
信息: Initializing Spring FrameworkServlet 'dispatcherServlet'
四月 16, 2021 10:03:10 上午 org.apache.catalina.core.ApplicationContext log
信息: Destroying Spring FrameworkServlet 'dispatcherServlet'
四月 16, 2021 10:03:10 上午 org.apache.coyote.AbstractProtocol pause
信息: Pausing ProtocolHandler ["http-nio-auto-2-55921"]
四月 16, 2021 10:03:11 上午 org.apache.catalina.core.StandardService stopInternal
信息: Stopping service [Tomcat]
四月 16, 2021 10:03:11 上午 org.apache.coyote.AbstractProtocol stop
信息: Stopping ProtocolHandler ["http-nio-auto-2-55921"]
]]></system-err>
</testsuite>
