<?xml version="1.0" encoding="UTF-8"?>
<testsuite name="org.springframework.web.socket.config.HandlersBeanDefinitionParserTests" tests="4" skipped="0" failures="0" errors="0" timestamp="2021-04-16T02:03:14" hostname="DESKTOP-3R4DVF7" time="0.414">
  <properties/>
  <testcase name="sockJs" classname="org.springframework.web.socket.config.HandlersBeanDefinitionParserTests" time="0.281"/>
  <testcase name="webSocketHandlersAttributes" classname="org.springframework.web.socket.config.HandlersBeanDefinitionParserTests" time="0.045"/>
  <testcase name="sockJsAttributes" classname="org.springframework.web.socket.config.HandlersBeanDefinitionParserTests" time="0.052"/>
  <testcase name="webSocketHandlers" classname="org.springframework.web.socket.config.HandlersBeanDefinitionParserTests" time="0.034"/>
  <system-out><![CDATA[]]></system-out>
  <system-err><![CDATA[]]></system-err>
</testsuite>
