<?xml version="1.0" encoding="UTF-8"?>
<testsuite name="org.springframework.web.socket.messaging.StompSubProtocolHandlerTests" tests="18" skipped="0" failures="0" errors="0" timestamp="2021-04-16T02:03:17" hostname="DESKTOP-3R4DVF7" time="0.05">
  <properties/>
  <testcase name="handleMessageFromClientWithTokenAuthentication" classname="org.springframework.web.socket.messaging.StompSubProtocolHandlerTests" time="0.007"/>
  <testcase name="eventPublication" classname="org.springframework.web.socket.messaging.StompSubProtocolHandlerTests" time="0.001"/>
  <testcase name="webSocketScope" classname="org.springframework.web.socket.messaging.StompSubProtocolHandlerTests" time="0.006"/>
  <testcase name="handleMessageToClientWithSimpConnectAck" classname="org.springframework.web.socket.messaging.StompSubProtocolHandlerTests" time="0.0"/>
  <testcase name="handleMessageToClientWithHeartbeatSuppressingSockJsHeartbeat" classname="org.springframework.web.socket.messaging.StompSubProtocolHandlerTests" time="0.013"/>
  <testcase name="handleMessageFromClientWithoutImmutableMessageInterceptor" classname="org.springframework.web.socket.messaging.StompSubProtocolHandlerTests" time="0.001"/>
  <testcase name="handleMessageToClientWithSimpConnectAckDefaultHeartBeat" classname="org.springframework.web.socket.messaging.StompSubProtocolHandlerTests" time="0.0"/>
  <testcase name="handleMessageToClientWithBinaryWebSocketMessage" classname="org.springframework.web.socket.messaging.StompSubProtocolHandlerTests" time="0.001"/>
  <testcase name="handleMessageToClientWithConnectedFrame" classname="org.springframework.web.socket.messaging.StompSubProtocolHandlerTests" time="0.0"/>
  <testcase name="handleMessageToClientWithSimpHeartbeat" classname="org.springframework.web.socket.messaging.StompSubProtocolHandlerTests" time="0.0"/>
  <testcase name="handleMessageToClientWithUserDestination" classname="org.springframework.web.socket.messaging.StompSubProtocolHandlerTests" time="0.0"/>
  <testcase name="handleMessageToClientWithSimpDisconnectAckAndReceipt" classname="org.springframework.web.socket.messaging.StompSubProtocolHandlerTests" time="0.0"/>
  <testcase name="handleMessageFromClientWithInvalidStompCommand" classname="org.springframework.web.socket.messaging.StompSubProtocolHandlerTests" time="0.008"/>
  <testcase name="eventPublicationWithExceptions" classname="org.springframework.web.socket.messaging.StompSubProtocolHandlerTests" time="0.007"/>
  <testcase name="handleMessageToClientWithSimpDisconnectAck" classname="org.springframework.web.socket.messaging.StompSubProtocolHandlerTests" time="0.0"/>
  <testcase name="handleMessageToClientWithDestinationUserNameProvider" classname="org.springframework.web.socket.messaging.StompSubProtocolHandlerTests" time="0.002"/>
  <testcase name="handleMessageFromClientWithImmutableMessageInterceptor" classname="org.springframework.web.socket.messaging.StompSubProtocolHandlerTests" time="0.001"/>
  <testcase name="handleMessageFromClient" classname="org.springframework.web.socket.messaging.StompSubProtocolHandlerTests" time="0.001"/>
  <system-out><![CDATA[10:03:17.722 [Test worker] ERROR org.springframework.web.socket.messaging.StompSubProtocolHandler - Failed to parse TextMessage payload=[FOO

?], byteCount=6, last=true] in session s1. Sending STOMP ERROR to client.
java.lang.IllegalArgumentException: No enum constant org.springframework.messaging.simp.stomp.StompCommand.FOO
	at java.lang.Enum.valueOf(Enum.java:238) ~[?:1.8.0_271]
	at org.springframework.messaging.simp.stomp.StompCommand.valueOf(StompCommand.java:28) ~[spring-messaging-5.0.21.BUILD-SNAPSHOT.jar:5.0.21.BUILD-SNAPSHOT]
	at org.springframework.messaging.simp.stomp.StompDecoder.decodeMessage(StompDecoder.java:143) ~[spring-messaging-5.0.21.BUILD-SNAPSHOT.jar:5.0.21.BUILD-SNAPSHOT]
	at org.springframework.messaging.simp.stomp.StompDecoder.decode(StompDecoder.java:114) ~[spring-messaging-5.0.21.BUILD-SNAPSHOT.jar:5.0.21.BUILD-SNAPSHOT]
	at org.springframework.messaging.simp.stomp.BufferingStompDecoder.decode(BufferingStompDecoder.java:114) ~[spring-messaging-5.0.21.BUILD-SNAPSHOT.jar:5.0.21.BUILD-SNAPSHOT]
	at org.springframework.web.socket.messaging.StompSubProtocolHandler.handleMessageFromClient(StompSubProtocolHandler.java:234) [main/:?]
	at org.springframework.web.socket.messaging.StompSubProtocolHandlerTests.handleMessageFromClientWithInvalidStompCommand(StompSubProtocolHandlerTests.java:389) [test/:?]
	at sun.reflect.NativeMethodAccessorImpl.invoke0(Native Method) ~[?:1.8.0_271]
	at sun.reflect.NativeMethodAccessorImpl.invoke(NativeMethodAccessorImpl.java:62) ~[?:1.8.0_271]
	at sun.reflect.DelegatingMethodAccessorImpl.invoke(DelegatingMethodAccessorImpl.java:43) ~[?:1.8.0_271]
	at java.lang.reflect.Method.invoke(Method.java:498) ~[?:1.8.0_271]
	at org.junit.runners.model.FrameworkMethod$1.runReflectiveCall(FrameworkMethod.java:50) [junit-4.12.jar:4.12]
	at org.junit.internal.runners.model.ReflectiveCallable.run(ReflectiveCallable.java:12) [junit-4.12.jar:4.12]
	at org.junit.runners.model.FrameworkMethod.invokeExplosively(FrameworkMethod.java:47) [junit-4.12.jar:4.12]
	at org.junit.internal.runners.statements.InvokeMethod.evaluate(InvokeMethod.java:17) [junit-4.12.jar:4.12]
	at org.junit.internal.runners.statements.RunBefores.evaluate(RunBefores.java:26) [junit-4.12.jar:4.12]
	at org.junit.runners.ParentRunner.runLeaf(ParentRunner.java:325) [junit-4.12.jar:4.12]
	at org.junit.runners.BlockJUnit4ClassRunner.runChild(BlockJUnit4ClassRunner.java:78) [junit-4.12.jar:4.12]
	at org.junit.runners.BlockJUnit4ClassRunner.runChild(BlockJUnit4ClassRunner.java:57) [junit-4.12.jar:4.12]
	at org.junit.runners.ParentRunner$3.run(ParentRunner.java:290) [junit-4.12.jar:4.12]
	at org.junit.runners.ParentRunner$1.schedule(ParentRunner.java:71) [junit-4.12.jar:4.12]
	at org.junit.runners.ParentRunner.runChildren(ParentRunner.java:288) [junit-4.12.jar:4.12]
	at org.junit.runners.ParentRunner.access$000(ParentRunner.java:58) [junit-4.12.jar:4.12]
	at org.junit.runners.ParentRunner$2.evaluate(ParentRunner.java:268) [junit-4.12.jar:4.12]
	at org.junit.runners.ParentRunner.run(ParentRunner.java:363) [junit-4.12.jar:4.12]
	at org.gradle.api.internal.tasks.testing.junit.JUnitTestClassExecuter.runTestClass(JUnitTestClassExecuter.java:114) [gradle-testing-jvm-4.4.1.jar:4.4.1]
	at org.gradle.api.internal.tasks.testing.junit.JUnitTestClassExecuter.execute(JUnitTestClassExecuter.java:57) [gradle-testing-jvm-4.4.1.jar:4.4.1]
	at org.gradle.api.internal.tasks.testing.junit.JUnitTestClassProcessor.processTestClass(JUnitTestClassProcessor.java:66) [gradle-testing-jvm-4.4.1.jar:4.4.1]
	at org.gradle.api.internal.tasks.testing.SuiteTestClassProcessor.processTestClass(SuiteTestClassProcessor.java:51) [gradle-testing-base-4.4.1.jar:4.4.1]
	at sun.reflect.GeneratedMethodAccessor73.invoke(Unknown Source) ~[?:?]
	at sun.reflect.DelegatingMethodAccessorImpl.invoke(DelegatingMethodAccessorImpl.java:43) ~[?:1.8.0_271]
	at java.lang.reflect.Method.invoke(Method.java:498) ~[?:1.8.0_271]
	at org.gradle.internal.dispatch.ReflectionDispatch.dispatch(ReflectionDispatch.java:35) [gradle-messaging-4.4.1.jar:4.4.1]
	at org.gradle.internal.dispatch.ReflectionDispatch.dispatch(ReflectionDispatch.java:24) [gradle-messaging-4.4.1.jar:4.4.1]
	at org.gradle.internal.dispatch.ContextClassLoaderDispatch.dispatch(ContextClassLoaderDispatch.java:32) [gradle-messaging-4.4.1.jar:4.4.1]
	at org.gradle.internal.dispatch.ProxyDispatchAdapter$DispatchingInvocationHandler.invoke(ProxyDispatchAdapter.java:93) [gradle-messaging-4.4.1.jar:4.4.1]
	at com.sun.proxy.$Proxy1.processTestClass(Unknown Source) [?:?]
	at org.gradle.api.internal.tasks.testing.worker.TestWorker.processTestClass(TestWorker.java:108) [gradle-testing-base-4.4.1.jar:4.4.1]
	at sun.reflect.GeneratedMethodAccessor72.invoke(Unknown Source) ~[?:?]
	at sun.reflect.DelegatingMethodAccessorImpl.invoke(DelegatingMethodAccessorImpl.java:43) ~[?:1.8.0_271]
	at java.lang.reflect.Method.invoke(Method.java:498) ~[?:1.8.0_271]
	at org.gradle.internal.dispatch.ReflectionDispatch.dispatch(ReflectionDispatch.java:35) [gradle-messaging-4.4.1.jar:4.4.1]
	at org.gradle.internal.dispatch.ReflectionDispatch.dispatch(ReflectionDispatch.java:24) [gradle-messaging-4.4.1.jar:4.4.1]
	at org.gradle.internal.remote.internal.hub.MessageHubBackedObjectConnection$DispatchWrapper.dispatch(MessageHubBackedObjectConnection.java:146) [gradle-messaging-4.4.1.jar:4.4.1]
	at org.gradle.internal.remote.internal.hub.MessageHubBackedObjectConnection$DispatchWrapper.dispatch(MessageHubBackedObjectConnection.java:128) [gradle-messaging-4.4.1.jar:4.4.1]
	at org.gradle.internal.remote.internal.hub.MessageHub$Handler.run(MessageHub.java:404) [gradle-messaging-4.4.1.jar:4.4.1]
	at org.gradle.internal.concurrent.ExecutorPolicy$CatchAndRecordFailures.onExecute(ExecutorPolicy.java:63) [gradle-base-services-4.4.1.jar:4.4.1]
	at org.gradle.internal.concurrent.ManagedExecutorImpl$1.run(ManagedExecutorImpl.java:46) [gradle-base-services-4.4.1.jar:4.4.1]
	at java.util.concurrent.ThreadPoolExecutor.runWorker(ThreadPoolExecutor.java:1149) [?:1.8.0_271]
	at java.util.concurrent.ThreadPoolExecutor$Worker.run(ThreadPoolExecutor.java:624) [?:1.8.0_271]
	at org.gradle.internal.concurrent.ThreadFactoryImpl$ManagedThreadRunnable.run(ThreadFactoryImpl.java:55) [gradle-base-services-4.4.1.jar:4.4.1]
	at java.lang.Thread.run(Thread.java:748) [?:1.8.0_271]
]]></system-out>
  <system-err><![CDATA[]]></system-err>
</testsuite>
