<?xml version="1.0" encoding="UTF-8"?>
<testsuite name="org.springframework.web.socket.adapter.standard.ConvertingEncoderDecoderSupportTests" tests="13" skipped="0" failures="0" errors="0" timestamp="2021-04-16T02:03:02" hostname="DESKTOP-3R4DVF7" time="1.61">
  <properties/>
  <testcase name="decodeFromText" classname="org.springframework.web.socket.adapter.standard.ConvertingEncoderDecoderSupportTests" time="1.211"/>
  <testcase name="encodeToBinary" classname="org.springframework.web.socket.adapter.standard.ConvertingEncoderDecoderSupportTests" time="0.026"/>
  <testcase name="encodeToTextCannotConvert" classname="org.springframework.web.socket.adapter.standard.ConvertingEncoderDecoderSupportTests" time="0.067"/>
  <testcase name="cannotFindConversionService" classname="org.springframework.web.socket.adapter.standard.ConvertingEncoderDecoderSupportTests" time="0.074"/>
  <testcase name="encodeToText" classname="org.springframework.web.socket.adapter.standard.ConvertingEncoderDecoderSupportTests" time="0.013"/>
  <testcase name="encodeAndDecodeBytes" classname="org.springframework.web.socket.adapter.standard.ConvertingEncoderDecoderSupportTests" time="0.016"/>
  <testcase name="decodeFromBinary" classname="org.springframework.web.socket.adapter.standard.ConvertingEncoderDecoderSupportTests" time="0.015"/>
  <testcase name="cannotFindApplicationContext" classname="org.springframework.web.socket.adapter.standard.ConvertingEncoderDecoderSupportTests" time="0.015"/>
  <testcase name="encodeAndDecodeText" classname="org.springframework.web.socket.adapter.standard.ConvertingEncoderDecoderSupportTests" time="0.018"/>
  <testcase name="decodeFromTextCannotConvert" classname="org.springframework.web.socket.adapter.standard.ConvertingEncoderDecoderSupportTests" time="0.027"/>
  <testcase name="encodeToBinaryCannotConvert" classname="org.springframework.web.socket.adapter.standard.ConvertingEncoderDecoderSupportTests" time="0.033"/>
  <testcase name="decodeFromBinaryCannotConvert" classname="org.springframework.web.socket.adapter.standard.ConvertingEncoderDecoderSupportTests" time="0.038"/>
  <testcase name="autowiresIntoEncoder" classname="org.springframework.web.socket.adapter.standard.ConvertingEncoderDecoderSupportTests" time="0.054"/>
  <system-out><![CDATA[]]></system-out>
  <system-err><![CDATA[]]></system-err>
</testsuite>
