<?xml version="1.0" encoding="UTF-8"?>
<testsuite name="org.springframework.web.socket.server.DefaultHandshakeHandlerTests" tests="4" skipped="0" failures="0" errors="0" timestamp="2021-04-16T02:03:30" hostname="DESKTOP-3R4DVF7" time="0.021">
  <properties/>
  <testcase name="subProtocolCapableHandlerNoMatch" classname="org.springframework.web.socket.server.DefaultHandshakeHandlerTests" time="0.019"/>
  <testcase name="supportedExtensions" classname="org.springframework.web.socket.server.DefaultHandshakeHandlerTests" time="0.001"/>
  <testcase name="subProtocolCapableHandler" classname="org.springframework.web.socket.server.DefaultHandshakeHandlerTests" time="0.001"/>
  <testcase name="supportedSubProtocols" classname="org.springframework.web.socket.server.DefaultHandshakeHandlerTests" time="0.0"/>
  <system-out><![CDATA[]]></system-out>
  <system-err><![CDATA[]]></system-err>
</testsuite>
