<?xml version="1.0" encoding="UTF-8"?>
<testsuite name="org.springframework.web.socket.handler.BeanCreatingHandlerProviderTests" tests="3" skipped="0" failures="0" errors="0" timestamp="2021-04-16T02:03:17" hostname="DESKTOP-3R4DVF7" time="0.043">
  <properties/>
  <testcase name="getHandlerNoBeanFactory" classname="org.springframework.web.socket.handler.BeanCreatingHandlerProviderTests" time="0.002"/>
  <testcase name="getHandlerWithBeanFactory" classname="org.springframework.web.socket.handler.BeanCreatingHandlerProviderTests" time="0.04"/>
  <testcase name="getHandlerSimpleInstantiation" classname="org.springframework.web.socket.handler.BeanCreatingHandlerProviderTests" time="0.001"/>
  <system-out><![CDATA[]]></system-out>
  <system-err><![CDATA[]]></system-err>
</testsuite>
