<?xml version="1.0" encoding="UTF-8"?>
<testsuite name="org.springframework.web.socket.server.standard.ServerEndpointExporterTests" tests="6" skipped="0" failures="0" errors="0" timestamp="2021-04-16T02:03:30" hostname="DESKTOP-3R4DVF7" time="0.188">
  <properties/>
  <testcase name="addServerEndpointConfigBeanWithExplicitServerContainer" classname="org.springframework.web.socket.server.standard.ServerEndpointExporterTests" time="0.134"/>
  <testcase name="addAnnotatedEndpointClassesWithExplicitServerContainerOnly" classname="org.springframework.web.socket.server.standard.ServerEndpointExporterTests" time="0.012"/>
  <testcase name="addServerEndpointConfigBean" classname="org.springframework.web.socket.server.standard.ServerEndpointExporterTests" time="0.01"/>
  <testcase name="addAnnotatedEndpointClasses" classname="org.springframework.web.socket.server.standard.ServerEndpointExporterTests" time="0.01"/>
  <testcase name="addAnnotatedEndpointClassesWithServletContextOnly" classname="org.springframework.web.socket.server.standard.ServerEndpointExporterTests" time="0.01"/>
  <testcase name="addServerEndpointConfigBeanWithExplicitServletContext" classname="org.springframework.web.socket.server.standard.ServerEndpointExporterTests" time="0.012"/>
  <system-out><![CDATA[]]></system-out>
  <system-err><![CDATA[]]></system-err>
</testsuite>
