<?xml version="1.0" encoding="UTF-8"?>
<testsuite name="org.springframework.web.socket.client.standard.StandardWebSocketClientTests" tests="9" skipped="0" failures="0" errors="0" timestamp="2021-04-16T02:03:05" hostname="DESKTOP-3R4DVF7" time="0.043">
  <properties/>
  <testcase name="standardWebSocketClientConfiguratorInsertsHandshakeHeaders" classname="org.springframework.web.socket.client.standard.StandardWebSocketClientTests" time="0.028"/>
  <testcase name="testGetLocalAddress" classname="org.springframework.web.socket.client.standard.StandardWebSocketClientTests" time="0.002"/>
  <testcase name="clientEndpointConfig" classname="org.springframework.web.socket.client.standard.StandardWebSocketClientTests" time="0.003"/>
  <testcase name="handshakeHeaders" classname="org.springframework.web.socket.client.standard.StandardWebSocketClientTests" time="0.002"/>
  <testcase name="testGetLocalAddressWss" classname="org.springframework.web.socket.client.standard.StandardWebSocketClientTests" time="0.002"/>
  <testcase name="taskExecutor" classname="org.springframework.web.socket.client.standard.StandardWebSocketClientTests" time="0.001"/>
  <testcase name="clientEndpointConfigWithUserProperties" classname="org.springframework.web.socket.client.standard.StandardWebSocketClientTests" time="0.002"/>
  <testcase name="testGetLocalAddressNoScheme" classname="org.springframework.web.socket.client.standard.StandardWebSocketClientTests" time="0.0"/>
  <testcase name="testGetRemoteAddress" classname="org.springframework.web.socket.client.standard.StandardWebSocketClientTests" time="0.002"/>
  <system-out><![CDATA[]]></system-out>
  <system-err><![CDATA[]]></system-err>
</testsuite>
