<?xml version="1.0" encoding="UTF-8"?>
<testsuite name="org.springframework.web.socket.sockjs.transport.handler.HttpSendingTransportHandlerTests" tests="6" skipped="0" failures="0" errors="0" timestamp="2021-04-16T02:03:32" hostname="DESKTOP-3R4DVF7" time="0.051">
  <properties/>
  <testcase name="jsonpTransport" classname="org.springframework.web.socket.sockjs.transport.handler.HttpSendingTransportHandlerTests" time="0.016"/>
  <testcase name="handleRequestXhrStreaming" classname="org.springframework.web.socket.sockjs.transport.handler.HttpSendingTransportHandlerTests" time="0.008"/>
  <testcase name="eventSourceTransport" classname="org.springframework.web.socket.sockjs.transport.handler.HttpSendingTransportHandlerTests" time="0.007"/>
  <testcase name="htmlFileTransport" classname="org.springframework.web.socket.sockjs.transport.handler.HttpSendingTransportHandlerTests" time="0.007"/>
  <testcase name="frameFormats" classname="org.springframework.web.socket.sockjs.transport.handler.HttpSendingTransportHandlerTests" time="0.006"/>
  <testcase name="handleRequestXhr" classname="org.springframework.web.socket.sockjs.transport.handler.HttpSendingTransportHandlerTests" time="0.007"/>
  <system-out><![CDATA[]]></system-out>
  <system-err><![CDATA[]]></system-err>
</testsuite>
