<?xml version="1.0" encoding="UTF-8"?>
<testsuite name="org.springframework.web.socket.sockjs.transport.handler.SockJsWebSocketHandlerTests" tests="2" skipped="0" failures="0" errors="0" timestamp="2021-04-16T02:03:32" hostname="DESKTOP-3R4DVF7" time="0.015">
  <properties/>
  <testcase name="getSubProtocols" classname="org.springframework.web.socket.sockjs.transport.handler.SockJsWebSocketHandlerTests" time="0.008"/>
  <testcase name="getSubProtocolsNone" classname="org.springframework.web.socket.sockjs.transport.handler.SockJsWebSocketHandlerTests" time="0.007"/>
  <system-out><![CDATA[]]></system-out>
  <system-err><![CDATA[]]></system-err>
</testsuite>
