<?xml version="1.0" encoding="UTF-8"?>
<testsuite name="org.springframework.web.socket.client.WebSocketConnectionManagerTests" tests="2" skipped="0" failures="0" errors="0" timestamp="2021-04-16T02:03:05" hostname="DESKTOP-3R4DVF7" time="0.052">
  <properties/>
  <testcase name="openConnection" classname="org.springframework.web.socket.client.WebSocketConnectionManagerTests" time="0.051"/>
  <testcase name="clientLifecycle" classname="org.springframework.web.socket.client.WebSocketConnectionManagerTests" time="0.001"/>
  <system-out><![CDATA[]]></system-out>
  <system-err><![CDATA[]]></system-err>
</testsuite>
