<?xml version="1.0" encoding="UTF-8"?>
<testsuite name="org.springframework.web.socket.sockjs.support.SockJsServiceTests" tests="13" skipped="0" failures="0" errors="0" timestamp="2021-04-16T02:03:31" hostname="DESKTOP-3R4DVF7" time="0.056">
  <properties/>
  <testcase name="handleIframeRequest" classname="org.springframework.web.socket.sockjs.support.SockJsServiceTests" time="0.003"/>
  <testcase name="handleInfoGetWithOrigin" classname="org.springframework.web.socket.sockjs.support.SockJsServiceTests" time="0.001"/>
  <testcase name="handleInfoGet" classname="org.springframework.web.socket.sockjs.support.SockJsServiceTests" time="0.001"/>
  <testcase name="handleInfoOptionsWithAllowedOrigin" classname="org.springframework.web.socket.sockjs.support.SockJsServiceTests" time="0.004"/>
  <testcase name="handleInfoGetWildflyNPE" classname="org.springframework.web.socket.sockjs.support.SockJsServiceTests" time="0.044"/>
  <testcase name="handleEmptyContentType" classname="org.springframework.web.socket.sockjs.support.SockJsServiceTests" time="0.0"/>
  <testcase name="handleInfoOptionsWithForbiddenOrigin" classname="org.springframework.web.socket.sockjs.support.SockJsServiceTests" time="0.001"/>
  <testcase name="handleInfoOptionsWithOriginAndCorsHeadersDisabled" classname="org.springframework.web.socket.sockjs.support.SockJsServiceTests" time="0.0"/>
  <testcase name="handleIframeRequestNotModified" classname="org.springframework.web.socket.sockjs.support.SockJsServiceTests" time="0.0"/>
  <testcase name="handleRawWebSocketRequest" classname="org.springframework.web.socket.sockjs.support.SockJsServiceTests" time="0.001"/>
  <testcase name="validateRequest" classname="org.springframework.web.socket.sockjs.support.SockJsServiceTests" time="0.0"/>
  <testcase name="handleInfoOptions" classname="org.springframework.web.socket.sockjs.support.SockJsServiceTests" time="0.001"/>
  <testcase name="handleInfoGetCorsFilter" classname="org.springframework.web.socket.sockjs.support.SockJsServiceTests" time="0.0"/>
  <system-out><![CDATA[10:03:31.643 [Test worker] WARN  org.springframework.web.socket.sockjs.support.SockJsServiceTests$TestSockJsService - Origin header value 'http://mydomain2.com' not allowed.
10:03:31.693 [Test worker] WARN  org.springframework.web.socket.sockjs.support.SockJsServiceTests$TestSockJsService - Origin header value 'http://mydomain2.com' not allowed.
10:03:31.693 [Test worker] WARN  org.springframework.web.socket.sockjs.support.SockJsServiceTests$TestSockJsService - Origin header value 'http://mydomain2.com' not allowed.
10:03:31.693 [Test worker] WARN  org.springframework.web.socket.sockjs.support.SockJsServiceTests$TestSockJsService - Origin header value 'http://mydomain2.com' not allowed.
10:03:31.694 [Test worker] WARN  org.springframework.web.socket.sockjs.support.SockJsServiceTests$TestSockJsService - Invalid SockJS path '//' - required to have 3 path segments
10:03:31.694 [Test worker] WARN  org.springframework.web.socket.sockjs.support.SockJsServiceTests$TestSockJsService - Invalid SockJS path '///' - required to have 3 path segments
10:03:31.694 [Test worker] WARN  org.springframework.web.socket.sockjs.support.SockJsServiceTests$TestSockJsService - Invalid SockJS path '/other' - required to have 3 path segments
10:03:31.694 [Test worker] WARN  org.springframework.web.socket.sockjs.support.SockJsServiceTests$TestSockJsService - Invalid SockJS path '//service/websocket' - required to have 3 path segments
10:03:31.694 [Test worker] WARN  org.springframework.web.socket.sockjs.support.SockJsServiceTests$TestSockJsService - Invalid SockJS path '/server//websocket' - required to have 3 path segments
10:03:31.694 [Test worker] WARN  org.springframework.web.socket.sockjs.support.SockJsServiceTests$TestSockJsService - Invalid SockJS path '/server/session/' - required to have 3 path segments
10:03:31.695 [Test worker] WARN  org.springframework.web.socket.sockjs.support.SockJsServiceTests$TestSockJsService - Either server or session contains a "." which is not allowed by SockJS protocol.
10:03:31.695 [Test worker] WARN  org.springframework.web.socket.sockjs.support.SockJsServiceTests$TestSockJsService - Either server or session contains a "." which is not allowed by SockJS protocol.
]]></system-out>
  <system-err><![CDATA[]]></system-err>
</testsuite>
