<?xml version="1.0" encoding="UTF-8"?>
<testsuite name="org.springframework.web.bind.support.WebExchangeDataBinderTests" tests="10" skipped="0" failures="0" errors="0" timestamp="2021-04-16T01:56:34" hostname="DESKTOP-3R4DVF7" time="0.051">
  <properties/>
  <testcase name="testFieldDefault" classname="org.springframework.web.bind.support.WebExchangeDataBinderTests" time="0.019"/>
  <testcase name="testFieldPrefixCausesFieldReset" classname="org.springframework.web.bind.support.WebExchangeDataBinderTests" time="0.002"/>
  <testcase name="testBindingWithNestedObjectCreation" classname="org.springframework.web.bind.support.WebExchangeDataBinderTests" time="0.001"/>
  <testcase name="testFieldDefaultPreemptsFieldMarker" classname="org.springframework.web.bind.support.WebExchangeDataBinderTests" time="0.004"/>
  <testcase name="testMultipart" classname="org.springframework.web.bind.support.WebExchangeDataBinderTests" time="0.017"/>
  <testcase name="testFieldDefaultNonBoolean" classname="org.springframework.web.bind.support.WebExchangeDataBinderTests" time="0.002"/>
  <testcase name="testBindingWithQueryParams" classname="org.springframework.web.bind.support.WebExchangeDataBinderTests" time="0.001"/>
  <testcase name="testFieldPrefixCausesFieldResetWithIgnoreUnknownFields" classname="org.springframework.web.bind.support.WebExchangeDataBinderTests" time="0.002"/>
  <testcase name="testWithCommaSeparatedStringArray" classname="org.springframework.web.bind.support.WebExchangeDataBinderTests" time="0.002"/>
  <testcase name="testBindingWithNestedObjectCreationAndWrongOrder" classname="org.springframework.web.bind.support.WebExchangeDataBinderTests" time="0.001"/>
  <system-out><![CDATA[]]></system-out>
  <system-err><![CDATA[]]></system-err>
</testsuite>
