<?xml version="1.0" encoding="UTF-8"?>
<testsuite name="org.springframework.http.converter.xml.Jaxb2CollectionHttpMessageConverterTests" tests="8" skipped="0" failures="0" errors="0" timestamp="2021-04-16T01:56:20" hostname="DESKTOP-3R4DVF7" time="0.102">
  <properties/>
  <testcase name="readXmlRootElementSet" classname="org.springframework.http.converter.xml.Jaxb2CollectionHttpMessageConverterTests" time="0.023"/>
  <testcase name="readXmlRootElementExternalEntityDisabled" classname="org.springframework.http.converter.xml.Jaxb2CollectionHttpMessageConverterTests" time="0.038"/>
  <testcase name="readXmlRootElementExternalEntityEnabled" classname="org.springframework.http.converter.xml.Jaxb2CollectionHttpMessageConverterTests" time="0.013"/>
  <testcase name="readXmlTypeSet" classname="org.springframework.http.converter.xml.Jaxb2CollectionHttpMessageConverterTests" time="0.005"/>
  <testcase name="readXmlTypeList" classname="org.springframework.http.converter.xml.Jaxb2CollectionHttpMessageConverterTests" time="0.005"/>
  <testcase name="canRead" classname="org.springframework.http.converter.xml.Jaxb2CollectionHttpMessageConverterTests" time="0.002"/>
  <testcase name="readXmlRootElementList" classname="org.springframework.http.converter.xml.Jaxb2CollectionHttpMessageConverterTests" time="0.007"/>
  <testcase name="testXmlBomb" classname="org.springframework.http.converter.xml.Jaxb2CollectionHttpMessageConverterTests" time="0.009"/>
  <system-out><![CDATA[]]></system-out>
  <system-err><![CDATA[]]></system-err>
</testsuite>
