<?xml version="1.0" encoding="UTF-8"?>
<testsuite name="org.springframework.web.filter.DelegatingFilterProxyTests" tests="13" skipped="0" failures="0" errors="0" timestamp="2021-04-16T01:56:37" hostname="DESKTOP-3R4DVF7" time="0.039">
  <properties/>
  <testcase name="testDelegatingFilterProxyNotInjectedWacServletAttrPreferred" classname="org.springframework.web.filter.DelegatingFilterProxyTests" time="0.005"/>
  <testcase name="testDelegatingFilterProxyAndCustomContextAttribute" classname="org.springframework.web.filter.DelegatingFilterProxyTests" time="0.024"/>
  <testcase name="testDelegatingFilterProxy" classname="org.springframework.web.filter.DelegatingFilterProxyTests" time="0.001"/>
  <testcase name="testDelegatingFilterProxyWithFilterDelegateInstance" classname="org.springframework.web.filter.DelegatingFilterProxyTests" time="0.0"/>
  <testcase name="testDelegatingFilterProxyWithTargetBeanNameAndNotYetRefreshedApplicationContext" classname="org.springframework.web.filter.DelegatingFilterProxyTests" time="0.001"/>
  <testcase name="testDelegatingFilterProxyInjectedPreferred" classname="org.springframework.web.filter.DelegatingFilterProxyTests" time="0.001"/>
  <testcase name="testDelegatingFilterProxyWithTargetBeanNameAndNoApplicationContext" classname="org.springframework.web.filter.DelegatingFilterProxyTests" time="0.0"/>
  <testcase name="testDelegatingFilterProxyWithTargetBeanName" classname="org.springframework.web.filter.DelegatingFilterProxyTests" time="0.001"/>
  <testcase name="testDelegatingFilterProxyWithFilterName" classname="org.springframework.web.filter.DelegatingFilterProxyTests" time="0.0"/>
  <testcase name="testDelegatingFilterProxyWithTargetFilterLifecycle" classname="org.springframework.web.filter.DelegatingFilterProxyTests" time="0.001"/>
  <testcase name="testDelegatingFilterProxyWithFrameworkServletContext" classname="org.springframework.web.filter.DelegatingFilterProxyTests" time="0.001"/>
  <testcase name="testDelegatingFilterProxyNotInjectedWithRootPreferred" classname="org.springframework.web.filter.DelegatingFilterProxyTests" time="0.001"/>
  <testcase name="testDelegatingFilterProxyWithLazyContextStartup" classname="org.springframework.web.filter.DelegatingFilterProxyTests" time="0.002"/>
  <system-out><![CDATA[09:56:37.592 [Test worker] INFO  org.springframework.web.context.support.StaticWebApplicationContext - Refreshing Root WebApplicationContext: startup date [Fri Apr 16 09:56:37 CST 2021]; root of context hierarchy
09:56:37.593 [Test worker] DEBUG org.springframework.web.context.support.StandardServletEnvironment - Adding PropertySource 'servletConfigInitParams' with lowest search precedence
09:56:37.593 [Test worker] DEBUG org.springframework.web.context.support.StandardServletEnvironment - Adding PropertySource 'servletContextInitParams' with lowest search precedence
09:56:37.593 [Test worker] DEBUG org.springframework.web.context.support.StandardServletEnvironment - Adding PropertySource 'jndiProperties' with lowest search precedence
09:56:37.593 [Test worker] DEBUG org.springframework.web.context.support.StandardServletEnvironment - Adding PropertySource 'systemProperties' with lowest search precedence
09:56:37.593 [Test worker] DEBUG org.springframework.web.context.support.StandardServletEnvironment - Adding PropertySource 'systemEnvironment' with lowest search precedence
09:56:37.593 [Test worker] DEBUG org.springframework.web.context.support.StandardServletEnvironment - Initialized StandardServletEnvironment with PropertySources [StubPropertySource {name='servletConfigInitParams'}, StubPropertySource {name='servletContextInitParams'}, JndiPropertySource {name='jndiProperties'}, PropertiesPropertySource {name='systemProperties'}, SystemEnvironmentPropertySource {name='systemEnvironment'}]
09:56:37.593 [Test worker] DEBUG org.springframework.web.context.support.StandardServletEnvironment - Replacing PropertySource 'servletContextInitParams' with 'servletContextInitParams'
09:56:37.593 [Test worker] DEBUG org.springframework.web.context.support.StaticWebApplicationContext - Bean factory for Root WebApplicationContext: org.springframework.beans.factory.support.DefaultListableBeanFactory@3d78601d: defining beans []; root of factory hierarchy
09:56:37.593 [Test worker] DEBUG org.springframework.web.context.support.StaticWebApplicationContext - Using MessageSource [org.springframework.context.support.StaticMessageSource: {}]
09:56:37.593 [Test worker] DEBUG org.springframework.web.context.support.StaticWebApplicationContext - Unable to locate ApplicationEventMulticaster with name 'applicationEventMulticaster': using default [org.springframework.context.event.SimpleApplicationEventMulticaster@610495f8]
09:56:37.593 [Test worker] DEBUG org.springframework.web.context.support.StaticWebApplicationContext - Unable to locate LifecycleProcessor with name 'lifecycleProcessor': using default [org.springframework.context.support.DefaultLifecycleProcessor@40873139]
09:56:37.596 [Test worker] INFO  org.springframework.web.context.support.StaticWebApplicationContext - Refreshing Root WebApplicationContext: startup date [Fri Apr 16 09:56:37 CST 2021]; root of context hierarchy
09:56:37.596 [Test worker] DEBUG org.springframework.web.context.support.StandardServletEnvironment - Adding PropertySource 'servletConfigInitParams' with lowest search precedence
09:56:37.596 [Test worker] DEBUG org.springframework.web.context.support.StandardServletEnvironment - Adding PropertySource 'servletContextInitParams' with lowest search precedence
09:56:37.596 [Test worker] DEBUG org.springframework.web.context.support.StandardServletEnvironment - Adding PropertySource 'jndiProperties' with lowest search precedence
09:56:37.596 [Test worker] DEBUG org.springframework.web.context.support.StandardServletEnvironment - Adding PropertySource 'systemProperties' with lowest search precedence
09:56:37.596 [Test worker] DEBUG org.springframework.web.context.support.StandardServletEnvironment - Adding PropertySource 'systemEnvironment' with lowest search precedence
09:56:37.596 [Test worker] DEBUG org.springframework.web.context.support.StandardServletEnvironment - Initialized StandardServletEnvironment with PropertySources [StubPropertySource {name='servletConfigInitParams'}, StubPropertySource {name='servletContextInitParams'}, JndiPropertySource {name='jndiProperties'}, PropertiesPropertySource {name='systemProperties'}, SystemEnvironmentPropertySource {name='systemEnvironment'}]
09:56:37.596 [Test worker] DEBUG org.springframework.web.context.support.StandardServletEnvironment - Replacing PropertySource 'servletContextInitParams' with 'servletContextInitParams'
09:56:37.596 [Test worker] DEBUG org.springframework.web.context.support.StaticWebApplicationContext - Bean factory for Root WebApplicationContext: org.springframework.beans.factory.support.DefaultListableBeanFactory@37e322f9: defining beans [targetFilter]; root of factory hierarchy
09:56:37.596 [Test worker] DEBUG org.springframework.web.context.support.StaticWebApplicationContext - Using MessageSource [org.springframework.context.support.StaticMessageSource: {}]
09:56:37.596 [Test worker] DEBUG org.springframework.web.context.support.StaticWebApplicationContext - Unable to locate ApplicationEventMulticaster with name 'applicationEventMulticaster': using default [org.springframework.context.event.SimpleApplicationEventMulticaster@3cfde650]
09:56:37.596 [Test worker] DEBUG org.springframework.web.context.support.StaticWebApplicationContext - Unable to locate LifecycleProcessor with name 'lifecycleProcessor': using default [org.springframework.context.support.DefaultLifecycleProcessor@12a7efdc]
09:56:37.598 [Test worker] INFO  org.springframework.web.context.support.StaticWebApplicationContext - Refreshing Root WebApplicationContext: startup date [Fri Apr 16 09:56:37 CST 2021]; root of context hierarchy
09:56:37.598 [Test worker] DEBUG org.springframework.web.context.support.StandardServletEnvironment - Adding PropertySource 'servletConfigInitParams' with lowest search precedence
09:56:37.598 [Test worker] DEBUG org.springframework.web.context.support.StandardServletEnvironment - Adding PropertySource 'servletContextInitParams' with lowest search precedence
09:56:37.598 [Test worker] DEBUG org.springframework.web.context.support.StandardServletEnvironment - Adding PropertySource 'jndiProperties' with lowest search precedence
09:56:37.598 [Test worker] DEBUG org.springframework.web.context.support.StandardServletEnvironment - Adding PropertySource 'systemProperties' with lowest search precedence
09:56:37.598 [Test worker] DEBUG org.springframework.web.context.support.StandardServletEnvironment - Adding PropertySource 'systemEnvironment' with lowest search precedence
09:56:37.598 [Test worker] DEBUG org.springframework.web.context.support.StandardServletEnvironment - Initialized StandardServletEnvironment with PropertySources [StubPropertySource {name='servletConfigInitParams'}, StubPropertySource {name='servletContextInitParams'}, JndiPropertySource {name='jndiProperties'}, PropertiesPropertySource {name='systemProperties'}, SystemEnvironmentPropertySource {name='systemEnvironment'}]
09:56:37.598 [Test worker] DEBUG org.springframework.web.context.support.StandardServletEnvironment - Replacing PropertySource 'servletContextInitParams' with 'servletContextInitParams'
09:56:37.598 [Test worker] DEBUG org.springframework.web.context.support.StaticWebApplicationContext - Bean factory for Root WebApplicationContext: org.springframework.beans.factory.support.DefaultListableBeanFactory@78d3b1ff: defining beans [targetFilter]; root of factory hierarchy
09:56:37.598 [Test worker] DEBUG org.springframework.web.context.support.StaticWebApplicationContext - Using MessageSource [org.springframework.context.support.StaticMessageSource: {}]
09:56:37.598 [Test worker] DEBUG org.springframework.web.context.support.StaticWebApplicationContext - Unable to locate ApplicationEventMulticaster with name 'applicationEventMulticaster': using default [org.springframework.context.event.SimpleApplicationEventMulticaster@6bbc469]
09:56:37.598 [Test worker] DEBUG org.springframework.web.context.support.StaticWebApplicationContext - Unable to locate LifecycleProcessor with name 'lifecycleProcessor': using default [org.springframework.context.support.DefaultLifecycleProcessor@334b7161]
09:56:37.598 [Test worker] DEBUG org.springframework.web.filter.DelegatingFilterProxy - Initializing filter ''
09:56:37.599 [Test worker] DEBUG org.springframework.web.context.support.StandardServletEnvironment - Adding PropertySource 'servletConfigInitParams' with lowest search precedence
09:56:37.599 [Test worker] DEBUG org.springframework.web.context.support.StandardServletEnvironment - Adding PropertySource 'servletContextInitParams' with lowest search precedence
09:56:37.599 [Test worker] DEBUG org.springframework.web.context.support.StandardServletEnvironment - Adding PropertySource 'jndiProperties' with lowest search precedence
09:56:37.599 [Test worker] DEBUG org.springframework.web.context.support.StandardServletEnvironment - Adding PropertySource 'systemProperties' with lowest search precedence
09:56:37.599 [Test worker] DEBUG org.springframework.web.context.support.StandardServletEnvironment - Adding PropertySource 'systemEnvironment' with lowest search precedence
09:56:37.599 [Test worker] DEBUG org.springframework.web.context.support.StandardServletEnvironment - Initialized StandardServletEnvironment with PropertySources [StubPropertySource {name='servletConfigInitParams'}, StubPropertySource {name='servletContextInitParams'}, JndiPropertySource {name='jndiProperties'}, PropertiesPropertySource {name='systemProperties'}, SystemEnvironmentPropertySource {name='systemEnvironment'}]
09:56:37.622 [Test worker] DEBUG org.springframework.web.filter.DelegatingFilterProxy - Filter '' configured successfully
09:56:37.622 [Test worker] INFO  org.springframework.web.context.support.StaticWebApplicationContext - Refreshing Root WebApplicationContext: startup date [Fri Apr 16 09:56:37 CST 2021]; root of context hierarchy
09:56:37.622 [Test worker] DEBUG org.springframework.web.context.support.StandardServletEnvironment - Adding PropertySource 'servletConfigInitParams' with lowest search precedence
09:56:37.622 [Test worker] DEBUG org.springframework.web.context.support.StandardServletEnvironment - Adding PropertySource 'servletContextInitParams' with lowest search precedence
09:56:37.622 [Test worker] DEBUG org.springframework.web.context.support.StandardServletEnvironment - Adding PropertySource 'jndiProperties' with lowest search precedence
09:56:37.622 [Test worker] DEBUG org.springframework.web.context.support.StandardServletEnvironment - Adding PropertySource 'systemProperties' with lowest search precedence
09:56:37.622 [Test worker] DEBUG org.springframework.web.context.support.StandardServletEnvironment - Adding PropertySource 'systemEnvironment' with lowest search precedence
09:56:37.622 [Test worker] DEBUG org.springframework.web.context.support.StandardServletEnvironment - Initialized StandardServletEnvironment with PropertySources [StubPropertySource {name='servletConfigInitParams'}, StubPropertySource {name='servletContextInitParams'}, JndiPropertySource {name='jndiProperties'}, PropertiesPropertySource {name='systemProperties'}, SystemEnvironmentPropertySource {name='systemEnvironment'}]
09:56:37.622 [Test worker] DEBUG org.springframework.web.context.support.StandardServletEnvironment - Replacing PropertySource 'servletContextInitParams' with 'servletContextInitParams'
09:56:37.622 [Test worker] DEBUG org.springframework.web.context.support.StaticWebApplicationContext - Bean factory for Root WebApplicationContext: org.springframework.beans.factory.support.DefaultListableBeanFactory@709a5352: defining beans [targetFilter]; root of factory hierarchy
09:56:37.622 [Test worker] DEBUG org.springframework.web.context.support.StaticWebApplicationContext - Using MessageSource [org.springframework.context.support.StaticMessageSource: {}]
09:56:37.623 [Test worker] DEBUG org.springframework.web.context.support.StaticWebApplicationContext - Unable to locate ApplicationEventMulticaster with name 'applicationEventMulticaster': using default [org.springframework.context.event.SimpleApplicationEventMulticaster@28a0cdcd]
09:56:37.623 [Test worker] DEBUG org.springframework.web.context.support.StaticWebApplicationContext - Unable to locate LifecycleProcessor with name 'lifecycleProcessor': using default [org.springframework.context.support.DefaultLifecycleProcessor@58ee8ee8]
09:56:37.623 [Test worker] DEBUG org.springframework.web.filter.DelegatingFilterProxy - Initializing filter ''
09:56:37.623 [Test worker] DEBUG org.springframework.web.context.support.StandardServletEnvironment - Adding PropertySource 'servletConfigInitParams' with lowest search precedence
09:56:37.623 [Test worker] DEBUG org.springframework.web.context.support.StandardServletEnvironment - Adding PropertySource 'servletContextInitParams' with lowest search precedence
09:56:37.623 [Test worker] DEBUG org.springframework.web.context.support.StandardServletEnvironment - Adding PropertySource 'jndiProperties' with lowest search precedence
09:56:37.623 [Test worker] DEBUG org.springframework.web.context.support.StandardServletEnvironment - Adding PropertySource 'systemProperties' with lowest search precedence
09:56:37.623 [Test worker] DEBUG org.springframework.web.context.support.StandardServletEnvironment - Adding PropertySource 'systemEnvironment' with lowest search precedence
09:56:37.623 [Test worker] DEBUG org.springframework.web.context.support.StandardServletEnvironment - Initialized StandardServletEnvironment with PropertySources [StubPropertySource {name='servletConfigInitParams'}, StubPropertySource {name='servletContextInitParams'}, JndiPropertySource {name='jndiProperties'}, PropertiesPropertySource {name='systemProperties'}, SystemEnvironmentPropertySource {name='systemEnvironment'}]
09:56:37.623 [Test worker] DEBUG org.springframework.web.filter.DelegatingFilterProxy - Filter '' configured successfully
09:56:37.623 [Test worker] DEBUG org.springframework.web.filter.DelegatingFilterProxy - Initializing filter ''
09:56:37.623 [Test worker] DEBUG org.springframework.web.filter.DelegatingFilterProxy - Filter '' configured successfully
09:56:37.623 [Test worker] DEBUG org.springframework.web.context.support.StandardServletEnvironment - Adding PropertySource 'servletConfigInitParams' with lowest search precedence
09:56:37.623 [Test worker] DEBUG org.springframework.web.context.support.StandardServletEnvironment - Adding PropertySource 'servletContextInitParams' with lowest search precedence
09:56:37.623 [Test worker] DEBUG org.springframework.web.context.support.StandardServletEnvironment - Adding PropertySource 'jndiProperties' with lowest search precedence
09:56:37.623 [Test worker] DEBUG org.springframework.web.context.support.StandardServletEnvironment - Adding PropertySource 'systemProperties' with lowest search precedence
09:56:37.624 [Test worker] DEBUG org.springframework.web.context.support.StandardServletEnvironment - Adding PropertySource 'systemEnvironment' with lowest search precedence
09:56:37.624 [Test worker] DEBUG org.springframework.web.context.support.StandardServletEnvironment - Initialized StandardServletEnvironment with PropertySources [StubPropertySource {name='servletConfigInitParams'}, StubPropertySource {name='servletContextInitParams'}, JndiPropertySource {name='jndiProperties'}, PropertiesPropertySource {name='systemProperties'}, SystemEnvironmentPropertySource {name='systemEnvironment'}]
09:56:37.624 [Test worker] DEBUG org.springframework.web.filter.DelegatingFilterProxy - Initializing filter ''
09:56:37.624 [Test worker] INFO  org.springframework.web.context.support.StaticWebApplicationContext - Refreshing Root WebApplicationContext: startup date [Fri Apr 16 09:56:37 CST 2021]; root of context hierarchy
09:56:37.624 [Test worker] DEBUG org.springframework.web.context.support.StandardServletEnvironment - Replacing PropertySource 'servletContextInitParams' with 'servletContextInitParams'
09:56:37.624 [Test worker] DEBUG org.springframework.web.context.support.StaticWebApplicationContext - Bean factory for Root WebApplicationContext: org.springframework.beans.factory.support.DefaultListableBeanFactory@796571b4: defining beans [targetFilter]; root of factory hierarchy
09:56:37.624 [Test worker] DEBUG org.springframework.web.context.support.StaticWebApplicationContext - Using MessageSource [org.springframework.context.support.StaticMessageSource: {}]
09:56:37.624 [Test worker] DEBUG org.springframework.web.context.support.StaticWebApplicationContext - Unable to locate ApplicationEventMulticaster with name 'applicationEventMulticaster': using default [org.springframework.context.event.SimpleApplicationEventMulticaster@7bb04826]
09:56:37.624 [Test worker] DEBUG org.springframework.web.context.support.StaticWebApplicationContext - Unable to locate LifecycleProcessor with name 'lifecycleProcessor': using default [org.springframework.context.support.DefaultLifecycleProcessor@63575e42]
09:56:37.624 [Test worker] DEBUG org.springframework.web.filter.DelegatingFilterProxy - Filter '' configured successfully
09:56:37.624 [Test worker] INFO  org.springframework.web.context.support.StaticWebApplicationContext - Refreshing Root WebApplicationContext: startup date [Fri Apr 16 09:56:37 CST 2021]; root of context hierarchy
09:56:37.624 [Test worker] DEBUG org.springframework.web.context.support.StandardServletEnvironment - Adding PropertySource 'servletConfigInitParams' with lowest search precedence
09:56:37.624 [Test worker] DEBUG org.springframework.web.context.support.StandardServletEnvironment - Adding PropertySource 'servletContextInitParams' with lowest search precedence
09:56:37.624 [Test worker] DEBUG org.springframework.web.context.support.StandardServletEnvironment - Adding PropertySource 'jndiProperties' with lowest search precedence
09:56:37.624 [Test worker] DEBUG org.springframework.web.context.support.StandardServletEnvironment - Adding PropertySource 'systemProperties' with lowest search precedence
09:56:37.624 [Test worker] DEBUG org.springframework.web.context.support.StandardServletEnvironment - Adding PropertySource 'systemEnvironment' with lowest search precedence
09:56:37.624 [Test worker] DEBUG org.springframework.web.context.support.StandardServletEnvironment - Initialized StandardServletEnvironment with PropertySources [StubPropertySource {name='servletConfigInitParams'}, StubPropertySource {name='servletContextInitParams'}, JndiPropertySource {name='jndiProperties'}, PropertiesPropertySource {name='systemProperties'}, SystemEnvironmentPropertySource {name='systemEnvironment'}]
09:56:37.624 [Test worker] DEBUG org.springframework.web.context.support.StandardServletEnvironment - Replacing PropertySource 'servletContextInitParams' with 'servletContextInitParams'
09:56:37.624 [Test worker] DEBUG org.springframework.web.context.support.StaticWebApplicationContext - Bean factory for Root WebApplicationContext: org.springframework.beans.factory.support.DefaultListableBeanFactory@4eb8d215: defining beans []; root of factory hierarchy
09:56:37.624 [Test worker] DEBUG org.springframework.web.context.support.StaticWebApplicationContext - Using MessageSource [org.springframework.context.support.StaticMessageSource: {}]
09:56:37.624 [Test worker] DEBUG org.springframework.web.context.support.StaticWebApplicationContext - Unable to locate ApplicationEventMulticaster with name 'applicationEventMulticaster': using default [org.springframework.context.event.SimpleApplicationEventMulticaster@6e4cbf76]
09:56:37.624 [Test worker] DEBUG org.springframework.web.context.support.StaticWebApplicationContext - Unable to locate LifecycleProcessor with name 'lifecycleProcessor': using default [org.springframework.context.support.DefaultLifecycleProcessor@34a116f1]
09:56:37.625 [Test worker] INFO  org.springframework.web.context.support.StaticWebApplicationContext - Refreshing Root WebApplicationContext: startup date [Fri Apr 16 09:56:37 CST 2021]; root of context hierarchy
09:56:37.625 [Test worker] DEBUG org.springframework.web.context.support.StandardServletEnvironment - Adding PropertySource 'servletConfigInitParams' with lowest search precedence
09:56:37.625 [Test worker] DEBUG org.springframework.web.context.support.StandardServletEnvironment - Adding PropertySource 'servletContextInitParams' with lowest search precedence
09:56:37.625 [Test worker] DEBUG org.springframework.web.context.support.StandardServletEnvironment - Adding PropertySource 'jndiProperties' with lowest search precedence
09:56:37.625 [Test worker] DEBUG org.springframework.web.context.support.StandardServletEnvironment - Adding PropertySource 'systemProperties' with lowest search precedence
09:56:37.625 [Test worker] DEBUG org.springframework.web.context.support.StandardServletEnvironment - Adding PropertySource 'systemEnvironment' with lowest search precedence
09:56:37.625 [Test worker] DEBUG org.springframework.web.context.support.StandardServletEnvironment - Initialized StandardServletEnvironment with PropertySources [StubPropertySource {name='servletConfigInitParams'}, StubPropertySource {name='servletContextInitParams'}, JndiPropertySource {name='jndiProperties'}, PropertiesPropertySource {name='systemProperties'}, SystemEnvironmentPropertySource {name='systemEnvironment'}]
09:56:37.625 [Test worker] DEBUG org.springframework.web.context.support.StandardServletEnvironment - Replacing PropertySource 'servletContextInitParams' with 'servletContextInitParams'
09:56:37.625 [Test worker] DEBUG org.springframework.web.context.support.StaticWebApplicationContext - Bean factory for Root WebApplicationContext: org.springframework.beans.factory.support.DefaultListableBeanFactory@91043a4: defining beans [targetFilter]; root of factory hierarchy
09:56:37.625 [Test worker] DEBUG org.springframework.web.context.support.StaticWebApplicationContext - Using MessageSource [org.springframework.context.support.StaticMessageSource: {}]
09:56:37.625 [Test worker] DEBUG org.springframework.web.context.support.StaticWebApplicationContext - Unable to locate ApplicationEventMulticaster with name 'applicationEventMulticaster': using default [org.springframework.context.event.SimpleApplicationEventMulticaster@3e8662d5]
09:56:37.625 [Test worker] DEBUG org.springframework.web.context.support.StaticWebApplicationContext - Unable to locate LifecycleProcessor with name 'lifecycleProcessor': using default [org.springframework.context.support.DefaultLifecycleProcessor@821e60d]
09:56:37.625 [Test worker] DEBUG org.springframework.web.filter.DelegatingFilterProxy - Initializing filter ''
09:56:37.625 [Test worker] DEBUG org.springframework.web.filter.DelegatingFilterProxy - Filter '' configured successfully
09:56:37.625 [Test worker] INFO  org.springframework.web.context.support.StaticWebApplicationContext - Refreshing Root WebApplicationContext: startup date [Fri Apr 16 09:56:37 CST 2021]; root of context hierarchy
09:56:37.625 [Test worker] DEBUG org.springframework.web.context.support.StandardServletEnvironment - Adding PropertySource 'servletConfigInitParams' with lowest search precedence
09:56:37.625 [Test worker] DEBUG org.springframework.web.context.support.StandardServletEnvironment - Adding PropertySource 'servletContextInitParams' with lowest search precedence
09:56:37.625 [Test worker] DEBUG org.springframework.web.context.support.StandardServletEnvironment - Adding PropertySource 'jndiProperties' with lowest search precedence
09:56:37.625 [Test worker] DEBUG org.springframework.web.context.support.StandardServletEnvironment - Adding PropertySource 'systemProperties' with lowest search precedence
09:56:37.625 [Test worker] DEBUG org.springframework.web.context.support.StandardServletEnvironment - Adding PropertySource 'systemEnvironment' with lowest search precedence
09:56:37.625 [Test worker] DEBUG org.springframework.web.context.support.StandardServletEnvironment - Initialized StandardServletEnvironment with PropertySources [StubPropertySource {name='servletConfigInitParams'}, StubPropertySource {name='servletContextInitParams'}, JndiPropertySource {name='jndiProperties'}, PropertiesPropertySource {name='systemProperties'}, SystemEnvironmentPropertySource {name='systemEnvironment'}]
09:56:37.625 [Test worker] DEBUG org.springframework.web.context.support.StandardServletEnvironment - Replacing PropertySource 'servletContextInitParams' with 'servletContextInitParams'
09:56:37.625 [Test worker] DEBUG org.springframework.web.context.support.StaticWebApplicationContext - Bean factory for Root WebApplicationContext: org.springframework.beans.factory.support.DefaultListableBeanFactory@6639e047: defining beans [targetFilter]; root of factory hierarchy
09:56:37.626 [Test worker] DEBUG org.springframework.web.context.support.StaticWebApplicationContext - Using MessageSource [org.springframework.context.support.StaticMessageSource: {}]
09:56:37.626 [Test worker] DEBUG org.springframework.web.context.support.StaticWebApplicationContext - Unable to locate ApplicationEventMulticaster with name 'applicationEventMulticaster': using default [org.springframework.context.event.SimpleApplicationEventMulticaster@6cb23478]
09:56:37.626 [Test worker] DEBUG org.springframework.web.context.support.StaticWebApplicationContext - Unable to locate LifecycleProcessor with name 'lifecycleProcessor': using default [org.springframework.context.support.DefaultLifecycleProcessor@53e429c9]
09:56:37.626 [Test worker] DEBUG org.springframework.web.filter.DelegatingFilterProxy - Initializing filter ''
09:56:37.626 [Test worker] DEBUG org.springframework.web.filter.DelegatingFilterProxy - Filter '' configured successfully
09:56:37.626 [Test worker] INFO  org.springframework.web.context.support.StaticWebApplicationContext - Refreshing Root WebApplicationContext: startup date [Fri Apr 16 09:56:37 CST 2021]; root of context hierarchy
09:56:37.626 [Test worker] DEBUG org.springframework.web.context.support.StandardServletEnvironment - Adding PropertySource 'servletConfigInitParams' with lowest search precedence
09:56:37.626 [Test worker] DEBUG org.springframework.web.context.support.StandardServletEnvironment - Adding PropertySource 'servletContextInitParams' with lowest search precedence
09:56:37.626 [Test worker] DEBUG org.springframework.web.context.support.StandardServletEnvironment - Adding PropertySource 'jndiProperties' with lowest search precedence
09:56:37.626 [Test worker] DEBUG org.springframework.web.context.support.StandardServletEnvironment - Adding PropertySource 'systemProperties' with lowest search precedence
09:56:37.626 [Test worker] DEBUG org.springframework.web.context.support.StandardServletEnvironment - Adding PropertySource 'systemEnvironment' with lowest search precedence
09:56:37.626 [Test worker] DEBUG org.springframework.web.context.support.StandardServletEnvironment - Initialized StandardServletEnvironment with PropertySources [StubPropertySource {name='servletConfigInitParams'}, StubPropertySource {name='servletContextInitParams'}, JndiPropertySource {name='jndiProperties'}, PropertiesPropertySource {name='systemProperties'}, SystemEnvironmentPropertySource {name='systemEnvironment'}]
09:56:37.626 [Test worker] DEBUG org.springframework.web.context.support.StandardServletEnvironment - Replacing PropertySource 'servletContextInitParams' with 'servletContextInitParams'
09:56:37.626 [Test worker] DEBUG org.springframework.web.context.support.StaticWebApplicationContext - Bean factory for Root WebApplicationContext: org.springframework.beans.factory.support.DefaultListableBeanFactory@34a881b5: defining beans [targetFilter]; root of factory hierarchy
09:56:37.626 [Test worker] DEBUG org.springframework.web.context.support.StaticWebApplicationContext - Using MessageSource [org.springframework.context.support.StaticMessageSource: {}]
09:56:37.626 [Test worker] DEBUG org.springframework.web.context.support.StaticWebApplicationContext - Unable to locate ApplicationEventMulticaster with name 'applicationEventMulticaster': using default [org.springframework.context.event.SimpleApplicationEventMulticaster@3b1ca03c]
09:56:37.626 [Test worker] DEBUG org.springframework.web.context.support.StaticWebApplicationContext - Unable to locate LifecycleProcessor with name 'lifecycleProcessor': using default [org.springframework.context.support.DefaultLifecycleProcessor@7727c0e5]
09:56:37.626 [Test worker] DEBUG org.springframework.web.filter.DelegatingFilterProxy - Initializing filter 'targetFilter'
09:56:37.626 [Test worker] DEBUG org.springframework.web.filter.DelegatingFilterProxy - Filter 'targetFilter' configured successfully
09:56:37.626 [Test worker] INFO  org.springframework.web.context.support.StaticWebApplicationContext - Refreshing Root WebApplicationContext: startup date [Fri Apr 16 09:56:37 CST 2021]; root of context hierarchy
09:56:37.627 [Test worker] DEBUG org.springframework.web.context.support.StandardServletEnvironment - Adding PropertySource 'servletConfigInitParams' with lowest search precedence
09:56:37.627 [Test worker] DEBUG org.springframework.web.context.support.StandardServletEnvironment - Adding PropertySource 'servletContextInitParams' with lowest search precedence
09:56:37.627 [Test worker] DEBUG org.springframework.web.context.support.StandardServletEnvironment - Adding PropertySource 'jndiProperties' with lowest search precedence
09:56:37.627 [Test worker] DEBUG org.springframework.web.context.support.StandardServletEnvironment - Adding PropertySource 'systemProperties' with lowest search precedence
09:56:37.627 [Test worker] DEBUG org.springframework.web.context.support.StandardServletEnvironment - Adding PropertySource 'systemEnvironment' with lowest search precedence
09:56:37.627 [Test worker] DEBUG org.springframework.web.context.support.StandardServletEnvironment - Initialized StandardServletEnvironment with PropertySources [StubPropertySource {name='servletConfigInitParams'}, StubPropertySource {name='servletContextInitParams'}, JndiPropertySource {name='jndiProperties'}, PropertiesPropertySource {name='systemProperties'}, SystemEnvironmentPropertySource {name='systemEnvironment'}]
09:56:37.627 [Test worker] DEBUG org.springframework.web.context.support.StandardServletEnvironment - Replacing PropertySource 'servletContextInitParams' with 'servletContextInitParams'
09:56:37.627 [Test worker] DEBUG org.springframework.web.context.support.StaticWebApplicationContext - Bean factory for Root WebApplicationContext: org.springframework.beans.factory.support.DefaultListableBeanFactory@6d4991cd: defining beans [targetFilter]; root of factory hierarchy
09:56:37.627 [Test worker] DEBUG org.springframework.web.context.support.StaticWebApplicationContext - Using MessageSource [org.springframework.context.support.StaticMessageSource: {}]
09:56:37.627 [Test worker] DEBUG org.springframework.web.context.support.StaticWebApplicationContext - Unable to locate ApplicationEventMulticaster with name 'applicationEventMulticaster': using default [org.springframework.context.event.SimpleApplicationEventMulticaster@7a631f64]
09:56:37.627 [Test worker] DEBUG org.springframework.web.context.support.StaticWebApplicationContext - Unable to locate LifecycleProcessor with name 'lifecycleProcessor': using default [org.springframework.context.support.DefaultLifecycleProcessor@6f10dc0f]
09:56:37.627 [Test worker] DEBUG org.springframework.web.filter.DelegatingFilterProxy - Initializing filter ''
09:56:37.627 [Test worker] DEBUG org.springframework.web.context.support.StandardServletEnvironment - Adding PropertySource 'servletConfigInitParams' with lowest search precedence
09:56:37.627 [Test worker] DEBUG org.springframework.web.context.support.StandardServletEnvironment - Adding PropertySource 'servletContextInitParams' with lowest search precedence
09:56:37.627 [Test worker] DEBUG org.springframework.web.context.support.StandardServletEnvironment - Adding PropertySource 'jndiProperties' with lowest search precedence
09:56:37.627 [Test worker] DEBUG org.springframework.web.context.support.StandardServletEnvironment - Adding PropertySource 'systemProperties' with lowest search precedence
09:56:37.627 [Test worker] DEBUG org.springframework.web.context.support.StandardServletEnvironment - Adding PropertySource 'systemEnvironment' with lowest search precedence
09:56:37.627 [Test worker] DEBUG org.springframework.web.context.support.StandardServletEnvironment - Initialized StandardServletEnvironment with PropertySources [StubPropertySource {name='servletConfigInitParams'}, StubPropertySource {name='servletContextInitParams'}, JndiPropertySource {name='jndiProperties'}, PropertiesPropertySource {name='systemProperties'}, SystemEnvironmentPropertySource {name='systemEnvironment'}]
09:56:37.628 [Test worker] DEBUG org.springframework.web.filter.DelegatingFilterProxy - Filter '' configured successfully
09:56:37.628 [Test worker] INFO  org.springframework.web.context.support.StaticWebApplicationContext - Refreshing Root WebApplicationContext: startup date [Fri Apr 16 09:56:37 CST 2021]; root of context hierarchy
09:56:37.628 [Test worker] DEBUG org.springframework.web.context.support.StandardServletEnvironment - Adding PropertySource 'servletConfigInitParams' with lowest search precedence
09:56:37.628 [Test worker] DEBUG org.springframework.web.context.support.StandardServletEnvironment - Adding PropertySource 'servletContextInitParams' with lowest search precedence
09:56:37.628 [Test worker] DEBUG org.springframework.web.context.support.StandardServletEnvironment - Adding PropertySource 'jndiProperties' with lowest search precedence
09:56:37.628 [Test worker] DEBUG org.springframework.web.context.support.StandardServletEnvironment - Adding PropertySource 'systemProperties' with lowest search precedence
09:56:37.628 [Test worker] DEBUG org.springframework.web.context.support.StandardServletEnvironment - Adding PropertySource 'systemEnvironment' with lowest search precedence
09:56:37.628 [Test worker] DEBUG org.springframework.web.context.support.StandardServletEnvironment - Initialized StandardServletEnvironment with PropertySources [StubPropertySource {name='servletConfigInitParams'}, StubPropertySource {name='servletContextInitParams'}, JndiPropertySource {name='jndiProperties'}, PropertiesPropertySource {name='systemProperties'}, SystemEnvironmentPropertySource {name='systemEnvironment'}]
09:56:37.628 [Test worker] DEBUG org.springframework.web.context.support.StandardServletEnvironment - Replacing PropertySource 'servletContextInitParams' with 'servletContextInitParams'
09:56:37.628 [Test worker] DEBUG org.springframework.web.context.support.StaticWebApplicationContext - Bean factory for Root WebApplicationContext: org.springframework.beans.factory.support.DefaultListableBeanFactory@2b11e51e: defining beans [targetFilter]; root of factory hierarchy
09:56:37.628 [Test worker] DEBUG org.springframework.web.context.support.StaticWebApplicationContext - Using MessageSource [org.springframework.context.support.StaticMessageSource: {}]
09:56:37.628 [Test worker] DEBUG org.springframework.web.context.support.StaticWebApplicationContext - Unable to locate ApplicationEventMulticaster with name 'applicationEventMulticaster': using default [org.springframework.context.event.SimpleApplicationEventMulticaster@20f20aa1]
09:56:37.628 [Test worker] DEBUG org.springframework.web.context.support.StaticWebApplicationContext - Unable to locate LifecycleProcessor with name 'lifecycleProcessor': using default [org.springframework.context.support.DefaultLifecycleProcessor@5983a151]
09:56:37.629 [Test worker] DEBUG org.springframework.web.filter.DelegatingFilterProxy - Initializing filter ''
09:56:37.629 [Test worker] DEBUG org.springframework.web.context.support.StandardServletEnvironment - Adding PropertySource 'servletConfigInitParams' with lowest search precedence
09:56:37.629 [Test worker] DEBUG org.springframework.web.context.support.StandardServletEnvironment - Adding PropertySource 'servletContextInitParams' with lowest search precedence
09:56:37.629 [Test worker] DEBUG org.springframework.web.context.support.StandardServletEnvironment - Adding PropertySource 'jndiProperties' with lowest search precedence
09:56:37.629 [Test worker] DEBUG org.springframework.web.context.support.StandardServletEnvironment - Adding PropertySource 'systemProperties' with lowest search precedence
09:56:37.629 [Test worker] DEBUG org.springframework.web.context.support.StandardServletEnvironment - Adding PropertySource 'systemEnvironment' with lowest search precedence
09:56:37.629 [Test worker] DEBUG org.springframework.web.context.support.StandardServletEnvironment - Initialized StandardServletEnvironment with PropertySources [StubPropertySource {name='servletConfigInitParams'}, StubPropertySource {name='servletContextInitParams'}, JndiPropertySource {name='jndiProperties'}, PropertiesPropertySource {name='systemProperties'}, SystemEnvironmentPropertySource {name='systemEnvironment'}]
09:56:37.629 [Test worker] DEBUG org.springframework.web.filter.DelegatingFilterProxy - Filter '' configured successfully
09:56:37.629 [Test worker] INFO  org.springframework.web.context.support.StaticWebApplicationContext - Refreshing Root WebApplicationContext: startup date [Fri Apr 16 09:56:37 CST 2021]; root of context hierarchy
09:56:37.629 [Test worker] DEBUG org.springframework.web.context.support.StandardServletEnvironment - Adding PropertySource 'servletConfigInitParams' with lowest search precedence
09:56:37.629 [Test worker] DEBUG org.springframework.web.context.support.StandardServletEnvironment - Adding PropertySource 'servletContextInitParams' with lowest search precedence
09:56:37.629 [Test worker] DEBUG org.springframework.web.context.support.StandardServletEnvironment - Adding PropertySource 'jndiProperties' with lowest search precedence
09:56:37.629 [Test worker] DEBUG org.springframework.web.context.support.StandardServletEnvironment - Adding PropertySource 'systemProperties' with lowest search precedence
09:56:37.629 [Test worker] DEBUG org.springframework.web.context.support.StandardServletEnvironment - Adding PropertySource 'systemEnvironment' with lowest search precedence
09:56:37.629 [Test worker] DEBUG org.springframework.web.context.support.StandardServletEnvironment - Initialized StandardServletEnvironment with PropertySources [StubPropertySource {name='servletConfigInitParams'}, StubPropertySource {name='servletContextInitParams'}, JndiPropertySource {name='jndiProperties'}, PropertiesPropertySource {name='systemProperties'}, SystemEnvironmentPropertySource {name='systemEnvironment'}]
09:56:37.629 [Test worker] DEBUG org.springframework.web.context.support.StandardServletEnvironment - Replacing PropertySource 'servletContextInitParams' with 'servletContextInitParams'
09:56:37.629 [Test worker] DEBUG org.springframework.web.context.support.StaticWebApplicationContext - Bean factory for Root WebApplicationContext: org.springframework.beans.factory.support.DefaultListableBeanFactory@6edfb491: defining beans []; root of factory hierarchy
09:56:37.629 [Test worker] DEBUG org.springframework.web.context.support.StaticWebApplicationContext - Using MessageSource [org.springframework.context.support.StaticMessageSource: {}]
09:56:37.629 [Test worker] DEBUG org.springframework.web.context.support.StaticWebApplicationContext - Unable to locate ApplicationEventMulticaster with name 'applicationEventMulticaster': using default [org.springframework.context.event.SimpleApplicationEventMulticaster@1a85b758]
09:56:37.629 [Test worker] DEBUG org.springframework.web.context.support.StaticWebApplicationContext - Unable to locate LifecycleProcessor with name 'lifecycleProcessor': using default [org.springframework.context.support.DefaultLifecycleProcessor@13a14fb4]
09:56:37.630 [Test worker] INFO  org.springframework.web.context.support.StaticWebApplicationContext - Refreshing Root WebApplicationContext: startup date [Fri Apr 16 09:56:37 CST 2021]; root of context hierarchy
09:56:37.630 [Test worker] DEBUG org.springframework.web.context.support.StandardServletEnvironment - Adding PropertySource 'servletConfigInitParams' with lowest search precedence
09:56:37.630 [Test worker] DEBUG org.springframework.web.context.support.StandardServletEnvironment - Adding PropertySource 'servletContextInitParams' with lowest search precedence
09:56:37.630 [Test worker] DEBUG org.springframework.web.context.support.StandardServletEnvironment - Adding PropertySource 'jndiProperties' with lowest search precedence
09:56:37.630 [Test worker] DEBUG org.springframework.web.context.support.StandardServletEnvironment - Adding PropertySource 'systemProperties' with lowest search precedence
09:56:37.630 [Test worker] DEBUG org.springframework.web.context.support.StandardServletEnvironment - Adding PropertySource 'systemEnvironment' with lowest search precedence
09:56:37.630 [Test worker] DEBUG org.springframework.web.context.support.StandardServletEnvironment - Initialized StandardServletEnvironment with PropertySources [StubPropertySource {name='servletConfigInitParams'}, StubPropertySource {name='servletContextInitParams'}, JndiPropertySource {name='jndiProperties'}, PropertiesPropertySource {name='systemProperties'}, SystemEnvironmentPropertySource {name='systemEnvironment'}]
09:56:37.630 [Test worker] DEBUG org.springframework.web.context.support.StandardServletEnvironment - Replacing PropertySource 'servletContextInitParams' with 'servletContextInitParams'
09:56:37.630 [Test worker] DEBUG org.springframework.web.context.support.StaticWebApplicationContext - Bean factory for Root WebApplicationContext: org.springframework.beans.factory.support.DefaultListableBeanFactory@1ef8e1d9: defining beans [targetFilter]; root of factory hierarchy
09:56:37.630 [Test worker] DEBUG org.springframework.web.context.support.StaticWebApplicationContext - Using MessageSource [org.springframework.context.support.StaticMessageSource: {}]
09:56:37.630 [Test worker] DEBUG org.springframework.web.context.support.StaticWebApplicationContext - Unable to locate ApplicationEventMulticaster with name 'applicationEventMulticaster': using default [org.springframework.context.event.SimpleApplicationEventMulticaster@30359c4c]
09:56:37.630 [Test worker] DEBUG org.springframework.web.context.support.StaticWebApplicationContext - Unable to locate LifecycleProcessor with name 'lifecycleProcessor': using default [org.springframework.context.support.DefaultLifecycleProcessor@78e7f245]
09:56:37.630 [Test worker] DEBUG org.springframework.web.filter.DelegatingFilterProxy - Initializing filter ''
09:56:37.630 [Test worker] DEBUG org.springframework.web.context.support.StandardServletEnvironment - Adding PropertySource 'servletConfigInitParams' with lowest search precedence
09:56:37.630 [Test worker] DEBUG org.springframework.web.context.support.StandardServletEnvironment - Adding PropertySource 'servletContextInitParams' with lowest search precedence
09:56:37.630 [Test worker] DEBUG org.springframework.web.context.support.StandardServletEnvironment - Adding PropertySource 'jndiProperties' with lowest search precedence
09:56:37.630 [Test worker] DEBUG org.springframework.web.context.support.StandardServletEnvironment - Adding PropertySource 'systemProperties' with lowest search precedence
09:56:37.630 [Test worker] DEBUG org.springframework.web.context.support.StandardServletEnvironment - Adding PropertySource 'systemEnvironment' with lowest search precedence
09:56:37.630 [Test worker] DEBUG org.springframework.web.context.support.StandardServletEnvironment - Initialized StandardServletEnvironment with PropertySources [StubPropertySource {name='servletConfigInitParams'}, StubPropertySource {name='servletContextInitParams'}, JndiPropertySource {name='jndiProperties'}, PropertiesPropertySource {name='systemProperties'}, SystemEnvironmentPropertySource {name='systemEnvironment'}]
09:56:37.631 [Test worker] DEBUG org.springframework.web.filter.DelegatingFilterProxy - Filter '' configured successfully
09:56:37.631 [Test worker] INFO  org.springframework.web.context.support.StaticWebApplicationContext - Refreshing Root WebApplicationContext: startup date [Fri Apr 16 09:56:37 CST 2021]; root of context hierarchy
09:56:37.631 [Test worker] DEBUG org.springframework.web.context.support.StandardServletEnvironment - Adding PropertySource 'servletConfigInitParams' with lowest search precedence
09:56:37.631 [Test worker] DEBUG org.springframework.web.context.support.StandardServletEnvironment - Adding PropertySource 'servletContextInitParams' with lowest search precedence
09:56:37.631 [Test worker] DEBUG org.springframework.web.context.support.StandardServletEnvironment - Adding PropertySource 'jndiProperties' with lowest search precedence
09:56:37.631 [Test worker] DEBUG org.springframework.web.context.support.StandardServletEnvironment - Adding PropertySource 'systemProperties' with lowest search precedence
09:56:37.631 [Test worker] DEBUG org.springframework.web.context.support.StandardServletEnvironment - Adding PropertySource 'systemEnvironment' with lowest search precedence
09:56:37.631 [Test worker] DEBUG org.springframework.web.context.support.StandardServletEnvironment - Initialized StandardServletEnvironment with PropertySources [StubPropertySource {name='servletConfigInitParams'}, StubPropertySource {name='servletContextInitParams'}, JndiPropertySource {name='jndiProperties'}, PropertiesPropertySource {name='systemProperties'}, SystemEnvironmentPropertySource {name='systemEnvironment'}]
09:56:37.631 [Test worker] DEBUG org.springframework.web.context.support.StandardServletEnvironment - Replacing PropertySource 'servletContextInitParams' with 'servletContextInitParams'
09:56:37.631 [Test worker] DEBUG org.springframework.web.context.support.StaticWebApplicationContext - Bean factory for Root WebApplicationContext: org.springframework.beans.factory.support.DefaultListableBeanFactory@d45f55b: defining beans [targetFilter]; root of factory hierarchy
09:56:37.631 [Test worker] DEBUG org.springframework.web.context.support.StaticWebApplicationContext - Using MessageSource [org.springframework.context.support.StaticMessageSource: {}]
09:56:37.631 [Test worker] DEBUG org.springframework.web.context.support.StaticWebApplicationContext - Unable to locate ApplicationEventMulticaster with name 'applicationEventMulticaster': using default [org.springframework.context.event.SimpleApplicationEventMulticaster@56bc72ed]
09:56:37.631 [Test worker] DEBUG org.springframework.web.context.support.StaticWebApplicationContext - Unable to locate LifecycleProcessor with name 'lifecycleProcessor': using default [org.springframework.context.support.DefaultLifecycleProcessor@36814ff9]
]]></system-out>
  <system-err><![CDATA[]]></system-err>
</testsuite>
