<?xml version="1.0" encoding="UTF-8"?>
<testsuite name="org.springframework.http.server.reactive.EchoHandlerIntegrationTests" tests="4" skipped="0" failures="0" errors="0" timestamp="2021-04-16T01:56:24" hostname="DESKTOP-3R4DVF7" time="0.695">
  <properties/>
  <testcase name="echo[server [org.springframework.http.server.reactive.bootstrap.JettyHttpServer@35287ddb]]" classname="org.springframework.http.server.reactive.EchoHandlerIntegrationTests" time="0.048"/>
  <testcase name="echo[server [org.springframework.http.server.reactive.bootstrap.ReactorHttpServer@2008f25a]]" classname="org.springframework.http.server.reactive.EchoHandlerIntegrationTests" time="0.024"/>
  <testcase name="echo[server [org.springframework.http.server.reactive.bootstrap.TomcatHttpServer@59181de8]]" classname="org.springframework.http.server.reactive.EchoHandlerIntegrationTests" time="0.569"/>
  <testcase name="echo[server [org.springframework.http.server.reactive.bootstrap.UndertowHttpServer@1c42a9d1]]" classname="org.springframework.http.server.reactive.EchoHandlerIntegrationTests" time="0.054"/>
  <system-out><![CDATA[09:56:24.103 [Test worker] DEBUG org.springframework.web.client.RestTemplate - Created POST request for "http://localhost:61951"
09:56:24.103 [Test worker] DEBUG org.springframework.web.client.RestTemplate - Setting request Accept header to [application/octet-stream, application/xml, text/xml, application/json, application/x-jackson-smile, application/cbor, application/*+xml, application/*+json, */*]
09:56:24.103 [Test worker] DEBUG org.springframework.web.client.RestTemplate - Writing [[B@af083cb] using [org.springframework.http.converter.ByteArrayHttpMessageConverter@76e6fd0]
09:56:24.131 [Test worker] DEBUG org.springframework.web.client.RestTemplate - POST request for "http://localhost:61951" resulted in 200 (OK)
09:56:24.132 [Test worker] DEBUG org.springframework.web.client.RestTemplate - Reading [[B] as "application/octet-stream" using [org.springframework.http.converter.ByteArrayHttpMessageConverter@76e6fd0]
09:56:24.145 [Test worker] DEBUG org.springframework.web.client.RestTemplate - Created POST request for "http://localhost:61965"
09:56:24.145 [Test worker] DEBUG org.springframework.web.client.RestTemplate - Setting request Accept header to [application/octet-stream, application/xml, text/xml, application/json, application/x-jackson-smile, application/cbor, application/*+xml, application/*+json, */*]
09:56:24.145 [Test worker] DEBUG org.springframework.web.client.RestTemplate - Writing [[B@236ae54e] using [org.springframework.http.converter.ByteArrayHttpMessageConverter@38a4305d]
09:56:24.156 [Test worker] DEBUG org.springframework.web.client.RestTemplate - POST request for "http://localhost:61965" resulted in 200 (OK)
09:56:24.161 [Test worker] DEBUG org.springframework.web.client.RestTemplate - Reading [[B] as "application/octet-stream" using [org.springframework.http.converter.ByteArrayHttpMessageConverter@38a4305d]
09:56:24.182 [Test worker] DEBUG org.springframework.web.client.RestTemplate - Created POST request for "http://localhost:61967"
09:56:24.182 [Test worker] DEBUG org.springframework.web.client.RestTemplate - Setting request Accept header to [application/octet-stream, application/xml, text/xml, application/json, application/x-jackson-smile, application/cbor, application/*+xml, application/*+json, */*]
09:56:24.182 [Test worker] DEBUG org.springframework.web.client.RestTemplate - Writing [[B@55e0e29a] using [org.springframework.http.converter.ByteArrayHttpMessageConverter@72629289]
09:56:24.187 [Test worker] DEBUG org.springframework.web.client.RestTemplate - POST request for "http://localhost:61967" resulted in 200 (null)
09:56:24.187 [Test worker] DEBUG org.springframework.web.client.RestTemplate - Reading [[B] as "application/octet-stream" using [org.springframework.http.converter.ByteArrayHttpMessageConverter@72629289]
09:56:24.747 [Test worker] DEBUG org.springframework.web.client.RestTemplate - Created POST request for "http://localhost:62002"
09:56:24.747 [Test worker] DEBUG org.springframework.web.client.RestTemplate - Setting request Accept header to [application/octet-stream, application/xml, text/xml, application/json, application/x-jackson-smile, application/cbor, application/*+xml, application/*+json, */*]
09:56:24.747 [Test worker] DEBUG org.springframework.web.client.RestTemplate - Writing [[B@69a9ca2d] using [org.springframework.http.converter.ByteArrayHttpMessageConverter@437e53a5]
09:56:24.780 [Test worker] DEBUG org.springframework.web.client.RestTemplate - POST request for "http://localhost:62002" resulted in 200 (OK)
09:56:24.780 [Test worker] DEBUG org.springframework.web.client.RestTemplate - Reading [[B] as "application/octet-stream" using [org.springframework.http.converter.ByteArrayHttpMessageConverter@437e53a5]
]]></system-out>
  <system-err><![CDATA[四月 16, 2021 9:56:24 上午 org.apache.coyote.AbstractProtocol init
信息: Initializing ProtocolHandler ["http-nio-auto-2"]
四月 16, 2021 9:56:24 上午 org.apache.tomcat.util.net.NioSelectorPool getSharedSelector
信息: Using a shared selector for servlet write/read
四月 16, 2021 9:56:24 上午 org.apache.catalina.core.StandardService startInternal
信息: Starting service [Tomcat]
四月 16, 2021 9:56:24 上午 org.apache.catalina.core.StandardEngine startInternal
信息: Starting Servlet Engine: Apache Tomcat/8.5.45
四月 16, 2021 9:56:24 上午 org.apache.coyote.AbstractProtocol start
信息: Starting ProtocolHandler ["http-nio-auto-2-61967"]
四月 16, 2021 9:56:24 上午 org.apache.coyote.AbstractProtocol pause
信息: Pausing ProtocolHandler ["http-nio-auto-2-61967"]
四月 16, 2021 9:56:24 上午 org.apache.catalina.core.StandardService stopInternal
信息: Stopping service [Tomcat]
四月 16, 2021 9:56:24 上午 org.apache.coyote.AbstractProtocol stop
信息: Stopping ProtocolHandler ["http-nio-auto-2-61967"]
四月 16, 2021 9:56:24 上午 org.apache.coyote.AbstractProtocol destroy
信息: Destroying ProtocolHandler ["http-nio-auto-2-61967"]
]]></system-err>
</testsuite>
