<?xml version="1.0" encoding="UTF-8"?>
<testsuite name="org.springframework.web.server.session.DefaultWebSessionManagerTests" tests="5" skipped="0" failures="0" errors="0" timestamp="2021-04-16T01:56:39" hostname="DESKTOP-3R4DVF7" time="0.006">
  <properties/>
  <testcase name="existingSession" classname="org.springframework.web.server.session.DefaultWebSessionManagerTests" time="0.001"/>
  <testcase name="exchangeWhenResponseSetCompleteThenSavesAndSetsId" classname="org.springframework.web.server.session.DefaultWebSessionManagerTests" time="0.001"/>
  <testcase name="multipleSessionIds" classname="org.springframework.web.server.session.DefaultWebSessionManagerTests" time="0.001"/>
  <testcase name="getSessionSaveWhenCreatedAndStartedThenSavesAndSetsId" classname="org.springframework.web.server.session.DefaultWebSessionManagerTests" time="0.0"/>
  <testcase name="getSessionSaveWhenCreatedAndNotStartedThenNotSaved" classname="org.springframework.web.server.session.DefaultWebSessionManagerTests" time="0.0"/>
  <system-out><![CDATA[]]></system-out>
  <system-err><![CDATA[]]></system-err>
</testsuite>
