<?xml version="1.0" encoding="UTF-8"?>
<testsuite name="org.springframework.http.client.StreamingHttpComponentsClientHttpRequestFactoryTests" tests="6" skipped="0" failures="0" errors="0" timestamp="2021-04-16T01:56:12" hostname="DESKTOP-3R4DVF7" time="0.025">
  <properties/>
  <testcase name="httpMethods" classname="org.springframework.http.client.StreamingHttpComponentsClientHttpRequestFactoryTests" time="0.004"/>
  <testcase name="headersAfterExecute" classname="org.springframework.http.client.StreamingHttpComponentsClientHttpRequestFactoryTests" time="0.002"/>
  <testcase name="status" classname="org.springframework.http.client.StreamingHttpComponentsClientHttpRequestFactoryTests" time="0.004"/>
  <testcase name="echo" classname="org.springframework.http.client.StreamingHttpComponentsClientHttpRequestFactoryTests" time="0.005"/>
  <testcase name="multipleWrites" classname="org.springframework.http.client.StreamingHttpComponentsClientHttpRequestFactoryTests" time="0.007"/>
  <testcase name="queryParameters" classname="org.springframework.http.client.StreamingHttpComponentsClientHttpRequestFactoryTests" time="0.003"/>
  <system-out><![CDATA[]]></system-out>
  <system-err><![CDATA[四月 16, 2021 9:56:12 上午 okhttp3.mockwebserver.MockWebServer$2 execute
信息: MockWebServer[61830] starting to accept connections
四月 16, 2021 9:56:12 上午 okhttp3.mockwebserver.MockWebServer$3 processOneRequest
信息: MockWebServer[61830] received request: PATCH /methods/patch HTTP/1.1 and responded: HTTP/1.1 200 OK
四月 16, 2021 9:56:12 上午 okhttp3.mockwebserver.MockWebServer$2 acceptConnections
信息: MockWebServer[61830] done accepting connections: socket closed
四月 16, 2021 9:56:12 上午 okhttp3.mockwebserver.MockWebServer$2 execute
信息: MockWebServer[61832] starting to accept connections
四月 16, 2021 9:56:12 上午 okhttp3.mockwebserver.MockWebServer$2 acceptConnections
信息: MockWebServer[61832] done accepting connections: socket closed
四月 16, 2021 9:56:12 上午 okhttp3.mockwebserver.MockWebServer$2 execute
信息: MockWebServer[61833] starting to accept connections
四月 16, 2021 9:56:12 上午 okhttp3.mockwebserver.MockWebServer$3 processOneRequest
信息: MockWebServer[61833] received request: GET /status/notfound HTTP/1.1 and responded: HTTP/1.1 404 Client Error
四月 16, 2021 9:56:12 上午 okhttp3.mockwebserver.MockWebServer$2 acceptConnections
信息: MockWebServer[61833] done accepting connections: socket closed
四月 16, 2021 9:56:12 上午 okhttp3.mockwebserver.MockWebServer$2 execute
信息: MockWebServer[61835] starting to accept connections
四月 16, 2021 9:56:12 上午 okhttp3.mockwebserver.MockWebServer$3 processOneRequest
信息: MockWebServer[61835] received request: PUT /echo HTTP/1.1 and responded: HTTP/1.1 200 OK
四月 16, 2021 9:56:12 上午 okhttp3.mockwebserver.MockWebServer$2 acceptConnections
信息: MockWebServer[61835] done accepting connections: socket closed
四月 16, 2021 9:56:12 上午 okhttp3.mockwebserver.MockWebServer$2 execute
信息: MockWebServer[61837] starting to accept connections
四月 16, 2021 9:56:12 上午 okhttp3.mockwebserver.MockWebServer$3 processOneRequest
信息: MockWebServer[61837] received request: POST /echo HTTP/1.1 and responded: HTTP/1.1 200 OK
四月 16, 2021 9:56:12 上午 okhttp3.mockwebserver.MockWebServer$2 acceptConnections
信息: MockWebServer[61837] done accepting connections: socket closed
四月 16, 2021 9:56:12 上午 okhttp3.mockwebserver.MockWebServer$2 execute
信息: MockWebServer[61839] starting to accept connections
四月 16, 2021 9:56:12 上午 okhttp3.mockwebserver.MockWebServer$3 processOneRequest
信息: MockWebServer[61839] received request: GET /params?param1=value&param2=value1&param2=value2 HTTP/1.1 and responded: HTTP/1.1 200 OK
四月 16, 2021 9:56:12 上午 okhttp3.mockwebserver.MockWebServer$2 acceptConnections
信息: MockWebServer[61839] done accepting connections: socket closed
]]></system-err>
</testsuite>
