<?xml version="1.0" encoding="UTF-8"?>
<testsuite name="org.springframework.http.ContentDispositionTests" tests="20" skipped="0" failures="0" errors="0" timestamp="2021-04-16T01:56:17" hostname="DESKTOP-3R4DVF7" time="0.019">
  <properties/>
  <testcase name="parseEncodedFilenameWithoutCharset" classname="org.springframework.http.ContentDispositionTests" time="0.0"/>
  <testcase name="parseEncodedFilenameWithInvalidCharset" classname="org.springframework.http.ContentDispositionTests" time="0.0"/>
  <testcase name="formatWithEncodedFilenameUsingInvalidCharset" classname="org.springframework.http.ContentDispositionTests" time="0.0"/>
  <testcase name="format" classname="org.springframework.http.ContentDispositionTests" time="0.001"/>
  <testcase name="parseEncodedFilenameWithInvalidName" classname="org.springframework.http.ContentDispositionTests" time="0.0"/>
  <testcase name="parseDates" classname="org.springframework.http.ContentDispositionTests" time="0.008"/>
  <testcase name="parseEmpty" classname="org.springframework.http.ContentDispositionTests" time="0.001"/>
  <testcase name="parseNoType" classname="org.springframework.http.ContentDispositionTests" time="0.0"/>
  <testcase name="formatWithEncodedFilename" classname="org.springframework.http.ContentDispositionTests" time="0.0"/>
  <testcase name="parseIgnoresInvalidDates" classname="org.springframework.http.ContentDispositionTests" time="0.003"/>
  <testcase name="parseFilenameWithSemicolon" classname="org.springframework.http.ContentDispositionTests" time="0.0"/>
  <testcase name="parse" classname="org.springframework.http.ContentDispositionTests" time="0.0"/>
  <testcase name="parseInvalidParameter" classname="org.springframework.http.ContentDispositionTests" time="0.0"/>
  <testcase name="parseEncodedFilenameWithPaddedCharset" classname="org.springframework.http.ContentDispositionTests" time="0.0"/>
  <testcase name="parseFilenameUnquoted" classname="org.springframework.http.ContentDispositionTests" time="0.0"/>
  <testcase name="formatWithEncodedFilenameUsingUsAscii" classname="org.springframework.http.ContentDispositionTests" time="0.0"/>
  <testcase name="parseEncodedFilename" classname="org.springframework.http.ContentDispositionTests" time="0.0"/>
  <testcase name="formatWithFilenameWithQuotes" classname="org.springframework.http.ContentDispositionTests" time="0.001"/>
  <testcase name="parseWithExtraSemicolons" classname="org.springframework.http.ContentDispositionTests" time="0.0"/>
  <testcase name="parseWithEscapedQuote" classname="org.springframework.http.ContentDispositionTests" time="0.001"/>
  <system-out><![CDATA[]]></system-out>
  <system-err><![CDATA[]]></system-err>
</testsuite>
