<?xml version="1.0" encoding="UTF-8"?>
<testsuite name="org.springframework.http.server.ServletServerHttpResponseTests" tests="4" skipped="0" failures="0" errors="0" timestamp="2021-04-16T01:56:30" hostname="DESKTOP-3R4DVF7" time="0.001">
  <properties/>
  <testcase name="preExistingHeadersFromHttpServletResponse" classname="org.springframework.http.server.ServletServerHttpResponseTests" time="0.0"/>
  <testcase name="getBody" classname="org.springframework.http.server.ServletServerHttpResponseTests" time="0.0"/>
  <testcase name="setStatusCode" classname="org.springframework.http.server.ServletServerHttpResponseTests" time="0.0"/>
  <testcase name="getHeaders" classname="org.springframework.http.server.ServletServerHttpResponseTests" time="0.0"/>
  <system-out><![CDATA[]]></system-out>
  <system-err><![CDATA[]]></system-err>
</testsuite>
