<?xml version="1.0" encoding="UTF-8"?>
<testsuite name="org.springframework.http.client.OkHttp3AsyncClientHttpRequestFactoryTests" tests="7" skipped="0" failures="0" errors="0" timestamp="2021-04-16T01:56:12" hostname="DESKTOP-3R4DVF7" time="0.079">
  <properties/>
  <testcase name="httpMethods" classname="org.springframework.http.client.OkHttp3AsyncClientHttpRequestFactoryTests" time="0.063"/>
  <testcase name="cancel" classname="org.springframework.http.client.OkHttp3AsyncClientHttpRequestFactoryTests" time="0.001"/>
  <testcase name="headersAfterExecute" classname="org.springframework.http.client.OkHttp3AsyncClientHttpRequestFactoryTests" time="0.003"/>
  <testcase name="status" classname="org.springframework.http.client.OkHttp3AsyncClientHttpRequestFactoryTests" time="0.003"/>
  <testcase name="echo" classname="org.springframework.http.client.OkHttp3AsyncClientHttpRequestFactoryTests" time="0.003"/>
  <testcase name="statusCallback" classname="org.springframework.http.client.OkHttp3AsyncClientHttpRequestFactoryTests" time="0.003"/>
  <testcase name="multipleWrites" classname="org.springframework.http.client.OkHttp3AsyncClientHttpRequestFactoryTests" time="0.003"/>
  <system-out><![CDATA[]]></system-out>
  <system-err><![CDATA[四月 16, 2021 9:56:12 上午 okhttp3.mockwebserver.MockWebServer$2 execute
信息: MockWebServer[61805] starting to accept connections
四月 16, 2021 9:56:12 上午 okhttp3.mockwebserver.MockWebServer$3 processOneRequest
信息: MockWebServer[61805] received request: GET /methods/get HTTP/1.1 and responded: HTTP/1.1 200 OK
四月 16, 2021 9:56:12 上午 okhttp3.mockwebserver.MockWebServer$3 processOneRequest
信息: MockWebServer[61805] received request: HEAD /methods/head HTTP/1.1 and responded: HTTP/1.1 200 OK
四月 16, 2021 9:56:12 上午 okhttp3.mockwebserver.MockWebServer$3 processOneRequest
信息: MockWebServer[61805] received request: POST /methods/post HTTP/1.1 and responded: HTTP/1.1 200 OK
四月 16, 2021 9:56:12 上午 okhttp3.mockwebserver.MockWebServer$3 processOneRequest
信息: MockWebServer[61805] received request: PUT /methods/put HTTP/1.1 and responded: HTTP/1.1 200 OK
四月 16, 2021 9:56:12 上午 okhttp3.mockwebserver.MockWebServer$3 processOneRequest
信息: MockWebServer[61805] received request: OPTIONS /methods/options HTTP/1.1 and responded: HTTP/1.1 200 OK
四月 16, 2021 9:56:12 上午 okhttp3.mockwebserver.MockWebServer$3 processOneRequest
信息: MockWebServer[61805] received request: DELETE /methods/delete HTTP/1.1 and responded: HTTP/1.1 200 OK
四月 16, 2021 9:56:12 上午 okhttp3.mockwebserver.MockWebServer$3 processOneRequest
信息: MockWebServer[61805] received request: PATCH /methods/patch HTTP/1.1 and responded: HTTP/1.1 200 OK
四月 16, 2021 9:56:12 上午 okhttp3.mockwebserver.MockWebServer$2 acceptConnections
信息: MockWebServer[61805] done accepting connections: socket closed
四月 16, 2021 9:56:12 上午 okhttp3.mockwebserver.MockWebServer$2 execute
信息: MockWebServer[61807] starting to accept connections
四月 16, 2021 9:56:12 上午 okhttp3.mockwebserver.MockWebServer$2 acceptConnections
信息: MockWebServer[61807] done accepting connections: socket closed
四月 16, 2021 9:56:12 上午 okhttp3.mockwebserver.MockWebServer$2 execute
信息: MockWebServer[61808] starting to accept connections
四月 16, 2021 9:56:12 上午 okhttp3.mockwebserver.MockWebServer$3 processOneRequest
信息: MockWebServer[61808] received request: POST /echo HTTP/1.1 and responded: HTTP/1.1 200 OK
四月 16, 2021 9:56:12 上午 okhttp3.mockwebserver.MockWebServer$2 acceptConnections
信息: MockWebServer[61808] done accepting connections: socket closed
四月 16, 2021 9:56:12 上午 okhttp3.mockwebserver.MockWebServer$2 execute
信息: MockWebServer[61810] starting to accept connections
四月 16, 2021 9:56:12 上午 okhttp3.mockwebserver.MockWebServer$3 processOneRequest
信息: MockWebServer[61810] received request: GET /status/notfound HTTP/1.1 and responded: HTTP/1.1 404 Client Error
四月 16, 2021 9:56:12 上午 okhttp3.mockwebserver.MockWebServer$2 acceptConnections
信息: MockWebServer[61810] done accepting connections: socket closed
四月 16, 2021 9:56:12 上午 okhttp3.mockwebserver.MockWebServer$2 execute
信息: MockWebServer[61812] starting to accept connections
四月 16, 2021 9:56:12 上午 okhttp3.mockwebserver.MockWebServer$3 processOneRequest
信息: MockWebServer[61812] received request: PUT /echo HTTP/1.1 and responded: HTTP/1.1 200 OK
四月 16, 2021 9:56:12 上午 okhttp3.mockwebserver.MockWebServer$2 acceptConnections
信息: MockWebServer[61812] done accepting connections: socket closed
四月 16, 2021 9:56:12 上午 okhttp3.mockwebserver.MockWebServer$2 execute
信息: MockWebServer[61814] starting to accept connections
四月 16, 2021 9:56:12 上午 okhttp3.mockwebserver.MockWebServer$3 processOneRequest
信息: MockWebServer[61814] received request: GET /status/notfound HTTP/1.1 and responded: HTTP/1.1 404 Client Error
四月 16, 2021 9:56:12 上午 okhttp3.mockwebserver.MockWebServer$2 acceptConnections
信息: MockWebServer[61814] done accepting connections: socket closed
四月 16, 2021 9:56:12 上午 okhttp3.mockwebserver.MockWebServer$2 execute
信息: MockWebServer[61816] starting to accept connections
四月 16, 2021 9:56:12 上午 okhttp3.mockwebserver.MockWebServer$3 processOneRequest
信息: MockWebServer[61816] received request: POST /echo HTTP/1.1 and responded: HTTP/1.1 200 OK
四月 16, 2021 9:56:12 上午 okhttp3.mockwebserver.MockWebServer$2 acceptConnections
信息: MockWebServer[61816] done accepting connections: socket closed
]]></system-err>
</testsuite>
