<?xml version="1.0" encoding="UTF-8"?>
<testsuite name="org.springframework.web.method.annotation.InitBinderDataBinderFactoryTests" tests="7" skipped="0" failures="0" errors="0" timestamp="2021-04-16T01:56:37" hostname="DESKTOP-3R4DVF7" time="0.123">
  <properties/>
  <testcase name="createBinderNullAttrName" classname="org.springframework.web.method.annotation.InitBinderDataBinderFactoryTests" time="0.008"/>
  <testcase name="createBinderWithAttrNameNoMatch" classname="org.springframework.web.method.annotation.InitBinderDataBinderFactoryTests" time="0.0"/>
  <testcase name="createBinderWithGlobalInitialization" classname="org.springframework.web.method.annotation.InitBinderDataBinderFactoryTests" time="0.106"/>
  <testcase name="createBinderTypeConversion" classname="org.springframework.web.method.annotation.InitBinderDataBinderFactoryTests" time="0.009"/>
  <testcase name="returnValueNotExpected" classname="org.springframework.web.method.annotation.InitBinderDataBinderFactoryTests" time="0.0"/>
  <testcase name="createBinder" classname="org.springframework.web.method.annotation.InitBinderDataBinderFactoryTests" time="0.0"/>
  <testcase name="createBinderWithAttrName" classname="org.springframework.web.method.annotation.InitBinderDataBinderFactoryTests" time="0.0"/>
  <system-out><![CDATA[]]></system-out>
  <system-err><![CDATA[]]></system-err>
</testsuite>
