<?xml version="1.0" encoding="UTF-8"?>
<testsuite name="org.springframework.http.server.DefaultPathContainerTests" tests="4" skipped="0" failures="0" errors="0" timestamp="2021-04-16T01:56:21" hostname="DESKTOP-3R4DVF7" time="0.005">
  <properties/>
  <testcase name="subPath" classname="org.springframework.http.server.DefaultPathContainerTests" time="0.004"/>
  <testcase name="pathSegment" classname="org.springframework.http.server.DefaultPathContainerTests" time="0.0"/>
  <testcase name="path" classname="org.springframework.http.server.DefaultPathContainerTests" time="0.001"/>
  <testcase name="pathSegmentParams" classname="org.springframework.http.server.DefaultPathContainerTests" time="0.0"/>
  <system-out><![CDATA[]]></system-out>
  <system-err><![CDATA[]]></system-err>
</testsuite>
