<?xml version="1.0" encoding="UTF-8"?>
<testsuite name="org.springframework.web.filter.ContentCachingResponseWrapperTests" tests="2" skipped="0" failures="0" errors="0" timestamp="2021-04-16T01:56:37" hostname="DESKTOP-3R4DVF7" time="0.006">
  <properties/>
  <testcase name="copyBodyToResponse" classname="org.springframework.web.filter.ContentCachingResponseWrapperTests" time="0.006"/>
  <testcase name="copyBodyToResponseWithTransferEncoding" classname="org.springframework.web.filter.ContentCachingResponseWrapperTests" time="0.0"/>
  <system-out><![CDATA[]]></system-out>
  <system-err><![CDATA[]]></system-err>
</testsuite>
