<?xml version="1.0" encoding="UTF-8"?>
<testsuite name="org.springframework.web.context.support.ResourceTests" tests="2" skipped="0" failures="0" errors="0" timestamp="2021-04-16T01:56:37" hostname="DESKTOP-3R4DVF7" time="0.01">
  <properties/>
  <testcase name="testServletContextResourceWithRelativePath" classname="org.springframework.web.context.support.ResourceTests" time="0.001"/>
  <testcase name="testServletContextResource" classname="org.springframework.web.context.support.ResourceTests" time="0.009"/>
  <system-out><![CDATA[]]></system-out>
  <system-err><![CDATA[]]></system-err>
</testsuite>
