<?xml version="1.0" encoding="UTF-8"?>
<testsuite name="org.springframework.http.client.StreamingSimpleClientHttpRequestFactoryTests" tests="8" skipped="1" failures="0" errors="0" timestamp="2021-04-16T01:56:12" hostname="DESKTOP-3R4DVF7" time="0.024">
  <properties/>
  <testcase name="largeFileUpload" classname="org.springframework.http.client.StreamingSimpleClientHttpRequestFactoryTests" time="0.0">
    <skipped/>
  </testcase>
  <testcase name="interceptor" classname="org.springframework.http.client.StreamingSimpleClientHttpRequestFactoryTests" time="0.003"/>
  <testcase name="headersAfterExecute" classname="org.springframework.http.client.StreamingSimpleClientHttpRequestFactoryTests" time="0.003"/>
  <testcase name="status" classname="org.springframework.http.client.StreamingSimpleClientHttpRequestFactoryTests" time="0.002"/>
  <testcase name="echo" classname="org.springframework.http.client.StreamingSimpleClientHttpRequestFactoryTests" time="0.003"/>
  <testcase name="multipleWrites" classname="org.springframework.http.client.StreamingSimpleClientHttpRequestFactoryTests" time="0.002"/>
  <testcase name="queryParameters" classname="org.springframework.http.client.StreamingSimpleClientHttpRequestFactoryTests" time="0.002"/>
  <testcase name="httpMethods" classname="org.springframework.http.client.StreamingSimpleClientHttpRequestFactoryTests" time="0.009"/>
  <system-out><![CDATA[]]></system-out>
  <system-err><![CDATA[四月 16, 2021 9:56:12 上午 okhttp3.mockwebserver.MockWebServer$2 execute
信息: MockWebServer[61841] starting to accept connections
四月 16, 2021 9:56:12 上午 okhttp3.mockwebserver.MockWebServer$3 processOneRequest
信息: MockWebServer[61841] received request: GET /echo HTTP/1.1 and responded: HTTP/1.1 200 OK
四月 16, 2021 9:56:12 上午 okhttp3.mockwebserver.MockWebServer$2 acceptConnections
信息: MockWebServer[61841] done accepting connections: socket closed
四月 16, 2021 9:56:12 上午 okhttp3.mockwebserver.MockWebServer$2 execute
信息: MockWebServer[61843] starting to accept connections
四月 16, 2021 9:56:12 上午 okhttp3.mockwebserver.MockWebServer$2 acceptConnections
信息: MockWebServer[61843] done accepting connections: socket closed
四月 16, 2021 9:56:12 上午 okhttp3.mockwebserver.MockWebServer$3 execute
信息: MockWebServer[61843] connection from /127.0.0.1 failed: java.net.SocketException: Socket closed
四月 16, 2021 9:56:12 上午 okhttp3.mockwebserver.MockWebServer$2 execute
信息: MockWebServer[61845] starting to accept connections
四月 16, 2021 9:56:12 上午 okhttp3.mockwebserver.MockWebServer$3 processOneRequest
信息: MockWebServer[61845] received request: GET /status/notfound HTTP/1.1 and responded: HTTP/1.1 404 Client Error
四月 16, 2021 9:56:12 上午 okhttp3.mockwebserver.MockWebServer$2 acceptConnections
信息: MockWebServer[61845] done accepting connections: socket closed
四月 16, 2021 9:56:12 上午 okhttp3.mockwebserver.MockWebServer$2 execute
信息: MockWebServer[61847] starting to accept connections
四月 16, 2021 9:56:12 上午 okhttp3.mockwebserver.MockWebServer$3 processOneRequest
信息: MockWebServer[61847] received request: PUT /echo HTTP/1.1 and responded: HTTP/1.1 200 OK
四月 16, 2021 9:56:12 上午 okhttp3.mockwebserver.MockWebServer$2 acceptConnections
信息: MockWebServer[61847] done accepting connections: socket closed
四月 16, 2021 9:56:12 上午 okhttp3.mockwebserver.MockWebServer$2 execute
信息: MockWebServer[61849] starting to accept connections
四月 16, 2021 9:56:12 上午 okhttp3.mockwebserver.MockWebServer$2 acceptConnections
信息: MockWebServer[61849] done accepting connections: socket closed
四月 16, 2021 9:56:12 上午 okhttp3.mockwebserver.MockWebServer$3 execute
信息: MockWebServer[61849] connection from /127.0.0.1 failed: java.net.SocketException: Socket closed
四月 16, 2021 9:56:12 上午 okhttp3.mockwebserver.MockWebServer$2 execute
信息: MockWebServer[61851] starting to accept connections
四月 16, 2021 9:56:12 上午 okhttp3.mockwebserver.MockWebServer$3 processOneRequest
信息: MockWebServer[61851] received request: GET /params?param1=value&param2=value1&param2=value2 HTTP/1.1 and responded: HTTP/1.1 200 OK
四月 16, 2021 9:56:12 上午 okhttp3.mockwebserver.MockWebServer$2 acceptConnections
信息: MockWebServer[61851] done accepting connections: socket closed
四月 16, 2021 9:56:12 上午 okhttp3.mockwebserver.MockWebServer$2 execute
信息: MockWebServer[61853] starting to accept connections
四月 16, 2021 9:56:12 上午 okhttp3.mockwebserver.MockWebServer$3 processOneRequest
信息: MockWebServer[61853] received request: GET /methods/get HTTP/1.1 and responded: HTTP/1.1 200 OK
四月 16, 2021 9:56:12 上午 okhttp3.mockwebserver.MockWebServer$3 processOneRequest
信息: MockWebServer[61853] received request: HEAD /methods/head HTTP/1.1 and responded: HTTP/1.1 200 OK
四月 16, 2021 9:56:12 上午 okhttp3.mockwebserver.MockWebServer$3 processOneRequest
信息: MockWebServer[61853] received request: POST /methods/post HTTP/1.1 and responded: HTTP/1.1 200 OK
四月 16, 2021 9:56:12 上午 okhttp3.mockwebserver.MockWebServer$3 processOneRequest
信息: MockWebServer[61853] received request: PUT /methods/put HTTP/1.1 and responded: HTTP/1.1 200 OK
四月 16, 2021 9:56:12 上午 okhttp3.mockwebserver.MockWebServer$3 processOneRequest
信息: MockWebServer[61853] received request: OPTIONS /methods/options HTTP/1.1 and responded: HTTP/1.1 200 OK
四月 16, 2021 9:56:12 上午 okhttp3.mockwebserver.MockWebServer$3 processOneRequest
信息: MockWebServer[61853] received request: DELETE /methods/delete HTTP/1.1 and responded: HTTP/1.1 200 OK
四月 16, 2021 9:56:12 上午 okhttp3.mockwebserver.MockWebServer$2 acceptConnections
信息: MockWebServer[61853] done accepting connections: socket closed
]]></system-err>
</testsuite>
