<?xml version="1.0" encoding="UTF-8"?>
<testsuite name="org.springframework.http.converter.xml.MappingJackson2XmlHttpMessageConverterTests" tests="10" skipped="0" failures="0" errors="0" timestamp="2021-04-16T01:56:20" hostname="DESKTOP-3R4DVF7" time="0.072">
  <properties/>
  <testcase name="jsonView" classname="org.springframework.http.converter.xml.MappingJackson2XmlHttpMessageConverterTests" time="0.005"/>
  <testcase name="readWithXmlBomb" classname="org.springframework.http.converter.xml.MappingJackson2XmlHttpMessageConverterTests" time="0.012"/>
  <testcase name="readInvalidXml" classname="org.springframework.http.converter.xml.MappingJackson2XmlHttpMessageConverterTests" time="0.0"/>
  <testcase name="readWithExternalReference" classname="org.springframework.http.converter.xml.MappingJackson2XmlHttpMessageConverterTests" time="0.002"/>
  <testcase name="readValidXmlWithUnknownProperty" classname="org.springframework.http.converter.xml.MappingJackson2XmlHttpMessageConverterTests" time="0.001"/>
  <testcase name="canWrite" classname="org.springframework.http.converter.xml.MappingJackson2XmlHttpMessageConverterTests" time="0.002"/>
  <testcase name="read" classname="org.springframework.http.converter.xml.MappingJackson2XmlHttpMessageConverterTests" time="0.001"/>
  <testcase name="write" classname="org.springframework.http.converter.xml.MappingJackson2XmlHttpMessageConverterTests" time="0.016"/>
  <testcase name="canRead" classname="org.springframework.http.converter.xml.MappingJackson2XmlHttpMessageConverterTests" time="0.001"/>
  <testcase name="customXmlMapper" classname="org.springframework.http.converter.xml.MappingJackson2XmlHttpMessageConverterTests" time="0.003"/>
  <system-out><![CDATA[]]></system-out>
  <system-err><![CDATA[]]></system-err>
</testsuite>
