<?xml version="1.0" encoding="UTF-8"?>
<testsuite name="org.springframework.web.accept.PathExtensionContentNegotiationStrategyTests" tests="6" skipped="0" failures="0" errors="0" timestamp="2021-04-16T01:56:34" hostname="DESKTOP-3R4DVF7" time="0.0">
  <properties/>
  <testcase name="resolveMediaTypesFromMapping" classname="org.springframework.web.accept.PathExtensionContentNegotiationStrategyTests" time="0.0"/>
  <testcase name="resolveMediaTypesFromMediaTypeFactory" classname="org.springframework.web.accept.PathExtensionContentNegotiationStrategyTests" time="0.0"/>
  <testcase name="getMediaTypeFilenameWithEncodedURI" classname="org.springframework.web.accept.PathExtensionContentNegotiationStrategyTests" time="0.0"/>
  <testcase name="resolveMediaTypesIgnoreUnknownExtension" classname="org.springframework.web.accept.PathExtensionContentNegotiationStrategyTests" time="0.0"/>
  <testcase name="getMediaTypeFilenameWithContextPath" classname="org.springframework.web.accept.PathExtensionContentNegotiationStrategyTests" time="0.0"/>
  <testcase name="resolveMediaTypesDoNotIgnoreUnknownExtension" classname="org.springframework.web.accept.PathExtensionContentNegotiationStrategyTests" time="0.0"/>
  <system-out><![CDATA[]]></system-out>
  <system-err><![CDATA[]]></system-err>
</testsuite>
