<?xml version="1.0" encoding="UTF-8"?>
<testsuite name="org.springframework.web.cors.reactive.CorsUtilsTests" tests="6" skipped="0" failures="0" errors="0" timestamp="2021-04-16T01:56:37" hostname="DESKTOP-3R4DVF7" time="0.003">
  <properties/>
  <testcase name="isCorsRequest" classname="org.springframework.web.cors.reactive.CorsUtilsTests" time="0.001"/>
  <testcase name="isNotCorsRequest" classname="org.springframework.web.cors.reactive.CorsUtilsTests" time="0.0"/>
  <testcase name="isNotPreFlightRequest" classname="org.springframework.web.cors.reactive.CorsUtilsTests" time="0.001"/>
  <testcase name="isSameOriginWithForwardedHeader" classname="org.springframework.web.cors.reactive.CorsUtilsTests" time="0.0"/>
  <testcase name="isSameOriginWithXForwardedHeaders" classname="org.springframework.web.cors.reactive.CorsUtilsTests" time="0.0"/>
  <testcase name="isPreFlightRequest" classname="org.springframework.web.cors.reactive.CorsUtilsTests" time="0.001"/>
  <system-out><![CDATA[]]></system-out>
  <system-err><![CDATA[]]></system-err>
</testsuite>
