<?xml version="1.0" encoding="UTF-8"?>
<testsuite name="org.springframework.http.converter.ObjectToStringHttpMessageConverterTests" tests="10" skipped="0" failures="0" errors="0" timestamp="2021-04-16T01:56:19" hostname="DESKTOP-3R4DVF7" time="0.148">
  <properties/>
  <testcase name="writeAcceptCharset" classname="org.springframework.http.converter.ObjectToStringHttpMessageConverterTests" time="0.109"/>
  <testcase name="defaultCharset" classname="org.springframework.http.converter.ObjectToStringHttpMessageConverterTests" time="0.004"/>
  <testcase name="writeUtf16" classname="org.springframework.http.converter.ObjectToStringHttpMessageConverterTests" time="0.003"/>
  <testcase name="canWrite" classname="org.springframework.http.converter.ObjectToStringHttpMessageConverterTests" time="0.001"/>
  <testcase name="read" classname="org.springframework.http.converter.ObjectToStringHttpMessageConverterTests" time="0.023"/>
  <testcase name="write" classname="org.springframework.http.converter.ObjectToStringHttpMessageConverterTests" time="0.002"/>
  <testcase name="testConversionServiceRequired" classname="org.springframework.http.converter.ObjectToStringHttpMessageConverterTests" time="0.0"/>
  <testcase name="writeAcceptCharsetTurnedOff" classname="org.springframework.http.converter.ObjectToStringHttpMessageConverterTests" time="0.001"/>
  <testcase name="canRead" classname="org.springframework.http.converter.ObjectToStringHttpMessageConverterTests" time="0.002"/>
  <testcase name="defaultCharsetModified" classname="org.springframework.http.converter.ObjectToStringHttpMessageConverterTests" time="0.003"/>
  <system-out><![CDATA[]]></system-out>
  <system-err><![CDATA[]]></system-err>
</testsuite>
