<?xml version="1.0" encoding="UTF-8"?>
<testsuite name="org.springframework.http.server.DefaultRequestPathTests" tests="2" skipped="0" failures="0" errors="0" timestamp="2021-04-16T01:56:21" hostname="DESKTOP-3R4DVF7" time="0.001">
  <properties/>
  <testcase name="updateRequestPath" classname="org.springframework.http.server.DefaultRequestPathTests" time="0.0"/>
  <testcase name="requestPath" classname="org.springframework.http.server.DefaultRequestPathTests" time="0.001"/>
  <system-out><![CDATA[]]></system-out>
  <system-err><![CDATA[]]></system-err>
</testsuite>
