<?xml version="1.0" encoding="UTF-8"?>
<testsuite name="org.springframework.http.client.BufferingClientHttpRequestFactoryTests" tests="7" skipped="0" failures="0" errors="0" timestamp="2021-04-16T01:56:04" hostname="DESKTOP-3R4DVF7" time="0.385">
  <properties/>
  <testcase name="repeatableRead" classname="org.springframework.http.client.BufferingClientHttpRequestFactoryTests" time="0.351"/>
  <testcase name="headersAfterExecute" classname="org.springframework.http.client.BufferingClientHttpRequestFactoryTests" time="0.005"/>
  <testcase name="status" classname="org.springframework.http.client.BufferingClientHttpRequestFactoryTests" time="0.005"/>
  <testcase name="echo" classname="org.springframework.http.client.BufferingClientHttpRequestFactoryTests" time="0.003"/>
  <testcase name="multipleWrites" classname="org.springframework.http.client.BufferingClientHttpRequestFactoryTests" time="0.003"/>
  <testcase name="queryParameters" classname="org.springframework.http.client.BufferingClientHttpRequestFactoryTests" time="0.005"/>
  <testcase name="httpMethods" classname="org.springframework.http.client.BufferingClientHttpRequestFactoryTests" time="0.011"/>
  <system-out><![CDATA[]]></system-out>
  <system-err><![CDATA[四月 16, 2021 9:56:04 上午 okhttp3.mockwebserver.MockWebServer$2 execute
信息: MockWebServer[61300] starting to accept connections
四月 16, 2021 9:56:04 上午 okhttp3.mockwebserver.MockWebServer$3 processOneRequest
信息: MockWebServer[61300] received request: PUT /echo HTTP/1.1 and responded: HTTP/1.1 200 OK
四月 16, 2021 9:56:04 上午 okhttp3.mockwebserver.MockWebServer$2 acceptConnections
信息: MockWebServer[61300] done accepting connections: socket closed
四月 16, 2021 9:56:04 上午 okhttp3.mockwebserver.MockWebServer$2 execute
信息: MockWebServer[61302] starting to accept connections
四月 16, 2021 9:56:04 上午 okhttp3.mockwebserver.MockWebServer$3 processOneRequest
信息: MockWebServer[61302] received request: POST /echo HTTP/1.1 and responded: HTTP/1.1 200 OK
四月 16, 2021 9:56:04 上午 okhttp3.mockwebserver.MockWebServer$2 acceptConnections
信息: MockWebServer[61302] done accepting connections: socket closed
四月 16, 2021 9:56:04 上午 okhttp3.mockwebserver.MockWebServer$2 execute
信息: MockWebServer[61304] starting to accept connections
四月 16, 2021 9:56:04 上午 okhttp3.mockwebserver.MockWebServer$3 processOneRequest
信息: MockWebServer[61304] received request: GET /status/notfound HTTP/1.1 and responded: HTTP/1.1 404 Client Error
四月 16, 2021 9:56:04 上午 okhttp3.mockwebserver.MockWebServer$2 acceptConnections
信息: MockWebServer[61304] done accepting connections: socket closed
四月 16, 2021 9:56:04 上午 okhttp3.mockwebserver.MockWebServer$2 execute
信息: MockWebServer[61306] starting to accept connections
四月 16, 2021 9:56:04 上午 okhttp3.mockwebserver.MockWebServer$3 processOneRequest
信息: MockWebServer[61306] received request: PUT /echo HTTP/1.1 and responded: HTTP/1.1 200 OK
四月 16, 2021 9:56:04 上午 okhttp3.mockwebserver.MockWebServer$2 acceptConnections
信息: MockWebServer[61306] done accepting connections: socket closed
四月 16, 2021 9:56:04 上午 okhttp3.mockwebserver.MockWebServer$2 execute
信息: MockWebServer[61308] starting to accept connections
四月 16, 2021 9:56:04 上午 okhttp3.mockwebserver.MockWebServer$3 processOneRequest
信息: MockWebServer[61308] received request: POST /echo HTTP/1.1 and responded: HTTP/1.1 200 OK
四月 16, 2021 9:56:04 上午 okhttp3.mockwebserver.MockWebServer$2 acceptConnections
信息: MockWebServer[61308] done accepting connections: socket closed
四月 16, 2021 9:56:04 上午 okhttp3.mockwebserver.MockWebServer$2 execute
信息: MockWebServer[61310] starting to accept connections
四月 16, 2021 9:56:04 上午 okhttp3.mockwebserver.MockWebServer$3 processOneRequest
信息: MockWebServer[61310] received request: GET /params?param1=value&param2=value1&param2=value2 HTTP/1.1 and responded: HTTP/1.1 200 OK
四月 16, 2021 9:56:04 上午 okhttp3.mockwebserver.MockWebServer$2 acceptConnections
信息: MockWebServer[61310] done accepting connections: socket closed
四月 16, 2021 9:56:04 上午 okhttp3.mockwebserver.MockWebServer$2 execute
信息: MockWebServer[61312] starting to accept connections
四月 16, 2021 9:56:04 上午 okhttp3.mockwebserver.MockWebServer$3 processOneRequest
信息: MockWebServer[61312] received request: GET /methods/get HTTP/1.1 and responded: HTTP/1.1 200 OK
四月 16, 2021 9:56:04 上午 okhttp3.mockwebserver.MockWebServer$3 processOneRequest
信息: MockWebServer[61312] received request: HEAD /methods/head HTTP/1.1 and responded: HTTP/1.1 200 OK
四月 16, 2021 9:56:04 上午 okhttp3.mockwebserver.MockWebServer$3 processOneRequest
信息: MockWebServer[61312] received request: POST /methods/post HTTP/1.1 and responded: HTTP/1.1 200 OK
四月 16, 2021 9:56:04 上午 okhttp3.mockwebserver.MockWebServer$3 processOneRequest
信息: MockWebServer[61312] received request: PUT /methods/put HTTP/1.1 and responded: HTTP/1.1 200 OK
四月 16, 2021 9:56:04 上午 okhttp3.mockwebserver.MockWebServer$3 processOneRequest
信息: MockWebServer[61312] received request: OPTIONS /methods/options HTTP/1.1 and responded: HTTP/1.1 200 OK
四月 16, 2021 9:56:04 上午 okhttp3.mockwebserver.MockWebServer$3 processOneRequest
信息: MockWebServer[61312] received request: DELETE /methods/delete HTTP/1.1 and responded: HTTP/1.1 200 OK
四月 16, 2021 9:56:04 上午 okhttp3.mockwebserver.MockWebServer$2 acceptConnections
信息: MockWebServer[61312] done accepting connections: socket closed
]]></system-err>
</testsuite>
