<?xml version="1.0" encoding="UTF-8"?>
<testsuite name="org.springframework.web.client.RestOperationsExtensionsTests" tests="24" skipped="0" failures="0" errors="0" timestamp="2021-04-16T01:56:42" hostname="DESKTOP-3R4DVF7" time="0.174">
  <properties/>
  <testcase name="postForObject with reified type parameters and String" classname="org.springframework.web.client.RestOperationsExtensionsTests" time="0.004"/>
  <testcase name="exchange with reified type parameters, String, HttpMethod, HttpEntity and varargs" classname="org.springframework.web.client.RestOperationsExtensionsTests" time="0.023"/>
  <testcase name="getForEntity with reified type parameters and Map" classname="org.springframework.web.client.RestOperationsExtensionsTests" time="0.0"/>
  <testcase name="patchForObject with reified type parameters" classname="org.springframework.web.client.RestOperationsExtensionsTests" time="0.0"/>
  <testcase name="patchForObject with reified type parameters, String and Map" classname="org.springframework.web.client.RestOperationsExtensionsTests" time="0.0"/>
  <testcase name="postForEntity with reified type parameters and String" classname="org.springframework.web.client.RestOperationsExtensionsTests" time="0.0"/>
  <testcase name="exchange with reified type parameters, String and HttpEntity" classname="org.springframework.web.client.RestOperationsExtensionsTests" time="0.029"/>
  <testcase name="patchForObject with reified type parameters and String" classname="org.springframework.web.client.RestOperationsExtensionsTests" time="0.0"/>
  <testcase name="exchange with reified type parameters, String and HttpMethod" classname="org.springframework.web.client.RestOperationsExtensionsTests" time="0.002"/>
  <testcase name="postForObject with reified type parameters" classname="org.springframework.web.client.RestOperationsExtensionsTests" time="0.0"/>
  <testcase name="getForObject with reified type parameters, String and varargs" classname="org.springframework.web.client.RestOperationsExtensionsTests" time="0.0"/>
  <testcase name="postForObject with reified type parameters, String and varargs" classname="org.springframework.web.client.RestOperationsExtensionsTests" time="0.0"/>
  <testcase name="postForEntity with reified type parameters, String and Map" classname="org.springframework.web.client.RestOperationsExtensionsTests" time="0.0"/>
  <testcase name="postForObject with reified type parameters, String and Map" classname="org.springframework.web.client.RestOperationsExtensionsTests" time="0.0"/>
  <testcase name="getForEntity with reified type parameters, String and varargs" classname="org.springframework.web.client.RestOperationsExtensionsTests" time="0.0"/>
  <testcase name="exchange with reified type parameters, String, HttpMethod and HttpEntity" classname="org.springframework.web.client.RestOperationsExtensionsTests" time="0.002"/>
  <testcase name="postForEntity with reified type parameters, String and varargs" classname="org.springframework.web.client.RestOperationsExtensionsTests" time="0.0"/>
  <testcase name="getForEntity with reified type parameters, String and URI" classname="org.springframework.web.client.RestOperationsExtensionsTests" time="0.001"/>
  <testcase name="getForObject with reified type parameters, String and Map" classname="org.springframework.web.client.RestOperationsExtensionsTests" time="0.0"/>
  <testcase name="getForObject with reified type parameters and URI" classname="org.springframework.web.client.RestOperationsExtensionsTests" time="0.0"/>
  <testcase name="RestOperations are available" classname="org.springframework.web.client.RestOperationsExtensionsTests" time="0.107"/>
  <testcase name="postForEntity with reified type parameters" classname="org.springframework.web.client.RestOperationsExtensionsTests" time="0.0"/>
  <testcase name="exchange with reified type parameters, String, HttpMethod, HttpEntity and Map" classname="org.springframework.web.client.RestOperationsExtensionsTests" time="0.003"/>
  <testcase name="patchForObject with reified type parameters, String and varargs" classname="org.springframework.web.client.RestOperationsExtensionsTests" time="0.0"/>
  <system-out><![CDATA[]]></system-out>
  <system-err><![CDATA[]]></system-err>
</testsuite>
