<?xml version="1.0" encoding="UTF-8"?>
<testsuite name="org.springframework.http.client.support.InterceptingHttpAccessorTests" tests="1" skipped="0" failures="0" errors="0" timestamp="2021-04-16T01:56:13" hostname="DESKTOP-3R4DVF7" time="0.021">
  <properties/>
  <testcase name="getInterceptors" classname="org.springframework.http.client.support.InterceptingHttpAccessorTests" time="0.021"/>
  <system-out><![CDATA[]]></system-out>
  <system-err><![CDATA[]]></system-err>
</testsuite>
