<?xml version="1.0" encoding="UTF-8"?>
<testsuite name="org.springframework.web.method.annotation.ModelFactoryOrderingTests" tests="4" skipped="0" failures="0" errors="0" timestamp="2021-04-16T01:56:38" hostname="DESKTOP-3R4DVF7" time="0.022">
  <properties/>
  <testcase name="unresolvedDependency" classname="org.springframework.web.method.annotation.ModelFactoryOrderingTests" time="0.015"/>
  <testcase name="treeDependency" classname="org.springframework.web.method.annotation.ModelFactoryOrderingTests" time="0.003"/>
  <testcase name="straightLineDependency" classname="org.springframework.web.method.annotation.ModelFactoryOrderingTests" time="0.002"/>
  <testcase name="InvertedTreeDependency" classname="org.springframework.web.method.annotation.ModelFactoryOrderingTests" time="0.002"/>
  <system-out><![CDATA[09:56:38.427 [Test worker] DEBUG org.springframework.web.method.annotation.ModelFactoryOrderingTests -  >> getA >> getC2 >> getC1 >> getC4 >> getC3
09:56:38.430 [Test worker] DEBUG org.springframework.web.method.annotation.ModelFactoryOrderingTests -  >> getA >> getB2 >> getC3 >> getC4 >> getB1 >> getC1 >> getC2
09:56:38.432 [Test worker] DEBUG org.springframework.web.method.annotation.ModelFactoryOrderingTests -  >> getA >> getB1 >> getB2 >> getC1 >> getC2 >> getC3 >> getC4
09:56:38.434 [Test worker] DEBUG org.springframework.web.method.annotation.ModelFactoryOrderingTests -  >> getC2 >> getC3 >> getC4 >> getB2 >> getC1 >> getB1 >> getA
]]></system-out>
  <system-err><![CDATA[]]></system-err>
</testsuite>
