<?xml version="1.0" encoding="UTF-8"?>
<testsuite name="org.springframework.http.client.SimpleClientHttpRequestFactoryTests" tests="1" skipped="0" failures="0" errors="0" timestamp="2021-04-16T01:56:12" hostname="DESKTOP-3R4DVF7" time="0.123">
  <properties/>
  <testcase name="headerWithNullValue" classname="org.springframework.http.client.SimpleClientHttpRequestFactoryTests" time="0.123"/>
  <system-out><![CDATA[]]></system-out>
  <system-err><![CDATA[]]></system-err>
</testsuite>
