<?xml version="1.0" encoding="UTF-8"?>
<testsuite name="org.springframework.http.client.HttpComponentsAsyncClientHttpRequestFactoryTests" tests="9" skipped="0" failures="0" errors="0" timestamp="2021-04-16T01:56:04" hostname="DESKTOP-3R4DVF7" time="0.257">
  <properties/>
  <testcase name="defaultSettingsOfHttpAsyncClientLostOnExecutorCustomization" classname="org.springframework.http.client.HttpComponentsAsyncClientHttpRequestFactoryTests" time="0.094"/>
  <testcase name="customHttpAsyncClientUsesItsDefault" classname="org.springframework.http.client.HttpComponentsAsyncClientHttpRequestFactoryTests" time="0.01"/>
  <testcase name="httpMethods" classname="org.springframework.http.client.HttpComponentsAsyncClientHttpRequestFactoryTests" time="0.069"/>
  <testcase name="cancel" classname="org.springframework.http.client.HttpComponentsAsyncClientHttpRequestFactoryTests" time="0.01"/>
  <testcase name="headersAfterExecute" classname="org.springframework.http.client.HttpComponentsAsyncClientHttpRequestFactoryTests" time="0.013"/>
  <testcase name="status" classname="org.springframework.http.client.HttpComponentsAsyncClientHttpRequestFactoryTests" time="0.012"/>
  <testcase name="echo" classname="org.springframework.http.client.HttpComponentsAsyncClientHttpRequestFactoryTests" time="0.013"/>
  <testcase name="statusCallback" classname="org.springframework.http.client.HttpComponentsAsyncClientHttpRequestFactoryTests" time="0.019"/>
  <testcase name="multipleWrites" classname="org.springframework.http.client.HttpComponentsAsyncClientHttpRequestFactoryTests" time="0.016"/>
  <system-out><![CDATA[]]></system-out>
  <system-err><![CDATA[四月 16, 2021 9:56:04 上午 okhttp3.mockwebserver.MockWebServer$2 execute
信息: MockWebServer[61314] starting to accept connections
四月 16, 2021 9:56:04 上午 okhttp3.mockwebserver.MockWebServer$2 acceptConnections
信息: MockWebServer[61314] done accepting connections: socket closed
四月 16, 2021 9:56:04 上午 okhttp3.mockwebserver.MockWebServer$2 execute
信息: MockWebServer[61367] starting to accept connections
四月 16, 2021 9:56:04 上午 okhttp3.mockwebserver.MockWebServer$2 acceptConnections
信息: MockWebServer[61367] done accepting connections: socket closed
四月 16, 2021 9:56:04 上午 okhttp3.mockwebserver.MockWebServer$2 execute
信息: MockWebServer[61420] starting to accept connections
四月 16, 2021 9:56:04 上午 okhttp3.mockwebserver.MockWebServer$3 processOneRequest
信息: MockWebServer[61420] received request: GET /methods/get HTTP/1.1 and responded: HTTP/1.1 200 OK
四月 16, 2021 9:56:04 上午 okhttp3.mockwebserver.MockWebServer$3 processOneRequest
信息: MockWebServer[61420] received request: HEAD /methods/head HTTP/1.1 and responded: HTTP/1.1 200 OK
四月 16, 2021 9:56:04 上午 okhttp3.mockwebserver.MockWebServer$3 processOneRequest
信息: MockWebServer[61420] received request: POST /methods/post HTTP/1.1 and responded: HTTP/1.1 200 OK
四月 16, 2021 9:56:04 上午 okhttp3.mockwebserver.MockWebServer$3 processOneRequest
信息: MockWebServer[61420] received request: PUT /methods/put HTTP/1.1 and responded: HTTP/1.1 200 OK
四月 16, 2021 9:56:04 上午 okhttp3.mockwebserver.MockWebServer$3 processOneRequest
信息: MockWebServer[61420] received request: OPTIONS /methods/options HTTP/1.1 and responded: HTTP/1.1 200 OK
四月 16, 2021 9:56:04 上午 okhttp3.mockwebserver.MockWebServer$3 processOneRequest
信息: MockWebServer[61420] received request: DELETE /methods/delete HTTP/1.1 and responded: HTTP/1.1 200 OK
四月 16, 2021 9:56:04 上午 okhttp3.mockwebserver.MockWebServer$3 processOneRequest
信息: MockWebServer[61420] received request: PATCH /methods/patch HTTP/1.1 and responded: HTTP/1.1 200 OK
四月 16, 2021 9:56:04 上午 okhttp3.mockwebserver.MockWebServer$2 acceptConnections
信息: MockWebServer[61420] done accepting connections: socket closed
四月 16, 2021 9:56:04 上午 okhttp3.mockwebserver.MockWebServer$2 execute
信息: MockWebServer[61448] starting to accept connections
四月 16, 2021 9:56:04 上午 okhttp3.mockwebserver.MockWebServer$2 acceptConnections
信息: MockWebServer[61448] done accepting connections: socket closed
四月 16, 2021 9:56:04 上午 okhttp3.mockwebserver.MockWebServer$2 execute
信息: MockWebServer[61475] starting to accept connections
四月 16, 2021 9:56:04 上午 okhttp3.mockwebserver.MockWebServer$3 processOneRequest
信息: MockWebServer[61475] received request: POST /echo HTTP/1.1 and responded: HTTP/1.1 200 OK
四月 16, 2021 9:56:04 上午 okhttp3.mockwebserver.MockWebServer$2 acceptConnections
信息: MockWebServer[61475] done accepting connections: socket closed
四月 16, 2021 9:56:04 上午 okhttp3.mockwebserver.MockWebServer$2 execute
信息: MockWebServer[61503] starting to accept connections
四月 16, 2021 9:56:04 上午 okhttp3.mockwebserver.MockWebServer$3 processOneRequest
信息: MockWebServer[61503] received request: GET /status/notfound HTTP/1.1 and responded: HTTP/1.1 404 Client Error
四月 16, 2021 9:56:04 上午 okhttp3.mockwebserver.MockWebServer$2 acceptConnections
信息: MockWebServer[61503] done accepting connections: socket closed
四月 16, 2021 9:56:04 上午 okhttp3.mockwebserver.MockWebServer$2 execute
信息: MockWebServer[61531] starting to accept connections
四月 16, 2021 9:56:04 上午 okhttp3.mockwebserver.MockWebServer$3 processOneRequest
信息: MockWebServer[61531] received request: PUT /echo HTTP/1.1 and responded: HTTP/1.1 200 OK
四月 16, 2021 9:56:04 上午 okhttp3.mockwebserver.MockWebServer$2 acceptConnections
信息: MockWebServer[61531] done accepting connections: socket closed
四月 16, 2021 9:56:04 上午 okhttp3.mockwebserver.MockWebServer$2 execute
信息: MockWebServer[61559] starting to accept connections
四月 16, 2021 9:56:04 上午 okhttp3.mockwebserver.MockWebServer$3 processOneRequest
信息: MockWebServer[61559] received request: GET /status/notfound HTTP/1.1 and responded: HTTP/1.1 404 Client Error
四月 16, 2021 9:56:04 上午 okhttp3.mockwebserver.MockWebServer$2 acceptConnections
信息: MockWebServer[61559] done accepting connections: socket closed
四月 16, 2021 9:56:04 上午 okhttp3.mockwebserver.MockWebServer$2 execute
信息: MockWebServer[61587] starting to accept connections
四月 16, 2021 9:56:05 上午 okhttp3.mockwebserver.MockWebServer$3 processOneRequest
信息: MockWebServer[61587] received request: POST /echo HTTP/1.1 and responded: HTTP/1.1 200 OK
四月 16, 2021 9:56:05 上午 okhttp3.mockwebserver.MockWebServer$2 acceptConnections
信息: MockWebServer[61587] done accepting connections: socket closed
]]></system-err>
</testsuite>
