<?xml version="1.0" encoding="UTF-8"?>
<testsuite name="org.springframework.http.codec.multipart.SynchronossPartHttpMessageReaderTests" tests="4" skipped="0" failures="0" errors="0" timestamp="2021-04-16T01:56:15" hostname="DESKTOP-3R4DVF7" time="0.018">
  <properties/>
  <testcase name="transferTo" classname="org.springframework.http.codec.multipart.SynchronossPartHttpMessageReaderTests" time="0.012"/>
  <testcase name="resolveParts" classname="org.springframework.http.codec.multipart.SynchronossPartHttpMessageReaderTests" time="0.003"/>
  <testcase name="canRead" classname="org.springframework.http.codec.multipart.SynchronossPartHttpMessageReaderTests" time="0.0"/>
  <testcase name="bodyError" classname="org.springframework.http.codec.multipart.SynchronossPartHttpMessageReaderTests" time="0.001"/>
  <system-out><![CDATA[]]></system-out>
  <system-err><![CDATA[]]></system-err>
</testsuite>
