<?xml version="1.0" encoding="UTF-8"?>
<testsuite name="org.springframework.web.context.request.ServletRequestAttributesTests" tests="15" skipped="0" failures="0" errors="0" timestamp="2021-04-16T01:56:37" hostname="DESKTOP-3R4DVF7" time="0.036">
  <properties/>
  <testcase name="setRequestScopedAttribute" classname="org.springframework.web.context.request.ServletRequestAttributesTests" time="0.0"/>
  <testcase name="getSessionScopedAttributeDoesNotForceCreationOfSession" classname="org.springframework.web.context.request.ServletRequestAttributesTests" time="0.026"/>
  <testcase name="skipImmutableFloat" classname="org.springframework.web.context.request.ServletRequestAttributesTests" time="0.009"/>
  <testcase name="removeSessionScopedAttribute" classname="org.springframework.web.context.request.ServletRequestAttributesTests" time="0.0"/>
  <testcase name="skipImmutableBigInteger" classname="org.springframework.web.context.request.ServletRequestAttributesTests" time="0.0"/>
  <testcase name="setSessionScopedAttribute" classname="org.springframework.web.context.request.ServletRequestAttributesTests" time="0.0"/>
  <testcase name="skipImmutableCharacter" classname="org.springframework.web.context.request.ServletRequestAttributesTests" time="0.0"/>
  <testcase name="removeSessionScopedAttributeDoesNotForceCreationOfSession" classname="org.springframework.web.context.request.ServletRequestAttributesTests" time="0.0"/>
  <testcase name="setSessionScopedAttributeAfterCompletion" classname="org.springframework.web.context.request.ServletRequestAttributesTests" time="0.0"/>
  <testcase name="ctorRejectsNullArg" classname="org.springframework.web.context.request.ServletRequestAttributesTests" time="0.0"/>
  <testcase name="skipImmutableBoolean" classname="org.springframework.web.context.request.ServletRequestAttributesTests" time="0.0"/>
  <testcase name="updateAccessedAttributes" classname="org.springframework.web.context.request.ServletRequestAttributesTests" time="0.0"/>
  <testcase name="setRequestScopedAttributeAfterCompletion" classname="org.springframework.web.context.request.ServletRequestAttributesTests" time="0.0"/>
  <testcase name="skipImmutableString" classname="org.springframework.web.context.request.ServletRequestAttributesTests" time="0.0"/>
  <testcase name="skipImmutableInteger" classname="org.springframework.web.context.request.ServletRequestAttributesTests" time="0.0"/>
  <system-out><![CDATA[]]></system-out>
  <system-err><![CDATA[]]></system-err>
</testsuite>
