<?xml version="1.0" encoding="UTF-8"?>
<testsuite name="org.springframework.http.codec.FormHttpMessageReaderTests" tests="3" skipped="0" failures="0" errors="0" timestamp="2021-04-16T01:56:13" hostname="DESKTOP-3R4DVF7" time="0.064">
  <properties/>
  <testcase name="readFormAsFlux" classname="org.springframework.http.codec.FormHttpMessageReaderTests" time="0.055"/>
  <testcase name="readFormAsMono" classname="org.springframework.http.codec.FormHttpMessageReaderTests" time="0.0"/>
  <testcase name="canRead" classname="org.springframework.http.codec.FormHttpMessageReaderTests" time="0.009"/>
  <system-out><![CDATA[]]></system-out>
  <system-err><![CDATA[]]></system-err>
</testsuite>
