<?xml version="1.0" encoding="UTF-8"?>
<testsuite name="org.springframework.web.multipart.support.ByteArrayMultipartFileEditorTests" tests="6" skipped="0" failures="0" errors="0" timestamp="2021-04-16T01:56:38" hostname="DESKTOP-3R4DVF7" time="0.006">
  <properties/>
  <testcase name="setValueAsCustomObjectInvokesToString" classname="org.springframework.web.multipart.support.ByteArrayMultipartFileEditorTests" time="0.0"/>
  <testcase name="setValueAsMultipartFile" classname="org.springframework.web.multipart.support.ByteArrayMultipartFileEditorTests" time="0.005"/>
  <testcase name="setValueAsString" classname="org.springframework.web.multipart.support.ByteArrayMultipartFileEditorTests" time="0.0"/>
  <testcase name="setValueAsByteArray" classname="org.springframework.web.multipart.support.ByteArrayMultipartFileEditorTests" time="0.0"/>
  <testcase name="setValueAsMultipartFileWithBadBytes" classname="org.springframework.web.multipart.support.ByteArrayMultipartFileEditorTests" time="0.0"/>
  <testcase name="setValueAsNullGetsBackEmptyString" classname="org.springframework.web.multipart.support.ByteArrayMultipartFileEditorTests" time="0.0"/>
  <system-out><![CDATA[]]></system-out>
  <system-err><![CDATA[]]></system-err>
</testsuite>
