<?xml version="1.0" encoding="UTF-8"?>
<testsuite name="org.springframework.http.client.NoOutputStreamingBufferedSimpleHttpRequestFactoryTests" tests="6" skipped="0" failures="0" errors="0" timestamp="2021-04-16T01:56:12" hostname="DESKTOP-3R4DVF7" time="0.034">
  <properties/>
  <testcase name="headersAfterExecute" classname="org.springframework.http.client.NoOutputStreamingBufferedSimpleHttpRequestFactoryTests" time="0.005"/>
  <testcase name="status" classname="org.springframework.http.client.NoOutputStreamingBufferedSimpleHttpRequestFactoryTests" time="0.017"/>
  <testcase name="echo" classname="org.springframework.http.client.NoOutputStreamingBufferedSimpleHttpRequestFactoryTests" time="0.003"/>
  <testcase name="multipleWrites" classname="org.springframework.http.client.NoOutputStreamingBufferedSimpleHttpRequestFactoryTests" time="0.002"/>
  <testcase name="queryParameters" classname="org.springframework.http.client.NoOutputStreamingBufferedSimpleHttpRequestFactoryTests" time="0.002"/>
  <testcase name="httpMethods" classname="org.springframework.http.client.NoOutputStreamingBufferedSimpleHttpRequestFactoryTests" time="0.005"/>
  <system-out><![CDATA[]]></system-out>
  <system-err><![CDATA[四月 16, 2021 9:56:12 上午 okhttp3.mockwebserver.MockWebServer$2 execute
信息: MockWebServer[61781] starting to accept connections
四月 16, 2021 9:56:12 上午 okhttp3.mockwebserver.MockWebServer$2 acceptConnections
信息: MockWebServer[61781] done accepting connections: Socket is closed
四月 16, 2021 9:56:12 上午 okhttp3.mockwebserver.MockWebServer$3 processConnection
警告: MockWebServer[61781] connection from /127.0.0.1 didn't make a request
四月 16, 2021 9:56:12 上午 okhttp3.mockwebserver.MockWebServer$2 execute
信息: MockWebServer[61783] starting to accept connections
四月 16, 2021 9:56:12 上午 okhttp3.mockwebserver.MockWebServer$3 processOneRequest
信息: MockWebServer[61783] received request: GET /status/notfound HTTP/1.1 and responded: HTTP/1.1 404 Client Error
四月 16, 2021 9:56:12 上午 okhttp3.mockwebserver.MockWebServer$2 acceptConnections
信息: MockWebServer[61783] done accepting connections: socket closed
四月 16, 2021 9:56:12 上午 okhttp3.mockwebserver.MockWebServer$2 execute
信息: MockWebServer[61785] starting to accept connections
四月 16, 2021 9:56:12 上午 okhttp3.mockwebserver.MockWebServer$3 processOneRequest
信息: MockWebServer[61785] received request: PUT /echo HTTP/1.1 and responded: HTTP/1.1 200 OK
四月 16, 2021 9:56:12 上午 okhttp3.mockwebserver.MockWebServer$2 acceptConnections
信息: MockWebServer[61785] done accepting connections: socket closed
四月 16, 2021 9:56:12 上午 okhttp3.mockwebserver.MockWebServer$2 execute
信息: MockWebServer[61787] starting to accept connections
四月 16, 2021 9:56:12 上午 okhttp3.mockwebserver.MockWebServer$2 acceptConnections
信息: MockWebServer[61787] done accepting connections: Socket is closed
四月 16, 2021 9:56:12 上午 okhttp3.mockwebserver.MockWebServer$3 execute
信息: MockWebServer[61787] connection from /127.0.0.1 failed: java.net.SocketException: Socket is closed
四月 16, 2021 9:56:12 上午 okhttp3.mockwebserver.MockWebServer$2 execute
信息: MockWebServer[61789] starting to accept connections
四月 16, 2021 9:56:12 上午 okhttp3.mockwebserver.MockWebServer$3 processOneRequest
信息: MockWebServer[61789] received request: GET /params?param1=value&param2=value1&param2=value2 HTTP/1.1 and responded: HTTP/1.1 200 OK
四月 16, 2021 9:56:12 上午 okhttp3.mockwebserver.MockWebServer$2 acceptConnections
信息: MockWebServer[61789] done accepting connections: socket closed
四月 16, 2021 9:56:12 上午 okhttp3.mockwebserver.MockWebServer$2 execute
信息: MockWebServer[61791] starting to accept connections
四月 16, 2021 9:56:12 上午 okhttp3.mockwebserver.MockWebServer$3 processOneRequest
信息: MockWebServer[61791] received request: GET /methods/get HTTP/1.1 and responded: HTTP/1.1 200 OK
四月 16, 2021 9:56:12 上午 okhttp3.mockwebserver.MockWebServer$3 processOneRequest
信息: MockWebServer[61791] received request: HEAD /methods/head HTTP/1.1 and responded: HTTP/1.1 200 OK
四月 16, 2021 9:56:12 上午 okhttp3.mockwebserver.MockWebServer$3 processOneRequest
信息: MockWebServer[61791] received request: POST /methods/post HTTP/1.1 and responded: HTTP/1.1 200 OK
四月 16, 2021 9:56:12 上午 okhttp3.mockwebserver.MockWebServer$3 processOneRequest
信息: MockWebServer[61791] received request: PUT /methods/put HTTP/1.1 and responded: HTTP/1.1 200 OK
四月 16, 2021 9:56:12 上午 okhttp3.mockwebserver.MockWebServer$3 processOneRequest
信息: MockWebServer[61791] received request: OPTIONS /methods/options HTTP/1.1 and responded: HTTP/1.1 200 OK
四月 16, 2021 9:56:12 上午 okhttp3.mockwebserver.MockWebServer$3 processOneRequest
信息: MockWebServer[61791] received request: DELETE /methods/delete HTTP/1.1 and responded: HTTP/1.1 200 OK
四月 16, 2021 9:56:12 上午 okhttp3.mockwebserver.MockWebServer$2 acceptConnections
信息: MockWebServer[61791] done accepting connections: socket closed
]]></system-err>
</testsuite>
