<?xml version="1.0" encoding="UTF-8"?>
<testsuite name="org.springframework.web.context.request.RequestScopeTests" tests="6" skipped="0" failures="0" errors="0" timestamp="2021-04-16T01:56:37" hostname="DESKTOP-3R4DVF7" time="0.134">
  <properties/>
  <testcase name="destructionAtRequestCompletion" classname="org.springframework.web.context.request.RequestScopeTests" time="0.01"/>
  <testcase name="circleLeadsToException" classname="org.springframework.web.context.request.RequestScopeTests" time="0.01"/>
  <testcase name="requestScopedInnerBeanDestroyedWhileContainedBySingleton" classname="org.springframework.web.context.request.RequestScopeTests" time="0.01"/>
  <testcase name="innerBeanInheritsContainingBeanScopeByDefault" classname="org.springframework.web.context.request.RequestScopeTests" time="0.01"/>
  <testcase name="getFromScope" classname="org.springframework.web.context.request.RequestScopeTests" time="0.085"/>
  <testcase name="getFromFactoryBeanInScope" classname="org.springframework.web.context.request.RequestScopeTests" time="0.009"/>
  <system-out><![CDATA[]]></system-out>
  <system-err><![CDATA[]]></system-err>
</testsuite>
