<?xml version="1.0" encoding="UTF-8"?>
<testsuite name="org.springframework.http.server.reactive.ListenerWriteProcessorTests" tests="3" skipped="0" failures="0" errors="0" timestamp="2021-04-16T01:56:26" hostname="DESKTOP-3R4DVF7" time="0.001">
  <properties/>
  <testcase name="onNextWithoutDemand" classname="org.springframework.http.server.reactive.ListenerWriteProcessorTests" time="0.0"/>
  <testcase name="writePublisherError" classname="org.springframework.http.server.reactive.ListenerWriteProcessorTests" time="0.001"/>
  <testcase name="ioExceptionDuringWrite" classname="org.springframework.http.server.reactive.ListenerWriteProcessorTests" time="0.0"/>
  <system-out><![CDATA[]]></system-out>
  <system-err><![CDATA[]]></system-err>
</testsuite>
