<?xml version="1.0" encoding="UTF-8"?>
<testsuite name="org.springframework.http.client.NoOutputStreamingStreamingSimpleHttpRequestFactoryTests" tests="6" skipped="0" failures="0" errors="0" timestamp="2021-04-16T01:56:12" hostname="DESKTOP-3R4DVF7" time="0.013">
  <properties/>
  <testcase name="headersAfterExecute" classname="org.springframework.http.client.NoOutputStreamingStreamingSimpleHttpRequestFactoryTests" time="0.002"/>
  <testcase name="status" classname="org.springframework.http.client.NoOutputStreamingStreamingSimpleHttpRequestFactoryTests" time="0.002"/>
  <testcase name="echo" classname="org.springframework.http.client.NoOutputStreamingStreamingSimpleHttpRequestFactoryTests" time="0.002"/>
  <testcase name="multipleWrites" classname="org.springframework.http.client.NoOutputStreamingStreamingSimpleHttpRequestFactoryTests" time="0.001"/>
  <testcase name="queryParameters" classname="org.springframework.http.client.NoOutputStreamingStreamingSimpleHttpRequestFactoryTests" time="0.001"/>
  <testcase name="httpMethods" classname="org.springframework.http.client.NoOutputStreamingStreamingSimpleHttpRequestFactoryTests" time="0.005"/>
  <system-out><![CDATA[]]></system-out>
  <system-err><![CDATA[四月 16, 2021 9:56:12 上午 okhttp3.mockwebserver.MockWebServer$2 execute
信息: MockWebServer[61793] starting to accept connections
四月 16, 2021 9:56:12 上午 okhttp3.mockwebserver.MockWebServer$2 acceptConnections
信息: MockWebServer[61793] done accepting connections: Socket is closed
四月 16, 2021 9:56:12 上午 okhttp3.mockwebserver.MockWebServer$3 execute
信息: MockWebServer[61793] connection from /127.0.0.1 failed: java.io.IOException: Socket Closed
四月 16, 2021 9:56:12 上午 okhttp3.mockwebserver.MockWebServer$2 execute
信息: MockWebServer[61795] starting to accept connections
四月 16, 2021 9:56:12 上午 okhttp3.mockwebserver.MockWebServer$3 processOneRequest
信息: MockWebServer[61795] received request: GET /status/notfound HTTP/1.1 and responded: HTTP/1.1 404 Client Error
四月 16, 2021 9:56:12 上午 okhttp3.mockwebserver.MockWebServer$2 acceptConnections
信息: MockWebServer[61795] done accepting connections: socket closed
四月 16, 2021 9:56:12 上午 okhttp3.mockwebserver.MockWebServer$2 execute
信息: MockWebServer[61797] starting to accept connections
四月 16, 2021 9:56:12 上午 okhttp3.mockwebserver.MockWebServer$3 processOneRequest
信息: MockWebServer[61797] received request: PUT /echo HTTP/1.1 and responded: HTTP/1.1 200 OK
四月 16, 2021 9:56:12 上午 okhttp3.mockwebserver.MockWebServer$2 acceptConnections
信息: MockWebServer[61797] done accepting connections: socket closed
四月 16, 2021 9:56:12 上午 okhttp3.mockwebserver.MockWebServer$2 execute
信息: MockWebServer[61799] starting to accept connections
四月 16, 2021 9:56:12 上午 okhttp3.mockwebserver.MockWebServer$2 acceptConnections
信息: MockWebServer[61799] done accepting connections: Socket closed
四月 16, 2021 9:56:12 上午 okhttp3.mockwebserver.MockWebServer$2 execute
信息: MockWebServer[61801] starting to accept connections
四月 16, 2021 9:56:12 上午 okhttp3.mockwebserver.MockWebServer$3 processOneRequest
信息: MockWebServer[61801] received request: GET /params?param1=value&param2=value1&param2=value2 HTTP/1.1 and responded: HTTP/1.1 200 OK
四月 16, 2021 9:56:12 上午 okhttp3.mockwebserver.MockWebServer$2 acceptConnections
信息: MockWebServer[61801] done accepting connections: socket closed
四月 16, 2021 9:56:12 上午 okhttp3.mockwebserver.MockWebServer$2 execute
信息: MockWebServer[61803] starting to accept connections
四月 16, 2021 9:56:12 上午 okhttp3.mockwebserver.MockWebServer$3 processOneRequest
信息: MockWebServer[61803] received request: GET /methods/get HTTP/1.1 and responded: HTTP/1.1 200 OK
四月 16, 2021 9:56:12 上午 okhttp3.mockwebserver.MockWebServer$3 processOneRequest
信息: MockWebServer[61803] received request: HEAD /methods/head HTTP/1.1 and responded: HTTP/1.1 200 OK
四月 16, 2021 9:56:12 上午 okhttp3.mockwebserver.MockWebServer$3 processOneRequest
信息: MockWebServer[61803] received request: POST /methods/post HTTP/1.1 and responded: HTTP/1.1 200 OK
四月 16, 2021 9:56:12 上午 okhttp3.mockwebserver.MockWebServer$3 processOneRequest
信息: MockWebServer[61803] received request: PUT /methods/put HTTP/1.1 and responded: HTTP/1.1 200 OK
四月 16, 2021 9:56:12 上午 okhttp3.mockwebserver.MockWebServer$3 processOneRequest
信息: MockWebServer[61803] received request: OPTIONS /methods/options HTTP/1.1 and responded: HTTP/1.1 200 OK
四月 16, 2021 9:56:12 上午 okhttp3.mockwebserver.MockWebServer$3 processOneRequest
信息: MockWebServer[61803] received request: DELETE /methods/delete HTTP/1.1 and responded: HTTP/1.1 200 OK
四月 16, 2021 9:56:12 上午 okhttp3.mockwebserver.MockWebServer$2 acceptConnections
信息: MockWebServer[61803] done accepting connections: socket closed
]]></system-err>
</testsuite>
