<?xml version="1.0" encoding="UTF-8"?>
<testsuite name="org.springframework.http.converter.smile.MappingJackson2SmileHttpMessageConverterTests" tests="4" skipped="0" failures="0" errors="0" timestamp="2021-04-16T01:56:20" hostname="DESKTOP-3R4DVF7" time="0.005">
  <properties/>
  <testcase name="canWrite" classname="org.springframework.http.converter.smile.MappingJackson2SmileHttpMessageConverterTests" time="0.001"/>
  <testcase name="read" classname="org.springframework.http.converter.smile.MappingJackson2SmileHttpMessageConverterTests" time="0.003"/>
  <testcase name="write" classname="org.springframework.http.converter.smile.MappingJackson2SmileHttpMessageConverterTests" time="0.001"/>
  <testcase name="canRead" classname="org.springframework.http.converter.smile.MappingJackson2SmileHttpMessageConverterTests" time="0.0"/>
  <system-out><![CDATA[]]></system-out>
  <system-err><![CDATA[]]></system-err>
</testsuite>
