<?xml version="1.0" encoding="UTF-8"?>
<testsuite name="org.springframework.web.filter.HttpPutFormContentFilterTests" tests="13" skipped="0" failures="0" errors="0" timestamp="2021-04-16T01:56:37" hostname="DESKTOP-3R4DVF7" time="0.048">
  <properties/>
  <testcase name="getParameterValuesFromQueryString" classname="org.springframework.web.filter.HttpPutFormContentFilterTests" time="0.015"/>
  <testcase name="getParameterValuesInvalidName" classname="org.springframework.web.filter.HttpPutFormContentFilterTests" time="0.003"/>
  <testcase name="getParameterValues" classname="org.springframework.web.filter.HttpPutFormContentFilterTests" time="0.002"/>
  <testcase name="getParameterMap" classname="org.springframework.web.filter.HttpPutFormContentFilterTests" time="0.003"/>
  <testcase name="getParameterValuesFromFormContent" classname="org.springframework.web.filter.HttpPutFormContentFilterTests" time="0.003"/>
  <testcase name="getParameterNullValue" classname="org.springframework.web.filter.HttpPutFormContentFilterTests" time="0.003"/>
  <testcase name="getParameterNames" classname="org.springframework.web.filter.HttpPutFormContentFilterTests" time="0.003"/>
  <testcase name="wrapFormEncodedOnly" classname="org.springframework.web.filter.HttpPutFormContentFilterTests" time="0.002"/>
  <testcase name="getParameterFromQueryString" classname="org.springframework.web.filter.HttpPutFormContentFilterTests" time="0.003"/>
  <testcase name="invalidMediaType" classname="org.springframework.web.filter.HttpPutFormContentFilterTests" time="0.003"/>
  <testcase name="hiddenHttpMethodFilterFollowedByHttpPutFormContentFilter" classname="org.springframework.web.filter.HttpPutFormContentFilterTests" time="0.003"/>
  <testcase name="getParameter" classname="org.springframework.web.filter.HttpPutFormContentFilterTests" time="0.002"/>
  <testcase name="wrapPutAndPatchOnly" classname="org.springframework.web.filter.HttpPutFormContentFilterTests" time="0.003"/>
  <system-out><![CDATA[]]></system-out>
  <system-err><![CDATA[]]></system-err>
</testsuite>
