<?xml version="1.0" encoding="UTF-8"?>
<testsuite name="org.springframework.http.client.InterceptingClientHttpRequestFactoryTests" tests="6" skipped="0" failures="0" errors="0" timestamp="2021-04-16T01:56:05" hostname="DESKTOP-3R4DVF7" time="0.01">
  <properties/>
  <testcase name="changeBody" classname="org.springframework.http.client.InterceptingClientHttpRequestFactoryTests" time="0.004"/>
  <testcase name="changeMethod" classname="org.springframework.http.client.InterceptingClientHttpRequestFactoryTests" time="0.002"/>
  <testcase name="changeHeaders" classname="org.springframework.http.client.InterceptingClientHttpRequestFactoryTests" time="0.0"/>
  <testcase name="basic" classname="org.springframework.http.client.InterceptingClientHttpRequestFactoryTests" time="0.001"/>
  <testcase name="noExecution" classname="org.springframework.http.client.InterceptingClientHttpRequestFactoryTests" time="0.001"/>
  <testcase name="changeURI" classname="org.springframework.http.client.InterceptingClientHttpRequestFactoryTests" time="0.001"/>
  <system-out><![CDATA[]]></system-out>
  <system-err><![CDATA[]]></system-err>
</testsuite>
