<?xml version="1.0" encoding="UTF-8"?>
<testsuite name="org.springframework.http.client.SimpleClientHttpResponseTests" tests="4" skipped="0" failures="0" errors="0" timestamp="2021-04-16T01:56:12" hostname="DESKTOP-3R4DVF7" time="0.035">
  <properties/>
  <testcase name="shouldDrainStreamWhenResponseClosed" classname="org.springframework.http.client.SimpleClientHttpResponseTests" time="0.004"/>
  <testcase name="shouldDrainErrorStreamWhenResponseClosed" classname="org.springframework.http.client.SimpleClientHttpResponseTests" time="0.0"/>
  <testcase name="shouldNotDrainWhenErrorStreamClosed" classname="org.springframework.http.client.SimpleClientHttpResponseTests" time="0.03"/>
  <testcase name="shouldNotCloseConnectionWhenResponseClosed" classname="org.springframework.http.client.SimpleClientHttpResponseTests" time="0.0"/>
  <system-out><![CDATA[]]></system-out>
  <system-err><![CDATA[]]></system-err>
</testsuite>
