<?xml version="1.0" encoding="UTF-8"?>
<testsuite name="org.springframework.web.context.request.RequestScopedProxyTests" tests="6" skipped="0" failures="0" errors="0" timestamp="2021-04-16T01:56:36" hostname="DESKTOP-3R4DVF7" time="0.339">
  <properties/>
  <testcase name="testGetAnonymousInnerBeanFromScope" classname="org.springframework.web.context.request.RequestScopedProxyTests" time="0.205"/>
  <testcase name="testGetInnerBeanFromScope" classname="org.springframework.web.context.request.RequestScopedProxyTests" time="0.025"/>
  <testcase name="testGetFromFactoryBeanInScope" classname="org.springframework.web.context.request.RequestScopedProxyTests" time="0.027"/>
  <testcase name="testGetFromScopeThroughDynamicProxy" classname="org.springframework.web.context.request.RequestScopedProxyTests" time="0.027"/>
  <testcase name="testGetFromScope" classname="org.springframework.web.context.request.RequestScopedProxyTests" time="0.025"/>
  <testcase name="testDestructionAtRequestCompletion" classname="org.springframework.web.context.request.RequestScopedProxyTests" time="0.029"/>
  <system-out><![CDATA[]]></system-out>
  <system-err><![CDATA[]]></system-err>
</testsuite>
