<?xml version="1.0" encoding="UTF-8"?>
<testsuite name="org.springframework.web.cors.reactive.UrlBasedCorsConfigurationSourceTests" tests="2" skipped="0" failures="0" errors="0" timestamp="2021-04-16T01:56:37" hostname="DESKTOP-3R4DVF7" time="0.013">
  <properties/>
  <testcase name="registerAndMatch" classname="org.springframework.web.cors.reactive.UrlBasedCorsConfigurationSourceTests" time="0.013"/>
  <testcase name="empty" classname="org.springframework.web.cors.reactive.UrlBasedCorsConfigurationSourceTests" time="0.0"/>
  <system-out><![CDATA[]]></system-out>
  <system-err><![CDATA[]]></system-err>
</testsuite>
