<?xml version="1.0" encoding="UTF-8"?>
<testsuite name="org.springframework.web.method.annotation.RequestParamMethodArgumentResolverKotlinTests" tests="16" skipped="0" failures="0" errors="0" timestamp="2021-04-16T01:56:42" hostname="DESKTOP-3R4DVF7" time="0.024">
  <properties/>
  <testcase name="resolveNullableRequiredWithoutParameter" classname="org.springframework.web.method.annotation.RequestParamMethodArgumentResolverKotlinTests" time="0.016"/>
  <testcase name="resolveNonNullableRequiredWithParameter" classname="org.springframework.web.method.annotation.RequestParamMethodArgumentResolverKotlinTests" time="0.0"/>
  <testcase name="resolveNonNullableNotRequiredWithParameter" classname="org.springframework.web.method.annotation.RequestParamMethodArgumentResolverKotlinTests" time="0.001"/>
  <testcase name="resolveNullableRequiredWithMultipartParameter" classname="org.springframework.web.method.annotation.RequestParamMethodArgumentResolverKotlinTests" time="0.001"/>
  <testcase name="resolveNonNullableNotRequiredWithoutParameter" classname="org.springframework.web.method.annotation.RequestParamMethodArgumentResolverKotlinTests" time="0.001"/>
  <testcase name="resolveNullableRequiredWithoutMultipartParameter" classname="org.springframework.web.method.annotation.RequestParamMethodArgumentResolverKotlinTests" time="0.0"/>
  <testcase name="resolveNonNullableRequiredWithoutMultipartParameter" classname="org.springframework.web.method.annotation.RequestParamMethodArgumentResolverKotlinTests" time="0.0"/>
  <testcase name="resolveNullableNotRequiredWithoutParameter" classname="org.springframework.web.method.annotation.RequestParamMethodArgumentResolverKotlinTests" time="0.0"/>
  <testcase name="resolveNullableNotRequiredWithMultipartParameter" classname="org.springframework.web.method.annotation.RequestParamMethodArgumentResolverKotlinTests" time="0.0"/>
  <testcase name="resolveNullableNotRequiredWithParameter" classname="org.springframework.web.method.annotation.RequestParamMethodArgumentResolverKotlinTests" time="0.001"/>
  <testcase name="resolveNonNullableNotRequiredWithMultipartParameter" classname="org.springframework.web.method.annotation.RequestParamMethodArgumentResolverKotlinTests" time="0.0"/>
  <testcase name="resolveNullableNotRequiredWithoutMultipartParameter" classname="org.springframework.web.method.annotation.RequestParamMethodArgumentResolverKotlinTests" time="0.001"/>
  <testcase name="resolveNullableRequiredWithParameter" classname="org.springframework.web.method.annotation.RequestParamMethodArgumentResolverKotlinTests" time="0.0"/>
  <testcase name="resolveNonNullableNotRequiredWithoutMultipartParameter" classname="org.springframework.web.method.annotation.RequestParamMethodArgumentResolverKotlinTests" time="0.0"/>
  <testcase name="resolveNonNullableRequiredWithoutParameter" classname="org.springframework.web.method.annotation.RequestParamMethodArgumentResolverKotlinTests" time="0.001"/>
  <testcase name="resolveNonNullableRequiredWithMultipartParameter" classname="org.springframework.web.method.annotation.RequestParamMethodArgumentResolverKotlinTests" time="0.001"/>
  <system-out><![CDATA[]]></system-out>
  <system-err><![CDATA[]]></system-err>
</testsuite>
