<?xml version="1.0" encoding="UTF-8"?>
<testsuite name="org.springframework.web.server.handler.ResponseStatusExceptionHandlerTests" tests="4" skipped="0" failures="0" errors="0" timestamp="2021-04-16T01:56:39" hostname="DESKTOP-3R4DVF7" time="0.002">
  <properties/>
  <testcase name="handleNestedResponseStatusException" classname="org.springframework.web.server.handler.ResponseStatusExceptionHandlerTests" time="0.0"/>
  <testcase name="unresolvedException" classname="org.springframework.web.server.handler.ResponseStatusExceptionHandlerTests" time="0.0"/>
  <testcase name="responseCommitted" classname="org.springframework.web.server.handler.ResponseStatusExceptionHandlerTests" time="0.001"/>
  <testcase name="handleResponseStatusException" classname="org.springframework.web.server.handler.ResponseStatusExceptionHandlerTests" time="0.0"/>
  <system-out><![CDATA[09:56:39.027 [Test worker] WARN  org.springframework.web.server.handler.ResponseStatusExceptionHandler - Failed to handle request [GET /]: org.springframework.web.server.ResponseStatusException: Response status 400 with reason ""
09:56:39.029 [Test worker] WARN  org.springframework.web.server.handler.ResponseStatusExceptionHandler - Failed to handle request [GET /]: Response status 400 with reason ""
]]></system-out>
  <system-err><![CDATA[]]></system-err>
</testsuite>
