<?xml version="1.0" encoding="UTF-8"?>
<testsuite name="org.springframework.http.converter.ResourceHttpMessageConverterTests" tests="10" skipped="0" failures="0" errors="0" timestamp="2021-04-16T01:56:20" hostname="DESKTOP-3R4DVF7" time="0.025">
  <properties/>
  <testcase name="shouldReadInputStreamResource" classname="org.springframework.http.converter.ResourceHttpMessageConverterTests" time="0.001"/>
  <testcase name="writeContentNotClosingInputStream" classname="org.springframework.http.converter.ResourceHttpMessageConverterTests" time="0.013"/>
  <testcase name="shouldWriteImageResource" classname="org.springframework.http.converter.ResourceHttpMessageConverterTests" time="0.001"/>
  <testcase name="writeByteArrayNullMediaType" classname="org.springframework.http.converter.ResourceHttpMessageConverterTests" time="0.0"/>
  <testcase name="canWriteResource" classname="org.springframework.http.converter.ResourceHttpMessageConverterTests" time="0.0"/>
  <testcase name="writeContentInputStreamThrowingNullPointerException" classname="org.springframework.http.converter.ResourceHttpMessageConverterTests" time="0.003"/>
  <testcase name="shouldNotReadInputStreamResource" classname="org.springframework.http.converter.ResourceHttpMessageConverterTests" time="0.001"/>
  <testcase name="shouldReadImageResource" classname="org.springframework.http.converter.ResourceHttpMessageConverterTests" time="0.004"/>
  <testcase name="writeContentNotGettingInputStream" classname="org.springframework.http.converter.ResourceHttpMessageConverterTests" time="0.001"/>
  <testcase name="canReadResource" classname="org.springframework.http.converter.ResourceHttpMessageConverterTests" time="0.0"/>
  <system-out><![CDATA[]]></system-out>
  <system-err><![CDATA[]]></system-err>
</testsuite>
