<?xml version="1.0" encoding="UTF-8"?>
<testsuite name="org.springframework.web.filter.RelativeRedirectFilterTests" tests="5" skipped="0" failures="0" errors="0" timestamp="2021-04-16T01:56:37" hostname="DESKTOP-3R4DVF7" time="0.013">
  <properties/>
  <testcase name="sendRedirectHttpStatusWhenNot3xxThenIllegalArgumentException" classname="org.springframework.web.filter.RelativeRedirectFilterTests" time="0.0"/>
  <testcase name="wrapOnceOnly" classname="org.springframework.web.filter.RelativeRedirectFilterTests" time="0.0"/>
  <testcase name="doFilterSendRedirectWhenCustomSendRedirectHttpStatusThenLocationAnd301" classname="org.springframework.web.filter.RelativeRedirectFilterTests" time="0.012"/>
  <testcase name="sendRedirectHttpStatusWhenNullThenIllegalArgumentException" classname="org.springframework.web.filter.RelativeRedirectFilterTests" time="0.0"/>
  <testcase name="doFilterSendRedirectWhenDefaultsThenLocationAnd303" classname="org.springframework.web.filter.RelativeRedirectFilterTests" time="0.001"/>
  <system-out><![CDATA[]]></system-out>
  <system-err><![CDATA[]]></system-err>
</testsuite>
