<?xml version="1.0" encoding="UTF-8"?>
<testsuite name="org.springframework.web.filter.reactive.HiddenHttpMethodFilterTests" tests="7" skipped="0" failures="0" errors="0" timestamp="2021-04-16T01:56:37" hostname="DESKTOP-3R4DVF7" time="0.006">
  <properties/>
  <testcase name="filterWithParameter" classname="org.springframework.web.filter.reactive.HiddenHttpMethodFilterTests" time="0.002"/>
  <testcase name="filterWithNoParameter" classname="org.springframework.web.filter.reactive.HiddenHttpMethodFilterTests" time="0.0"/>
  <testcase name="filterWithEmptyStringParameter" classname="org.springframework.web.filter.reactive.HiddenHttpMethodFilterTests" time="0.0"/>
  <testcase name="filterWithInvalidMethodValue" classname="org.springframework.web.filter.reactive.HiddenHttpMethodFilterTests" time="0.001"/>
  <testcase name="filterWithDifferentMethodParam" classname="org.springframework.web.filter.reactive.HiddenHttpMethodFilterTests" time="0.001"/>
  <testcase name="filterWithParameterMethodNotAllowed" classname="org.springframework.web.filter.reactive.HiddenHttpMethodFilterTests" time="0.001"/>
  <testcase name="filterWithHttpPut" classname="org.springframework.web.filter.reactive.HiddenHttpMethodFilterTests" time="0.0"/>
  <system-out><![CDATA[]]></system-out>
  <system-err><![CDATA[]]></system-err>
</testsuite>
