<?xml version="1.0" encoding="UTF-8"?>
<testsuite name="org.springframework.http.converter.xml.MarshallingHttpMessageConverterTests" tests="8" skipped="0" failures="0" errors="0" timestamp="2021-04-16T01:56:20" hostname="DESKTOP-3R4DVF7" time="0.039">
  <properties/>
  <testcase name="supports" classname="org.springframework.http.converter.xml.MarshallingHttpMessageConverterTests" time="0.008"/>
  <testcase name="canWrite" classname="org.springframework.http.converter.xml.MarshallingHttpMessageConverterTests" time="0.01"/>
  <testcase name="read" classname="org.springframework.http.converter.xml.MarshallingHttpMessageConverterTests" time="0.012"/>
  <testcase name="writeWithMarshallingFailureException" classname="org.springframework.http.converter.xml.MarshallingHttpMessageConverterTests" time="0.002"/>
  <testcase name="write" classname="org.springframework.http.converter.xml.MarshallingHttpMessageConverterTests" time="0.001"/>
  <testcase name="canRead" classname="org.springframework.http.converter.xml.MarshallingHttpMessageConverterTests" time="0.001"/>
  <testcase name="readWithMarshallingFailureException" classname="org.springframework.http.converter.xml.MarshallingHttpMessageConverterTests" time="0.003"/>
  <testcase name="readWithTypeMismatchException" classname="org.springframework.http.converter.xml.MarshallingHttpMessageConverterTests" time="0.001"/>
  <system-out><![CDATA[]]></system-out>
  <system-err><![CDATA[]]></system-err>
</testsuite>
