<?xml version="1.0" encoding="UTF-8"?>
<testsuite name="org.springframework.web.context.request.async.DeferredResultTests" tests="7" skipped="0" failures="0" errors="0" timestamp="2021-04-16T01:56:36" hostname="DESKTOP-3R4DVF7" time="0.009">
  <properties/>
  <testcase name="onCompletion" classname="org.springframework.web.context.request.async.DeferredResultTests" time="0.003"/>
  <testcase name="onError" classname="org.springframework.web.context.request.async.DeferredResultTests" time="0.005"/>
  <testcase name="isSetOrExpired" classname="org.springframework.web.context.request.async.DeferredResultTests" time="0.0"/>
  <testcase name="hasResult" classname="org.springframework.web.context.request.async.DeferredResultTests" time="0.0"/>
  <testcase name="onTimeout" classname="org.springframework.web.context.request.async.DeferredResultTests" time="0.0"/>
  <testcase name="setResult" classname="org.springframework.web.context.request.async.DeferredResultTests" time="0.0"/>
  <testcase name="setResultTwice" classname="org.springframework.web.context.request.async.DeferredResultTests" time="0.0"/>
  <system-out><![CDATA[]]></system-out>
  <system-err><![CDATA[]]></system-err>
</testsuite>
