<?xml version="1.0" encoding="UTF-8"?>
<testsuite name="org.springframework.web.server.session.InMemoryWebSessionStoreTests" tests="6" skipped="0" failures="0" errors="0" timestamp="2021-04-16T01:56:39" hostname="DESKTOP-3R4DVF7" time="0.031">
  <properties/>
  <testcase name="startsSessionExplicitly" classname="org.springframework.web.server.session.InMemoryWebSessionStoreTests" time="0.004"/>
  <testcase name="maxSessions" classname="org.springframework.web.server.session.InMemoryWebSessionStoreTests" time="0.025"/>
  <testcase name="startsSessionImplicitly" classname="org.springframework.web.server.session.InMemoryWebSessionStoreTests" time="0.0"/>
  <testcase name="retrieveExpiredSession" classname="org.springframework.web.server.session.InMemoryWebSessionStoreTests" time="0.001"/>
  <testcase name="expirationCheckPeriod" classname="org.springframework.web.server.session.InMemoryWebSessionStoreTests" time="0.001"/>
  <testcase name="lastAccessTimeIsUpdatedOnRetrieve" classname="org.springframework.web.server.session.InMemoryWebSessionStoreTests" time="0.0"/>
  <system-out><![CDATA[]]></system-out>
  <system-err><![CDATA[]]></system-err>
</testsuite>
