<?xml version="1.0" encoding="UTF-8"?>
<testsuite name="org.springframework.http.client.BufferedSimpleHttpRequestFactoryTests" tests="8" skipped="0" failures="0" errors="0" timestamp="2021-04-16T01:56:04" hostname="DESKTOP-3R4DVF7" time="0.014">
  <properties/>
  <testcase name="prepareConnectionWithRequestBody" classname="org.springframework.http.client.BufferedSimpleHttpRequestFactoryTests" time="0.001"/>
  <testcase name="deleteWithoutBodyDoesNotRaiseException" classname="org.springframework.http.client.BufferedSimpleHttpRequestFactoryTests" time="0.001"/>
  <testcase name="httpMethods" classname="org.springframework.http.client.BufferedSimpleHttpRequestFactoryTests" time="0.001"/>
  <testcase name="headersAfterExecute" classname="org.springframework.http.client.BufferedSimpleHttpRequestFactoryTests" time="0.002"/>
  <testcase name="status" classname="org.springframework.http.client.BufferedSimpleHttpRequestFactoryTests" time="0.003"/>
  <testcase name="echo" classname="org.springframework.http.client.BufferedSimpleHttpRequestFactoryTests" time="0.002"/>
  <testcase name="multipleWrites" classname="org.springframework.http.client.BufferedSimpleHttpRequestFactoryTests" time="0.002"/>
  <testcase name="queryParameters" classname="org.springframework.http.client.BufferedSimpleHttpRequestFactoryTests" time="0.002"/>
  <system-out><![CDATA[]]></system-out>
  <system-err><![CDATA[四月 16, 2021 9:56:04 上午 okhttp3.mockwebserver.MockWebServer$2 execute
信息: MockWebServer[61287] starting to accept connections
四月 16, 2021 9:56:04 上午 okhttp3.mockwebserver.MockWebServer$2 acceptConnections
信息: MockWebServer[61287] done accepting connections: Socket is closed
四月 16, 2021 9:56:04 上午 okhttp3.mockwebserver.MockWebServer$2 execute
信息: MockWebServer[61288] starting to accept connections
四月 16, 2021 9:56:04 上午 okhttp3.mockwebserver.MockWebServer$2 acceptConnections
信息: MockWebServer[61288] done accepting connections: Socket is closed
四月 16, 2021 9:56:04 上午 okhttp3.mockwebserver.MockWebServer$2 execute
信息: MockWebServer[61289] starting to accept connections
四月 16, 2021 9:56:04 上午 okhttp3.mockwebserver.MockWebServer$2 acceptConnections
信息: MockWebServer[61289] done accepting connections: Socket is closed
四月 16, 2021 9:56:04 上午 okhttp3.mockwebserver.MockWebServer$2 execute
信息: MockWebServer[61290] starting to accept connections
四月 16, 2021 9:56:04 上午 okhttp3.mockwebserver.MockWebServer$2 acceptConnections
信息: MockWebServer[61290] done accepting connections: socket closed
四月 16, 2021 9:56:04 上午 okhttp3.mockwebserver.MockWebServer$3 execute
信息: MockWebServer[61290] connection from /127.0.0.1 failed: java.net.SocketException: Socket closed
四月 16, 2021 9:56:04 上午 okhttp3.mockwebserver.MockWebServer$2 execute
信息: MockWebServer[61292] starting to accept connections
四月 16, 2021 9:56:04 上午 okhttp3.mockwebserver.MockWebServer$3 processOneRequest
信息: MockWebServer[61292] received request: GET /status/notfound HTTP/1.1 and responded: HTTP/1.1 404 Client Error
四月 16, 2021 9:56:04 上午 okhttp3.mockwebserver.MockWebServer$2 acceptConnections
信息: MockWebServer[61292] done accepting connections: socket closed
四月 16, 2021 9:56:04 上午 okhttp3.mockwebserver.MockWebServer$2 execute
信息: MockWebServer[61294] starting to accept connections
四月 16, 2021 9:56:04 上午 okhttp3.mockwebserver.MockWebServer$3 processOneRequest
信息: MockWebServer[61294] received request: PUT /echo HTTP/1.1 and responded: HTTP/1.1 200 OK
四月 16, 2021 9:56:04 上午 okhttp3.mockwebserver.MockWebServer$2 acceptConnections
信息: MockWebServer[61294] done accepting connections: socket closed
四月 16, 2021 9:56:04 上午 okhttp3.mockwebserver.MockWebServer$2 execute
信息: MockWebServer[61296] starting to accept connections
四月 16, 2021 9:56:04 上午 okhttp3.mockwebserver.MockWebServer$2 acceptConnections
信息: MockWebServer[61296] done accepting connections: Socket is closed
四月 16, 2021 9:56:04 上午 okhttp3.mockwebserver.MockWebServer$3 execute
信息: MockWebServer[61296] connection from /127.0.0.1 failed: java.net.SocketException: Socket closed
四月 16, 2021 9:56:04 上午 okhttp3.mockwebserver.MockWebServer$2 execute
信息: MockWebServer[61298] starting to accept connections
四月 16, 2021 9:56:04 上午 okhttp3.mockwebserver.MockWebServer$3 processOneRequest
信息: MockWebServer[61298] received request: GET /params?param1=value&param2=value1&param2=value2 HTTP/1.1 and responded: HTTP/1.1 200 OK
四月 16, 2021 9:56:04 上午 okhttp3.mockwebserver.MockWebServer$2 acceptConnections
信息: MockWebServer[61298] done accepting connections: socket closed
]]></system-err>
</testsuite>
