<?xml version="1.0" encoding="UTF-8"?>
<testsuite name="org.springframework.web.server.session.HeaderWebSessionIdResolverTests" tests="10" skipped="0" failures="0" errors="0" timestamp="2021-04-16T01:56:39" hostname="DESKTOP-3R4DVF7" time="0.002">
  <properties/>
  <testcase name="setSessionIdWhenCustomHeaderNameThenSetsHeader" classname="org.springframework.web.server.session.HeaderWebSessionIdResolverTests" time="0.001"/>
  <testcase name="resolveSessionIdsWhenNoIdsThenEmpty" classname="org.springframework.web.server.session.HeaderWebSessionIdResolverTests" time="0.0"/>
  <testcase name="resolveSessionIdsWhenMultipleIdsThenIdsFound" classname="org.springframework.web.server.session.HeaderWebSessionIdResolverTests" time="0.0"/>
  <testcase name="resolveSessionIdsWhenIdThenIdFound" classname="org.springframework.web.server.session.HeaderWebSessionIdResolverTests" time="0.0"/>
  <testcase name="setSessionIdWhenValidThenSetsHeader" classname="org.springframework.web.server.session.HeaderWebSessionIdResolverTests" time="0.0"/>
  <testcase name="expireWhenAfterSetSessionIdThenSetsEmptyHeader" classname="org.springframework.web.server.session.HeaderWebSessionIdResolverTests" time="0.0"/>
  <testcase name="setSessionIdWhenNullIdThenIllegalArgumentException" classname="org.springframework.web.server.session.HeaderWebSessionIdResolverTests" time="0.0"/>
  <testcase name="expireWhenValidThenSetsEmptyHeader" classname="org.springframework.web.server.session.HeaderWebSessionIdResolverTests" time="0.0"/>
  <testcase name="expireWhenMultipleInvocationThenSetsSingleEmptyHeader" classname="org.springframework.web.server.session.HeaderWebSessionIdResolverTests" time="0.0"/>
  <testcase name="setSessionIdWhenMultipleThenSetsSingleHeader" classname="org.springframework.web.server.session.HeaderWebSessionIdResolverTests" time="0.0"/>
  <system-out><![CDATA[]]></system-out>
  <system-err><![CDATA[]]></system-err>
</testsuite>
