<?xml version="1.0" encoding="UTF-8"?>
<testsuite name="org.springframework.web.filter.RequestContextFilterTests" tests="2" skipped="0" failures="0" errors="0" timestamp="2021-04-16T01:56:37" hostname="DESKTOP-3R4DVF7" time="0.002">
  <properties/>
  <testcase name="happyPath" classname="org.springframework.web.filter.RequestContextFilterTests" time="0.002"/>
  <testcase name="withException" classname="org.springframework.web.filter.RequestContextFilterTests" time="0.0"/>
  <system-out><![CDATA[09:56:37.737 [Test worker] DEBUG org.springframework.web.filter.RequestContextFilter - Initializing filter 'foo'
09:56:37.737 [Test worker] DEBUG org.springframework.web.filter.RequestContextFilter - Filter 'foo' configured successfully
09:56:37.737 [Test worker] DEBUG org.springframework.web.filter.RequestContextFilter - Bound request context to thread: org.springframework.mock.web.test.MockHttpServletRequest@3d9f8208
09:56:37.737 [Test worker] DEBUG org.springframework.web.filter.RequestContextFilter - Cleared thread-bound request context: org.springframework.mock.web.test.MockHttpServletRequest@3d9f8208
09:56:37.737 [Test worker] DEBUG org.springframework.web.filter.RequestContextFilter - Initializing filter 'foo'
09:56:37.737 [Test worker] DEBUG org.springframework.web.filter.RequestContextFilter - Filter 'foo' configured successfully
09:56:37.737 [Test worker] DEBUG org.springframework.web.filter.RequestContextFilter - Bound request context to thread: org.springframework.mock.web.test.MockHttpServletRequest@6a1cd117
09:56:37.737 [Test worker] DEBUG org.springframework.web.filter.RequestContextFilter - Cleared thread-bound request context: org.springframework.mock.web.test.MockHttpServletRequest@6a1cd117
]]></system-out>
  <system-err><![CDATA[]]></system-err>
</testsuite>
