<?xml version="1.0" encoding="UTF-8"?>
<testsuite name="org.springframework.http.HttpStatusTests" tests="2" skipped="0" failures="0" errors="0" timestamp="2021-04-16T01:56:20" hostname="DESKTOP-3R4DVF7" time="0.0">
  <properties/>
  <testcase name="fromEnumToMap" classname="org.springframework.http.HttpStatusTests" time="0.0"/>
  <testcase name="fromMapToEnum" classname="org.springframework.http.HttpStatusTests" time="0.0"/>
  <system-out><![CDATA[]]></system-out>
  <system-err><![CDATA[]]></system-err>
</testsuite>
