<?xml version="1.0" encoding="UTF-8"?>
<testsuite name="org.springframework.http.converter.json.MappingJackson2HttpMessageConverterTests" tests="25" skipped="0" failures="0" errors="0" timestamp="2021-04-16T01:56:19" hostname="DESKTOP-3R4DVF7" time="0.064">
  <properties/>
  <testcase name="readAndWriteGenerics" classname="org.springframework.http.converter.json.MappingJackson2HttpMessageConverterTests" time="0.035"/>
  <testcase name="readInvalidJson" classname="org.springframework.http.converter.json.MappingJackson2HttpMessageConverterTests" time="0.0"/>
  <testcase name="prefixJson" classname="org.springframework.http.converter.json.MappingJackson2HttpMessageConverterTests" time="0.001"/>
  <testcase name="readTyped" classname="org.springframework.http.converter.json.MappingJackson2HttpMessageConverterTests" time="0.003"/>
  <testcase name="readUntyped" classname="org.springframework.http.converter.json.MappingJackson2HttpMessageConverterTests" time="0.004"/>
  <testcase name="jsonpAndJsonView" classname="org.springframework.http.converter.json.MappingJackson2HttpMessageConverterTests" time="0.001"/>
  <testcase name="filters" classname="org.springframework.http.converter.json.MappingJackson2HttpMessageConverterTests" time="0.001"/>
  <testcase name="writeUTF16" classname="org.springframework.http.converter.json.MappingJackson2HttpMessageConverterTests" time="0.0"/>
  <testcase name="writeParameterizedBaseType" classname="org.springframework.http.converter.json.MappingJackson2HttpMessageConverterTests" time="0.004"/>
  <testcase name="canWrite" classname="org.springframework.http.converter.json.MappingJackson2HttpMessageConverterTests" time="0.002"/>
  <testcase name="readAndWriteParameterizedType" classname="org.springframework.http.converter.json.MappingJackson2HttpMessageConverterTests" time="0.002"/>
  <testcase name="jsonp" classname="org.springframework.http.converter.json.MappingJackson2HttpMessageConverterTests" time="0.001"/>
  <testcase name="write" classname="org.springframework.http.converter.json.MappingJackson2HttpMessageConverterTests" time="0.0"/>
  <testcase name="prettyPrintWithSse" classname="org.springframework.http.converter.json.MappingJackson2HttpMessageConverterTests" time="0.0"/>
  <testcase name="canRead" classname="org.springframework.http.converter.json.MappingJackson2HttpMessageConverterTests" time="0.001"/>
  <testcase name="writeSubTypeList" classname="org.springframework.http.converter.json.MappingJackson2HttpMessageConverterTests" time="0.001"/>
  <testcase name="writeSubType" classname="org.springframework.http.converter.json.MappingJackson2HttpMessageConverterTests" time="0.001"/>
  <testcase name="prefixJsonCustom" classname="org.springframework.http.converter.json.MappingJackson2HttpMessageConverterTests" time="0.0"/>
  <testcase name="prettyPrint" classname="org.springframework.http.converter.json.MappingJackson2HttpMessageConverterTests" time="0.0"/>
  <testcase name="classLevelJsonView" classname="org.springframework.http.converter.json.MappingJackson2HttpMessageConverterTests" time="0.001"/>
  <testcase name="readWithNoDefaultConstructor" classname="org.springframework.http.converter.json.MappingJackson2HttpMessageConverterTests" time="0.001"/>
  <testcase name="readValidJsonWithUnknownProperty" classname="org.springframework.http.converter.json.MappingJackson2HttpMessageConverterTests" time="0.001"/>
  <testcase name="canReadAndWriteMicroformats" classname="org.springframework.http.converter.json.MappingJackson2HttpMessageConverterTests" time="0.0"/>
  <testcase name="writeWithBaseType" classname="org.springframework.http.converter.json.MappingJackson2HttpMessageConverterTests" time="0.0"/>
  <testcase name="fieldLevelJsonView" classname="org.springframework.http.converter.json.MappingJackson2HttpMessageConverterTests" time="0.001"/>
  <system-out><![CDATA[]]></system-out>
  <system-err><![CDATA[]]></system-err>
</testsuite>
