<?xml version="1.0" encoding="UTF-8"?>
<testsuite name="org.springframework.web.client.DefaultResponseErrorHandlerTests" tests="12" skipped="0" failures="0" errors="0" timestamp="2021-04-16T01:56:35" hostname="DESKTOP-3R4DVF7" time="0.003">
  <properties/>
  <testcase name="bodyAvailableAfterHasErrorForUnknownStatusCode" classname="org.springframework.web.client.DefaultResponseErrorHandlerTests" time="0.001"/>
  <testcase name="hasErrorFalse" classname="org.springframework.web.client.DefaultResponseErrorHandlerTests" time="0.0"/>
  <testcase name="handleErrorNullResponse" classname="org.springframework.web.client.DefaultResponseErrorHandlerTests" time="0.0"/>
  <testcase name="hasErrorTrue" classname="org.springframework.web.client.DefaultResponseErrorHandlerTests" time="0.001"/>
  <testcase name="handleErrorIOException" classname="org.springframework.web.client.DefaultResponseErrorHandlerTests" time="0.0"/>
  <testcase name="hasErrorForUnknownStatusCode" classname="org.springframework.web.client.DefaultResponseErrorHandlerTests" time="0.0"/>
  <testcase name="hasErrorForCustomServerError" classname="org.springframework.web.client.DefaultResponseErrorHandlerTests" time="0.0"/>
  <testcase name="handleErrorUnknownStatusCode" classname="org.springframework.web.client.DefaultResponseErrorHandlerTests" time="0.001"/>
  <testcase name="handleErrorForCustomServerError" classname="org.springframework.web.client.DefaultResponseErrorHandlerTests" time="0.0"/>
  <testcase name="hasErrorForCustomClientError" classname="org.springframework.web.client.DefaultResponseErrorHandlerTests" time="0.0"/>
  <testcase name="handleErrorForCustomClientError" classname="org.springframework.web.client.DefaultResponseErrorHandlerTests" time="0.0"/>
  <testcase name="handleError" classname="org.springframework.web.client.DefaultResponseErrorHandlerTests" time="0.0"/>
  <system-out><![CDATA[]]></system-out>
  <system-err><![CDATA[]]></system-err>
</testsuite>
