<?xml version="1.0" encoding="UTF-8"?>
<testsuite name="org.springframework.http.codec.ResourceHttpMessageWriterTests" tests="5" skipped="0" failures="0" errors="0" timestamp="2021-04-16T01:56:15" hostname="DESKTOP-3R4DVF7" time="0.019">
  <properties/>
  <testcase name="writeSingleRegion" classname="org.springframework.http.codec.ResourceHttpMessageWriterTests" time="0.005"/>
  <testcase name="writeMultipleRegions" classname="org.springframework.http.codec.ResourceHttpMessageWriterTests" time="0.009"/>
  <testcase name="invalidRange" classname="org.springframework.http.codec.ResourceHttpMessageWriterTests" time="0.001"/>
  <testcase name="getWritableMediaTypes" classname="org.springframework.http.codec.ResourceHttpMessageWriterTests" time="0.003"/>
  <testcase name="writeResource" classname="org.springframework.http.codec.ResourceHttpMessageWriterTests" time="0.0"/>
  <system-out><![CDATA[]]></system-out>
  <system-err><![CDATA[]]></system-err>
</testsuite>
