<?xml version="1.0" encoding="UTF-8"?>
<testsuite name="org.springframework.http.server.reactive.CookieIntegrationTests" tests="4" skipped="0" failures="0" errors="0" timestamp="2021-04-16T01:56:21" hostname="DESKTOP-3R4DVF7" time="2.803">
  <properties/>
  <testcase name="basicTest[server [org.springframework.http.server.reactive.bootstrap.JettyHttpServer@3e85e49a]]" classname="org.springframework.http.server.reactive.CookieIntegrationTests" time="0.69"/>
  <testcase name="basicTest[server [org.springframework.http.server.reactive.bootstrap.ReactorHttpServer@3913da16]]" classname="org.springframework.http.server.reactive.CookieIntegrationTests" time="0.232"/>
  <testcase name="basicTest[server [org.springframework.http.server.reactive.bootstrap.TomcatHttpServer@49a0bc14]]" classname="org.springframework.http.server.reactive.CookieIntegrationTests" time="1.522"/>
  <testcase name="basicTest[server [org.springframework.http.server.reactive.bootstrap.UndertowHttpServer@5e6e098e]]" classname="org.springframework.http.server.reactive.CookieIntegrationTests" time="0.359"/>
  <system-out><![CDATA[09:56:21.666 [Test worker] DEBUG org.springframework.web.client.RestTemplate - Created GET request for "http://localhost:61872"
09:56:21.690 [Test worker] DEBUG org.springframework.web.client.RestTemplate - Setting request Accept header to [application/xml, text/xml, application/json, application/x-jackson-smile, application/cbor, application/*+xml, application/*+json]
09:56:21.959 [Test worker] DEBUG org.springframework.web.client.RestTemplate - GET request for "http://localhost:61872" resulted in 200 (OK)
09:56:22.106 [Test worker] DEBUG org.springframework.web.client.RestTemplate - Created GET request for "http://localhost:61910"
09:56:22.107 [Test worker] DEBUG org.springframework.web.client.RestTemplate - Setting request Accept header to [application/xml, text/xml, application/json, application/x-jackson-smile, application/cbor, application/*+xml, application/*+json]
09:56:22.206 [Test worker] DEBUG org.springframework.web.client.RestTemplate - GET request for "http://localhost:61910" resulted in 200 (OK)
09:56:23.018 [Test worker] DEBUG org.springframework.web.client.RestTemplate - Created GET request for "http://localhost:61912"
09:56:23.018 [Test worker] DEBUG org.springframework.web.client.RestTemplate - Setting request Accept header to [application/xml, text/xml, application/json, application/x-jackson-smile, application/cbor, application/*+xml, application/*+json]
09:56:23.180 [Test worker] DEBUG org.springframework.web.client.RestTemplate - GET request for "http://localhost:61912" resulted in 200 (null)
09:56:23.977 [Test worker] DEBUG org.springframework.web.client.RestTemplate - Created GET request for "http://localhost:61949"
09:56:23.978 [Test worker] DEBUG org.springframework.web.client.RestTemplate - Setting request Accept header to [application/xml, text/xml, application/json, application/x-jackson-smile, application/cbor, application/*+xml, application/*+json]
09:56:24.073 [Test worker] DEBUG org.springframework.web.client.RestTemplate - GET request for "http://localhost:61949" resulted in 200 (OK)
]]></system-out>
  <system-err><![CDATA[四月 16, 2021 9:56:22 上午 org.apache.coyote.AbstractProtocol init
信息: Initializing ProtocolHandler ["http-nio-auto-1"]
四月 16, 2021 9:56:22 上午 org.apache.tomcat.util.net.NioSelectorPool getSharedSelector
信息: Using a shared selector for servlet write/read
四月 16, 2021 9:56:22 上午 org.apache.catalina.core.StandardService startInternal
信息: Starting service [Tomcat]
四月 16, 2021 9:56:22 上午 org.apache.catalina.core.StandardEngine startInternal
信息: Starting Servlet Engine: Apache Tomcat/8.5.45
四月 16, 2021 9:56:22 上午 org.apache.coyote.AbstractProtocol start
信息: Starting ProtocolHandler ["http-nio-auto-1-61912"]
四月 16, 2021 9:56:23 上午 org.apache.coyote.AbstractProtocol pause
信息: Pausing ProtocolHandler ["http-nio-auto-1-61912"]
四月 16, 2021 9:56:23 上午 org.apache.catalina.core.StandardService stopInternal
信息: Stopping service [Tomcat]
四月 16, 2021 9:56:23 上午 org.apache.coyote.AbstractProtocol stop
信息: Stopping ProtocolHandler ["http-nio-auto-1-61912"]
四月 16, 2021 9:56:23 上午 org.apache.coyote.AbstractProtocol destroy
信息: Destroying ProtocolHandler ["http-nio-auto-1-61912"]
]]></system-err>
</testsuite>
