<?xml version="1.0" encoding="UTF-8"?>
<testsuite name="org.springframework.http.converter.json.SpringHandlerInstantiatorTests" tests="5" skipped="0" failures="0" errors="0" timestamp="2021-04-16T01:56:19" hostname="DESKTOP-3R4DVF7" time="0.221">
  <properties/>
  <testcase name="applicationContextAwareTypeIdResolver" classname="org.springframework.http.converter.json.SpringHandlerInstantiatorTests" time="0.163"/>
  <testcase name="autowiredDeserializer" classname="org.springframework.http.converter.json.SpringHandlerInstantiatorTests" time="0.024"/>
  <testcase name="autowiredKeyDeserializer" classname="org.springframework.http.converter.json.SpringHandlerInstantiatorTests" time="0.013"/>
  <testcase name="autowiredSerializer" classname="org.springframework.http.converter.json.SpringHandlerInstantiatorTests" time="0.017"/>
  <testcase name="applicationContextAwaretypeResolverBuilder" classname="org.springframework.http.converter.json.SpringHandlerInstantiatorTests" time="0.003"/>
  <system-out><![CDATA[]]></system-out>
  <system-err><![CDATA[]]></system-err>
</testsuite>
