<?xml version="1.0" encoding="UTF-8"?>
<testsuite name="org.springframework.http.codec.support.ClientCodecConfigurerTests" tests="3" skipped="0" failures="0" errors="0" timestamp="2021-04-16T01:56:16" hostname="DESKTOP-3R4DVF7" time="0.051">
  <properties/>
  <testcase name="defaultReaders" classname="org.springframework.http.codec.support.ClientCodecConfigurerTests" time="0.049"/>
  <testcase name="defaultWriters" classname="org.springframework.http.codec.support.ClientCodecConfigurerTests" time="0.001"/>
  <testcase name="jackson2EncoderOverride" classname="org.springframework.http.codec.support.ClientCodecConfigurerTests" time="0.001"/>
  <system-out><![CDATA[]]></system-out>
  <system-err><![CDATA[]]></system-err>
</testsuite>
