<?xml version="1.0" encoding="UTF-8"?>
<testsuite name="org.springframework.web.accept.MappingContentNegotiationStrategyTests" tests="4" skipped="0" failures="0" errors="0" timestamp="2021-04-16T01:56:34" hostname="DESKTOP-3R4DVF7" time="0.0">
  <properties/>
  <testcase name="resolveMediaTypesNoMatch" classname="org.springframework.web.accept.MappingContentNegotiationStrategyTests" time="0.0"/>
  <testcase name="resolveMediaTypes" classname="org.springframework.web.accept.MappingContentNegotiationStrategyTests" time="0.0"/>
  <testcase name="resolveMediaTypesHandleNoMatch" classname="org.springframework.web.accept.MappingContentNegotiationStrategyTests" time="0.0"/>
  <testcase name="resolveMediaTypesNoKey" classname="org.springframework.web.accept.MappingContentNegotiationStrategyTests" time="0.0"/>
  <system-out><![CDATA[]]></system-out>
  <system-err><![CDATA[]]></system-err>
</testsuite>
