<?xml version="1.0" encoding="UTF-8"?>
<testsuite name="org.springframework.http.server.reactive.ZeroCopyIntegrationTests" tests="4" skipped="2" failures="0" errors="0" timestamp="2021-04-16T01:56:29" hostname="DESKTOP-3R4DVF7" time="0.599">
  <properties/>
  <testcase name="zeroCopy[server [org.springframework.http.server.reactive.bootstrap.JettyHttpServer@651ce08d]]" classname="org.springframework.http.server.reactive.ZeroCopyIntegrationTests" time="0.008">
    <skipped/>
  </testcase>
  <testcase name="zeroCopy[server [org.springframework.http.server.reactive.bootstrap.ReactorHttpServer@279b7c93]]" classname="org.springframework.http.server.reactive.ZeroCopyIntegrationTests" time="0.022"/>
  <testcase name="zeroCopy[server [org.springframework.http.server.reactive.bootstrap.TomcatHttpServer@d5ed7c4]]" classname="org.springframework.http.server.reactive.ZeroCopyIntegrationTests" time="0.546">
    <skipped/>
  </testcase>
  <testcase name="zeroCopy[server [org.springframework.http.server.reactive.bootstrap.UndertowHttpServer@210a6300]]" classname="org.springframework.http.server.reactive.ZeroCopyIntegrationTests" time="0.023"/>
  <system-out><![CDATA[09:56:29.731 [Test worker] DEBUG org.springframework.web.client.RestTemplate - Created GET request for "http://localhost:62393"
09:56:29.731 [Test worker] DEBUG org.springframework.web.client.RestTemplate - Setting request Accept header to [application/octet-stream, application/xml, text/xml, application/json, application/x-jackson-smile, application/cbor, application/*+xml, application/*+json, */*]
09:56:29.735 [Test worker] DEBUG org.springframework.web.client.RestTemplate - GET request for "http://localhost:62393" resulted in 200 (OK)
09:56:29.745 [Test worker] DEBUG org.springframework.web.client.RestTemplate - Reading [[B] as "image/png" using [org.springframework.http.converter.ByteArrayHttpMessageConverter@5e9f2562]
09:56:30.307 [Test worker] DEBUG org.springframework.web.client.RestTemplate - Created GET request for "http://localhost:62429"
09:56:30.308 [Test worker] DEBUG org.springframework.web.client.RestTemplate - Setting request Accept header to [application/octet-stream, application/xml, text/xml, application/json, application/x-jackson-smile, application/cbor, application/*+xml, application/*+json, */*]
09:56:30.313 [Test worker] DEBUG org.springframework.web.client.RestTemplate - GET request for "http://localhost:62429" resulted in 200 (OK)
09:56:30.314 [Test worker] DEBUG org.springframework.web.client.RestTemplate - Reading [[B] as "image/png" using [org.springframework.http.converter.ByteArrayHttpMessageConverter@761a678b]
]]></system-out>
  <system-err><![CDATA[四月 16, 2021 9:56:29 上午 org.apache.coyote.AbstractProtocol init
信息: Initializing ProtocolHandler ["http-nio-auto-10"]
四月 16, 2021 9:56:29 上午 org.apache.tomcat.util.net.NioSelectorPool getSharedSelector
信息: Using a shared selector for servlet write/read
四月 16, 2021 9:56:29 上午 org.apache.catalina.core.StandardService startInternal
信息: Starting service [Tomcat]
四月 16, 2021 9:56:29 上午 org.apache.catalina.core.StandardEngine startInternal
信息: Starting Servlet Engine: Apache Tomcat/8.5.45
四月 16, 2021 9:56:29 上午 org.apache.coyote.AbstractProtocol start
信息: Starting ProtocolHandler ["http-nio-auto-10-62395"]
四月 16, 2021 9:56:29 上午 org.apache.coyote.AbstractProtocol pause
信息: Pausing ProtocolHandler ["http-nio-auto-10-62395"]
四月 16, 2021 9:56:30 上午 org.apache.catalina.core.StandardService stopInternal
信息: Stopping service [Tomcat]
四月 16, 2021 9:56:30 上午 org.apache.coyote.AbstractProtocol stop
信息: Stopping ProtocolHandler ["http-nio-auto-10-62395"]
四月 16, 2021 9:56:30 上午 org.apache.coyote.AbstractProtocol destroy
信息: Destroying ProtocolHandler ["http-nio-auto-10-62395"]
]]></system-err>
</testsuite>
