<?xml version="1.0" encoding="UTF-8"?>
<testsuite name="org.springframework.http.converter.json.GsonFactoryBeanTests" tests="11" skipped="0" failures="0" errors="0" timestamp="2021-04-16T01:56:18" hostname="DESKTOP-3R4DVF7" time="0.116">
  <properties/>
  <testcase name="serializeNulls" classname="org.springframework.http.converter.json.GsonFactoryBeanTests" time="0.104"/>
  <testcase name="base64EncodeByteArrays" classname="org.springframework.http.converter.json.GsonFactoryBeanTests" time="0.009"/>
  <testcase name="base64EncodeByteArraysDisableHtmlEscaping" classname="org.springframework.http.converter.json.GsonFactoryBeanTests" time="0.0"/>
  <testcase name="customizeDateFormatNone" classname="org.springframework.http.converter.json.GsonFactoryBeanTests" time="0.001"/>
  <testcase name="prettyPrinting" classname="org.springframework.http.converter.json.GsonFactoryBeanTests" time="0.0"/>
  <testcase name="serializeNullsFalse" classname="org.springframework.http.converter.json.GsonFactoryBeanTests" time="0.0"/>
  <testcase name="disableHtmlEscaping" classname="org.springframework.http.converter.json.GsonFactoryBeanTests" time="0.0"/>
  <testcase name="prettyPrintingFalse" classname="org.springframework.http.converter.json.GsonFactoryBeanTests" time="0.001"/>
  <testcase name="customizeDateFormatPattern" classname="org.springframework.http.converter.json.GsonFactoryBeanTests" time="0.0"/>
  <testcase name="disableHtmlEscapingFalse" classname="org.springframework.http.converter.json.GsonFactoryBeanTests" time="0.0"/>
  <testcase name="base64EncodeByteArraysFalse" classname="org.springframework.http.converter.json.GsonFactoryBeanTests" time="0.001"/>
  <system-out><![CDATA[]]></system-out>
  <system-err><![CDATA[]]></system-err>
</testsuite>
