<?xml version="1.0" encoding="UTF-8"?>
<testsuite name="org.springframework.http.codec.support.CodecConfigurerTests" tests="8" skipped="0" failures="0" errors="0" timestamp="2021-04-16T01:56:16" hostname="DESKTOP-3R4DVF7" time="0.033">
  <properties/>
  <testcase name="defaultsOffWithCustomWriters" classname="org.springframework.http.codec.support.CodecConfigurerTests" time="0.01"/>
  <testcase name="defaultReaders" classname="org.springframework.http.codec.support.CodecConfigurerTests" time="0.001"/>
  <testcase name="defaultWriters" classname="org.springframework.http.codec.support.CodecConfigurerTests" time="0.0"/>
  <testcase name="jackson2DecoderOverride" classname="org.springframework.http.codec.support.CodecConfigurerTests" time="0.002"/>
  <testcase name="defaultsOffCustomReaders" classname="org.springframework.http.codec.support.CodecConfigurerTests" time="0.017"/>
  <testcase name="defaultAndCustomReaders" classname="org.springframework.http.codec.support.CodecConfigurerTests" time="0.001"/>
  <testcase name="defaultAndCustomWriters" classname="org.springframework.http.codec.support.CodecConfigurerTests" time="0.001"/>
  <testcase name="jackson2EncoderOverride" classname="org.springframework.http.codec.support.CodecConfigurerTests" time="0.001"/>
  <system-out><![CDATA[]]></system-out>
  <system-err><![CDATA[]]></system-err>
</testsuite>
