<?xml version="1.0" encoding="UTF-8"?>
<testsuite name="org.springframework.http.client.Netty4ClientHttpRequestFactoryTests" tests="6" skipped="0" failures="0" errors="0" timestamp="2021-04-16T01:56:10" hostname="DESKTOP-3R4DVF7" time="0.044">
  <properties/>
  <testcase name="httpMethods" classname="org.springframework.http.client.Netty4ClientHttpRequestFactoryTests" time="0.023"/>
  <testcase name="headersAfterExecute" classname="org.springframework.http.client.Netty4ClientHttpRequestFactoryTests" time="0.004"/>
  <testcase name="status" classname="org.springframework.http.client.Netty4ClientHttpRequestFactoryTests" time="0.005"/>
  <testcase name="echo" classname="org.springframework.http.client.Netty4ClientHttpRequestFactoryTests" time="0.005"/>
  <testcase name="multipleWrites" classname="org.springframework.http.client.Netty4ClientHttpRequestFactoryTests" time="0.003"/>
  <testcase name="queryParameters" classname="org.springframework.http.client.Netty4ClientHttpRequestFactoryTests" time="0.003"/>
  <system-out><![CDATA[]]></system-out>
  <system-err><![CDATA[四月 16, 2021 9:56:10 上午 okhttp3.mockwebserver.MockWebServer$2 execute
信息: MockWebServer[61763] starting to accept connections
四月 16, 2021 9:56:10 上午 okhttp3.mockwebserver.MockWebServer$3 processOneRequest
信息: MockWebServer[61763] received request: GET /methods/get HTTP/1.1 and responded: HTTP/1.1 200 OK
四月 16, 2021 9:56:10 上午 okhttp3.mockwebserver.MockWebServer$3 processOneRequest
信息: MockWebServer[61763] received request: HEAD /methods/head HTTP/1.1 and responded: HTTP/1.1 200 OK
四月 16, 2021 9:56:10 上午 okhttp3.mockwebserver.MockWebServer$3 processOneRequest
信息: MockWebServer[61763] received request: POST /methods/post HTTP/1.1 and responded: HTTP/1.1 200 OK
四月 16, 2021 9:56:10 上午 okhttp3.mockwebserver.MockWebServer$3 processOneRequest
信息: MockWebServer[61763] received request: PUT /methods/put HTTP/1.1 and responded: HTTP/1.1 200 OK
四月 16, 2021 9:56:10 上午 okhttp3.mockwebserver.MockWebServer$3 processOneRequest
信息: MockWebServer[61763] received request: OPTIONS /methods/options HTTP/1.1 and responded: HTTP/1.1 200 OK
四月 16, 2021 9:56:10 上午 okhttp3.mockwebserver.MockWebServer$3 processOneRequest
信息: MockWebServer[61763] received request: DELETE /methods/delete HTTP/1.1 and responded: HTTP/1.1 200 OK
四月 16, 2021 9:56:10 上午 okhttp3.mockwebserver.MockWebServer$3 processOneRequest
信息: MockWebServer[61763] received request: PATCH /methods/patch HTTP/1.1 and responded: HTTP/1.1 200 OK
四月 16, 2021 9:56:10 上午 okhttp3.mockwebserver.MockWebServer$2 acceptConnections
信息: MockWebServer[61763] done accepting connections: socket closed
四月 16, 2021 9:56:10 上午 okhttp3.mockwebserver.MockWebServer$2 execute
信息: MockWebServer[61771] starting to accept connections
四月 16, 2021 9:56:10 上午 okhttp3.mockwebserver.MockWebServer$3 processOneRequest
信息: MockWebServer[61771] received request: POST /echo HTTP/1.1 and responded: HTTP/1.1 200 OK
四月 16, 2021 9:56:10 上午 okhttp3.mockwebserver.MockWebServer$2 acceptConnections
信息: MockWebServer[61771] done accepting connections: socket closed
四月 16, 2021 9:56:10 上午 okhttp3.mockwebserver.MockWebServer$2 execute
信息: MockWebServer[61773] starting to accept connections
四月 16, 2021 9:56:10 上午 okhttp3.mockwebserver.MockWebServer$3 processOneRequest
信息: MockWebServer[61773] received request: GET /status/notfound HTTP/1.1 and responded: HTTP/1.1 404 Client Error
四月 16, 2021 9:56:10 上午 okhttp3.mockwebserver.MockWebServer$2 acceptConnections
信息: MockWebServer[61773] done accepting connections: socket closed
四月 16, 2021 9:56:10 上午 okhttp3.mockwebserver.MockWebServer$2 execute
信息: MockWebServer[61775] starting to accept connections
四月 16, 2021 9:56:10 上午 okhttp3.mockwebserver.MockWebServer$3 processOneRequest
信息: MockWebServer[61775] received request: PUT /echo HTTP/1.1 and responded: HTTP/1.1 200 OK
四月 16, 2021 9:56:10 上午 okhttp3.mockwebserver.MockWebServer$2 acceptConnections
信息: MockWebServer[61775] done accepting connections: socket closed
四月 16, 2021 9:56:10 上午 okhttp3.mockwebserver.MockWebServer$2 execute
信息: MockWebServer[61777] starting to accept connections
四月 16, 2021 9:56:10 上午 okhttp3.mockwebserver.MockWebServer$3 processOneRequest
信息: MockWebServer[61777] received request: POST /echo HTTP/1.1 and responded: HTTP/1.1 200 OK
四月 16, 2021 9:56:10 上午 okhttp3.mockwebserver.MockWebServer$2 acceptConnections
信息: MockWebServer[61777] done accepting connections: socket closed
四月 16, 2021 9:56:10 上午 okhttp3.mockwebserver.MockWebServer$2 execute
信息: MockWebServer[61779] starting to accept connections
四月 16, 2021 9:56:10 上午 okhttp3.mockwebserver.MockWebServer$3 processOneRequest
信息: MockWebServer[61779] received request: GET /params?param1=value&param2=value1&param2=value2 HTTP/1.1 and responded: HTTP/1.1 200 OK
四月 16, 2021 9:56:10 上午 okhttp3.mockwebserver.MockWebServer$2 acceptConnections
信息: MockWebServer[61779] done accepting connections: socket closed
]]></system-err>
</testsuite>
