<?xml version="1.0" encoding="UTF-8"?>
<testsuite name="org.springframework.web.util.HtmlCharacterEntityReferencesTests" tests="2" skipped="0" failures="0" errors="0" timestamp="2021-04-16T01:56:42" hostname="DESKTOP-3R4DVF7" time="0.011">
  <properties/>
  <testcase name="testSupportsAllCharacterEntityReferencesDefinedByHtml" classname="org.springframework.web.util.HtmlCharacterEntityReferencesTests" time="0.01"/>
  <testcase name="testConvertToReferenceUTF8" classname="org.springframework.web.util.HtmlCharacterEntityReferencesTests" time="0.001"/>
  <system-out><![CDATA[]]></system-out>
  <system-err><![CDATA[]]></system-err>
</testsuite>
