<?xml version="1.0" encoding="UTF-8"?>
<testsuite name="org.springframework.web.context.support.SpringBeanAutowiringSupportTests" tests="1" skipped="0" failures="0" errors="0" timestamp="2021-04-16T01:56:37" hostname="DESKTOP-3R4DVF7" time="0.011">
  <properties/>
  <testcase name="testProcessInjectionBasedOnServletContext" classname="org.springframework.web.context.support.SpringBeanAutowiringSupportTests" time="0.011"/>
  <system-out><![CDATA[09:56:37.452 [Test worker] INFO  org.springframework.web.context.support.StaticWebApplicationContext - Refreshing Root WebApplicationContext: startup date [Fri Apr 16 09:56:37 CST 2021]; root of context hierarchy
09:56:37.452 [Test worker] DEBUG org.springframework.web.context.support.StandardServletEnvironment - Adding PropertySource 'servletConfigInitParams' with lowest search precedence
09:56:37.452 [Test worker] DEBUG org.springframework.web.context.support.StandardServletEnvironment - Adding PropertySource 'servletContextInitParams' with lowest search precedence
09:56:37.453 [Test worker] DEBUG org.springframework.web.context.support.StandardServletEnvironment - Adding PropertySource 'systemProperties' with lowest search precedence
09:56:37.453 [Test worker] DEBUG org.springframework.web.context.support.StandardServletEnvironment - Adding PropertySource 'systemEnvironment' with lowest search precedence
09:56:37.453 [Test worker] DEBUG org.springframework.web.context.support.StandardServletEnvironment - Initialized StandardServletEnvironment with PropertySources [StubPropertySource {name='servletConfigInitParams'}, StubPropertySource {name='servletContextInitParams'}, PropertiesPropertySource {name='systemProperties'}, SystemEnvironmentPropertySource {name='systemEnvironment'}]
09:56:37.453 [Test worker] DEBUG org.springframework.web.context.support.StandardServletEnvironment - Replacing PropertySource 'servletContextInitParams' with 'servletContextInitParams'
09:56:37.453 [Test worker] DEBUG org.springframework.web.context.support.StaticWebApplicationContext - Bean factory for Root WebApplicationContext: org.springframework.beans.factory.support.DefaultListableBeanFactory@76ad6a88: defining beans [org.springframework.context.annotation.internalConfigurationAnnotationProcessor,org.springframework.context.annotation.internalAutowiredAnnotationProcessor,org.springframework.context.annotation.internalRequiredAnnotationProcessor,org.springframework.context.annotation.internalCommonAnnotationProcessor,org.springframework.context.event.internalEventListenerProcessor,org.springframework.context.event.internalEventListenerFactory,testBean]; root of factory hierarchy
09:56:37.455 [Test worker] DEBUG org.springframework.web.context.support.StaticWebApplicationContext - Using MessageSource [org.springframework.context.support.StaticMessageSource: {}]
09:56:37.455 [Test worker] DEBUG org.springframework.web.context.support.StaticWebApplicationContext - Unable to locate ApplicationEventMulticaster with name 'applicationEventMulticaster': using default [org.springframework.context.event.SimpleApplicationEventMulticaster@2d1119f7]
09:56:37.457 [Test worker] DEBUG org.springframework.web.context.support.StaticWebApplicationContext - Unable to locate LifecycleProcessor with name 'lifecycleProcessor': using default [org.springframework.context.support.DefaultLifecycleProcessor@7770f255]
]]></system-out>
  <system-err><![CDATA[]]></system-err>
</testsuite>
