<?xml version="1.0" encoding="UTF-8"?>
<testsuite name="org.springframework.web.filter.HiddenHttpMethodFilterTests" tests="3" skipped="0" failures="0" errors="0" timestamp="2021-04-16T01:56:37" hostname="DESKTOP-3R4DVF7" time="0.001">
  <properties/>
  <testcase name="filterWithParameter" classname="org.springframework.web.filter.HiddenHttpMethodFilterTests" time="0.001"/>
  <testcase name="filterWithNoParameter" classname="org.springframework.web.filter.HiddenHttpMethodFilterTests" time="0.0"/>
  <testcase name="filterWithParameterDisallowedMethods" classname="org.springframework.web.filter.HiddenHttpMethodFilterTests" time="0.0"/>
  <system-out><![CDATA[]]></system-out>
  <system-err><![CDATA[]]></system-err>
</testsuite>
