<?xml version="1.0" encoding="UTF-8"?>
<testsuite name="org.springframework.http.server.reactive.ServerHttpResponseTests" tests="6" skipped="0" failures="0" errors="0" timestamp="2021-04-16T01:56:28" hostname="DESKTOP-3R4DVF7" time="0.003">
  <properties/>
  <testcase name="writeWith" classname="org.springframework.http.server.reactive.ServerHttpResponseTests" time="0.001"/>
  <testcase name="writeAndFlushWithFluxOfDefaultDataBuffer" classname="org.springframework.http.server.reactive.ServerHttpResponseTests" time="0.0"/>
  <testcase name="writeWithError" classname="org.springframework.http.server.reactive.ServerHttpResponseTests" time="0.001"/>
  <testcase name="beforeCommitWithComplete" classname="org.springframework.http.server.reactive.ServerHttpResponseTests" time="0.0"/>
  <testcase name="beforeCommitActionWithSetComplete" classname="org.springframework.http.server.reactive.ServerHttpResponseTests" time="0.001"/>
  <testcase name="setComplete" classname="org.springframework.http.server.reactive.ServerHttpResponseTests" time="0.0"/>
  <system-out><![CDATA[]]></system-out>
  <system-err><![CDATA[]]></system-err>
</testsuite>
