<?xml version="1.0" encoding="UTF-8"?>
<testsuite name="org.springframework.web.client.HttpStatusCodeExceptionTests" tests="1" skipped="0" failures="0" errors="0" timestamp="2021-04-16T01:56:35" hostname="DESKTOP-3R4DVF7" time="0.003">
  <properties/>
  <testcase name="testSerializability" classname="org.springframework.web.client.HttpStatusCodeExceptionTests" time="0.003"/>
  <system-out><![CDATA[]]></system-out>
  <system-err><![CDATA[]]></system-err>
</testsuite>
