<?xml version="1.0" encoding="UTF-8"?>
<testsuite name="org.springframework.http.client.MultipartBodyBuilderTests" tests="2" skipped="0" failures="0" errors="0" timestamp="2021-04-16T01:56:05" hostname="DESKTOP-3R4DVF7" time="0.205">
  <properties/>
  <testcase name="publisherEntityAcceptedAsInput" classname="org.springframework.http.client.MultipartBodyBuilderTests" time="0.196"/>
  <testcase name="builder" classname="org.springframework.http.client.MultipartBodyBuilderTests" time="0.009"/>
  <system-out><![CDATA[]]></system-out>
  <system-err><![CDATA[]]></system-err>
</testsuite>
