<?xml version="1.0" encoding="UTF-8"?>
<testsuite name="org.springframework.web.method.support.HandlerMethodReturnValueHandlerCompositeTests" tests="5" skipped="0" failures="0" errors="0" timestamp="2021-04-16T01:56:38" hostname="DESKTOP-3R4DVF7" time="0.009">
  <properties/>
  <testcase name="handleReturnValueWithMultipleHandlers" classname="org.springframework.web.method.support.HandlerMethodReturnValueHandlerCompositeTests" time="0.004"/>
  <testcase name="handleReturnValue" classname="org.springframework.web.method.support.HandlerMethodReturnValueHandlerCompositeTests" time="0.001"/>
  <testcase name="handleReturnValueWithAsyncHandler" classname="org.springframework.web.method.support.HandlerMethodReturnValueHandlerCompositeTests" time="0.004"/>
  <testcase name="supportsReturnType" classname="org.springframework.web.method.support.HandlerMethodReturnValueHandlerCompositeTests" time="0.0"/>
  <testcase name="noSuitableReturnValueHandler" classname="org.springframework.web.method.support.HandlerMethodReturnValueHandlerCompositeTests" time="0.0"/>
  <system-out><![CDATA[]]></system-out>
  <system-err><![CDATA[]]></system-err>
</testsuite>
