<?xml version="1.0" encoding="UTF-8"?>
<testsuite name="org.springframework.web.server.adapter.WebHttpHandlerBuilderTests" tests="4" skipped="0" failures="0" errors="0" timestamp="2021-04-16T01:56:38" hostname="DESKTOP-3R4DVF7" time="0.131">
  <properties/>
  <testcase name="configWithoutFilters" classname="org.springframework.web.server.adapter.WebHttpHandlerBuilderTests" time="0.04"/>
  <testcase name="orderedWebExceptionHandlerBeans" classname="org.springframework.web.server.adapter.WebHttpHandlerBuilderTests" time="0.034"/>
  <testcase name="cloneWithApplicationContext" classname="org.springframework.web.server.adapter.WebHttpHandlerBuilderTests" time="0.012"/>
  <testcase name="orderedWebFilterBeans" classname="org.springframework.web.server.adapter.WebHttpHandlerBuilderTests" time="0.044"/>
  <system-out><![CDATA[]]></system-out>
  <system-err><![CDATA[]]></system-err>
</testsuite>
