<?xml version="1.0" encoding="UTF-8"?>
<testsuite name="org.springframework.web.filter.reactive.ForwardedHeaderFilterTests" tests="6" skipped="0" failures="0" errors="0" timestamp="2021-04-16T01:56:37" hostname="DESKTOP-3R4DVF7" time="0.005">
  <properties/>
  <testcase name="requestUriWithForwardedPrefixTrailingSlash" classname="org.springframework.web.filter.reactive.ForwardedHeaderFilterTests" time="0.004"/>
  <testcase name="forwardedRequest" classname="org.springframework.web.filter.reactive.ForwardedHeaderFilterTests" time="0.0"/>
  <testcase name="requestUriWithForwardedPrefix" classname="org.springframework.web.filter.reactive.ForwardedHeaderFilterTests" time="0.0"/>
  <testcase name="removeOnly" classname="org.springframework.web.filter.reactive.ForwardedHeaderFilterTests" time="0.001"/>
  <testcase name="xForwardedRequest" classname="org.springframework.web.filter.reactive.ForwardedHeaderFilterTests" time="0.0"/>
  <testcase name="shouldNotDoubleEncode" classname="org.springframework.web.filter.reactive.ForwardedHeaderFilterTests" time="0.0"/>
  <system-out><![CDATA[]]></system-out>
  <system-err><![CDATA[]]></system-err>
</testsuite>
