<?xml version="1.0" encoding="UTF-8"?>
<testsuite name="org.springframework.http.client.support.BasicAuthorizationInterceptorTests" tests="4" skipped="0" failures="0" errors="0" timestamp="2021-04-16T01:56:12" hostname="DESKTOP-3R4DVF7" time="0.06">
  <properties/>
  <testcase name="createWhenUsernameContainsColonShouldThrowException" classname="org.springframework.http.client.support.BasicAuthorizationInterceptorTests" time="0.01"/>
  <testcase name="createWhenUsernameIsNullShouldUseEmptyUsername" classname="org.springframework.http.client.support.BasicAuthorizationInterceptorTests" time="0.041"/>
  <testcase name="createWhenPasswordIsNullShouldUseEmptyPassword" classname="org.springframework.http.client.support.BasicAuthorizationInterceptorTests" time="0.0"/>
  <testcase name="interceptShouldAddHeader" classname="org.springframework.http.client.support.BasicAuthorizationInterceptorTests" time="0.009"/>
  <system-out><![CDATA[]]></system-out>
  <system-err><![CDATA[]]></system-err>
</testsuite>
