<?xml version="1.0" encoding="UTF-8"?>
<testsuite name="org.springframework.web.filter.CorsFilterTests" tests="4" skipped="0" failures="0" errors="0" timestamp="2021-04-16T01:56:37" hostname="DESKTOP-3R4DVF7" time="0.002">
  <properties/>
  <testcase name="validActualRequest" classname="org.springframework.web.filter.CorsFilterTests" time="0.001"/>
  <testcase name="validPreFlightRequest" classname="org.springframework.web.filter.CorsFilterTests" time="0.0"/>
  <testcase name="invalidPreFlightRequest" classname="org.springframework.web.filter.CorsFilterTests" time="0.001"/>
  <testcase name="invalidActualRequest" classname="org.springframework.web.filter.CorsFilterTests" time="0.0"/>
  <system-out><![CDATA[09:56:37.590 [Test worker] DEBUG org.springframework.web.cors.DefaultCorsProcessor - Rejecting CORS request because 'DELETE' request method is not allowed
09:56:37.591 [Test worker] DEBUG org.springframework.web.cors.DefaultCorsProcessor - Rejecting CORS request because 'DELETE' request method is not allowed
]]></system-out>
  <system-err><![CDATA[]]></system-err>
</testsuite>
