<?xml version="1.0" encoding="UTF-8"?>
<testsuite name="org.springframework.http.client.BufferedSimpleAsyncHttpRequestFactoryTests" tests="7" skipped="0" failures="0" errors="0" timestamp="2021-04-16T01:56:02" hostname="DESKTOP-3R4DVF7" time="1.605">
  <properties/>
  <testcase name="httpMethods" classname="org.springframework.http.client.BufferedSimpleAsyncHttpRequestFactoryTests" time="1.576"/>
  <testcase name="cancel" classname="org.springframework.http.client.BufferedSimpleAsyncHttpRequestFactoryTests" time="0.001"/>
  <testcase name="headersAfterExecute" classname="org.springframework.http.client.BufferedSimpleAsyncHttpRequestFactoryTests" time="0.008"/>
  <testcase name="status" classname="org.springframework.http.client.BufferedSimpleAsyncHttpRequestFactoryTests" time="0.003"/>
  <testcase name="echo" classname="org.springframework.http.client.BufferedSimpleAsyncHttpRequestFactoryTests" time="0.009"/>
  <testcase name="statusCallback" classname="org.springframework.http.client.BufferedSimpleAsyncHttpRequestFactoryTests" time="0.003"/>
  <testcase name="multipleWrites" classname="org.springframework.http.client.BufferedSimpleAsyncHttpRequestFactoryTests" time="0.003"/>
  <system-out><![CDATA[]]></system-out>
  <system-err><![CDATA[四月 16, 2021 9:56:03 上午 okhttp3.mockwebserver.MockWebServer$2 execute
信息: MockWebServer[61274] starting to accept connections
四月 16, 2021 9:56:04 上午 okhttp3.mockwebserver.MockWebServer$3 processOneRequest
信息: MockWebServer[61274] received request: GET /methods/get HTTP/1.1 and responded: HTTP/1.1 200 OK
四月 16, 2021 9:56:04 上午 okhttp3.mockwebserver.MockWebServer$3 processOneRequest
信息: MockWebServer[61274] received request: HEAD /methods/head HTTP/1.1 and responded: HTTP/1.1 200 OK
四月 16, 2021 9:56:04 上午 okhttp3.mockwebserver.MockWebServer$3 processOneRequest
信息: MockWebServer[61274] received request: POST /methods/post HTTP/1.1 and responded: HTTP/1.1 200 OK
四月 16, 2021 9:56:04 上午 okhttp3.mockwebserver.MockWebServer$3 processOneRequest
信息: MockWebServer[61274] received request: PUT /methods/put HTTP/1.1 and responded: HTTP/1.1 200 OK
四月 16, 2021 9:56:04 上午 okhttp3.mockwebserver.MockWebServer$3 processOneRequest
信息: MockWebServer[61274] received request: OPTIONS /methods/options HTTP/1.1 and responded: HTTP/1.1 200 OK
四月 16, 2021 9:56:04 上午 okhttp3.mockwebserver.MockWebServer$3 processOneRequest
信息: MockWebServer[61274] received request: DELETE /methods/delete HTTP/1.1 and responded: HTTP/1.1 200 OK
四月 16, 2021 9:56:04 上午 okhttp3.mockwebserver.MockWebServer$2 acceptConnections
信息: MockWebServer[61274] done accepting connections: socket closed
四月 16, 2021 9:56:04 上午 okhttp3.mockwebserver.MockWebServer$2 execute
信息: MockWebServer[61276] starting to accept connections
四月 16, 2021 9:56:04 上午 okhttp3.mockwebserver.MockWebServer$2 acceptConnections
信息: MockWebServer[61276] done accepting connections: Socket is closed
四月 16, 2021 9:56:04 上午 okhttp3.mockwebserver.MockWebServer$2 execute
信息: MockWebServer[61277] starting to accept connections
四月 16, 2021 9:56:04 上午 okhttp3.mockwebserver.MockWebServer$2 acceptConnections
信息: MockWebServer[61277] done accepting connections: socket closed
四月 16, 2021 9:56:04 上午 okhttp3.mockwebserver.MockWebServer$3 execute
信息: MockWebServer[61277] connection from /127.0.0.1 failed: java.net.SocketException: Socket closed
四月 16, 2021 9:56:04 上午 okhttp3.mockwebserver.MockWebServer$2 execute
信息: MockWebServer[61279] starting to accept connections
四月 16, 2021 9:56:04 上午 okhttp3.mockwebserver.MockWebServer$3 processOneRequest
信息: MockWebServer[61279] received request: GET /status/notfound HTTP/1.1 and responded: HTTP/1.1 404 Client Error
四月 16, 2021 9:56:04 上午 okhttp3.mockwebserver.MockWebServer$2 acceptConnections
信息: MockWebServer[61279] done accepting connections: socket closed
四月 16, 2021 9:56:04 上午 okhttp3.mockwebserver.MockWebServer$2 execute
信息: MockWebServer[61281] starting to accept connections
四月 16, 2021 9:56:04 上午 okhttp3.mockwebserver.MockWebServer$3 processOneRequest
信息: MockWebServer[61281] received request: PUT /echo HTTP/1.1 and responded: HTTP/1.1 200 OK
四月 16, 2021 9:56:04 上午 okhttp3.mockwebserver.MockWebServer$2 acceptConnections
信息: MockWebServer[61281] done accepting connections: socket closed
四月 16, 2021 9:56:04 上午 okhttp3.mockwebserver.MockWebServer$2 execute
信息: MockWebServer[61283] starting to accept connections
四月 16, 2021 9:56:04 上午 okhttp3.mockwebserver.MockWebServer$3 processOneRequest
信息: MockWebServer[61283] received request: GET /status/notfound HTTP/1.1 and responded: HTTP/1.1 404 Client Error
四月 16, 2021 9:56:04 上午 okhttp3.mockwebserver.MockWebServer$2 acceptConnections
信息: MockWebServer[61283] done accepting connections: socket closed
四月 16, 2021 9:56:04 上午 okhttp3.mockwebserver.MockWebServer$2 execute
信息: MockWebServer[61285] starting to accept connections
四月 16, 2021 9:56:04 上午 okhttp3.mockwebserver.MockWebServer$2 acceptConnections
信息: MockWebServer[61285] done accepting connections: socket closed
四月 16, 2021 9:56:04 上午 okhttp3.mockwebserver.MockWebServer$3 execute
信息: MockWebServer[61285] connection from /127.0.0.1 failed: java.net.SocketException: Socket closed
]]></system-err>
</testsuite>
