<?xml version="1.0" encoding="UTF-8"?>
<testsuite name="org.springframework.remoting.caucho.CauchoRemotingTests" tests="5" skipped="0" failures="0" errors="0" timestamp="2021-04-16T01:56:30" hostname="DESKTOP-3R4DVF7" time="2.438">
  <properties/>
  <testcase name="hessianProxyFactoryBeanWithAuthenticationAndAccessError" classname="org.springframework.remoting.caucho.CauchoRemotingTests" time="2.323"/>
  <testcase name="simpleHessianServiceExporter" classname="org.springframework.remoting.caucho.CauchoRemotingTests" time="0.114"/>
  <testcase name="hessianProxyFactoryBeanWithCustomProxyFactory" classname="org.springframework.remoting.caucho.CauchoRemotingTests" time="0.001"/>
  <testcase name="hessianProxyFactoryBeanWithClassInsteadOfInterface" classname="org.springframework.remoting.caucho.CauchoRemotingTests" time="0.0"/>
  <testcase name="hessianProxyFactoryBeanWithAccessError" classname="org.springframework.remoting.caucho.CauchoRemotingTests" time="0.0"/>
  <system-out><![CDATA[]]></system-out>
  <system-err><![CDATA[]]></system-err>
</testsuite>
