<?xml version="1.0" encoding="UTF-8"?>
<testsuite name="org.springframework.http.server.reactive.ChannelSendOperatorTests" tests="5" skipped="0" failures="0" errors="0" timestamp="2021-04-16T01:56:21" hostname="DESKTOP-3R4DVF7" time="0.215">
  <properties/>
  <testcase name="writeMultipleItems" classname="org.springframework.http.server.reactive.ChannelSendOperatorTests" time="0.058"/>
  <testcase name="errorBeforeFirstItem" classname="org.springframework.http.server.reactive.ChannelSendOperatorTests" time="0.001"/>
  <testcase name="completionBeforeFirstItem" classname="org.springframework.http.server.reactive.ChannelSendOperatorTests" time="0.052"/>
  <testcase name="errorAfterMultipleItems" classname="org.springframework.http.server.reactive.ChannelSendOperatorTests" time="0.053"/>
  <testcase name="writeOneItem" classname="org.springframework.http.server.reactive.ChannelSendOperatorTests" time="0.051"/>
  <system-out><![CDATA[]]></system-out>
  <system-err><![CDATA[]]></system-err>
</testsuite>
