<?xml version="1.0" encoding="UTF-8"?>
<testsuite name="org.springframework.web.context.support.AnnotationConfigWebApplicationContextTests" tests="4" skipped="0" failures="0" errors="0" timestamp="2021-04-16T01:56:37" hostname="DESKTOP-3R4DVF7" time="0.092">
  <properties/>
  <testcase name="withBeanNameGenerator" classname="org.springframework.web.context.support.AnnotationConfigWebApplicationContextTests" time="0.03"/>
  <testcase name="configLocationWithBasePackage" classname="org.springframework.web.context.support.AnnotationConfigWebApplicationContextTests" time="0.04"/>
  <testcase name="registerSingleClass" classname="org.springframework.web.context.support.AnnotationConfigWebApplicationContextTests" time="0.011"/>
  <testcase name="configLocationWithSingleClass" classname="org.springframework.web.context.support.AnnotationConfigWebApplicationContextTests" time="0.011"/>
  <system-out><![CDATA[09:56:37.286 [Test worker] DEBUG org.springframework.web.context.support.StandardServletEnvironment - Adding PropertySource 'servletConfigInitParams' with lowest search precedence
09:56:37.286 [Test worker] DEBUG org.springframework.web.context.support.StandardServletEnvironment - Adding PropertySource 'servletContextInitParams' with lowest search precedence
09:56:37.286 [Test worker] DEBUG org.springframework.web.context.support.StandardServletEnvironment - Adding PropertySource 'systemProperties' with lowest search precedence
09:56:37.286 [Test worker] DEBUG org.springframework.web.context.support.StandardServletEnvironment - Adding PropertySource 'systemEnvironment' with lowest search precedence
09:56:37.286 [Test worker] DEBUG org.springframework.web.context.support.StandardServletEnvironment - Initialized StandardServletEnvironment with PropertySources [StubPropertySource {name='servletConfigInitParams'}, StubPropertySource {name='servletContextInitParams'}, PropertiesPropertySource {name='systemProperties'}, SystemEnvironmentPropertySource {name='systemEnvironment'}]
09:56:37.286 [Test worker] INFO  org.springframework.web.context.support.AnnotationConfigWebApplicationContext - Refreshing Root WebApplicationContext: startup date [Fri Apr 16 09:56:37 CST 2021]; root of context hierarchy
09:56:37.290 [Test worker] INFO  org.springframework.web.context.support.AnnotationConfigWebApplicationContext - Successfully resolved class for [org.springframework.web.context.support.AnnotationConfigWebApplicationContextTests$Config]
09:56:37.290 [Test worker] DEBUG org.springframework.web.context.support.AnnotationConfigWebApplicationContext - Bean factory for Root WebApplicationContext: org.springframework.beans.factory.support.DefaultListableBeanFactory@76de60f8: defining beans [org.springframework.context.annotation.internalConfigurationAnnotationProcessor,org.springframework.context.annotation.internalAutowiredAnnotationProcessor,org.springframework.context.annotation.internalRequiredAnnotationProcessor,org.springframework.context.annotation.internalCommonAnnotationProcessor,org.springframework.context.event.internalEventListenerProcessor,org.springframework.context.event.internalEventListenerFactory,custom-myConfig]; root of factory hierarchy
09:56:37.295 [Test worker] DEBUG org.springframework.web.context.support.AnnotationConfigWebApplicationContext - Unable to locate MessageSource with name 'messageSource': using default [org.springframework.context.support.DelegatingMessageSource@3d3d4150]
09:56:37.295 [Test worker] DEBUG org.springframework.web.context.support.AnnotationConfigWebApplicationContext - Unable to locate ApplicationEventMulticaster with name 'applicationEventMulticaster': using default [org.springframework.context.event.SimpleApplicationEventMulticaster@7e22f1ae]
09:56:37.310 [Test worker] DEBUG org.springframework.web.context.support.AnnotationConfigWebApplicationContext - Unable to locate LifecycleProcessor with name 'lifecycleProcessor': using default [org.springframework.context.support.DefaultLifecycleProcessor@5b8d1c2a]
09:56:37.310 [Test worker] DEBUG org.springframework.web.context.support.StandardServletEnvironment - Adding PropertySource 'servletConfigInitParams' with lowest search precedence
09:56:37.310 [Test worker] DEBUG org.springframework.web.context.support.StandardServletEnvironment - Adding PropertySource 'servletContextInitParams' with lowest search precedence
09:56:37.310 [Test worker] DEBUG org.springframework.web.context.support.StandardServletEnvironment - Adding PropertySource 'systemProperties' with lowest search precedence
09:56:37.310 [Test worker] DEBUG org.springframework.web.context.support.StandardServletEnvironment - Adding PropertySource 'systemEnvironment' with lowest search precedence
09:56:37.310 [Test worker] DEBUG org.springframework.web.context.support.StandardServletEnvironment - Initialized StandardServletEnvironment with PropertySources [StubPropertySource {name='servletConfigInitParams'}, StubPropertySource {name='servletContextInitParams'}, PropertiesPropertySource {name='systemProperties'}, SystemEnvironmentPropertySource {name='systemEnvironment'}]
09:56:37.310 [Test worker] INFO  org.springframework.web.context.support.AnnotationConfigWebApplicationContext - Refreshing Root WebApplicationContext: startup date [Fri Apr 16 09:56:37 CST 2021]; root of context hierarchy
09:56:37.316 [Test worker] DEBUG org.springframework.web.context.support.AnnotationConfigWebApplicationContext - Could not load class for config location [org.springframework.web.context.support] - trying package scan. java.lang.ClassNotFoundException: org.springframework.web.context.support
09:56:37.339 [Test worker] INFO  org.springframework.web.context.support.AnnotationConfigWebApplicationContext - Found 1 annotated classes in package [org.springframework.web.context.support]
09:56:37.339 [Test worker] DEBUG org.springframework.web.context.support.AnnotationConfigWebApplicationContext - Bean factory for Root WebApplicationContext: org.springframework.beans.factory.support.DefaultListableBeanFactory@32d3aefa: defining beans [org.springframework.context.annotation.internalConfigurationAnnotationProcessor,org.springframework.context.annotation.internalAutowiredAnnotationProcessor,org.springframework.context.annotation.internalRequiredAnnotationProcessor,org.springframework.context.annotation.internalCommonAnnotationProcessor,org.springframework.context.event.internalEventListenerProcessor,org.springframework.context.event.internalEventListenerFactory,myConfig]; root of factory hierarchy
09:56:37.345 [Test worker] DEBUG org.springframework.web.context.support.AnnotationConfigWebApplicationContext - Unable to locate MessageSource with name 'messageSource': using default [org.springframework.context.support.DelegatingMessageSource@53b3b01f]
09:56:37.345 [Test worker] DEBUG org.springframework.web.context.support.AnnotationConfigWebApplicationContext - Unable to locate ApplicationEventMulticaster with name 'applicationEventMulticaster': using default [org.springframework.context.event.SimpleApplicationEventMulticaster@49ae035b]
09:56:37.348 [Test worker] DEBUG org.springframework.web.context.support.AnnotationConfigWebApplicationContext - Unable to locate LifecycleProcessor with name 'lifecycleProcessor': using default [org.springframework.context.support.DefaultLifecycleProcessor@2078394b]
09:56:37.350 [Test worker] INFO  org.springframework.web.context.support.AnnotationConfigWebApplicationContext - Refreshing Root WebApplicationContext: startup date [Fri Apr 16 09:56:37 CST 2021]; root of context hierarchy
09:56:37.350 [Test worker] DEBUG org.springframework.web.context.support.StandardServletEnvironment - Adding PropertySource 'servletConfigInitParams' with lowest search precedence
09:56:37.350 [Test worker] DEBUG org.springframework.web.context.support.StandardServletEnvironment - Adding PropertySource 'servletContextInitParams' with lowest search precedence
09:56:37.350 [Test worker] DEBUG org.springframework.web.context.support.StandardServletEnvironment - Adding PropertySource 'systemProperties' with lowest search precedence
09:56:37.350 [Test worker] DEBUG org.springframework.web.context.support.StandardServletEnvironment - Adding PropertySource 'systemEnvironment' with lowest search precedence
09:56:37.350 [Test worker] DEBUG org.springframework.web.context.support.StandardServletEnvironment - Initialized StandardServletEnvironment with PropertySources [StubPropertySource {name='servletConfigInitParams'}, StubPropertySource {name='servletContextInitParams'}, PropertiesPropertySource {name='systemProperties'}, SystemEnvironmentPropertySource {name='systemEnvironment'}]
09:56:37.355 [Test worker] INFO  org.springframework.web.context.support.AnnotationConfigWebApplicationContext - Registering annotated classes: [class org.springframework.web.context.support.AnnotationConfigWebApplicationContextTests$Config]
09:56:37.355 [Test worker] DEBUG org.springframework.web.context.support.AnnotationConfigWebApplicationContext - Bean factory for Root WebApplicationContext: org.springframework.beans.factory.support.DefaultListableBeanFactory@69e1e007: defining beans [org.springframework.context.annotation.internalConfigurationAnnotationProcessor,org.springframework.context.annotation.internalAutowiredAnnotationProcessor,org.springframework.context.annotation.internalRequiredAnnotationProcessor,org.springframework.context.annotation.internalCommonAnnotationProcessor,org.springframework.context.event.internalEventListenerProcessor,org.springframework.context.event.internalEventListenerFactory,myConfig]; root of factory hierarchy
09:56:37.359 [Test worker] DEBUG org.springframework.web.context.support.AnnotationConfigWebApplicationContext - Unable to locate MessageSource with name 'messageSource': using default [org.springframework.context.support.DelegatingMessageSource@1fc685b9]
09:56:37.359 [Test worker] DEBUG org.springframework.web.context.support.AnnotationConfigWebApplicationContext - Unable to locate ApplicationEventMulticaster with name 'applicationEventMulticaster': using default [org.springframework.context.event.SimpleApplicationEventMulticaster@1d4b1cfc]
09:56:37.361 [Test worker] DEBUG org.springframework.web.context.support.AnnotationConfigWebApplicationContext - Unable to locate LifecycleProcessor with name 'lifecycleProcessor': using default [org.springframework.context.support.DefaultLifecycleProcessor@44dd86d5]
09:56:37.361 [Test worker] DEBUG org.springframework.web.context.support.StandardServletEnvironment - Adding PropertySource 'servletConfigInitParams' with lowest search precedence
09:56:37.361 [Test worker] DEBUG org.springframework.web.context.support.StandardServletEnvironment - Adding PropertySource 'servletContextInitParams' with lowest search precedence
09:56:37.361 [Test worker] DEBUG org.springframework.web.context.support.StandardServletEnvironment - Adding PropertySource 'systemProperties' with lowest search precedence
09:56:37.361 [Test worker] DEBUG org.springframework.web.context.support.StandardServletEnvironment - Adding PropertySource 'systemEnvironment' with lowest search precedence
09:56:37.361 [Test worker] DEBUG org.springframework.web.context.support.StandardServletEnvironment - Initialized StandardServletEnvironment with PropertySources [StubPropertySource {name='servletConfigInitParams'}, StubPropertySource {name='servletContextInitParams'}, PropertiesPropertySource {name='systemProperties'}, SystemEnvironmentPropertySource {name='systemEnvironment'}]
09:56:37.361 [Test worker] INFO  org.springframework.web.context.support.AnnotationConfigWebApplicationContext - Refreshing Root WebApplicationContext: startup date [Fri Apr 16 09:56:37 CST 2021]; root of context hierarchy
09:56:37.365 [Test worker] INFO  org.springframework.web.context.support.AnnotationConfigWebApplicationContext - Successfully resolved class for [org.springframework.web.context.support.AnnotationConfigWebApplicationContextTests$Config]
09:56:37.366 [Test worker] DEBUG org.springframework.web.context.support.AnnotationConfigWebApplicationContext - Bean factory for Root WebApplicationContext: org.springframework.beans.factory.support.DefaultListableBeanFactory@1b32b6a9: defining beans [org.springframework.context.annotation.internalConfigurationAnnotationProcessor,org.springframework.context.annotation.internalAutowiredAnnotationProcessor,org.springframework.context.annotation.internalRequiredAnnotationProcessor,org.springframework.context.annotation.internalCommonAnnotationProcessor,org.springframework.context.event.internalEventListenerProcessor,org.springframework.context.event.internalEventListenerFactory,myConfig]; root of factory hierarchy
09:56:37.370 [Test worker] DEBUG org.springframework.web.context.support.AnnotationConfigWebApplicationContext - Unable to locate MessageSource with name 'messageSource': using default [org.springframework.context.support.DelegatingMessageSource@58f188f9]
09:56:37.370 [Test worker] DEBUG org.springframework.web.context.support.AnnotationConfigWebApplicationContext - Unable to locate ApplicationEventMulticaster with name 'applicationEventMulticaster': using default [org.springframework.context.event.SimpleApplicationEventMulticaster@59857ba5]
09:56:37.372 [Test worker] DEBUG org.springframework.web.context.support.AnnotationConfigWebApplicationContext - Unable to locate LifecycleProcessor with name 'lifecycleProcessor': using default [org.springframework.context.support.DefaultLifecycleProcessor@6ef5e429]
]]></system-out>
  <system-err><![CDATA[]]></system-err>
</testsuite>
