<?xml version="1.0" encoding="UTF-8"?>
<testsuite name="org.springframework.cache.aspectj.AspectJEnableCachingIsolatedTests" tests="9" skipped="1" failures="0" errors="0" timestamp="2021-04-16T01:47:32" hostname="DESKTOP-3R4DVF7" time="0.718">
  <properties/>
  <testcase name="multipleCacheManagerBeans_implementsCachingConfigurer" classname="org.springframework.cache.aspectj.AspectJEnableCachingIsolatedTests" time="0.383"/>
  <testcase name="bothSetOnlyResolverIsUsed" classname="org.springframework.cache.aspectj.AspectJEnableCachingIsolatedTests" time="0.078"/>
  <testcase name="emptyConfigSupport" classname="org.springframework.cache.aspectj.AspectJEnableCachingIsolatedTests" time="0.0">
    <skipped/>
  </testcase>
  <testcase name="testKeyStrategy" classname="org.springframework.cache.aspectj.AspectJEnableCachingIsolatedTests" time="0.077"/>
  <testcase name="testCacheErrorHandler" classname="org.springframework.cache.aspectj.AspectJEnableCachingIsolatedTests" time="0.032"/>
  <testcase name="multipleCacheManagerBeans" classname="org.springframework.cache.aspectj.AspectJEnableCachingIsolatedTests" time="0.044"/>
  <testcase name="multipleCachingConfigurers" classname="org.springframework.cache.aspectj.AspectJEnableCachingIsolatedTests" time="0.022"/>
  <testcase name="noCacheManagerBeans" classname="org.springframework.cache.aspectj.AspectJEnableCachingIsolatedTests" time="0.038"/>
  <testcase name="singleCacheManagerBean" classname="org.springframework.cache.aspectj.AspectJEnableCachingIsolatedTests" time="0.04"/>
  <system-out><![CDATA[]]></system-out>
  <system-err><![CDATA[]]></system-err>
</testsuite>
