<?xml version="1.0" encoding="UTF-8"?>
<testsuite name="org.springframework.scheduling.aspectj.AnnotationDrivenBeanDefinitionParserTests" tests="3" skipped="0" failures="0" errors="0" timestamp="2021-04-16T01:47:36" hostname="DESKTOP-3R4DVF7" time="0.102">
  <properties/>
  <testcase name="asyncPostProcessorExceptionHandlerReference" classname="org.springframework.scheduling.aspectj.AnnotationDrivenBeanDefinitionParserTests" time="0.078"/>
  <testcase name="asyncAspectRegistered" classname="org.springframework.scheduling.aspectj.AnnotationDrivenBeanDefinitionParserTests" time="0.012"/>
  <testcase name="asyncPostProcessorExecutorReference" classname="org.springframework.scheduling.aspectj.AnnotationDrivenBeanDefinitionParserTests" time="0.012"/>
  <system-out><![CDATA[]]></system-out>
  <system-err><![CDATA[]]></system-err>
</testsuite>
