<?xml version="1.0" encoding="UTF-8"?>
<testsuite name="org.springframework.context.annotation.aspectj.AnnotationBeanConfigurerTests" tests="1" skipped="0" failures="0" errors="0" timestamp="2021-04-16T01:47:36" hostname="DESKTOP-3R4DVF7" time="0.042">
  <properties/>
  <testcase name="injection" classname="org.springframework.context.annotation.aspectj.AnnotationBeanConfigurerTests" time="0.042"/>
  <system-out><![CDATA[]]></system-out>
  <system-err><![CDATA[]]></system-err>
</testsuite>
