<?xml version="1.0" encoding="UTF-8"?>
<testsuite name="org.springframework.oxm.jaxb.Jaxb2UnmarshallerTests" tests="12" skipped="0" failures="0" errors="0" timestamp="2021-04-16T01:54:15" hostname="DESKTOP-3R4DVF7" time="0.188">
  <properties/>
  <testcase name="marshalAttachments" classname="org.springframework.oxm.jaxb.Jaxb2UnmarshallerTests" time="0.052"/>
  <testcase name="unmarshalPartialStaxSourceXmlStreamReader" classname="org.springframework.oxm.jaxb.Jaxb2UnmarshallerTests" time="0.025"/>
  <testcase name="unmarshalFile" classname="org.springframework.oxm.jaxb.Jaxb2UnmarshallerTests" time="0.009"/>
  <testcase name="unmarshalAnXmlReferingToAWrappedXmlElementDecl" classname="org.springframework.oxm.jaxb.Jaxb2UnmarshallerTests" time="0.029"/>
  <testcase name="unmarshalStreamSourceReader" classname="org.springframework.oxm.jaxb.Jaxb2UnmarshallerTests" time="0.008"/>
  <testcase name="unmarshalJaxp14StaxSourceXmlEventReader" classname="org.springframework.oxm.jaxb.Jaxb2UnmarshallerTests" time="0.01"/>
  <testcase name="unmarshalStaxSourceXmlStreamReader" classname="org.springframework.oxm.jaxb.Jaxb2UnmarshallerTests" time="0.009"/>
  <testcase name="unmarshalSAXSource" classname="org.springframework.oxm.jaxb.Jaxb2UnmarshallerTests" time="0.008"/>
  <testcase name="unmarshalStreamSourceInputStream" classname="org.springframework.oxm.jaxb.Jaxb2UnmarshallerTests" time="0.008"/>
  <testcase name="unmarshalJaxp14StaxSourceXmlStreamReader" classname="org.springframework.oxm.jaxb.Jaxb2UnmarshallerTests" time="0.009"/>
  <testcase name="unmarshalStaxSourceXmlEventReader" classname="org.springframework.oxm.jaxb.Jaxb2UnmarshallerTests" time="0.009"/>
  <testcase name="unmarshalDomSource" classname="org.springframework.oxm.jaxb.Jaxb2UnmarshallerTests" time="0.011"/>
  <system-out><![CDATA[]]></system-out>
  <system-err><![CDATA[]]></system-err>
</testsuite>
