<?xml version="1.0" encoding="UTF-8"?>
<testsuite name="org.springframework.oxm.castor.CastorMarshallerTests" tests="21" skipped="0" failures="0" errors="0" timestamp="2021-04-16T01:54:09" hostname="DESKTOP-3R4DVF7" time="2.822">
  <properties/>
  <testcase name="suppressXsiTypeTrue" classname="org.springframework.oxm.castor.CastorMarshallerTests" time="1.357"/>
  <testcase name="rootElement" classname="org.springframework.oxm.castor.CastorMarshallerTests" time="0.026"/>
  <testcase name="supports" classname="org.springframework.oxm.castor.CastorMarshallerTests" time="0.02"/>
  <testcase name="suppressNamespacesFalse" classname="org.springframework.oxm.castor.CastorMarshallerTests" time="0.026"/>
  <testcase name="useXsiTypeAsRootFalse" classname="org.springframework.oxm.castor.CastorMarshallerTests" time="0.028"/>
  <testcase name="suppressNamespacesTrue" classname="org.springframework.oxm.castor.CastorMarshallerTests" time="0.022"/>
  <testcase name="marshalAsDocumentFalse" classname="org.springframework.oxm.castor.CastorMarshallerTests" time="0.022"/>
  <testcase name="noNamespaceSchemaLocation" classname="org.springframework.oxm.castor.CastorMarshallerTests" time="0.089"/>
  <testcase name="suppressXsiTypeFalse" classname="org.springframework.oxm.castor.CastorMarshallerTests" time="0.027"/>
  <testcase name="marshalSaxResult" classname="org.springframework.oxm.castor.CastorMarshallerTests" time="0.852"/>
  <testcase name="schemaLocation" classname="org.springframework.oxm.castor.CastorMarshallerTests" time="0.029"/>
  <testcase name="useXsiTypeAsRootTrue" classname="org.springframework.oxm.castor.CastorMarshallerTests" time="0.039"/>
  <testcase name="marshalAsDocumentTrue" classname="org.springframework.oxm.castor.CastorMarshallerTests" time="0.024"/>
  <testcase name="marshalStreamResultOutputStream" classname="org.springframework.oxm.castor.CastorMarshallerTests" time="0.032"/>
  <testcase name="marshalStaxResultEventWriter" classname="org.springframework.oxm.castor.CastorMarshallerTests" time="0.057"/>
  <testcase name="marshalEmptyDOMResult" classname="org.springframework.oxm.castor.CastorMarshallerTests" time="0.034"/>
  <testcase name="marshalStreamResultWriter" classname="org.springframework.oxm.castor.CastorMarshallerTests" time="0.026"/>
  <testcase name="marshalDOMResult" classname="org.springframework.oxm.castor.CastorMarshallerTests" time="0.023"/>
  <testcase name="marshalJaxp14StaxResultEventWriter" classname="org.springframework.oxm.castor.CastorMarshallerTests" time="0.031"/>
  <testcase name="marshalStaxResultStreamWriter" classname="org.springframework.oxm.castor.CastorMarshallerTests" time="0.029"/>
  <testcase name="marshalJaxp14StaxResultStreamWriter" classname="org.springframework.oxm.castor.CastorMarshallerTests" time="0.028"/>
  <system-out><![CDATA[]]></system-out>
  <system-err><![CDATA[]]></system-err>
</testsuite>
