<?xml version="1.0" encoding="UTF-8"?>
<testsuite name="org.springframework.jms.annotation.JmsListenerAnnotationBeanPostProcessorTests" tests="5" skipped="0" failures="0" errors="0" timestamp="2021-04-16T01:53:05" hostname="DESKTOP-3R4DVF7" time="0.512">
  <properties/>
  <testcase name="simpleMessageListener" classname="org.springframework.jms.annotation.JmsListenerAnnotationBeanPostProcessorTests" time="0.034"/>
  <testcase name="invalidProxy" classname="org.springframework.jms.annotation.JmsListenerAnnotationBeanPostProcessorTests" time="0.291"/>
  <testcase name="sendToAnnotationFoundOnCglibProxy" classname="org.springframework.jms.annotation.JmsListenerAnnotationBeanPostProcessorTests" time="0.125"/>
  <testcase name="metaAnnotationIsDiscovered" classname="org.springframework.jms.annotation.JmsListenerAnnotationBeanPostProcessorTests" time="0.02"/>
  <testcase name="sendToAnnotationFoundOnInterfaceProxy" classname="org.springframework.jms.annotation.JmsListenerAnnotationBeanPostProcessorTests" time="0.041"/>
  <system-out><![CDATA[]]></system-out>
  <system-err><![CDATA[]]></system-err>
</testsuite>
