<?xml version="1.0" encoding="UTF-8"?>
<testsuite name="org.springframework.jms.support.SimpleMessageConverterTests" tests="10" skipped="0" failures="0" errors="0" timestamp="2021-04-16T01:53:08" hostname="DESKTOP-3R4DVF7" time="0.018">
  <properties/>
  <testcase name="testSerializableConversion" classname="org.springframework.jms.support.SimpleMessageConverterTests" time="0.0"/>
  <testcase name="testByteArrayConversion" classname="org.springframework.jms.support.SimpleMessageConverterTests" time="0.001"/>
  <testcase name="testMapConversionWhereMapHasNNullForKey" classname="org.springframework.jms.support.SimpleMessageConverterTests" time="0.016"/>
  <testcase name="testMapConversion" classname="org.springframework.jms.support.SimpleMessageConverterTests" time="0.0"/>
  <testcase name="testToMessageSimplyReturnsMessageAsIsIfSuppliedWithMessage" classname="org.springframework.jms.support.SimpleMessageConverterTests" time="0.0"/>
  <testcase name="testFromMessageSimplyReturnsMessageAsIsIfSuppliedWithMessage" classname="org.springframework.jms.support.SimpleMessageConverterTests" time="0.0"/>
  <testcase name="testMapConversionWhereMapHasNonStringTypesForKeys" classname="org.springframework.jms.support.SimpleMessageConverterTests" time="0.0"/>
  <testcase name="testStringConversion" classname="org.springframework.jms.support.SimpleMessageConverterTests" time="0.0"/>
  <testcase name="testToMessageThrowsExceptionIfGivenIncompatibleObjectToConvert" classname="org.springframework.jms.support.SimpleMessageConverterTests" time="0.0"/>
  <testcase name="testToMessageThrowsExceptionIfGivenNullObjectToConvert" classname="org.springframework.jms.support.SimpleMessageConverterTests" time="0.0"/>
  <system-out><![CDATA[]]></system-out>
  <system-err><![CDATA[]]></system-err>
</testsuite>
