<?xml version="1.0" encoding="UTF-8"?>
<testsuite name="org.springframework.jms.listener.endpoint.DefaultJmsActivationSpecFactoryTests" tests="2" skipped="0" failures="0" errors="0" timestamp="2021-04-16T01:53:08" hostname="DESKTOP-3R4DVF7" time="0.026">
  <properties/>
  <testcase name="webSphereResourceAdapterSetup" classname="org.springframework.jms.listener.endpoint.DefaultJmsActivationSpecFactoryTests" time="0.019"/>
  <testcase name="activeMQResourceAdapterSetup" classname="org.springframework.jms.listener.endpoint.DefaultJmsActivationSpecFactoryTests" time="0.007"/>
  <system-out><![CDATA[]]></system-out>
  <system-err><![CDATA[]]></system-err>
</testsuite>
