<?xml version="1.0" encoding="UTF-8"?>
<testsuite name="org.springframework.jms.config.JmsListenerEndpointTests" tests="5" skipped="0" failures="0" errors="0" timestamp="2021-04-16T01:53:06" hostname="DESKTOP-3R4DVF7" time="0.049">
  <properties/>
  <testcase name="setupMessageContainerNoListener" classname="org.springframework.jms.config.JmsListenerEndpointTests" time="0.0"/>
  <testcase name="setupJcaMessageContainerFullConfig" classname="org.springframework.jms.config.JmsListenerEndpointTests" time="0.0"/>
  <testcase name="setupMessageContainerUnsupportedContainer" classname="org.springframework.jms.config.JmsListenerEndpointTests" time="0.046"/>
  <testcase name="setupJmsMessageContainerFullConfig" classname="org.springframework.jms.config.JmsListenerEndpointTests" time="0.0"/>
  <testcase name="setupConcurrencySimpleContainer" classname="org.springframework.jms.config.JmsListenerEndpointTests" time="0.001"/>
  <system-out><![CDATA[]]></system-out>
  <system-err><![CDATA[]]></system-err>
</testsuite>
