<?xml version="1.0" encoding="UTF-8"?>
<testsuite name="org.springframework.jms.remoting.JmsInvokerTests" tests="3" skipped="0" failures="0" errors="0" timestamp="2021-04-16T01:53:08" hostname="DESKTOP-3R4DVF7" time="0.031">
  <properties/>
  <testcase name="testJmsInvokerProxyFactoryBeanAndServiceExporterWithDynamicQueue" classname="org.springframework.jms.remoting.JmsInvokerTests" time="0.029"/>
  <testcase name="testJmsInvokerProxyFactoryBeanAndServiceExporter" classname="org.springframework.jms.remoting.JmsInvokerTests" time="0.001"/>
  <testcase name="receiveTimeoutExpired" classname="org.springframework.jms.remoting.JmsInvokerTests" time="0.0"/>
  <system-out><![CDATA[]]></system-out>
  <system-err><![CDATA[]]></system-err>
</testsuite>
