<?xml version="1.0" encoding="UTF-8"?>
<testsuite name="org.springframework.jms.support.converter.MarshallingMessageConverterTests" tests="4" skipped="0" failures="0" errors="0" timestamp="2021-04-16T01:53:08" hostname="DESKTOP-3R4DVF7" time="0.009">
  <properties/>
  <testcase name="toBytesMessage" classname="org.springframework.jms.support.converter.MarshallingMessageConverterTests" time="0.008"/>
  <testcase name="toTextMessage" classname="org.springframework.jms.support.converter.MarshallingMessageConverterTests" time="0.0"/>
  <testcase name="fromBytesMessage" classname="org.springframework.jms.support.converter.MarshallingMessageConverterTests" time="0.0"/>
  <testcase name="fromTextMessage" classname="org.springframework.jms.support.converter.MarshallingMessageConverterTests" time="0.0"/>
  <system-out><![CDATA[]]></system-out>
  <system-err><![CDATA[]]></system-err>
</testsuite>
