<?xml version="1.0" encoding="UTF-8"?>
<testsuite name="org.springframework.expression.spel.CachedMethodExecutorTests" tests="2" skipped="0" failures="0" errors="0" timestamp="2021-04-16T01:52:44" hostname="DESKTOP-3R4DVF7" time="0.004">
  <properties/>
  <testcase name="testCachedExecutionForTarget" classname="org.springframework.expression.spel.CachedMethodExecutorTests" time="0.003"/>
  <testcase name="testCachedExecutionForParameters" classname="org.springframework.expression.spel.CachedMethodExecutorTests" time="0.001"/>
  <system-out><![CDATA[]]></system-out>
  <system-err><![CDATA[]]></system-err>
</testsuite>
