<?xml version="1.0" encoding="UTF-8"?>
<testsuite name="org.springframework.transaction.JtaTransactionManagerTests" tests="44" skipped="0" failures="0" errors="0" timestamp="2021-04-16T01:56:00" hostname="DESKTOP-3R4DVF7" time="0.075">
  <properties/>
  <testcase name="jtaTransactionManagerWithPropagationRequiresNewAndAdapter" classname="org.springframework.transaction.JtaTransactionManagerTests" time="0.007"/>
  <testcase name="jtaTransactionManagerWithPropagationNotSupported" classname="org.springframework.transaction.JtaTransactionManagerTests" time="0.001"/>
  <testcase name="jtaTransactionManagerWithHeuristicRollbackExceptionOnCommit" classname="org.springframework.transaction.JtaTransactionManagerTests" time="0.001"/>
  <testcase name="jtaTransactionManagerWithExistingTransactionAndSynchronizationNever" classname="org.springframework.transaction.JtaTransactionManagerTests" time="0.006"/>
  <testcase name="jtaTransactionManagerWithPropagationSupportsAndSynchronizationNever" classname="org.springframework.transaction.JtaTransactionManagerTests" time="0.001"/>
  <testcase name="jtaTransactionManagerWithCommitAndSynchronizationNever" classname="org.springframework.transaction.JtaTransactionManagerTests" time="0.001"/>
  <testcase name="jtaTransactionManagerWithNestedBegin" classname="org.springframework.transaction.JtaTransactionManagerTests" time="0.001"/>
  <testcase name="jtaTransactionManagerWithDoubleRollback" classname="org.springframework.transaction.JtaTransactionManagerTests" time="0.0"/>
  <testcase name="jtaTransactionManagerWithExistingTransactionAndCommitException" classname="org.springframework.transaction.JtaTransactionManagerTests" time="0.012"/>
  <testcase name="jtaTransactionManagerWithPropagationSupportsAndSynchronizationOnActual" classname="org.springframework.transaction.JtaTransactionManagerTests" time="0.001"/>
  <testcase name="jtaTransactionManagerWithNoExceptionOnGlobalRollbackOnlyAndFailEarly" classname="org.springframework.transaction.JtaTransactionManagerTests" time="0.001"/>
  <testcase name="jtaTransactionManagerWithSystemExceptionOnCommit" classname="org.springframework.transaction.JtaTransactionManagerTests" time="0.002"/>
  <testcase name="jtaTransactionManagerWithPropagationRequiresNewAndExistingWithSuspendException" classname="org.springframework.transaction.JtaTransactionManagerTests" time="0.0"/>
  <testcase name="jtaTransactionManagerWithNoExceptionOnGlobalRollbackOnly" classname="org.springframework.transaction.JtaTransactionManagerTests" time="0.0"/>
  <testcase name="jtaTransactionManagerWithRollbackExceptionOnCommit" classname="org.springframework.transaction.JtaTransactionManagerTests" time="0.001"/>
  <testcase name="jtaTransactionManagerWithIllegalStateExceptionOnRollbackOnly" classname="org.springframework.transaction.JtaTransactionManagerTests" time="0.001"/>
  <testcase name="jtaTransactionManagerWithExistingTransactionAndRollbackOnly" classname="org.springframework.transaction.JtaTransactionManagerTests" time="0.001"/>
  <testcase name="jtaTransactionManagerWithPropagationRequiresNewWithinSupports" classname="org.springframework.transaction.JtaTransactionManagerTests" time="0.001"/>
  <testcase name="jtaTransactionManagerWithHeuristicMixedExceptionOnCommit" classname="org.springframework.transaction.JtaTransactionManagerTests" time="0.001"/>
  <testcase name="jtaTransactionManagerWithRollback" classname="org.springframework.transaction.JtaTransactionManagerTests" time="0.001"/>
  <testcase name="jtaTransactionManagerWithExistingTransactionAndRollbackOnlyAndNoGlobalRollback" classname="org.springframework.transaction.JtaTransactionManagerTests" time="0.001"/>
  <testcase name="jtaTransactionManagerWithRollbackAndSynchronizationOnActual" classname="org.springframework.transaction.JtaTransactionManagerTests" time="0.001"/>
  <testcase name="jtaTransactionManagerWithRollbackAndSynchronizationNever" classname="org.springframework.transaction.JtaTransactionManagerTests" time="0.005"/>
  <testcase name="jtaTransactionManagerWithIsolationLevel" classname="org.springframework.transaction.JtaTransactionManagerTests" time="0.001"/>
  <testcase name="jtaTransactionManagerWithExistingTransactionAndJtaSynchronization" classname="org.springframework.transaction.JtaTransactionManagerTests" time="0.002"/>
  <testcase name="jtaTransactionManagerWithRollbackAndCommit" classname="org.springframework.transaction.JtaTransactionManagerTests" time="0.0"/>
  <testcase name="jtaTransactionManagerWithPropagationRequiresNew" classname="org.springframework.transaction.JtaTransactionManagerTests" time="0.002"/>
  <testcase name="jtaTransactionManagerWithPropagationRequiresNewAndSuspensionNotSupported" classname="org.springframework.transaction.JtaTransactionManagerTests" time="0.001"/>
  <testcase name="jtaTransactionManagerWithPropagationRequiresNewAndExistingWithBeginException" classname="org.springframework.transaction.JtaTransactionManagerTests" time="0.001"/>
  <testcase name="jtaTransactionManagerWithExistingTransactionAndExceptionAndNoGlobalRollback" classname="org.springframework.transaction.JtaTransactionManagerTests" time="0.0"/>
  <testcase name="jtaTransactionManagerWithSystemExceptionOnBegin" classname="org.springframework.transaction.JtaTransactionManagerTests" time="0.001"/>
  <testcase name="jtaTransactionManagerWithSystemExceptionOnIsExisting" classname="org.springframework.transaction.JtaTransactionManagerTests" time="0.001"/>
  <testcase name="jtaTransactionManagerWithUnsupportedOperationExceptionOnNestedBegin" classname="org.springframework.transaction.JtaTransactionManagerTests" time="0.001"/>
  <testcase name="jtaTransactionManagerWithCommitAndSynchronizationOnActual" classname="org.springframework.transaction.JtaTransactionManagerTests" time="0.001"/>
  <testcase name="jtaTransactionManagerWithNotSupportedExceptionOnNestedBegin" classname="org.springframework.transaction.JtaTransactionManagerTests" time="0.001"/>
  <testcase name="jtaTransactionManagerWithSystemExceptionOnRollback" classname="org.springframework.transaction.JtaTransactionManagerTests" time="0.002"/>
  <testcase name="jtaTransactionManagerWithPropagationSupports" classname="org.springframework.transaction.JtaTransactionManagerTests" time="0.001"/>
  <testcase name="jtaTransactionManagerWithExistingTransactionAndException" classname="org.springframework.transaction.JtaTransactionManagerTests" time="0.001"/>
  <testcase name="jtaTransactionManagerWithExistingAndPropagationSupports" classname="org.springframework.transaction.JtaTransactionManagerTests" time="0.001"/>
  <testcase name="jtaTransactionManagerWithPropagationRequiresNewAndExisting" classname="org.springframework.transaction.JtaTransactionManagerTests" time="0.002"/>
  <testcase name="jtaTransactionManagerWithExistingTransactionAndSynchronizationOnActual" classname="org.springframework.transaction.JtaTransactionManagerTests" time="0.001"/>
  <testcase name="jtaTransactionManagerWithCommit" classname="org.springframework.transaction.JtaTransactionManagerTests" time="0.001"/>
  <testcase name="jtaTransactionManagerWithSystemExceptionOnRollbackOnly" classname="org.springframework.transaction.JtaTransactionManagerTests" time="0.001"/>
  <testcase name="jtaTransactionManagerWithDoubleCommit" classname="org.springframework.transaction.JtaTransactionManagerTests" time="0.0"/>
  <system-out><![CDATA[09:56:00.679 [Test worker] INFO  org.springframework.transaction.jta.JtaTransactionManager - Using JTA UserTransaction: Mock for UserTransaction, hashCode: 1457381894
09:56:00.679 [Test worker] WARN  org.springframework.transaction.jta.JtaTransactionManager - No JTA TransactionManager found: transaction suspension not available
09:56:00.680 [Test worker] INFO  org.springframework.transaction.jta.JtaTransactionManager - Using JTA UserTransaction: Mock for UserTransaction, hashCode: 1988734595
09:56:00.680 [Test worker] WARN  org.springframework.transaction.jta.JtaTransactionManager - No JTA TransactionManager found: transaction suspension not available
09:56:00.681 [Test worker] INFO  org.springframework.transaction.jta.JtaTransactionManager - Using JTA UserTransaction: Mock for UserTransaction, hashCode: 1750083819
09:56:00.681 [Test worker] WARN  org.springframework.transaction.jta.JtaTransactionManager - No JTA TransactionManager found: transaction suspension not available
09:56:00.694 [Test worker] WARN  org.springframework.transaction.jta.JtaTransactionManager - Participating in existing JTA transaction, but no JTA TransactionManager available: cannot register Spring after-completion callbacks with outer JTA transaction - processing Spring after-completion callbacks with outcome status 'unknown'
09:56:00.695 [Test worker] INFO  org.springframework.transaction.jta.JtaTransactionManager - Using JTA UserTransaction: Mock for UserTransaction, hashCode: 1075310284
09:56:00.695 [Test worker] WARN  org.springframework.transaction.jta.JtaTransactionManager - No JTA TransactionManager found: transaction suspension not available
09:56:00.704 [Test worker] WARN  org.springframework.transaction.jta.JtaTransactionManager - Participating in existing JTA transaction, but no JTA TransactionManager available: cannot register Spring after-completion callbacks with outer JTA transaction - processing Spring after-completion callbacks with outcome status 'unknown'
09:56:00.709 [Test worker] WARN  org.springframework.transaction.jta.JtaTransactionManager - Participating in existing JTA transaction, but no JTA TransactionManager available: cannot register Spring after-completion callbacks with outer JTA transaction - processing Spring after-completion callbacks with outcome status 'unknown'
09:56:00.711 [Test worker] INFO  org.springframework.transaction.jta.JtaTransactionManager - Using JTA UserTransaction: Mock for UserTransaction, hashCode: 1473700634
09:56:00.711 [Test worker] WARN  org.springframework.transaction.jta.JtaTransactionManager - No JTA TransactionManager found: transaction suspension not available
09:56:00.724 [Test worker] WARN  org.springframework.transaction.jta.JtaTransactionManager - Participating in existing JTA transaction, but no JTA TransactionManager available: cannot register Spring after-completion callbacks with outer JTA transaction - processing Spring after-completion callbacks with outcome status 'unknown'
09:56:00.733 [Test worker] WARN  org.springframework.transaction.jta.JtaTransactionManager - Participating in existing JTA transaction, but no JTA TransactionManager available: cannot register Spring after-completion callbacks with outer JTA transaction - processing Spring after-completion callbacks with outcome status 'unknown'
09:56:00.734 [Test worker] WARN  org.springframework.transaction.jta.JtaTransactionManager - Participating in existing JTA transaction, but no JTA TransactionManager available: cannot register Spring after-completion callbacks with outer JTA transaction - processing Spring after-completion callbacks with outcome status 'unknown'
09:56:00.736 [Test worker] WARN  org.springframework.transaction.jta.JtaTransactionManager - Participating in existing JTA transaction, but no JTA TransactionManager available: cannot register Spring after-completion callbacks with outer JTA transaction - processing Spring after-completion callbacks with outcome status 'unknown'
09:56:00.738 [Test worker] WARN  org.springframework.transaction.jta.JtaTransactionManager - Participating in existing JTA transaction, but no JTA TransactionManager available: cannot register Spring after-completion callbacks with outer JTA transaction - processing Spring after-completion callbacks with outcome status 'unknown'
]]></system-out>
  <system-err><![CDATA[]]></system-err>
</testsuite>
