<?xml version="1.0" encoding="UTF-8"?>
<testsuite name="org.springframework.transaction.event.TransactionalEventListenerTests" tests="15" skipped="0" failures="0" errors="0" timestamp="2021-04-16T01:55:59" hostname="DESKTOP-3R4DVF7" time="0.373">
  <properties/>
  <testcase name="immediately" classname="org.springframework.transaction.event.TransactionalEventListenerTests" time="0.112"/>
  <testcase name="afterCompletionRollback" classname="org.springframework.transaction.event.TransactionalEventListenerTests" time="0.019"/>
  <testcase name="noTransaction" classname="org.springframework.transaction.event.TransactionalEventListenerTests" time="0.024"/>
  <testcase name="noTransactionWithFallbackExecution" classname="org.springframework.transaction.event.TransactionalEventListenerTests" time="0.017"/>
  <testcase name="beforeCommit" classname="org.springframework.transaction.event.TransactionalEventListenerTests" time="0.014"/>
  <testcase name="afterCommitMetaAnnotation" classname="org.springframework.transaction.event.TransactionalEventListenerTests" time="0.019"/>
  <testcase name="afterCommit" classname="org.springframework.transaction.event.TransactionalEventListenerTests" time="0.015"/>
  <testcase name="afterCompletionCommit" classname="org.springframework.transaction.event.TransactionalEventListenerTests" time="0.015"/>
  <testcase name="conditionFoundOnMetaAnnotation" classname="org.springframework.transaction.event.TransactionalEventListenerTests" time="0.013"/>
  <testcase name="regularTransaction" classname="org.springframework.transaction.event.TransactionalEventListenerTests" time="0.02"/>
  <testcase name="conditionFoundOnTransactionalEventListener" classname="org.springframework.transaction.event.TransactionalEventListenerTests" time="0.015"/>
  <testcase name="afterRollback" classname="org.springframework.transaction.event.TransactionalEventListenerTests" time="0.017"/>
  <testcase name="beforeCommitWithException" classname="org.springframework.transaction.event.TransactionalEventListenerTests" time="0.013"/>
  <testcase name="immediatelyImpactsCurrentTransaction" classname="org.springframework.transaction.event.TransactionalEventListenerTests" time="0.013"/>
  <testcase name="afterCommitWithTransactionalComponentListenerProxiedViaDynamicProxy" classname="org.springframework.transaction.event.TransactionalEventListenerTests" time="0.046"/>
  <system-out><![CDATA[09:55:59.914 [Test worker] WARN  org.springframework.transaction.event.ApplicationListenerMethodTransactionalAdapter - Processing org.springframework.context.PayloadApplicationEvent[source=org.springframework.context.annotation.AnnotationConfigApplicationContext@5a7ef243: startup date [Fri Apr 16 09:55:59 CST 2021]; root of context hierarchy] as a fallback execution on AFTER_ROLLBACK phase
]]></system-out>
  <system-err><![CDATA[]]></system-err>
</testsuite>
