<?xml version="1.0" encoding="UTF-8"?>
<testsuite name="org.springframework.jca.cci.EisOperationTests" tests="5" skipped="0" failures="0" errors="0" timestamp="2021-04-16T01:55:57" hostname="DESKTOP-3R4DVF7" time="0.016">
  <properties/>
  <testcase name="testSimpleRecordOperationWithInputOutputRecord" classname="org.springframework.jca.cci.EisOperationTests" time="0.002"/>
  <testcase name="testMappingRecordOperationWithOutputRecordCreator" classname="org.springframework.jca.cci.EisOperationTests" time="0.012"/>
  <testcase name="testSimpleRecordOperation" classname="org.springframework.jca.cci.EisOperationTests" time="0.001"/>
  <testcase name="testSimpleRecordOperationWithExplicitOutputRecord" classname="org.springframework.jca.cci.EisOperationTests" time="0.0"/>
  <testcase name="testMappingRecordOperation" classname="org.springframework.jca.cci.EisOperationTests" time="0.001"/>
  <system-out><![CDATA[]]></system-out>
  <system-err><![CDATA[]]></system-err>
</testsuite>
