<?xml version="1.0" encoding="UTF-8"?>
<testsuite name="org.springframework.jca.cci.CciLocalTransactionTests" tests="2" skipped="0" failures="0" errors="0" timestamp="2021-04-16T01:55:56" hostname="DESKTOP-3R4DVF7" time="0.86">
  <properties/>
  <testcase name="testLocalTransactionRollback" classname="org.springframework.jca.cci.CciLocalTransactionTests" time="0.858"/>
  <testcase name="testLocalTransactionCommit" classname="org.springframework.jca.cci.CciLocalTransactionTests" time="0.002"/>
  <system-out><![CDATA[]]></system-out>
  <system-err><![CDATA[]]></system-err>
</testsuite>
