<?xml version="1.0" encoding="UTF-8"?>
<testsuite name="org.springframework.transaction.support.JtaTransactionManagerSerializationTests" tests="1" skipped="0" failures="0" errors="0" timestamp="2021-04-16T01:56:00" hostname="DESKTOP-3R4DVF7" time="0.004">
  <properties/>
  <testcase name="serializable" classname="org.springframework.transaction.support.JtaTransactionManagerSerializationTests" time="0.004"/>
  <system-out><![CDATA[09:56:00.740 [Test worker] INFO  org.springframework.transaction.jta.JtaTransactionManager - Using JTA UserTransaction: Mock for UserTransaction, hashCode: 189541132
09:56:00.740 [Test worker] INFO  org.springframework.transaction.jta.JtaTransactionManager - Using JTA TransactionManager: Mock for TransactionManager, hashCode: 1626646955
]]></system-out>
  <system-err><![CDATA[]]></system-err>
</testsuite>
