<?xml version="1.0" encoding="UTF-8"?>
<testsuite name="org.springframework.dao.annotation.PersistenceExceptionTranslationAdvisorTests" tests="7" skipped="0" failures="0" errors="0" timestamp="2021-04-16T01:55:55" hostname="DESKTOP-3R4DVF7" time="0.726">
  <properties/>
  <testcase name="translationNeededForTheseExceptionsWithCustomStereotype" classname="org.springframework.dao.annotation.PersistenceExceptionTranslationAdvisorTests" time="0.721"/>
  <testcase name="translationNotNeededForTheseExceptions" classname="org.springframework.dao.annotation.PersistenceExceptionTranslationAdvisorTests" time="0.001"/>
  <testcase name="translationNeededForTheseExceptions" classname="org.springframework.dao.annotation.PersistenceExceptionTranslationAdvisorTests" time="0.0"/>
  <testcase name="noTranslationNeeded" classname="org.springframework.dao.annotation.PersistenceExceptionTranslationAdvisorTests" time="0.0"/>
  <testcase name="translationNeededForTheseExceptionsOnInheritedInterface" classname="org.springframework.dao.annotation.PersistenceExceptionTranslationAdvisorTests" time="0.002"/>
  <testcase name="translationNeededForTheseExceptionsOnSuperclass" classname="org.springframework.dao.annotation.PersistenceExceptionTranslationAdvisorTests" time="0.001"/>
  <testcase name="translationNeededForTheseExceptionsOnInterface" classname="org.springframework.dao.annotation.PersistenceExceptionTranslationAdvisorTests" time="0.001"/>
  <system-out><![CDATA[]]></system-out>
  <system-err><![CDATA[]]></system-err>
</testsuite>
