<?xml version="1.0" encoding="UTF-8"?>
<testsuite name="org.springframework.dao.support.ChainedPersistenceExceptionTranslatorTests" tests="2" skipped="0" failures="0" errors="0" timestamp="2021-04-16T01:55:56" hostname="DESKTOP-3R4DVF7" time="0.001">
  <properties/>
  <testcase name="empty" classname="org.springframework.dao.support.ChainedPersistenceExceptionTranslatorTests" time="0.0"/>
  <testcase name="exceptionTranslationWithTranslation" classname="org.springframework.dao.support.ChainedPersistenceExceptionTranslatorTests" time="0.0"/>
  <system-out><![CDATA[]]></system-out>
  <system-err><![CDATA[]]></system-err>
</testsuite>
