<?xml version="1.0" encoding="UTF-8"?>
<testsuite name="org.springframework.transaction.interceptor.TransactionAttributeEditorTests" tests="10" skipped="0" failures="0" errors="0" timestamp="2021-04-16T01:56:00" hostname="DESKTOP-3R4DVF7" time="0.039">
  <properties/>
  <testcase name="testInvalidPropagationCodeOnly" classname="org.springframework.transaction.interceptor.TransactionAttributeEditorTests" time="0.0"/>
  <testcase name="testRuleBasedTransactionAttributeToString" classname="org.springframework.transaction.interceptor.TransactionAttributeEditorTests" time="0.0"/>
  <testcase name="testValidPropagationAndIsolationCodesAndInvalidRollbackRule" classname="org.springframework.transaction.interceptor.TransactionAttributeEditorTests" time="0.0"/>
  <testcase name="testNull" classname="org.springframework.transaction.interceptor.TransactionAttributeEditorTests" time="0.0"/>
  <testcase name="testDefaultTransactionAttributeToString" classname="org.springframework.transaction.interceptor.TransactionAttributeEditorTests" time="0.0"/>
  <testcase name="testEmptyString" classname="org.springframework.transaction.interceptor.TransactionAttributeEditorTests" time="0.0"/>
  <testcase name="testValidPropagationCodeAndIsolationCodeAndRollbackRules1" classname="org.springframework.transaction.interceptor.TransactionAttributeEditorTests" time="0.038"/>
  <testcase name="testValidPropagationCodeAndIsolationCodeAndRollbackRules2" classname="org.springframework.transaction.interceptor.TransactionAttributeEditorTests" time="0.0"/>
  <testcase name="testValidPropagationCodeAndIsolationCode" classname="org.springframework.transaction.interceptor.TransactionAttributeEditorTests" time="0.0"/>
  <testcase name="testValidPropagationCodeOnly" classname="org.springframework.transaction.interceptor.TransactionAttributeEditorTests" time="0.0"/>
  <system-out><![CDATA[]]></system-out>
  <system-err><![CDATA[]]></system-err>
</testsuite>
