<?xml version="1.0" encoding="UTF-8"?>
<testsuite name="org.springframework.transaction.annotation.AnnotationTransactionInterceptorTests" tests="10" skipped="0" failures="0" errors="0" timestamp="2021-04-16T01:55:58" hostname="DESKTOP-3R4DVF7" time="0.082">
  <properties/>
  <testcase name="withRollback" classname="org.springframework.transaction.annotation.AnnotationTransactionInterceptorTests" time="0.021"/>
  <testcase name="classLevelOnly" classname="org.springframework.transaction.annotation.AnnotationTransactionInterceptorTests" time="0.011"/>
  <testcase name="withSingleMethodOverride" classname="org.springframework.transaction.annotation.AnnotationTransactionInterceptorTests" time="0.01"/>
  <testcase name="withSingleMethodOverrideInverted" classname="org.springframework.transaction.annotation.AnnotationTransactionInterceptorTests" time="0.01"/>
  <testcase name="withInterfaceOnTargetJdkProxy" classname="org.springframework.transaction.annotation.AnnotationTransactionInterceptorTests" time="0.004"/>
  <testcase name="crossClassInterfaceMethodLevelOnJdkProxy" classname="org.springframework.transaction.annotation.AnnotationTransactionInterceptorTests" time="0.003"/>
  <testcase name="withMultiMethodOverride" classname="org.springframework.transaction.annotation.AnnotationTransactionInterceptorTests" time="0.011"/>
  <testcase name="withInterface" classname="org.springframework.transaction.annotation.AnnotationTransactionInterceptorTests" time="0.001"/>
  <testcase name="withInterfaceOnTargetCglibProxy" classname="org.springframework.transaction.annotation.AnnotationTransactionInterceptorTests" time="0.008"/>
  <testcase name="crossClassInterfaceOnJdkProxy" classname="org.springframework.transaction.annotation.AnnotationTransactionInterceptorTests" time="0.003"/>
  <system-out><![CDATA[]]></system-out>
  <system-err><![CDATA[]]></system-err>
</testsuite>
