<?xml version="1.0" encoding="UTF-8"?>
<testsuite name="org.springframework.jca.cci.CciTemplateTests" tests="19" skipped="0" failures="0" errors="0" timestamp="2021-04-16T01:55:57" hostname="DESKTOP-3R4DVF7" time="0.256">
  <properties/>
  <testcase name="testTemplateExecuteInputGeneratorTrueWithCreator" classname="org.springframework.jca.cci.CciTemplateTests" time="0.017"/>
  <testcase name="testTemplateExecuteInputTrueWithCreator2" classname="org.springframework.jca.cci.CciTemplateTests" time="0.001"/>
  <testcase name="testTemplateExecuteConnectionCallback" classname="org.springframework.jca.cci.CciTemplateTests" time="0.014"/>
  <testcase name="testTemplateExecuteInputFalse" classname="org.springframework.jca.cci.CciTemplateTests" time="0.001"/>
  <testcase name="testTemplateExecuteInputExtractorFalse" classname="org.springframework.jca.cci.CciTemplateTests" time="0.006"/>
  <testcase name="testCreateMappedRecord" classname="org.springframework.jca.cci.CciTemplateTests" time="0.033"/>
  <testcase name="testTemplateExecuteInputTrueTrue" classname="org.springframework.jca.cci.CciTemplateTests" time="0.001"/>
  <testcase name="testTemplateExecuteInputFalseTrue" classname="org.springframework.jca.cci.CciTemplateTests" time="0.001"/>
  <testcase name="testTemplateExecuteWithCreatorAndRecordFactoryNotSupported" classname="org.springframework.jca.cci.CciTemplateTests" time="0.004"/>
  <testcase name="testTemplateExecuteInputOutputConnectionSpec" classname="org.springframework.jca.cci.CciTemplateTests" time="0.006"/>
  <testcase name="testTemplateExecuteInteractionCallback" classname="org.springframework.jca.cci.CciTemplateTests" time="0.006"/>
  <testcase name="testTemplateExecuteInputTrueTrueWithCreator" classname="org.springframework.jca.cci.CciTemplateTests" time="0.001"/>
  <testcase name="testTemplateExecuteInputOutput" classname="org.springframework.jca.cci.CciTemplateTests" time="0.001"/>
  <testcase name="testTemplateExecuteInputGeneratorFalse" classname="org.springframework.jca.cci.CciTemplateTests" time="0.0"/>
  <testcase name="testTemplateExecuteInputExtractorTrueWithCreator" classname="org.springframework.jca.cci.CciTemplateTests" time="0.0"/>
  <testcase name="testTemplateExecuteInputGeneratorExtractorTrueWithCreator" classname="org.springframework.jca.cci.CciTemplateTests" time="0.001"/>
  <testcase name="testTemplateExecuteInputGeneratorExtractorFalse" classname="org.springframework.jca.cci.CciTemplateTests" time="0.0"/>
  <testcase name="testCreateIndexedRecord" classname="org.springframework.jca.cci.CciTemplateTests" time="0.054"/>
  <testcase name="testTemplateExecuteInputOutputResultsSetFalse" classname="org.springframework.jca.cci.CciTemplateTests" time="0.106"/>
  <system-out><![CDATA[]]></system-out>
  <system-err><![CDATA[]]></system-err>
</testsuite>
