<?xml version="1.0" encoding="UTF-8"?>
<testsuite name="org.springframework.transaction.annotation.AnnotationTransactionNamespaceHandlerTests" tests="5" skipped="0" failures="0" errors="0" timestamp="2021-04-16T01:55:58" hostname="DESKTOP-3R4DVF7" time="0.135">
  <properties/>
  <testcase name="invokeTransactional" classname="org.springframework.transaction.annotation.AnnotationTransactionNamespaceHandlerTests" time="0.009"/>
  <testcase name="nonPublicMethodsNotAdvised" classname="org.springframework.transaction.annotation.AnnotationTransactionNamespaceHandlerTests" time="0.001"/>
  <testcase name="transactionalEventListenerRegisteredProperly" classname="org.springframework.transaction.annotation.AnnotationTransactionNamespaceHandlerTests" time="0.0"/>
  <testcase name="mBeanExportAlsoWorks" classname="org.springframework.transaction.annotation.AnnotationTransactionNamespaceHandlerTests" time="0.006"/>
  <testcase name="isProxy" classname="org.springframework.transaction.annotation.AnnotationTransactionNamespaceHandlerTests" time="0.001"/>
  <system-out><![CDATA[09:55:58.337 [Test worker] INFO  org.springframework.transaction.config.TxNamespaceHandler - 标签advice使用解析器: org.springframework.transaction.config.TxAdviceBeanDefinitionParser
09:55:58.344 [Test worker] INFO  org.springframework.transaction.config.TxNamespaceHandler - 标签annotation-driven使用解析器: org.springframework.transaction.config.AnnotationDrivenBeanDefinitionParser
09:55:58.344 [Test worker] INFO  org.springframework.transaction.config.TxNamespaceHandler - 标签jta-transaction-manager使用解析器: org.springframework.transaction.config.JtaTransactionManagerBeanDefinitionParser
09:55:58.622 [Test worker] INFO  org.springframework.transaction.config.TxNamespaceHandler - 标签advice使用解析器: org.springframework.transaction.config.TxAdviceBeanDefinitionParser
09:55:58.622 [Test worker] INFO  org.springframework.transaction.config.TxNamespaceHandler - 标签annotation-driven使用解析器: org.springframework.transaction.config.AnnotationDrivenBeanDefinitionParser
09:55:58.622 [Test worker] INFO  org.springframework.transaction.config.TxNamespaceHandler - 标签jta-transaction-manager使用解析器: org.springframework.transaction.config.JtaTransactionManagerBeanDefinitionParser
09:55:58.650 [Test worker] INFO  org.springframework.transaction.config.TxNamespaceHandler - 标签advice使用解析器: org.springframework.transaction.config.TxAdviceBeanDefinitionParser
09:55:58.651 [Test worker] INFO  org.springframework.transaction.config.TxNamespaceHandler - 标签annotation-driven使用解析器: org.springframework.transaction.config.AnnotationDrivenBeanDefinitionParser
09:55:58.651 [Test worker] INFO  org.springframework.transaction.config.TxNamespaceHandler - 标签jta-transaction-manager使用解析器: org.springframework.transaction.config.JtaTransactionManagerBeanDefinitionParser
09:55:58.681 [Test worker] INFO  org.springframework.transaction.config.TxNamespaceHandler - 标签advice使用解析器: org.springframework.transaction.config.TxAdviceBeanDefinitionParser
09:55:58.681 [Test worker] INFO  org.springframework.transaction.config.TxNamespaceHandler - 标签annotation-driven使用解析器: org.springframework.transaction.config.AnnotationDrivenBeanDefinitionParser
09:55:58.682 [Test worker] INFO  org.springframework.transaction.config.TxNamespaceHandler - 标签jta-transaction-manager使用解析器: org.springframework.transaction.config.JtaTransactionManagerBeanDefinitionParser
09:55:58.714 [Test worker] INFO  org.springframework.transaction.config.TxNamespaceHandler - 标签advice使用解析器: org.springframework.transaction.config.TxAdviceBeanDefinitionParser
09:55:58.714 [Test worker] INFO  org.springframework.transaction.config.TxNamespaceHandler - 标签annotation-driven使用解析器: org.springframework.transaction.config.AnnotationDrivenBeanDefinitionParser
09:55:58.714 [Test worker] INFO  org.springframework.transaction.config.TxNamespaceHandler - 标签jta-transaction-manager使用解析器: org.springframework.transaction.config.JtaTransactionManagerBeanDefinitionParser
]]></system-out>
  <system-err><![CDATA[]]></system-err>
</testsuite>
