<?xml version="1.0" encoding="UTF-8"?>
<testsuite name="org.springframework.transaction.event.ApplicationListenerMethodTransactionalAdapterTests" tests="4" skipped="0" failures="0" errors="0" timestamp="2021-04-16T01:55:59" hostname="DESKTOP-3R4DVF7" time="0.009">
  <properties/>
  <testcase name="phaseSet" classname="org.springframework.transaction.event.ApplicationListenerMethodTransactionalAdapterTests" time="0.003"/>
  <testcase name="valueSet" classname="org.springframework.transaction.event.ApplicationListenerMethodTransactionalAdapterTests" time="0.005"/>
  <testcase name="defaultPhase" classname="org.springframework.transaction.event.ApplicationListenerMethodTransactionalAdapterTests" time="0.0"/>
  <testcase name="phaseAndClassesSet" classname="org.springframework.transaction.event.ApplicationListenerMethodTransactionalAdapterTests" time="0.001"/>
  <system-out><![CDATA[]]></system-out>
  <system-err><![CDATA[]]></system-err>
</testsuite>
