<?xml version="1.0" encoding="UTF-8"?>
<testsuite name="org.springframework.transaction.support.SimpleTransactionScopeTests" tests="2" skipped="0" failures="0" errors="0" timestamp="2021-04-16T01:56:00" hostname="DESKTOP-3R4DVF7" time="0.006">
  <properties/>
  <testcase name="getFromScope" classname="org.springframework.transaction.support.SimpleTransactionScopeTests" time="0.004"/>
  <testcase name="getWithTransactionManager" classname="org.springframework.transaction.support.SimpleTransactionScopeTests" time="0.001"/>
  <system-out><![CDATA[]]></system-out>
  <system-err><![CDATA[]]></system-err>
</testsuite>
