<?xml version="1.0" encoding="UTF-8"?>
<testsuite name="org.springframework.transaction.annotation.EnableTransactionManagementTests" tests="10" skipped="0" failures="0" errors="0" timestamp="2021-04-16T01:55:58" hostname="DESKTOP-3R4DVF7" time="0.645">
  <properties/>
  <testcase name="transactionProxyIsCreated" classname="org.springframework.transaction.annotation.EnableTransactionManagementTests" time="0.289"/>
  <testcase name="transactionProxyIsCreatedWithEnableOnSuperclass" classname="org.springframework.transaction.annotation.EnableTransactionManagementTests" time="0.035"/>
  <testcase name="spr14322FindsOnInterfaceWithInterfaceProxy" classname="org.springframework.transaction.annotation.EnableTransactionManagementTests" time="0.058"/>
  <testcase name="spr11915TransactionManagerAsManualSingleton" classname="org.springframework.transaction.annotation.EnableTransactionManagementTests" time="0.042"/>
  <testcase name="proxyTypeAspectJCausesRegistrationOfAnnotationTransactionAspect" classname="org.springframework.transaction.annotation.EnableTransactionManagementTests" time="0.013"/>
  <testcase name="txManagerIsResolvedOnInvocationOfTransactionalMethod" classname="org.springframework.transaction.annotation.EnableTransactionManagementTests" time="0.026"/>
  <testcase name="transactionalEventListenerRegisteredProperly" classname="org.springframework.transaction.annotation.EnableTransactionManagementTests" time="0.025"/>
  <testcase name="transactionProxyIsCreatedWithEnableOnExcludedSuperclass" classname="org.springframework.transaction.annotation.EnableTransactionManagementTests" time="0.058"/>
  <testcase name="spr14322FindsOnInterfaceWithCglibProxy" classname="org.springframework.transaction.annotation.EnableTransactionManagementTests" time="0.043"/>
  <testcase name="txManagerIsResolvedCorrectlyWhenMultipleManagersArePresent" classname="org.springframework.transaction.annotation.EnableTransactionManagementTests" time="0.054"/>
  <system-out><![CDATA[]]></system-out>
  <system-err><![CDATA[]]></system-err>
</testsuite>
