<?xml version="1.0" encoding="UTF-8"?>
<!-- Generated by org.testng.reporters.JUnitReportReporter -->
<testsuite skipped="0" hostname="DESKTOP-3R4DVF7" name="org.springframework.test.context.cache.ClassLevelDirtiesContextTestNGTests$ClassLevelDirtiesContextWithCleanMethodsAndAfterClassModeTestCase" tests="1" failures="0" timestamp="16 四月 2021 01:54:40 GMT" time="0.000" errors="0">
  <testcase name="verifyContextWasAutowired" time="0.000" classname="org.springframework.test.context.cache.ClassLevelDirtiesContextTestNGTests$ClassLevelDirtiesContextWithCleanMethodsAndAfterClassModeTestCase"/>
</testsuite> <!-- org.springframework.test.context.cache.ClassLevelDirtiesContextTestNGTests$ClassLevelDirtiesContextWithCleanMethodsAndAfterClassModeTestCase -->
