<?xml version="1.0" encoding="UTF-8"?>
<testsuite name="org.springframework.test.context.configuration.ContextConfigurationWithPropertiesExtendingPropertiesTests" tests="2" skipped="0" failures="0" errors="0" timestamp="2021-04-16T01:54:43" hostname="DESKTOP-3R4DVF7" time="0.007">
  <properties/>
  <testcase name="verifyExtendedAnnotationAutowiredFields" classname="org.springframework.test.context.configuration.ContextConfigurationWithPropertiesExtendingPropertiesTests" time="0.001"/>
  <testcase name="verifyAnnotationAutowiredFields" classname="org.springframework.test.context.configuration.ContextConfigurationWithPropertiesExtendingPropertiesTests" time="0.004"/>
  <system-out><![CDATA[]]></system-out>
  <system-err><![CDATA[]]></system-err>
</testsuite>
