<?xml version="1.0" encoding="UTF-8"?>
<testsuite name="org.springframework.test.context.junit.jupiter.DisabledIfConditionTestCase" tests="7" skipped="0" failures="0" errors="0" timestamp="2021-04-16T01:54:49" hostname="DESKTOP-3R4DVF7" time="0.116">
  <properties/>
  <testcase name="disabledWithDefaultReason" classname="org.springframework.test.context.junit.jupiter.DisabledIfConditionTestCase" time="0.058"/>
  <testcase name="missingDisabledIf" classname="org.springframework.test.context.junit.jupiter.DisabledIfConditionTestCase" time="0.008"/>
  <testcase name="disabledByEmptyExpression" classname="org.springframework.test.context.junit.jupiter.DisabledIfConditionTestCase" time="0.019"/>
  <testcase name="notDisabledWithDefaultReason" classname="org.springframework.test.context.junit.jupiter.DisabledIfConditionTestCase" time="0.007"/>
  <testcase name="unsupportedStringEvaluationValue" classname="org.springframework.test.context.junit.jupiter.DisabledIfConditionTestCase" time="0.008"/>
  <testcase name="invalidExpressionEvaluationType" classname="org.springframework.test.context.junit.jupiter.DisabledIfConditionTestCase" time="0.008"/>
  <testcase name="disabledWithCustomReason" classname="org.springframework.test.context.junit.jupiter.DisabledIfConditionTestCase" time="0.007"/>
  <system-out><![CDATA[]]></system-out>
  <system-err><![CDATA[]]></system-err>
</testsuite>
