<?xml version="1.0" encoding="UTF-8"?>
<testsuite name="org.springframework.test.web.reactive.server.HeaderAssertionTests" tests="9" skipped="0" failures="0" errors="0" timestamp="2021-04-16T01:55:22" hostname="DESKTOP-3R4DVF7" time="0.019">
  <properties/>
  <testcase name="valueEquals" classname="org.springframework.test.web.reactive.server.HeaderAssertionTests" time="0.013"/>
  <testcase name="cacheControl" classname="org.springframework.test.web.reactive.server.HeaderAssertionTests" time="0.001"/>
  <testcase name="expires" classname="org.springframework.test.web.reactive.server.HeaderAssertionTests" time="0.003"/>
  <testcase name="exists" classname="org.springframework.test.web.reactive.server.HeaderAssertionTests" time="0.0"/>
  <testcase name="doesNotExist" classname="org.springframework.test.web.reactive.server.HeaderAssertionTests" time="0.001"/>
  <testcase name="contentTypeCompatibleWith" classname="org.springframework.test.web.reactive.server.HeaderAssertionTests" time="0.0"/>
  <testcase name="valueEqualsWithMultipeValues" classname="org.springframework.test.web.reactive.server.HeaderAssertionTests" time="0.0"/>
  <testcase name="valueMatches" classname="org.springframework.test.web.reactive.server.HeaderAssertionTests" time="0.0"/>
  <testcase name="lastModified" classname="org.springframework.test.web.reactive.server.HeaderAssertionTests" time="0.001"/>
  <system-out><![CDATA[]]></system-out>
  <system-err><![CDATA[]]></system-err>
</testsuite>
