<?xml version="1.0" encoding="UTF-8"?>
<testsuite name="org.springframework.test.context.cache.SpringRunnerContextCacheTests" tests="3" skipped="0" failures="0" errors="0" timestamp="2021-04-16T01:54:43" hostname="DESKTOP-3R4DVF7" time="0.039">
  <properties/>
  <testcase name="dirtyContext" classname="org.springframework.test.context.cache.SpringRunnerContextCacheTests" time="0.0"/>
  <testcase name="verifyContextDirty" classname="org.springframework.test.context.cache.SpringRunnerContextCacheTests" time="0.0"/>
  <testcase name="verifyContextNotDirty" classname="org.springframework.test.context.cache.SpringRunnerContextCacheTests" time="0.0"/>
  <system-out><![CDATA[]]></system-out>
  <system-err><![CDATA[]]></system-err>
</testsuite>
