<?xml version="1.0" encoding="UTF-8"?>
<testsuite name="org.springframework.test.web.servlet.samples.standalone.resultmatchers.XmlContentAssertionTests" tests="2" skipped="0" failures="0" errors="0" timestamp="2021-04-16T01:55:50" hostname="DESKTOP-3R4DVF7" time="0.245">
  <properties/>
  <testcase name="testNodeHamcrestMatcher" classname="org.springframework.test.web.servlet.samples.standalone.resultmatchers.XmlContentAssertionTests" time="0.121"/>
  <testcase name="testXmlEqualTo" classname="org.springframework.test.web.servlet.samples.standalone.resultmatchers.XmlContentAssertionTests" time="0.124"/>
  <system-out><![CDATA[]]></system-out>
  <system-err><![CDATA[]]></system-err>
</testsuite>
