<?xml version="1.0" encoding="UTF-8"?>
<testsuite name="org.springframework.test.web.reactive.server.samples.HeaderAndCookieTests" tests="3" skipped="0" failures="0" errors="0" timestamp="2021-04-16T01:55:25" hostname="DESKTOP-3R4DVF7" time="0.311">
  <properties/>
  <testcase name="requestResponseHeaderPair" classname="org.springframework.test.web.reactive.server.samples.HeaderAndCookieTests" time="0.008"/>
  <testcase name="setCookies" classname="org.springframework.test.web.reactive.server.samples.HeaderAndCookieTests" time="0.003"/>
  <testcase name="headerMultipleValues" classname="org.springframework.test.web.reactive.server.samples.HeaderAndCookieTests" time="0.001"/>
  <system-out><![CDATA[]]></system-out>
  <system-err><![CDATA[]]></system-err>
</testsuite>
