<?xml version="1.0" encoding="UTF-8"?>
<testsuite name="org.springframework.test.context.junit4.annotation.DefaultLoaderExplicitConfigClassesInheritedTests" tests="2" skipped="0" failures="0" errors="0" timestamp="2021-04-16T01:54:55" hostname="DESKTOP-3R4DVF7" time="0.005">
  <properties/>
  <testcase name="verifyPetSetFromExtendedContextConfig" classname="org.springframework.test.context.junit4.annotation.DefaultLoaderExplicitConfigClassesInheritedTests" time="0.0"/>
  <testcase name="verifyEmployeeSetFromBaseContextConfig" classname="org.springframework.test.context.junit4.annotation.DefaultLoaderExplicitConfigClassesInheritedTests" time="0.0"/>
  <system-out><![CDATA[]]></system-out>
  <system-err><![CDATA[]]></system-err>
</testsuite>
