<?xml version="1.0" encoding="UTF-8"?>
<testsuite name="org.springframework.test.web.servlet.samples.standalone.resultmatchers.ContentAssertionTests" tests="5" skipped="0" failures="0" errors="0" timestamp="2021-04-16T01:55:44" hostname="DESKTOP-3R4DVF7" time="0.789">
  <properties/>
  <testcase name="testCharacterEncoding" classname="org.springframework.test.web.servlet.samples.standalone.resultmatchers.ContentAssertionTests" time="0.177"/>
  <testcase name="testContentAsBytes" classname="org.springframework.test.web.servlet.samples.standalone.resultmatchers.ContentAssertionTests" time="0.195"/>
  <testcase name="testContentType" classname="org.springframework.test.web.servlet.samples.standalone.resultmatchers.ContentAssertionTests" time="0.18"/>
  <testcase name="testContentStringMatcher" classname="org.springframework.test.web.servlet.samples.standalone.resultmatchers.ContentAssertionTests" time="0.127"/>
  <testcase name="testContentAsString" classname="org.springframework.test.web.servlet.samples.standalone.resultmatchers.ContentAssertionTests" time="0.109"/>
  <system-out><![CDATA[]]></system-out>
  <system-err><![CDATA[]]></system-err>
</testsuite>
