<?xml version="1.0" encoding="UTF-8"?>
<testsuite name="org.springframework.test.annotation.ProfileValueUtilsTests" tests="3" skipped="0" failures="0" errors="0" timestamp="2021-04-16T01:54:36" hostname="DESKTOP-3R4DVF7" time="0.086">
  <properties/>
  <testcase name="isTestEnabledInThisEnvironmentForProvidedClass" classname="org.springframework.test.annotation.ProfileValueUtilsTests" time="0.081"/>
  <testcase name="isTestEnabledInThisEnvironmentForProvidedMethodAndClass" classname="org.springframework.test.annotation.ProfileValueUtilsTests" time="0.004"/>
  <testcase name="isTestEnabledInThisEnvironmentForProvidedProfileValueSourceMethodAndClass" classname="org.springframework.test.annotation.ProfileValueUtilsTests" time="0.0"/>
  <system-out><![CDATA[]]></system-out>
  <system-err><![CDATA[]]></system-err>
</testsuite>
