<?xml version="1.0" encoding="UTF-8"?>
<testsuite name="org.springframework.test.web.servlet.samples.standalone.FilterTests" tests="7" skipped="0" failures="0" errors="0" timestamp="2021-04-16T01:55:37" hostname="DESKTOP-3R4DVF7" time="0.739">
  <properties/>
  <testcase name="filtersProcessRequest" classname="org.springframework.test.web.servlet.samples.standalone.FilterTests" time="0.074"/>
  <testcase name="filterMappedBySuffix" classname="org.springframework.test.web.servlet.samples.standalone.FilterTests" time="0.074"/>
  <testcase name="whenFiltersCompleteMvcProcessesRequest" classname="org.springframework.test.web.servlet.samples.standalone.FilterTests" time="0.28"/>
  <testcase name="filterWrapsRequestResponseAndPerformsAsyncDispatch" classname="org.springframework.test.web.servlet.samples.standalone.FilterTests" time="0.088"/>
  <testcase name="filterWrapsRequestResponse" classname="org.springframework.test.web.servlet.samples.standalone.FilterTests" time="0.076"/>
  <testcase name="filterWithExactMapping" classname="org.springframework.test.web.servlet.samples.standalone.FilterTests" time="0.072"/>
  <testcase name="filterSkipped" classname="org.springframework.test.web.servlet.samples.standalone.FilterTests" time="0.075"/>
  <system-out><![CDATA[]]></system-out>
  <system-err><![CDATA[]]></system-err>
</testsuite>
