<?xml version="1.0" encoding="UTF-8"?>
<testsuite name="org.springframework.test.context.web.MetaAnnotationConfigWacTests" tests="2" skipped="0" failures="0" errors="0" timestamp="2021-04-16T01:55:16" hostname="DESKTOP-3R4DVF7" time="0.001">
  <properties/>
  <testcase name="basicWacFeatures" classname="org.springframework.test.context.web.MetaAnnotationConfigWacTests" time="0.001"/>
  <testcase name="fooEnigmaAutowired" classname="org.springframework.test.context.web.MetaAnnotationConfigWacTests" time="0.0"/>
  <system-out><![CDATA[]]></system-out>
  <system-err><![CDATA[]]></system-err>
</testsuite>
