<?xml version="1.0" encoding="UTF-8"?>
<testsuite name="org.springframework.test.web.reactive.server.WebTestClientConnectorTests" tests="1" skipped="0" failures="0" errors="0" timestamp="2021-04-16T01:55:28" hostname="DESKTOP-3R4DVF7" time="0.054">
  <properties/>
  <testcase name="captureAndClaim" classname="org.springframework.test.web.reactive.server.WebTestClientConnectorTests" time="0.054"/>
  <system-out><![CDATA[]]></system-out>
  <system-err><![CDATA[]]></system-err>
</testsuite>
