<?xml version="1.0" encoding="UTF-8"?>
<testsuite name="org.springframework.test.web.reactive.server.ApplicationContextSpecTests" tests="1" skipped="0" failures="0" errors="0" timestamp="2021-04-16T01:55:20" hostname="DESKTOP-3R4DVF7" time="1.244">
  <properties/>
  <testcase name="sessionManagerBean" classname="org.springframework.test.web.reactive.server.ApplicationContextSpecTests" time="1.244"/>
  <system-out><![CDATA[]]></system-out>
  <system-err><![CDATA[]]></system-err>
</testsuite>
