<?xml version="1.0" encoding="UTF-8"?>
<testsuite name="org.springframework.test.context.TestExecutionListenersTests" tests="17" skipped="0" failures="0" errors="0" timestamp="2021-04-16T01:55:12" hostname="DESKTOP-3R4DVF7" time="0.103">
  <properties/>
  <testcase name="inheritedDefaultListeners" classname="org.springframework.test.context.TestExecutionListenersTests" time="0.022"/>
  <testcase name="inheritedListeners" classname="org.springframework.test.context.TestExecutionListenersTests" time="0.004"/>
  <testcase name="customsListenersRegisteredViaMetaAnnotationWithInheritedListenersWithOverrides" classname="org.springframework.test.context.TestExecutionListenersTests" time="0.005"/>
  <testcase name="customListenersRegisteredViaMetaAnnotationWithNonInheritedListenersWithOverrides" classname="org.springframework.test.context.TestExecutionListenersTests" time="0.004"/>
  <testcase name="defaultListenersMergedWithCustomListenerInserted" classname="org.springframework.test.context.TestExecutionListenersTests" time="0.007"/>
  <testcase name="customListenersRegisteredViaMetaAnnotationWithOverrides" classname="org.springframework.test.context.TestExecutionListenersTests" time="0.003"/>
  <testcase name="defaultListenersMergedWithCustomListenerAppended" classname="org.springframework.test.context.TestExecutionListenersTests" time="0.007"/>
  <testcase name="nonInheritedDefaultListeners" classname="org.springframework.test.context.TestExecutionListenersTests" time="0.003"/>
  <testcase name="defaultListeners" classname="org.springframework.test.context.TestExecutionListenersTests" time="0.007"/>
  <testcase name="inheritedListenersRegisteredViaMetaAnnotation" classname="org.springframework.test.context.TestExecutionListenersTests" time="0.004"/>
  <testcase name="listenersAndValueAttributesDeclared" classname="org.springframework.test.context.TestExecutionListenersTests" time="0.003"/>
  <testcase name="customListenersDeclaredOnInterface" classname="org.springframework.test.context.TestExecutionListenersTests" time="0.003"/>
  <testcase name="nonInheritedListeners" classname="org.springframework.test.context.TestExecutionListenersTests" time="0.014"/>
  <testcase name="nonInheritedListenersRegisteredViaMetaAnnotation" classname="org.springframework.test.context.TestExecutionListenersTests" time="0.004"/>
  <testcase name="defaultListenersMergedWithCustomListenerPrepended" classname="org.springframework.test.context.TestExecutionListenersTests" time="0.006"/>
  <testcase name="customListenersRegisteredViaMetaAnnotation" classname="org.springframework.test.context.TestExecutionListenersTests" time="0.003"/>
  <testcase name="customListeners" classname="org.springframework.test.context.TestExecutionListenersTests" time="0.003"/>
  <system-out><![CDATA[]]></system-out>
  <system-err><![CDATA[]]></system-err>
</testsuite>
