<?xml version="1.0" encoding="UTF-8"?>
<testsuite name="org.springframework.test.context.BootstrapUtilsTests" tests="7" skipped="0" failures="0" errors="0" timestamp="2021-04-16T01:54:37" hostname="DESKTOP-3R4DVF7" time="0.026">
  <properties/>
  <testcase name="resolveTestContextBootstrapperForNonAnnotatedClass" classname="org.springframework.test.context.BootstrapUtilsTests" time="0.016"/>
  <testcase name="resolveTestContextBootstrapperWithEmptyBootstrapWithAnnotation" classname="org.springframework.test.context.BootstrapUtilsTests" time="0.003"/>
  <testcase name="resolveTestContextBootstrapperWithDoubleMetaBootstrapWithAnnotation" classname="org.springframework.test.context.BootstrapUtilsTests" time="0.003"/>
  <testcase name="resolveTestContextBootstrapperWithDirectBootstrapWithAnnotation" classname="org.springframework.test.context.BootstrapUtilsTests" time="0.001"/>
  <testcase name="resolveTestContextBootstrapperWithMetaBootstrapWithAnnotation" classname="org.springframework.test.context.BootstrapUtilsTests" time="0.0"/>
  <testcase name="resolveTestContextBootstrapperWithInheritedBootstrapWithAnnotation" classname="org.springframework.test.context.BootstrapUtilsTests" time="0.001"/>
  <testcase name="resolveTestContextBootstrapperForWebAppConfigurationAnnotatedClass" classname="org.springframework.test.context.BootstrapUtilsTests" time="0.002"/>
  <system-out><![CDATA[]]></system-out>
  <system-err><![CDATA[]]></system-err>
</testsuite>
