<?xml version="1.0" encoding="UTF-8"?>
<testsuite name="org.springframework.test.context.support.AnnotationConfigContextLoaderTests" tests="7" skipped="0" failures="0" errors="0" timestamp="2021-04-16T01:55:11" hostname="DESKTOP-3R4DVF7" time="0.009">
  <properties/>
  <testcase name="detectDefaultConfigurationClassesForNonAnnotatedInnerClass" classname="org.springframework.test.context.support.AnnotationConfigContextLoaderTests" time="0.001"/>
  <testcase name="detectDefaultConfigurationClassesForPrivateAnnotatedInnerClass" classname="org.springframework.test.context.support.AnnotationConfigContextLoaderTests" time="0.001"/>
  <testcase name="detectDefaultConfigurationClassesForMultipleAnnotatedInnerClasses" classname="org.springframework.test.context.support.AnnotationConfigContextLoaderTests" time="0.001"/>
  <testcase name="detectDefaultConfigurationClassesForAnnotatedInnerClass" classname="org.springframework.test.context.support.AnnotationConfigContextLoaderTests" time="0.002"/>
  <testcase name="detectDefaultConfigurationClassesForFinalAnnotatedInnerClass" classname="org.springframework.test.context.support.AnnotationConfigContextLoaderTests" time="0.001"/>
  <testcase name="detectDefaultConfigurationClassesForNonStaticAnnotatedInnerClass" classname="org.springframework.test.context.support.AnnotationConfigContextLoaderTests" time="0.001"/>
  <testcase name="configMustNotContainLocations" classname="org.springframework.test.context.support.AnnotationConfigContextLoaderTests" time="0.001"/>
  <system-out><![CDATA[09:55:11.846 [Test worker] ERROR org.springframework.test.context.support.AnnotationConfigContextLoader - Test class [org.springframework.test.context.support.AnnotationConfigContextLoaderTests] has been configured with @ContextConfiguration's 'locations' (or 'value') attribute {config.xml}, but AnnotationConfigContextLoader does not support resource locations.
]]></system-out>
  <system-err><![CDATA[]]></system-err>
</testsuite>
