<?xml version="1.0" encoding="UTF-8"?>
<testsuite name="org.springframework.test.context.junit.jupiter.SpringJUnitJupiterConstructorInjectionTestCase" tests="4" skipped="0" failures="0" errors="0" timestamp="2021-04-16T01:54:50" hostname="DESKTOP-3R4DVF7" time="0.004">
  <properties/>
  <testcase name="applicationContextInjected" classname="org.springframework.test.context.junit.jupiter.SpringJUnitJupiterConstructorInjectionTestCase" time="0.0"/>
  <testcase name="testInfoInjected" classname="org.springframework.test.context.junit.jupiter.SpringJUnitJupiterConstructorInjectionTestCase" time="0.0"/>
  <testcase name="propertyPlaceholderInjected" classname="org.springframework.test.context.junit.jupiter.SpringJUnitJupiterConstructorInjectionTestCase" time="0.001"/>
  <testcase name="beansInjected" classname="org.springframework.test.context.junit.jupiter.SpringJUnitJupiterConstructorInjectionTestCase" time="0.0"/>
  <system-out><![CDATA[]]></system-out>
  <system-err><![CDATA[]]></system-err>
</testsuite>
