<?xml version="1.0" encoding="UTF-8"?>
<testsuite name="org.springframework.test.web.servlet.setup.SharedHttpSessionTests" tests="2" skipped="0" failures="0" errors="0" timestamp="2021-04-16T01:55:52" hostname="DESKTOP-3R4DVF7" time="0.15">
  <properties/>
  <testcase name="httpSession" classname="org.springframework.test.web.servlet.setup.SharedHttpSessionTests" time="0.077"/>
  <testcase name="noHttpSession" classname="org.springframework.test.web.servlet.setup.SharedHttpSessionTests" time="0.073"/>
  <system-out><![CDATA[]]></system-out>
  <system-err><![CDATA[]]></system-err>
</testsuite>
