<?xml version="1.0" encoding="UTF-8"?>
<testsuite name="org.springframework.test.web.reactive.server.samples.bind.WebFilterTests" tests="1" skipped="0" failures="0" errors="0" timestamp="2021-04-16T01:55:25" hostname="DESKTOP-3R4DVF7" time="0.038">
  <properties/>
  <testcase name="testWebFilter" classname="org.springframework.test.web.reactive.server.samples.bind.WebFilterTests" time="0.038"/>
  <system-out><![CDATA[]]></system-out>
  <system-err><![CDATA[]]></system-err>
</testsuite>
