<?xml version="1.0" encoding="UTF-8"?>
<testsuite name="org.springframework.test.web.servlet.samples.context.AsyncControllerJavaConfigTests" tests="1" skipped="0" failures="0" errors="0" timestamp="2021-04-16T01:55:33" hostname="DESKTOP-3R4DVF7" time="0.021">
  <properties/>
  <testcase name="callableInterceptor" classname="org.springframework.test.web.servlet.samples.context.AsyncControllerJavaConfigTests" time="0.021"/>
  <system-out><![CDATA[]]></system-out>
  <system-err><![CDATA[]]></system-err>
</testsuite>
