<?xml version="1.0" encoding="UTF-8"?>
<testsuite name="org.springframework.test.web.client.match.XpathRequestMatchersTests" tests="14" skipped="0" failures="0" errors="0" timestamp="2021-04-16T01:55:18" hostname="DESKTOP-3R4DVF7" time="0.15">
  <properties/>
  <testcase name="testExistsNoMatch" classname="org.springframework.test.web.client.match.XpathRequestMatchersTests" time="0.018"/>
  <testcase name="testBooleanNoMatch" classname="org.springframework.test.web.client.match.XpathRequestMatchersTests" time="0.015"/>
  <testcase name="testNodeCountNoMatch" classname="org.springframework.test.web.client.match.XpathRequestMatchersTests" time="0.013"/>
  <testcase name="testNodeMatcherNoMatch" classname="org.springframework.test.web.client.match.XpathRequestMatchersTests" time="0.008"/>
  <testcase name="testBoolean" classname="org.springframework.test.web.client.match.XpathRequestMatchersTests" time="0.006"/>
  <testcase name="testStringNoMatch" classname="org.springframework.test.web.client.match.XpathRequestMatchersTests" time="0.007"/>
  <testcase name="testNumberNoMatch" classname="org.springframework.test.web.client.match.XpathRequestMatchersTests" time="0.008"/>
  <testcase name="testDoesNotExist" classname="org.springframework.test.web.client.match.XpathRequestMatchersTests" time="0.007"/>
  <testcase name="testNodeMatcher" classname="org.springframework.test.web.client.match.XpathRequestMatchersTests" time="0.007"/>
  <testcase name="testNodeCount" classname="org.springframework.test.web.client.match.XpathRequestMatchersTests" time="0.011"/>
  <testcase name="testExists" classname="org.springframework.test.web.client.match.XpathRequestMatchersTests" time="0.012"/>
  <testcase name="testDoesNotExistNoMatch" classname="org.springframework.test.web.client.match.XpathRequestMatchersTests" time="0.011"/>
  <testcase name="testNumber" classname="org.springframework.test.web.client.match.XpathRequestMatchersTests" time="0.01"/>
  <testcase name="testString" classname="org.springframework.test.web.client.match.XpathRequestMatchersTests" time="0.016"/>
  <system-out><![CDATA[]]></system-out>
  <system-err><![CDATA[]]></system-err>
</testsuite>
