<?xml version="1.0" encoding="UTF-8"?>
<testsuite name="org.springframework.test.context.junit4.rules.BeforeAndAfterTransactionAnnotationSpringRuleTests" tests="3" skipped="0" failures="0" errors="0" timestamp="2021-04-16T01:55:07" hostname="DESKTOP-3R4DVF7" time="0.019">
  <properties/>
  <testcase name="transactionalMethod1" classname="org.springframework.test.context.junit4.rules.BeforeAndAfterTransactionAnnotationSpringRuleTests" time="0.014"/>
  <testcase name="transactionalMethod2" classname="org.springframework.test.context.junit4.rules.BeforeAndAfterTransactionAnnotationSpringRuleTests" time="0.003"/>
  <testcase name="nonTransactionalMethod" classname="org.springframework.test.context.junit4.rules.BeforeAndAfterTransactionAnnotationSpringRuleTests" time="0.002"/>
  <system-out><![CDATA[]]></system-out>
  <system-err><![CDATA[]]></system-err>
</testsuite>
