<?xml version="1.0" encoding="UTF-8"?>
<testsuite name="org.springframework.test.web.reactive.server.StatusAssertionTests" tests="7" skipped="0" failures="0" errors="0" timestamp="2021-04-16T01:55:28" hostname="DESKTOP-3R4DVF7" time="0.001">
  <properties/>
  <testcase name="isEqualTo" classname="org.springframework.test.web.reactive.server.StatusAssertionTests" time="0.0"/>
  <testcase name="reasonEquals" classname="org.springframework.test.web.reactive.server.StatusAssertionTests" time="0.0"/>
  <testcase name="statusSerius1xx" classname="org.springframework.test.web.reactive.server.StatusAssertionTests" time="0.001"/>
  <testcase name="statusSerius2xx" classname="org.springframework.test.web.reactive.server.StatusAssertionTests" time="0.0"/>
  <testcase name="statusSerius3xx" classname="org.springframework.test.web.reactive.server.StatusAssertionTests" time="0.0"/>
  <testcase name="statusSerius4xx" classname="org.springframework.test.web.reactive.server.StatusAssertionTests" time="0.0"/>
  <testcase name="statusSerius5xx" classname="org.springframework.test.web.reactive.server.StatusAssertionTests" time="0.0"/>
  <system-out><![CDATA[]]></system-out>
  <system-err><![CDATA[]]></system-err>
</testsuite>
