<?xml version="1.0" encoding="UTF-8"?>
<testsuite name="org.springframework.test.context.hierarchies.standard.TestHierarchyLevelTwoWithBareContextConfigurationInSuperclassTests" tests="1" skipped="0" failures="0" errors="0" timestamp="2021-04-16T01:54:47" hostname="DESKTOP-3R4DVF7" time="0.001">
  <properties/>
  <testcase name="loadContextHierarchy" classname="org.springframework.test.context.hierarchies.standard.TestHierarchyLevelTwoWithBareContextConfigurationInSuperclassTests" time="0.001"/>
  <system-out><![CDATA[]]></system-out>
  <system-err><![CDATA[]]></system-err>
</testsuite>
