<?xml version="1.0" encoding="UTF-8"?>
<testsuite name="java.lang.String, java.util.List)" tests="2" skipped="0" failures="0" errors="0" timestamp="2021-04-16T01:54:50" hostname="DESKTOP-3R4DVF7" time="0.019">
  <properties/>
  <testcase name="people(java.lang.String, java.util.List)(people" classname="java.lang.String, java.util.List)" time="0.018"/>
  <testcase name="people(java.lang.String, java.util.List)(people" classname="java.lang.String, java.util.List)" time="0.0"/>
  <system-out><![CDATA[]]></system-out>
  <system-err><![CDATA[]]></system-err>
</testsuite>
