<?xml version="1.0" encoding="UTF-8"?>
<testsuite name="org.springframework.test.web.servlet.samples.standalone.RequestParameterTests" tests="1" skipped="0" failures="0" errors="0" timestamp="2021-04-16T01:55:43" hostname="DESKTOP-3R4DVF7" time="0.196">
  <properties/>
  <testcase name="queryParameter" classname="org.springframework.test.web.servlet.samples.standalone.RequestParameterTests" time="0.196"/>
  <system-out><![CDATA[]]></system-out>
  <system-err><![CDATA[]]></system-err>
</testsuite>
