<?xml version="1.0" encoding="UTF-8"?>
<testsuite name="org.springframework.test.context.support.BootstrapTestUtilsContextInitializerTests" tests="5" skipped="0" failures="0" errors="0" timestamp="2021-04-16T01:55:11" hostname="DESKTOP-3R4DVF7" time="0.009">
  <properties/>
  <testcase name="buildMergedConfigWithOverriddenInitializers" classname="org.springframework.test.context.support.BootstrapTestUtilsContextInitializerTests" time="0.002"/>
  <testcase name="buildMergedConfigWithLocalAndInheritedInitializer" classname="org.springframework.test.context.support.BootstrapTestUtilsContextInitializerTests" time="0.001"/>
  <testcase name="buildMergedConfigWithOverriddenInitializersAndClasses" classname="org.springframework.test.context.support.BootstrapTestUtilsContextInitializerTests" time="0.001"/>
  <testcase name="buildMergedConfigWithSingleLocalInitializer" classname="org.springframework.test.context.support.BootstrapTestUtilsContextInitializerTests" time="0.005"/>
  <testcase name="buildMergedConfigWithLocalInitializerAndConfigClass" classname="org.springframework.test.context.support.BootstrapTestUtilsContextInitializerTests" time="0.0"/>
  <system-out><![CDATA[]]></system-out>
  <system-err><![CDATA[]]></system-err>
</testsuite>
