<?xml version="1.0" encoding="UTF-8"?>
<testsuite name="org.springframework.test.context.junit4.ParameterizedDependencyInjectionTests" tests="2" skipped="0" failures="0" errors="0" timestamp="2021-04-16T01:55:06" hostname="DESKTOP-3R4DVF7" time="0.027">
  <properties/>
  <testcase name="verifyPetAndEmployee[bean [employee1], employee [John Smith]]" classname="org.springframework.test.context.junit4.ParameterizedDependencyInjectionTests" time="0.027"/>
  <testcase name="verifyPetAndEmployee[bean [employee2], employee [Jane Smith]]" classname="org.springframework.test.context.junit4.ParameterizedDependencyInjectionTests" time="0.0"/>
  <system-out><![CDATA[]]></system-out>
  <system-err><![CDATA[]]></system-err>
</testsuite>
