<?xml version="1.0" encoding="UTF-8"?>
<testsuite name="org.springframework.test.context.jdbc.MergedSqlConfigTests" tests="7" skipped="0" failures="0" errors="0" timestamp="2021-04-16T01:54:48" hostname="DESKTOP-3R4DVF7" time="0.002">
  <properties/>
  <testcase name="localConfigWithContinueOnError" classname="org.springframework.test.context.jdbc.MergedSqlConfigTests" time="0.0"/>
  <testcase name="localConfigWithDefaults" classname="org.springframework.test.context.jdbc.MergedSqlConfigTests" time="0.0"/>
  <testcase name="globalConfig" classname="org.springframework.test.context.jdbc.MergedSqlConfigTests" time="0.001"/>
  <testcase name="globalConfigWithDefaults" classname="org.springframework.test.context.jdbc.MergedSqlConfigTests" time="0.001"/>
  <testcase name="localConfigWithIgnoreFailedDrops" classname="org.springframework.test.context.jdbc.MergedSqlConfigTests" time="0.0"/>
  <testcase name="localConfigWithCustomValues" classname="org.springframework.test.context.jdbc.MergedSqlConfigTests" time="0.0"/>
  <testcase name="globalConfigWithLocalOverrides" classname="org.springframework.test.context.jdbc.MergedSqlConfigTests" time="0.0"/>
  <system-out><![CDATA[]]></system-out>
  <system-err><![CDATA[]]></system-err>
</testsuite>
