<?xml version="1.0" encoding="UTF-8"?>
<testsuite name="org.springframework.test.context.env.MergedPropertiesFilesTestPropertySourceTests" tests="2" skipped="0" failures="0" errors="0" timestamp="2021-04-16T01:54:45" hostname="DESKTOP-3R4DVF7" time="0.008">
  <properties/>
  <testcase name="verifyExtendedPropertiesAreAvailableInEnvironment" classname="org.springframework.test.context.env.MergedPropertiesFilesTestPropertySourceTests" time="0.008"/>
  <testcase name="verifyPropertiesAreAvailableInEnvironment" classname="org.springframework.test.context.env.MergedPropertiesFilesTestPropertySourceTests" time="0.0"/>
  <system-out><![CDATA[]]></system-out>
  <system-err><![CDATA[]]></system-err>
</testsuite>
