<?xml version="1.0" encoding="UTF-8"?>
<testsuite name="org.springframework.test.web.servlet.htmlunit.MockMvcWebClientBuilderTests" tests="6" skipped="0" failures="0" errors="0" timestamp="2021-04-16T01:55:31" hostname="DESKTOP-3R4DVF7" time="0.167">
  <properties/>
  <testcase name="cookiesAreManaged" classname="org.springframework.test.web.servlet.htmlunit.MockMvcWebClientBuilderTests" time="0.09"/>
  <testcase name="cookieManagerShared" classname="org.springframework.test.web.servlet.htmlunit.MockMvcWebClientBuilderTests" time="0.072"/>
  <testcase name="webAppContextSetupNull" classname="org.springframework.test.web.servlet.htmlunit.MockMvcWebClientBuilderTests" time="0.0"/>
  <testcase name="mockMvcSetupNull" classname="org.springframework.test.web.servlet.htmlunit.MockMvcWebClientBuilderTests" time="0.0"/>
  <testcase name="mockMvcSetupWithCustomWebClientDelegate" classname="org.springframework.test.web.servlet.htmlunit.MockMvcWebClientBuilderTests" time="0.002"/>
  <testcase name="mockMvcSetupWithDefaultWebClientDelegate" classname="org.springframework.test.web.servlet.htmlunit.MockMvcWebClientBuilderTests" time="0.001"/>
  <system-out><![CDATA[]]></system-out>
  <system-err><![CDATA[]]></system-err>
</testsuite>
