<?xml version="1.0" encoding="UTF-8"?>
<testsuite name="org.springframework.test.web.servlet.samples.standalone.resultmatchers.XpathAssertionTests" tests="7" skipped="0" failures="0" errors="0" timestamp="2021-04-16T01:55:50" hostname="DESKTOP-3R4DVF7" time="0.902">
  <properties/>
  <testcase name="testFeedWithLinefeedChars" classname="org.springframework.test.web.servlet.samples.standalone.resultmatchers.XpathAssertionTests" time="0.217"/>
  <testcase name="testBoolean" classname="org.springframework.test.web.servlet.samples.standalone.resultmatchers.XpathAssertionTests" time="0.112"/>
  <testcase name="testDoesNotExist" classname="org.springframework.test.web.servlet.samples.standalone.resultmatchers.XpathAssertionTests" time="0.111"/>
  <testcase name="testNodeCount" classname="org.springframework.test.web.servlet.samples.standalone.resultmatchers.XpathAssertionTests" time="0.099"/>
  <testcase name="testExists" classname="org.springframework.test.web.servlet.samples.standalone.resultmatchers.XpathAssertionTests" time="0.129"/>
  <testcase name="testNumber" classname="org.springframework.test.web.servlet.samples.standalone.resultmatchers.XpathAssertionTests" time="0.109"/>
  <testcase name="testString" classname="org.springframework.test.web.servlet.samples.standalone.resultmatchers.XpathAssertionTests" time="0.125"/>
  <system-out><![CDATA[]]></system-out>
  <system-err><![CDATA[]]></system-err>
</testsuite>
