<?xml version="1.0" encoding="UTF-8"?>
<testsuite name="org.springframework.test.context.junit.jupiter.web.MultipleWebRequestsSpringExtensionTestCase" tests="2" skipped="0" failures="0" errors="0" timestamp="2021-04-16T01:54:53" hostname="DESKTOP-3R4DVF7" time="0.603">
  <properties/>
  <testcase name="getPerson42" classname="org.springframework.test.context.junit.jupiter.web.MultipleWebRequestsSpringExtensionTestCase" time="0.601"/>
  <testcase name="getPerson99" classname="org.springframework.test.context.junit.jupiter.web.MultipleWebRequestsSpringExtensionTestCase" time="0.001"/>
  <system-out><![CDATA[]]></system-out>
  <system-err><![CDATA[]]></system-err>
</testsuite>
