<?xml version="1.0" encoding="UTF-8"?>
<testsuite name="org.springframework.test.context.junit4.rules.TransactionalSqlScriptsSpringRuleTests" tests="2" skipped="0" failures="0" errors="0" timestamp="2021-04-16T01:55:08" hostname="DESKTOP-3R4DVF7" time="0.219">
  <properties/>
  <testcase name="test01_classLevelScripts" classname="org.springframework.test.context.junit4.rules.TransactionalSqlScriptsSpringRuleTests" time="0.215"/>
  <testcase name="test02_methodLevelScripts" classname="org.springframework.test.context.junit4.rules.TransactionalSqlScriptsSpringRuleTests" time="0.004"/>
  <system-out><![CDATA[]]></system-out>
  <system-err><![CDATA[]]></system-err>
</testsuite>
