<?xml version="1.0" encoding="UTF-8"?>
<testsuite name="org.springframework.test.web.servlet.samples.standalone.ReactiveReturnTypeTests" tests="1" skipped="0" failures="0" errors="0" timestamp="2021-04-16T01:55:39" hostname="DESKTOP-3R4DVF7" time="3.094">
  <properties/>
  <testcase name="sseWithFlux" classname="org.springframework.test.web.servlet.samples.standalone.ReactiveReturnTypeTests" time="3.094"/>
  <system-out><![CDATA[]]></system-out>
  <system-err><![CDATA[]]></system-err>
</testsuite>
