<?xml version="1.0" encoding="UTF-8"?>
<testsuite name="org.springframework.test.web.client.MockRestServiceServerTests" tests="6" skipped="0" failures="0" errors="0" timestamp="2021-04-16T01:55:18" hostname="DESKTOP-3R4DVF7" time="0.256">
  <properties/>
  <testcase name="buildMultipleTimes" classname="org.springframework.test.web.client.MockRestServiceServerTests" time="0.065"/>
  <testcase name="resetAndReuseServer" classname="org.springframework.test.web.client.MockRestServiceServerTests" time="0.0"/>
  <testcase name="followUpRequestAfterFailure" classname="org.springframework.test.web.client.MockRestServiceServerTests" time="0.074"/>
  <testcase name="exactExpectOrder" classname="org.springframework.test.web.client.MockRestServiceServerTests" time="0.0"/>
  <testcase name="resetAndReuseServerWithUnorderedExpectationManager" classname="org.springframework.test.web.client.MockRestServiceServerTests" time="0.0"/>
  <testcase name="ignoreExpectOrder" classname="org.springframework.test.web.client.MockRestServiceServerTests" time="0.0"/>
  <system-out><![CDATA[]]></system-out>
  <system-err><![CDATA[]]></system-err>
</testsuite>
