<?xml version="1.0" encoding="UTF-8"?>
<testsuite name="org.springframework.test.web.servlet.setup.DefaultMockMvcBuilderTests" tests="8" skipped="0" failures="0" errors="0" timestamp="2021-04-16T01:55:52" hostname="DESKTOP-3R4DVF7" time="0.071">
  <properties/>
  <testcase name="rootWacServletContainerAttributePreviouslySet" classname="org.springframework.test.web.servlet.setup.DefaultMockMvcBuilderTests" time="0.001"/>
  <testcase name="webAppContextSetupWithNullServletContext" classname="org.springframework.test.web.servlet.setup.DefaultMockMvcBuilderTests" time="0.0"/>
  <testcase name="rootWacServletContainerAttributeNotPreviouslySetWithContextHierarchy" classname="org.springframework.test.web.servlet.setup.DefaultMockMvcBuilderTests" time="0.009"/>
  <testcase name="dispatcherServletCustomizer" classname="org.springframework.test.web.servlet.setup.DefaultMockMvcBuilderTests" time="0.033"/>
  <testcase name="rootWacServletContainerAttributeNotPreviouslySet" classname="org.springframework.test.web.servlet.setup.DefaultMockMvcBuilderTests" time="0.0"/>
  <testcase name="webAppContextSetupWithNullWac" classname="org.springframework.test.web.servlet.setup.DefaultMockMvcBuilderTests" time="0.0"/>
  <testcase name="rootWacServletContainerAttributePreviouslySetWithContextHierarchy" classname="org.springframework.test.web.servlet.setup.DefaultMockMvcBuilderTests" time="0.0"/>
  <testcase name="dispatcherServletCustomizerProcessedInOrder" classname="org.springframework.test.web.servlet.setup.DefaultMockMvcBuilderTests" time="0.028"/>
  <system-out><![CDATA[]]></system-out>
  <system-err><![CDATA[]]></system-err>
</testsuite>
