<?xml version="1.0" encoding="UTF-8"?>
<testsuite name="org.springframework.test.web.reactive.server.HttpHandlerConnectorTests" tests="2" skipped="0" failures="0" errors="0" timestamp="2021-04-16T01:55:22" hostname="DESKTOP-3R4DVF7" time="0.004">
  <properties/>
  <testcase name="adaptResponse" classname="org.springframework.test.web.reactive.server.HttpHandlerConnectorTests" time="0.003"/>
  <testcase name="adaptRequest" classname="org.springframework.test.web.reactive.server.HttpHandlerConnectorTests" time="0.001"/>
  <system-out><![CDATA[]]></system-out>
  <system-err><![CDATA[]]></system-err>
</testsuite>
