<?xml version="1.0" encoding="UTF-8"?>
<testsuite name="org.springframework.test.web.client.samples.SampleTests" tests="7" skipped="0" failures="0" errors="0" timestamp="2021-04-16T01:55:19" hostname="DESKTOP-3R4DVF7" time="0.213">
  <properties/>
  <testcase name="performGetManyTimes" classname="org.springframework.test.web.client.samples.SampleTests" time="0.026"/>
  <testcase name="expectNeverViolated" classname="org.springframework.test.web.client.samples.SampleTests" time="0.024"/>
  <testcase name="verify" classname="org.springframework.test.web.client.samples.SampleTests" time="0.024"/>
  <testcase name="performGetWithResponseBodyFromFile" classname="org.springframework.test.web.client.samples.SampleTests" time="0.025"/>
  <testcase name="repeatedAccessToResponseViaResource" classname="org.springframework.test.web.client.samples.SampleTests" time="0.064"/>
  <testcase name="expectNever" classname="org.springframework.test.web.client.samples.SampleTests" time="0.024"/>
  <testcase name="performGet" classname="org.springframework.test.web.client.samples.SampleTests" time="0.025"/>
  <system-out><![CDATA[]]></system-out>
  <system-err><![CDATA[]]></system-err>
</testsuite>
