<?xml version="1.0" encoding="UTF-8"?>
<testsuite name="org.springframework.test.context.web.GenericXmlWebContextLoaderTests" tests="1" skipped="0" failures="0" errors="0" timestamp="2021-04-16T01:55:16" hostname="DESKTOP-3R4DVF7" time="0.0">
  <properties/>
  <testcase name="configMustNotContainAnnotatedClasses" classname="org.springframework.test.context.web.GenericXmlWebContextLoaderTests" time="0.0"/>
  <system-out><![CDATA[09:55:16.123 [Test worker] ERROR org.springframework.test.context.web.AbstractGenericWebContextLoader - Test class [org.springframework.test.context.web.GenericXmlWebContextLoaderTests] has been configured with @ContextConfiguration's 'classes' attribute {class org.springframework.test.context.web.GenericXmlWebContextLoaderTests}, but GenericXmlWebContextLoader does not support annotated classes.
]]></system-out>
  <system-err><![CDATA[]]></system-err>
</testsuite>
