<?xml version="1.0" encoding="UTF-8"?>
<testsuite name="org.springframework.test.context.junit.jupiter.ComposedSpringExtensionTestCase" tests="2" skipped="0" failures="0" errors="0" timestamp="2021-04-16T01:54:49" hostname="DESKTOP-3R4DVF7" time="0.017">
  <properties/>
  <testcase name="applicationContextInjected(org.springframework.context.ApplicationContext)" classname="org.springframework.test.context.junit.jupiter.ComposedSpringExtensionTestCase" time="0.016"/>
  <testcase name="springBeansInjected" classname="org.springframework.test.context.junit.jupiter.ComposedSpringExtensionTestCase" time="0.0"/>
  <system-out><![CDATA[]]></system-out>
  <system-err><![CDATA[]]></system-err>
</testsuite>
