<?xml version="1.0" encoding="UTF-8"?>
<testsuite name="org.springframework.test.web.servlet.samples.standalone.resultmatchers.RequestAttributeAssertionTests" tests="2" skipped="0" failures="0" errors="0" timestamp="2021-04-16T01:55:48" hostname="DESKTOP-3R4DVF7" time="0.182">
  <properties/>
  <testcase name="testRequestAttributeMatcher" classname="org.springframework.test.web.servlet.samples.standalone.resultmatchers.RequestAttributeAssertionTests" time="0.097"/>
  <testcase name="testRequestAttributeEqualTo" classname="org.springframework.test.web.servlet.samples.standalone.resultmatchers.RequestAttributeAssertionTests" time="0.085"/>
  <system-out><![CDATA[]]></system-out>
  <system-err><![CDATA[]]></system-err>
</testsuite>
