<?xml version="1.0" encoding="UTF-8"?>
<testsuite name="org.springframework.test.web.reactive.server.samples.JsonContentTests" tests="4" skipped="0" failures="0" errors="0" timestamp="2021-04-16T01:55:26" hostname="DESKTOP-3R4DVF7" time="0.512">
  <properties/>
  <testcase name="jsonPathIsEqualTo" classname="org.springframework.test.web.reactive.server.samples.JsonContentTests" time="0.009"/>
  <testcase name="jsonContent" classname="org.springframework.test.web.reactive.server.samples.JsonContentTests" time="0.002"/>
  <testcase name="postJsonContent" classname="org.springframework.test.web.reactive.server.samples.JsonContentTests" time="0.054"/>
  <testcase name="jsonPathContainsSubstringViaRegex" classname="org.springframework.test.web.reactive.server.samples.JsonContentTests" time="0.003"/>
  <system-out><![CDATA[]]></system-out>
  <system-err><![CDATA[]]></system-err>
</testsuite>
