<?xml version="1.0" encoding="UTF-8"?>
<testsuite name="org.springframework.mock.web.MockMultipartHttpServletRequestTests" tests="2" skipped="0" failures="0" errors="0" timestamp="2021-04-16T01:54:36" hostname="DESKTOP-3R4DVF7" time="0.003">
  <properties/>
  <testcase name="mockMultipartHttpServletRequestWithByteArray" classname="org.springframework.mock.web.MockMultipartHttpServletRequestTests" time="0.003"/>
  <testcase name="mockMultipartHttpServletRequestWithInputStream" classname="org.springframework.mock.web.MockMultipartHttpServletRequestTests" time="0.0"/>
  <system-out><![CDATA[]]></system-out>
  <system-err><![CDATA[]]></system-err>
</testsuite>
