<?xml version="1.0" encoding="UTF-8"?>
<testsuite name="org.springframework.test.context.junit4.spr9051.AtBeanLiteModeScopeTests" tests="2" skipped="0" failures="0" errors="0" timestamp="2021-04-16T01:55:09" hostname="DESKTOP-3R4DVF7" time="0.0">
  <properties/>
  <testcase name="prototypeLiteBean" classname="org.springframework.test.context.junit4.spr9051.AtBeanLiteModeScopeTests" time="0.0"/>
  <testcase name="singletonLiteBean" classname="org.springframework.test.context.junit4.spr9051.AtBeanLiteModeScopeTests" time="0.0"/>
  <system-out><![CDATA[]]></system-out>
  <system-err><![CDATA[]]></system-err>
</testsuite>
