<?xml version="1.0" encoding="UTF-8"?>
<testsuite name="org.springframework.test.web.servlet.samples.standalone.resultmatchers.HandlerAssertionTests" tests="6" skipped="0" failures="0" errors="0" timestamp="2021-04-16T01:55:46" hostname="DESKTOP-3R4DVF7" time="0.414">
  <properties/>
  <testcase name="methodNameMatchers" classname="org.springframework.test.web.servlet.samples.standalone.resultmatchers.HandlerAssertionTests" time="0.002"/>
  <testcase name="method" classname="org.springframework.test.web.servlet.samples.standalone.resultmatchers.HandlerAssertionTests" time="0.001"/>
  <testcase name="methodCall" classname="org.springframework.test.web.servlet.samples.standalone.resultmatchers.HandlerAssertionTests" time="0.013"/>
  <testcase name="methodName" classname="org.springframework.test.web.servlet.samples.standalone.resultmatchers.HandlerAssertionTests" time="0.001"/>
  <testcase name="methodCallOnNonMock" classname="org.springframework.test.web.servlet.samples.standalone.resultmatchers.HandlerAssertionTests" time="0.001"/>
  <testcase name="handlerType" classname="org.springframework.test.web.servlet.samples.standalone.resultmatchers.HandlerAssertionTests" time="0.0"/>
  <system-out><![CDATA[]]></system-out>
  <system-err><![CDATA[]]></system-err>
</testsuite>
