<?xml version="1.0" encoding="UTF-8"?>
<testsuite name="org.springframework.test.context.cache.LruContextCacheTests" tests="6" skipped="0" failures="0" errors="0" timestamp="2021-04-16T01:54:41" hostname="DESKTOP-3R4DVF7" time="0.007">
  <properties/>
  <testcase name="maxCacheSizeOne" classname="org.springframework.test.context.cache.LruContextCacheTests" time="0.003"/>
  <testcase name="maxCacheSizeNegativeOne" classname="org.springframework.test.context.cache.LruContextCacheTests" time="0.0"/>
  <testcase name="maxCacheSizeZero" classname="org.springframework.test.context.cache.LruContextCacheTests" time="0.0"/>
  <testcase name="maxCacheSizeThree" classname="org.springframework.test.context.cache.LruContextCacheTests" time="0.002"/>
  <testcase name="ensureLruOrderingIsUpdated" classname="org.springframework.test.context.cache.LruContextCacheTests" time="0.001"/>
  <testcase name="ensureEvictedContextsAreClosed" classname="org.springframework.test.context.cache.LruContextCacheTests" time="0.001"/>
  <system-out><![CDATA[09:54:41.164 [Test worker] DEBUG org.springframework.test.util.ReflectionTestUtils - Getting field 'contextMap' from target object [[DefaultContextCache@6e2d21ff size = 1, maxSize = 1, parentContextCount = 0, hitCount = 0, missCount = 0]] or target class [class org.springframework.test.context.cache.DefaultContextCache]
09:54:41.165 [Test worker] DEBUG org.springframework.test.util.ReflectionTestUtils - Getting field 'contextMap' from target object [[DefaultContextCache@6e2d21ff size = 1, maxSize = 1, parentContextCount = 0, hitCount = 0, missCount = 0]] or target class [class org.springframework.test.context.cache.DefaultContextCache]
09:54:41.166 [Test worker] DEBUG org.springframework.test.util.ReflectionTestUtils - Getting field 'contextMap' from target object [[DefaultContextCache@6e2d21ff size = 1, maxSize = 1, parentContextCount = 0, hitCount = 0, missCount = 0]] or target class [class org.springframework.test.context.cache.DefaultContextCache]
09:54:41.166 [Test worker] DEBUG org.springframework.test.util.ReflectionTestUtils - Getting field 'contextMap' from target object [[DefaultContextCache@6e2d21ff size = 1, maxSize = 1, parentContextCount = 0, hitCount = 0, missCount = 0]] or target class [class org.springframework.test.context.cache.DefaultContextCache]
09:54:41.167 [Test worker] DEBUG org.springframework.test.util.ReflectionTestUtils - Getting field 'contextMap' from target object [[DefaultContextCache@af7ddf0 size = 1, maxSize = 3, parentContextCount = 0, hitCount = 0, missCount = 0]] or target class [class org.springframework.test.context.cache.DefaultContextCache]
09:54:41.168 [Test worker] DEBUG org.springframework.test.util.ReflectionTestUtils - Getting field 'contextMap' from target object [[DefaultContextCache@af7ddf0 size = 1, maxSize = 3, parentContextCount = 0, hitCount = 0, missCount = 0]] or target class [class org.springframework.test.context.cache.DefaultContextCache]
09:54:41.168 [Test worker] DEBUG org.springframework.test.util.ReflectionTestUtils - Getting field 'contextMap' from target object [[DefaultContextCache@af7ddf0 size = 2, maxSize = 3, parentContextCount = 0, hitCount = 0, missCount = 0]] or target class [class org.springframework.test.context.cache.DefaultContextCache]
09:54:41.168 [Test worker] DEBUG org.springframework.test.util.ReflectionTestUtils - Getting field 'contextMap' from target object [[DefaultContextCache@af7ddf0 size = 3, maxSize = 3, parentContextCount = 0, hitCount = 0, missCount = 0]] or target class [class org.springframework.test.context.cache.DefaultContextCache]
09:54:41.168 [Test worker] DEBUG org.springframework.test.util.ReflectionTestUtils - Getting field 'contextMap' from target object [[DefaultContextCache@af7ddf0 size = 3, maxSize = 3, parentContextCount = 0, hitCount = 0, missCount = 0]] or target class [class org.springframework.test.context.cache.DefaultContextCache]
09:54:41.169 [Test worker] DEBUG org.springframework.test.util.ReflectionTestUtils - Getting field 'contextMap' from target object [[DefaultContextCache@17681602 size = 3, maxSize = 3, parentContextCount = 0, hitCount = 0, missCount = 0]] or target class [class org.springframework.test.context.cache.DefaultContextCache]
09:54:41.169 [Test worker] DEBUG org.springframework.test.util.ReflectionTestUtils - Getting field 'contextMap' from target object [[DefaultContextCache@17681602 size = 3, maxSize = 3, parentContextCount = 0, hitCount = 1, missCount = 0]] or target class [class org.springframework.test.context.cache.DefaultContextCache]
09:54:41.169 [Test worker] DEBUG org.springframework.test.util.ReflectionTestUtils - Getting field 'contextMap' from target object [[DefaultContextCache@17681602 size = 3, maxSize = 3, parentContextCount = 0, hitCount = 2, missCount = 0]] or target class [class org.springframework.test.context.cache.DefaultContextCache]
09:54:41.169 [Test worker] DEBUG org.springframework.test.util.ReflectionTestUtils - Getting field 'contextMap' from target object [[DefaultContextCache@17681602 size = 3, maxSize = 3, parentContextCount = 0, hitCount = 3, missCount = 0]] or target class [class org.springframework.test.context.cache.DefaultContextCache]
09:54:41.169 [Test worker] DEBUG org.springframework.test.util.ReflectionTestUtils - Getting field 'contextMap' from target object [[DefaultContextCache@17681602 size = 3, maxSize = 3, parentContextCount = 0, hitCount = 4, missCount = 0]] or target class [class org.springframework.test.context.cache.DefaultContextCache]
09:54:41.170 [Test worker] DEBUG org.springframework.test.util.ReflectionTestUtils - Getting field 'contextMap' from target object [[DefaultContextCache@23445142 size = 2, maxSize = 2, parentContextCount = 0, hitCount = 0, missCount = 0]] or target class [class org.springframework.test.context.cache.DefaultContextCache]
09:54:41.170 [Test worker] DEBUG org.springframework.test.util.ReflectionTestUtils - Getting field 'contextMap' from target object [[DefaultContextCache@23445142 size = 2, maxSize = 2, parentContextCount = 0, hitCount = 0, missCount = 0]] or target class [class org.springframework.test.context.cache.DefaultContextCache]
09:54:41.170 [Test worker] DEBUG org.springframework.test.util.ReflectionTestUtils - Getting field 'contextMap' from target object [[DefaultContextCache@23445142 size = 2, maxSize = 2, parentContextCount = 0, hitCount = 0, missCount = 0]] or target class [class org.springframework.test.context.cache.DefaultContextCache]
]]></system-out>
  <system-err><![CDATA[]]></system-err>
</testsuite>
