<?xml version="1.0" encoding="UTF-8"?>
<testsuite name="org.springframework.test.context.web.AnnotationConfigWebContextLoaderTests" tests="1" skipped="0" failures="0" errors="0" timestamp="2021-04-16T01:55:16" hostname="DESKTOP-3R4DVF7" time="0.001">
  <properties/>
  <testcase name="configMustNotContainLocations" classname="org.springframework.test.context.web.AnnotationConfigWebContextLoaderTests" time="0.001"/>
  <system-out><![CDATA[09:55:16.015 [Test worker] ERROR org.springframework.test.context.web.AnnotationConfigWebContextLoader - Test class [org.springframework.test.context.web.AnnotationConfigWebContextLoaderTests] has been configured with @ContextConfiguration's 'locations' (or 'value') attribute {config.xml}, but AnnotationConfigWebContextLoader does not support resource locations.
]]></system-out>
  <system-err><![CDATA[]]></system-err>
</testsuite>
