<?xml version="1.0" encoding="UTF-8"?>
<testsuite name="org.springframework.test.context.junit4.nested.NestedTestsWithSpringRulesTests" tests="1" skipped="0" failures="0" errors="0" timestamp="2021-04-16T01:54:57" hostname="DESKTOP-3R4DVF7" time="0.044">
  <properties/>
  <testcase name="topLevelTest" classname="org.springframework.test.context.junit4.nested.NestedTestsWithSpringRulesTests" time="0.044"/>
  <system-out><![CDATA[]]></system-out>
  <system-err><![CDATA[]]></system-err>
</testsuite>
