<?xml version="1.0" encoding="UTF-8"?>
<testsuite name="org.springframework.test.web.servlet.result.StatusResultMatchersExtensionsTests" tests="2" skipped="0" failures="0" errors="0" timestamp="2021-04-16T01:55:52" hostname="DESKTOP-3R4DVF7" time="0.01">
  <properties/>
  <testcase name="StatusResultMatchers#is with int parameter is called as expected when using isEqualTo extension" classname="org.springframework.test.web.servlet.result.StatusResultMatchersExtensionsTests" time="0.005"/>
  <testcase name="StatusResultMatchers#is with Matcher parameter is called as expected when using isEqualTo extension" classname="org.springframework.test.web.servlet.result.StatusResultMatchersExtensionsTests" time="0.005"/>
  <system-out><![CDATA[]]></system-out>
  <system-err><![CDATA[]]></system-err>
</testsuite>
