<?xml version="1.0" encoding="UTF-8"?>
<testsuite name="org.springframework.test.web.client.samples.matchers.ContentRequestMatchersIntegrationTests" tests="5" skipped="0" failures="0" errors="0" timestamp="2021-04-16T01:55:18" hostname="DESKTOP-3R4DVF7" time="0.178">
  <properties/>
  <testcase name="contentTypeNoMatch" classname="org.springframework.test.web.client.samples.matchers.ContentRequestMatchersIntegrationTests" time="0.034"/>
  <testcase name="contentAsBytes" classname="org.springframework.test.web.client.samples.matchers.ContentRequestMatchersIntegrationTests" time="0.034"/>
  <testcase name="contentType" classname="org.springframework.test.web.client.samples.matchers.ContentRequestMatchersIntegrationTests" time="0.041"/>
  <testcase name="contentStringStartsWith" classname="org.springframework.test.web.client.samples.matchers.ContentRequestMatchersIntegrationTests" time="0.034"/>
  <testcase name="contentAsString" classname="org.springframework.test.web.client.samples.matchers.ContentRequestMatchersIntegrationTests" time="0.034"/>
  <system-out><![CDATA[]]></system-out>
  <system-err><![CDATA[]]></system-err>
</testsuite>
