<?xml version="1.0" encoding="UTF-8"?>
<testsuite name="org.springframework.test.web.servlet.samples.standalone.resultmatchers.JsonPathAssertionTests" tests="5" skipped="0" failures="0" errors="0" timestamp="2021-04-16T01:55:48" hostname="DESKTOP-3R4DVF7" time="0.474">
  <properties/>
  <testcase name="hamcrestMatcherWithParameterizedJsonPath" classname="org.springframework.test.web.servlet.samples.standalone.resultmatchers.JsonPathAssertionTests" time="0.099"/>
  <testcase name="hamcrestMatcher" classname="org.springframework.test.web.servlet.samples.standalone.resultmatchers.JsonPathAssertionTests" time="0.097"/>
  <testcase name="exists" classname="org.springframework.test.web.servlet.samples.standalone.resultmatchers.JsonPathAssertionTests" time="0.091"/>
  <testcase name="doesNotExist" classname="org.springframework.test.web.servlet.samples.standalone.resultmatchers.JsonPathAssertionTests" time="0.098"/>
  <testcase name="equality" classname="org.springframework.test.web.servlet.samples.standalone.resultmatchers.JsonPathAssertionTests" time="0.089"/>
  <system-out><![CDATA[]]></system-out>
  <system-err><![CDATA[]]></system-err>
</testsuite>
