<?xml version="1.0" encoding="UTF-8"?>
<testsuite name="org.springframework.test.context.junit.jupiter.defaultmethods.CatInterfaceDefaultMethodsTestCase" tests="2" skipped="0" failures="0" errors="0" timestamp="2021-04-16T01:54:49" hostname="DESKTOP-3R4DVF7" time="0.003">
  <properties/>
  <testcase name="autowiredParameterWithGenericBean(org.springframework.test.context.junit.jupiter.comics.Character)" classname="org.springframework.test.context.junit.jupiter.defaultmethods.CatInterfaceDefaultMethodsTestCase" time="0.002"/>
  <testcase name="autowiredParameterWithParameterizedList(java.util.List)" classname="org.springframework.test.context.junit.jupiter.defaultmethods.CatInterfaceDefaultMethodsTestCase" time="0.001"/>
  <system-out><![CDATA[]]></system-out>
  <system-err><![CDATA[]]></system-err>
</testsuite>
