<?xml version="1.0" encoding="UTF-8"?>
<testsuite name="org.springframework.test.context.junit4.rules.TimedSpringRuleTests" tests="1" skipped="0" failures="0" errors="0" timestamp="2021-04-16T01:55:08" hostname="DESKTOP-3R4DVF7" time="0.715">
  <properties/>
  <testcase name="timedTests" classname="org.springframework.test.context.junit4.rules.TimedSpringRuleTests" time="0.715"/>
  <system-out><![CDATA[]]></system-out>
  <system-err><![CDATA[]]></system-err>
</testsuite>
