<?xml version="1.0" encoding="UTF-8"?>
<testsuite name="org.springframework.test.context.support.ContextLoaderUtilsContextHierarchyTests" tests="19" skipped="0" failures="0" errors="0" timestamp="2021-04-16T01:55:11" hostname="DESKTOP-3R4DVF7" time="0.022">
  <properties/>
  <testcase name="resolveContextHierarchyAttributesForSingleTestClassWithContextConfigurationAndContextHierarchyOnSingleMetaAnnotation" classname="org.springframework.test.context.support.ContextLoaderUtilsContextHierarchyTests" time="0.001"/>
  <testcase name="resolveContextHierarchyAttributesForSingleTestClassWithTripleLevelContextHierarchy" classname="org.springframework.test.context.support.ContextLoaderUtilsContextHierarchyTests" time="0.001"/>
  <testcase name="buildContextHierarchyMapForTestClassHierarchyWithMultiLevelContextHierarchiesAndOverriddenInitializers" classname="org.springframework.test.context.support.ContextLoaderUtilsContextHierarchyTests" time="0.003"/>
  <testcase name="resolveContextHierarchyAttributesForSingleTestClassWithImplicitSingleLevelContextHierarchy" classname="org.springframework.test.context.support.ContextLoaderUtilsContextHierarchyTests" time="0.0"/>
  <testcase name="buildContextHierarchyMapForTestClassHierarchyWithMultiLevelContextHierarchies" classname="org.springframework.test.context.support.ContextLoaderUtilsContextHierarchyTests" time="0.001"/>
  <testcase name="resolveContextHierarchyAttributesForTestClassHierarchyWithSingleLevelContextHierarchies" classname="org.springframework.test.context.support.ContextLoaderUtilsContextHierarchyTests" time="0.001"/>
  <testcase name="resolveContextHierarchyAttributesForSingleTestClassWithSingleLevelContextHierarchy" classname="org.springframework.test.context.support.ContextLoaderUtilsContextHierarchyTests" time="0.001"/>
  <testcase name="resolveContextHierarchyAttributesForTestClassHierarchyWithBareContextConfigurationInSuperclass" classname="org.springframework.test.context.support.ContextLoaderUtilsContextHierarchyTests" time="0.001"/>
  <testcase name="resolveContextHierarchyAttributesForTestClassHierarchyWithBareMetaContextConfigWithOverridesInSubclass" classname="org.springframework.test.context.support.ContextLoaderUtilsContextHierarchyTests" time="0.002"/>
  <testcase name="resolveContextHierarchyAttributesForSingleTestClassWithSingleLevelContextHierarchyFromMetaAnnotation" classname="org.springframework.test.context.support.ContextLoaderUtilsContextHierarchyTests" time="0.001"/>
  <testcase name="resolveContextHierarchyAttributesForTestClassHierarchyWithMultiLevelContextHierarchies" classname="org.springframework.test.context.support.ContextLoaderUtilsContextHierarchyTests" time="0.0"/>
  <testcase name="resolveContextHierarchyAttributesForTestClassHierarchyWithBareMetaContextConfigWithOverridesInSuperclass" classname="org.springframework.test.context.support.ContextLoaderUtilsContextHierarchyTests" time="0.001"/>
  <testcase name="resolveContextHierarchyAttributesForTestClassHierarchyWithSingleLevelContextHierarchiesAndMetaAnnotations" classname="org.springframework.test.context.support.ContextLoaderUtilsContextHierarchyTests" time="0.003"/>
  <testcase name="buildContextHierarchyMapForSingleTestClassWithMultiLevelContextHierarchyWithEmptyContextConfig" classname="org.springframework.test.context.support.ContextLoaderUtilsContextHierarchyTests" time="0.001"/>
  <testcase name="buildContextHierarchyMapForTestClassHierarchyWithMultiLevelContextHierarchiesAndUnnamedConfig" classname="org.springframework.test.context.support.ContextLoaderUtilsContextHierarchyTests" time="0.002"/>
  <testcase name="buildContextHierarchyMapForTestClassHierarchyWithMultiLevelContextHierarchiesAndPartiallyNamedConfig" classname="org.springframework.test.context.support.ContextLoaderUtilsContextHierarchyTests" time="0.001"/>
  <testcase name="resolveContextHierarchyAttributesForSingleTestClassWithContextConfigurationAndContextHierarchy" classname="org.springframework.test.context.support.ContextLoaderUtilsContextHierarchyTests" time="0.001"/>
  <testcase name="resolveContextHierarchyAttributesForTestClassHierarchyWithBareContextConfigurationInSubclass" classname="org.springframework.test.context.support.ContextLoaderUtilsContextHierarchyTests" time="0.001"/>
  <testcase name="buildContextHierarchyMapForSingleTestClassWithMultiLevelContextHierarchyWithDuplicatedContextConfig" classname="org.springframework.test.context.support.ContextLoaderUtilsContextHierarchyTests" time="0.0"/>
  <system-out><![CDATA[09:55:11.888 [Test worker] ERROR org.springframework.test.context.support.ContextLoaderUtils - Class [org.springframework.test.context.support.ContextLoaderUtilsContextHierarchyTests$ContextConfigurationAndContextHierarchyOnSingleMeta] has been configured with both @ContextConfiguration and @ContextHierarchy. Only one of these annotations may be declared on a test class or composed annotation.
09:55:11.904 [Test worker] ERROR org.springframework.test.context.support.ContextLoaderUtils - The @ContextConfiguration elements configured via @ContextHierarchy in test class [org.springframework.test.context.support.ContextLoaderUtilsContextHierarchyTests$SingleTestClassWithMultiLevelContextHierarchyWithEmptyContextConfig] and its superclasses must define unique contexts per hierarchy level.
09:55:11.907 [Test worker] ERROR org.springframework.test.context.support.ContextLoaderUtils - Class [org.springframework.test.context.support.ContextLoaderUtilsContextHierarchyTests$SingleTestClassWithContextConfigurationAndContextHierarchy] has been configured with both @ContextConfiguration and @ContextHierarchy. Only one of these annotations may be declared on a test class or composed annotation.
09:55:11.909 [Test worker] ERROR org.springframework.test.context.support.ContextLoaderUtils - The @ContextConfiguration elements configured via @ContextHierarchy in test class [org.springframework.test.context.support.ContextLoaderUtilsContextHierarchyTests$SingleTestClassWithMultiLevelContextHierarchyWithDuplicatedContextConfig] and its superclasses must define unique contexts per hierarchy level.
]]></system-out>
  <system-err><![CDATA[]]></system-err>
</testsuite>
