<?xml version="1.0" encoding="UTF-8"?>
<testsuite name="org.springframework.test.web.servlet.samples.spr.FormContentTests" tests="1" skipped="0" failures="0" errors="0" timestamp="2021-04-16T01:55:34" hostname="DESKTOP-3R4DVF7" time="0.109">
  <properties/>
  <testcase name="formContentIsNotDuplicated" classname="org.springframework.test.web.servlet.samples.spr.FormContentTests" time="0.109"/>
  <system-out><![CDATA[]]></system-out>
  <system-err><![CDATA[]]></system-err>
</testsuite>
