<?xml version="1.0" encoding="UTF-8"?>
<testsuite name="org.springframework.test.web.client.samples.MockMvcClientHttpRequestFactoryTests" tests="2" skipped="0" failures="0" errors="0" timestamp="2021-04-16T01:55:19" hostname="DESKTOP-3R4DVF7" time="0.097">
  <properties/>
  <testcase name="testAsyncTemplate" classname="org.springframework.test.web.client.samples.MockMvcClientHttpRequestFactoryTests" time="0.072"/>
  <testcase name="test" classname="org.springframework.test.web.client.samples.MockMvcClientHttpRequestFactoryTests" time="0.025"/>
  <system-out><![CDATA[]]></system-out>
  <system-err><![CDATA[]]></system-err>
</testsuite>
