<?xml version="1.0" encoding="UTF-8"?>
<testsuite name="org.springframework.test.context.transaction.PrimaryTransactionManagerTests" tests="1" skipped="0" failures="0" errors="0" timestamp="2021-04-16T01:55:15" hostname="DESKTOP-3R4DVF7" time="0.002">
  <properties/>
  <testcase name="transactionalTest" classname="org.springframework.test.context.transaction.PrimaryTransactionManagerTests" time="0.002"/>
  <system-out><![CDATA[]]></system-out>
  <system-err><![CDATA[]]></system-err>
</testsuite>
