<?xml version="1.0" encoding="UTF-8"?>
<testsuite name="org.springframework.test.context.configuration.interfaces.DirtiesContextInterfaceTests" tests="1" skipped="0" failures="0" errors="0" timestamp="2021-04-16T01:54:43" hostname="DESKTOP-3R4DVF7" time="0.039">
  <properties/>
  <testcase name="verifyDirtiesContextBehavior" classname="org.springframework.test.context.configuration.interfaces.DirtiesContextInterfaceTests" time="0.039"/>
  <system-out><![CDATA[]]></system-out>
  <system-err><![CDATA[]]></system-err>
</testsuite>
