<?xml version="1.0" encoding="UTF-8"?>
<testsuite name="org.springframework.mock.http.server.reactive.MockServerHttpResponseTests" tests="1" skipped="0" failures="0" errors="0" timestamp="2021-04-16T01:54:35" hostname="DESKTOP-3R4DVF7" time="0.061">
  <properties/>
  <testcase name="cookieHeaderSet" classname="org.springframework.mock.http.server.reactive.MockServerHttpResponseTests" time="0.061"/>
  <system-out><![CDATA[]]></system-out>
  <system-err><![CDATA[]]></system-err>
</testsuite>
