<?xml version="1.0" encoding="UTF-8"?>
<testsuite name="org.springframework.test.context.hierarchies.meta.MetaHierarchyLevelTwoTests" tests="3" skipped="0" failures="0" errors="0" timestamp="2021-04-16T01:54:47" hostname="DESKTOP-3R4DVF7" time="0.0">
  <properties/>
  <testcase name="contextHierarchy" classname="org.springframework.test.context.hierarchies.meta.MetaHierarchyLevelTwoTests" time="0.0"/>
  <testcase name="bar" classname="org.springframework.test.context.hierarchies.meta.MetaHierarchyLevelTwoTests" time="0.0"/>
  <testcase name="foo" classname="org.springframework.test.context.hierarchies.meta.MetaHierarchyLevelTwoTests" time="0.0"/>
  <system-out><![CDATA[]]></system-out>
  <system-err><![CDATA[]]></system-err>
</testsuite>
