<?xml version="1.0" encoding="UTF-8"?>
<testsuite name="org.springframework.test.web.reactive.server.MockServerSpecTests" tests="2" skipped="0" failures="0" errors="0" timestamp="2021-04-16T01:55:22" hostname="DESKTOP-3R4DVF7" time="0.079">
  <properties/>
  <testcase name="applyFiltersAfterConfigurerAdded" classname="org.springframework.test.web.reactive.server.MockServerSpecTests" time="0.042"/>
  <testcase name="applyFiltersBeforeServerCreated" classname="org.springframework.test.web.reactive.server.MockServerSpecTests" time="0.037"/>
  <system-out><![CDATA[]]></system-out>
  <system-err><![CDATA[]]></system-err>
</testsuite>
