<?xml version="1.0" encoding="UTF-8"?>
<testsuite name="org.springframework.test.context.transaction.ejb.RollbackForRequiresNewEjbTxDaoTests" tests="3" skipped="0" failures="0" errors="0" timestamp="2021-04-16T01:55:15" hostname="DESKTOP-3R4DVF7" time="0.008">
  <properties/>
  <testcase name="test1InitialState" classname="org.springframework.test.context.transaction.ejb.RollbackForRequiresNewEjbTxDaoTests" time="0.002"/>
  <testcase name="test2IncrementCount1" classname="org.springframework.test.context.transaction.ejb.RollbackForRequiresNewEjbTxDaoTests" time="0.002"/>
  <testcase name="test3IncrementCount2" classname="org.springframework.test.context.transaction.ejb.RollbackForRequiresNewEjbTxDaoTests" time="0.003"/>
  <system-out><![CDATA[]]></system-out>
  <system-err><![CDATA[]]></system-err>
</testsuite>
