<?xml version="1.0" encoding="UTF-8"?>
<testsuite name="java.lang.String, java.lang.String, org.springframework.context.ApplicationContext)" tests="3" skipped="0" failures="0" errors="0" timestamp="2021-04-16T01:54:50" hostname="DESKTOP-3R4DVF7" time="0.002">
  <properties/>
  <testcase name="cats(java.lang.String, java.lang.String, org.springframework.context.ApplicationContext)(cats" classname="java.lang.String, java.lang.String, org.springframework.context.ApplicationContext)" time="0.001"/>
  <testcase name="cats(java.lang.String, java.lang.String, org.springframework.context.ApplicationContext)(cats" classname="java.lang.String, java.lang.String, org.springframework.context.ApplicationContext)" time="0.0"/>
  <testcase name="dogs(java.lang.String, java.lang.String, org.springframework.context.ApplicationContext)(dogs" classname="java.lang.String, java.lang.String, org.springframework.context.ApplicationContext)" time="0.0"/>
  <system-out><![CDATA[]]></system-out>
  <system-err><![CDATA[]]></system-err>
</testsuite>
