<?xml version="1.0" encoding="UTF-8"?>
<testsuite name="org.springframework.test.web.servlet.samples.standalone.ViewResolutionTests" tests="5" skipped="0" failures="0" errors="0" timestamp="2021-04-16T01:55:51" hostname="DESKTOP-3R4DVF7" time="0.469">
  <properties/>
  <testcase name="testJspOnly" classname="org.springframework.test.web.servlet.samples.standalone.ViewResolutionTests" time="0.078"/>
  <testcase name="testJsonOnly" classname="org.springframework.test.web.servlet.samples.standalone.ViewResolutionTests" time="0.098"/>
  <testcase name="defaultViewResolver" classname="org.springframework.test.web.servlet.samples.standalone.ViewResolutionTests" time="0.078"/>
  <testcase name="testContentNegotiation" classname="org.springframework.test.web.servlet.samples.standalone.ViewResolutionTests" time="0.136"/>
  <testcase name="testXmlOnly" classname="org.springframework.test.web.servlet.samples.standalone.ViewResolutionTests" time="0.079"/>
  <system-out><![CDATA[]]></system-out>
  <system-err><![CDATA[]]></system-err>
</testsuite>
