<?xml version="1.0" encoding="UTF-8"?>
<testsuite name="org.springframework.test.context.jdbc.NonTransactionalSqlScriptsTests" tests="2" skipped="0" failures="0" errors="0" timestamp="2021-04-16T01:54:48" hostname="DESKTOP-3R4DVF7" time="0.005">
  <properties/>
  <testcase name="test01_classLevelScripts" classname="org.springframework.test.context.jdbc.NonTransactionalSqlScriptsTests" time="0.003"/>
  <testcase name="test02_methodLevelScripts" classname="org.springframework.test.context.jdbc.NonTransactionalSqlScriptsTests" time="0.002"/>
  <system-out><![CDATA[]]></system-out>
  <system-err><![CDATA[]]></system-err>
</testsuite>
