<?xml version="1.0" encoding="UTF-8"?>
<testsuite name="org.springframework.test.util.ReflectionTestUtilsTests" tests="38" skipped="1" failures="0" errors="0" timestamp="2021-04-16T01:55:16" hostname="DESKTOP-3R4DVF7" time="0.038">
  <properties/>
  <testcase name="invokeMethodWithTooManyArguments" classname="org.springframework.test.util.ReflectionTestUtilsTests" time="0.001"/>
  <testcase name="setFieldWithNullValueForPrimitiveLong" classname="org.springframework.test.util.ReflectionTestUtilsTests" time="0.0"/>
  <testcase name="setFieldWithNullTargetObject" classname="org.springframework.test.util.ReflectionTestUtilsTests" time="0.0"/>
  <testcase name="invokeMethodWithAutoboxingAndUnboxing" classname="org.springframework.test.util.ReflectionTestUtilsTests" time="0.001"/>
  <testcase name="invokeMethodWithIncompatibleArgumentTypes" classname="org.springframework.test.util.ReflectionTestUtilsTests" time="0.0"/>
  <testcase name="setFieldOnLegacyEntityWithSideEffectsInToString" classname="org.springframework.test.util.ReflectionTestUtilsTests" time="0.0"/>
  <testcase name="setFieldWithNullTargetClass" classname="org.springframework.test.util.ReflectionTestUtilsTests" time="0.0"/>
  <testcase name="setFieldWithNullValueForPrimitiveInt" classname="org.springframework.test.util.ReflectionTestUtilsTests" time="0.0"/>
  <testcase name="setFieldWithNullValuesForNonPrimitives" classname="org.springframework.test.util.ReflectionTestUtilsTests" time="0.001"/>
  <testcase name="invokeSetterMethodAndInvokeGetterMethodWithExplicitMethodNames" classname="org.springframework.test.util.ReflectionTestUtilsTests" time="0.001"/>
  <testcase name="setFieldAndGetFieldForStandardUseCases" classname="org.springframework.test.util.ReflectionTestUtilsTests" time="0.002"/>
  <testcase name="invokeGetterMethodOnLegacyEntityWithSideEffectsInToString" classname="org.springframework.test.util.ReflectionTestUtilsTests" time="0.0"/>
  <testcase name="setFieldAndGetFieldViaCglibProxy" classname="org.springframework.test.util.ReflectionTestUtilsTests" time="0.02"/>
  <testcase name="invokeMethodWithPrimitiveVarArgsAsSingleArgument" classname="org.springframework.test.util.ReflectionTestUtilsTests" time="0.001"/>
  <testcase name="setFieldAndGetFieldViaJdkDynamicProxy" classname="org.springframework.test.util.ReflectionTestUtilsTests" time="0.004"/>
  <testcase name="invokeMethodWithPrimitiveVarArgs" classname="org.springframework.test.util.ReflectionTestUtilsTests" time="0.0">
    <skipped/>
  </testcase>
  <testcase name="invokeSetterMethodWithNullValuesForNonPrimitives" classname="org.springframework.test.util.ReflectionTestUtilsTests" time="0.0"/>
  <testcase name="setStaticFieldViaClassWithExplicitType" classname="org.springframework.test.util.ReflectionTestUtilsTests" time="0.001"/>
  <testcase name="invokeSetterMethodOnLegacyEntityWithSideEffectsInToString" classname="org.springframework.test.util.ReflectionTestUtilsTests" time="0.0"/>
  <testcase name="invokeSetterMethodWithNullValueForPrimitiveLong" classname="org.springframework.test.util.ReflectionTestUtilsTests" time="0.0"/>
  <testcase name="getFieldWithNullTargetClass" classname="org.springframework.test.util.ReflectionTestUtilsTests" time="0.0"/>
  <testcase name="invokeMethodOnLegacyEntityWithSideEffectsInToString" classname="org.springframework.test.util.ReflectionTestUtilsTests" time="0.001"/>
  <testcase name="invokeInitMethodBeforeAutowiring" classname="org.springframework.test.util.ReflectionTestUtilsTests" time="0.0"/>
  <testcase name="invokeSetterMethodWithNullValueForPrimitiveBoolean" classname="org.springframework.test.util.ReflectionTestUtilsTests" time="0.0"/>
  <testcase name="getStaticFieldViaClass" classname="org.springframework.test.util.ReflectionTestUtilsTests" time="0.0"/>
  <testcase name="getFieldOnLegacyEntityWithSideEffectsInToString" classname="org.springframework.test.util.ReflectionTestUtilsTests" time="0.0"/>
  <testcase name="getStaticFieldViaInstance" classname="org.springframework.test.util.ReflectionTestUtilsTests" time="0.0"/>
  <testcase name="getFieldWithNullTargetObject" classname="org.springframework.test.util.ReflectionTestUtilsTests" time="0.0"/>
  <testcase name="setStaticFieldViaInstance" classname="org.springframework.test.util.ReflectionTestUtilsTests" time="0.0"/>
  <testcase name="invokeMethodWithTooFewArguments" classname="org.springframework.test.util.ReflectionTestUtilsTests" time="0.0"/>
  <testcase name="invokeSetterMethodAndInvokeGetterMethodWithJavaBeanPropertyNames" classname="org.springframework.test.util.ReflectionTestUtilsTests" time="0.001"/>
  <testcase name="setFieldWithNullNameAndNullType" classname="org.springframework.test.util.ReflectionTestUtilsTests" time="0.0"/>
  <testcase name="setStaticFieldViaClass" classname="org.springframework.test.util.ReflectionTestUtilsTests" time="0.0"/>
  <testcase name="invokeSetterMethodWithNullValueForPrimitiveInt" classname="org.springframework.test.util.ReflectionTestUtilsTests" time="0.0"/>
  <testcase name="setFieldWithWrongType" classname="org.springframework.test.util.ReflectionTestUtilsTests" time="0.0"/>
  <testcase name="setFieldWithNullValueForPrimitiveBoolean" classname="org.springframework.test.util.ReflectionTestUtilsTests" time="0.0"/>
  <testcase name="setFieldWithBogusName" classname="org.springframework.test.util.ReflectionTestUtilsTests" time="0.001"/>
  <testcase name="invokeMethodSimulatingLifecycleEvents" classname="org.springframework.test.util.ReflectionTestUtilsTests" time="0.0"/>
  <system-out><![CDATA[09:55:16.895 [Test worker] DEBUG org.springframework.test.util.ReflectionTestUtils - Setting field 'id' of type [long] on target object [[PersonEntity@3fa7401a id = 0, name = [null], age = 0, eyeColor = [null], likesPets = false, favoriteNumber = [null]]] or target class [class org.springframework.test.util.subpackage.PersonEntity] to value [null]
09:55:16.896 [Test worker] DEBUG org.springframework.test.util.ReflectionTestUtils - Invoking method 'subtract' on target object [org.springframework.test.util.subpackage.Component@669a92cb] with arguments {5, 2}
09:55:16.896 [Test worker] DEBUG org.springframework.test.util.ReflectionTestUtils - Setting field 'collaborator' of type [class java.lang.Object] on target of type [org.springframework.test.util.subpackage.LegacyEntity] whose toString() method threw [org.springframework.test.util.subpackage.LegacyEntityException: Invoking toString() on the default collaborator causes an undesirable side effect] or target class [class org.springframework.test.util.subpackage.LegacyEntity] to value [test collaborator]
09:55:16.897 [Test worker] DEBUG org.springframework.test.util.ReflectionTestUtils - Setting field 'age' of type [int] on target object [[PersonEntity@3d31545e id = 0, name = [null], age = 0, eyeColor = [null], likesPets = false, favoriteNumber = [null]]] or target class [class org.springframework.test.util.subpackage.PersonEntity] to value [null]
09:55:16.897 [Test worker] DEBUG org.springframework.test.util.ReflectionTestUtils - Setting field 'name' of type [null] on target object [[PersonEntity@f8f95f9 id = 0, name = [null], age = 0, eyeColor = [null], likesPets = false, favoriteNumber = [null]]] or target class [class org.springframework.test.util.subpackage.PersonEntity] to value [Tom]
09:55:16.897 [Test worker] DEBUG org.springframework.test.util.ReflectionTestUtils - Setting field 'eyeColor' of type [class java.lang.String] on target object [[PersonEntity@f8f95f9 id = 0, name = 'Tom', age = 0, eyeColor = [null], likesPets = false, favoriteNumber = [null]]] or target class [class org.springframework.test.util.subpackage.PersonEntity] to value [blue]
09:55:16.897 [Test worker] DEBUG org.springframework.test.util.ReflectionTestUtils - Setting field 'favoriteNumber' of type [class java.lang.Number] on target object [[PersonEntity@f8f95f9 id = 0, name = 'Tom', age = 0, eyeColor = 'blue', likesPets = false, favoriteNumber = [null]]] or target class [class org.springframework.test.util.subpackage.PersonEntity] to value [3.142857]
09:55:16.897 [Test worker] DEBUG org.springframework.test.util.ReflectionTestUtils - Setting field 'name' of type [class java.lang.String] on target object [[PersonEntity@f8f95f9 id = 0, name = 'Tom', age = 0, eyeColor = 'blue', likesPets = false, favoriteNumber = 3.142857]] or target class [class org.springframework.test.util.subpackage.PersonEntity] to value [null]
09:55:16.897 [Test worker] DEBUG org.springframework.test.util.ReflectionTestUtils - Setting field 'eyeColor' of type [class java.lang.String] on target object [[PersonEntity@f8f95f9 id = 0, name = [null], age = 0, eyeColor = 'blue', likesPets = false, favoriteNumber = 3.142857]] or target class [class org.springframework.test.util.subpackage.PersonEntity] to value [null]
09:55:16.897 [Test worker] DEBUG org.springframework.test.util.ReflectionTestUtils - Setting field 'favoriteNumber' of type [class java.lang.Number] on target object [[PersonEntity@f8f95f9 id = 0, name = [null], age = 0, eyeColor = [null], likesPets = false, favoriteNumber = 3.142857]] or target class [class org.springframework.test.util.subpackage.PersonEntity] to value [null]
09:55:16.898 [Test worker] DEBUG org.springframework.test.util.ReflectionTestUtils - Invoking setter method 'setId' on target object [[PersonEntity@7fb51e29 id = 0, name = [null], age = 0, eyeColor = [null], likesPets = false, favoriteNumber = [null]]] with value [1]
09:55:16.898 [Test worker] DEBUG org.springframework.test.util.ReflectionTestUtils - Invoking setter method 'setName' on target object [[PersonEntity@7fb51e29 id = 1, name = [null], age = 0, eyeColor = [null], likesPets = false, favoriteNumber = [null]]] with value [Jerry]
09:55:16.898 [Test worker] DEBUG org.springframework.test.util.ReflectionTestUtils - Invoking setter method 'setAge' on target object [[PersonEntity@7fb51e29 id = 1, name = 'Jerry', age = 0, eyeColor = [null], likesPets = false, favoriteNumber = [null]]] with value [33]
09:55:16.898 [Test worker] DEBUG org.springframework.test.util.ReflectionTestUtils - Invoking setter method 'setEyeColor' on target object [[PersonEntity@7fb51e29 id = 1, name = 'Jerry', age = 33, eyeColor = [null], likesPets = false, favoriteNumber = [null]]] with value [green]
09:55:16.898 [Test worker] DEBUG org.springframework.test.util.ReflectionTestUtils - Invoking setter method 'setLikesPets' on target object [[PersonEntity@7fb51e29 id = 1, name = 'Jerry', age = 33, eyeColor = 'green', likesPets = false, favoriteNumber = [null]]] with value [false]
09:55:16.898 [Test worker] DEBUG org.springframework.test.util.ReflectionTestUtils - Invoking setter method 'setFavoriteNumber' on target object [[PersonEntity@7fb51e29 id = 1, name = 'Jerry', age = 33, eyeColor = 'green', likesPets = false, favoriteNumber = [null]]] with value [42]
09:55:16.898 [Test worker] DEBUG org.springframework.test.util.ReflectionTestUtils - Invoking getter method 'getId' on target object [[PersonEntity@7fb51e29 id = 1, name = 'Jerry', age = 33, eyeColor = 'green', likesPets = false, favoriteNumber = 42]]
09:55:16.898 [Test worker] DEBUG org.springframework.test.util.ReflectionTestUtils - Invoking getter method 'getName' on target object [[PersonEntity@7fb51e29 id = 1, name = 'Jerry', age = 33, eyeColor = 'green', likesPets = false, favoriteNumber = 42]]
09:55:16.899 [Test worker] DEBUG org.springframework.test.util.ReflectionTestUtils - Invoking getter method 'getAge' on target object [[PersonEntity@7fb51e29 id = 1, name = 'Jerry', age = 33, eyeColor = 'green', likesPets = false, favoriteNumber = 42]]
09:55:16.899 [Test worker] DEBUG org.springframework.test.util.ReflectionTestUtils - Invoking getter method 'getEyeColor' on target object [[PersonEntity@7fb51e29 id = 1, name = 'Jerry', age = 33, eyeColor = 'green', likesPets = false, favoriteNumber = 42]]
09:55:16.899 [Test worker] DEBUG org.springframework.test.util.ReflectionTestUtils - Invoking getter method 'likesPets' on target object [[PersonEntity@7fb51e29 id = 1, name = 'Jerry', age = 33, eyeColor = 'green', likesPets = false, favoriteNumber = 42]]
09:55:16.899 [Test worker] DEBUG org.springframework.test.util.ReflectionTestUtils - Invoking getter method 'getFavoriteNumber' on target object [[PersonEntity@7fb51e29 id = 1, name = 'Jerry', age = 33, eyeColor = 'green', likesPets = false, favoriteNumber = 42]]
09:55:16.899 [Test worker] DEBUG org.springframework.test.util.ReflectionTestUtils - Setting field 'id' of type [long] on target object [[PersonEntity@48913625 id = 0, name = [null], age = 0, eyeColor = [null], likesPets = false, favoriteNumber = [null]]] or target class [class org.springframework.test.util.subpackage.PersonEntity] to value [99]
09:55:16.899 [Test worker] DEBUG org.springframework.test.util.ReflectionTestUtils - Setting field 'name' of type [null] on target object [[PersonEntity@48913625 id = 99, name = [null], age = 0, eyeColor = [null], likesPets = false, favoriteNumber = [null]]] or target class [class org.springframework.test.util.subpackage.PersonEntity] to value [Tom]
09:55:16.899 [Test worker] DEBUG org.springframework.test.util.ReflectionTestUtils - Setting field 'age' of type [null] on target object [[PersonEntity@48913625 id = 99, name = 'Tom', age = 0, eyeColor = [null], likesPets = false, favoriteNumber = [null]]] or target class [class org.springframework.test.util.subpackage.PersonEntity] to value [42]
09:55:16.899 [Test worker] DEBUG org.springframework.test.util.ReflectionTestUtils - Setting field 'eyeColor' of type [class java.lang.String] on target object [[PersonEntity@48913625 id = 99, name = 'Tom', age = 42, eyeColor = [null], likesPets = false, favoriteNumber = [null]]] or target class [class org.springframework.test.util.subpackage.PersonEntity] to value [blue]
09:55:16.900 [Test worker] DEBUG org.springframework.test.util.ReflectionTestUtils - Setting field 'likesPets' of type [null] on target object [[PersonEntity@48913625 id = 99, name = 'Tom', age = 42, eyeColor = 'blue', likesPets = false, favoriteNumber = [null]]] or target class [class org.springframework.test.util.subpackage.PersonEntity] to value [true]
09:55:16.900 [Test worker] DEBUG org.springframework.test.util.ReflectionTestUtils - Setting field 'favoriteNumber' of type [class java.lang.Number] on target object [[PersonEntity@48913625 id = 99, name = 'Tom', age = 42, eyeColor = 'blue', likesPets = true, favoriteNumber = [null]]] or target class [class org.springframework.test.util.subpackage.PersonEntity] to value [3.142857]
09:55:16.900 [Test worker] DEBUG org.springframework.test.util.ReflectionTestUtils - Getting field 'id' from target object [[PersonEntity@48913625 id = 99, name = 'Tom', age = 42, eyeColor = 'blue', likesPets = true, favoriteNumber = 3.142857]] or target class [class org.springframework.test.util.subpackage.PersonEntity]
09:55:16.900 [Test worker] DEBUG org.springframework.test.util.ReflectionTestUtils - Getting field 'name' from target object [[PersonEntity@48913625 id = 99, name = 'Tom', age = 42, eyeColor = 'blue', likesPets = true, favoriteNumber = 3.142857]] or target class [class org.springframework.test.util.subpackage.PersonEntity]
09:55:16.900 [Test worker] DEBUG org.springframework.test.util.ReflectionTestUtils - Getting field 'age' from target object [[PersonEntity@48913625 id = 99, name = 'Tom', age = 42, eyeColor = 'blue', likesPets = true, favoriteNumber = 3.142857]] or target class [class org.springframework.test.util.subpackage.PersonEntity]
09:55:16.900 [Test worker] DEBUG org.springframework.test.util.ReflectionTestUtils - Getting field 'eyeColor' from target object [[PersonEntity@48913625 id = 99, name = 'Tom', age = 42, eyeColor = 'blue', likesPets = true, favoriteNumber = 3.142857]] or target class [class org.springframework.test.util.subpackage.PersonEntity]
09:55:16.900 [Test worker] DEBUG org.springframework.test.util.ReflectionTestUtils - Getting field 'likesPets' from target object [[PersonEntity@48913625 id = 99, name = 'Tom', age = 42, eyeColor = 'blue', likesPets = true, favoriteNumber = 3.142857]] or target class [class org.springframework.test.util.subpackage.PersonEntity]
09:55:16.901 [Test worker] DEBUG org.springframework.test.util.ReflectionTestUtils - Getting field 'favoriteNumber' from target object [[PersonEntity@48913625 id = 99, name = 'Tom', age = 42, eyeColor = 'blue', likesPets = true, favoriteNumber = 3.142857]] or target class [class org.springframework.test.util.subpackage.PersonEntity]
09:55:16.901 [Test worker] DEBUG org.springframework.test.util.ReflectionTestUtils - Invoking getter method 'getCollaborator' on target of type [org.springframework.test.util.subpackage.LegacyEntity] whose toString() method threw [org.springframework.test.util.subpackage.LegacyEntityException: Invoking toString() on the default collaborator causes an undesirable side effect]
09:55:16.908 [Test worker] DEBUG org.springframework.test.util.ReflectionTestUtils - Setting field 'id' of type [long] on target object [[PersonEntity@6af1796e id = 0, name = [null], age = 0, eyeColor = [null], likesPets = false, favoriteNumber = [null]]] or target class [class org.springframework.test.util.subpackage.PersonEntity] to value [99]
09:55:16.909 [Test worker] DEBUG org.springframework.test.util.ReflectionTestUtils - Setting field 'name' of type [null] on target object [[PersonEntity@6af1796e id = 99, name = [null], age = 0, eyeColor = [null], likesPets = false, favoriteNumber = [null]]] or target class [class org.springframework.test.util.subpackage.PersonEntity] to value [Tom]
09:55:16.909 [Test worker] DEBUG org.springframework.test.util.ReflectionTestUtils - Setting field 'age' of type [null] on target object [[PersonEntity@6af1796e id = 99, name = 'Tom', age = 0, eyeColor = [null], likesPets = false, favoriteNumber = [null]]] or target class [class org.springframework.test.util.subpackage.PersonEntity] to value [42]
09:55:16.909 [Test worker] DEBUG org.springframework.test.util.ReflectionTestUtils - Setting field 'eyeColor' of type [class java.lang.String] on target object [[PersonEntity@6af1796e id = 99, name = 'Tom', age = 42, eyeColor = [null], likesPets = false, favoriteNumber = [null]]] or target class [class org.springframework.test.util.subpackage.PersonEntity] to value [blue]
09:55:16.909 [Test worker] DEBUG org.springframework.test.util.ReflectionTestUtils - Setting field 'likesPets' of type [null] on target object [[PersonEntity@6af1796e id = 99, name = 'Tom', age = 42, eyeColor = 'blue', likesPets = false, favoriteNumber = [null]]] or target class [class org.springframework.test.util.subpackage.PersonEntity] to value [true]
09:55:16.909 [Test worker] DEBUG org.springframework.test.util.ReflectionTestUtils - Setting field 'favoriteNumber' of type [class java.lang.Number] on target object [[PersonEntity@6af1796e id = 99, name = 'Tom', age = 42, eyeColor = 'blue', likesPets = true, favoriteNumber = [null]]] or target class [class org.springframework.test.util.subpackage.PersonEntity] to value [3.142857]
09:55:16.909 [Test worker] DEBUG org.springframework.test.util.ReflectionTestUtils - Getting field 'id' from target object [[PersonEntity@6af1796e id = 99, name = 'Tom', age = 42, eyeColor = 'blue', likesPets = true, favoriteNumber = 3.142857]] or target class [class org.springframework.test.util.subpackage.PersonEntity]
09:55:16.909 [Test worker] DEBUG org.springframework.test.util.ReflectionTestUtils - Getting field 'name' from target object [[PersonEntity@6af1796e id = 99, name = 'Tom', age = 42, eyeColor = 'blue', likesPets = true, favoriteNumber = 3.142857]] or target class [class org.springframework.test.util.subpackage.PersonEntity]
09:55:16.910 [Test worker] DEBUG org.springframework.test.util.ReflectionTestUtils - Getting field 'age' from target object [[PersonEntity@6af1796e id = 99, name = 'Tom', age = 42, eyeColor = 'blue', likesPets = true, favoriteNumber = 3.142857]] or target class [class org.springframework.test.util.subpackage.PersonEntity]
09:55:16.910 [Test worker] DEBUG org.springframework.test.util.ReflectionTestUtils - Getting field 'eyeColor' from target object [[PersonEntity@6af1796e id = 99, name = 'Tom', age = 42, eyeColor = 'blue', likesPets = true, favoriteNumber = 3.142857]] or target class [class org.springframework.test.util.subpackage.PersonEntity]
09:55:16.910 [Test worker] DEBUG org.springframework.test.util.ReflectionTestUtils - Getting field 'likesPets' from target object [[PersonEntity@6af1796e id = 99, name = 'Tom', age = 42, eyeColor = 'blue', likesPets = true, favoriteNumber = 3.142857]] or target class [class org.springframework.test.util.subpackage.PersonEntity]
09:55:16.910 [Test worker] DEBUG org.springframework.test.util.ReflectionTestUtils - Getting field 'favoriteNumber' from target object [[PersonEntity@6af1796e id = 99, name = 'Tom', age = 42, eyeColor = 'blue', likesPets = true, favoriteNumber = 3.142857]] or target class [class org.springframework.test.util.subpackage.PersonEntity]
09:55:16.920 [Test worker] DEBUG org.springframework.test.util.ReflectionTestUtils - Invoking method 'add' on target object [org.springframework.test.util.subpackage.Component@54114d33] with arguments {[I@37a2ea7c}
09:55:16.923 [Test worker] DEBUG org.springframework.test.util.ReflectionTestUtils - Setting field 'id' of type [long] on target object [[PersonEntity@48a3d739 id = 0, name = [null], age = 0, eyeColor = [null], likesPets = false, favoriteNumber = [null]]] or target class [class org.springframework.test.util.subpackage.PersonEntity] to value [99]
09:55:16.923 [Test worker] DEBUG org.springframework.test.util.ReflectionTestUtils - Setting field 'name' of type [null] on target object [[PersonEntity@48a3d739 id = 99, name = [null], age = 0, eyeColor = [null], likesPets = false, favoriteNumber = [null]]] or target class [class org.springframework.test.util.subpackage.PersonEntity] to value [Tom]
09:55:16.923 [Test worker] DEBUG org.springframework.test.util.ReflectionTestUtils - Setting field 'age' of type [null] on target object [[PersonEntity@48a3d739 id = 99, name = 'Tom', age = 0, eyeColor = [null], likesPets = false, favoriteNumber = [null]]] or target class [class org.springframework.test.util.subpackage.PersonEntity] to value [42]
09:55:16.923 [Test worker] DEBUG org.springframework.test.util.ReflectionTestUtils - Setting field 'eyeColor' of type [class java.lang.String] on target object [[PersonEntity@48a3d739 id = 99, name = 'Tom', age = 42, eyeColor = [null], likesPets = false, favoriteNumber = [null]]] or target class [class org.springframework.test.util.subpackage.PersonEntity] to value [blue]
09:55:16.924 [Test worker] DEBUG org.springframework.test.util.ReflectionTestUtils - Setting field 'likesPets' of type [null] on target object [[PersonEntity@48a3d739 id = 99, name = 'Tom', age = 42, eyeColor = 'blue', likesPets = false, favoriteNumber = [null]]] or target class [class org.springframework.test.util.subpackage.PersonEntity] to value [true]
09:55:16.924 [Test worker] DEBUG org.springframework.test.util.ReflectionTestUtils - Setting field 'favoriteNumber' of type [class java.lang.Number] on target object [[PersonEntity@48a3d739 id = 99, name = 'Tom', age = 42, eyeColor = 'blue', likesPets = true, favoriteNumber = [null]]] or target class [class org.springframework.test.util.subpackage.PersonEntity] to value [3.142857]
09:55:16.924 [Test worker] DEBUG org.springframework.test.util.ReflectionTestUtils - Getting field 'id' from target object [[PersonEntity@48a3d739 id = 99, name = 'Tom', age = 42, eyeColor = 'blue', likesPets = true, favoriteNumber = 3.142857]] or target class [class org.springframework.test.util.subpackage.PersonEntity]
09:55:16.924 [Test worker] DEBUG org.springframework.test.util.ReflectionTestUtils - Getting field 'name' from target object [[PersonEntity@48a3d739 id = 99, name = 'Tom', age = 42, eyeColor = 'blue', likesPets = true, favoriteNumber = 3.142857]] or target class [class org.springframework.test.util.subpackage.PersonEntity]
09:55:16.924 [Test worker] DEBUG org.springframework.test.util.ReflectionTestUtils - Getting field 'age' from target object [[PersonEntity@48a3d739 id = 99, name = 'Tom', age = 42, eyeColor = 'blue', likesPets = true, favoriteNumber = 3.142857]] or target class [class org.springframework.test.util.subpackage.PersonEntity]
09:55:16.924 [Test worker] DEBUG org.springframework.test.util.ReflectionTestUtils - Getting field 'eyeColor' from target object [[PersonEntity@48a3d739 id = 99, name = 'Tom', age = 42, eyeColor = 'blue', likesPets = true, favoriteNumber = 3.142857]] or target class [class org.springframework.test.util.subpackage.PersonEntity]
09:55:16.925 [Test worker] DEBUG org.springframework.test.util.ReflectionTestUtils - Getting field 'likesPets' from target object [[PersonEntity@48a3d739 id = 99, name = 'Tom', age = 42, eyeColor = 'blue', likesPets = true, favoriteNumber = 3.142857]] or target class [class org.springframework.test.util.subpackage.PersonEntity]
09:55:16.925 [Test worker] DEBUG org.springframework.test.util.ReflectionTestUtils - Getting field 'favoriteNumber' from target object [[PersonEntity@48a3d739 id = 99, name = 'Tom', age = 42, eyeColor = 'blue', likesPets = true, favoriteNumber = 3.142857]] or target class [class org.springframework.test.util.subpackage.PersonEntity]
09:55:16.926 [Test worker] DEBUG org.springframework.test.util.ReflectionTestUtils - Invoking setter method 'setName' on target object [[PersonEntity@25440960 id = 0, name = [null], age = 0, eyeColor = [null], likesPets = false, favoriteNumber = [null]]] with value [null]
09:55:16.926 [Test worker] DEBUG org.springframework.test.util.ReflectionTestUtils - Invoking setter method 'setEyeColor' on target object [[PersonEntity@25440960 id = 0, name = [null], age = 0, eyeColor = [null], likesPets = false, favoriteNumber = [null]]] with value [null]
09:55:16.926 [Test worker] DEBUG org.springframework.test.util.ReflectionTestUtils - Invoking setter method 'setFavoriteNumber' on target object [[PersonEntity@25440960 id = 0, name = [null], age = 0, eyeColor = [null], likesPets = false, favoriteNumber = [null]]] with value [null]
09:55:16.926 [Test worker] DEBUG org.springframework.test.util.ReflectionTestUtils - Setting field 'publicField' of type [class java.lang.String] on target object [null] or target class [class org.springframework.test.util.subpackage.StaticFields] to value [xxx]
09:55:16.926 [Test worker] DEBUG org.springframework.test.util.ReflectionTestUtils - Setting field 'privateField' of type [class java.lang.String] on target object [null] or target class [class org.springframework.test.util.subpackage.StaticFields] to value [yyy]
09:55:16.927 [Test worker] DEBUG org.springframework.test.util.ReflectionTestUtils - Invoking setter method 'setCollaborator' on target of type [org.springframework.test.util.subpackage.LegacyEntity] whose toString() method threw [org.springframework.test.util.subpackage.LegacyEntityException: Invoking toString() on the default collaborator causes an undesirable side effect] with value [test collaborator]
09:55:16.927 [Test worker] DEBUG org.springframework.test.util.ReflectionTestUtils - Invoking setter method 'setId' on target object [[PersonEntity@395df9f8 id = 0, name = [null], age = 0, eyeColor = [null], likesPets = false, favoriteNumber = [null]]] with value [null]
09:55:16.927 [Test worker] DEBUG org.springframework.test.util.ReflectionTestUtils - Invoking method 'configure' on target of type [org.springframework.test.util.subpackage.LegacyEntity] whose toString() method threw [org.springframework.test.util.subpackage.LegacyEntityException: Invoking toString() on the default collaborator causes an undesirable side effect] with arguments {42, enigma}
09:55:16.927 [Test worker] DEBUG org.springframework.test.util.ReflectionTestUtils - Invoking method 'init' on target object [org.springframework.test.util.subpackage.Component@355519e5] with arguments {}
09:55:16.928 [Test worker] DEBUG org.springframework.test.util.ReflectionTestUtils - Invoking setter method 'setLikesPets' on target object [[PersonEntity@54bb2f7 id = 0, name = [null], age = 0, eyeColor = [null], likesPets = false, favoriteNumber = [null]]] with value [null]
09:55:16.928 [Test worker] DEBUG org.springframework.test.util.ReflectionTestUtils - Getting field 'publicField' from target object [null] or target class [class org.springframework.test.util.subpackage.StaticFields]
09:55:16.928 [Test worker] DEBUG org.springframework.test.util.ReflectionTestUtils - Getting field 'privateField' from target object [null] or target class [class org.springframework.test.util.subpackage.StaticFields]
09:55:16.928 [Test worker] DEBUG org.springframework.test.util.ReflectionTestUtils - Getting field 'collaborator' from target of type [org.springframework.test.util.subpackage.LegacyEntity] whose toString() method threw [org.springframework.test.util.subpackage.LegacyEntityException: Invoking toString() on the default collaborator causes an undesirable side effect] or target class [class org.springframework.test.util.subpackage.LegacyEntity]
09:55:16.928 [Test worker] DEBUG org.springframework.test.util.ReflectionTestUtils - Getting field 'publicField' from target object [org.springframework.test.util.subpackage.StaticFields@501eb96c] or target class [class org.springframework.test.util.subpackage.StaticFields]
09:55:16.928 [Test worker] DEBUG org.springframework.test.util.ReflectionTestUtils - Getting field 'privateField' from target object [org.springframework.test.util.subpackage.StaticFields@501eb96c] or target class [class org.springframework.test.util.subpackage.StaticFields]
09:55:16.929 [Test worker] DEBUG org.springframework.test.util.ReflectionTestUtils - Setting field 'publicField' of type [null] on target object [org.springframework.test.util.subpackage.StaticFields@4d1918bb] or target class [class org.springframework.test.util.subpackage.StaticFields] to value [xxx]
09:55:16.929 [Test worker] DEBUG org.springframework.test.util.ReflectionTestUtils - Setting field 'privateField' of type [null] on target object [org.springframework.test.util.subpackage.StaticFields@4d1918bb] or target class [class org.springframework.test.util.subpackage.StaticFields] to value [yyy]
09:55:16.929 [Test worker] DEBUG org.springframework.test.util.ReflectionTestUtils - Invoking setter method 'setId' on target object [[PersonEntity@159dd7e5 id = 0, name = [null], age = 0, eyeColor = [null], likesPets = false, favoriteNumber = [null]]] with value [99]
09:55:16.929 [Test worker] DEBUG org.springframework.test.util.ReflectionTestUtils - Invoking setter method 'setName' on target object [[PersonEntity@159dd7e5 id = 99, name = [null], age = 0, eyeColor = [null], likesPets = false, favoriteNumber = [null]]] with value [Tom]
09:55:16.929 [Test worker] DEBUG org.springframework.test.util.ReflectionTestUtils - Invoking setter method 'setAge' on target object [[PersonEntity@159dd7e5 id = 99, name = 'Tom', age = 0, eyeColor = [null], likesPets = false, favoriteNumber = [null]]] with value [42]
09:55:16.929 [Test worker] DEBUG org.springframework.test.util.ReflectionTestUtils - Invoking setter method 'setEyeColor' on target object [[PersonEntity@159dd7e5 id = 99, name = 'Tom', age = 42, eyeColor = [null], likesPets = false, favoriteNumber = [null]]] with value [blue]
09:55:16.929 [Test worker] DEBUG org.springframework.test.util.ReflectionTestUtils - Invoking setter method 'setLikesPets' on target object [[PersonEntity@159dd7e5 id = 99, name = 'Tom', age = 42, eyeColor = 'blue', likesPets = false, favoriteNumber = [null]]] with value [true]
09:55:16.929 [Test worker] DEBUG org.springframework.test.util.ReflectionTestUtils - Invoking setter method 'setFavoriteNumber' on target object [[PersonEntity@159dd7e5 id = 99, name = 'Tom', age = 42, eyeColor = 'blue', likesPets = true, favoriteNumber = [null]]] with value [3.142857]
09:55:16.930 [Test worker] DEBUG org.springframework.test.util.ReflectionTestUtils - Invoking getter method 'getId' on target object [[PersonEntity@159dd7e5 id = 99, name = 'Tom', age = 42, eyeColor = 'blue', likesPets = true, favoriteNumber = 3.142857]]
09:55:16.930 [Test worker] DEBUG org.springframework.test.util.ReflectionTestUtils - Invoking getter method 'getName' on target object [[PersonEntity@159dd7e5 id = 99, name = 'Tom', age = 42, eyeColor = 'blue', likesPets = true, favoriteNumber = 3.142857]]
09:55:16.930 [Test worker] DEBUG org.springframework.test.util.ReflectionTestUtils - Invoking getter method 'getAge' on target object [[PersonEntity@159dd7e5 id = 99, name = 'Tom', age = 42, eyeColor = 'blue', likesPets = true, favoriteNumber = 3.142857]]
09:55:16.930 [Test worker] DEBUG org.springframework.test.util.ReflectionTestUtils - Invoking getter method 'getEyeColor' on target object [[PersonEntity@159dd7e5 id = 99, name = 'Tom', age = 42, eyeColor = 'blue', likesPets = true, favoriteNumber = 3.142857]]
09:55:16.930 [Test worker] DEBUG org.springframework.test.util.ReflectionTestUtils - Invoking getter method 'likesPets' on target object [[PersonEntity@159dd7e5 id = 99, name = 'Tom', age = 42, eyeColor = 'blue', likesPets = true, favoriteNumber = 3.142857]]
09:55:16.930 [Test worker] DEBUG org.springframework.test.util.ReflectionTestUtils - Invoking getter method 'getFavoriteNumber' on target object [[PersonEntity@159dd7e5 id = 99, name = 'Tom', age = 42, eyeColor = 'blue', likesPets = true, favoriteNumber = 3.142857]]
09:55:16.930 [Test worker] DEBUG org.springframework.test.util.ReflectionTestUtils - Setting field 'publicField' of type [null] on target object [null] or target class [class org.springframework.test.util.subpackage.StaticFields] to value [xxx]
09:55:16.930 [Test worker] DEBUG org.springframework.test.util.ReflectionTestUtils - Setting field 'privateField' of type [null] on target object [null] or target class [class org.springframework.test.util.subpackage.StaticFields] to value [yyy]
09:55:16.931 [Test worker] DEBUG org.springframework.test.util.ReflectionTestUtils - Invoking setter method 'setAge' on target object [[PersonEntity@3ef5e728 id = 0, name = [null], age = 0, eyeColor = [null], likesPets = false, favoriteNumber = [null]]] with value [null]
09:55:16.931 [Test worker] DEBUG org.springframework.test.util.ReflectionTestUtils - Setting field 'likesPets' of type [boolean] on target object [[PersonEntity@1e5ce348 id = 0, name = [null], age = 0, eyeColor = [null], likesPets = false, favoriteNumber = [null]]] or target class [class org.springframework.test.util.subpackage.PersonEntity] to value [null]
09:55:16.931 [Test worker] DEBUG org.springframework.test.util.ReflectionTestUtils - Invoking method 'configure' on target object [org.springframework.test.util.subpackage.Component@74585ab6] with arguments {42, enigma}
09:55:16.931 [Test worker] DEBUG org.springframework.test.util.ReflectionTestUtils - Invoking method 'init' on target object [org.springframework.test.util.subpackage.Component@74585ab6] with arguments {}
09:55:16.932 [Test worker] DEBUG org.springframework.test.util.ReflectionTestUtils - Invoking method 'destroy' on target object [org.springframework.test.util.subpackage.Component@74585ab6] with arguments {}
]]></system-out>
  <system-err><![CDATA[]]></system-err>
</testsuite>
