<?xml version="1.0" encoding="UTF-8"?>
<testsuite name="org.springframework.test.context.ContextHierarchyDirtiesContextTests" tests="4" skipped="0" failures="0" errors="0" timestamp="2021-04-16T01:54:45" hostname="DESKTOP-3R4DVF7" time="0.235">
  <properties/>
  <testcase name="classLevelDirtiesContextWithCurrentLevelHierarchyMode" classname="org.springframework.test.context.ContextHierarchyDirtiesContextTests" time="0.137"/>
  <testcase name="classLevelDirtiesContextWithExhaustiveHierarchyMode" classname="org.springframework.test.context.ContextHierarchyDirtiesContextTests" time="0.03"/>
  <testcase name="methodLevelDirtiesContextWithCurrentLevelHierarchyMode" classname="org.springframework.test.context.ContextHierarchyDirtiesContextTests" time="0.037"/>
  <testcase name="methodLevelDirtiesContextWithExhaustiveHierarchyMode" classname="org.springframework.test.context.ContextHierarchyDirtiesContextTests" time="0.03"/>
  <system-out><![CDATA[]]></system-out>
  <system-err><![CDATA[]]></system-err>
</testsuite>
