<?xml version="1.0" encoding="UTF-8"?>
<testsuite name="org.springframework.test.context.cache.ContextCacheUtilsTests" tests="7" skipped="0" failures="0" errors="0" timestamp="2021-04-16T01:54:41" hostname="DESKTOP-3R4DVF7" time="0.001">
  <properties/>
  <testcase name="retrieveMaxCacheSizeFromSystemPropertyContainingWhitespace" classname="org.springframework.test.context.cache.ContextCacheUtilsTests" time="0.0"/>
  <testcase name="retrieveMaxCacheSizeFromBogusSpringProperty" classname="org.springframework.test.context.cache.ContextCacheUtilsTests" time="0.0"/>
  <testcase name="retrieveMaxCacheSizeFromSystemProperty" classname="org.springframework.test.context.cache.ContextCacheUtilsTests" time="0.0"/>
  <testcase name="retrieveMaxCacheSizeFromDefault" classname="org.springframework.test.context.cache.ContextCacheUtilsTests" time="0.0"/>
  <testcase name="retrieveMaxCacheSizeFromSpringProperty" classname="org.springframework.test.context.cache.ContextCacheUtilsTests" time="0.001"/>
  <testcase name="retrieveMaxCacheSizeFromBogusSystemProperty" classname="org.springframework.test.context.cache.ContextCacheUtilsTests" time="0.0"/>
  <testcase name="retrieveMaxCacheSizeFromDecimalSpringProperty" classname="org.springframework.test.context.cache.ContextCacheUtilsTests" time="0.0"/>
  <system-out><![CDATA[]]></system-out>
  <system-err><![CDATA[]]></system-err>
</testsuite>
