<?xml version="1.0" encoding="UTF-8"?>
<testsuite name="org.springframework.test.web.servlet.samples.standalone.resultmatchers.StatusAssertionTests" tests="5" skipped="0" failures="0" errors="0" timestamp="2021-04-16T01:55:49" hostname="DESKTOP-3R4DVF7" time="0.396">
  <properties/>
  <testcase name="testStatusInt" classname="org.springframework.test.web.servlet.samples.standalone.resultmatchers.StatusAssertionTests" time="0.001"/>
  <testcase name="testReasonEqualTo" classname="org.springframework.test.web.servlet.samples.standalone.resultmatchers.StatusAssertionTests" time="0.001"/>
  <testcase name="testHttpStatus" classname="org.springframework.test.web.servlet.samples.standalone.resultmatchers.StatusAssertionTests" time="0.001"/>
  <testcase name="testMatcher" classname="org.springframework.test.web.servlet.samples.standalone.resultmatchers.StatusAssertionTests" time="0.001"/>
  <testcase name="testReasonMatcher" classname="org.springframework.test.web.servlet.samples.standalone.resultmatchers.StatusAssertionTests" time="0.0"/>
  <system-out><![CDATA[]]></system-out>
  <system-err><![CDATA[]]></system-err>
</testsuite>
