<?xml version="1.0" encoding="UTF-8"?>
<testsuite name="org.springframework.test.web.client.samples.matchers.XmlContentRequestMatchersIntegrationTests" tests="2" skipped="0" failures="0" errors="0" timestamp="2021-04-16T01:55:19" hostname="DESKTOP-3R4DVF7" time="0.136">
  <properties/>
  <testcase name="testHamcrestNodeMatcher" classname="org.springframework.test.web.client.samples.matchers.XmlContentRequestMatchersIntegrationTests" time="0.076"/>
  <testcase name="testXmlEqualTo" classname="org.springframework.test.web.client.samples.matchers.XmlContentRequestMatchersIntegrationTests" time="0.06"/>
  <system-out><![CDATA[]]></system-out>
  <system-err><![CDATA[]]></system-err>
</testsuite>
