<?xml version="1.0" encoding="UTF-8"?>
<testsuite name="org.springframework.test.web.reactive.server.samples.bind.ApplicationContextTests" tests="1" skipped="0" failures="0" errors="0" timestamp="2021-04-16T01:55:22" hostname="DESKTOP-3R4DVF7" time="0.17">
  <properties/>
  <testcase name="test" classname="org.springframework.test.web.reactive.server.samples.bind.ApplicationContextTests" time="0.17"/>
  <system-out><![CDATA[]]></system-out>
  <system-err><![CDATA[]]></system-err>
</testsuite>
