<?xml version="1.0" encoding="UTF-8"?>
<testsuite name="org.springframework.test.web.reactive.server.samples.ExchangeMutatorTests" tests="2" skipped="0" failures="0" errors="0" timestamp="2021-04-16T01:55:25" hostname="DESKTOP-3R4DVF7" time="0.324">
  <properties/>
  <testcase name="useGloballyConfiguredIdentity" classname="org.springframework.test.web.reactive.server.samples.ExchangeMutatorTests" time="0.173"/>
  <testcase name="useLocallyConfiguredIdentity" classname="org.springframework.test.web.reactive.server.samples.ExchangeMutatorTests" time="0.151"/>
  <system-out><![CDATA[]]></system-out>
  <system-err><![CDATA[]]></system-err>
</testsuite>
