<?xml version="1.0" encoding="UTF-8"?>
<testsuite name="org.springframework.test.web.reactive.server.DefaultControllerSpecTests" tests="4" skipped="0" failures="0" errors="0" timestamp="2021-04-16T01:55:21" hostname="DESKTOP-3R4DVF7" time="0.731">
  <properties/>
  <testcase name="controllerAdvice" classname="org.springframework.test.web.reactive.server.DefaultControllerSpecTests" time="0.251"/>
  <testcase name="controllerAdviceWithClassArgument" classname="org.springframework.test.web.reactive.server.DefaultControllerSpecTests" time="0.157"/>
  <testcase name="controller" classname="org.springframework.test.web.reactive.server.DefaultControllerSpecTests" time="0.163"/>
  <testcase name="configurerConsumers" classname="org.springframework.test.web.reactive.server.DefaultControllerSpecTests" time="0.16"/>
  <system-out><![CDATA[]]></system-out>
  <system-err><![CDATA[]]></system-err>
</testsuite>
