<?xml version="1.0" encoding="UTF-8"?>
<testsuite name="org.springframework.test.web.servlet.samples.standalone.resultmatchers.SessionAttributeAssertionTests" tests="2" skipped="0" failures="0" errors="0" timestamp="2021-04-16T01:55:49" hostname="DESKTOP-3R4DVF7" time="0.174">
  <properties/>
  <testcase name="testSessionAttributeEqualTo" classname="org.springframework.test.web.servlet.samples.standalone.resultmatchers.SessionAttributeAssertionTests" time="0.086"/>
  <testcase name="testSessionAttributeMatcher" classname="org.springframework.test.web.servlet.samples.standalone.resultmatchers.SessionAttributeAssertionTests" time="0.088"/>
  <system-out><![CDATA[]]></system-out>
  <system-err><![CDATA[]]></system-err>
</testsuite>
