<?xml version="1.0" encoding="UTF-8"?>
<testsuite name="org.springframework.test.context.cache.MethodLevelDirtiesContextTests" tests="4" skipped="0" failures="0" errors="0" timestamp="2021-04-16T01:54:41" hostname="DESKTOP-3R4DVF7" time="0.014">
  <properties/>
  <testcase name="test01" classname="org.springframework.test.context.cache.MethodLevelDirtiesContextTests" time="0.0"/>
  <testcase name="test02_dirtyContextBeforeTestMethod" classname="org.springframework.test.context.cache.MethodLevelDirtiesContextTests" time="0.005"/>
  <testcase name="test03_dirtyContextAferTestMethod" classname="org.springframework.test.context.cache.MethodLevelDirtiesContextTests" time="0.0"/>
  <testcase name="test04" classname="org.springframework.test.context.cache.MethodLevelDirtiesContextTests" time="0.001"/>
  <system-out><![CDATA[]]></system-out>
  <system-err><![CDATA[]]></system-err>
</testsuite>
