<?xml version="1.0" encoding="UTF-8"?>
<testsuite name="org.springframework.test.web.servlet.samples.standalone.FrameworkExtensionTests" tests="2" skipped="0" failures="0" errors="0" timestamp="2021-04-16T01:55:37" hostname="DESKTOP-3R4DVF7" time="0.161">
  <properties/>
  <testcase name="fooHeader" classname="org.springframework.test.web.servlet.samples.standalone.FrameworkExtensionTests" time="0.079"/>
  <testcase name="barHeader" classname="org.springframework.test.web.servlet.samples.standalone.FrameworkExtensionTests" time="0.082"/>
  <system-out><![CDATA[]]></system-out>
  <system-err><![CDATA[]]></system-err>
</testsuite>
