<?xml version="1.0" encoding="UTF-8"?>
<testsuite name="org.springframework.test.web.reactive.server.samples.ResponseEntityTests" tests="6" skipped="0" failures="0" errors="0" timestamp="2021-04-16T01:55:27" hostname="DESKTOP-3R4DVF7" time="1.604">
  <properties/>
  <testcase name="entityList" classname="org.springframework.test.web.reactive.server.samples.ResponseEntityTests" time="0.006"/>
  <testcase name="entity" classname="org.springframework.test.web.reactive.server.samples.ResponseEntityTests" time="0.002"/>
  <testcase name="entityMap" classname="org.springframework.test.web.reactive.server.samples.ResponseEntityTests" time="0.009"/>
  <testcase name="entityWithConsumer" classname="org.springframework.test.web.reactive.server.samples.ResponseEntityTests" time="0.003"/>
  <testcase name="entityStream" classname="org.springframework.test.web.reactive.server.samples.ResponseEntityTests" time="0.828"/>
  <testcase name="postEntity" classname="org.springframework.test.web.reactive.server.samples.ResponseEntityTests" time="0.002"/>
  <system-out><![CDATA[]]></system-out>
  <system-err><![CDATA[]]></system-err>
</testsuite>
