<?xml version="1.0" encoding="UTF-8"?>
<testsuite name="org.springframework.test.context.junit4.FailingBeforeAndAfterMethodsTestNGTests" tests="9" skipped="9" failures="0" errors="0" timestamp="2021-04-16T01:54:57" hostname="DESKTOP-3R4DVF7" time="0.001">
  <properties/>
  <testcase name="runTestAndAssertCounters[AlwaysFailingBeforeTestClassTestCase]" classname="org.springframework.test.context.junit4.FailingBeforeAndAfterMethodsTestNGTests" time="0.0">
    <skipped/>
  </testcase>
  <testcase name="runTestAndAssertCounters[AlwaysFailingAfterTestClassTestCase]" classname="org.springframework.test.context.junit4.FailingBeforeAndAfterMethodsTestNGTests" time="0.0">
    <skipped/>
  </testcase>
  <testcase name="runTestAndAssertCounters[AlwaysFailingPrepareTestInstanceTestCase]" classname="org.springframework.test.context.junit4.FailingBeforeAndAfterMethodsTestNGTests" time="0.0">
    <skipped/>
  </testcase>
  <testcase name="runTestAndAssertCounters[AlwaysFailingBeforeTestMethodTestCase]" classname="org.springframework.test.context.junit4.FailingBeforeAndAfterMethodsTestNGTests" time="0.0">
    <skipped/>
  </testcase>
  <testcase name="runTestAndAssertCounters[AlwaysFailingBeforeTestExecutionTestCase]" classname="org.springframework.test.context.junit4.FailingBeforeAndAfterMethodsTestNGTests" time="0.0">
    <skipped/>
  </testcase>
  <testcase name="runTestAndAssertCounters[AlwaysFailingAfterTestExecutionTestCase]" classname="org.springframework.test.context.junit4.FailingBeforeAndAfterMethodsTestNGTests" time="0.0">
    <skipped/>
  </testcase>
  <testcase name="runTestAndAssertCounters[AlwaysFailingAfterTestMethodTestCase]" classname="org.springframework.test.context.junit4.FailingBeforeAndAfterMethodsTestNGTests" time="0.0">
    <skipped/>
  </testcase>
  <testcase name="runTestAndAssertCounters[FailingBeforeTransactionTestCase]" classname="org.springframework.test.context.junit4.FailingBeforeAndAfterMethodsTestNGTests" time="0.0">
    <skipped/>
  </testcase>
  <testcase name="runTestAndAssertCounters[FailingAfterTransactionTestCase]" classname="org.springframework.test.context.junit4.FailingBeforeAndAfterMethodsTestNGTests" time="0.0">
    <skipped/>
  </testcase>
  <system-out><![CDATA[]]></system-out>
  <system-err><![CDATA[]]></system-err>
</testsuite>
