<?xml version="1.0" encoding="UTF-8"?>
<testsuite name="org.springframework.test.context.configuration.interfaces.SqlConfigInterfaceTests" tests="1" skipped="0" failures="0" errors="0" timestamp="2021-04-16T01:54:44" hostname="DESKTOP-3R4DVF7" time="0.213">
  <properties/>
  <testcase name="methodLevelScripts" classname="org.springframework.test.context.configuration.interfaces.SqlConfigInterfaceTests" time="0.213"/>
  <system-out><![CDATA[]]></system-out>
  <system-err><![CDATA[]]></system-err>
</testsuite>
