<?xml version="1.0" encoding="UTF-8"?>
<testsuite name="org.springframework.aop.aspectj.generic.AfterReturningGenericTypeMatchingTests" tests="4" skipped="0" failures="0" errors="0" timestamp="2021-04-16T01:47:56" hostname="DESKTOP-3R4DVF7" time="0.091">
  <properties/>
  <testcase name="testReturnTypeLowerBoundMatching" classname="org.springframework.aop.aspectj.generic.AfterReturningGenericTypeMatchingTests" time="0.035"/>
  <testcase name="testReturnTypeUpperBoundMatching" classname="org.springframework.aop.aspectj.generic.AfterReturningGenericTypeMatchingTests" time="0.015"/>
  <testcase name="testReturnTypeRawMatching" classname="org.springframework.aop.aspectj.generic.AfterReturningGenericTypeMatchingTests" time="0.021"/>
  <testcase name="testReturnTypeExactMatching" classname="org.springframework.aop.aspectj.generic.AfterReturningGenericTypeMatchingTests" time="0.02"/>
  <system-out><![CDATA[]]></system-out>
  <system-err><![CDATA[]]></system-err>
</testsuite>
