<?xml version="1.0" encoding="UTF-8"?>
<testsuite name="org.springframework.context.support.EnvironmentIntegrationTests" tests="1" skipped="0" failures="0" errors="0" timestamp="2021-04-16T01:48:29" hostname="DESKTOP-3R4DVF7" time="0.005">
  <properties/>
  <testcase name="repro" classname="org.springframework.context.support.EnvironmentIntegrationTests" time="0.005"/>
  <system-out><![CDATA[]]></system-out>
  <system-err><![CDATA[]]></system-err>
</testsuite>
