<?xml version="1.0" encoding="UTF-8"?>
<testsuite name="org.springframework.aop.aspectj.ThisAndTargetSelectionOnlyPointcutsAtAspectJTests" tests="9" skipped="0" failures="0" errors="0" timestamp="2021-04-16T01:47:57" hostname="DESKTOP-3R4DVF7" time="0.431">
  <properties/>
  <testcase name="thisAsClassAndTargetAsClassCounterNotMatch" classname="org.springframework.aop.aspectj.ThisAndTargetSelectionOnlyPointcutsAtAspectJTests" time="0.065"/>
  <testcase name="atAnnotationMethodAnnotationMatch" classname="org.springframework.aop.aspectj.ThisAndTargetSelectionOnlyPointcutsAtAspectJTests" time="0.044"/>
  <testcase name="targetAsClassDoesMatch" classname="org.springframework.aop.aspectj.ThisAndTargetSelectionOnlyPointcutsAtAspectJTests" time="0.045"/>
  <testcase name="thisAsInterfaceAndTargetAsInterfaceCounterMatch" classname="org.springframework.aop.aspectj.ThisAndTargetSelectionOnlyPointcutsAtAspectJTests" time="0.041"/>
  <testcase name="targetAsInterfaceMatch" classname="org.springframework.aop.aspectj.ThisAndTargetSelectionOnlyPointcutsAtAspectJTests" time="0.05"/>
  <testcase name="thisAsClassDoesNotMatch" classname="org.springframework.aop.aspectj.ThisAndTargetSelectionOnlyPointcutsAtAspectJTests" time="0.049"/>
  <testcase name="thisAsInterfaceAndTargetAsClassCounterMatch" classname="org.springframework.aop.aspectj.ThisAndTargetSelectionOnlyPointcutsAtAspectJTests" time="0.044"/>
  <testcase name="atTargetClassAnnotationMatch" classname="org.springframework.aop.aspectj.ThisAndTargetSelectionOnlyPointcutsAtAspectJTests" time="0.047"/>
  <testcase name="thisAsInterfaceMatch" classname="org.springframework.aop.aspectj.ThisAndTargetSelectionOnlyPointcutsAtAspectJTests" time="0.045"/>
  <system-out><![CDATA[]]></system-out>
  <system-err><![CDATA[]]></system-err>
</testsuite>
