<?xml version="1.0" encoding="UTF-8"?>
<testsuite name="org.springframework.context.annotation.Spr3775InitDestroyLifecycleTests" tests="6" skipped="0" failures="0" errors="0" timestamp="2021-04-16T01:48:23" hostname="DESKTOP-3R4DVF7" time="0.035">
  <properties/>
  <testcase name="testAllLifecycleMechanismsAtOnce" classname="org.springframework.context.annotation.Spr3775InitDestroyLifecycleTests" time="0.005"/>
  <testcase name="testInitializingDisposableInterfacesWithShadowedMethods" classname="org.springframework.context.annotation.Spr3775InitDestroyLifecycleTests" time="0.009"/>
  <testcase name="testInitDestroyMethods" classname="org.springframework.context.annotation.Spr3775InitDestroyLifecycleTests" time="0.001"/>
  <testcase name="testInitializingDisposableInterfaces" classname="org.springframework.context.annotation.Spr3775InitDestroyLifecycleTests" time="0.01"/>
  <testcase name="testJsr250Annotations" classname="org.springframework.context.annotation.Spr3775InitDestroyLifecycleTests" time="0.006"/>
  <testcase name="testJsr250AnnotationsWithShadowedMethods" classname="org.springframework.context.annotation.Spr3775InitDestroyLifecycleTests" time="0.004"/>
  <system-out><![CDATA[]]></system-out>
  <system-err><![CDATA[]]></system-err>
</testsuite>
