<?xml version="1.0" encoding="UTF-8"?>
<testsuite name="org.springframework.context.annotation.ClassPathBeanDefinitionScannerTests" tests="26" skipped="0" failures="0" errors="0" timestamp="2021-04-16T01:48:09" hostname="DESKTOP-3R4DVF7" time="0.532">
  <properties/>
  <testcase name="testBeanNotAutowiredWithAnnotationConfigDisabled" classname="org.springframework.context.annotation.ClassPathBeanDefinitionScannerTests" time="0.03"/>
  <testcase name="testMultipleScanCalls" classname="org.springframework.context.annotation.ClassPathBeanDefinitionScannerTests" time="0.054"/>
  <testcase name="testAutowireCandidatePatternMatches" classname="org.springframework.context.annotation.ClassPathBeanDefinitionScannerTests" time="0.06"/>
  <testcase name="testSimpleScanWithDefaultFiltersAndSameBeanTwice" classname="org.springframework.context.annotation.ClassPathBeanDefinitionScannerTests" time="0.016"/>
  <testcase name="testMultipleBasePackagesWithDefaultsOnly" classname="org.springframework.context.annotation.ClassPathBeanDefinitionScannerTests" time="0.022"/>
  <testcase name="testCustomAnnotationExcludeFilterAndDefaults" classname="org.springframework.context.annotation.ClassPathBeanDefinitionScannerTests" time="0.013"/>
  <testcase name="testBeanAutowiredWithAnnotationConfigEnabled" classname="org.springframework.context.annotation.ClassPathBeanDefinitionScannerTests" time="0.04"/>
  <testcase name="testDoubleScanWithIndex" classname="org.springframework.context.annotation.ClassPathBeanDefinitionScannerTests" time="0.03"/>
  <testcase name="testSimpleScanWithDefaultFiltersAndNoPostProcessors" classname="org.springframework.context.annotation.ClassPathBeanDefinitionScannerTests" time="0.012"/>
  <testcase name="testSimpleScanWithDefaultFiltersAndOverriddenEqualNamedBean" classname="org.springframework.context.annotation.ClassPathBeanDefinitionScannerTests" time="0.01"/>
  <testcase name="testSimpleScanWithDefaultFiltersAndPrimaryLazyBean" classname="org.springframework.context.annotation.ClassPathBeanDefinitionScannerTests" time="0.034"/>
  <testcase name="testSimpleScanWithDefaultFiltersAndSpecifiedBeanNameClash" classname="org.springframework.context.annotation.ClassPathBeanDefinitionScannerTests" time="0.015"/>
  <testcase name="testCustomAssignableTypeExcludeFilterAndDefaults" classname="org.springframework.context.annotation.ClassPathBeanDefinitionScannerTests" time="0.01"/>
  <testcase name="testDoubleScan" classname="org.springframework.context.annotation.ClassPathBeanDefinitionScannerTests" time="0.017"/>
  <testcase name="testCustomAssignableTypeExcludeFilterAndDefaultsWithoutPostProcessors" classname="org.springframework.context.annotation.ClassPathBeanDefinitionScannerTests" time="0.01"/>
  <testcase name="testSimpleScanWithDefaultFiltersAndDefaultBeanNameClash" classname="org.springframework.context.annotation.ClassPathBeanDefinitionScannerTests" time="0.012"/>
  <testcase name="testSimpleScanWithDefaultFiltersAndPostProcessors" classname="org.springframework.context.annotation.ClassPathBeanDefinitionScannerTests" time="0.036"/>
  <testcase name="testCustomIncludeFilterWithoutDefaultsAndNoPostProcessors" classname="org.springframework.context.annotation.ClassPathBeanDefinitionScannerTests" time="0.011"/>
  <testcase name="testMultipleCustomExcludeFiltersAndDefaults" classname="org.springframework.context.annotation.ClassPathBeanDefinitionScannerTests" time="0.01"/>
  <testcase name="testCustomIncludeFilterWithoutDefaultsButIncludingPostProcessors" classname="org.springframework.context.annotation.ClassPathBeanDefinitionScannerTests" time="0.01"/>
  <testcase name="testSimpleScanWithDefaultFiltersAndOverridingBean" classname="org.springframework.context.annotation.ClassPathBeanDefinitionScannerTests" time="0.011"/>
  <testcase name="testAutowireCandidatePatternDoesNotMatch" classname="org.springframework.context.annotation.ClassPathBeanDefinitionScannerTests" time="0.029"/>
  <testcase name="testCustomIncludeFilterAndDefaults" classname="org.springframework.context.annotation.ClassPathBeanDefinitionScannerTests" time="0.011"/>
  <testcase name="testWithIndex" classname="org.springframework.context.annotation.ClassPathBeanDefinitionScannerTests" time="0.004"/>
  <testcase name="testCustomBeanNameGenerator" classname="org.springframework.context.annotation.ClassPathBeanDefinitionScannerTests" time="0.011"/>
  <testcase name="testSimpleScanWithDefaultFiltersAndOverriddenCompatibleNamedBean" classname="org.springframework.context.annotation.ClassPathBeanDefinitionScannerTests" time="0.01"/>
  <system-out><![CDATA[]]></system-out>
  <system-err><![CDATA[]]></system-err>
</testsuite>
