<?xml version="1.0" encoding="UTF-8"?>
<testsuite name="org.springframework.context.support.ApplicationContextLifecycleTests" tests="4" skipped="0" failures="0" errors="0" timestamp="2021-04-16T01:48:26" hostname="DESKTOP-3R4DVF7" time="0.028">
  <properties/>
  <testcase name="testStopOrder" classname="org.springframework.context.support.ApplicationContextLifecycleTests" time="0.007"/>
  <testcase name="testBeansStop" classname="org.springframework.context.support.ApplicationContextLifecycleTests" time="0.008"/>
  <testcase name="testBeansStart" classname="org.springframework.context.support.ApplicationContextLifecycleTests" time="0.007"/>
  <testcase name="testStartOrder" classname="org.springframework.context.support.ApplicationContextLifecycleTests" time="0.006"/>
  <system-out><![CDATA[]]></system-out>
  <system-err><![CDATA[]]></system-err>
</testsuite>
