<?xml version="1.0" encoding="UTF-8"?>
<testsuite name="org.springframework.context.annotation.ConfigurationWithFactoryBeanAndAutowiringTests" tests="7" skipped="0" failures="0" errors="0" timestamp="2021-04-16T01:48:21" hostname="DESKTOP-3R4DVF7" time="0.126">
  <properties/>
  <testcase name="withConcreteFactoryBeanImplementationAsReturnType" classname="org.springframework.context.annotation.ConfigurationWithFactoryBeanAndAutowiringTests" time="0.03"/>
  <testcase name="withParameterizedFactoryBeanInterfaceAsReturnType" classname="org.springframework.context.annotation.ConfigurationWithFactoryBeanAndAutowiringTests" time="0.016"/>
  <testcase name="withFactoryBeanCallingBean" classname="org.springframework.context.annotation.ConfigurationWithFactoryBeanAndAutowiringTests" time="0.022"/>
  <testcase name="withParameterizedFactoryBeanImplementationAsReturnType" classname="org.springframework.context.annotation.ConfigurationWithFactoryBeanAndAutowiringTests" time="0.018"/>
  <testcase name="withWildcardParameterizedFactoryBeanInterfaceAsReturnType" classname="org.springframework.context.annotation.ConfigurationWithFactoryBeanAndAutowiringTests" time="0.012"/>
  <testcase name="withRawFactoryBeanInterfaceAsReturnType" classname="org.springframework.context.annotation.ConfigurationWithFactoryBeanAndAutowiringTests" time="0.015"/>
  <testcase name="withNonPublicParameterizedFactoryBeanInterfaceAsReturnType" classname="org.springframework.context.annotation.ConfigurationWithFactoryBeanAndAutowiringTests" time="0.013"/>
  <system-out><![CDATA[]]></system-out>
  <system-err><![CDATA[]]></system-err>
</testsuite>
