<?xml version="1.0" encoding="UTF-8"?>
<testsuite name="org.springframework.context.annotation.AutoProxyLazyInitTests" tests="4" skipped="0" failures="0" errors="0" timestamp="2021-04-16T01:48:09" hostname="DESKTOP-3R4DVF7" time="0.105">
  <properties/>
  <testcase name="withNonStaticBeanMethodAndInterface" classname="org.springframework.context.annotation.AutoProxyLazyInitTests" time="0.057"/>
  <testcase name="withStaticBeanMethodAndInterface" classname="org.springframework.context.annotation.AutoProxyLazyInitTests" time="0.015"/>
  <testcase name="withStaticBeanMethod" classname="org.springframework.context.annotation.AutoProxyLazyInitTests" time="0.016"/>
  <testcase name="withNonStaticBeanMethod" classname="org.springframework.context.annotation.AutoProxyLazyInitTests" time="0.017"/>
  <system-out><![CDATA[]]></system-out>
  <system-err><![CDATA[]]></system-err>
</testsuite>
