<?xml version="1.0" encoding="UTF-8"?>
<testsuite name="org.springframework.context.annotation.RoleAndDescriptionAnnotationTests" tests="3" skipped="0" failures="0" errors="0" timestamp="2021-04-16T01:48:23" hostname="DESKTOP-3R4DVF7" time="0.032">
  <properties/>
  <testcase name="viaComponentScanning" classname="org.springframework.context.annotation.RoleAndDescriptionAnnotationTests" time="0.017"/>
  <testcase name="onBeanMethod" classname="org.springframework.context.annotation.RoleAndDescriptionAnnotationTests" time="0.012"/>
  <testcase name="onComponentClass" classname="org.springframework.context.annotation.RoleAndDescriptionAnnotationTests" time="0.003"/>
  <system-out><![CDATA[]]></system-out>
  <system-err><![CDATA[]]></system-err>
</testsuite>
