<?xml version="1.0" encoding="UTF-8"?>
<testsuite name="org.springframework.context.annotation.configuration.spr9031.Spr9031Tests" tests="2" skipped="0" failures="0" errors="0" timestamp="2021-04-16T01:48:20" hostname="DESKTOP-3R4DVF7" time="0.032">
  <properties/>
  <testcase name="withoutAsmAnnotationProcessing" classname="org.springframework.context.annotation.configuration.spr9031.Spr9031Tests" time="0.018"/>
  <testcase name="withAsmAnnotationProcessing" classname="org.springframework.context.annotation.configuration.spr9031.Spr9031Tests" time="0.013"/>
  <system-out><![CDATA[]]></system-out>
  <system-err><![CDATA[]]></system-err>
</testsuite>
