<?xml version="1.0" encoding="UTF-8"?>
<testsuite name="org.springframework.context.groovy.GroovyApplicationContextTests" tests="4" skipped="0" failures="0" errors="0" timestamp="2021-04-16T01:48:25" hostname="DESKTOP-3R4DVF7" time="0.899">
  <properties/>
  <testcase name="testLoadingMultipleConfigFiles" classname="org.springframework.context.groovy.GroovyApplicationContextTests" time="0.851"/>
  <testcase name="testLoadingMultipleConfigFilesWithRelativeClass" classname="org.springframework.context.groovy.GroovyApplicationContextTests" time="0.026"/>
  <testcase name="testConfigFileParsingError" classname="org.springframework.context.groovy.GroovyApplicationContextTests" time="0.006"/>
  <testcase name="testLoadingConfigFile" classname="org.springframework.context.groovy.GroovyApplicationContextTests" time="0.016"/>
  <system-out><![CDATA[]]></system-out>
  <system-err><![CDATA[]]></system-err>
</testsuite>
