<?xml version="1.0" encoding="UTF-8"?>
<testsuite name="org.springframework.jmx.export.annotation.AnnotationLazyInitMBeanTests" tests="3" skipped="0" failures="0" errors="0" timestamp="2021-04-16T01:48:34" hostname="DESKTOP-3R4DVF7" time="0.252">
  <properties/>
  <testcase name="lazyAssembling" classname="org.springframework.jmx.export.annotation.AnnotationLazyInitMBeanTests" time="0.17"/>
  <testcase name="lazyNaming" classname="org.springframework.jmx.export.annotation.AnnotationLazyInitMBeanTests" time="0.021"/>
  <testcase name="componentScan" classname="org.springframework.jmx.export.annotation.AnnotationLazyInitMBeanTests" time="0.061"/>
  <system-out><![CDATA[]]></system-out>
  <system-err><![CDATA[]]></system-err>
</testsuite>
