<?xml version="1.0" encoding="UTF-8"?>
<testsuite name="org.springframework.aop.aspectj.SubtypeSensitiveMatchingTests" tests="3" skipped="0" failures="0" errors="0" timestamp="2021-04-16T01:47:57" hostname="DESKTOP-3R4DVF7" time="0.085">
  <properties/>
  <testcase name="testBeansAreProxiedOnStaticMatch" classname="org.springframework.aop.aspectj.SubtypeSensitiveMatchingTests" time="0.049"/>
  <testcase name="testBeansThatDoNotMatchBasedSolelyOnRuntimeTypeAreNotProxied" classname="org.springframework.aop.aspectj.SubtypeSensitiveMatchingTests" time="0.019"/>
  <testcase name="testBeansThatDoNotMatchBasedOnOtherTestAreProxied" classname="org.springframework.aop.aspectj.SubtypeSensitiveMatchingTests" time="0.017"/>
  <system-out><![CDATA[]]></system-out>
  <system-err><![CDATA[]]></system-err>
</testsuite>
