<?xml version="1.0" encoding="UTF-8"?>
<testsuite name="org.springframework.ejb.access.LocalSlsbInvokerInterceptorTests" tests="5" skipped="0" failures="0" errors="0" timestamp="2021-04-16T01:48:32" hostname="DESKTOP-3R4DVF7" time="0.044">
  <properties/>
  <testcase name="testInvokesMethodOnEjbInstance" classname="org.springframework.ejb.access.LocalSlsbInvokerInterceptorTests" time="0.035"/>
  <testcase name="testApplicationException" classname="org.springframework.ejb.access.LocalSlsbInvokerInterceptorTests" time="0.002"/>
  <testcase name="testPerformsLookup" classname="org.springframework.ejb.access.LocalSlsbInvokerInterceptorTests" time="0.0"/>
  <testcase name="testInvokesMethodOnEjbInstanceWithSeparateBusinessMethods" classname="org.springframework.ejb.access.LocalSlsbInvokerInterceptorTests" time="0.006"/>
  <testcase name="testLookupFailure" classname="org.springframework.ejb.access.LocalSlsbInvokerInterceptorTests" time="0.001"/>
  <system-out><![CDATA[]]></system-out>
  <system-err><![CDATA[]]></system-err>
</testsuite>
