<?xml version="1.0" encoding="UTF-8"?>
<testsuite name="org.springframework.scripting.config.ScriptingDefaultsTests" tests="6" skipped="0" failures="0" errors="0" timestamp="2021-04-16T01:48:56" hostname="DESKTOP-3R4DVF7" time="0.28">
  <properties/>
  <testcase name="defaultAutowire" classname="org.springframework.scripting.config.ScriptingDefaultsTests" time="0.079"/>
  <testcase name="nameAsAlias" classname="org.springframework.scripting.config.ScriptingDefaultsTests" time="0.049"/>
  <testcase name="defaultInitMethod" classname="org.springframework.scripting.config.ScriptingDefaultsTests" time="0.042"/>
  <testcase name="defaultProxyTargetClass" classname="org.springframework.scripting.config.ScriptingDefaultsTests" time="0.029"/>
  <testcase name="defaultRefreshCheckDelay" classname="org.springframework.scripting.config.ScriptingDefaultsTests" time="0.039"/>
  <testcase name="defaultDestroyMethod" classname="org.springframework.scripting.config.ScriptingDefaultsTests" time="0.042"/>
  <system-out><![CDATA[]]></system-out>
  <system-err><![CDATA[]]></system-err>
</testsuite>
