<?xml version="1.0" encoding="UTF-8"?>
<testsuite name="org.springframework.cache.interceptor.CacheResolverCustomizationTests" tests="7" skipped="0" failures="0" errors="0" timestamp="2021-04-16T01:48:08" hostname="DESKTOP-3R4DVF7" time="0.204">
  <properties/>
  <testcase name="customCacheResolver" classname="org.springframework.cache.interceptor.CacheResolverCustomizationTests" time="0.084"/>
  <testcase name="runtimeResolution" classname="org.springframework.cache.interceptor.CacheResolverCustomizationTests" time="0.022"/>
  <testcase name="namedResolution" classname="org.springframework.cache.interceptor.CacheResolverCustomizationTests" time="0.024"/>
  <testcase name="noCustomization" classname="org.springframework.cache.interceptor.CacheResolverCustomizationTests" time="0.021"/>
  <testcase name="customCacheManager" classname="org.springframework.cache.interceptor.CacheResolverCustomizationTests" time="0.019"/>
  <testcase name="noCacheResolved" classname="org.springframework.cache.interceptor.CacheResolverCustomizationTests" time="0.017"/>
  <testcase name="unknownCacheResolver" classname="org.springframework.cache.interceptor.CacheResolverCustomizationTests" time="0.016"/>
  <system-out><![CDATA[]]></system-out>
  <system-err><![CDATA[]]></system-err>
</testsuite>
