<?xml version="1.0" encoding="UTF-8"?>
<testsuite name="org.springframework.context.event.LifecycleEventTests" tests="2" skipped="0" failures="0" errors="0" timestamp="2021-04-16T01:48:25" hostname="DESKTOP-3R4DVF7" time="0.002">
  <properties/>
  <testcase name="contextStoppedEvent" classname="org.springframework.context.event.LifecycleEventTests" time="0.001"/>
  <testcase name="contextStartedEvent" classname="org.springframework.context.event.LifecycleEventTests" time="0.001"/>
  <system-out><![CDATA[]]></system-out>
  <system-err><![CDATA[]]></system-err>
</testsuite>
