<?xml version="1.0" encoding="UTF-8"?>
<testsuite name="org.springframework.aop.aspectj.generic.GenericParameterMatchingTests" tests="3" skipped="0" failures="0" errors="0" timestamp="2021-04-16T01:47:56" hostname="DESKTOP-3R4DVF7" time="0.11">
  <properties/>
  <testcase name="testGenericInterfaceSubtypeGenericCollectionArgExecution" classname="org.springframework.aop.aspectj.generic.GenericParameterMatchingTests" time="0.044"/>
  <testcase name="testGenericInterfaceGenericArgExecution" classname="org.springframework.aop.aspectj.generic.GenericParameterMatchingTests" time="0.032"/>
  <testcase name="testGenericInterfaceGenericCollectionArgExecution" classname="org.springframework.aop.aspectj.generic.GenericParameterMatchingTests" time="0.034"/>
  <system-out><![CDATA[]]></system-out>
  <system-err><![CDATA[]]></system-err>
</testsuite>
