<?xml version="1.0" encoding="UTF-8"?>
<testsuite name="org.springframework.context.annotation.EnableAspectJAutoProxyTests" tests="5" skipped="0" failures="0" errors="0" timestamp="2021-04-16T01:48:21" hostname="DESKTOP-3R4DVF7" time="0.182">
  <properties/>
  <testcase name="withCglibProxy" classname="org.springframework.context.annotation.EnableAspectJAutoProxyTests" time="0.036"/>
  <testcase name="withJdkProxy" classname="org.springframework.context.annotation.EnableAspectJAutoProxyTests" time="0.029"/>
  <testcase name="withAnnotationOnArgumentAndCglibProxy" classname="org.springframework.context.annotation.EnableAspectJAutoProxyTests" time="0.058"/>
  <testcase name="withAnnotationOnArgumentAndJdkProxy" classname="org.springframework.context.annotation.EnableAspectJAutoProxyTests" time="0.027"/>
  <testcase name="withExposedProxy" classname="org.springframework.context.annotation.EnableAspectJAutoProxyTests" time="0.032"/>
  <system-out><![CDATA[]]></system-out>
  <system-err><![CDATA[]]></system-err>
</testsuite>
