<?xml version="1.0" encoding="UTF-8"?>
<testsuite name="org.springframework.context.support.LiveBeansViewTests" tests="4" skipped="0" failures="0" errors="0" timestamp="2021-04-16T01:48:29" hostname="DESKTOP-3R4DVF7" time="0.025">
  <properties/>
  <testcase name="registerUnregisterServeralContextsDifferentOrder" classname="org.springframework.context.support.LiveBeansViewTests" time="0.024"/>
  <testcase name="registerUnregisterSingleContext" classname="org.springframework.context.support.LiveBeansViewTests" time="0.0"/>
  <testcase name="registerUnregisterServeralContexts" classname="org.springframework.context.support.LiveBeansViewTests" time="0.001"/>
  <testcase name="registerIgnoredIfPropertyIsNotSet" classname="org.springframework.context.support.LiveBeansViewTests" time="0.0"/>
  <system-out><![CDATA[]]></system-out>
  <system-err><![CDATA[]]></system-err>
</testsuite>
