<?xml version="1.0" encoding="UTF-8"?>
<testsuite name="org.springframework.aop.framework.ProxyFactoryBeanTests" tests="31" skipped="0" failures="0" errors="0" timestamp="2021-04-16T01:48:00" hostname="DESKTOP-3R4DVF7" time="0.391">
  <properties/>
  <testcase name="testDetectsInterfaces" classname="org.springframework.aop.framework.ProxyFactoryBeanTests" time="0.006"/>
  <testcase name="testTargetSourceNotAtEndOfInterceptorNamesIsRejected" classname="org.springframework.aop.framework.ProxyFactoryBeanTests" time="0.01"/>
  <testcase name="testSingletonInstancesAreEqual" classname="org.springframework.aop.framework.ProxyFactoryBeanTests" time="0.007"/>
  <testcase name="testGetObjectTypeWithNoTargetOrTargetSource" classname="org.springframework.aop.framework.ProxyFactoryBeanTests" time="0.01"/>
  <testcase name="testSerializableSingletonProxyFactoryBean" classname="org.springframework.aop.framework.ProxyFactoryBeanTests" time="0.077"/>
  <testcase name="testPrototypeAdvisor" classname="org.springframework.aop.framework.ProxyFactoryBeanTests" time="0.01"/>
  <testcase name="testIsDynamicProxyWhenInterfaceSpecifiedForPrototype" classname="org.springframework.aop.framework.ProxyFactoryBeanTests" time="0.004"/>
  <testcase name="testGlobalsWithoutTarget" classname="org.springframework.aop.framework.ProxyFactoryBeanTests" time="0.008"/>
  <testcase name="testIsDynamicProxyWhenAutodetectingInterfacesForPrototype" classname="org.springframework.aop.framework.ProxyFactoryBeanTests" time="0.005"/>
  <testcase name="testInnerBeanTargetUsingAutowiring" classname="org.springframework.aop.framework.ProxyFactoryBeanTests" time="0.012"/>
  <testcase name="testTargetAsInnerBean" classname="org.springframework.aop.framework.ProxyFactoryBeanTests" time="0.011"/>
  <testcase name="testCanAddAndRemoveAspectInterfacesOnPrototype" classname="org.springframework.aop.framework.ProxyFactoryBeanTests" time="0.009"/>
  <testcase name="testGlobalsCanAddAspectInterfaces" classname="org.springframework.aop.framework.ProxyFactoryBeanTests" time="0.014"/>
  <testcase name="testAutoInvoker" classname="org.springframework.aop.framework.ProxyFactoryBeanTests" time="0.006"/>
  <testcase name="testPrototypeInterceptorSingletonTarget" classname="org.springframework.aop.framework.ProxyFactoryBeanTests" time="0.011"/>
  <testcase name="testSerializableSingletonProxy" classname="org.springframework.aop.framework.ProxyFactoryBeanTests" time="0.013"/>
  <testcase name="testCanGetFactoryReferenceAndManipulate" classname="org.springframework.aop.framework.ProxyFactoryBeanTests" time="0.006"/>
  <testcase name="testIsDynamicProxyWhenInterfaceSpecified" classname="org.springframework.aop.framework.ProxyFactoryBeanTests" time="0.005"/>
  <testcase name="testDoubleTargetSourcesAreRejected" classname="org.springframework.aop.framework.ProxyFactoryBeanTests" time="0.016"/>
  <testcase name="testSerializablePrototypeProxy" classname="org.springframework.aop.framework.ProxyFactoryBeanTests" time="0.009"/>
  <testcase name="testIsDynamicProxyWhenAutodetectingInterfaces" classname="org.springframework.aop.framework.ProxyFactoryBeanTests" time="0.005"/>
  <testcase name="testCglibPrototypeInstance" classname="org.springframework.aop.framework.ProxyFactoryBeanTests" time="0.018"/>
  <testcase name="testEmptyInterceptorNames" classname="org.springframework.aop.framework.ProxyFactoryBeanTests" time="0.007"/>
  <testcase name="testGetObjectTypeWithTargetViaTargetSource" classname="org.springframework.aop.framework.ProxyFactoryBeanTests" time="0.023"/>
  <testcase name="testGetObjectTypeWithDirectTarget" classname="org.springframework.aop.framework.ProxyFactoryBeanTests" time="0.026"/>
  <testcase name="testProxyNotSerializableBecauseOfAdvice" classname="org.springframework.aop.framework.ProxyFactoryBeanTests" time="0.011"/>
  <testcase name="testMethodPointcuts" classname="org.springframework.aop.framework.ProxyFactoryBeanTests" time="0.008"/>
  <testcase name="testCanAddAndRemoveAdvicesOnSingleton" classname="org.springframework.aop.framework.ProxyFactoryBeanTests" time="0.006"/>
  <testcase name="testCanAddThrowsAdviceWithoutAdvisor" classname="org.springframework.aop.framework.ProxyFactoryBeanTests" time="0.015"/>
  <testcase name="testPrototypeInstancesAreNotEqual" classname="org.springframework.aop.framework.ProxyFactoryBeanTests" time="0.004"/>
  <testcase name="testFrozenFactoryBean" classname="org.springframework.aop.framework.ProxyFactoryBeanTests" time="0.017"/>
  <system-out><![CDATA[09:48:00.452 [Test worker] WARN  org.springframework.aop.framework.ProxyFactoryBean - Using non-singleton proxies with singleton targets is often undesirable. Enable prototype proxies by setting the 'targetName' property.
09:48:00.452 [Test worker] WARN  org.springframework.aop.framework.ProxyFactoryBean - Using non-singleton proxies with singleton targets is often undesirable. Enable prototype proxies by setting the 'targetName' property.
]]></system-out>
  <system-err><![CDATA[]]></system-err>
</testsuite>
