<?xml version="1.0" encoding="UTF-8"?>
<testsuite name="org.springframework.context.annotation.configuration.Spr7167Tests" tests="1" skipped="0" failures="0" errors="0" timestamp="2021-04-16T01:48:20" hostname="DESKTOP-3R4DVF7" time="0.018">
  <properties/>
  <testcase name="test" classname="org.springframework.context.annotation.configuration.Spr7167Tests" time="0.018"/>
  <system-out><![CDATA[09:48:20.065 [Test worker] WARN  org.springframework.context.annotation.ConfigurationClassEnhancer - @Bean method MyConfig.thePostProcessor is non-static and returns an object assignable to Spring's BeanFactoryPostProcessor interface. This will result in a failure to process annotations such as @Autowired, @Resource and @PostConstruct within the method's declaring @Configuration class. Add the 'static' modifier to this method to avoid these container lifecycle issues; see @Bean javadoc for complete details.
]]></system-out>
  <system-err><![CDATA[]]></system-err>
</testsuite>
