<?xml version="1.0" encoding="UTF-8"?>
<testsuite name="org.springframework.context.annotation.configuration.ImportedConfigurationClassEnhancementTests" tests="5" skipped="0" failures="0" errors="0" timestamp="2021-04-16T01:48:19" hostname="DESKTOP-3R4DVF7" time="0.054">
  <properties/>
  <testcase name="autowiredConfigClassIsEnhancedWhenRegisteredViaConstructor" classname="org.springframework.context.annotation.configuration.ImportedConfigurationClassEnhancementTests" time="0.024"/>
  <testcase name="autowiredConfigClassIsEnhancedWhenImported" classname="org.springframework.context.annotation.configuration.ImportedConfigurationClassEnhancementTests" time="0.01"/>
  <testcase name="importingNonConfigurationClassCausesBeanDefinitionParsingException" classname="org.springframework.context.annotation.configuration.ImportedConfigurationClassEnhancementTests" time="0.012"/>
  <testcase name="autowiredConfigClassBeanMethodsRespectScopingWhenImported" classname="org.springframework.context.annotation.configuration.ImportedConfigurationClassEnhancementTests" time="0.004"/>
  <testcase name="autowiredConfigClassBeanMethodsRespectScopingWhenRegisteredViaConstructor" classname="org.springframework.context.annotation.configuration.ImportedConfigurationClassEnhancementTests" time="0.004"/>
  <system-out><![CDATA[]]></system-out>
  <system-err><![CDATA[]]></system-err>
</testsuite>
