<?xml version="1.0" encoding="UTF-8"?>
<testsuite name="org.springframework.jmx.export.MBeanExporterOperationsTests" tests="4" skipped="0" failures="0" errors="0" timestamp="2021-04-16T01:48:35" hostname="DESKTOP-3R4DVF7" time="0.004">
  <properties/>
  <testcase name="testRegisterExistingMBeanWithUserSuppliedObjectName" classname="org.springframework.jmx.export.MBeanExporterOperationsTests" time="0.001"/>
  <testcase name="testRegisterManagedResourceWithGeneratedObjectName" classname="org.springframework.jmx.export.MBeanExporterOperationsTests" time="0.001"/>
  <testcase name="testRegisterManagedResourceWithUserSuppliedObjectName" classname="org.springframework.jmx.export.MBeanExporterOperationsTests" time="0.0"/>
  <testcase name="testRegisterManagedResourceWithGeneratedObjectNameWithoutUniqueness" classname="org.springframework.jmx.export.MBeanExporterOperationsTests" time="0.002"/>
  <system-out><![CDATA[]]></system-out>
  <system-err><![CDATA[]]></system-err>
</testsuite>
