<?xml version="1.0" encoding="UTF-8"?>
<testsuite name="org.springframework.beans.factory.support.InjectAnnotationAutowireContextTests" tests="22" skipped="0" failures="0" errors="0" timestamp="2021-04-16T01:48:00" hostname="DESKTOP-3R4DVF7" time="0.086">
  <properties/>
  <testcase name="testAutowiredFieldWithSingleQualifiedCandidate" classname="org.springframework.beans.factory.support.InjectAnnotationAutowireContextTests" time="0.014"/>
  <testcase name="testAutowiredFieldWithMultipleNonQualifiedCandidates" classname="org.springframework.beans.factory.support.InjectAnnotationAutowireContextTests" time="0.002"/>
  <testcase name="testAutowiredFieldResolvesWithMultipleQualifierValuesAndExplicitDefaultValue" classname="org.springframework.beans.factory.support.InjectAnnotationAutowireContextTests" time="0.008"/>
  <testcase name="testAutowiredFieldDoesNotResolveWithMultipleQualifierValuesAndConflictingDefaultValue" classname="org.springframework.beans.factory.support.InjectAnnotationAutowireContextTests" time="0.002"/>
  <testcase name="testAutowiredMethodParameterWithSingleQualifiedCandidate" classname="org.springframework.beans.factory.support.InjectAnnotationAutowireContextTests" time="0.005"/>
  <testcase name="testAutowiredConstructorArgumentWithSingleQualifiedCandidate" classname="org.springframework.beans.factory.support.InjectAnnotationAutowireContextTests" time="0.008"/>
  <testcase name="testAutowiredMethodParameterWithStaticallyQualifiedCandidateAmongOthers" classname="org.springframework.beans.factory.support.InjectAnnotationAutowireContextTests" time="0.007"/>
  <testcase name="testAutowiredFieldResolvesWithMultipleQualifierValues" classname="org.springframework.beans.factory.support.InjectAnnotationAutowireContextTests" time="0.002"/>
  <testcase name="testAutowiredConstructorArgumentWithSingleNonQualifiedCandidate" classname="org.springframework.beans.factory.support.InjectAnnotationAutowireContextTests" time="0.002"/>
  <testcase name="testAutowiredMethodParameterResolvesQualifiedCandidate" classname="org.springframework.beans.factory.support.InjectAnnotationAutowireContextTests" time="0.002"/>
  <testcase name="testAutowiredFieldDoesNotResolveWithBaseQualifierAndNonDefaultValueAndMultipleMatchingCandidates" classname="org.springframework.beans.factory.support.InjectAnnotationAutowireContextTests" time="0.001"/>
  <testcase name="testAutowiredConstructorArgumentWithMultipleNonQualifiedCandidates" classname="org.springframework.beans.factory.support.InjectAnnotationAutowireContextTests" time="0.002"/>
  <testcase name="testAutowiredMethodParameterWithSingleNonQualifiedCandidate" classname="org.springframework.beans.factory.support.InjectAnnotationAutowireContextTests" time="0.001"/>
  <testcase name="testAutowiredFieldDoesNotResolveWithMultipleQualifierValuesAndMultipleMatchingCandidates" classname="org.springframework.beans.factory.support.InjectAnnotationAutowireContextTests" time="0.003"/>
  <testcase name="testAutowiredMethodParameterWithMultipleNonQualifiedCandidates" classname="org.springframework.beans.factory.support.InjectAnnotationAutowireContextTests" time="0.002"/>
  <testcase name="testAutowiredFieldResolvesQualifiedCandidateWithDefaultValueAndNoValueOnBeanDefinition" classname="org.springframework.beans.factory.support.InjectAnnotationAutowireContextTests" time="0.006"/>
  <testcase name="testAutowiredMethodParameterWithStaticallyQualifiedCandidate" classname="org.springframework.beans.factory.support.InjectAnnotationAutowireContextTests" time="0.009"/>
  <testcase name="testAutowiredConstructorArgumentResolvesQualifiedCandidate" classname="org.springframework.beans.factory.support.InjectAnnotationAutowireContextTests" time="0.002"/>
  <testcase name="testAutowiredFieldWithSingleNonQualifiedCandidate" classname="org.springframework.beans.factory.support.InjectAnnotationAutowireContextTests" time="0.002"/>
  <testcase name="testAutowiredFieldResolvesWithDefaultValueAndExplicitDefaultValueOnBeanDefinition" classname="org.springframework.beans.factory.support.InjectAnnotationAutowireContextTests" time="0.002"/>
  <testcase name="testAutowiredFieldResolvesQualifiedCandidate" classname="org.springframework.beans.factory.support.InjectAnnotationAutowireContextTests" time="0.002"/>
  <testcase name="testAutowiredFieldDoesNotResolveCandidateWithDefaultValueAndConflictingValueOnBeanDefinition" classname="org.springframework.beans.factory.support.InjectAnnotationAutowireContextTests" time="0.001"/>
  <system-out><![CDATA[09:48:00.919 [Test worker] WARN  org.springframework.context.support.GenericApplicationContext - Exception encountered during context initialization - cancelling refresh attempt: org.springframework.beans.factory.UnsatisfiedDependencyException: Error creating bean with name 'autowired': Unsatisfied dependency expressed through field 'person'; nested exception is org.springframework.beans.factory.NoSuchBeanDefinitionException: No qualifying bean of type 'org.springframework.beans.factory.support.InjectAnnotationAutowireContextTests$Person' available: expected at least 1 bean which qualifies as autowire candidate. Dependency annotations: {@javax.inject.Inject(), @org.springframework.beans.factory.support.InjectAnnotationAutowireContextTests$TestQualifier()}
09:48:00.929 [Test worker] WARN  org.springframework.context.support.GenericApplicationContext - Exception encountered during context initialization - cancelling refresh attempt: org.springframework.beans.factory.UnsatisfiedDependencyException: Error creating bean with name 'autowired': Unsatisfied dependency expressed through field 'person'; nested exception is org.springframework.beans.factory.NoSuchBeanDefinitionException: No qualifying bean of type 'org.springframework.beans.factory.support.InjectAnnotationAutowireContextTests$Person' available: expected at least 1 bean which qualifies as autowire candidate. Dependency annotations: {@javax.inject.Inject(), @org.springframework.beans.factory.support.InjectAnnotationAutowireContextTests$TestQualifierWithMultipleAttributes(value=default, number=123)}
09:48:00.954 [Test worker] WARN  org.springframework.context.support.GenericApplicationContext - Exception encountered during context initialization - cancelling refresh attempt: org.springframework.beans.factory.UnsatisfiedDependencyException: Error creating bean with name 'autowired': Unsatisfied dependency expressed through constructor parameter 0; nested exception is org.springframework.beans.factory.NoSuchBeanDefinitionException: No qualifying bean of type 'org.springframework.beans.factory.support.InjectAnnotationAutowireContextTests$Person' available: expected at least 1 bean which qualifies as autowire candidate. Dependency annotations: {@org.springframework.beans.factory.support.InjectAnnotationAutowireContextTests$TestQualifier()}
09:48:00.957 [Test worker] WARN  org.springframework.context.support.GenericApplicationContext - Exception encountered during context initialization - cancelling refresh attempt: org.springframework.beans.factory.UnsatisfiedDependencyException: Error creating bean with name 'autowired': Unsatisfied dependency expressed through constructor parameter 0; nested exception is org.springframework.beans.factory.NoSuchBeanDefinitionException: No qualifying bean of type 'org.springframework.beans.factory.support.InjectAnnotationAutowireContextTests$Person' available: expected at least 1 bean which qualifies as autowire candidate. Dependency annotations: {@javax.inject.Named(value=juergen)}
09:48:00.958 [Test worker] WARN  org.springframework.context.support.GenericApplicationContext - Exception encountered during context initialization - cancelling refresh attempt: org.springframework.beans.factory.UnsatisfiedDependencyException: Error creating bean with name 'autowired': Unsatisfied dependency expressed through constructor parameter 0; nested exception is org.springframework.beans.factory.NoSuchBeanDefinitionException: No qualifying bean of type 'org.springframework.beans.factory.support.InjectAnnotationAutowireContextTests$Person' available: expected at least 1 bean which qualifies as autowire candidate. Dependency annotations: {@org.springframework.beans.factory.support.InjectAnnotationAutowireContextTests$TestQualifier()}
09:48:00.960 [Test worker] WARN  org.springframework.context.support.GenericApplicationContext - Exception encountered during context initialization - cancelling refresh attempt: org.springframework.beans.factory.UnsatisfiedDependencyException: Error creating bean with name 'autowired': Unsatisfied dependency expressed through method 'setPerson' parameter 0; nested exception is org.springframework.beans.factory.NoSuchBeanDefinitionException: No qualifying bean of type 'org.springframework.beans.factory.support.InjectAnnotationAutowireContextTests$Person' available: expected at least 1 bean which qualifies as autowire candidate. Dependency annotations: {@org.springframework.beans.factory.support.InjectAnnotationAutowireContextTests$TestQualifier()}
09:48:00.963 [Test worker] WARN  org.springframework.context.support.GenericApplicationContext - Exception encountered during context initialization - cancelling refresh attempt: org.springframework.beans.factory.UnsatisfiedDependencyException: Error creating bean with name 'autowired': Unsatisfied dependency expressed through field 'person'; nested exception is org.springframework.beans.factory.NoUniqueBeanDefinitionException: No qualifying bean of type 'org.springframework.beans.factory.support.InjectAnnotationAutowireContextTests$Person' available: expected single matching bean but found 2: juergen,mark
09:48:00.965 [Test worker] WARN  org.springframework.context.support.GenericApplicationContext - Exception encountered during context initialization - cancelling refresh attempt: org.springframework.beans.factory.UnsatisfiedDependencyException: Error creating bean with name 'autowired': Unsatisfied dependency expressed through method 'setPerson' parameter 0; nested exception is org.springframework.beans.factory.NoSuchBeanDefinitionException: No qualifying bean of type 'org.springframework.beans.factory.support.InjectAnnotationAutowireContextTests$Person' available: expected at least 1 bean which qualifies as autowire candidate. Dependency annotations: {@org.springframework.beans.factory.support.InjectAnnotationAutowireContextTests$TestQualifier()}
09:48:00.984 [Test worker] WARN  org.springframework.context.support.GenericApplicationContext - Exception encountered during context initialization - cancelling refresh attempt: org.springframework.beans.factory.UnsatisfiedDependencyException: Error creating bean with name 'autowired': Unsatisfied dependency expressed through field 'person'; nested exception is org.springframework.beans.factory.NoSuchBeanDefinitionException: No qualifying bean of type 'org.springframework.beans.factory.support.InjectAnnotationAutowireContextTests$Person' available: expected at least 1 bean which qualifies as autowire candidate. Dependency annotations: {@javax.inject.Inject(), @org.springframework.beans.factory.support.InjectAnnotationAutowireContextTests$TestQualifier()}
09:48:00.989 [Test worker] WARN  org.springframework.context.support.GenericApplicationContext - Exception encountered during context initialization - cancelling refresh attempt: org.springframework.beans.factory.UnsatisfiedDependencyException: Error creating bean with name 'autowired': Unsatisfied dependency expressed through field 'person'; nested exception is org.springframework.beans.factory.NoSuchBeanDefinitionException: No qualifying bean of type 'org.springframework.beans.factory.support.InjectAnnotationAutowireContextTests$Person' available: expected at least 1 bean which qualifies as autowire candidate. Dependency annotations: {@javax.inject.Inject(), @org.springframework.beans.factory.support.InjectAnnotationAutowireContextTests$TestQualifierWithDefaultValue(value=default)}
]]></system-out>
  <system-err><![CDATA[]]></system-err>
</testsuite>
