<?xml version="1.0" encoding="UTF-8"?>
<testsuite name="org.springframework.context.expression.MapAccessorTests" tests="1" skipped="0" failures="0" errors="0" timestamp="2021-04-16T01:48:25" hostname="DESKTOP-3R4DVF7" time="0.008">
  <properties/>
  <testcase name="mapAccessorCompilable" classname="org.springframework.context.expression.MapAccessorTests" time="0.008"/>
  <system-out><![CDATA[]]></system-out>
  <system-err><![CDATA[]]></system-err>
</testsuite>
