<?xml version="1.0" encoding="UTF-8"?>
<testsuite name="org.springframework.aop.aspectj.autoproxy.AspectJAutoProxyCreatorAndLazyInitTargetSourceTests" tests="1" skipped="0" failures="0" errors="0" timestamp="2021-04-16T01:47:54" hostname="DESKTOP-3R4DVF7" time="0.117">
  <properties/>
  <testcase name="testAdrian" classname="org.springframework.aop.aspectj.autoproxy.AspectJAutoProxyCreatorAndLazyInitTargetSourceTests" time="0.117"/>
  <system-out><![CDATA[]]></system-out>
  <system-err><![CDATA[]]></system-err>
</testsuite>
