<?xml version="1.0" encoding="UTF-8"?>
<testsuite name="org.springframework.context.annotation.AnnotationBeanNameGeneratorTests" tests="9" skipped="0" failures="0" errors="0" timestamp="2021-04-16T01:48:09" hostname="DESKTOP-3R4DVF7" time="0.014">
  <properties/>
  <testcase name="generateBeanNameWithNamedComponentWhereTheNameIsBlank" classname="org.springframework.context.annotation.AnnotationBeanNameGeneratorTests" time="0.002"/>
  <testcase name="generateBeanNameWithNamedComponent" classname="org.springframework.context.annotation.AnnotationBeanNameGeneratorTests" time="0.001"/>
  <testcase name="generateBeanNameWithDefaultNamedComponent" classname="org.springframework.context.annotation.AnnotationBeanNameGeneratorTests" time="0.003"/>
  <testcase name="generateBeanNameFromMetaComponentWithStringValue" classname="org.springframework.context.annotation.AnnotationBeanNameGeneratorTests" time="0.001"/>
  <testcase name="generateBeanNameWithAnonymousComponentYieldsGeneratedBeanName" classname="org.springframework.context.annotation.AnnotationBeanNameGeneratorTests" time="0.001"/>
  <testcase name="generateBeanNameFromComposedControllerAnnotationWithoutName" classname="org.springframework.context.annotation.AnnotationBeanNameGeneratorTests" time="0.002"/>
  <testcase name="generateBeanNameFromComposedControllerAnnotationWithStringValue" classname="org.springframework.context.annotation.AnnotationBeanNameGeneratorTests" time="0.001"/>
  <testcase name="generateBeanNameFromComposedControllerAnnotationWithBlankName" classname="org.springframework.context.annotation.AnnotationBeanNameGeneratorTests" time="0.001"/>
  <testcase name="generateBeanNameFromMetaComponentWithNonStringValue" classname="org.springframework.context.annotation.AnnotationBeanNameGeneratorTests" time="0.002"/>
  <system-out><![CDATA[]]></system-out>
  <system-err><![CDATA[]]></system-err>
</testsuite>
