<?xml version="1.0" encoding="UTF-8"?>
<testsuite name="org.springframework.cache.config.EnableCachingIntegrationTests" tests="3" skipped="0" failures="0" errors="0" timestamp="2021-04-16T01:48:07" hostname="DESKTOP-3R4DVF7" time="0.091">
  <properties/>
  <testcase name="fooServiceWithInterfaceCglib" classname="org.springframework.cache.config.EnableCachingIntegrationTests" time="0.041"/>
  <testcase name="beanCondition" classname="org.springframework.cache.config.EnableCachingIntegrationTests" time="0.037"/>
  <testcase name="fooServiceWithInterface" classname="org.springframework.cache.config.EnableCachingIntegrationTests" time="0.013"/>
  <system-out><![CDATA[]]></system-out>
  <system-err><![CDATA[]]></system-err>
</testsuite>
