<?xml version="1.0" encoding="UTF-8"?>
<testsuite name="org.springframework.context.annotation.ConfigurationWithFactoryBeanAndParametersTests" tests="1" skipped="0" failures="0" errors="0" timestamp="2021-04-16T01:48:21" hostname="DESKTOP-3R4DVF7" time="0.026">
  <properties/>
  <testcase name="test" classname="org.springframework.context.annotation.ConfigurationWithFactoryBeanAndParametersTests" time="0.026"/>
  <system-out><![CDATA[]]></system-out>
  <system-err><![CDATA[]]></system-err>
</testsuite>
