<?xml version="1.0" encoding="UTF-8"?>
<testsuite name="org.springframework.aop.aspectj.PropertyDependentAspectTests" tests="4" skipped="0" failures="0" errors="0" timestamp="2021-04-16T01:47:57" hostname="DESKTOP-3R4DVF7" time="0.102">
  <properties/>
  <testcase name="propertyDependentAtAspectJAspectWithPropertyDeclaredAfterAdvice" classname="org.springframework.aop.aspectj.PropertyDependentAspectTests" time="0.025"/>
  <testcase name="propertyDependentAtAspectJAspectWithPropertyDeclaredBeforeAdvice" classname="org.springframework.aop.aspectj.PropertyDependentAspectTests" time="0.016"/>
  <testcase name="propertyDependentAspectWithPropertyDeclaredAfterAdvice" classname="org.springframework.aop.aspectj.PropertyDependentAspectTests" time="0.035"/>
  <testcase name="propertyDependentAspectWithPropertyDeclaredBeforeAdvice" classname="org.springframework.aop.aspectj.PropertyDependentAspectTests" time="0.025"/>
  <system-out><![CDATA[]]></system-out>
  <system-err><![CDATA[]]></system-err>
</testsuite>
