<?xml version="1.0" encoding="UTF-8"?>
<testsuite name="org.springframework.context.annotation.ComponentScanParserTests" tests="8" skipped="0" failures="0" errors="0" timestamp="2021-04-16T01:48:17" hostname="DESKTOP-3R4DVF7" time="1.03">
  <properties/>
  <testcase name="componentScanWithAutowiredQualifier" classname="org.springframework.context.annotation.ComponentScanParserTests" time="0.027"/>
  <testcase name="customTypeFilter" classname="org.springframework.context.annotation.ComponentScanParserTests" time="0.248"/>
  <testcase name="aspectjTypeFilter" classname="org.springframework.context.annotation.ComponentScanParserTests" time="0.023"/>
  <testcase name="componentScanRespectsProfileAnnotation" classname="org.springframework.context.annotation.ComponentScanParserTests" time="0.046"/>
  <testcase name="aspectjTypeFilterWithPlaceholders" classname="org.springframework.context.annotation.ComponentScanParserTests" time="0.054"/>
  <testcase name="matchingResourcePattern" classname="org.springframework.context.annotation.ComponentScanParserTests" time="0.018"/>
  <testcase name="nonMatchingResourcePattern" classname="org.springframework.context.annotation.ComponentScanParserTests" time="0.36"/>
  <testcase name="customAnnotationUsedForBothComponentScanAndQualifier" classname="org.springframework.context.annotation.ComponentScanParserTests" time="0.254"/>
  <system-out><![CDATA[]]></system-out>
  <system-err><![CDATA[]]></system-err>
</testsuite>
