<?xml version="1.0" encoding="UTF-8"?>
<testsuite name="org.springframework.context.annotation.AnnotationProcessorPerformanceTests" tests="4" skipped="4" failures="0" errors="0" timestamp="2021-04-16T01:48:09" hostname="DESKTOP-3R4DVF7" time="0.0">
  <properties/>
  <testcase name="testPrototypeCreationWithOverriddenResourcePropertiesIsFastEnough" classname="org.springframework.context.annotation.AnnotationProcessorPerformanceTests" time="0.0">
    <skipped/>
  </testcase>
  <testcase name="testPrototypeCreationWithOverriddenAutowiredPropertiesIsFastEnough" classname="org.springframework.context.annotation.AnnotationProcessorPerformanceTests" time="0.0">
    <skipped/>
  </testcase>
  <testcase name="testPrototypeCreationWithAutowiredPropertiesIsFastEnough" classname="org.springframework.context.annotation.AnnotationProcessorPerformanceTests" time="0.0">
    <skipped/>
  </testcase>
  <testcase name="testPrototypeCreationWithResourcePropertiesIsFastEnough" classname="org.springframework.context.annotation.AnnotationProcessorPerformanceTests" time="0.0">
    <skipped/>
  </testcase>
  <system-out><![CDATA[]]></system-out>
  <system-err><![CDATA[]]></system-err>
</testsuite>
