<?xml version="1.0" encoding="UTF-8"?>
<testsuite name="org.springframework.context.support.StaticApplicationContextTests" tests="37" skipped="0" failures="0" errors="0" timestamp="2021-04-16T01:48:32" hostname="DESKTOP-3R4DVF7" time="0.052">
  <properties/>
  <testcase name="count" classname="org.springframework.context.support.StaticApplicationContextTests" time="0.001"/>
  <testcase name="closeTriggersDestroy" classname="org.springframework.context.support.StaticApplicationContextTests" time="0.002"/>
  <testcase name="grandparentNull" classname="org.springframework.context.support.StaticApplicationContextTests" time="0.001"/>
  <testcase name="eventsWithNoSource" classname="org.springframework.context.support.StaticApplicationContextTests" time="0.001"/>
  <testcase name="parentNonNull" classname="org.springframework.context.support.StaticApplicationContextTests" time="0.001"/>
  <testcase name="grandparentDefinitionFound" classname="org.springframework.context.support.StaticApplicationContextTests" time="0.002"/>
  <testcase name="messageSource" classname="org.springframework.context.support.StaticApplicationContextTests" time="0.001"/>
  <testcase name="events" classname="org.springframework.context.support.StaticApplicationContextTests" time="0.001"/>
  <testcase name="contextAwareSingletonWasCalledBack" classname="org.springframework.context.support.StaticApplicationContextTests" time="0.002"/>
  <testcase name="contextAwarePrototypeWasCalledBack" classname="org.springframework.context.support.StaticApplicationContextTests" time="0.001"/>
  <testcase name="overrideWorked" classname="org.springframework.context.support.StaticApplicationContextTests" time="0.001"/>
  <testcase name="beanAutomaticallyHearsEvents" classname="org.springframework.context.support.StaticApplicationContextTests" time="0.002"/>
  <testcase name="grandparentTypedDefinitionFound" classname="org.springframework.context.support.StaticApplicationContextTests" time="0.001"/>
  <testcase name="containsBeanDefinition" classname="org.springframework.context.support.StaticApplicationContextTests" time="0.001"/>
  <testcase name="getDefinitionsForNoSuchClass" classname="org.springframework.context.support.StaticApplicationContextTests" time="0.002"/>
  <testcase name="getCountForFactoryClass" classname="org.springframework.context.support.StaticApplicationContextTests" time="0.001"/>
  <testcase name="factoryIsInitialized" classname="org.springframework.context.support.StaticApplicationContextTests" time="0.001"/>
  <testcase name="inheritance" classname="org.springframework.context.support.StaticApplicationContextTests" time="0.002"/>
  <testcase name="factorySingleton" classname="org.springframework.context.support.StaticApplicationContextTests" time="0.001"/>
  <testcase name="getSharedInstanceByMatchingClassNoCatch" classname="org.springframework.context.support.StaticApplicationContextTests" time="0.002"/>
  <testcase name="getSharedInstanceByMatchingClass" classname="org.springframework.context.support.StaticApplicationContextTests" time="0.001"/>
  <testcase name="getSharedInstanceByNonmatchingClass" classname="org.springframework.context.support.StaticApplicationContextTests" time="0.001"/>
  <testcase name="prototypeInstancesAreIndependent" classname="org.springframework.context.support.StaticApplicationContextTests" time="0.002"/>
  <testcase name="factoryPrototype" classname="org.springframework.context.support.StaticApplicationContextTests" time="0.001"/>
  <testcase name="lifecycleCallbacks" classname="org.springframework.context.support.StaticApplicationContextTests" time="0.001"/>
  <testcase name="grandparentDefinitionFoundInBeanFactory" classname="org.springframework.context.support.StaticApplicationContextTests" time="0.001"/>
  <testcase name="validEmpty" classname="org.springframework.context.support.StaticApplicationContextTests" time="0.001"/>
  <testcase name="findsValidInstance" classname="org.springframework.context.support.StaticApplicationContextTests" time="0.002"/>
  <testcase name="getFactoryItself" classname="org.springframework.context.support.StaticApplicationContextTests" time="0.001"/>
  <testcase name="getInstanceByMatchingClass" classname="org.springframework.context.support.StaticApplicationContextTests" time="0.002"/>
  <testcase name="getInstanceByNonmatchingClass" classname="org.springframework.context.support.StaticApplicationContextTests" time="0.001"/>
  <testcase name="getBeanWithNullArg" classname="org.springframework.context.support.StaticApplicationContextTests" time="0.002"/>
  <testcase name="rejectsFactoryGetOnNormalBean" classname="org.springframework.context.support.StaticApplicationContextTests" time="0.001"/>
  <testcase name="sharedInstancesAreEqual" classname="org.springframework.context.support.StaticApplicationContextTests" time="0.002"/>
  <testcase name="notThere" classname="org.springframework.context.support.StaticApplicationContextTests" time="0.001"/>
  <testcase name="aliasing" classname="org.springframework.context.support.StaticApplicationContextTests" time="0.001"/>
  <testcase name="initializingBeanCallback" classname="org.springframework.context.support.StaticApplicationContextTests" time="0.002"/>
  <system-out><![CDATA[]]></system-out>
  <system-err><![CDATA[]]></system-err>
</testsuite>
