<?xml version="1.0" encoding="UTF-8"?>
<testsuite name="org.springframework.aop.aspectj.TargetPointcutSelectionTests" tests="2" skipped="0" failures="0" errors="0" timestamp="2021-04-16T01:47:57" hostname="DESKTOP-3R4DVF7" time="0.057">
  <properties/>
  <testcase name="targetSelectionForMatchedType" classname="org.springframework.aop.aspectj.TargetPointcutSelectionTests" time="0.041"/>
  <testcase name="targetNonSelectionForMismatchedType" classname="org.springframework.aop.aspectj.TargetPointcutSelectionTests" time="0.016"/>
  <system-out><![CDATA[]]></system-out>
  <system-err><![CDATA[]]></system-err>
</testsuite>
