<?xml version="1.0" encoding="UTF-8"?>
<testsuite name="org.springframework.jmx.export.PropertyPlaceholderConfigurerTests" tests="2" skipped="0" failures="0" errors="0" timestamp="2021-04-16T01:48:35" hostname="DESKTOP-3R4DVF7" time="0.009">
  <properties/>
  <testcase name="testPropertiesCorrectInJmx" classname="org.springframework.jmx.export.PropertyPlaceholderConfigurerTests" time="0.005"/>
  <testcase name="testPropertiesReplaced" classname="org.springframework.jmx.export.PropertyPlaceholderConfigurerTests" time="0.004"/>
  <system-out><![CDATA[]]></system-out>
  <system-err><![CDATA[]]></system-err>
</testsuite>
