<?xml version="1.0" encoding="UTF-8"?>
<testsuite name="org.springframework.ejb.access.LocalStatelessSessionProxyFactoryBeanTests" tests="4" skipped="0" failures="0" errors="0" timestamp="2021-04-16T01:48:33" hostname="DESKTOP-3R4DVF7" time="0.014">
  <properties/>
  <testcase name="testInvokesMethodOnEjb3StyleBean" classname="org.springframework.ejb.access.LocalStatelessSessionProxyFactoryBeanTests" time="0.008"/>
  <testcase name="testNoBusinessInterfaceSpecified" classname="org.springframework.ejb.access.LocalStatelessSessionProxyFactoryBeanTests" time="0.005"/>
  <testcase name="testCreateException" classname="org.springframework.ejb.access.LocalStatelessSessionProxyFactoryBeanTests" time="0.0"/>
  <testcase name="testInvokesMethod" classname="org.springframework.ejb.access.LocalStatelessSessionProxyFactoryBeanTests" time="0.001"/>
  <system-out><![CDATA[]]></system-out>
  <system-err><![CDATA[]]></system-err>
</testsuite>
