<?xml version="1.0" encoding="UTF-8"?>
<testsuite name="org.springframework.context.annotation.AnnotationConfigApplicationContextTests" tests="20" skipped="0" failures="0" errors="0" timestamp="2021-04-16T01:48:09" hostname="DESKTOP-3R4DVF7" time="0.172">
  <properties/>
  <testcase name="getBeanByType" classname="org.springframework.context.annotation.AnnotationConfigApplicationContextTests" time="0.017"/>
  <testcase name="individualBeanWithSupplier" classname="org.springframework.context.annotation.AnnotationConfigApplicationContextTests" time="0.014"/>
  <testcase name="scanAndRefresh" classname="org.springframework.context.annotation.AnnotationConfigApplicationContextTests" time="0.023"/>
  <testcase name="defaultConfigClassBeanNameIsGeneratedProperly" classname="org.springframework.context.annotation.AnnotationConfigApplicationContextTests" time="0.004"/>
  <testcase name="individualBeanWithSpecifiedConstructorArguments" classname="org.springframework.context.annotation.AnnotationConfigApplicationContextTests" time="0.004"/>
  <testcase name="autowiringIsEnabledByDefault" classname="org.springframework.context.annotation.AnnotationConfigApplicationContextTests" time="0.029"/>
  <testcase name="individualNamedBeanWithMixedConstructorArguments" classname="org.springframework.context.annotation.AnnotationConfigApplicationContextTests" time="0.003"/>
  <testcase name="individualNamedBeanWithSupplier" classname="org.springframework.context.annotation.AnnotationConfigApplicationContextTests" time="0.004"/>
  <testcase name="registerAndRefresh" classname="org.springframework.context.annotation.AnnotationConfigApplicationContextTests" time="0.003"/>
  <testcase name="individualBeanWithMixedConstructorArguments" classname="org.springframework.context.annotation.AnnotationConfigApplicationContextTests" time="0.003"/>
  <testcase name="getBeanByTypeRaisesNoSuchBeanDefinitionException" classname="org.springframework.context.annotation.AnnotationConfigApplicationContextTests" time="0.003"/>
  <testcase name="explicitConfigClassBeanNameIsRespected" classname="org.springframework.context.annotation.AnnotationConfigApplicationContextTests" time="0.015"/>
  <testcase name="individualBeanWithSupplierAndCustomizer" classname="org.springframework.context.annotation.AnnotationConfigApplicationContextTests" time="0.003"/>
  <testcase name="nullReturningBeanPostProcessor" classname="org.springframework.context.annotation.AnnotationConfigApplicationContextTests" time="0.006"/>
  <testcase name="getBeansWithAnnotation" classname="org.springframework.context.annotation.AnnotationConfigApplicationContextTests" time="0.009"/>
  <testcase name="individualNamedBeanWithSpecifiedConstructorArguments" classname="org.springframework.context.annotation.AnnotationConfigApplicationContextTests" time="0.003"/>
  <testcase name="individualNamedBeanWithSupplierAndCustomizer" classname="org.springframework.context.annotation.AnnotationConfigApplicationContextTests" time="0.003"/>
  <testcase name="individualBeans" classname="org.springframework.context.annotation.AnnotationConfigApplicationContextTests" time="0.004"/>
  <testcase name="getBeanByTypeAmbiguityRaisesException" classname="org.springframework.context.annotation.AnnotationConfigApplicationContextTests" time="0.019"/>
  <testcase name="individualNamedBeans" classname="org.springframework.context.annotation.AnnotationConfigApplicationContextTests" time="0.003"/>
  <system-out><![CDATA[]]></system-out>
  <system-err><![CDATA[]]></system-err>
</testsuite>
