<?xml version="1.0" encoding="UTF-8"?>
<testsuite name="org.springframework.scripting.groovy.GroovyAspectTests" tests="4" skipped="0" failures="0" errors="0" timestamp="2021-04-16T01:48:56" hostname="DESKTOP-3R4DVF7" time="0.081">
  <properties/>
  <testcase name="manualGroovyBeanWithStaticPointcut" classname="org.springframework.scripting.groovy.GroovyAspectTests" time="0.022"/>
  <testcase name="manualGroovyBeanWithDynamicPointcutProxyTargetClass" classname="org.springframework.scripting.groovy.GroovyAspectTests" time="0.022"/>
  <testcase name="manualGroovyBeanWithUnconditionalPointcut" classname="org.springframework.scripting.groovy.GroovyAspectTests" time="0.015"/>
  <testcase name="manualGroovyBeanWithDynamicPointcut" classname="org.springframework.scripting.groovy.GroovyAspectTests" time="0.022"/>
  <system-out><![CDATA[]]></system-out>
  <system-err><![CDATA[]]></system-err>
</testsuite>
