<?xml version="1.0" encoding="UTF-8"?>
<testsuite name="org.springframework.context.groovy.GroovyApplicationContextDynamicBeanPropertyTests" tests="2" skipped="0" failures="0" errors="0" timestamp="2021-04-16T01:49:04" hostname="DESKTOP-3R4DVF7" time="0.068">
  <properties/>
  <testcase name="testAccessDynamicBeanProperties" classname="org.springframework.context.groovy.GroovyApplicationContextDynamicBeanPropertyTests" time="0.036"/>
  <testcase name="testAccessingNonExistentBeanViaDynamicProperty" classname="org.springframework.context.groovy.GroovyApplicationContextDynamicBeanPropertyTests" time="0.032"/>
  <system-out><![CDATA[]]></system-out>
  <system-err><![CDATA[]]></system-err>
</testsuite>
