<?xml version="1.0" encoding="UTF-8"?>
<testsuite name="org.springframework.context.annotation.configuration.AutowiredConfigurationTests" tests="15" skipped="0" failures="0" errors="0" timestamp="2021-04-16T01:48:18" hostname="DESKTOP-3R4DVF7" time="0.239">
  <properties/>
  <testcase name="testAutowiredConfigurationDependencies" classname="org.springframework.context.annotation.configuration.AutowiredConfigurationTests" time="0.03"/>
  <testcase name="testValueInjectionWithProviderFields" classname="org.springframework.context.annotation.configuration.AutowiredConfigurationTests" time="0.019"/>
  <testcase name="testValueInjectionWithProviderConstructorArguments" classname="org.springframework.context.annotation.configuration.AutowiredConfigurationTests" time="0.008"/>
  <testcase name="testAutowiredConfigurationMethodDependencies" classname="org.springframework.context.annotation.configuration.AutowiredConfigurationTests" time="0.013"/>
  <testcase name="testAutowiredSingleConstructorSupported" classname="org.springframework.context.annotation.configuration.AutowiredConfigurationTests" time="0.019"/>
  <testcase name="testValueInjectionWithAliasedMetaAnnotation" classname="org.springframework.context.annotation.configuration.AutowiredConfigurationTests" time="0.012"/>
  <testcase name="testObjectFactoryConstructorWithTypeVariable" classname="org.springframework.context.annotation.configuration.AutowiredConfigurationTests" time="0.019"/>
  <testcase name="testAutowiredAnnotatedConstructorSupported" classname="org.springframework.context.annotation.configuration.AutowiredConfigurationTests" time="0.016"/>
  <testcase name="testValueInjectionWithMetaAnnotation" classname="org.springframework.context.annotation.configuration.AutowiredConfigurationTests" time="0.013"/>
  <testcase name="testAutowiredConfigurationMethodDependenciesWithOptionalAndAvailable" classname="org.springframework.context.annotation.configuration.AutowiredConfigurationTests" time="0.014"/>
  <testcase name="testValueInjectionWithProviderMethodArguments" classname="org.springframework.context.annotation.configuration.AutowiredConfigurationTests" time="0.011"/>
  <testcase name="testCustomPropertiesWithGenericContext" classname="org.springframework.context.annotation.configuration.AutowiredConfigurationTests" time="0.024"/>
  <testcase name="testAutowiredConfigurationMethodDependenciesWithOptionalAndNotAvailable" classname="org.springframework.context.annotation.configuration.AutowiredConfigurationTests" time="0.002"/>
  <testcase name="testValueInjection" classname="org.springframework.context.annotation.configuration.AutowiredConfigurationTests" time="0.02"/>
  <testcase name="testCustomPropertiesWithClassPathContext" classname="org.springframework.context.annotation.configuration.AutowiredConfigurationTests" time="0.019"/>
  <system-out><![CDATA[]]></system-out>
  <system-err><![CDATA[]]></system-err>
</testsuite>
