<?xml version="1.0" encoding="UTF-8"?>
<testsuite name="org.springframework.beans.factory.xml.LookupMethodWrappedByCglibProxyTests" tests="2" skipped="0" failures="0" errors="0" timestamp="2021-04-16T01:48:01" hostname="DESKTOP-3R4DVF7" time="0.034">
  <properties/>
  <testcase name="testRegularlyProxiedLookup" classname="org.springframework.beans.factory.xml.LookupMethodWrappedByCglibProxyTests" time="0.022"/>
  <testcase name="testAutoProxiedLookup" classname="org.springframework.beans.factory.xml.LookupMethodWrappedByCglibProxyTests" time="0.012"/>
  <system-out><![CDATA[]]></system-out>
  <system-err><![CDATA[]]></system-err>
</testsuite>
