<?xml version="1.0" encoding="UTF-8"?>
<testsuite name="org.springframework.cache.interceptor.CacheProxyFactoryBeanTests" tests="1" skipped="0" failures="0" errors="0" timestamp="2021-04-16T01:48:08" hostname="DESKTOP-3R4DVF7" time="0.043">
  <properties/>
  <testcase name="configurationClassWithCacheProxyFactoryBean" classname="org.springframework.cache.interceptor.CacheProxyFactoryBeanTests" time="0.043"/>
  <system-out><![CDATA[]]></system-out>
  <system-err><![CDATA[]]></system-err>
</testsuite>
