<?xml version="1.0" encoding="UTF-8"?>
<testsuite name="org.springframework.context.annotation.configuration.ConfigurationBeanNameTests" tests="3" skipped="0" failures="0" errors="0" timestamp="2021-04-16T01:48:18" hostname="DESKTOP-3R4DVF7" time="0.032">
  <properties/>
  <testcase name="registerNestedConfig" classname="org.springframework.context.annotation.configuration.ConfigurationBeanNameTests" time="0.007"/>
  <testcase name="registerOuterConfig" classname="org.springframework.context.annotation.configuration.ConfigurationBeanNameTests" time="0.021"/>
  <testcase name="registerOuterConfig_withBeanNameGenerator" classname="org.springframework.context.annotation.configuration.ConfigurationBeanNameTests" time="0.004"/>
  <system-out><![CDATA[]]></system-out>
  <system-err><![CDATA[]]></system-err>
</testsuite>
