<?xml version="1.0" encoding="UTF-8"?>
<testsuite name="org.springframework.scheduling.annotation.AsyncResultTests" tests="4" skipped="0" failures="0" errors="0" timestamp="2021-04-16T01:48:39" hostname="DESKTOP-3R4DVF7" time="0.005">
  <properties/>
  <testcase name="asyncResultWithSeparateCallbacksAndValue" classname="org.springframework.scheduling.annotation.AsyncResultTests" time="0.001"/>
  <testcase name="asyncResultWithCallbackAndValue" classname="org.springframework.scheduling.annotation.AsyncResultTests" time="0.001"/>
  <testcase name="asyncResultWithCallbackAndException" classname="org.springframework.scheduling.annotation.AsyncResultTests" time="0.002"/>
  <testcase name="asyncResultWithSeparateCallbacksAndException" classname="org.springframework.scheduling.annotation.AsyncResultTests" time="0.001"/>
  <system-out><![CDATA[]]></system-out>
  <system-err><![CDATA[]]></system-err>
</testsuite>
