<?xml version="1.0" encoding="UTF-8"?>
<testsuite name="org.springframework.context.annotation.Spr16022Tests" tests="2" skipped="0" failures="0" errors="0" timestamp="2021-04-16T01:49:03" hostname="DESKTOP-3R4DVF7" time="0.068">
  <properties/>
  <testcase name="Register beans with multiple constructors with AnnotationConfigApplicationContext" classname="org.springframework.context.annotation.Spr16022Tests" time="0.058"/>
  <testcase name="Register beans with multiple constructors with ClassPathXmlApplicationContext" classname="org.springframework.context.annotation.Spr16022Tests" time="0.01"/>
  <system-out><![CDATA[]]></system-out>
  <system-err><![CDATA[]]></system-err>
</testsuite>
