<?xml version="1.0" encoding="UTF-8"?>
<testsuite name="org.springframework.context.annotation.spr10546.Spr10546Tests" tests="10" skipped="0" failures="0" errors="0" timestamp="2021-04-16T01:48:23" hostname="DESKTOP-3R4DVF7" time="0.161">
  <properties/>
  <testcase name="enclosingConfigFirstParentDefinesBeanWithScanning" classname="org.springframework.context.annotation.spr10546.Spr10546Tests" time="0.026"/>
  <testcase name="enclosingConfigOnly" classname="org.springframework.context.annotation.spr10546.Spr10546Tests" time="0.003"/>
  <testcase name="enclosingConfigFirstParentWithParentDefinesBean" classname="org.springframework.context.annotation.spr10546.Spr10546Tests" time="0.021"/>
  <testcase name="enclosingConfigFirstParentDefinesBeanWithImportResource" classname="org.springframework.context.annotation.spr10546.Spr10546Tests" time="0.03"/>
  <testcase name="enclosingConfigFirstParentDefinesBeanWithImport" classname="org.springframework.context.annotation.spr10546.Spr10546Tests" time="0.027"/>
  <testcase name="childConfigFirst" classname="org.springframework.context.annotation.spr10546.Spr10546Tests" time="0.003"/>
  <testcase name="childConfigOnly" classname="org.springframework.context.annotation.spr10546.Spr10546Tests" time="0.003"/>
  <testcase name="enclosingConfigFirstParentDefinesBean" classname="org.springframework.context.annotation.spr10546.Spr10546Tests" time="0.003"/>
  <testcase name="enclosingConfigFirstParentDefinesBeanWithComponentScan" classname="org.springframework.context.annotation.spr10546.Spr10546Tests" time="0.027"/>
  <testcase name="importChildConfigThenChildConfig" classname="org.springframework.context.annotation.spr10546.Spr10546Tests" time="0.018"/>
  <system-out><![CDATA[]]></system-out>
  <system-err><![CDATA[]]></system-err>
</testsuite>
