<?xml version="1.0" encoding="UTF-8"?>
<testsuite name="org.springframework.context.annotation.Spr11202Tests" tests="2" skipped="0" failures="0" errors="0" timestamp="2021-04-16T01:48:23" hostname="DESKTOP-3R4DVF7" time="0.031">
  <properties/>
  <testcase name="testWithImporter" classname="org.springframework.context.annotation.Spr11202Tests" time="0.027"/>
  <testcase name="testWithoutImporter" classname="org.springframework.context.annotation.Spr11202Tests" time="0.004"/>
  <system-out><![CDATA[]]></system-out>
  <system-err><![CDATA[]]></system-err>
</testsuite>
