<?xml version="1.0" encoding="UTF-8"?>
<testsuite name="org.springframework.scripting.bsh.BshScriptEvaluatorTests" tests="3" skipped="0" failures="0" errors="0" timestamp="2021-04-16T01:48:51" hostname="DESKTOP-3R4DVF7" time="0.122">
  <properties/>
  <testcase name="testGroovyScriptWithArguments" classname="org.springframework.scripting.bsh.BshScriptEvaluatorTests" time="0.086"/>
  <testcase name="testBshScriptFromFile" classname="org.springframework.scripting.bsh.BshScriptEvaluatorTests" time="0.021"/>
  <testcase name="testBshScriptFromString" classname="org.springframework.scripting.bsh.BshScriptEvaluatorTests" time="0.015"/>
  <system-out><![CDATA[]]></system-out>
  <system-err><![CDATA[]]></system-err>
</testsuite>
