<?xml version="1.0" encoding="UTF-8"?>
<testsuite name="org.springframework.context.annotation.ComponentScanAndImportAnnotationInteractionTests" tests="6" skipped="0" failures="0" errors="0" timestamp="2021-04-16T01:48:10" hostname="DESKTOP-3R4DVF7" time="0.151">
  <properties/>
  <testcase name="componentScanViaImport" classname="org.springframework.context.annotation.ComponentScanAndImportAnnotationInteractionTests" time="0.064"/>
  <testcase name="circularImportViaComponentScan" classname="org.springframework.context.annotation.ComponentScanAndImportAnnotationInteractionTests" time="0.021"/>
  <testcase name="componentScanViaImportUsingScan" classname="org.springframework.context.annotation.ComponentScanAndImportAnnotationInteractionTests" time="0.02"/>
  <testcase name="componentScanViaImportUsingAsm" classname="org.springframework.context.annotation.ComponentScanAndImportAnnotationInteractionTests" time="0.018"/>
  <testcase name="componentScanOverlapsWithImport" classname="org.springframework.context.annotation.ComponentScanAndImportAnnotationInteractionTests" time="0.018"/>
  <testcase name="componentScanOverlapsWithImportUsingAsm" classname="org.springframework.context.annotation.ComponentScanAndImportAnnotationInteractionTests" time="0.01"/>
  <system-out><![CDATA[]]></system-out>
  <system-err><![CDATA[]]></system-err>
</testsuite>
