<?xml version="1.0" encoding="UTF-8"?>
<testsuite name="org.springframework.scheduling.config.AnnotationDrivenBeanDefinitionParserTests" tests="5" skipped="0" failures="0" errors="0" timestamp="2021-04-16T01:48:51" hostname="DESKTOP-3R4DVF7" time="0.045">
  <properties/>
  <testcase name="asyncPostProcessorExceptionHandlerReference" classname="org.springframework.scheduling.config.AnnotationDrivenBeanDefinitionParserTests" time="0.01"/>
  <testcase name="scheduledPostProcessorSchedulerReference" classname="org.springframework.scheduling.config.AnnotationDrivenBeanDefinitionParserTests" time="0.01"/>
  <testcase name="asyncPostProcessorRegistered" classname="org.springframework.scheduling.config.AnnotationDrivenBeanDefinitionParserTests" time="0.008"/>
  <testcase name="asyncPostProcessorExecutorReference" classname="org.springframework.scheduling.config.AnnotationDrivenBeanDefinitionParserTests" time="0.009"/>
  <testcase name="scheduledPostProcessorRegistered" classname="org.springframework.scheduling.config.AnnotationDrivenBeanDefinitionParserTests" time="0.008"/>
  <system-out><![CDATA[]]></system-out>
  <system-err><![CDATA[]]></system-err>
</testsuite>
