<?xml version="1.0" encoding="UTF-8"?>
<testsuite name="org.springframework.jmx.support.JmxUtilsTests" tests="12" skipped="0" failures="0" errors="0" timestamp="2021-04-16T01:48:35" hostname="DESKTOP-3R4DVF7" time="0.012">
  <properties/>
  <testcase name="testSimpleMBean" classname="org.springframework.jmx.support.JmxUtilsTests" time="0.001"/>
  <testcase name="testIsMBeanWithDynamicMBean" classname="org.springframework.jmx.support.JmxUtilsTests" time="0.0"/>
  <testcase name="testLocatePlatformMBeanServer" classname="org.springframework.jmx.support.JmxUtilsTests" time="0.003"/>
  <testcase name="testGetAttributeNameWithoutStrictCasing" classname="org.springframework.jmx.support.JmxUtilsTests" time="0.004"/>
  <testcase name="testAppendIdentityToObjectName" classname="org.springframework.jmx.support.JmxUtilsTests" time="0.0"/>
  <testcase name="testIsMBeanWithStandardMBeanInherited" classname="org.springframework.jmx.support.JmxUtilsTests" time="0.001"/>
  <testcase name="testSimpleMXBean" classname="org.springframework.jmx.support.JmxUtilsTests" time="0.001"/>
  <testcase name="testGetAttributeNameWithStrictCasing" classname="org.springframework.jmx.support.JmxUtilsTests" time="0.0"/>
  <testcase name="testIsMBeanWithStandardMBeanWrapper" classname="org.springframework.jmx.support.JmxUtilsTests" time="0.0"/>
  <testcase name="testSimpleMBeanThroughInheritance" classname="org.springframework.jmx.support.JmxUtilsTests" time="0.0"/>
  <testcase name="testNotAnMBean" classname="org.springframework.jmx.support.JmxUtilsTests" time="0.0"/>
  <testcase name="testIsMBean" classname="org.springframework.jmx.support.JmxUtilsTests" time="0.002"/>
  <system-out><![CDATA[]]></system-out>
  <system-err><![CDATA[]]></system-err>
</testsuite>
