<?xml version="1.0" encoding="UTF-8"?>
<testsuite name="org.springframework.context.annotation.Spr8954Tests" tests="2" skipped="0" failures="0" errors="0" timestamp="2021-04-16T01:48:23" hostname="DESKTOP-3R4DVF7" time="0.029">
  <properties/>
  <testcase name="repro" classname="org.springframework.context.annotation.Spr8954Tests" time="0.026"/>
  <testcase name="findsBeansByTypeIfNotInstantiated" classname="org.springframework.context.annotation.Spr8954Tests" time="0.003"/>
  <system-out><![CDATA[]]></system-out>
  <system-err><![CDATA[]]></system-err>
</testsuite>
