<?xml version="1.0" encoding="UTF-8"?>
<testsuite name="org.springframework.context.annotation.Spr11310Tests" tests="2" skipped="0" failures="0" errors="0" timestamp="2021-04-16T01:48:23" hostname="DESKTOP-3R4DVF7" time="0.024">
  <properties/>
  <testcase name="orderedArray" classname="org.springframework.context.annotation.Spr11310Tests" time="0.019"/>
  <testcase name="orderedList" classname="org.springframework.context.annotation.Spr11310Tests" time="0.004"/>
  <system-out><![CDATA[]]></system-out>
  <system-err><![CDATA[]]></system-err>
</testsuite>
