<?xml version="1.0" encoding="UTF-8"?>
<testsuite name="org.springframework.context.annotation.configuration.DuplicateConfigurationClassPostProcessorTests" tests="1" skipped="0" failures="0" errors="0" timestamp="2021-04-16T01:48:19" hostname="DESKTOP-3R4DVF7" time="0.013">
  <properties/>
  <testcase name="repro" classname="org.springframework.context.annotation.configuration.DuplicateConfigurationClassPostProcessorTests" time="0.013"/>
  <system-out><![CDATA[]]></system-out>
  <system-err><![CDATA[]]></system-err>
</testsuite>
