<?xml version="1.0" encoding="UTF-8"?>
<testsuite name="org.springframework.cache.interceptor.CacheSyncFailureTests" tests="5" skipped="0" failures="0" errors="0" timestamp="2021-04-16T01:48:08" hostname="DESKTOP-3R4DVF7" time="0.101">
  <properties/>
  <testcase name="syncWithTwoGetOperations" classname="org.springframework.cache.interceptor.CacheSyncFailureTests" time="0.043"/>
  <testcase name="unlessSync" classname="org.springframework.cache.interceptor.CacheSyncFailureTests" time="0.017"/>
  <testcase name="severalCachesWithResolvedSync" classname="org.springframework.cache.interceptor.CacheSyncFailureTests" time="0.014"/>
  <testcase name="severalCachesSync" classname="org.springframework.cache.interceptor.CacheSyncFailureTests" time="0.013"/>
  <testcase name="syncWithAnotherOperation" classname="org.springframework.cache.interceptor.CacheSyncFailureTests" time="0.013"/>
  <system-out><![CDATA[]]></system-out>
  <system-err><![CDATA[]]></system-err>
</testsuite>
