<?xml version="1.0" encoding="UTF-8"?>
<testsuite name="org.springframework.scripting.groovy.GroovyAspectIntegrationTests" tests="4" skipped="0" failures="0" errors="0" timestamp="2021-04-16T01:48:56" hostname="DESKTOP-3R4DVF7" time="0.193">
  <properties/>
  <testcase name="testJavaBean" classname="org.springframework.scripting.groovy.GroovyAspectIntegrationTests" time="0.033"/>
  <testcase name="testGroovyBeanProxyTargetClass" classname="org.springframework.scripting.groovy.GroovyAspectIntegrationTests" time="0.073"/>
  <testcase name="testGroovyBeanDynamic" classname="org.springframework.scripting.groovy.GroovyAspectIntegrationTests" time="0.043"/>
  <testcase name="testGroovyBeanInterface" classname="org.springframework.scripting.groovy.GroovyAspectIntegrationTests" time="0.044"/>
  <system-out><![CDATA[]]></system-out>
  <system-err><![CDATA[]]></system-err>
</testsuite>
