<?xml version="1.0" encoding="UTF-8"?>
<testsuite name="org.springframework.context.annotation.configuration.ConfigurationClassAspectIntegrationTests" tests="3" skipped="0" failures="0" errors="0" timestamp="2021-04-16T01:48:18" hostname="DESKTOP-3R4DVF7" time="0.113">
  <properties/>
  <testcase name="configurationIncludesAspect" classname="org.springframework.context.annotation.configuration.ConfigurationClassAspectIntegrationTests" time="0.04"/>
  <testcase name="withInnerClassAndLambdaExpression" classname="org.springframework.context.annotation.configuration.ConfigurationClassAspectIntegrationTests" time="0.031"/>
  <testcase name="aspectAnnotatedConfiguration" classname="org.springframework.context.annotation.configuration.ConfigurationClassAspectIntegrationTests" time="0.042"/>
  <system-out><![CDATA[]]></system-out>
  <system-err><![CDATA[]]></system-err>
</testsuite>
