<?xml version="1.0" encoding="UTF-8"?>
<testsuite name="org.springframework.aop.framework.adapter.AdvisorAdapterRegistrationTests" tests="2" skipped="0" failures="0" errors="0" timestamp="2021-04-16T01:47:58" hostname="DESKTOP-3R4DVF7" time="0.026">
  <properties/>
  <testcase name="testAdvisorAdapterRegistrationManagerPresentInContext" classname="org.springframework.aop.framework.adapter.AdvisorAdapterRegistrationTests" time="0.019"/>
  <testcase name="testAdvisorAdapterRegistrationManagerNotPresentInContext" classname="org.springframework.aop.framework.adapter.AdvisorAdapterRegistrationTests" time="0.007"/>
  <system-out><![CDATA[]]></system-out>
  <system-err><![CDATA[]]></system-err>
</testsuite>
