<?xml version="1.0" encoding="UTF-8"?>
<testsuite name="org.springframework.aop.aspectj.ThisAndTargetSelectionOnlyPointcutsTests" tests="7" skipped="0" failures="0" errors="0" timestamp="2021-04-16T01:47:57" hostname="DESKTOP-3R4DVF7" time="0.158">
  <properties/>
  <testcase name="testThisAsInterfaceAndTargetAsClassCounterMatch" classname="org.springframework.aop.aspectj.ThisAndTargetSelectionOnlyPointcutsTests" time="0.031"/>
  <testcase name="testTargetAsClassDoesMatch" classname="org.springframework.aop.aspectj.ThisAndTargetSelectionOnlyPointcutsTests" time="0.02"/>
  <testcase name="testTargetAsInterfaceMatch" classname="org.springframework.aop.aspectj.ThisAndTargetSelectionOnlyPointcutsTests" time="0.027"/>
  <testcase name="testThisAsClassDoesNotMatch" classname="org.springframework.aop.aspectj.ThisAndTargetSelectionOnlyPointcutsTests" time="0.019"/>
  <testcase name="testThisAsInterfaceAndTargetAsInterfaceCounterMatch" classname="org.springframework.aop.aspectj.ThisAndTargetSelectionOnlyPointcutsTests" time="0.02"/>
  <testcase name="testThisAsClassAndTargetAsClassCounterNotMatch" classname="org.springframework.aop.aspectj.ThisAndTargetSelectionOnlyPointcutsTests" time="0.021"/>
  <testcase name="testThisAsInterfaceMatch" classname="org.springframework.aop.aspectj.ThisAndTargetSelectionOnlyPointcutsTests" time="0.02"/>
  <system-out><![CDATA[]]></system-out>
  <system-err><![CDATA[]]></system-err>
</testsuite>
