<?xml version="1.0" encoding="UTF-8"?>
<testsuite name="org.springframework.context.support.Spr7816Tests" tests="1" skipped="0" failures="0" errors="0" timestamp="2021-04-16T01:48:32" hostname="DESKTOP-3R4DVF7" time="0.006">
  <properties/>
  <testcase name="spr7816" classname="org.springframework.context.support.Spr7816Tests" time="0.006"/>
  <system-out><![CDATA[]]></system-out>
  <system-err><![CDATA[]]></system-err>
</testsuite>
