<?xml version="1.0" encoding="UTF-8"?>
<testsuite name="org.springframework.aop.aspectj.autoproxy.AspectJAutoProxyCreatorTests" tests="19" skipped="3" failures="0" errors="0" timestamp="2021-04-16T01:47:54" hostname="DESKTOP-3R4DVF7" time="0.664">
  <properties/>
  <testcase name="testTwoAdviceAspectPrototype" classname="org.springframework.aop.aspectj.autoproxy.AspectJAutoProxyCreatorTests" time="0.026"/>
  <testcase name="testAspectsAndAdvisorNotAppliedToPrototypeIsFastEnough" classname="org.springframework.aop.aspectj.autoproxy.AspectJAutoProxyCreatorTests" time="0.006">
    <skipped/>
  </testcase>
  <testcase name="testAspectsAreApplied" classname="org.springframework.aop.aspectj.autoproxy.AspectJAutoProxyCreatorTests" time="0.048"/>
  <testcase name="testIncludeMechanism" classname="org.springframework.aop.aspectj.autoproxy.AspectJAutoProxyCreatorTests" time="0.022"/>
  <testcase name="testForceProxyTargetClass" classname="org.springframework.aop.aspectj.autoproxy.AspectJAutoProxyCreatorTests" time="0.016"/>
  <testcase name="testAspectsAndAdvisorNotAppliedToManySingletonsIsFastEnough" classname="org.springframework.aop.aspectj.autoproxy.AspectJAutoProxyCreatorTests" time="0.0">
    <skipped/>
  </testcase>
  <testcase name="testAspectsAreAppliedInDefinedOrder" classname="org.springframework.aop.aspectj.autoproxy.AspectJAutoProxyCreatorTests" time="0.035"/>
  <testcase name="testAspectsAndAdvisorAppliedToPrototypeIsFastEnough" classname="org.springframework.aop.aspectj.autoproxy.AspectJAutoProxyCreatorTests" time="0.0">
    <skipped/>
  </testcase>
  <testcase name="testMultipleAspectsWithParameterApplied" classname="org.springframework.aop.aspectj.autoproxy.AspectJAutoProxyCreatorTests" time="0.021"/>
  <testcase name="testAspectsAndAdvisorAreApplied" classname="org.springframework.aop.aspectj.autoproxy.AspectJAutoProxyCreatorTests" time="0.029"/>
  <testcase name="testAdviceUsingJoinPoint" classname="org.springframework.aop.aspectj.autoproxy.AspectJAutoProxyCreatorTests" time="0.027"/>
  <testcase name="testTwoAdviceAspect" classname="org.springframework.aop.aspectj.autoproxy.AspectJAutoProxyCreatorTests" time="0.036"/>
  <testcase name="testTwoAdviceAspectSingleton" classname="org.springframework.aop.aspectj.autoproxy.AspectJAutoProxyCreatorTests" time="0.009"/>
  <testcase name="testPerThisAspect" classname="org.springframework.aop.aspectj.autoproxy.AspectJAutoProxyCreatorTests" time="0.022"/>
  <testcase name="testAspectsAndAdvisorAreAppliedEvenIfComingFromParentFactory" classname="org.springframework.aop.aspectj.autoproxy.AspectJAutoProxyCreatorTests" time="0.013"/>
  <testcase name="testPerTargetAspect" classname="org.springframework.aop.aspectj.autoproxy.AspectJAutoProxyCreatorTests" time="0.02"/>
  <testcase name="testRetryAspect" classname="org.springframework.aop.aspectj.autoproxy.AspectJAutoProxyCreatorTests" time="0.22"/>
  <testcase name="testWithAbstractFactoryBeanAreApplied" classname="org.springframework.aop.aspectj.autoproxy.AspectJAutoProxyCreatorTests" time="0.015"/>
  <testcase name="testWithBeanNameAutoProxyCreator" classname="org.springframework.aop.aspectj.autoproxy.AspectJAutoProxyCreatorTests" time="0.095"/>
  <system-out><![CDATA[]]></system-out>
  <system-err><![CDATA[]]></system-err>
</testsuite>
