<?xml version="1.0" encoding="UTF-8"?>
<testsuite name="org.springframework.aop.aspectj.DeclarationOrderIndependenceTests" tests="5" skipped="0" failures="0" errors="0" timestamp="2021-04-16T01:47:56" hostname="DESKTOP-3R4DVF7" time="0.166">
  <properties/>
  <testcase name="testBeforeAdviceFiringOk" classname="org.springframework.aop.aspectj.DeclarationOrderIndependenceTests" time="0.061"/>
  <testcase name="testTargetIsBeanNameAware" classname="org.springframework.aop.aspectj.DeclarationOrderIndependenceTests" time="0.023"/>
  <testcase name="testTargetIsSerializable" classname="org.springframework.aop.aspectj.DeclarationOrderIndependenceTests" time="0.036"/>
  <testcase name="testAroundAdviceFiringOk" classname="org.springframework.aop.aspectj.DeclarationOrderIndependenceTests" time="0.022"/>
  <testcase name="testAfterReturningFiringOk" classname="org.springframework.aop.aspectj.DeclarationOrderIndependenceTests" time="0.024"/>
  <system-out><![CDATA[]]></system-out>
  <system-err><![CDATA[]]></system-err>
</testsuite>
