<?xml version="1.0" encoding="UTF-8"?>
<testsuite name="org.springframework.context.annotation.ComponentScanAnnotationIntegrationTests" tests="17" skipped="0" failures="0" errors="0" timestamp="2021-04-16T01:48:10" hostname="DESKTOP-3R4DVF7" time="1.538">
  <properties/>
  <testcase name="controlScan" classname="org.springframework.context.annotation.ComponentScanAnnotationIntegrationTests" time="0.019"/>
  <testcase name="withScopedProxy" classname="org.springframework.context.annotation.ComponentScanAnnotationIntegrationTests" time="0.045"/>
  <testcase name="withScopeResolver" classname="org.springframework.context.annotation.ComponentScanAnnotationIntegrationTests" time="0.035"/>
  <testcase name="multiComponentScan" classname="org.springframework.context.annotation.ComponentScanAnnotationIntegrationTests" time="0.055"/>
  <testcase name="withScopedProxyThroughAspectJPattern" classname="org.springframework.context.annotation.ComponentScanAnnotationIntegrationTests" time="0.125"/>
  <testcase name="withAwareTypeFilter" classname="org.springframework.context.annotation.ComponentScanAnnotationIntegrationTests" time="0.541"/>
  <testcase name="withCustomBeanNameGenerator" classname="org.springframework.context.annotation.ComponentScanAnnotationIntegrationTests" time="0.028"/>
  <testcase name="viaContextRegistration_FromPackageOfConfigClass" classname="org.springframework.context.annotation.ComponentScanAnnotationIntegrationTests" time="0.007"/>
  <testcase name="withMultipleAnnotationIncludeFilters1" classname="org.springframework.context.annotation.ComponentScanAnnotationIntegrationTests" time="0.026"/>
  <testcase name="withMultipleAnnotationIncludeFilters2" classname="org.springframework.context.annotation.ComponentScanAnnotationIntegrationTests" time="0.026"/>
  <testcase name="viaContextRegistration" classname="org.springframework.context.annotation.ComponentScanAnnotationIntegrationTests" time="0.038"/>
  <testcase name="viaContextRegistration_WithComposedAnnotation" classname="org.springframework.context.annotation.ComponentScanAnnotationIntegrationTests" time="0.025"/>
  <testcase name="withBasePackagesAndValueAlias" classname="org.springframework.context.annotation.ComponentScanAnnotationIntegrationTests" time="0.036"/>
  <testcase name="withScopedProxyThroughRegex" classname="org.springframework.context.annotation.ComponentScanAnnotationIntegrationTests" time="0.021"/>
  <testcase name="withCustomTypeFilter" classname="org.springframework.context.annotation.ComponentScanAnnotationIntegrationTests" time="0.461"/>
  <testcase name="viaBeanRegistration" classname="org.springframework.context.annotation.ComponentScanAnnotationIntegrationTests" time="0.017"/>
  <testcase name="viaContextRegistration_WithValueAttribute" classname="org.springframework.context.annotation.ComponentScanAnnotationIntegrationTests" time="0.03"/>
  <system-out><![CDATA[]]></system-out>
  <system-err><![CDATA[]]></system-err>
</testsuite>
