<?xml version="1.0" encoding="UTF-8"?>
<testsuite name="org.springframework.context.annotation.DoubleScanTests" tests="1" skipped="0" failures="0" errors="0" timestamp="2021-04-16T01:48:21" hostname="DESKTOP-3R4DVF7" time="0.047">
  <properties/>
  <testcase name="testFooService" classname="org.springframework.context.annotation.DoubleScanTests" time="0.047"/>
  <system-out><![CDATA[]]></system-out>
  <system-err><![CDATA[]]></system-err>
</testsuite>
