<?xml version="1.0" encoding="UTF-8"?>
<testsuite name="org.springframework.context.annotation.configuration.ImportTests" tests="12" skipped="0" failures="0" errors="0" timestamp="2021-04-16T01:48:19" hostname="DESKTOP-3R4DVF7" time="0.138">
  <properties/>
  <testcase name="testImportNonConfigurationAnnotationClass" classname="org.springframework.context.annotation.configuration.ImportTests" time="0.01"/>
  <testcase name="testProcessImportsWithAsm" classname="org.springframework.context.annotation.configuration.ImportTests" time="0.004"/>
  <testcase name="testImportAnnotationWithMultipleArgumentsResultingInOverriddenBeanDefinition" classname="org.springframework.context.annotation.configuration.ImportTests" time="0.009"/>
  <testcase name="testImportAnnotationWithMultipleArguments" classname="org.springframework.context.annotation.configuration.ImportTests" time="0.022"/>
  <testcase name="testImportAnnotationWithThreeLevelRecursion" classname="org.springframework.context.annotation.configuration.ImportTests" time="0.024"/>
  <testcase name="testProcessImportsWithExplicitOverridingBefore" classname="org.springframework.context.annotation.configuration.ImportTests" time="0.015"/>
  <testcase name="testImportAnnotationOnInnerClasses" classname="org.springframework.context.annotation.configuration.ImportTests" time="0.014"/>
  <testcase name="reproSpr9023" classname="org.springframework.context.annotation.configuration.ImportTests" time="0.014"/>
  <testcase name="testProcessImportsWithDoubleImports" classname="org.springframework.context.annotation.configuration.ImportTests" time="0.009"/>
  <testcase name="testProcessImports" classname="org.springframework.context.annotation.configuration.ImportTests" time="0.0"/>
  <testcase name="testProcessImportsWithExplicitOverridingAfter" classname="org.springframework.context.annotation.configuration.ImportTests" time="0.001"/>
  <testcase name="testImportAnnotationWithTwoLevelRecursion" classname="org.springframework.context.annotation.configuration.ImportTests" time="0.016"/>
  <system-out><![CDATA[org.springframework.beans.factory.support.DefaultListableBeanFactory@6ffbdf1e: defining beans [org.springframework.context.annotation.internalConfigurationAnnotationProcessor,org.springframework.context.annotation.internalAutowiredAnnotationProcessor,org.springframework.context.annotation.internalRequiredAnnotationProcessor,org.springframework.context.annotation.internalCommonAnnotationProcessor,org.springframework.context.event.internalEventListenerProcessor,org.springframework.context.event.internalEventListenerFactory,config-b,config-a]; root of factory hierarchy
]]></system-out>
  <system-err><![CDATA[]]></system-err>
</testsuite>
