<?xml version="1.0" encoding="UTF-8"?>
<testsuite name="org.springframework.aop.aspectj.BeforeAdviceBindingTests" tests="5" skipped="0" failures="0" errors="0" timestamp="2021-04-16T01:47:56" hostname="DESKTOP-3R4DVF7" time="0.114">
  <properties/>
  <testcase name="testOneObjectArgBoundToProxyUsingThis" classname="org.springframework.aop.aspectj.BeforeAdviceBindingTests" time="0.029"/>
  <testcase name="testNeedsJoinPoint" classname="org.springframework.aop.aspectj.BeforeAdviceBindingTests" time="0.019"/>
  <testcase name="testOneIntAndOneObjectArgs" classname="org.springframework.aop.aspectj.BeforeAdviceBindingTests" time="0.02"/>
  <testcase name="testNeedsJoinPointStaticPart" classname="org.springframework.aop.aspectj.BeforeAdviceBindingTests" time="0.023"/>
  <testcase name="testOneIntArg" classname="org.springframework.aop.aspectj.BeforeAdviceBindingTests" time="0.023"/>
  <system-out><![CDATA[]]></system-out>
  <system-err><![CDATA[]]></system-err>
</testsuite>
