<?xml version="1.0" encoding="UTF-8"?>
<testsuite name="org.springframework.context.annotation.Spr12636Tests" tests="2" skipped="0" failures="0" errors="0" timestamp="2021-04-16T01:48:23" hostname="DESKTOP-3R4DVF7" time="0.054">
  <properties/>
  <testcase name="orderOnImplementation" classname="org.springframework.context.annotation.Spr12636Tests" time="0.017"/>
  <testcase name="orderOnImplementationWithProxy" classname="org.springframework.context.annotation.Spr12636Tests" time="0.037"/>
  <system-out><![CDATA[]]></system-out>
  <system-err><![CDATA[]]></system-err>
</testsuite>
