<?xml version="1.0" encoding="UTF-8"?>
<testsuite name="org.springframework.ejb.config.JeeNamespaceHandlerEventTests" tests="3" skipped="0" failures="0" errors="0" timestamp="2021-04-16T01:48:33" hostname="DESKTOP-3R4DVF7" time="0.045">
  <properties/>
  <testcase name="testLocalSlsbComponentEventReceived" classname="org.springframework.ejb.config.JeeNamespaceHandlerEventTests" time="0.02"/>
  <testcase name="testJndiLookupComponentEventReceived" classname="org.springframework.ejb.config.JeeNamespaceHandlerEventTests" time="0.014"/>
  <testcase name="testRemoteSlsbComponentEventReceived" classname="org.springframework.ejb.config.JeeNamespaceHandlerEventTests" time="0.011"/>
  <system-out><![CDATA[]]></system-out>
  <system-err><![CDATA[]]></system-err>
</testsuite>
