<?xml version="1.0" encoding="UTF-8"?>
<testsuite name="org.springframework.aop.config.AopNamespaceHandlerTests" tests="5" skipped="0" failures="0" errors="0" timestamp="2021-04-16T01:47:58" hostname="DESKTOP-3R4DVF7" time="0.092">
  <properties/>
  <testcase name="testAspectAppliedForInitializeBeanWithEmptyName" classname="org.springframework.aop.config.AopNamespaceHandlerTests" time="0.02"/>
  <testcase name="testAdviceInvokedCorrectly" classname="org.springframework.aop.config.AopNamespaceHandlerTests" time="0.016"/>
  <testcase name="testAspectAppliedForInitializeBeanWithNullName" classname="org.springframework.aop.config.AopNamespaceHandlerTests" time="0.019"/>
  <testcase name="testIsProxy" classname="org.springframework.aop.config.AopNamespaceHandlerTests" time="0.018"/>
  <testcase name="testAspectApplied" classname="org.springframework.aop.config.AopNamespaceHandlerTests" time="0.018"/>
  <system-out><![CDATA[]]></system-out>
  <system-err><![CDATA[]]></system-err>
</testsuite>
