<?xml version="1.0" encoding="UTF-8"?>
<testsuite name="org.springframework.beans.factory.xml.support.CustomNamespaceHandlerTests" tests="9" skipped="0" failures="0" errors="0" timestamp="2021-04-16T01:48:01" hostname="DESKTOP-3R4DVF7" time="0.129">
  <properties/>
  <testcase name="testDecorationViaAttribute" classname="org.springframework.beans.factory.xml.support.CustomNamespaceHandlerTests" time="0.029"/>
  <testcase name="testCustomElementNestedWithinUtilMap" classname="org.springframework.beans.factory.xml.support.CustomNamespaceHandlerTests" time="0.01"/>
  <testcase name="testCustomElementNestedWithinUtilSet" classname="org.springframework.beans.factory.xml.support.CustomNamespaceHandlerTests" time="0.014"/>
  <testcase name="testSimpleDecorator" classname="org.springframework.beans.factory.xml.support.CustomNamespaceHandlerTests" time="0.011"/>
  <testcase name="testCustomElementNestedWithinUtilList" classname="org.springframework.beans.factory.xml.support.CustomNamespaceHandlerTests" time="0.011"/>
  <testcase name="testProxyingDecorator" classname="org.springframework.beans.factory.xml.support.CustomNamespaceHandlerTests" time="0.01"/>
  <testcase name="testProxyingDecoratorNoInstance" classname="org.springframework.beans.factory.xml.support.CustomNamespaceHandlerTests" time="0.01"/>
  <testcase name="testSimpleParser" classname="org.springframework.beans.factory.xml.support.CustomNamespaceHandlerTests" time="0.018"/>
  <testcase name="testChainedDecorators" classname="org.springframework.beans.factory.xml.support.CustomNamespaceHandlerTests" time="0.015"/>
  <system-out><![CDATA[]]></system-out>
  <system-err><![CDATA[]]></system-err>
</testsuite>
