<?xml version="1.0" encoding="UTF-8"?>
<testsuite name="org.springframework.scheduling.config.SchedulerBeanDefinitionParserTests" tests="3" skipped="0" failures="0" errors="0" timestamp="2021-04-16T01:48:51" hostname="DESKTOP-3R4DVF7" time="0.027">
  <properties/>
  <testcase name="customScheduler" classname="org.springframework.scheduling.config.SchedulerBeanDefinitionParserTests" time="0.009"/>
  <testcase name="threadNamePrefix" classname="org.springframework.scheduling.config.SchedulerBeanDefinitionParserTests" time="0.009"/>
  <testcase name="defaultScheduler" classname="org.springframework.scheduling.config.SchedulerBeanDefinitionParserTests" time="0.009"/>
  <system-out><![CDATA[]]></system-out>
  <system-err><![CDATA[]]></system-err>
</testsuite>
