<?xml version="1.0" encoding="UTF-8"?>
<testsuite name="org.springframework.validation.beanvalidation.ValidatorFactoryTests" tests="12" skipped="0" failures="0" errors="0" timestamp="2021-04-16T01:49:02" hostname="DESKTOP-3R4DVF7" time="0.259">
  <properties/>
  <testcase name="testValidationWithOptionalField" classname="org.springframework.validation.beanvalidation.ValidatorFactoryTests" time="0.025"/>
  <testcase name="testSpringValidationFieldType" classname="org.springframework.validation.beanvalidation.ValidatorFactoryTests" time="0.051"/>
  <testcase name="testSpringValidationWithErrorInListElement" classname="org.springframework.validation.beanvalidation.ValidatorFactoryTests" time="0.022"/>
  <testcase name="testSpringValidationWithClassLevel" classname="org.springframework.validation.beanvalidation.ValidatorFactoryTests" time="0.017"/>
  <testcase name="testInnerBeanValidation" classname="org.springframework.validation.beanvalidation.ValidatorFactoryTests" time="0.009"/>
  <testcase name="testSpringValidationWithErrorInSetElement" classname="org.springframework.validation.beanvalidation.ValidatorFactoryTests" time="0.017"/>
  <testcase name="testSpringValidationWithAutowiredValidator" classname="org.springframework.validation.beanvalidation.ValidatorFactoryTests" time="0.036"/>
  <testcase name="testSimpleValidation" classname="org.springframework.validation.beanvalidation.ValidatorFactoryTests" time="0.017"/>
  <testcase name="testListValidation" classname="org.springframework.validation.beanvalidation.ValidatorFactoryTests" time="0.012"/>
  <testcase name="testSimpleValidationWithClassLevel" classname="org.springframework.validation.beanvalidation.ValidatorFactoryTests" time="0.018"/>
  <testcase name="testSimpleValidationWithCustomProvider" classname="org.springframework.validation.beanvalidation.ValidatorFactoryTests" time="0.018"/>
  <testcase name="testSpringValidation" classname="org.springframework.validation.beanvalidation.ValidatorFactoryTests" time="0.016"/>
  <system-out><![CDATA[]]></system-out>
  <system-err><![CDATA[]]></system-err>
</testsuite>
