<?xml version="1.0" encoding="UTF-8"?>
<testsuite name="org.springframework.context.expression.CachedExpressionEvaluatorTests" tests="3" skipped="0" failures="0" errors="0" timestamp="2021-04-16T01:48:25" hostname="DESKTOP-3R4DVF7" time="0.001">
  <properties/>
  <testcase name="cacheExpressionBasedOnConcreteType" classname="org.springframework.context.expression.CachedExpressionEvaluatorTests" time="0.0"/>
  <testcase name="parseNewExpression" classname="org.springframework.context.expression.CachedExpressionEvaluatorTests" time="0.001"/>
  <testcase name="cacheExpression" classname="org.springframework.context.expression.CachedExpressionEvaluatorTests" time="0.0"/>
  <system-out><![CDATA[]]></system-out>
  <system-err><![CDATA[]]></system-err>
</testsuite>
