<?xml version="1.0" encoding="UTF-8"?>
<testsuite name="org.springframework.web.servlet.tags.form.SelectTagTests" tests="33" skipped="0" failures="0" errors="0" timestamp="2021-04-16T02:02:35" hostname="DESKTOP-3R4DVF7" time="0.212">
  <properties/>
  <testcase name="withListAndEditorAndNullValue" classname="org.springframework.web.servlet.tags.form.SelectTagTests" time="0.01"/>
  <testcase name="withMultiListAndElementFormatter" classname="org.springframework.web.servlet.tags.form.SelectTagTests" time="0.007"/>
  <testcase name="withStringArray" classname="org.springframework.web.servlet.tags.form.SelectTagTests" time="0.006"/>
  <testcase name="withListAndTransformTagAndEditor" classname="org.springframework.web.servlet.tags.form.SelectTagTests" time="0.005"/>
  <testcase name="withMultiMap" classname="org.springframework.web.servlet.tags.form.SelectTagTests" time="0.006"/>
  <testcase name="emptyItems" classname="org.springframework.web.servlet.tags.form.SelectTagTests" time="0.004"/>
  <testcase name="withIntegerArray" classname="org.springframework.web.servlet.tags.form.SelectTagTests" time="0.007"/>
  <testcase name="multipleForCollection" classname="org.springframework.web.servlet.tags.form.SelectTagTests" time="0.005"/>
  <testcase name="withInvalidList" classname="org.springframework.web.servlet.tags.form.SelectTagTests" time="0.011"/>
  <testcase name="withList" classname="org.springframework.web.servlet.tags.form.SelectTagTests" time="0.006"/>
  <testcase name="nestedPathWithListAndEditorAndNullValue" classname="org.springframework.web.servlet.tags.form.SelectTagTests" time="0.01"/>
  <testcase name="withElementFormatter" classname="org.springframework.web.servlet.tags.form.SelectTagTests" time="0.008"/>
  <testcase name="nestedPathWithListAndEditor" classname="org.springframework.web.servlet.tags.form.SelectTagTests" time="0.005"/>
  <testcase name="withMultiList" classname="org.springframework.web.servlet.tags.form.SelectTagTests" time="0.006"/>
  <testcase name="withNestedOptions" classname="org.springframework.web.servlet.tags.form.SelectTagTests" time="0.004"/>
  <testcase name="multipleWithBooleanFalse" classname="org.springframework.web.servlet.tags.form.SelectTagTests" time="0.006"/>
  <testcase name="multipleExplicitlyFalse" classname="org.springframework.web.servlet.tags.form.SelectTagTests" time="0.005"/>
  <testcase name="multipleWithBooleanTrue" classname="org.springframework.web.servlet.tags.form.SelectTagTests" time="0.005"/>
  <testcase name="withResolvedList" classname="org.springframework.web.servlet.tags.form.SelectTagTests" time="0.006"/>
  <testcase name="withResolvedStringArray" classname="org.springframework.web.servlet.tags.form.SelectTagTests" time="0.005"/>
  <testcase name="multipleWithStringValue" classname="org.springframework.web.servlet.tags.form.SelectTagTests" time="0.006"/>
  <testcase name="withListAndNoLabel" classname="org.springframework.web.servlet.tags.form.SelectTagTests" time="0.005"/>
  <testcase name="dynamicAttributes" classname="org.springframework.web.servlet.tags.form.SelectTagTests" time="0.004"/>
  <testcase name="multipleExplicitlyTrue" classname="org.springframework.web.servlet.tags.form.SelectTagTests" time="0.005"/>
  <testcase name="withOtherValue" classname="org.springframework.web.servlet.tags.form.SelectTagTests" time="0.006"/>
  <testcase name="nullItems" classname="org.springframework.web.servlet.tags.form.SelectTagTests" time="0.004"/>
  <testcase name="withListAndTransformTag" classname="org.springframework.web.servlet.tags.form.SelectTagTests" time="0.006"/>
  <testcase name="withMap" classname="org.springframework.web.servlet.tags.form.SelectTagTests" time="0.005"/>
  <testcase name="withMultiListAndCustomEditor" classname="org.springframework.web.servlet.tags.form.SelectTagTests" time="0.009"/>
  <testcase name="withMultiMapWithItemValueAndItemLabel" classname="org.springframework.web.servlet.tags.form.SelectTagTests" time="0.015"/>
  <testcase name="withNullValue" classname="org.springframework.web.servlet.tags.form.SelectTagTests" time="0.006"/>
  <testcase name="withListAndEditor" classname="org.springframework.web.servlet.tags.form.SelectTagTests" time="0.006"/>
  <testcase name="withFloatCustom" classname="org.springframework.web.servlet.tags.form.SelectTagTests" time="0.006"/>
  <system-out><![CDATA[10:02:35.066 [Test worker] ERROR org.springframework.web.servlet.tags.form.SelectTagTests$1 - Type [org.springframework.tests.sample.beans.TestBean] is not valid for option items
javax.servlet.jsp.JspException: Type [org.springframework.tests.sample.beans.TestBean] is not valid for option items
	at org.springframework.web.servlet.tags.form.OptionWriter.writeOptions(OptionWriter.java:146) ~[main/:?]
	at org.springframework.web.servlet.tags.form.SelectTag.writeTagContent(SelectTag.java:428) ~[main/:?]
	at org.springframework.web.servlet.tags.form.AbstractFormTag.doStartTagInternal(AbstractFormTag.java:86) ~[main/:?]
	at org.springframework.web.servlet.tags.RequestContextAwareTag.doStartTag(RequestContextAwareTag.java:83) [main/:?]
	at org.springframework.web.servlet.tags.form.SelectTagTests.withInvalidList(SelectTagTests.java:351) [test/:?]
	at sun.reflect.NativeMethodAccessorImpl.invoke0(Native Method) ~[?:1.8.0_271]
	at sun.reflect.NativeMethodAccessorImpl.invoke(NativeMethodAccessorImpl.java:62) ~[?:1.8.0_271]
	at sun.reflect.DelegatingMethodAccessorImpl.invoke(DelegatingMethodAccessorImpl.java:43) ~[?:1.8.0_271]
	at java.lang.reflect.Method.invoke(Method.java:498) ~[?:1.8.0_271]
	at org.junit.runners.model.FrameworkMethod$1.runReflectiveCall(FrameworkMethod.java:50) [junit-4.12.jar:4.12]
	at org.junit.internal.runners.model.ReflectiveCallable.run(ReflectiveCallable.java:12) [junit-4.12.jar:4.12]
	at org.junit.runners.model.FrameworkMethod.invokeExplosively(FrameworkMethod.java:47) [junit-4.12.jar:4.12]
	at org.junit.internal.runners.statements.InvokeMethod.evaluate(InvokeMethod.java:17) [junit-4.12.jar:4.12]
	at org.junit.internal.runners.statements.RunBefores.evaluate(RunBefores.java:26) [junit-4.12.jar:4.12]
	at org.junit.runners.ParentRunner.runLeaf(ParentRunner.java:325) [junit-4.12.jar:4.12]
	at org.junit.runners.BlockJUnit4ClassRunner.runChild(BlockJUnit4ClassRunner.java:78) [junit-4.12.jar:4.12]
	at org.junit.runners.BlockJUnit4ClassRunner.runChild(BlockJUnit4ClassRunner.java:57) [junit-4.12.jar:4.12]
	at org.junit.runners.ParentRunner$3.run(ParentRunner.java:290) [junit-4.12.jar:4.12]
	at org.junit.runners.ParentRunner$1.schedule(ParentRunner.java:71) [junit-4.12.jar:4.12]
	at org.junit.runners.ParentRunner.runChildren(ParentRunner.java:288) [junit-4.12.jar:4.12]
	at org.junit.runners.ParentRunner.access$000(ParentRunner.java:58) [junit-4.12.jar:4.12]
	at org.junit.runners.ParentRunner$2.evaluate(ParentRunner.java:268) [junit-4.12.jar:4.12]
	at org.junit.runners.ParentRunner.run(ParentRunner.java:363) [junit-4.12.jar:4.12]
	at org.gradle.api.internal.tasks.testing.junit.JUnitTestClassExecuter.runTestClass(JUnitTestClassExecuter.java:114) [gradle-testing-jvm-4.4.1.jar:4.4.1]
	at org.gradle.api.internal.tasks.testing.junit.JUnitTestClassExecuter.execute(JUnitTestClassExecuter.java:57) [gradle-testing-jvm-4.4.1.jar:4.4.1]
	at org.gradle.api.internal.tasks.testing.junit.JUnitTestClassProcessor.processTestClass(JUnitTestClassProcessor.java:66) [gradle-testing-jvm-4.4.1.jar:4.4.1]
	at org.gradle.api.internal.tasks.testing.SuiteTestClassProcessor.processTestClass(SuiteTestClassProcessor.java:51) [gradle-testing-base-4.4.1.jar:4.4.1]
	at sun.reflect.GeneratedMethodAccessor61.invoke(Unknown Source) ~[?:?]
	at sun.reflect.DelegatingMethodAccessorImpl.invoke(DelegatingMethodAccessorImpl.java:43) ~[?:1.8.0_271]
	at java.lang.reflect.Method.invoke(Method.java:498) ~[?:1.8.0_271]
	at org.gradle.internal.dispatch.ReflectionDispatch.dispatch(ReflectionDispatch.java:35) [gradle-messaging-4.4.1.jar:4.4.1]
	at org.gradle.internal.dispatch.ReflectionDispatch.dispatch(ReflectionDispatch.java:24) [gradle-messaging-4.4.1.jar:4.4.1]
	at org.gradle.internal.dispatch.ContextClassLoaderDispatch.dispatch(ContextClassLoaderDispatch.java:32) [gradle-messaging-4.4.1.jar:4.4.1]
	at org.gradle.internal.dispatch.ProxyDispatchAdapter$DispatchingInvocationHandler.invoke(ProxyDispatchAdapter.java:93) [gradle-messaging-4.4.1.jar:4.4.1]
	at com.sun.proxy.$Proxy1.processTestClass(Unknown Source) [?:?]
	at org.gradle.api.internal.tasks.testing.worker.TestWorker.processTestClass(TestWorker.java:108) [gradle-testing-base-4.4.1.jar:4.4.1]
	at sun.reflect.GeneratedMethodAccessor60.invoke(Unknown Source) ~[?:?]
	at sun.reflect.DelegatingMethodAccessorImpl.invoke(DelegatingMethodAccessorImpl.java:43) ~[?:1.8.0_271]
	at java.lang.reflect.Method.invoke(Method.java:498) ~[?:1.8.0_271]
	at org.gradle.internal.dispatch.ReflectionDispatch.dispatch(ReflectionDispatch.java:35) [gradle-messaging-4.4.1.jar:4.4.1]
	at org.gradle.internal.dispatch.ReflectionDispatch.dispatch(ReflectionDispatch.java:24) [gradle-messaging-4.4.1.jar:4.4.1]
	at org.gradle.internal.remote.internal.hub.MessageHubBackedObjectConnection$DispatchWrapper.dispatch(MessageHubBackedObjectConnection.java:146) [gradle-messaging-4.4.1.jar:4.4.1]
	at org.gradle.internal.remote.internal.hub.MessageHubBackedObjectConnection$DispatchWrapper.dispatch(MessageHubBackedObjectConnection.java:128) [gradle-messaging-4.4.1.jar:4.4.1]
	at org.gradle.internal.remote.internal.hub.MessageHub$Handler.run(MessageHub.java:404) [gradle-messaging-4.4.1.jar:4.4.1]
	at org.gradle.internal.concurrent.ExecutorPolicy$CatchAndRecordFailures.onExecute(ExecutorPolicy.java:63) [gradle-base-services-4.4.1.jar:4.4.1]
	at org.gradle.internal.concurrent.ManagedExecutorImpl$1.run(ManagedExecutorImpl.java:46) [gradle-base-services-4.4.1.jar:4.4.1]
	at java.util.concurrent.ThreadPoolExecutor.runWorker(ThreadPoolExecutor.java:1149) [?:1.8.0_271]
	at java.util.concurrent.ThreadPoolExecutor$Worker.run(ThreadPoolExecutor.java:624) [?:1.8.0_271]
	at org.gradle.internal.concurrent.ThreadFactoryImpl$ManagedThreadRunnable.run(ThreadFactoryImpl.java:55) [gradle-base-services-4.4.1.jar:4.4.1]
	at java.lang.Thread.run(Thread.java:748) [?:1.8.0_271]
]]></system-out>
  <system-err><![CDATA[]]></system-err>
</testsuite>
