<?xml version="1.0" encoding="UTF-8"?>
<testsuite name="org.springframework.web.servlet.mvc.condition.ConsumesRequestConditionTests" tests="14" skipped="0" failures="0" errors="0" timestamp="2021-04-16T02:02:14" hostname="DESKTOP-3R4DVF7" time="0.003">
  <properties/>
  <testcase name="combineWithDefault" classname="org.springframework.web.servlet.mvc.condition.ConsumesRequestConditionTests" time="0.001"/>
  <testcase name="parseConsumesAndHeaders" classname="org.springframework.web.servlet.mvc.condition.ConsumesRequestConditionTests" time="0.0"/>
  <testcase name="getMatchingCondition" classname="org.springframework.web.servlet.mvc.condition.ConsumesRequestConditionTests" time="0.001"/>
  <testcase name="consumesMultipleMatch" classname="org.springframework.web.servlet.mvc.condition.ConsumesRequestConditionTests" time="0.0"/>
  <testcase name="compareToSingle" classname="org.springframework.web.servlet.mvc.condition.ConsumesRequestConditionTests" time="0.0"/>
  <testcase name="consumesMatch" classname="org.springframework.web.servlet.mvc.condition.ConsumesRequestConditionTests" time="0.0"/>
  <testcase name="consumesSingleNoMatch" classname="org.springframework.web.servlet.mvc.condition.ConsumesRequestConditionTests" time="0.0"/>
  <testcase name="consumesWildcardMatch" classname="org.springframework.web.servlet.mvc.condition.ConsumesRequestConditionTests" time="0.0"/>
  <testcase name="consumesParseError" classname="org.springframework.web.servlet.mvc.condition.ConsumesRequestConditionTests" time="0.001"/>
  <testcase name="combine" classname="org.springframework.web.servlet.mvc.condition.ConsumesRequestConditionTests" time="0.0"/>
  <testcase name="compareToMultiple" classname="org.springframework.web.servlet.mvc.condition.ConsumesRequestConditionTests" time="0.0"/>
  <testcase name="negatedConsumesMatch" classname="org.springframework.web.servlet.mvc.condition.ConsumesRequestConditionTests" time="0.0"/>
  <testcase name="getConsumableMediaTypesNegatedExpression" classname="org.springframework.web.servlet.mvc.condition.ConsumesRequestConditionTests" time="0.0"/>
  <testcase name="consumesParseErrorWithNegation" classname="org.springframework.web.servlet.mvc.condition.ConsumesRequestConditionTests" time="0.0"/>
  <system-out><![CDATA[]]></system-out>
  <system-err><![CDATA[]]></system-err>
</testsuite>
