<?xml version="1.0" encoding="UTF-8"?>
<testsuite name="org.springframework.web.servlet.tags.MessageTagTests" tests="19" skipped="0" failures="0" errors="0" timestamp="2021-04-16T02:02:35" hostname="DESKTOP-3R4DVF7" time="0.075">
  <properties/>
  <testcase name="messageTagWithCodeAndObjectArgument" classname="org.springframework.web.servlet.tags.MessageTagTests" time="0.004"/>
  <testcase name="messageWithVar" classname="org.springframework.web.servlet.tags.MessageTagTests" time="0.004"/>
  <testcase name="messageTagWithTextAndHtmlEscapeAndJavaScriptEscape" classname="org.springframework.web.servlet.tags.MessageTagTests" time="0.004"/>
  <testcase name="messageTagWithCodeAndNestedArguments" classname="org.springframework.web.servlet.tags.MessageTagTests" time="0.004"/>
  <testcase name="messageTagWithCode" classname="org.springframework.web.servlet.tags.MessageTagTests" time="0.004"/>
  <testcase name="messageTagWithText" classname="org.springframework.web.servlet.tags.MessageTagTests" time="0.004"/>
  <testcase name="messageTagWithTextAndJavaScriptEscape" classname="org.springframework.web.servlet.tags.MessageTagTests" time="0.004"/>
  <testcase name="messageTagWithCodeAndArgument" classname="org.springframework.web.servlet.tags.MessageTagTests" time="0.004"/>
  <testcase name="messageTagWithCodeAndText" classname="org.springframework.web.servlet.tags.MessageTagTests" time="0.004"/>
  <testcase name="nullMessageSource" classname="org.springframework.web.servlet.tags.MessageTagTests" time="0.004"/>
  <testcase name="requestContext" classname="org.springframework.web.servlet.tags.MessageTagTests" time="0.004"/>
  <testcase name="messageTagWithCodeAndArguments" classname="org.springframework.web.servlet.tags.MessageTagTests" time="0.004"/>
  <testcase name="messageTagWithCodeAndArgumentAndNestedArgument" classname="org.springframework.web.servlet.tags.MessageTagTests" time="0.004"/>
  <testcase name="messageTagWithCodeAndNestedArgument" classname="org.springframework.web.servlet.tags.MessageTagTests" time="0.004"/>
  <testcase name="messageTagWithCodeAndArrayArgument" classname="org.springframework.web.servlet.tags.MessageTagTests" time="0.004"/>
  <testcase name="messageTagWithCodeAndStringArgumentWithCustomSeparator" classname="org.springframework.web.servlet.tags.MessageTagTests" time="0.004"/>
  <testcase name="messageTagWithMessageSourceResolvable" classname="org.springframework.web.servlet.tags.MessageTagTests" time="0.004"/>
  <testcase name="messageTagWithTextEncodingEscaped" classname="org.springframework.web.servlet.tags.MessageTagTests" time="0.004"/>
  <testcase name="messageWithVarAndScope" classname="org.springframework.web.servlet.tags.MessageTagTests" time="0.003"/>
  <system-out><![CDATA[]]></system-out>
  <system-err><![CDATA[]]></system-err>
</testsuite>
