<?xml version="1.0" encoding="UTF-8"?>
<testsuite name="org.springframework.web.servlet.mvc.method.annotation.RequestPartIntegrationTests" tests="3" skipped="0" failures="0" errors="0" timestamp="2021-04-16T02:02:19" hostname="DESKTOP-3R4DVF7" time="2.292">
  <properties/>
  <testcase name="standardMultipartResolver" classname="org.springframework.web.servlet.mvc.method.annotation.RequestPartIntegrationTests" time="1.853"/>
  <testcase name="standardMultipartResolverWithEncodedFileName" classname="org.springframework.web.servlet.mvc.method.annotation.RequestPartIntegrationTests" time="0.12"/>
  <testcase name="commonsMultipartResolver" classname="org.springframework.web.servlet.mvc.method.annotation.RequestPartIntegrationTests" time="0.319"/>
  <system-out><![CDATA[]]></system-out>
  <system-err><![CDATA[]]></system-err>
</testsuite>
