<?xml version="1.0" encoding="UTF-8"?>
<testsuite name="org.springframework.web.servlet.tags.form.TagWriterTests" tests="8" skipped="0" failures="0" errors="0" timestamp="2021-04-16T02:02:35" hostname="DESKTOP-3R4DVF7" time="0.0">
  <properties/>
  <testcase name="simpleTag" classname="org.springframework.web.servlet.tags.form.TagWriterTests" time="0.0"/>
  <testcase name="multipleNestedTags" classname="org.springframework.web.servlet.tags.form.TagWriterTests" time="0.0"/>
  <testcase name="nestedTags" classname="org.springframework.web.servlet.tags.form.TagWriterTests" time="0.0"/>
  <testcase name="appendingValue" classname="org.springframework.web.servlet.tags.form.TagWriterTests" time="0.0"/>
  <testcase name="simpleBlockTag" classname="org.springframework.web.servlet.tags.form.TagWriterTests" time="0.0"/>
  <testcase name="writeInterleavedWithForceBlock" classname="org.springframework.web.servlet.tags.form.TagWriterTests" time="0.0"/>
  <testcase name="blockTagWithAttributes" classname="org.springframework.web.servlet.tags.form.TagWriterTests" time="0.0"/>
  <testcase name="emptyTag" classname="org.springframework.web.servlet.tags.form.TagWriterTests" time="0.0"/>
  <system-out><![CDATA[]]></system-out>
  <system-err><![CDATA[]]></system-err>
</testsuite>
