<?xml version="1.0" encoding="UTF-8"?>
<testsuite name="org.springframework.web.servlet.mvc.method.annotation.HttpEntityMethodProcessorTests" tests="6" skipped="0" failures="0" errors="0" timestamp="2021-04-16T02:02:17" hostname="DESKTOP-3R4DVF7" time="0.331">
  <properties/>
  <testcase name="resolveArgumentWithEmptyBody" classname="org.springframework.web.servlet.mvc.method.annotation.HttpEntityMethodProcessorTests" time="0.127"/>
  <testcase name="resolveArgumentTypeVariable" classname="org.springframework.web.servlet.mvc.method.annotation.HttpEntityMethodProcessorTests" time="0.029"/>
  <testcase name="resolveArgument" classname="org.springframework.web.servlet.mvc.method.annotation.HttpEntityMethodProcessorTests" time="0.007"/>
  <testcase name="jacksonTypeInfoList" classname="org.springframework.web.servlet.mvc.method.annotation.HttpEntityMethodProcessorTests" time="0.085"/>
  <testcase name="resolveGenericArgument" classname="org.springframework.web.servlet.mvc.method.annotation.HttpEntityMethodProcessorTests" time="0.013"/>
  <testcase name="handleReturnValueCharSequence" classname="org.springframework.web.servlet.mvc.method.annotation.HttpEntityMethodProcessorTests" time="0.07"/>
  <system-out><![CDATA[]]></system-out>
  <system-err><![CDATA[]]></system-err>
</testsuite>
