<?xml version="1.0" encoding="UTF-8"?>
<testsuite name="org.springframework.web.servlet.resource.ResourceUrlProviderTests" tests="7" skipped="0" failures="0" errors="0" timestamp="2021-04-16T02:02:32" hostname="DESKTOP-3R4DVF7" time="0.025">
  <properties/>
  <testcase name="getStaticResourceUrl" classname="org.springframework.web.servlet.resource.ResourceUrlProviderTests" time="0.0"/>
  <testcase name="getStaticResourceUrlRequestWithQueryOrHash" classname="org.springframework.web.servlet.resource.ResourceUrlProviderTests" time="0.001"/>
  <testcase name="getFingerprintedResourceUrl" classname="org.springframework.web.servlet.resource.ResourceUrlProviderTests" time="0.001"/>
  <testcase name="bestPatternMatch" classname="org.springframework.web.servlet.resource.ResourceUrlProviderTests" time="0.001"/>
  <testcase name="getForLookupPathShouldNotFailIfPathContainsDoubleSlashes" classname="org.springframework.web.servlet.resource.ResourceUrlProviderTests" time="0.0"/>
  <testcase name="getStaticResourceWithMissingContextPath" classname="org.springframework.web.servlet.resource.ResourceUrlProviderTests" time="0.0"/>
  <testcase name="initializeOnce" classname="org.springframework.web.servlet.resource.ResourceUrlProviderTests" time="0.021"/>
  <system-out><![CDATA[]]></system-out>
  <system-err><![CDATA[]]></system-err>
</testsuite>
