<?xml version="1.0" encoding="UTF-8"?>
<testsuite name="org.springframework.web.servlet.view.freemarker.FreeMarkerViewTests" tests="5" skipped="0" failures="0" errors="0" timestamp="2021-04-16T02:02:38" hostname="DESKTOP-3R4DVF7" time="0.005">
  <properties/>
  <testcase name="keepExistingContentType" classname="org.springframework.web.servlet.view.freemarker.FreeMarkerViewTests" time="0.003"/>
  <testcase name="freeMarkerViewResolver" classname="org.springframework.web.servlet.view.freemarker.FreeMarkerViewTests" time="0.001"/>
  <testcase name="noFreeMarkerConfig" classname="org.springframework.web.servlet.view.freemarker.FreeMarkerViewTests" time="0.001"/>
  <testcase name="validTemplateName" classname="org.springframework.web.servlet.view.freemarker.FreeMarkerViewTests" time="0.0"/>
  <testcase name="noTemplateName" classname="org.springframework.web.servlet.view.freemarker.FreeMarkerViewTests" time="0.0"/>
  <system-out><![CDATA[]]></system-out>
  <system-err><![CDATA[]]></system-err>
</testsuite>
