<?xml version="1.0" encoding="UTF-8"?>
<testsuite name="org.springframework.web.servlet.view.script.JythonScriptTemplateTests" tests="1" skipped="0" failures="0" errors="0" timestamp="2021-04-16T02:02:39" hostname="DESKTOP-3R4DVF7" time="4.85">
  <properties/>
  <testcase name="renderTemplate" classname="org.springframework.web.servlet.view.script.JythonScriptTemplateTests" time="4.85"/>
  <system-out><![CDATA[]]></system-out>
  <system-err><![CDATA[]]></system-err>
</testsuite>
