<?xml version="1.0" encoding="UTF-8"?>
<testsuite name="org.springframework.web.servlet.view.InternalResourceViewTests" tests="5" skipped="0" failures="0" errors="0" timestamp="2021-04-16T02:02:38" hostname="DESKTOP-3R4DVF7" time="0.014">
  <properties/>
  <testcase name="forward" classname="org.springframework.web.servlet.view.InternalResourceViewTests" time="0.003"/>
  <testcase name="rejectsNullUrl" classname="org.springframework.web.servlet.view.InternalResourceViewTests" time="0.0"/>
  <testcase name="includeOnCommitted" classname="org.springframework.web.servlet.view.InternalResourceViewTests" time="0.007"/>
  <testcase name="alwaysInclude" classname="org.springframework.web.servlet.view.InternalResourceViewTests" time="0.002"/>
  <testcase name="includeOnAttribute" classname="org.springframework.web.servlet.view.InternalResourceViewTests" time="0.002"/>
  <system-out><![CDATA[]]></system-out>
  <system-err><![CDATA[]]></system-err>
</testsuite>
