<?xml version="1.0" encoding="UTF-8"?>
<testsuite name="org.springframework.web.servlet.config.annotation.ContentNegotiationConfigurerTests" tests="7" skipped="0" failures="0" errors="0" timestamp="2021-04-16T02:01:49" hostname="DESKTOP-3R4DVF7" time="0.029">
  <properties/>
  <testcase name="setDefaultContentTypeStrategy" classname="org.springframework.web.servlet.config.annotation.ContentNegotiationConfigurerTests" time="0.012"/>
  <testcase name="defaultSettings" classname="org.springframework.web.servlet.config.annotation.ContentNegotiationConfigurerTests" time="0.013"/>
  <testcase name="setDefaultContentType" classname="org.springframework.web.servlet.config.annotation.ContentNegotiationConfigurerTests" time="0.0"/>
  <testcase name="ignoreAcceptHeader" classname="org.springframework.web.servlet.config.annotation.ContentNegotiationConfigurerTests" time="0.0"/>
  <testcase name="favorParameter" classname="org.springframework.web.servlet.config.annotation.ContentNegotiationConfigurerTests" time="0.002"/>
  <testcase name="setMultipleDefaultContentTypes" classname="org.springframework.web.servlet.config.annotation.ContentNegotiationConfigurerTests" time="0.001"/>
  <testcase name="addMediaTypes" classname="org.springframework.web.servlet.config.annotation.ContentNegotiationConfigurerTests" time="0.0"/>
  <system-out><![CDATA[]]></system-out>
  <system-err><![CDATA[]]></system-err>
</testsuite>
