<?xml version="1.0" encoding="UTF-8"?>
<testsuite name="org.springframework.web.servlet.mvc.annotation.CglibProxyControllerTests" tests="3" skipped="0" failures="0" errors="0" timestamp="2021-04-16T02:02:14" hostname="DESKTOP-3R4DVF7" time="0.347">
  <properties/>
  <testcase name="methodLevel" classname="org.springframework.web.servlet.mvc.annotation.CglibProxyControllerTests" time="0.211"/>
  <testcase name="typeLevel" classname="org.springframework.web.servlet.mvc.annotation.CglibProxyControllerTests" time="0.068"/>
  <testcase name="typeAndMethodLevel" classname="org.springframework.web.servlet.mvc.annotation.CglibProxyControllerTests" time="0.068"/>
  <system-out><![CDATA[]]></system-out>
  <system-err><![CDATA[]]></system-err>
</testsuite>
