<?xml version="1.0" encoding="UTF-8"?>
<testsuite name="org.springframework.web.servlet.resource.ResourceUrlProviderJavaConfigTests" tests="3" skipped="0" failures="0" errors="0" timestamp="2021-04-16T02:02:32" hostname="DESKTOP-3R4DVF7" time="0.532">
  <properties/>
  <testcase name="resolvePathWithServletMappedByPrefix" classname="org.springframework.web.servlet.resource.ResourceUrlProviderJavaConfigTests" time="0.167"/>
  <testcase name="resolvePathNoMatch" classname="org.springframework.web.servlet.resource.ResourceUrlProviderJavaConfigTests" time="0.207"/>
  <testcase name="resolvePathWithServletMappedAsRoot" classname="org.springframework.web.servlet.resource.ResourceUrlProviderJavaConfigTests" time="0.158"/>
  <system-out><![CDATA[]]></system-out>
  <system-err><![CDATA[]]></system-err>
</testsuite>
