<?xml version="1.0" encoding="UTF-8"?>
<testsuite name="org.springframework.web.servlet.FlashMapTests" tests="7" skipped="0" failures="0" errors="0" timestamp="2021-04-16T02:02:13" hostname="DESKTOP-3R4DVF7" time="0.201">
  <properties/>
  <testcase name="isExpired" classname="org.springframework.web.servlet.FlashMapTests" time="0.101"/>
  <testcase name="compareTo" classname="org.springframework.web.servlet.FlashMapTests" time="0.0"/>
  <testcase name="addTargetRequestParamNullValue" classname="org.springframework.web.servlet.FlashMapTests" time="0.0"/>
  <testcase name="addTargetRequestParamsNullValue" classname="org.springframework.web.servlet.FlashMapTests" time="0.0"/>
  <testcase name="addTargetRequestParamNullKey" classname="org.springframework.web.servlet.FlashMapTests" time="0.0"/>
  <testcase name="addTargetRequestParamsNullKey" classname="org.springframework.web.servlet.FlashMapTests" time="0.0"/>
  <testcase name="notExpired" classname="org.springframework.web.servlet.FlashMapTests" time="0.1"/>
  <system-out><![CDATA[]]></system-out>
  <system-err><![CDATA[]]></system-err>
</testsuite>
