<?xml version="1.0" encoding="UTF-8"?>
<testsuite name="org.springframework.web.servlet.view.document.XlsViewTests" tests="3" skipped="0" failures="0" errors="0" timestamp="2021-04-16T02:02:35" hostname="DESKTOP-3R4DVF7" time="1.739">
  <properties/>
  <testcase name="testXls" classname="org.springframework.web.servlet.view.document.XlsViewTests" time="0.544"/>
  <testcase name="testXlsxView" classname="org.springframework.web.servlet.view.document.XlsViewTests" time="0.977"/>
  <testcase name="testXlsxStreamingView" classname="org.springframework.web.servlet.view.document.XlsViewTests" time="0.218"/>
  <system-out><![CDATA[]]></system-out>
  <system-err><![CDATA[]]></system-err>
</testsuite>
