<?xml version="1.0" encoding="UTF-8"?>
<testsuite name="org.springframework.web.servlet.i18n.SessionLocaleResolverTests" tests="5" skipped="0" failures="0" errors="0" timestamp="2021-04-16T02:02:14" hostname="DESKTOP-3R4DVF7" time="0.0">
  <properties/>
  <testcase name="testResolveLocaleWithoutSessionAndDefaultLocale" classname="org.springframework.web.servlet.i18n.SessionLocaleResolverTests" time="0.0"/>
  <testcase name="testResolveLocaleWithoutSession" classname="org.springframework.web.servlet.i18n.SessionLocaleResolverTests" time="0.0"/>
  <testcase name="testSetLocaleToNullLocale" classname="org.springframework.web.servlet.i18n.SessionLocaleResolverTests" time="0.0"/>
  <testcase name="testSetAndResolveLocale" classname="org.springframework.web.servlet.i18n.SessionLocaleResolverTests" time="0.0"/>
  <testcase name="testResolveLocale" classname="org.springframework.web.servlet.i18n.SessionLocaleResolverTests" time="0.0"/>
  <system-out><![CDATA[]]></system-out>
  <system-err><![CDATA[]]></system-err>
</testsuite>
