<?xml version="1.0" encoding="UTF-8"?>
<testsuite name="org.springframework.web.servlet.tags.ThemeTagTests" tests="2" skipped="0" failures="0" errors="0" timestamp="2021-04-16T02:02:35" hostname="DESKTOP-3R4DVF7" time="0.01">
  <properties/>
  <testcase name="requestContext" classname="org.springframework.web.servlet.tags.ThemeTagTests" time="0.005"/>
  <testcase name="themeTag" classname="org.springframework.web.servlet.tags.ThemeTagTests" time="0.005"/>
  <system-out><![CDATA[]]></system-out>
  <system-err><![CDATA[]]></system-err>
</testsuite>
