<?xml version="1.0" encoding="UTF-8"?>
<testsuite name="org.springframework.web.servlet.mvc.method.annotation.HttpEntityMethodProcessorMockTests" tests="35" skipped="0" failures="0" errors="0" timestamp="2021-04-16T02:02:17" hostname="DESKTOP-3R4DVF7" time="0.048">
  <properties/>
  <testcase name="disableRangeSupportForStreamingResponses" classname="org.springframework.web.servlet.mvc.method.annotation.HttpEntityMethodProcessorMockTests" time="0.009"/>
  <testcase name="shouldHandleETagAndLastModifiedWithHttp304" classname="org.springframework.web.servlet.mvc.method.annotation.HttpEntityMethodProcessorMockTests" time="0.004"/>
  <testcase name="shouldFailResolvingWhenConverterCannotRead" classname="org.springframework.web.servlet.mvc.method.annotation.HttpEntityMethodProcessorMockTests" time="0.001"/>
  <testcase name="varyHeader" classname="org.springframework.web.servlet.mvc.method.annotation.HttpEntityMethodProcessorMockTests" time="0.0"/>
  <testcase name="shouldHandleReturnValue" classname="org.springframework.web.servlet.mvc.method.annotation.HttpEntityMethodProcessorMockTests" time="0.001"/>
  <testcase name="handleReturnValueVaryHeader" classname="org.springframework.web.servlet.mvc.method.annotation.HttpEntityMethodProcessorMockTests" time="0.001"/>
  <testcase name="handleReturnTypeResourceIllegalByteRange" classname="org.springframework.web.servlet.mvc.method.annotation.HttpEntityMethodProcessorMockTests" time="0.006"/>
  <testcase name="varyHeaderWithExistingWildcard" classname="org.springframework.web.servlet.mvc.method.annotation.HttpEntityMethodProcessorMockTests" time="0.0"/>
  <testcase name="shouldFailHandlingWhenConverterCannotWrite" classname="org.springframework.web.servlet.mvc.method.annotation.HttpEntityMethodProcessorMockTests" time="0.001"/>
  <testcase name="varyHeaderWithExistingCommaValues" classname="org.springframework.web.servlet.mvc.method.annotation.HttpEntityMethodProcessorMockTests" time="0.001"/>
  <testcase name="shouldHandleInvalidIfNoneMatchWithHttp200" classname="org.springframework.web.servlet.mvc.method.annotation.HttpEntityMethodProcessorMockTests" time="0.0"/>
  <testcase name="shouldHandleResponseHeaderNoBody" classname="org.springframework.web.servlet.mvc.method.annotation.HttpEntityMethodProcessorMockTests" time="0.001"/>
  <testcase name="shouldHandleResource" classname="org.springframework.web.servlet.mvc.method.annotation.HttpEntityMethodProcessorMockTests" time="0.0"/>
  <testcase name="shouldHandleChangedETagAndLastModified" classname="org.springframework.web.servlet.mvc.method.annotation.HttpEntityMethodProcessorMockTests" time="0.001"/>
  <testcase name="shouldHandleResourceByteRange" classname="org.springframework.web.servlet.mvc.method.annotation.HttpEntityMethodProcessorMockTests" time="0.001"/>
  <testcase name="shouldResolveHttpEntityArgument" classname="org.springframework.web.servlet.mvc.method.annotation.HttpEntityMethodProcessorMockTests" time="0.002"/>
  <testcase name="shouldFailResolvingWhenContentTypeNotSupported" classname="org.springframework.web.servlet.mvc.method.annotation.HttpEntityMethodProcessorMockTests" time="0.0"/>
  <testcase name="shouldHandleGetIfNoneMatchWildcard" classname="org.springframework.web.servlet.mvc.method.annotation.HttpEntityMethodProcessorMockTests" time="0.001"/>
  <testcase name="handleEtagWithHttp304" classname="org.springframework.web.servlet.mvc.method.annotation.HttpEntityMethodProcessorMockTests" time="0.0"/>
  <testcase name="shouldNotFailPreconditionForPutRequests" classname="org.springframework.web.servlet.mvc.method.annotation.HttpEntityMethodProcessorMockTests" time="0.001"/>
  <testcase name="shouldHandleValidatorHeadersInPutResponses" classname="org.springframework.web.servlet.mvc.method.annotation.HttpEntityMethodProcessorMockTests" time="0.001"/>
  <testcase name="shouldHandleNotModifiedResponse" classname="org.springframework.web.servlet.mvc.method.annotation.HttpEntityMethodProcessorMockTests" time="0.0"/>
  <testcase name="shouldHandleIfNoneMatchIfUnmodifiedSince" classname="org.springframework.web.servlet.mvc.method.annotation.HttpEntityMethodProcessorMockTests" time="0.001"/>
  <testcase name="shouldHandleReturnValueWithResponseBodyAdvice" classname="org.springframework.web.servlet.mvc.method.annotation.HttpEntityMethodProcessorMockTests" time="0.006"/>
  <testcase name="shouldFailHandlingWhenContentTypeNotSupported" classname="org.springframework.web.servlet.mvc.method.annotation.HttpEntityMethodProcessorMockTests" time="0.0"/>
  <testcase name="shouldHandleResponseHeaderAndBody" classname="org.springframework.web.servlet.mvc.method.annotation.HttpEntityMethodProcessorMockTests" time="0.001"/>
  <testcase name="shouldFailHandlingWhenAcceptHeaderIllegal" classname="org.springframework.web.servlet.mvc.method.annotation.HttpEntityMethodProcessorMockTests" time="0.0"/>
  <testcase name="shouldResolveRequestEntityArgument" classname="org.springframework.web.servlet.mvc.method.annotation.HttpEntityMethodProcessorMockTests" time="0.003"/>
  <testcase name="supportsParameter" classname="org.springframework.web.servlet.mvc.method.annotation.HttpEntityMethodProcessorMockTests" time="0.0"/>
  <testcase name="varyHeaderWithExistingCommaSeparatedValues" classname="org.springframework.web.servlet.mvc.method.annotation.HttpEntityMethodProcessorMockTests" time="0.001"/>
  <testcase name="supportsReturnType" classname="org.springframework.web.servlet.mvc.method.annotation.HttpEntityMethodProcessorMockTests" time="0.0"/>
  <testcase name="shouldHandleIfNoneMatchIfMatch" classname="org.springframework.web.servlet.mvc.method.annotation.HttpEntityMethodProcessorMockTests" time="0.0"/>
  <testcase name="shouldHandleLastModifiedWithHttp304" classname="org.springframework.web.servlet.mvc.method.annotation.HttpEntityMethodProcessorMockTests" time="0.001"/>
  <testcase name="shouldHandleReturnValueWithProducibleMediaType" classname="org.springframework.web.servlet.mvc.method.annotation.HttpEntityMethodProcessorMockTests" time="0.001"/>
  <testcase name="shouldHandleConditionalRequestIfNoneMatchWildcard" classname="org.springframework.web.servlet.mvc.method.annotation.HttpEntityMethodProcessorMockTests" time="0.0"/>
  <system-out><![CDATA[]]></system-out>
  <system-err><![CDATA[]]></system-err>
</testsuite>
