<?xml version="1.0" encoding="UTF-8"?>
<testsuite name="org.springframework.web.servlet.tags.form.PasswordInputTagTests" tests="17" skipped="0" failures="0" errors="0" timestamp="2021-04-16T02:02:34" hostname="DESKTOP-3R4DVF7" time="0.083">
  <properties/>
  <testcase name="passwordValueIsNotRenderedIfShowPasswordAttributeIsSetToFalse" classname="org.springframework.web.servlet.tags.form.PasswordInputTagTests" time="0.005"/>
  <testcase name="passwordValueIsNotRenderedByDefault" classname="org.springframework.web.servlet.tags.form.PasswordInputTagTests" time="0.004"/>
  <testcase name="dynamicTypeAttribute" classname="org.springframework.web.servlet.tags.form.PasswordInputTagTests" time="0.005"/>
  <testcase name="passwordValueIsRenderedIfShowPasswordAttributeIsSetToTrue" classname="org.springframework.web.servlet.tags.form.PasswordInputTagTests" time="0.005"/>
  <testcase name="dynamicTypeCheckboxAttribute" classname="org.springframework.web.servlet.tags.form.PasswordInputTagTests" time="0.004"/>
  <testcase name="simpleBind" classname="org.springframework.web.servlet.tags.form.PasswordInputTagTests" time="0.004"/>
  <testcase name="withAllAttributes" classname="org.springframework.web.servlet.tags.form.PasswordInputTagTests" time="0.005"/>
  <testcase name="simpleBindTagWithinForm" classname="org.springframework.web.servlet.tags.form.PasswordInputTagTests" time="0.005"/>
  <testcase name="disabledFalse" classname="org.springframework.web.servlet.tags.form.PasswordInputTagTests" time="0.005"/>
  <testcase name="readOnlyAttributeRenderingWhenReadonlyIsTrue" classname="org.springframework.web.servlet.tags.form.PasswordInputTagTests" time="0.005"/>
  <testcase name="withCustomBinder" classname="org.springframework.web.servlet.tags.form.PasswordInputTagTests" time="0.006"/>
  <testcase name="simpleBindWithHtmlEscaping" classname="org.springframework.web.servlet.tags.form.PasswordInputTagTests" time="0.006"/>
  <testcase name="withNestedBind" classname="org.springframework.web.servlet.tags.form.PasswordInputTagTests" time="0.004"/>
  <testcase name="complexBind" classname="org.springframework.web.servlet.tags.form.PasswordInputTagTests" time="0.005"/>
  <testcase name="withNestedBindTagWithinForm" classname="org.springframework.web.servlet.tags.form.PasswordInputTagTests" time="0.004"/>
  <testcase name="withErrors" classname="org.springframework.web.servlet.tags.form.PasswordInputTagTests" time="0.005"/>
  <testcase name="dynamicTypeRadioAttribute" classname="org.springframework.web.servlet.tags.form.PasswordInputTagTests" time="0.005"/>
  <system-out><![CDATA[]]></system-out>
  <system-err><![CDATA[]]></system-err>
</testsuite>
