<?xml version="1.0" encoding="UTF-8"?>
<testsuite name="org.springframework.web.context.support.HttpRequestHandlerTests" tests="1" skipped="0" failures="0" errors="0" timestamp="2021-04-16T02:01:48" hostname="DESKTOP-3R4DVF7" time="0.025">
  <properties/>
  <testcase name="testHttpRequestHandlerServletPassThrough" classname="org.springframework.web.context.support.HttpRequestHandlerTests" time="0.025"/>
  <system-out><![CDATA[]]></system-out>
  <system-err><![CDATA[]]></system-err>
</testsuite>
