<?xml version="1.0" encoding="UTF-8"?>
<testsuite name="org.springframework.web.servlet.view.script.NashornScriptTemplateTests" tests="2" skipped="0" failures="0" errors="0" timestamp="2021-04-16T02:02:55" hostname="DESKTOP-3R4DVF7" time="0.422">
  <properties/>
  <testcase name="renderTemplateWithUrl" classname="org.springframework.web.servlet.view.script.NashornScriptTemplateTests" time="0.386"/>
  <testcase name="renderTemplate" classname="org.springframework.web.servlet.view.script.NashornScriptTemplateTests" time="0.036"/>
  <system-out><![CDATA[]]></system-out>
  <system-err><![CDATA[]]></system-err>
</testsuite>
