<?xml version="1.0" encoding="UTF-8"?>
<testsuite name="org.springframework.web.servlet.support.RequestContextTests" tests="4" skipped="0" failures="0" errors="0" timestamp="2021-04-16T02:02:33" hostname="DESKTOP-3R4DVF7" time="0.005">
  <properties/>
  <testcase name="testGetContextUrlWithMap" classname="org.springframework.web.servlet.support.RequestContextTests" time="0.005"/>
  <testcase name="testPathToServlet" classname="org.springframework.web.servlet.support.RequestContextTests" time="0.0"/>
  <testcase name="testGetContextUrlWithMapEscaping" classname="org.springframework.web.servlet.support.RequestContextTests" time="0.0"/>
  <testcase name="testGetContextUrl" classname="org.springframework.web.servlet.support.RequestContextTests" time="0.0"/>
  <system-out><![CDATA[]]></system-out>
  <system-err><![CDATA[]]></system-err>
</testsuite>
