<?xml version="1.0" encoding="UTF-8"?>
<testsuite name="org.springframework.web.servlet.resource.CssLinkResourceTransformerTests" tests="6" skipped="0" failures="0" errors="0" timestamp="2021-04-16T02:02:32" hostname="DESKTOP-3R4DVF7" time="0.023">
  <properties/>
  <testcase name="transformWithNonCssResource" classname="org.springframework.web.servlet.resource.CssLinkResourceTransformerTests" time="0.0"/>
  <testcase name="transformEmptyUrlFunction" classname="org.springframework.web.servlet.resource.CssLinkResourceTransformerTests" time="0.003"/>
  <testcase name="transformNoLinks" classname="org.springframework.web.servlet.resource.CssLinkResourceTransformerTests" time="0.001"/>
  <testcase name="transformExtLinksNotAllowed" classname="org.springframework.web.servlet.resource.CssLinkResourceTransformerTests" time="0.007"/>
  <testcase name="transform" classname="org.springframework.web.servlet.resource.CssLinkResourceTransformerTests" time="0.008"/>
  <testcase name="transformWithGzippedResource" classname="org.springframework.web.servlet.resource.CssLinkResourceTransformerTests" time="0.004"/>
  <system-out><![CDATA[]]></system-out>
  <system-err><![CDATA[]]></system-err>
</testsuite>
