<?xml version="1.0" encoding="UTF-8"?>
<testsuite name="org.springframework.web.servlet.tags.form.ButtonTagTests" tests="2" skipped="0" failures="0" errors="0" timestamp="2021-04-16T02:02:33" hostname="DESKTOP-3R4DVF7" time="0.01">
  <properties/>
  <testcase name="buttonTag" classname="org.springframework.web.servlet.tags.form.ButtonTagTests" time="0.006"/>
  <testcase name="disabled" classname="org.springframework.web.servlet.tags.form.ButtonTagTests" time="0.004"/>
  <system-out><![CDATA[]]></system-out>
  <system-err><![CDATA[]]></system-err>
</testsuite>
