<?xml version="1.0" encoding="UTF-8"?>
<testsuite name="org.springframework.web.servlet.mvc.method.annotation.ServletModelAttributeMethodProcessorTests" tests="8" skipped="0" failures="0" errors="0" timestamp="2021-04-16T02:02:30" hostname="DESKTOP-3R4DVF7" time="0.011">
  <properties/>
  <testcase name="attributesAsNullValues" classname="org.springframework.web.servlet.mvc.method.annotation.ServletModelAttributeMethodProcessorTests" time="0.001"/>
  <testcase name="createAttributeRequestParameter" classname="org.springframework.web.servlet.mvc.method.annotation.ServletModelAttributeMethodProcessorTests" time="0.0"/>
  <testcase name="createAttributeUriTemplateVarCannotConvert" classname="org.springframework.web.servlet.mvc.method.annotation.ServletModelAttributeMethodProcessorTests" time="0.008"/>
  <testcase name="createAttributeRequestParameterWithOptional" classname="org.springframework.web.servlet.mvc.method.annotation.ServletModelAttributeMethodProcessorTests" time="0.0"/>
  <testcase name="createAttributeUriTemplateVar" classname="org.springframework.web.servlet.mvc.method.annotation.ServletModelAttributeMethodProcessorTests" time="0.001"/>
  <testcase name="createAttributeRequestParameterCannotConvert" classname="org.springframework.web.servlet.mvc.method.annotation.ServletModelAttributeMethodProcessorTests" time="0.0"/>
  <testcase name="createAttributeUriTemplateVarWithOptional" classname="org.springframework.web.servlet.mvc.method.annotation.ServletModelAttributeMethodProcessorTests" time="0.0"/>
  <testcase name="attributesAsOptionalEmpty" classname="org.springframework.web.servlet.mvc.method.annotation.ServletModelAttributeMethodProcessorTests" time="0.001"/>
  <system-out><![CDATA[]]></system-out>
  <system-err><![CDATA[]]></system-err>
</testsuite>
