<?xml version="1.0" encoding="UTF-8"?>
<testsuite name="org.springframework.web.servlet.config.annotation.WebMvcConfigurationSupportExtensionTests" tests="7" skipped="0" failures="0" errors="0" timestamp="2021-04-16T02:01:58" hostname="DESKTOP-3R4DVF7" time="0.154">
  <properties/>
  <testcase name="exceptionResolvers" classname="org.springframework.web.servlet.config.annotation.WebMvcConfigurationSupportExtensionTests" time="0.005"/>
  <testcase name="crossOrigin" classname="org.springframework.web.servlet.config.annotation.WebMvcConfigurationSupportExtensionTests" time="0.0"/>
  <testcase name="webBindingInitializer" classname="org.springframework.web.servlet.config.annotation.WebMvcConfigurationSupportExtensionTests" time="0.056"/>
  <testcase name="requestMappingHandlerAdapter" classname="org.springframework.web.servlet.config.annotation.WebMvcConfigurationSupportExtensionTests" time="0.052"/>
  <testcase name="contentNegotiation" classname="org.springframework.web.servlet.config.annotation.WebMvcConfigurationSupportExtensionTests" time="0.012"/>
  <testcase name="handlerMappings" classname="org.springframework.web.servlet.config.annotation.WebMvcConfigurationSupportExtensionTests" time="0.003"/>
  <testcase name="viewResolvers" classname="org.springframework.web.servlet.config.annotation.WebMvcConfigurationSupportExtensionTests" time="0.025"/>
  <system-out><![CDATA[]]></system-out>
  <system-err><![CDATA[]]></system-err>
</testsuite>
