<?xml version="1.0" encoding="UTF-8"?>
<testsuite name="org.springframework.web.servlet.tags.form.TextareaTagTests" tests="6" skipped="0" failures="0" errors="0" timestamp="2021-04-16T02:02:35" hostname="DESKTOP-3R4DVF7" time="0.027">
  <properties/>
  <testcase name="customBind" classname="org.springframework.web.servlet.tags.form.TextareaTagTests" time="0.005"/>
  <testcase name="simpleBind" classname="org.springframework.web.servlet.tags.form.TextareaTagTests" time="0.005"/>
  <testcase name="simpleBindWithDynamicAttributes" classname="org.springframework.web.servlet.tags.form.TextareaTagTests" time="0.004"/>
  <testcase name="simpleBindWithHtmlEscaping" classname="org.springframework.web.servlet.tags.form.TextareaTagTests" time="0.004"/>
  <testcase name="complexBind" classname="org.springframework.web.servlet.tags.form.TextareaTagTests" time="0.004"/>
  <testcase name="firstNewLine" classname="org.springframework.web.servlet.tags.form.TextareaTagTests" time="0.004"/>
  <system-out><![CDATA[<textarea id="name" name="name">
Rob &quot;I Love Mangos&quot; Harrop</textarea>
]]></system-out>
  <system-err><![CDATA[]]></system-err>
</testsuite>
