<?xml version="1.0" encoding="UTF-8"?>
<testsuite name="org.springframework.web.servlet.config.annotation.DefaultServletHandlerConfigurerTests" tests="3" skipped="0" failures="0" errors="0" timestamp="2021-04-16T02:01:49" hostname="DESKTOP-3R4DVF7" time="0.002">
  <properties/>
  <testcase name="enableWithServletName" classname="org.springframework.web.servlet.config.annotation.DefaultServletHandlerConfigurerTests" time="0.001"/>
  <testcase name="enable" classname="org.springframework.web.servlet.config.annotation.DefaultServletHandlerConfigurerTests" time="0.001"/>
  <testcase name="notEnabled" classname="org.springframework.web.servlet.config.annotation.DefaultServletHandlerConfigurerTests" time="0.0"/>
  <system-out><![CDATA[]]></system-out>
  <system-err><![CDATA[]]></system-err>
</testsuite>
