<?xml version="1.0" encoding="UTF-8"?>
<testsuite name="org.springframework.web.servlet.config.annotation.ViewControllerRegistryTests" tests="7" skipped="0" failures="0" errors="0" timestamp="2021-04-16T02:01:52" hostname="DESKTOP-3R4DVF7" time="0.008">
  <properties/>
  <testcase name="addStatusController" classname="org.springframework.web.servlet.config.annotation.ViewControllerRegistryTests" time="0.002"/>
  <testcase name="addRedirectViewControllerWithCustomSettings" classname="org.springframework.web.servlet.config.annotation.ViewControllerRegistryTests" time="0.005"/>
  <testcase name="noViewControllers" classname="org.springframework.web.servlet.config.annotation.ViewControllerRegistryTests" time="0.0"/>
  <testcase name="addViewControllerWithDefaultViewName" classname="org.springframework.web.servlet.config.annotation.ViewControllerRegistryTests" time="0.0"/>
  <testcase name="order" classname="org.springframework.web.servlet.config.annotation.ViewControllerRegistryTests" time="0.0"/>
  <testcase name="addRedirectViewController" classname="org.springframework.web.servlet.config.annotation.ViewControllerRegistryTests" time="0.001"/>
  <testcase name="addViewController" classname="org.springframework.web.servlet.config.annotation.ViewControllerRegistryTests" time="0.0"/>
  <system-out><![CDATA[]]></system-out>
  <system-err><![CDATA[]]></system-err>
</testsuite>
