<?xml version="1.0" encoding="UTF-8"?>
<testsuite name="org.springframework.web.servlet.config.annotation.CorsRegistryTests" tests="3" skipped="0" failures="0" errors="0" timestamp="2021-04-16T02:01:49" hostname="DESKTOP-3R4DVF7" time="0.009">
  <properties/>
  <testcase name="customizedMapping" classname="org.springframework.web.servlet.config.annotation.CorsRegistryTests" time="0.009"/>
  <testcase name="noMapping" classname="org.springframework.web.servlet.config.annotation.CorsRegistryTests" time="0.0"/>
  <testcase name="multipleMappings" classname="org.springframework.web.servlet.config.annotation.CorsRegistryTests" time="0.0"/>
  <system-out><![CDATA[]]></system-out>
  <system-err><![CDATA[]]></system-err>
</testsuite>
