<?xml version="1.0" encoding="UTF-8"?>
<testsuite name="org.springframework.web.servlet.handler.HandlerMethodMappingTests" tests="9" skipped="0" failures="0" errors="0" timestamp="2021-04-16T02:02:14" hostname="DESKTOP-3R4DVF7" time="0.003">
  <properties/>
  <testcase name="directMatch" classname="org.springframework.web.servlet.handler.HandlerMethodMappingTests" time="0.001"/>
  <testcase name="getCorsConfigWithBeanNameHandler" classname="org.springframework.web.servlet.handler.HandlerMethodMappingTests" time="0.0"/>
  <testcase name="detectHandlerMethodsInAncestorContexts" classname="org.springframework.web.servlet.handler.HandlerMethodMappingTests" time="0.001"/>
  <testcase name="patternMatch" classname="org.springframework.web.servlet.handler.HandlerMethodMappingTests" time="0.0"/>
  <testcase name="unregisterMapping" classname="org.springframework.web.servlet.handler.HandlerMethodMappingTests" time="0.0"/>
  <testcase name="registerMappingWithSameMethodAndTwoHandlerInstances" classname="org.springframework.web.servlet.handler.HandlerMethodMappingTests" time="0.0"/>
  <testcase name="registerDuplicates" classname="org.springframework.web.servlet.handler.HandlerMethodMappingTests" time="0.0"/>
  <testcase name="registerMapping" classname="org.springframework.web.servlet.handler.HandlerMethodMappingTests" time="0.0"/>
  <testcase name="ambiguousMatch" classname="org.springframework.web.servlet.handler.HandlerMethodMappingTests" time="0.0"/>
  <system-out><![CDATA[]]></system-out>
  <system-err><![CDATA[]]></system-err>
</testsuite>
