<?xml version="1.0" encoding="UTF-8"?>
<testsuite name="org.springframework.web.servlet.tags.form.CheckboxTagTests" tests="26" skipped="0" failures="0" errors="0" timestamp="2021-04-16T02:02:33" hostname="DESKTOP-3R4DVF7" time="0.17">
  <properties/>
  <testcase name="collectionOfPets" classname="org.springframework.web.servlet.tags.form.CheckboxTagTests" time="0.008"/>
  <testcase name="collectionOfPetsAsStringNotSelected" classname="org.springframework.web.servlet.tags.form.CheckboxTagTests" time="0.007"/>
  <testcase name="collectionOfColoursSelected" classname="org.springframework.web.servlet.tags.form.CheckboxTagTests" time="0.006"/>
  <testcase name="withIndexedBooleanObjectNotChecked" classname="org.springframework.web.servlet.tags.form.CheckboxTagTests" time="0.006"/>
  <testcase name="withMultiValueChecked" classname="org.springframework.web.servlet.tags.form.CheckboxTagTests" time="0.006"/>
  <testcase name="withObjectUnchecked" classname="org.springframework.web.servlet.tags.form.CheckboxTagTests" time="0.006"/>
  <testcase name="collectionOfColoursNotSelected" classname="org.springframework.web.servlet.tags.form.CheckboxTagTests" time="0.006"/>
  <testcase name="withMultiValueWithEditor" classname="org.springframework.web.servlet.tags.form.CheckboxTagTests" time="0.007"/>
  <testcase name="dynamicTypeAttribute" classname="org.springframework.web.servlet.tags.form.CheckboxTagTests" time="0.005"/>
  <testcase name="withCollection" classname="org.springframework.web.servlet.tags.form.CheckboxTagTests" time="0.006"/>
  <testcase name="collectionOfPetsNotSelected" classname="org.springframework.web.servlet.tags.form.CheckboxTagTests" time="0.007"/>
  <testcase name="withSingleValueAndEditor" classname="org.springframework.web.servlet.tags.form.CheckboxTagTests" time="0.009"/>
  <testcase name="withSingleValueBooleanUnchecked" classname="org.springframework.web.servlet.tags.form.CheckboxTagTests" time="0.008"/>
  <testcase name="withObjectChecked" classname="org.springframework.web.servlet.tags.form.CheckboxTagTests" time="0.007"/>
  <testcase name="collectionOfPetsAsString" classname="org.springframework.web.servlet.tags.form.CheckboxTagTests" time="0.005"/>
  <testcase name="collectionOfPetsWithEditor" classname="org.springframework.web.servlet.tags.form.CheckboxTagTests" time="0.006"/>
  <testcase name="withSingleValueNotNull" classname="org.springframework.web.servlet.tags.form.CheckboxTagTests" time="0.006"/>
  <testcase name="withMultiValueIntegerWithEditor" classname="org.springframework.web.servlet.tags.form.CheckboxTagTests" time="0.007"/>
  <testcase name="withMultiValueUnchecked" classname="org.springframework.web.servlet.tags.form.CheckboxTagTests" time="0.005"/>
  <testcase name="withSingleValueNull" classname="org.springframework.web.servlet.tags.form.CheckboxTagTests" time="0.005"/>
  <testcase name="withSingleValueBooleanObjectChecked" classname="org.springframework.web.servlet.tags.form.CheckboxTagTests" time="0.006"/>
  <testcase name="hiddenElementOmittedOnDisabled" classname="org.springframework.web.servlet.tags.form.CheckboxTagTests" time="0.005"/>
  <testcase name="withSingleValueBooleanChecked" classname="org.springframework.web.servlet.tags.form.CheckboxTagTests" time="0.006"/>
  <testcase name="withSingleValueBooleanObjectCheckedAndDynamicAttributes" classname="org.springframework.web.servlet.tags.form.CheckboxTagTests" time="0.005"/>
  <testcase name="withNullValue" classname="org.springframework.web.servlet.tags.form.CheckboxTagTests" time="0.011"/>
  <testcase name="withSingleValueBooleanObjectUnchecked" classname="org.springframework.web.servlet.tags.form.CheckboxTagTests" time="0.006"/>
  <system-out><![CDATA[10:02:34.099 [Test worker] ERROR org.springframework.web.servlet.tags.form.CheckboxTagTests$1 - Attribute 'value' is required when binding to non-boolean values
java.lang.IllegalArgumentException: Attribute 'value' is required when binding to non-boolean values
	at org.springframework.web.servlet.tags.form.CheckboxTag.writeTagDetails(CheckboxTag.java:262) ~[main/:?]
	at org.springframework.web.servlet.tags.form.AbstractSingleCheckedElementTag.writeTagContent(AbstractSingleCheckedElementTag.java:93) ~[main/:?]
	at org.springframework.web.servlet.tags.form.CheckboxTag.writeTagContent(CheckboxTag.java:228) ~[main/:?]
	at org.springframework.web.servlet.tags.form.AbstractFormTag.doStartTagInternal(AbstractFormTag.java:86) ~[main/:?]
	at org.springframework.web.servlet.tags.RequestContextAwareTag.doStartTag(RequestContextAwareTag.java:83) [main/:?]
	at org.springframework.web.servlet.tags.form.CheckboxTagTests.withNullValue(CheckboxTagTests.java:617) [test/:?]
	at sun.reflect.NativeMethodAccessorImpl.invoke0(Native Method) ~[?:1.8.0_271]
	at sun.reflect.NativeMethodAccessorImpl.invoke(NativeMethodAccessorImpl.java:62) ~[?:1.8.0_271]
	at sun.reflect.DelegatingMethodAccessorImpl.invoke(DelegatingMethodAccessorImpl.java:43) ~[?:1.8.0_271]
	at java.lang.reflect.Method.invoke(Method.java:498) ~[?:1.8.0_271]
	at org.junit.runners.model.FrameworkMethod$1.runReflectiveCall(FrameworkMethod.java:50) [junit-4.12.jar:4.12]
	at org.junit.internal.runners.model.ReflectiveCallable.run(ReflectiveCallable.java:12) [junit-4.12.jar:4.12]
	at org.junit.runners.model.FrameworkMethod.invokeExplosively(FrameworkMethod.java:47) [junit-4.12.jar:4.12]
	at org.junit.internal.runners.statements.InvokeMethod.evaluate(InvokeMethod.java:17) [junit-4.12.jar:4.12]
	at org.junit.internal.runners.statements.RunBefores.evaluate(RunBefores.java:26) [junit-4.12.jar:4.12]
	at org.junit.runners.ParentRunner.runLeaf(ParentRunner.java:325) [junit-4.12.jar:4.12]
	at org.junit.runners.BlockJUnit4ClassRunner.runChild(BlockJUnit4ClassRunner.java:78) [junit-4.12.jar:4.12]
	at org.junit.runners.BlockJUnit4ClassRunner.runChild(BlockJUnit4ClassRunner.java:57) [junit-4.12.jar:4.12]
	at org.junit.runners.ParentRunner$3.run(ParentRunner.java:290) [junit-4.12.jar:4.12]
	at org.junit.runners.ParentRunner$1.schedule(ParentRunner.java:71) [junit-4.12.jar:4.12]
	at org.junit.runners.ParentRunner.runChildren(ParentRunner.java:288) [junit-4.12.jar:4.12]
	at org.junit.runners.ParentRunner.access$000(ParentRunner.java:58) [junit-4.12.jar:4.12]
	at org.junit.runners.ParentRunner$2.evaluate(ParentRunner.java:268) [junit-4.12.jar:4.12]
	at org.junit.runners.ParentRunner.run(ParentRunner.java:363) [junit-4.12.jar:4.12]
	at org.gradle.api.internal.tasks.testing.junit.JUnitTestClassExecuter.runTestClass(JUnitTestClassExecuter.java:114) [gradle-testing-jvm-4.4.1.jar:4.4.1]
	at org.gradle.api.internal.tasks.testing.junit.JUnitTestClassExecuter.execute(JUnitTestClassExecuter.java:57) [gradle-testing-jvm-4.4.1.jar:4.4.1]
	at org.gradle.api.internal.tasks.testing.junit.JUnitTestClassProcessor.processTestClass(JUnitTestClassProcessor.java:66) [gradle-testing-jvm-4.4.1.jar:4.4.1]
	at org.gradle.api.internal.tasks.testing.SuiteTestClassProcessor.processTestClass(SuiteTestClassProcessor.java:51) [gradle-testing-base-4.4.1.jar:4.4.1]
	at sun.reflect.GeneratedMethodAccessor61.invoke(Unknown Source) ~[?:?]
	at sun.reflect.DelegatingMethodAccessorImpl.invoke(DelegatingMethodAccessorImpl.java:43) ~[?:1.8.0_271]
	at java.lang.reflect.Method.invoke(Method.java:498) ~[?:1.8.0_271]
	at org.gradle.internal.dispatch.ReflectionDispatch.dispatch(ReflectionDispatch.java:35) [gradle-messaging-4.4.1.jar:4.4.1]
	at org.gradle.internal.dispatch.ReflectionDispatch.dispatch(ReflectionDispatch.java:24) [gradle-messaging-4.4.1.jar:4.4.1]
	at org.gradle.internal.dispatch.ContextClassLoaderDispatch.dispatch(ContextClassLoaderDispatch.java:32) [gradle-messaging-4.4.1.jar:4.4.1]
	at org.gradle.internal.dispatch.ProxyDispatchAdapter$DispatchingInvocationHandler.invoke(ProxyDispatchAdapter.java:93) [gradle-messaging-4.4.1.jar:4.4.1]
	at com.sun.proxy.$Proxy1.processTestClass(Unknown Source) [?:?]
	at org.gradle.api.internal.tasks.testing.worker.TestWorker.processTestClass(TestWorker.java:108) [gradle-testing-base-4.4.1.jar:4.4.1]
	at sun.reflect.GeneratedMethodAccessor60.invoke(Unknown Source) ~[?:?]
	at sun.reflect.DelegatingMethodAccessorImpl.invoke(DelegatingMethodAccessorImpl.java:43) ~[?:1.8.0_271]
	at java.lang.reflect.Method.invoke(Method.java:498) ~[?:1.8.0_271]
	at org.gradle.internal.dispatch.ReflectionDispatch.dispatch(ReflectionDispatch.java:35) [gradle-messaging-4.4.1.jar:4.4.1]
	at org.gradle.internal.dispatch.ReflectionDispatch.dispatch(ReflectionDispatch.java:24) [gradle-messaging-4.4.1.jar:4.4.1]
	at org.gradle.internal.remote.internal.hub.MessageHubBackedObjectConnection$DispatchWrapper.dispatch(MessageHubBackedObjectConnection.java:146) [gradle-messaging-4.4.1.jar:4.4.1]
	at org.gradle.internal.remote.internal.hub.MessageHubBackedObjectConnection$DispatchWrapper.dispatch(MessageHubBackedObjectConnection.java:128) [gradle-messaging-4.4.1.jar:4.4.1]
	at org.gradle.internal.remote.internal.hub.MessageHub$Handler.run(MessageHub.java:404) [gradle-messaging-4.4.1.jar:4.4.1]
	at org.gradle.internal.concurrent.ExecutorPolicy$CatchAndRecordFailures.onExecute(ExecutorPolicy.java:63) [gradle-base-services-4.4.1.jar:4.4.1]
	at org.gradle.internal.concurrent.ManagedExecutorImpl$1.run(ManagedExecutorImpl.java:46) [gradle-base-services-4.4.1.jar:4.4.1]
	at java.util.concurrent.ThreadPoolExecutor.runWorker(ThreadPoolExecutor.java:1149) [?:1.8.0_271]
	at java.util.concurrent.ThreadPoolExecutor$Worker.run(ThreadPoolExecutor.java:624) [?:1.8.0_271]
	at org.gradle.internal.concurrent.ThreadFactoryImpl$ManagedThreadRunnable.run(ThreadFactoryImpl.java:55) [gradle-base-services-4.4.1.jar:4.4.1]
	at java.lang.Thread.run(Thread.java:748) [?:1.8.0_271]
]]></system-out>
  <system-err><![CDATA[]]></system-err>
</testsuite>
