<?xml version="1.0" encoding="UTF-8"?>
<testsuite name="org.springframework.web.servlet.mvc.method.annotation.ServletAnnotationControllerHandlerMethodKotlinTests" tests="3" skipped="0" failures="0" errors="0" timestamp="2021-04-16T02:02:57" hostname="DESKTOP-3R4DVF7" time="0.199">
  <properties/>
  <testcase name="dataClassBindingWithOptionalParameterAndOnlyMissingParameters" classname="org.springframework.web.servlet.mvc.method.annotation.ServletAnnotationControllerHandlerMethodKotlinTests" time="0.083"/>
  <testcase name="dataClassBinding" classname="org.springframework.web.servlet.mvc.method.annotation.ServletAnnotationControllerHandlerMethodKotlinTests" time="0.06"/>
  <testcase name="dataClassBindingWithOptionalParameterAndAllParameters" classname="org.springframework.web.servlet.mvc.method.annotation.ServletAnnotationControllerHandlerMethodKotlinTests" time="0.055"/>
  <system-out><![CDATA[]]></system-out>
  <system-err><![CDATA[]]></system-err>
</testsuite>
