<?xml version="1.0" encoding="UTF-8"?>
<testsuite name="org.springframework.web.servlet.resource.AppCacheManifestTransformerTests" tests="3" skipped="0" failures="0" errors="0" timestamp="2021-04-16T02:02:32" hostname="DESKTOP-3R4DVF7" time="0.03">
  <properties/>
  <testcase name="transformManifest" classname="org.springframework.web.servlet.resource.AppCacheManifestTransformerTests" time="0.018"/>
  <testcase name="syntaxErrorInManifest" classname="org.springframework.web.servlet.resource.AppCacheManifestTransformerTests" time="0.005"/>
  <testcase name="noTransformIfExtensionNoMatch" classname="org.springframework.web.servlet.resource.AppCacheManifestTransformerTests" time="0.007"/>
  <system-out><![CDATA[]]></system-out>
  <system-err><![CDATA[]]></system-err>
</testsuite>
