<?xml version="1.0" encoding="UTF-8"?>
<testsuite name="org.springframework.web.servlet.mvc.method.annotation.RequestResponseBodyMethodProcessorMockTests" tests="24" skipped="0" failures="0" errors="0" timestamp="2021-04-16T02:02:22" hostname="DESKTOP-3R4DVF7" time="0.246">
  <properties/>
  <testcase name="handleReturnValueNotAcceptable" classname="org.springframework.web.servlet.mvc.method.annotation.RequestResponseBodyMethodProcessorMockTests" time="0.001"/>
  <testcase name="handleReturnValueMediaTypeSuffix" classname="org.springframework.web.servlet.mvc.method.annotation.RequestResponseBodyMethodProcessorMockTests" time="0.0"/>
  <testcase name="resolveArgumentNotRequiredNoContent" classname="org.springframework.web.servlet.mvc.method.annotation.RequestResponseBodyMethodProcessorMockTests" time="0.015"/>
  <testcase name="handleReturnTypeResourceIllegalByteRange" classname="org.springframework.web.servlet.mvc.method.annotation.RequestResponseBodyMethodProcessorMockTests" time="0.0"/>
  <testcase name="resolveArgumentNotRequiredNoContentNoContentType" classname="org.springframework.web.servlet.mvc.method.annotation.RequestResponseBodyMethodProcessorMockTests" time="0.014"/>
  <testcase name="resolveArgumentNotGetRequests" classname="org.springframework.web.servlet.mvc.method.annotation.RequestResponseBodyMethodProcessorMockTests" time="0.035"/>
  <testcase name="handleReturnValue" classname="org.springframework.web.servlet.mvc.method.annotation.RequestResponseBodyMethodProcessorMockTests" time="0.001"/>
  <testcase name="resolveArgumentNotRequiredWithContent" classname="org.springframework.web.servlet.mvc.method.annotation.RequestResponseBodyMethodProcessorMockTests" time="0.025"/>
  <testcase name="handleReturnValueNotAcceptableProduces" classname="org.springframework.web.servlet.mvc.method.annotation.RequestResponseBodyMethodProcessorMockTests" time="0.001"/>
  <testcase name="handleReturnTypeResourceByteRange" classname="org.springframework.web.servlet.mvc.method.annotation.RequestResponseBodyMethodProcessorMockTests" time="0.001"/>
  <testcase name="resolveArgumentCannotRead" classname="org.springframework.web.servlet.mvc.method.annotation.RequestResponseBodyMethodProcessorMockTests" time="0.001"/>
  <testcase name="resolveArgumentNoContentType" classname="org.springframework.web.servlet.mvc.method.annotation.RequestResponseBodyMethodProcessorMockTests" time="0.0"/>
  <testcase name="resolveArgumentNotValid" classname="org.springframework.web.servlet.mvc.method.annotation.RequestResponseBodyMethodProcessorMockTests" time="0.037"/>
  <testcase name="resolveArgumentOptionalNoContent" classname="org.springframework.web.servlet.mvc.method.annotation.RequestResponseBodyMethodProcessorMockTests" time="0.022"/>
  <testcase name="resolveArgumentRequiredNoContent" classname="org.springframework.web.servlet.mvc.method.annotation.RequestResponseBodyMethodProcessorMockTests" time="0.001"/>
  <testcase name="resolveArgument" classname="org.springframework.web.servlet.mvc.method.annotation.RequestResponseBodyMethodProcessorMockTests" time="0.026"/>
  <testcase name="resolveArgumentOptionalWithContent" classname="org.springframework.web.servlet.mvc.method.annotation.RequestResponseBodyMethodProcessorMockTests" time="0.023"/>
  <testcase name="handleReturnValueProduces" classname="org.springframework.web.servlet.mvc.method.annotation.RequestResponseBodyMethodProcessorMockTests" time="0.001"/>
  <testcase name="resolveArgumentInvalidContentType" classname="org.springframework.web.servlet.mvc.method.annotation.RequestResponseBodyMethodProcessorMockTests" time="0.0"/>
  <testcase name="handleReturnTypeResource" classname="org.springframework.web.servlet.mvc.method.annotation.RequestResponseBodyMethodProcessorMockTests" time="0.0"/>
  <testcase name="supportsParameter" classname="org.springframework.web.servlet.mvc.method.annotation.RequestResponseBodyMethodProcessorMockTests" time="0.0"/>
  <testcase name="resolveArgumentValid" classname="org.springframework.web.servlet.mvc.method.annotation.RequestResponseBodyMethodProcessorMockTests" time="0.022"/>
  <testcase name="resolveArgumentOptionalNoContentNoContentType" classname="org.springframework.web.servlet.mvc.method.annotation.RequestResponseBodyMethodProcessorMockTests" time="0.016"/>
  <testcase name="supportsReturnType" classname="org.springframework.web.servlet.mvc.method.annotation.RequestResponseBodyMethodProcessorMockTests" time="0.0"/>
  <system-out><![CDATA[]]></system-out>
  <system-err><![CDATA[]]></system-err>
</testsuite>
