<?xml version="1.0" encoding="UTF-8"?>
<testsuite name="org.springframework.web.context.XmlWebApplicationContextTests" tests="41" skipped="0" failures="0" errors="0" timestamp="2021-04-16T02:01:48" hostname="DESKTOP-3R4DVF7" time="1.395">
  <properties/>
  <testcase name="initializingBeanAndInitMethod" classname="org.springframework.web.context.XmlWebApplicationContextTests" time="0.045"/>
  <testcase name="withoutMessageSource" classname="org.springframework.web.context.XmlWebApplicationContextTests" time="0.057"/>
  <testcase name="count" classname="org.springframework.web.context.XmlWebApplicationContextTests" time="0.04"/>
  <testcase name="environmentMerge" classname="org.springframework.web.context.XmlWebApplicationContextTests" time="0.037"/>
  <testcase name="contextNesting" classname="org.springframework.web.context.XmlWebApplicationContextTests" time="0.038"/>
  <testcase name="closeTriggersDestroy" classname="org.springframework.web.context.XmlWebApplicationContextTests" time="0.039"/>
  <testcase name="grandparentNull" classname="org.springframework.web.context.XmlWebApplicationContextTests" time="0.033"/>
  <testcase name="eventsWithNoSource" classname="org.springframework.web.context.XmlWebApplicationContextTests" time="0.034"/>
  <testcase name="parentNonNull" classname="org.springframework.web.context.XmlWebApplicationContextTests" time="0.033"/>
  <testcase name="grandparentDefinitionFound" classname="org.springframework.web.context.XmlWebApplicationContextTests" time="0.034"/>
  <testcase name="messageSource" classname="org.springframework.web.context.XmlWebApplicationContextTests" time="0.038"/>
  <testcase name="events" classname="org.springframework.web.context.XmlWebApplicationContextTests" time="0.037"/>
  <testcase name="contextAwareSingletonWasCalledBack" classname="org.springframework.web.context.XmlWebApplicationContextTests" time="0.033"/>
  <testcase name="contextAwarePrototypeWasCalledBack" classname="org.springframework.web.context.XmlWebApplicationContextTests" time="0.032"/>
  <testcase name="overrideWorked" classname="org.springframework.web.context.XmlWebApplicationContextTests" time="0.036"/>
  <testcase name="beanAutomaticallyHearsEvents" classname="org.springframework.web.context.XmlWebApplicationContextTests" time="0.033"/>
  <testcase name="grandparentTypedDefinitionFound" classname="org.springframework.web.context.XmlWebApplicationContextTests" time="0.03"/>
  <testcase name="containsBeanDefinition" classname="org.springframework.web.context.XmlWebApplicationContextTests" time="0.033"/>
  <testcase name="getDefinitionsForNoSuchClass" classname="org.springframework.web.context.XmlWebApplicationContextTests" time="0.035"/>
  <testcase name="getCountForFactoryClass" classname="org.springframework.web.context.XmlWebApplicationContextTests" time="0.032"/>
  <testcase name="factoryIsInitialized" classname="org.springframework.web.context.XmlWebApplicationContextTests" time="0.036"/>
  <testcase name="inheritance" classname="org.springframework.web.context.XmlWebApplicationContextTests" time="0.033"/>
  <testcase name="factorySingleton" classname="org.springframework.web.context.XmlWebApplicationContextTests" time="0.029"/>
  <testcase name="getSharedInstanceByMatchingClassNoCatch" classname="org.springframework.web.context.XmlWebApplicationContextTests" time="0.029"/>
  <testcase name="getSharedInstanceByMatchingClass" classname="org.springframework.web.context.XmlWebApplicationContextTests" time="0.032"/>
  <testcase name="getSharedInstanceByNonmatchingClass" classname="org.springframework.web.context.XmlWebApplicationContextTests" time="0.033"/>
  <testcase name="prototypeInstancesAreIndependent" classname="org.springframework.web.context.XmlWebApplicationContextTests" time="0.029"/>
  <testcase name="factoryPrototype" classname="org.springframework.web.context.XmlWebApplicationContextTests" time="0.032"/>
  <testcase name="lifecycleCallbacks" classname="org.springframework.web.context.XmlWebApplicationContextTests" time="0.031"/>
  <testcase name="grandparentDefinitionFoundInBeanFactory" classname="org.springframework.web.context.XmlWebApplicationContextTests" time="0.031"/>
  <testcase name="validEmpty" classname="org.springframework.web.context.XmlWebApplicationContextTests" time="0.032"/>
  <testcase name="findsValidInstance" classname="org.springframework.web.context.XmlWebApplicationContextTests" time="0.032"/>
  <testcase name="getFactoryItself" classname="org.springframework.web.context.XmlWebApplicationContextTests" time="0.035"/>
  <testcase name="getInstanceByMatchingClass" classname="org.springframework.web.context.XmlWebApplicationContextTests" time="0.035"/>
  <testcase name="getInstanceByNonmatchingClass" classname="org.springframework.web.context.XmlWebApplicationContextTests" time="0.031"/>
  <testcase name="getBeanWithNullArg" classname="org.springframework.web.context.XmlWebApplicationContextTests" time="0.038"/>
  <testcase name="rejectsFactoryGetOnNormalBean" classname="org.springframework.web.context.XmlWebApplicationContextTests" time="0.035"/>
  <testcase name="sharedInstancesAreEqual" classname="org.springframework.web.context.XmlWebApplicationContextTests" time="0.027"/>
  <testcase name="notThere" classname="org.springframework.web.context.XmlWebApplicationContextTests" time="0.028"/>
  <testcase name="aliasing" classname="org.springframework.web.context.XmlWebApplicationContextTests" time="0.027"/>
  <testcase name="initializingBeanCallback" classname="org.springframework.web.context.XmlWebApplicationContextTests" time="0.026"/>
  <system-out><![CDATA[]]></system-out>
  <system-err><![CDATA[]]></system-err>
</testsuite>
