<?xml version="1.0" encoding="UTF-8"?>
<testsuite name="org.springframework.web.servlet.handler.SimpleUrlHandlerMappingTests" tests="4" skipped="0" failures="0" errors="0" timestamp="2021-04-16T02:02:14" hostname="DESKTOP-3R4DVF7" time="0.031">
  <properties/>
  <testcase name="urlMappingWithProps" classname="org.springframework.web.servlet.handler.SimpleUrlHandlerMappingTests" time="0.014"/>
  <testcase name="testNewlineInRequest" classname="org.springframework.web.servlet.handler.SimpleUrlHandlerMappingTests" time="0.001"/>
  <testcase name="urlMappingWithUrlMap" classname="org.springframework.web.servlet.handler.SimpleUrlHandlerMappingTests" time="0.006"/>
  <testcase name="handlerBeanNotFound" classname="org.springframework.web.servlet.handler.SimpleUrlHandlerMappingTests" time="0.01"/>
  <system-out><![CDATA[]]></system-out>
  <system-err><![CDATA[]]></system-err>
</testsuite>
