<?xml version="1.0" encoding="UTF-8"?>
<testsuite name="org.springframework.web.servlet.tags.form.ErrorsTagTests" tests="20" skipped="0" failures="0" errors="0" timestamp="2021-04-16T02:02:34" hostname="DESKTOP-3R4DVF7" time="0.086">
  <properties/>
  <testcase name="withErrorsAndCustomElement" classname="org.springframework.web.servlet.tags.form.ErrorsTagTests" time="0.005"/>
  <testcase name="withExplicitNonWhitespaceBodyContent" classname="org.springframework.web.servlet.tags.form.ErrorsTagTests" time="0.005"/>
  <testcase name="omittedPathMatchesObjectErrorsOnly" classname="org.springframework.web.servlet.tags.form.ErrorsTagTests" time="0.004"/>
  <testcase name="withExplicitEmptyWhitespaceBodyContent" classname="org.springframework.web.servlet.tags.form.ErrorsTagTests" time="0.004"/>
  <testcase name="withoutErrors" classname="org.springframework.web.servlet.tags.form.ErrorsTagTests" time="0.005"/>
  <testcase name="asBodyTagWithNoErrorsAndExistingMessagesAttributeInPageScopeAreNotClobbered" classname="org.springframework.web.servlet.tags.form.ErrorsTagTests" time="0.004"/>
  <testcase name="starMatchesAllErrors" classname="org.springframework.web.servlet.tags.form.ErrorsTagTests" time="0.005"/>
  <testcase name="asBodyTagWithErrorsAndExistingMessagesAttributeInNonPageScopeAreNotClobbered" classname="org.springframework.web.servlet.tags.form.ErrorsTagTests" time="0.004"/>
  <testcase name="withErrorsAndDynamicAttributes" classname="org.springframework.web.servlet.tags.form.ErrorsTagTests" time="0.004"/>
  <testcase name="specificPathMatchesSpecificFieldOnly" classname="org.springframework.web.servlet.tags.form.ErrorsTagTests" time="0.004"/>
  <testcase name="withExplicitWhitespaceBodyContent" classname="org.springframework.web.servlet.tags.form.ErrorsTagTests" time="0.004"/>
  <testcase name="asBodyTag" classname="org.springframework.web.servlet.tags.form.ErrorsTagTests" time="0.004"/>
  <testcase name="asBodyTagWithNoErrorsAndExistingMessagesAttributeInRequestScopeAreNotClobbered" classname="org.springframework.web.servlet.tags.form.ErrorsTagTests" time="0.005"/>
  <testcase name="withoutErrorsInstance" classname="org.springframework.web.servlet.tags.form.ErrorsTagTests" time="0.004"/>
  <testcase name="asBodyTagWithExistingMessagesAttribute" classname="org.springframework.web.servlet.tags.form.ErrorsTagTests" time="0.004"/>
  <testcase name="asBodyTagWithNoErrorsAndExistingMessagesAttributeInSessionScopeAreNotClobbered" classname="org.springframework.web.servlet.tags.form.ErrorsTagTests" time="0.004"/>
  <testcase name="withEscapedErrors" classname="org.springframework.web.servlet.tags.form.ErrorsTagTests" time="0.004"/>
  <testcase name="withErrors" classname="org.springframework.web.servlet.tags.form.ErrorsTagTests" time="0.005"/>
  <testcase name="asBodyTagWithNoErrorsAndExistingMessagesAttributeInApplicationScopeAreNotClobbered" classname="org.springframework.web.servlet.tags.form.ErrorsTagTests" time="0.004"/>
  <testcase name="withNonEscapedErrors" classname="org.springframework.web.servlet.tags.form.ErrorsTagTests" time="0.004"/>
  <system-out><![CDATA[]]></system-out>
  <system-err><![CDATA[]]></system-err>
</testsuite>
