<?xml version="1.0" encoding="UTF-8"?>
<testsuite name="org.springframework.web.servlet.support.ServletUriComponentsBuilderTests" tests="16" skipped="0" failures="0" errors="0" timestamp="2021-04-16T02:02:33" hostname="DESKTOP-3R4DVF7" time="0.003">
  <properties/>
  <testcase name="fromRequestWithForwardedHostAndPort" classname="org.springframework.web.servlet.support.ServletUriComponentsBuilderTests" time="0.0"/>
  <testcase name="pathExtensionNone" classname="org.springframework.web.servlet.support.ServletUriComponentsBuilderTests" time="0.0"/>
  <testcase name="fromServletMapping" classname="org.springframework.web.servlet.support.ServletUriComponentsBuilderTests" time="0.0"/>
  <testcase name="fromRequestWithForwardedPrefixTrailingSlash" classname="org.springframework.web.servlet.support.ServletUriComponentsBuilderTests" time="0.0"/>
  <testcase name="fromCurrentRequest" classname="org.springframework.web.servlet.support.ServletUriComponentsBuilderTests" time="0.0"/>
  <testcase name="fromContextPathWithForwardedPrefix" classname="org.springframework.web.servlet.support.ServletUriComponentsBuilderTests" time="0.001"/>
  <testcase name="fromRequestEncodedPath" classname="org.springframework.web.servlet.support.ServletUriComponentsBuilderTests" time="0.0"/>
  <testcase name="fromServletMappingWithForwardedPrefix" classname="org.springframework.web.servlet.support.ServletUriComponentsBuilderTests" time="0.0"/>
  <testcase name="fromRequestWithForwardedPrefixRoot" classname="org.springframework.web.servlet.support.ServletUriComponentsBuilderTests" time="0.0"/>
  <testcase name="fromRequest" classname="org.springframework.web.servlet.support.ServletUriComponentsBuilderTests" time="0.0"/>
  <testcase name="pathExtension" classname="org.springframework.web.servlet.support.ServletUriComponentsBuilderTests" time="0.0"/>
  <testcase name="fromRequestAtypicalHttpsPort" classname="org.springframework.web.servlet.support.ServletUriComponentsBuilderTests" time="0.0"/>
  <testcase name="fromRequestWithForwardedPrefix" classname="org.springframework.web.servlet.support.ServletUriComponentsBuilderTests" time="0.0"/>
  <testcase name="fromRequestUri" classname="org.springframework.web.servlet.support.ServletUriComponentsBuilderTests" time="0.0"/>
  <testcase name="fromContextPath" classname="org.springframework.web.servlet.support.ServletUriComponentsBuilderTests" time="0.0"/>
  <testcase name="fromRequestAtypicalHttpPort" classname="org.springframework.web.servlet.support.ServletUriComponentsBuilderTests" time="0.001"/>
  <system-out><![CDATA[]]></system-out>
  <system-err><![CDATA[]]></system-err>
</testsuite>
