<?xml version="1.0" encoding="UTF-8"?>
<testsuite name="org.springframework.web.context.ServletContextAwareProcessorTests" tests="12" skipped="0" failures="0" errors="0" timestamp="2021-04-16T02:01:48" hostname="DESKTOP-3R4DVF7" time="0.002">
  <properties/>
  <testcase name="servletContextAwareWithServletContextAndServletConfig" classname="org.springframework.web.context.ServletContextAwareProcessorTests" time="0.0"/>
  <testcase name="servletContextAwareWithNullServletContext" classname="org.springframework.web.context.ServletContextAwareProcessorTests" time="0.0"/>
  <testcase name="servletContextAwareWithNullServletContextAndNonNullServletConfig" classname="org.springframework.web.context.ServletContextAwareProcessorTests" time="0.0"/>
  <testcase name="servletConfigAwareWithServletContextAndServletConfig" classname="org.springframework.web.context.ServletContextAwareProcessorTests" time="0.0"/>
  <testcase name="servletContextAwareWithNonNullServletContextAndNullServletConfig" classname="org.springframework.web.context.ServletContextAwareProcessorTests" time="0.0"/>
  <testcase name="servletContextAwareWithServletContext" classname="org.springframework.web.context.ServletContextAwareProcessorTests" time="0.0"/>
  <testcase name="servletConfigAwareWithServletConfig" classname="org.springframework.web.context.ServletContextAwareProcessorTests" time="0.0"/>
  <testcase name="servletConfigAwareWithNullServletContext" classname="org.springframework.web.context.ServletContextAwareProcessorTests" time="0.0"/>
  <testcase name="servletContextAwareWithServletConfig" classname="org.springframework.web.context.ServletContextAwareProcessorTests" time="0.0"/>
  <testcase name="servletConfigAwareWithServletContextOnly" classname="org.springframework.web.context.ServletContextAwareProcessorTests" time="0.0"/>
  <testcase name="servletConfigAwareWithNullServletContextAndNonNullServletConfig" classname="org.springframework.web.context.ServletContextAwareProcessorTests" time="0.0"/>
  <testcase name="servletConfigAwareWithNonNullServletContextAndNullServletConfig" classname="org.springframework.web.context.ServletContextAwareProcessorTests" time="0.0"/>
  <system-out><![CDATA[]]></system-out>
  <system-err><![CDATA[]]></system-err>
</testsuite>
