<?xml version="1.0" encoding="UTF-8"?>
<testsuite name="org.springframework.web.servlet.view.freemarker.FreeMarkerConfigurerTests" tests="4" skipped="0" failures="0" errors="0" timestamp="2021-04-16T02:02:37" hostname="DESKTOP-3R4DVF7" time="0.026">
  <properties/>
  <testcase name="freeMarkerConfigurationFactoryBeanWithResourceLoaderPath" classname="org.springframework.web.servlet.view.freemarker.FreeMarkerConfigurerTests" time="0.004"/>
  <testcase name="freeMarkerConfigurationAsBean" classname="org.springframework.web.servlet.view.freemarker.FreeMarkerConfigurerTests" time="0.018"/>
  <testcase name="freeMarkerConfigurationFactoryBeanWithConfigLocation" classname="org.springframework.web.servlet.view.freemarker.FreeMarkerConfigurerTests" time="0.0"/>
  <testcase name="freeMarkerConfigurationFactoryBeanWithNonFileResourceLoaderPath" classname="org.springframework.web.servlet.view.freemarker.FreeMarkerConfigurerTests" time="0.004"/>
  <system-out><![CDATA[]]></system-out>
  <system-err><![CDATA[]]></system-err>
</testsuite>
