<?xml version="1.0" encoding="UTF-8"?>
<testsuite name="org.springframework.web.servlet.view.xslt.XsltViewTests" tests="12" skipped="0" failures="0" errors="0" timestamp="2021-04-16T02:02:56" hostname="DESKTOP-3R4DVF7" time="0.287">
  <properties/>
  <testcase name="withoutUrl" classname="org.springframework.web.servlet.view.xslt.XsltViewTests" time="0.0"/>
  <testcase name="testSimpleTransformWithInputStream" classname="org.springframework.web.servlet.view.xslt.XsltViewTests" time="0.15"/>
  <testcase name="withNoSource" classname="org.springframework.web.servlet.view.xslt.XsltViewTests" time="0.013"/>
  <testcase name="testSimpleTransformWithReader" classname="org.springframework.web.servlet.view.xslt.XsltViewTests" time="0.014"/>
  <testcase name="testStaticAttributesCarriedAcross" classname="org.springframework.web.servlet.view.xslt.XsltViewTests" time="0.013"/>
  <testcase name="simpleTransformWithSource" classname="org.springframework.web.servlet.view.xslt.XsltViewTests" time="0.012"/>
  <testcase name="testSimpleTransformWithNode" classname="org.springframework.web.servlet.view.xslt.XsltViewTests" time="0.017"/>
  <testcase name="testContentTypeCarriedFromTemplate" classname="org.springframework.web.servlet.view.xslt.XsltViewTests" time="0.013"/>
  <testcase name="testSimpleTransformWithResource" classname="org.springframework.web.servlet.view.xslt.XsltViewTests" time="0.016"/>
  <testcase name="testWithSourceKey" classname="org.springframework.web.servlet.view.xslt.XsltViewTests" time="0.014"/>
  <testcase name="testSimpleTransformWithDocument" classname="org.springframework.web.servlet.view.xslt.XsltViewTests" time="0.012"/>
  <testcase name="testModelParametersCarriedAcross" classname="org.springframework.web.servlet.view.xslt.XsltViewTests" time="0.011"/>
  <system-out><![CDATA[]]></system-out>
  <system-err><![CDATA[]]></system-err>
</testsuite>
