<?xml version="1.0" encoding="UTF-8"?>
<testsuite name="org.springframework.web.servlet.handler.BeanNameUrlHandlerMappingTests" tests="7" skipped="0" failures="0" errors="0" timestamp="2021-04-16T02:02:13" hostname="DESKTOP-3R4DVF7" time="0.034">
  <properties/>
  <testcase name="requestsWithoutHandlers" classname="org.springframework.web.servlet.handler.BeanNameUrlHandlerMappingTests" time="0.007"/>
  <testcase name="requestsWithSubPathsInParentContext" classname="org.springframework.web.servlet.handler.BeanNameUrlHandlerMappingTests" time="0.005"/>
  <testcase name="asteriskMatches" classname="org.springframework.web.servlet.handler.BeanNameUrlHandlerMappingTests" time="0.005"/>
  <testcase name="doubleMappings" classname="org.springframework.web.servlet.handler.BeanNameUrlHandlerMappingTests" time="0.004"/>
  <testcase name="requestsWithSubPaths" classname="org.springframework.web.servlet.handler.BeanNameUrlHandlerMappingTests" time="0.004"/>
  <testcase name="requestsWithFullPaths" classname="org.springframework.web.servlet.handler.BeanNameUrlHandlerMappingTests" time="0.004"/>
  <testcase name="overlappingMappings" classname="org.springframework.web.servlet.handler.BeanNameUrlHandlerMappingTests" time="0.005"/>
  <system-out><![CDATA[]]></system-out>
  <system-err><![CDATA[]]></system-err>
</testsuite>
