<?xml version="1.0" encoding="UTF-8"?>
<testsuite name="org.springframework.web.context.support.ServletContextSupportTests" tests="10" skipped="0" failures="0" errors="0" timestamp="2021-04-16T02:01:48" hostname="DESKTOP-3R4DVF7" time="0.022">
  <properties/>
  <testcase name="testServletContextAttributeFactoryBean" classname="org.springframework.web.context.support.ServletContextSupportTests" time="0.007"/>
  <testcase name="testServletContextResourcePatternResolverWithUnboundedPatternPath" classname="org.springframework.web.context.support.ServletContextSupportTests" time="0.002"/>
  <testcase name="testServletContextParameterFactoryBeanWithAttributeNotFound" classname="org.springframework.web.context.support.ServletContextSupportTests" time="0.007"/>
  <testcase name="testServletContextResourcePatternResolverWithPatternPath" classname="org.springframework.web.context.support.ServletContextSupportTests" time="0.001"/>
  <testcase name="testServletContextAttributeFactoryBeanWithAttributeNotFound" classname="org.springframework.web.context.support.ServletContextSupportTests" time="0.0"/>
  <testcase name="testServletContextResourceLoader" classname="org.springframework.web.context.support.ServletContextSupportTests" time="0.001"/>
  <testcase name="testServletContextParameterFactoryBean" classname="org.springframework.web.context.support.ServletContextSupportTests" time="0.0"/>
  <testcase name="testServletContextAttributeExporter" classname="org.springframework.web.context.support.ServletContextSupportTests" time="0.002"/>
  <testcase name="testServletContextResourcePatternResolverWithAbsolutePaths" classname="org.springframework.web.context.support.ServletContextSupportTests" time="0.0"/>
  <testcase name="testServletContextResourcePatternResolver" classname="org.springframework.web.context.support.ServletContextSupportTests" time="0.001"/>
  <system-out><![CDATA[]]></system-out>
  <system-err><![CDATA[]]></system-err>
</testsuite>
