<?xml version="1.0" encoding="UTF-8"?>
<testsuite name="org.springframework.web.servlet.mvc.method.annotation.ServletAnnotationControllerHandlerMethodTests" tests="102" skipped="0" failures="0" errors="0" timestamp="2021-04-16T02:02:23" hostname="DESKTOP-3R4DVF7" time="7.162">
  <properties/>
  <testcase name="optionalParamPresent" classname="org.springframework.web.servlet.mvc.method.annotation.ServletAnnotationControllerHandlerMethodTests" time="0.106"/>
  <testcase name="responseAsHttpHeaders" classname="org.springframework.web.servlet.mvc.method.annotation.ServletAnnotationControllerHandlerMethodTests" time="0.068"/>
  <testcase name="dataClassBindingWithOptional" classname="org.springframework.web.servlet.mvc.method.annotation.ServletAnnotationControllerHandlerMethodTests" time="0.063"/>
  <testcase name="multipartFilesAsStringArray" classname="org.springframework.web.servlet.mvc.method.annotation.ServletAnnotationControllerHandlerMethodTests" time="0.053"/>
  <testcase name="bindingCookieValue" classname="org.springframework.web.servlet.mvc.method.annotation.ServletAnnotationControllerHandlerMethodTests" time="0.053"/>
  <testcase name="equivalentMappingsWithSameMethodName" classname="org.springframework.web.servlet.mvc.method.annotation.ServletAnnotationControllerHandlerMethodTests" time="0.01"/>
  <testcase name="requestMappingInterface" classname="org.springframework.web.servlet.mvc.method.annotation.ServletAnnotationControllerHandlerMethodTests" time="0.053"/>
  <testcase name="customAnnotationController" classname="org.springframework.web.servlet.mvc.method.annotation.ServletAnnotationControllerHandlerMethodTests" time="0.052"/>
  <testcase name="requestHeaderMap" classname="org.springframework.web.servlet.mvc.method.annotation.ServletAnnotationControllerHandlerMethodTests" time="0.053"/>
  <testcase name="redirectAttribute" classname="org.springframework.web.servlet.mvc.method.annotation.ServletAnnotationControllerHandlerMethodTests" time="0.056"/>
  <testcase name="emptyValueMapping" classname="org.springframework.web.servlet.mvc.method.annotation.ServletAnnotationControllerHandlerMethodTests" time="0.074"/>
  <testcase name="typedCommandProvidingFormController" classname="org.springframework.web.servlet.mvc.method.annotation.ServletAnnotationControllerHandlerMethodTests" time="0.327"/>
  <testcase name="dataClassBindingWithConversionError" classname="org.springframework.web.servlet.mvc.method.annotation.ServletAnnotationControllerHandlerMethodTests" time="0.076"/>
  <testcase name="bridgeMethodsWithMultipleInterfaces" classname="org.springframework.web.servlet.mvc.method.annotation.ServletAnnotationControllerHandlerMethodTests" time="0.056"/>
  <testcase name="adaptedHandleMethods2" classname="org.springframework.web.servlet.mvc.method.annotation.ServletAnnotationControllerHandlerMethodTests" time="0.055"/>
  <testcase name="adaptedHandleMethods3" classname="org.springframework.web.servlet.mvc.method.annotation.ServletAnnotationControllerHandlerMethodTests" time="0.068"/>
  <testcase name="errorThrownFromHandlerMethod" classname="org.springframework.web.servlet.mvc.method.annotation.ServletAnnotationControllerHandlerMethodTests" time="0.055"/>
  <testcase name="responseBodyVoid" classname="org.springframework.web.servlet.mvc.method.annotation.ServletAnnotationControllerHandlerMethodTests" time="0.053"/>
  <testcase name="responseBodyAsTextWithCssExtension" classname="org.springframework.web.servlet.mvc.method.annotation.ServletAnnotationControllerHandlerMethodTests" time="0.054"/>
  <testcase name="trailingSlash" classname="org.springframework.web.servlet.mvc.method.annotation.ServletAnnotationControllerHandlerMethodTests" time="0.052"/>
  <testcase name="modelAndViewWithStatus" classname="org.springframework.web.servlet.mvc.method.annotation.ServletAnnotationControllerHandlerMethodTests" time="0.054"/>
  <testcase name="badRequestRequestBody" classname="org.springframework.web.servlet.mvc.method.annotation.ServletAnnotationControllerHandlerMethodTests" time="0.052"/>
  <testcase name="customMapEditor" classname="org.springframework.web.servlet.mvc.method.annotation.ServletAnnotationControllerHandlerMethodTests" time="0.052"/>
  <testcase name="produces" classname="org.springframework.web.servlet.mvc.method.annotation.ServletAnnotationControllerHandlerMethodTests" time="0.056"/>
  <testcase name="nullCommandController" classname="org.springframework.web.servlet.mvc.method.annotation.ServletAnnotationControllerHandlerMethodTests" time="0.054"/>
  <testcase name="proxiedFormController" classname="org.springframework.web.servlet.mvc.method.annotation.ServletAnnotationControllerHandlerMethodTests" time="0.073"/>
  <testcase name="sessionAttributeExposure" classname="org.springframework.web.servlet.mvc.method.annotation.ServletAnnotationControllerHandlerMethodTests" time="0.057"/>
  <testcase name="acceptHeaders" classname="org.springframework.web.servlet.mvc.method.annotation.ServletAnnotationControllerHandlerMethodTests" time="0.054"/>
  <testcase name="modelFormController" classname="org.springframework.web.servlet.mvc.method.annotation.ServletAnnotationControllerHandlerMethodTests" time="0.061"/>
  <testcase name="optionalParamMissing" classname="org.springframework.web.servlet.mvc.method.annotation.ServletAnnotationControllerHandlerMethodTests" time="0.054"/>
  <testcase name="formController" classname="org.springframework.web.servlet.mvc.method.annotation.ServletAnnotationControllerHandlerMethodTests" time="0.054"/>
  <testcase name="dataClassBindingWithMissingParameter" classname="org.springframework.web.servlet.mvc.method.annotation.ServletAnnotationControllerHandlerMethodTests" time="0.067"/>
  <testcase name="parameterizedAnnotatedInterface" classname="org.springframework.web.servlet.mvc.method.annotation.ServletAnnotationControllerHandlerMethodTests" time="0.055"/>
  <testcase name="responseBodyArgMismatch" classname="org.springframework.web.servlet.mvc.method.annotation.ServletAnnotationControllerHandlerMethodTests" time="0.463"/>
  <testcase name="consumes" classname="org.springframework.web.servlet.mvc.method.annotation.ServletAnnotationControllerHandlerMethodTests" time="0.054"/>
  <testcase name="requestParamMap" classname="org.springframework.web.servlet.mvc.method.annotation.ServletAnnotationControllerHandlerMethodTests" time="0.051"/>
  <testcase name="parameterDispatchingController" classname="org.springframework.web.servlet.mvc.method.annotation.ServletAnnotationControllerHandlerMethodTests" time="0.087"/>
  <testcase name="multipartFileAsStringArray" classname="org.springframework.web.servlet.mvc.method.annotation.ServletAnnotationControllerHandlerMethodTests" time="0.055"/>
  <testcase name="dataClassBinding" classname="org.springframework.web.servlet.mvc.method.annotation.ServletAnnotationControllerHandlerMethodTests" time="0.054"/>
  <testcase name="sessionAttributeExposureWithInterface" classname="org.springframework.web.servlet.mvc.method.annotation.ServletAnnotationControllerHandlerMethodTests" time="0.073"/>
  <testcase name="httpOptions" classname="org.springframework.web.servlet.mvc.method.annotation.ServletAnnotationControllerHandlerMethodTests" time="0.054"/>
  <testcase name="responseBodyAsHtml" classname="org.springframework.web.servlet.mvc.method.annotation.ServletAnnotationControllerHandlerMethodTests" time="0.058"/>
  <testcase name="defaultExpressionParameters" classname="org.springframework.web.servlet.mvc.method.annotation.ServletAnnotationControllerHandlerMethodTests" time="0.059"/>
  <testcase name="testHeadersCondition" classname="org.springframework.web.servlet.mvc.method.annotation.ServletAnnotationControllerHandlerMethodTests" time="0.065"/>
  <testcase name="regularParameterAsSingleString" classname="org.springframework.web.servlet.mvc.method.annotation.ServletAnnotationControllerHandlerMethodTests" time="0.055"/>
  <testcase name="dataClassBindingWithFieldMarkerFallback" classname="org.springframework.web.servlet.mvc.method.annotation.ServletAnnotationControllerHandlerMethodTests" time="0.054"/>
  <testcase name="httpEntityWithContentType" classname="org.springframework.web.servlet.mvc.method.annotation.ServletAnnotationControllerHandlerMethodTests" time="0.167"/>
  <testcase name="testMatchWithoutMethodLevelPath" classname="org.springframework.web.servlet.mvc.method.annotation.ServletAnnotationControllerHandlerMethodTests" time="0.055"/>
  <testcase name="httpHead" classname="org.springframework.web.servlet.mvc.method.annotation.ServletAnnotationControllerHandlerMethodTests" time="0.102"/>
  <testcase name="requestBodyResponseBody" classname="org.springframework.web.servlet.mvc.method.annotation.ServletAnnotationControllerHandlerMethodTests" time="0.075"/>
  <testcase name="responseBodyWildCardMediaType" classname="org.springframework.web.servlet.mvc.method.annotation.ServletAnnotationControllerHandlerMethodTests" time="0.067"/>
  <testcase name="httpHeadExplicit" classname="org.springframework.web.servlet.mvc.method.annotation.ServletAnnotationControllerHandlerMethodTests" time="0.065"/>
  <testcase name="multipartFileAsSingleString" classname="org.springframework.web.servlet.mvc.method.annotation.ServletAnnotationControllerHandlerMethodTests" time="0.059"/>
  <testcase name="pathOrdering" classname="org.springframework.web.servlet.mvc.method.annotation.ServletAnnotationControllerHandlerMethodTests" time="0.065"/>
  <testcase name="overlappingMessageConvertersRequestBody" classname="org.springframework.web.servlet.mvc.method.annotation.ServletAnnotationControllerHandlerMethodTests" time="0.055"/>
  <testcase name="responseStatus" classname="org.springframework.web.servlet.mvc.method.annotation.ServletAnnotationControllerHandlerMethodTests" time="0.053"/>
  <testcase name="typeNestedSetBinding" classname="org.springframework.web.servlet.mvc.method.annotation.ServletAnnotationControllerHandlerMethodTests" time="0.073"/>
  <testcase name="httpPatch" classname="org.springframework.web.servlet.mvc.method.annotation.ServletAnnotationControllerHandlerMethodTests" time="0.057"/>
  <testcase name="requestMappingBaseClass" classname="org.springframework.web.servlet.mvc.method.annotation.ServletAnnotationControllerHandlerMethodTests" time="0.054"/>
  <testcase name="commandProvidingFormControllerWithCustomEditor" classname="org.springframework.web.servlet.mvc.method.annotation.ServletAnnotationControllerHandlerMethodTests" time="0.133"/>
  <testcase name="responseBodyNoAcceptableMediaType" classname="org.springframework.web.servlet.mvc.method.annotation.ServletAnnotationControllerHandlerMethodTests" time="0.058"/>
  <testcase name="relativeMethodPathDispatchingController" classname="org.springframework.web.servlet.mvc.method.annotation.ServletAnnotationControllerHandlerMethodTests" time="0.052"/>
  <testcase name="dataClassBindingWithAdditionalSetter" classname="org.springframework.web.servlet.mvc.method.annotation.ServletAnnotationControllerHandlerMethodTests" time="0.052"/>
  <testcase name="modelAndViewWithStatusInExceptionHandler" classname="org.springframework.web.servlet.mvc.method.annotation.ServletAnnotationControllerHandlerMethodTests" time="0.051"/>
  <testcase name="httpEntity" classname="org.springframework.web.servlet.mvc.method.annotation.ServletAnnotationControllerHandlerMethodTests" time="0.068"/>
  <testcase name="lateBindingFormController" classname="org.springframework.web.servlet.mvc.method.annotation.ServletAnnotationControllerHandlerMethodTests" time="0.065"/>
  <testcase name="unsupportedRequestBody" classname="org.springframework.web.servlet.mvc.method.annotation.ServletAnnotationControllerHandlerMethodTests" time="0.057"/>
  <testcase name="defaultParameters" classname="org.springframework.web.servlet.mvc.method.annotation.ServletAnnotationControllerHandlerMethodTests" time="0.055"/>
  <testcase name="specificBinderInitializingCommandProvidingFormController" classname="org.springframework.web.servlet.mvc.method.annotation.ServletAnnotationControllerHandlerMethodTests" time="0.107"/>
  <testcase name="methodNotAllowed" classname="org.springframework.web.servlet.mvc.method.annotation.ServletAnnotationControllerHandlerMethodTests" time="0.053"/>
  <testcase name="binderInitializingCommandProvidingFormController" classname="org.springframework.web.servlet.mvc.method.annotation.ServletAnnotationControllerHandlerMethodTests" time="0.179"/>
  <testcase name="requestMappingInterfaceWithProxy" classname="org.springframework.web.servlet.mvc.method.annotation.ServletAnnotationControllerHandlerMethodTests" time="0.082"/>
  <testcase name="restController" classname="org.springframework.web.servlet.mvc.method.annotation.ServletAnnotationControllerHandlerMethodTests" time="0.054"/>
  <testcase name="relativePathDispatchingController" classname="org.springframework.web.servlet.mvc.method.annotation.ServletAnnotationControllerHandlerMethodTests" time="0.055"/>
  <testcase name="dataClassBindingWithFieldDefault" classname="org.springframework.web.servlet.mvc.method.annotation.ServletAnnotationControllerHandlerMethodTests" time="0.053"/>
  <testcase name="mavResolver" classname="org.springframework.web.servlet.mvc.method.annotation.ServletAnnotationControllerHandlerMethodTests" time="0.054"/>
  <testcase name="dataClassBindingWithResult" classname="org.springframework.web.servlet.mvc.method.annotation.ServletAnnotationControllerHandlerMethodTests" time="0.086"/>
  <testcase name="responseBodyAsHtmlWithSuffixPresent" classname="org.springframework.web.servlet.mvc.method.annotation.ServletAnnotationControllerHandlerMethodTests" time="0.053"/>
  <testcase name="ambiguousPathAndRequestMethod" classname="org.springframework.web.servlet.mvc.method.annotation.ServletAnnotationControllerHandlerMethodTests" time="0.052"/>
  <testcase name="typeConversionError" classname="org.springframework.web.servlet.mvc.method.annotation.ServletAnnotationControllerHandlerMethodTests" time="0.053"/>
  <testcase name="parameterCsvAsStringArray" classname="org.springframework.web.servlet.mvc.method.annotation.ServletAnnotationControllerHandlerMethodTests" time="0.052"/>
  <testcase name="regularParameterAsStringArray" classname="org.springframework.web.servlet.mvc.method.annotation.ServletAnnotationControllerHandlerMethodTests" time="0.074"/>
  <testcase name="adaptedHandleMethods" classname="org.springframework.web.servlet.mvc.method.annotation.ServletAnnotationControllerHandlerMethodTests" time="0.077"/>
  <testcase name="ambiguousParams" classname="org.springframework.web.servlet.mvc.method.annotation.ServletAnnotationControllerHandlerMethodTests" time="0.074"/>
  <testcase name="emptyParameterListHandleMethod" classname="org.springframework.web.servlet.mvc.method.annotation.ServletAnnotationControllerHandlerMethodTests" time="0.063"/>
  <testcase name="dataClassBindingWithFieldDefaultFallback" classname="org.springframework.web.servlet.mvc.method.annotation.ServletAnnotationControllerHandlerMethodTests" time="0.051"/>
  <testcase name="dataClassBindingWithOptionalAndConversionError" classname="org.springframework.web.servlet.mvc.method.annotation.ServletAnnotationControllerHandlerMethodTests" time="0.058"/>
  <testcase name="responseAsHttpHeadersNoHeader" classname="org.springframework.web.servlet.mvc.method.annotation.ServletAnnotationControllerHandlerMethodTests" time="0.056"/>
  <testcase name="dataClassBindingWithFieldMarker" classname="org.springframework.web.servlet.mvc.method.annotation.ServletAnnotationControllerHandlerMethodTests" time="0.052"/>
  <testcase name="responseBodyAsHtmlWithProducesCondition" classname="org.springframework.web.servlet.mvc.method.annotation.ServletAnnotationControllerHandlerMethodTests" time="0.055"/>
  <testcase name="negatedContentTypeHeaders" classname="org.springframework.web.servlet.mvc.method.annotation.ServletAnnotationControllerHandlerMethodTests" time="0.053"/>
  <testcase name="requiredParamMissing" classname="org.springframework.web.servlet.mvc.method.annotation.ServletAnnotationControllerHandlerMethodTests" time="0.052"/>
  <testcase name="dataClassBindingWithOptionalParameter" classname="org.springframework.web.servlet.mvc.method.annotation.ServletAnnotationControllerHandlerMethodTests" time="0.082"/>
  <testcase name="flashAttributesWithResponseEntity" classname="org.springframework.web.servlet.mvc.method.annotation.ServletAnnotationControllerHandlerMethodTests" time="0.053"/>
  <testcase name="parameterizedAnnotatedInterfaceWithOverriddenMappingsInImpl" classname="org.springframework.web.servlet.mvc.method.annotation.ServletAnnotationControllerHandlerMethodTests" time="0.054"/>
  <testcase name="contentTypeHeaders" classname="org.springframework.web.servlet.mvc.method.annotation.ServletAnnotationControllerHandlerMethodTests" time="0.053"/>
  <testcase name="prototypeController" classname="org.springframework.web.servlet.mvc.method.annotation.ServletAnnotationControllerHandlerMethodTests" time="0.052"/>
  <testcase name="responseBodyNoAcceptHeader" classname="org.springframework.web.servlet.mvc.method.annotation.ServletAnnotationControllerHandlerMethodTests" time="0.08"/>
  <testcase name="bridgeMethods" classname="org.springframework.web.servlet.mvc.method.annotation.ServletAnnotationControllerHandlerMethodTests" time="0.07"/>
  <testcase name="pathVariableWithCustomConverter" classname="org.springframework.web.servlet.mvc.method.annotation.ServletAnnotationControllerHandlerMethodTests" time="0.066"/>
  <testcase name="dataClassBindingWithValidationError" classname="org.springframework.web.servlet.mvc.method.annotation.ServletAnnotationControllerHandlerMethodTests" time="0.096"/>
  <testcase name="regularParametersAsStringArray" classname="org.springframework.web.servlet.mvc.method.annotation.ServletAnnotationControllerHandlerMethodTests" time="0.053"/>
  <system-out><![CDATA[10:02:23.939 [Test worker] ERROR org.springframework.web.servlet.mvc.method.annotation.AbstractServletHandlerMethodTests$1 - Context initialization failed
org.springframework.beans.factory.BeanCreationException: Error creating bean with name 'handlerMapping': Invocation of init method failed; nested exception is java.lang.IllegalStateException: Ambiguous mapping. Cannot map 'ChildController' method 
public void org.springframework.web.servlet.mvc.method.annotation.ServletAnnotationControllerHandlerMethodTests$ParentController.doGet(javax.servlet.http.HttpServletRequest,javax.servlet.http.HttpServletResponse)
to {[/child/test],methods=[GET]}: There is already 'ChildController' bean method
public void org.springframework.web.servlet.mvc.method.annotation.ServletAnnotationControllerHandlerMethodTests$ChildController.doGet(javax.servlet.http.HttpServletRequest,javax.servlet.http.HttpServletResponse,java.lang.String) mapped.
	at org.springframework.beans.factory.support.AbstractAutowireCapableBeanFactory.initializeBean(AbstractAutowireCapableBeanFactory.java:1681) ~[spring-beans-5.0.21.BUILD-SNAPSHOT.jar:5.0.21.BUILD-SNAPSHOT]
	at org.springframework.beans.factory.support.AbstractAutowireCapableBeanFactory.doCreateBean(AbstractAutowireCapableBeanFactory.java:534) ~[spring-beans-5.0.21.BUILD-SNAPSHOT.jar:5.0.21.BUILD-SNAPSHOT]
	at org.springframework.beans.factory.support.AbstractAutowireCapableBeanFactory.createBean(AbstractAutowireCapableBeanFactory.java:453) ~[spring-beans-5.0.21.BUILD-SNAPSHOT.jar:5.0.21.BUILD-SNAPSHOT]
	at org.springframework.beans.factory.support.AbstractBeanFactory.lambda$doGetBean$0(AbstractBeanFactory.java:286) ~[spring-beans-5.0.21.BUILD-SNAPSHOT.jar:5.0.21.BUILD-SNAPSHOT]
	at org.springframework.beans.factory.support.DefaultSingletonBeanRegistry.getSingleton(DefaultSingletonBeanRegistry.java:227) ~[spring-beans-5.0.21.BUILD-SNAPSHOT.jar:5.0.21.BUILD-SNAPSHOT]
	at org.springframework.beans.factory.support.AbstractBeanFactory.doGetBean(AbstractBeanFactory.java:284) ~[spring-beans-5.0.21.BUILD-SNAPSHOT.jar:5.0.21.BUILD-SNAPSHOT]
	at org.springframework.beans.factory.support.AbstractBeanFactory.getBean(AbstractBeanFactory.java:155) ~[spring-beans-5.0.21.BUILD-SNAPSHOT.jar:5.0.21.BUILD-SNAPSHOT]
	at org.springframework.beans.factory.support.DefaultListableBeanFactory.preInstantiateSingletons(DefaultListableBeanFactory.java:728) ~[spring-beans-5.0.21.BUILD-SNAPSHOT.jar:5.0.21.BUILD-SNAPSHOT]
	at org.springframework.context.support.AbstractApplicationContext.finishBeanFactoryInitialization(AbstractApplicationContext.java:893) ~[spring-context-5.0.21.BUILD-SNAPSHOT.jar:5.0.21.BUILD-SNAPSHOT]
	at org.springframework.context.support.AbstractApplicationContext.refresh(AbstractApplicationContext.java:546) ~[spring-context-5.0.21.BUILD-SNAPSHOT.jar:5.0.21.BUILD-SNAPSHOT]
	at org.springframework.web.servlet.mvc.method.annotation.AbstractServletHandlerMethodTests$1.createWebApplicationContext(AbstractServletHandlerMethodTests.java:103) ~[test/:?]
	at org.springframework.web.servlet.FrameworkServlet.initWebApplicationContext(FrameworkServlet.java:557) ~[main/:?]
	at org.springframework.web.servlet.FrameworkServlet.initServletBean(FrameworkServlet.java:502) [main/:?]
	at org.springframework.web.servlet.HttpServletBean.init(HttpServletBean.java:172) [main/:?]
	at javax.servlet.GenericServlet.init(GenericServlet.java:203) [javax.servlet-api-4.0.1.jar:4.0.1]
	at org.springframework.web.servlet.mvc.method.annotation.AbstractServletHandlerMethodTests.initServlet(AbstractServletHandlerMethodTests.java:108) [test/:?]
	at org.springframework.web.servlet.mvc.method.annotation.AbstractServletHandlerMethodTests.initServletWithControllers(AbstractServletHandlerMethodTests.java:66) [test/:?]
	at org.springframework.web.servlet.mvc.method.annotation.ServletAnnotationControllerHandlerMethodTests.equivalentMappingsWithSameMethodName(ServletAnnotationControllerHandlerMethodTests.java:790) [test/:?]
	at sun.reflect.NativeMethodAccessorImpl.invoke0(Native Method) ~[?:1.8.0_271]
	at sun.reflect.NativeMethodAccessorImpl.invoke(NativeMethodAccessorImpl.java:62) ~[?:1.8.0_271]
	at sun.reflect.DelegatingMethodAccessorImpl.invoke(DelegatingMethodAccessorImpl.java:43) ~[?:1.8.0_271]
	at java.lang.reflect.Method.invoke(Method.java:498) ~[?:1.8.0_271]
	at org.junit.runners.model.FrameworkMethod$1.runReflectiveCall(FrameworkMethod.java:50) [junit-4.12.jar:4.12]
	at org.junit.internal.runners.model.ReflectiveCallable.run(ReflectiveCallable.java:12) [junit-4.12.jar:4.12]
	at org.junit.runners.model.FrameworkMethod.invokeExplosively(FrameworkMethod.java:47) [junit-4.12.jar:4.12]
	at org.junit.internal.runners.statements.InvokeMethod.evaluate(InvokeMethod.java:17) [junit-4.12.jar:4.12]
	at org.junit.internal.runners.statements.RunAfters.evaluate(RunAfters.java:27) [junit-4.12.jar:4.12]
	at org.junit.runners.ParentRunner.runLeaf(ParentRunner.java:325) [junit-4.12.jar:4.12]
	at org.junit.runners.BlockJUnit4ClassRunner.runChild(BlockJUnit4ClassRunner.java:78) [junit-4.12.jar:4.12]
	at org.junit.runners.BlockJUnit4ClassRunner.runChild(BlockJUnit4ClassRunner.java:57) [junit-4.12.jar:4.12]
	at org.junit.runners.ParentRunner$3.run(ParentRunner.java:290) [junit-4.12.jar:4.12]
	at org.junit.runners.ParentRunner$1.schedule(ParentRunner.java:71) [junit-4.12.jar:4.12]
	at org.junit.runners.ParentRunner.runChildren(ParentRunner.java:288) [junit-4.12.jar:4.12]
	at org.junit.runners.ParentRunner.access$000(ParentRunner.java:58) [junit-4.12.jar:4.12]
	at org.junit.runners.ParentRunner$2.evaluate(ParentRunner.java:268) [junit-4.12.jar:4.12]
	at org.junit.runners.ParentRunner.run(ParentRunner.java:363) [junit-4.12.jar:4.12]
	at org.gradle.api.internal.tasks.testing.junit.JUnitTestClassExecuter.runTestClass(JUnitTestClassExecuter.java:114) [gradle-testing-jvm-4.4.1.jar:4.4.1]
	at org.gradle.api.internal.tasks.testing.junit.JUnitTestClassExecuter.execute(JUnitTestClassExecuter.java:57) [gradle-testing-jvm-4.4.1.jar:4.4.1]
	at org.gradle.api.internal.tasks.testing.junit.JUnitTestClassProcessor.processTestClass(JUnitTestClassProcessor.java:66) [gradle-testing-jvm-4.4.1.jar:4.4.1]
	at org.gradle.api.internal.tasks.testing.SuiteTestClassProcessor.processTestClass(SuiteTestClassProcessor.java:51) [gradle-testing-base-4.4.1.jar:4.4.1]
	at sun.reflect.GeneratedMethodAccessor61.invoke(Unknown Source) ~[?:?]
	at sun.reflect.DelegatingMethodAccessorImpl.invoke(DelegatingMethodAccessorImpl.java:43) ~[?:1.8.0_271]
	at java.lang.reflect.Method.invoke(Method.java:498) ~[?:1.8.0_271]
	at org.gradle.internal.dispatch.ReflectionDispatch.dispatch(ReflectionDispatch.java:35) [gradle-messaging-4.4.1.jar:4.4.1]
	at org.gradle.internal.dispatch.ReflectionDispatch.dispatch(ReflectionDispatch.java:24) [gradle-messaging-4.4.1.jar:4.4.1]
	at org.gradle.internal.dispatch.ContextClassLoaderDispatch.dispatch(ContextClassLoaderDispatch.java:32) [gradle-messaging-4.4.1.jar:4.4.1]
	at org.gradle.internal.dispatch.ProxyDispatchAdapter$DispatchingInvocationHandler.invoke(ProxyDispatchAdapter.java:93) [gradle-messaging-4.4.1.jar:4.4.1]
	at com.sun.proxy.$Proxy1.processTestClass(Unknown Source) [?:?]
	at org.gradle.api.internal.tasks.testing.worker.TestWorker.processTestClass(TestWorker.java:108) [gradle-testing-base-4.4.1.jar:4.4.1]
	at sun.reflect.GeneratedMethodAccessor60.invoke(Unknown Source) ~[?:?]
	at sun.reflect.DelegatingMethodAccessorImpl.invoke(DelegatingMethodAccessorImpl.java:43) ~[?:1.8.0_271]
	at java.lang.reflect.Method.invoke(Method.java:498) ~[?:1.8.0_271]
	at org.gradle.internal.dispatch.ReflectionDispatch.dispatch(ReflectionDispatch.java:35) [gradle-messaging-4.4.1.jar:4.4.1]
	at org.gradle.internal.dispatch.ReflectionDispatch.dispatch(ReflectionDispatch.java:24) [gradle-messaging-4.4.1.jar:4.4.1]
	at org.gradle.internal.remote.internal.hub.MessageHubBackedObjectConnection$DispatchWrapper.dispatch(MessageHubBackedObjectConnection.java:146) [gradle-messaging-4.4.1.jar:4.4.1]
	at org.gradle.internal.remote.internal.hub.MessageHubBackedObjectConnection$DispatchWrapper.dispatch(MessageHubBackedObjectConnection.java:128) [gradle-messaging-4.4.1.jar:4.4.1]
	at org.gradle.internal.remote.internal.hub.MessageHub$Handler.run(MessageHub.java:404) [gradle-messaging-4.4.1.jar:4.4.1]
	at org.gradle.internal.concurrent.ExecutorPolicy$CatchAndRecordFailures.onExecute(ExecutorPolicy.java:63) [gradle-base-services-4.4.1.jar:4.4.1]
	at org.gradle.internal.concurrent.ManagedExecutorImpl$1.run(ManagedExecutorImpl.java:46) [gradle-base-services-4.4.1.jar:4.4.1]
	at java.util.concurrent.ThreadPoolExecutor.runWorker(ThreadPoolExecutor.java:1149) [?:1.8.0_271]
	at java.util.concurrent.ThreadPoolExecutor$Worker.run(ThreadPoolExecutor.java:624) [?:1.8.0_271]
	at org.gradle.internal.concurrent.ThreadFactoryImpl$ManagedThreadRunnable.run(ThreadFactoryImpl.java:55) [gradle-base-services-4.4.1.jar:4.4.1]
	at java.lang.Thread.run(Thread.java:748) [?:1.8.0_271]
Caused by: java.lang.IllegalStateException: Ambiguous mapping. Cannot map 'ChildController' method 
public void org.springframework.web.servlet.mvc.method.annotation.ServletAnnotationControllerHandlerMethodTests$ParentController.doGet(javax.servlet.http.HttpServletRequest,javax.servlet.http.HttpServletResponse)
to {[/child/test],methods=[GET]}: There is already 'ChildController' bean method
public void org.springframework.web.servlet.mvc.method.annotation.ServletAnnotationControllerHandlerMethodTests$ChildController.doGet(javax.servlet.http.HttpServletRequest,javax.servlet.http.HttpServletResponse,java.lang.String) mapped.
	at org.springframework.web.servlet.handler.AbstractHandlerMethodMapping$MappingRegistry.assertUniqueMethodMapping(AbstractHandlerMethodMapping.java:582) ~[main/:?]
	at org.springframework.web.servlet.handler.AbstractHandlerMethodMapping$MappingRegistry.register(AbstractHandlerMethodMapping.java:546) ~[main/:?]
	at org.springframework.web.servlet.handler.AbstractHandlerMethodMapping.registerHandlerMethod(AbstractHandlerMethodMapping.java:267) ~[main/:?]
	at org.springframework.web.servlet.handler.AbstractHandlerMethodMapping.lambda$detectHandlerMethods$1(AbstractHandlerMethodMapping.java:252) ~[main/:?]
	at java.util.LinkedHashMap.forEach(LinkedHashMap.java:684) ~[?:1.8.0_271]
	at org.springframework.web.servlet.handler.AbstractHandlerMethodMapping.detectHandlerMethods(AbstractHandlerMethodMapping.java:250) ~[main/:?]
	at org.springframework.web.servlet.handler.AbstractHandlerMethodMapping.initHandlerMethods(AbstractHandlerMethodMapping.java:219) ~[main/:?]
	at org.springframework.web.servlet.handler.AbstractHandlerMethodMapping.afterPropertiesSet(AbstractHandlerMethodMapping.java:189) ~[main/:?]
	at org.springframework.web.servlet.mvc.method.annotation.RequestMappingHandlerMapping.afterPropertiesSet(RequestMappingHandlerMapping.java:136) ~[main/:?]
	at org.springframework.beans.factory.support.AbstractAutowireCapableBeanFactory.invokeInitMethods(AbstractAutowireCapableBeanFactory.java:1740) ~[spring-beans-5.0.21.BUILD-SNAPSHOT.jar:5.0.21.BUILD-SNAPSHOT]
	at org.springframework.beans.factory.support.AbstractAutowireCapableBeanFactory.initializeBean(AbstractAutowireCapableBeanFactory.java:1677) ~[spring-beans-5.0.21.BUILD-SNAPSHOT.jar:5.0.21.BUILD-SNAPSHOT]
	... 62 more
10:02:24.692 [Test worker] WARN  org.springframework.web.servlet.PageNotFound - No mapping found for HTTP request with URI [/method] in DispatcherServlet with name ''
10:02:25.136 [Test worker] WARN  org.springframework.web.servlet.mvc.support.DefaultHandlerExceptionResolver - Resolved exception caused by handler execution: org.springframework.http.converter.HttpMessageNotReadableException: Could not read
10:02:25.243 [Test worker] WARN  org.springframework.web.servlet.mvc.support.DefaultHandlerExceptionResolver - Resolved exception caused by handler execution: org.springframework.web.HttpMediaTypeNotAcceptableException: Could not find acceptable representation
10:02:25.482 [Test worker] WARN  org.springframework.web.servlet.mvc.support.DefaultHandlerExceptionResolver - Resolved exception caused by handler execution: org.springframework.web.HttpMediaTypeNotAcceptableException: Could not find acceptable representation
10:02:26.236 [Test worker] WARN  org.springframework.web.servlet.mvc.support.DefaultHandlerExceptionResolver - Resolved exception caused by handler execution: org.springframework.beans.TypeMismatchException: Failed to convert value of type 'org.springframework.web.servlet.mvc.method.annotation.ServletAnnotationControllerHandlerMethodTests$B' to required type 'org.springframework.web.servlet.mvc.method.annotation.ServletAnnotationControllerHandlerMethodTests$A'
10:02:26.290 [Test worker] WARN  org.springframework.web.servlet.mvc.support.DefaultHandlerExceptionResolver - Resolved exception caused by handler execution: org.springframework.web.HttpMediaTypeNotSupportedException: Content type 'application/xml' not supported
10:02:27.177 [Test worker] WARN  org.springframework.web.servlet.mvc.support.DefaultHandlerExceptionResolver - Resolved exception caused by handler execution: org.springframework.web.HttpRequestMethodNotSupportedException: Request method 'GET' not supported
10:02:28.094 [Test worker] WARN  org.springframework.web.servlet.mvc.support.DefaultHandlerExceptionResolver - Resolved exception caused by handler execution: org.springframework.web.HttpMediaTypeNotAcceptableException: Could not find acceptable representation
10:02:28.440 [Test worker] WARN  org.springframework.web.servlet.mvc.support.DefaultHandlerExceptionResolver - Resolved exception caused by handler execution: org.springframework.web.HttpMediaTypeNotSupportedException: Content type 'application/pdf' not supported
10:02:28.655 [Test worker] WARN  org.springframework.web.servlet.mvc.support.DefaultHandlerExceptionResolver - Resolved exception caused by handler execution: org.springframework.web.HttpRequestMethodNotSupportedException: Request method 'GET' not supported
10:02:29.376 [Test worker] WARN  org.springframework.web.servlet.mvc.support.DefaultHandlerExceptionResolver - Resolved exception caused by handler execution: org.springframework.web.method.annotation.MethodArgumentTypeMismatchException: Failed to convert value of type 'java.lang.String' to required type 'int'; nested exception is java.lang.NumberFormatException: For input string: "foo"
10:02:30.094 [Test worker] WARN  org.springframework.web.servlet.mvc.support.DefaultHandlerExceptionResolver - Resolved exception caused by handler execution: org.springframework.web.bind.MissingServletRequestParameterException: Required int parameter 'id' is not present
10:02:30.336 [Test worker] WARN  org.springframework.web.servlet.mvc.support.DefaultHandlerExceptionResolver - Resolved exception caused by handler execution: org.springframework.web.HttpMediaTypeNotSupportedException: Content type 'application/xml' not supported
]]></system-out>
  <system-err><![CDATA[]]></system-err>
</testsuite>
