<?xml version="1.0" encoding="UTF-8"?>
<testsuite name="org.springframework.web.servlet.mvc.method.annotation.HandlerMethodAnnotationDetectionTests" tests="13" skipped="0" failures="0" errors="0" timestamp="2021-04-16T02:02:15" hostname="DESKTOP-3R4DVF7" time="1.526">
  <properties/>
  <testcase name="testRequestMappingMethod[controller [class org.springframework.web.servlet.mvc.method.annotation.HandlerMethodAnnotationDetectionTests$SimpleController], auto-proxy [true]]" classname="org.springframework.web.servlet.mvc.method.annotation.HandlerMethodAnnotationDetectionTests" time="0.015"/>
  <testcase name="testRequestMappingMethod[controller [class org.springframework.web.servlet.mvc.method.annotation.HandlerMethodAnnotationDetectionTests$SimpleController], auto-proxy [false]]" classname="org.springframework.web.servlet.mvc.method.annotation.HandlerMethodAnnotationDetectionTests" time="0.001"/>
  <testcase name="testRequestMappingMethod[controller [class org.springframework.web.servlet.mvc.method.annotation.HandlerMethodAnnotationDetectionTests$AbstractClassController], auto-proxy [true]]" classname="org.springframework.web.servlet.mvc.method.annotation.HandlerMethodAnnotationDetectionTests" time="0.009"/>
  <testcase name="testRequestMappingMethod[controller [class org.springframework.web.servlet.mvc.method.annotation.HandlerMethodAnnotationDetectionTests$AbstractClassController], auto-proxy [false]]" classname="org.springframework.web.servlet.mvc.method.annotation.HandlerMethodAnnotationDetectionTests" time="0.001"/>
  <testcase name="testRequestMappingMethod[controller [class org.springframework.web.servlet.mvc.method.annotation.HandlerMethodAnnotationDetectionTests$ParameterizedAbstractClassController], auto-proxy [true]]" classname="org.springframework.web.servlet.mvc.method.annotation.HandlerMethodAnnotationDetectionTests" time="0.009"/>
  <testcase name="testRequestMappingMethod[controller [class org.springframework.web.servlet.mvc.method.annotation.HandlerMethodAnnotationDetectionTests$ParameterizedAbstractClassController], auto-proxy [false]]" classname="org.springframework.web.servlet.mvc.method.annotation.HandlerMethodAnnotationDetectionTests" time="0.002"/>
  <testcase name="testRequestMappingMethod[controller [class org.springframework.web.servlet.mvc.method.annotation.HandlerMethodAnnotationDetectionTests$ParameterizedSubclassOverridesDefaultMappings], auto-proxy [true]]" classname="org.springframework.web.servlet.mvc.method.annotation.HandlerMethodAnnotationDetectionTests" time="0.009"/>
  <testcase name="testRequestMappingMethod[controller [class org.springframework.web.servlet.mvc.method.annotation.HandlerMethodAnnotationDetectionTests$ParameterizedSubclassOverridesDefaultMappings], auto-proxy [false]]" classname="org.springframework.web.servlet.mvc.method.annotation.HandlerMethodAnnotationDetectionTests" time="0.003"/>
  <testcase name="testRequestMappingMethod[controller [class org.springframework.web.servlet.mvc.method.annotation.HandlerMethodAnnotationDetectionTests$InterfaceController], auto-proxy [true]]" classname="org.springframework.web.servlet.mvc.method.annotation.HandlerMethodAnnotationDetectionTests" time="0.003"/>
  <testcase name="testRequestMappingMethod[controller [class org.springframework.web.servlet.mvc.method.annotation.HandlerMethodAnnotationDetectionTests$InterfaceController], auto-proxy [false]]" classname="org.springframework.web.servlet.mvc.method.annotation.HandlerMethodAnnotationDetectionTests" time="0.002"/>
  <testcase name="testRequestMappingMethod[controller [class org.springframework.web.servlet.mvc.method.annotation.HandlerMethodAnnotationDetectionTests$ParameterizedInterfaceController], auto-proxy [false]]" classname="org.springframework.web.servlet.mvc.method.annotation.HandlerMethodAnnotationDetectionTests" time="0.004"/>
  <testcase name="testRequestMappingMethod[controller [class org.springframework.web.servlet.mvc.method.annotation.HandlerMethodAnnotationDetectionTests$SupportClassController], auto-proxy [true]]" classname="org.springframework.web.servlet.mvc.method.annotation.HandlerMethodAnnotationDetectionTests" time="0.007"/>
  <testcase name="testRequestMappingMethod[controller [class org.springframework.web.servlet.mvc.method.annotation.HandlerMethodAnnotationDetectionTests$SupportClassController], auto-proxy [false]]" classname="org.springframework.web.servlet.mvc.method.annotation.HandlerMethodAnnotationDetectionTests" time="0.001"/>
  <system-out><![CDATA[]]></system-out>
  <system-err><![CDATA[]]></system-err>
</testsuite>
