<?xml version="1.0" encoding="UTF-8"?>
<testsuite name="org.springframework.web.servlet.mvc.method.annotation.StreamingResponseBodyReturnValueHandlerTests" tests="5" skipped="0" failures="0" errors="0" timestamp="2021-04-16T02:02:30" hostname="DESKTOP-3R4DVF7" time="0.007">
  <properties/>
  <testcase name="streamingResponseBody" classname="org.springframework.web.servlet.mvc.method.annotation.StreamingResponseBodyReturnValueHandlerTests" time="0.006"/>
  <testcase name="responseEntity" classname="org.springframework.web.servlet.mvc.method.annotation.StreamingResponseBodyReturnValueHandlerTests" time="0.001"/>
  <testcase name="responseEntityNoContent" classname="org.springframework.web.servlet.mvc.method.annotation.StreamingResponseBodyReturnValueHandlerTests" time="0.0"/>
  <testcase name="responseEntityWithHeadersAndNoContent" classname="org.springframework.web.servlet.mvc.method.annotation.StreamingResponseBodyReturnValueHandlerTests" time="0.0"/>
  <testcase name="supportsReturnType" classname="org.springframework.web.servlet.mvc.method.annotation.StreamingResponseBodyReturnValueHandlerTests" time="0.0"/>
  <system-out><![CDATA[]]></system-out>
  <system-err><![CDATA[]]></system-err>
</testsuite>
