<?xml version="1.0" encoding="UTF-8"?>
<testsuite name="org.springframework.web.servlet.DispatcherServletTests" tests="50" skipped="0" failures="0" errors="0" timestamp="2021-04-16T02:02:09" hostname="DESKTOP-3R4DVF7" time="4.306">
  <properties/>
  <testcase name="simpleMappingExceptionResolverWithDefaultErrorView" classname="org.springframework.web.servlet.DispatcherServletTests" time="0.165"/>
  <testcase name="headMethodWithNoBodyResponse" classname="org.springframework.web.servlet.DispatcherServletTests" time="0.065"/>
  <testcase name="throwExceptionIfNoHandlerFound" classname="org.springframework.web.servlet.DispatcherServletTests" time="0.123"/>
  <testcase name="publishEventsOff" classname="org.springframework.web.servlet.DispatcherServletTests" time="0.063"/>
  <testcase name="notDetectAllHandlerAdapters" classname="org.springframework.web.servlet.DispatcherServletTests" time="0.07"/>
  <testcase name="handlerNotMappedWithAutodetect" classname="org.springframework.web.servlet.DispatcherServletTests" time="0.062"/>
  <testcase name="modelAndViewDefiningException" classname="org.springframework.web.servlet.DispatcherServletTests" time="0.058"/>
  <testcase name="noCleanupAfterInclude" classname="org.springframework.web.servlet.DispatcherServletTests" time="0.058"/>
  <testcase name="handlerInterceptorAbort" classname="org.springframework.web.servlet.DispatcherServletTests" time="0.06"/>
  <testcase name="requestHandledEvent" classname="org.springframework.web.servlet.DispatcherServletTests" time="0.068"/>
  <testcase name="environmentOperations" classname="org.springframework.web.servlet.DispatcherServletTests" time="0.063"/>
  <testcase name="detectAllHandlerAdapters" classname="org.springframework.web.servlet.DispatcherServletTests" time="0.069"/>
  <testcase name="cleanupAfterIncludeWithRemove" classname="org.springframework.web.servlet.DispatcherServletTests" time="0.063"/>
  <testcase name="notDetectAllHandlerExceptionResolvers" classname="org.springframework.web.servlet.DispatcherServletTests" time="0.075"/>
  <testcase name="withNoViewNested" classname="org.springframework.web.servlet.DispatcherServletTests" time="0.076"/>
  <testcase name="detectHandlerMappingFromParent" classname="org.springframework.web.servlet.DispatcherServletTests" time="0.12"/>
  <testcase name="multipartResolutionFailed" classname="org.springframework.web.servlet.DispatcherServletTests" time="0.091"/>
  <testcase name="dispatcherServletContextRefresh" classname="org.springframework.web.servlet.DispatcherServletTests" time="0.244"/>
  <testcase name="headMethodWithExplicitHandling" classname="org.springframework.web.servlet.DispatcherServletTests" time="0.067"/>
  <testcase name="withNoViewAndSamePath" classname="org.springframework.web.servlet.DispatcherServletTests" time="0.083"/>
  <testcase name="notDetectAllHandlerMappings" classname="org.springframework.web.servlet.DispatcherServletTests" time="0.074"/>
  <testcase name="contextInitializers" classname="org.springframework.web.servlet.DispatcherServletTests" time="0.158"/>
  <testcase name="simpleMappingExceptionResolverWithAllHandlers1" classname="org.springframework.web.servlet.DispatcherServletTests" time="0.096"/>
  <testcase name="simpleMappingExceptionResolverWithAllHandlers2" classname="org.springframework.web.servlet.DispatcherServletTests" time="0.11"/>
  <testcase name="contextInitializerClasses" classname="org.springframework.web.servlet.DispatcherServletTests" time="0.124"/>
  <testcase name="unknownRequest" classname="org.springframework.web.servlet.DispatcherServletTests" time="0.059"/>
  <testcase name="simpleMappingExceptionResolverWithSpecificHandler1" classname="org.springframework.web.servlet.DispatcherServletTests" time="0.061"/>
  <testcase name="simpleMappingExceptionResolverWithSpecificHandler2" classname="org.springframework.web.servlet.DispatcherServletTests" time="0.059"/>
  <testcase name="themeChangeInterceptor1" classname="org.springframework.web.servlet.DispatcherServletTests" time="0.063"/>
  <testcase name="themeChangeInterceptor2" classname="org.springframework.web.servlet.DispatcherServletTests" time="0.059"/>
  <testcase name="anotherLocaleRequest" classname="org.springframework.web.servlet.DispatcherServletTests" time="0.065"/>
  <testcase name="cleanupAfterIncludeWithRestore" classname="org.springframework.web.servlet.DispatcherServletTests" time="0.06"/>
  <testcase name="notDetectAllViewResolvers" classname="org.springframework.web.servlet.DispatcherServletTests" time="0.06"/>
  <testcase name="parameterizableViewController" classname="org.springframework.web.servlet.DispatcherServletTests" time="0.058"/>
  <testcase name="existingMultipartRequest" classname="org.springframework.web.servlet.DispatcherServletTests" time="0.057"/>
  <testcase name="invalidRequest" classname="org.springframework.web.servlet.DispatcherServletTests" time="0.058"/>
  <testcase name="localeChangeInterceptor1" classname="org.springframework.web.servlet.DispatcherServletTests" time="0.058"/>
  <testcase name="localeChangeInterceptor2" classname="org.springframework.web.servlet.DispatcherServletTests" time="0.065"/>
  <testcase name="dispatcherServletRefresh" classname="org.springframework.web.servlet.DispatcherServletTests" time="0.175"/>
  <testcase name="handlerInterceptorSuppressesView" classname="org.springframework.web.servlet.DispatcherServletTests" time="0.058"/>
  <testcase name="configuredDispatcherServlets" classname="org.springframework.web.servlet.DispatcherServletTests" time="0.058"/>
  <testcase name="localeRequest" classname="org.springframework.web.servlet.DispatcherServletTests" time="0.06"/>
  <testcase name="servletHandlerAdapter" classname="org.springframework.web.servlet.DispatcherServletTests" time="0.097"/>
  <testcase name="noHandlerFoundExceptionMessage" classname="org.springframework.web.servlet.DispatcherServletTests" time="0.117"/>
  <testcase name="notAuthorized" classname="org.springframework.web.servlet.DispatcherServletTests" time="0.097"/>
  <testcase name="globalInitializerClasses" classname="org.springframework.web.servlet.DispatcherServletTests" time="0.156"/>
  <testcase name="mixedInitializerClasses" classname="org.springframework.web.servlet.DispatcherServletTests" time="0.132"/>
  <testcase name="allowedOptionsIncludesPatchMethod" classname="org.springframework.web.servlet.DispatcherServletTests" time="0.131"/>
  <testcase name="withNoView" classname="org.springframework.web.servlet.DispatcherServletTests" time="0.072"/>
  <testcase name="existingMultipartRequestButWrapped" classname="org.springframework.web.servlet.DispatcherServletTests" time="0.064"/>
  <system-out><![CDATA[10:02:09.794 [Test worker] WARN  org.springframework.web.servlet.PageNotFound - No mapping found for HTTP request with URI [/unknown] in DispatcherServlet with name 'complex'
10:02:09.797 [Test worker] WARN  org.springframework.web.servlet.PageNotFound - No handler found for GET /unknown
10:02:09.798 [Test worker] WARN  org.springframework.web.servlet.mvc.support.DefaultHandlerExceptionResolver - Resolved exception caused by handler execution: org.springframework.web.servlet.NoHandlerFoundException: No handler found for GET /unknown
10:02:09.993 [Test worker] WARN  org.springframework.web.servlet.PageNotFound - No mapping found for HTTP request with URI [/knownOnlyToParent.do] in DispatcherServlet with name 'complex'
10:02:10.109 [Test worker] WARN  org.springframework.web.servlet.PageNotFound - No mapping found for HTTP request with URI [/form.do] in DispatcherServlet with name 'simple'
10:02:10.431 [Test worker] WARN  org.springframework.web.servlet.PageNotFound - No mapping found for HTTP request with URI [/form.do] in DispatcherServlet with name 'simple'
10:02:11.262 [Test worker] WARN  org.springframework.web.servlet.PageNotFound - No mapping found for HTTP request with URI [/unknown.do] in DispatcherServlet with name 'complex'
10:02:12.176 [Test worker] WARN  org.springframework.web.servlet.PageNotFound - No mapping found for HTTP request with URI [/form.do] in DispatcherServlet with name 'simple'
10:02:12.410 [Test worker] WARN  org.springframework.web.servlet.PageNotFound - No mapping found for HTTP request with URI [/invalid.do] in DispatcherServlet with name 'simple'
]]></system-out>
  <system-err><![CDATA[javax.servlet.ServletException: Circular view path [noview]: would dispatch back to the current handler URL [/noview] again. Check your ViewResolver setup! (Hint: This may be the result of an unspecified view, due to default view name generation.)
	at org.springframework.web.servlet.view.InternalResourceView.prepareForRendering(InternalResourceView.java:209)
	at org.springframework.web.servlet.view.InternalResourceView.renderMergedOutputModel(InternalResourceView.java:147)
	at org.springframework.web.servlet.view.AbstractView.render(AbstractView.java:315)
	at org.springframework.web.servlet.DispatcherServlet.render(DispatcherServlet.java:1325)
	at org.springframework.web.servlet.DispatcherServlet.processDispatchResult(DispatcherServlet.java:1069)
	at org.springframework.web.servlet.DispatcherServlet.doDispatch(DispatcherServlet.java:1008)
	at org.springframework.web.servlet.DispatcherServlet.doService(DispatcherServlet.java:925)
	at org.springframework.web.servlet.FrameworkServlet.processRequest(FrameworkServlet.java:981)
	at org.springframework.web.servlet.FrameworkServlet.doGet(FrameworkServlet.java:873)
	at javax.servlet.http.HttpServlet.service(HttpServlet.java:645)
	at org.springframework.web.servlet.FrameworkServlet.service(FrameworkServlet.java:858)
	at org.springframework.web.servlet.DispatcherServletTests.withNoViewAndSamePath(DispatcherServletTests.java:723)
	at sun.reflect.NativeMethodAccessorImpl.invoke0(Native Method)
	at sun.reflect.NativeMethodAccessorImpl.invoke(NativeMethodAccessorImpl.java:62)
	at sun.reflect.DelegatingMethodAccessorImpl.invoke(DelegatingMethodAccessorImpl.java:43)
	at java.lang.reflect.Method.invoke(Method.java:498)
	at org.junit.runners.model.FrameworkMethod$1.runReflectiveCall(FrameworkMethod.java:50)
	at org.junit.internal.runners.model.ReflectiveCallable.run(ReflectiveCallable.java:12)
	at org.junit.runners.model.FrameworkMethod.invokeExplosively(FrameworkMethod.java:47)
	at org.junit.internal.runners.statements.InvokeMethod.evaluate(InvokeMethod.java:17)
	at org.junit.internal.runners.statements.RunBefores.evaluate(RunBefores.java:26)
	at org.junit.runners.ParentRunner.runLeaf(ParentRunner.java:325)
	at org.junit.runners.BlockJUnit4ClassRunner.runChild(BlockJUnit4ClassRunner.java:78)
	at org.junit.runners.BlockJUnit4ClassRunner.runChild(BlockJUnit4ClassRunner.java:57)
	at org.junit.runners.ParentRunner$3.run(ParentRunner.java:290)
	at org.junit.runners.ParentRunner$1.schedule(ParentRunner.java:71)
	at org.junit.runners.ParentRunner.runChildren(ParentRunner.java:288)
	at org.junit.runners.ParentRunner.access$000(ParentRunner.java:58)
	at org.junit.runners.ParentRunner$2.evaluate(ParentRunner.java:268)
	at org.junit.runners.ParentRunner.run(ParentRunner.java:363)
	at org.gradle.api.internal.tasks.testing.junit.JUnitTestClassExecuter.runTestClass(JUnitTestClassExecuter.java:114)
	at org.gradle.api.internal.tasks.testing.junit.JUnitTestClassExecuter.execute(JUnitTestClassExecuter.java:57)
	at org.gradle.api.internal.tasks.testing.junit.JUnitTestClassProcessor.processTestClass(JUnitTestClassProcessor.java:66)
	at org.gradle.api.internal.tasks.testing.SuiteTestClassProcessor.processTestClass(SuiteTestClassProcessor.java:51)
	at sun.reflect.GeneratedMethodAccessor61.invoke(Unknown Source)
	at sun.reflect.DelegatingMethodAccessorImpl.invoke(DelegatingMethodAccessorImpl.java:43)
	at java.lang.reflect.Method.invoke(Method.java:498)
	at org.gradle.internal.dispatch.ReflectionDispatch.dispatch(ReflectionDispatch.java:35)
	at org.gradle.internal.dispatch.ReflectionDispatch.dispatch(ReflectionDispatch.java:24)
	at org.gradle.internal.dispatch.ContextClassLoaderDispatch.dispatch(ContextClassLoaderDispatch.java:32)
	at org.gradle.internal.dispatch.ProxyDispatchAdapter$DispatchingInvocationHandler.invoke(ProxyDispatchAdapter.java:93)
	at com.sun.proxy.$Proxy1.processTestClass(Unknown Source)
	at org.gradle.api.internal.tasks.testing.worker.TestWorker.processTestClass(TestWorker.java:108)
	at sun.reflect.GeneratedMethodAccessor60.invoke(Unknown Source)
	at sun.reflect.DelegatingMethodAccessorImpl.invoke(DelegatingMethodAccessorImpl.java:43)
	at java.lang.reflect.Method.invoke(Method.java:498)
	at org.gradle.internal.dispatch.ReflectionDispatch.dispatch(ReflectionDispatch.java:35)
	at org.gradle.internal.dispatch.ReflectionDispatch.dispatch(ReflectionDispatch.java:24)
	at org.gradle.internal.remote.internal.hub.MessageHubBackedObjectConnection$DispatchWrapper.dispatch(MessageHubBackedObjectConnection.java:146)
	at org.gradle.internal.remote.internal.hub.MessageHubBackedObjectConnection$DispatchWrapper.dispatch(MessageHubBackedObjectConnection.java:128)
	at org.gradle.internal.remote.internal.hub.MessageHub$Handler.run(MessageHub.java:404)
	at org.gradle.internal.concurrent.ExecutorPolicy$CatchAndRecordFailures.onExecute(ExecutorPolicy.java:63)
	at org.gradle.internal.concurrent.ManagedExecutorImpl$1.run(ManagedExecutorImpl.java:46)
	at java.util.concurrent.ThreadPoolExecutor.runWorker(ThreadPoolExecutor.java:1149)
	at java.util.concurrent.ThreadPoolExecutor$Worker.run(ThreadPoolExecutor.java:624)
	at org.gradle.internal.concurrent.ThreadFactoryImpl$ManagedThreadRunnable.run(ThreadFactoryImpl.java:55)
	at java.lang.Thread.run(Thread.java:748)
]]></system-err>
</testsuite>
