<?xml version="1.0" encoding="UTF-8"?>
<testsuite name="org.springframework.web.servlet.resource.ResourceUrlEncodingFilterTests" tests="8" skipped="0" failures="0" errors="0" timestamp="2021-04-16T02:02:32" hostname="DESKTOP-3R4DVF7" time="0.014">
  <properties/>
  <testcase name="encodeUrlWithContextAndForwardedRequest" classname="org.springframework.web.servlet.resource.ResourceUrlEncodingFilterTests" time="0.004"/>
  <testcase name="encodeURLWithRequestParams" classname="org.springframework.web.servlet.resource.ResourceUrlEncodingFilterTests" time="0.001"/>
  <testcase name="encodeURLWithContext" classname="org.springframework.web.servlet.resource.ResourceUrlEncodingFilterTests" time="0.002"/>
  <testcase name="encodeUrlPreventStringOutOfBounds" classname="org.springframework.web.servlet.resource.ResourceUrlEncodingFilterTests" time="0.0"/>
  <testcase name="encodeContextPathUrlWithSuffix" classname="org.springframework.web.servlet.resource.ResourceUrlEncodingFilterTests" time="0.002"/>
  <testcase name="encodeContextPathUrlWithoutSuffix" classname="org.springframework.web.servlet.resource.ResourceUrlEncodingFilterTests" time="0.002"/>
  <testcase name="encodeEmptyURLWithContext" classname="org.springframework.web.servlet.resource.ResourceUrlEncodingFilterTests" time="0.001"/>
  <testcase name="encodeURL" classname="org.springframework.web.servlet.resource.ResourceUrlEncodingFilterTests" time="0.002"/>
  <system-out><![CDATA[]]></system-out>
  <system-err><![CDATA[]]></system-err>
</testsuite>
