<?xml version="1.0" encoding="UTF-8"?>
<testsuite name="org.springframework.web.servlet.mvc.method.annotation.CrossOriginTests" tests="15" skipped="0" failures="0" errors="0" timestamp="2021-04-16T02:02:14" hostname="DESKTOP-3R4DVF7" time="0.034">
  <properties/>
  <testcase name="noAnnotationWithoutOrigin" classname="org.springframework.web.servlet.mvc.method.annotation.CrossOriginTests" time="0.009"/>
  <testcase name="noAnnotationPostWithOrigin" classname="org.springframework.web.servlet.mvc.method.annotation.CrossOriginTests" time="0.004"/>
  <testcase name="noAnnotationWithOrigin" classname="org.springframework.web.servlet.mvc.method.annotation.CrossOriginTests" time="0.003"/>
  <testcase name="preFlightRequest" classname="org.springframework.web.servlet.mvc.method.annotation.CrossOriginTests" time="0.002"/>
  <testcase name="customOriginDefinedViaPlaceholder" classname="org.springframework.web.servlet.mvc.method.annotation.CrossOriginTests" time="0.001"/>
  <testcase name="customized" classname="org.springframework.web.servlet.mvc.method.annotation.CrossOriginTests" time="0.002"/>
  <testcase name="defaultAnnotation" classname="org.springframework.web.servlet.mvc.method.annotation.CrossOriginTests" time="0.002"/>
  <testcase name="classLevelComposedAnnotation" classname="org.springframework.web.servlet.mvc.method.annotation.CrossOriginTests" time="0.001"/>
  <testcase name="customOriginDefinedViaValueAttribute" classname="org.springframework.web.servlet.mvc.method.annotation.CrossOriginTests" time="0.002"/>
  <testcase name="classLevel" classname="org.springframework.web.servlet.mvc.method.annotation.CrossOriginTests" time="0.001"/>
  <testcase name="preFlightRequestWithoutRequestMethodHeader" classname="org.springframework.web.servlet.mvc.method.annotation.CrossOriginTests" time="0.0"/>
  <testcase name="ambiguousHeaderPreFlightRequest" classname="org.springframework.web.servlet.mvc.method.annotation.CrossOriginTests" time="0.002"/>
  <testcase name="methodLevelComposedAnnotation" classname="org.springframework.web.servlet.mvc.method.annotation.CrossOriginTests" time="0.001"/>
  <testcase name="ambiguousProducesPreFlightRequest" classname="org.springframework.web.servlet.mvc.method.annotation.CrossOriginTests" time="0.002"/>
  <testcase name="bogusAllowCredentialsValue" classname="org.springframework.web.servlet.mvc.method.annotation.CrossOriginTests" time="0.002"/>
  <system-out><![CDATA[]]></system-out>
  <system-err><![CDATA[]]></system-err>
</testsuite>
