<?xml version="1.0" encoding="UTF-8"?>
<testsuite name="org.springframework.web.servlet.mvc.method.annotation.ServletResponseMethodArgumentResolverTests" tests="4" skipped="0" failures="0" errors="0" timestamp="2021-04-16T02:02:30" hostname="DESKTOP-3R4DVF7" time="0.0">
  <properties/>
  <testcase name="servletResponse" classname="org.springframework.web.servlet.mvc.method.annotation.ServletResponseMethodArgumentResolverTests" time="0.0"/>
  <testcase name="writer" classname="org.springframework.web.servlet.mvc.method.annotation.ServletResponseMethodArgumentResolverTests" time="0.0"/>
  <testcase name="outputStream" classname="org.springframework.web.servlet.mvc.method.annotation.ServletResponseMethodArgumentResolverTests" time="0.0"/>
  <testcase name="servletResponseNoMavContainer" classname="org.springframework.web.servlet.mvc.method.annotation.ServletResponseMethodArgumentResolverTests" time="0.0"/>
  <system-out><![CDATA[]]></system-out>
  <system-err><![CDATA[]]></system-err>
</testsuite>
