<?xml version="1.0" encoding="UTF-8"?>
<testsuite name="org.springframework.web.servlet.view.script.ScriptTemplateViewTests" tests="12" skipped="0" failures="0" errors="0" timestamp="2021-04-16T02:02:56" hostname="DESKTOP-3R4DVF7" time="0.051">
  <properties/>
  <testcase name="detectScriptTemplateConfigWithEngineName" classname="org.springframework.web.servlet.view.script.ScriptTemplateViewTests" time="0.006"/>
  <testcase name="nonInvocableScriptEngineWithRenderFunction" classname="org.springframework.web.servlet.view.script.ScriptTemplateViewTests" time="0.006"/>
  <testcase name="engineAndEngineNameBothDefined" classname="org.springframework.web.servlet.view.script.ScriptTemplateViewTests" time="0.009"/>
  <testcase name="nonSharedEngine" classname="org.springframework.web.servlet.view.script.ScriptTemplateViewTests" time="0.011"/>
  <testcase name="missingTemplate" classname="org.springframework.web.servlet.view.script.ScriptTemplateViewTests" time="0.004"/>
  <testcase name="contentType" classname="org.springframework.web.servlet.view.script.ScriptTemplateViewTests" time="0.009"/>
  <testcase name="missingScriptTemplateConfig" classname="org.springframework.web.servlet.view.script.ScriptTemplateViewTests" time="0.0"/>
  <testcase name="engineSetterAndNonSharedEngine" classname="org.springframework.web.servlet.view.script.ScriptTemplateViewTests" time="0.0"/>
  <testcase name="customEngineAndRenderFunction" classname="org.springframework.web.servlet.view.script.ScriptTemplateViewTests" time="0.0"/>
  <testcase name="resourceLoaderPath" classname="org.springframework.web.servlet.view.script.ScriptTemplateViewTests" time="0.005"/>
  <testcase name="nonInvocableScriptEngine" classname="org.springframework.web.servlet.view.script.ScriptTemplateViewTests" time="0.0"/>
  <testcase name="detectScriptTemplateConfigWithEngine" classname="org.springframework.web.servlet.view.script.ScriptTemplateViewTests" time="0.001"/>
  <system-out><![CDATA[]]></system-out>
  <system-err><![CDATA[]]></system-err>
</testsuite>
