<?xml version="1.0" encoding="UTF-8"?>
<testsuite name="org.springframework.web.servlet.config.annotation.WebMvcConfigurationSupportTests" tests="13" skipped="0" failures="0" errors="0" timestamp="2021-04-16T02:01:58" hostname="DESKTOP-3R4DVF7" time="2.486">
  <properties/>
  <testcase name="uriComponentsContributor" classname="org.springframework.web.servlet.config.annotation.WebMvcConfigurationSupportTests" time="0.182"/>
  <testcase name="emptyDefaultServletHandlerMapping" classname="org.springframework.web.servlet.config.annotation.WebMvcConfigurationSupportTests" time="0.2"/>
  <testcase name="requestMappingHandlerAdapter" classname="org.springframework.web.servlet.config.annotation.WebMvcConfigurationSupportTests" time="0.178"/>
  <testcase name="mvcViewResolverWithOrderSet" classname="org.springframework.web.servlet.config.annotation.WebMvcConfigurationSupportTests" time="0.183"/>
  <testcase name="emptyViewControllerHandlerMapping" classname="org.springframework.web.servlet.config.annotation.WebMvcConfigurationSupportTests" time="0.218"/>
  <testcase name="emptyResourceHandlerMapping" classname="org.springframework.web.servlet.config.annotation.WebMvcConfigurationSupportTests" time="0.167"/>
  <testcase name="customArgumentResolvers" classname="org.springframework.web.servlet.config.annotation.WebMvcConfigurationSupportTests" time="0.2"/>
  <testcase name="requestMappingHandlerMapping" classname="org.springframework.web.servlet.config.annotation.WebMvcConfigurationSupportTests" time="0.295"/>
  <testcase name="mvcViewResolverWithExistingResolver" classname="org.springframework.web.servlet.config.annotation.WebMvcConfigurationSupportTests" time="0.188"/>
  <testcase name="beanNameHandlerMapping" classname="org.springframework.web.servlet.config.annotation.WebMvcConfigurationSupportTests" time="0.161"/>
  <testcase name="defaultPathMatchConfiguration" classname="org.springframework.web.servlet.config.annotation.WebMvcConfigurationSupportTests" time="0.161"/>
  <testcase name="handlerExceptionResolver" classname="org.springframework.web.servlet.config.annotation.WebMvcConfigurationSupportTests" time="0.197"/>
  <testcase name="mvcViewResolver" classname="org.springframework.web.servlet.config.annotation.WebMvcConfigurationSupportTests" time="0.154"/>
  <system-out><![CDATA[]]></system-out>
  <system-err><![CDATA[]]></system-err>
</testsuite>
