<?xml version="1.0" encoding="UTF-8"?>
<testsuite name="org.springframework.web.servlet.tags.UrlTagTests" tests="36" skipped="0" failures="0" errors="0" timestamp="2021-04-16T02:02:35" hostname="DESKTOP-3R4DVF7" time="0.148">
  <properties/>
  <testcase name="replaceUriTemplateParamsTemplateWithParamMatchValueEncoded" classname="org.springframework.web.servlet.tags.UrlTagTests" time="0.005"/>
  <testcase name="createQueryStringOneParamForExsistingQueryString" classname="org.springframework.web.servlet.tags.UrlTagTests" time="0.004"/>
  <testcase name="createUrlRemoteContext" classname="org.springframework.web.servlet.tags.UrlTagTests" time="0.005"/>
  <testcase name="createUrlWithParams" classname="org.springframework.web.servlet.tags.UrlTagTests" time="0.004"/>
  <testcase name="replaceUriTemplateParamsTemplateWithParamMatch" classname="org.springframework.web.servlet.tags.UrlTagTests" time="0.004"/>
  <testcase name="replaceUriTemplateParamsTemplateWithParamMatchNamePreEncoding" classname="org.springframework.web.servlet.tags.UrlTagTests" time="0.005"/>
  <testcase name="createUrlWithParamAndExistingQueryString" classname="org.springframework.web.servlet.tags.UrlTagTests" time="0.004"/>
  <testcase name="replaceUriTemplateParamsTemplateWithPathSegment" classname="org.springframework.web.servlet.tags.UrlTagTests" time="0.004"/>
  <testcase name="createQueryStringParamEmptyName" classname="org.springframework.web.servlet.tags.UrlTagTests" time="0.004"/>
  <testcase name="setJavaScriptEscapeTrue" classname="org.springframework.web.servlet.tags.UrlTagTests" time="0.004"/>
  <testcase name="replaceUriTemplateParamsNoParams" classname="org.springframework.web.servlet.tags.UrlTagTests" time="0.004"/>
  <testcase name="replaceUriTemplateParamsTemplateWithPath" classname="org.springframework.web.servlet.tags.UrlTagTests" time="0.004"/>
  <testcase name="createQueryStringParamNullName" classname="org.springframework.web.servlet.tags.UrlTagTests" time="0.004"/>
  <testcase name="createQueryStringNoParams" classname="org.springframework.web.servlet.tags.UrlTagTests" time="0.004"/>
  <testcase name="createQueryStringOneParamNullValue" classname="org.springframework.web.servlet.tags.UrlTagTests" time="0.003"/>
  <testcase name="createQueryStringUrlEncoding" classname="org.springframework.web.servlet.tags.UrlTagTests" time="0.004"/>
  <testcase name="paramSupport" classname="org.springframework.web.servlet.tags.UrlTagTests" time="0.004"/>
  <testcase name="createQueryStringTwoParams" classname="org.springframework.web.servlet.tags.UrlTagTests" time="0.004"/>
  <testcase name="doEndTag" classname="org.springframework.web.servlet.tags.UrlTagTests" time="0.004"/>
  <testcase name="createQueryStringOneParamAlreadyUsed" classname="org.springframework.web.servlet.tags.UrlTagTests" time="0.004"/>
  <testcase name="doStartTag" classname="org.springframework.web.servlet.tags.UrlTagTests" time="0.004"/>
  <testcase name="setHtmlEscapeTrue" classname="org.springframework.web.servlet.tags.UrlTagTests" time="0.004"/>
  <testcase name="varDefaultScope" classname="org.springframework.web.servlet.tags.UrlTagTests" time="0.004"/>
  <testcase name="createUrlRemoteContextWithSlash" classname="org.springframework.web.servlet.tags.UrlTagTests" time="0.003"/>
  <testcase name="createUrlLocalContext" classname="org.springframework.web.servlet.tags.UrlTagTests" time="0.004"/>
  <testcase name="setHtmlEscapeFalse" classname="org.springframework.web.servlet.tags.UrlTagTests" time="0.004"/>
  <testcase name="varExplicitScope" classname="org.springframework.web.servlet.tags.UrlTagTests" time="0.004"/>
  <testcase name="setHtmlEscapeDefault" classname="org.springframework.web.servlet.tags.UrlTagTests" time="0.004"/>
  <testcase name="createQueryStringOneParam" classname="org.springframework.web.servlet.tags.UrlTagTests" time="0.004"/>
  <testcase name="createUrlRemoteServer" classname="org.springframework.web.servlet.tags.UrlTagTests" time="0.004"/>
  <testcase name="createUrlWithTemplateParams" classname="org.springframework.web.servlet.tags.UrlTagTests" time="0.004"/>
  <testcase name="createQueryStringOneParamEmptyValue" classname="org.springframework.web.servlet.tags.UrlTagTests" time="0.004"/>
  <testcase name="createUrlRemoteContextSingleSlash" classname="org.springframework.web.servlet.tags.UrlTagTests" time="0.004"/>
  <testcase name="createUrlRelative" classname="org.springframework.web.servlet.tags.UrlTagTests" time="0.004"/>
  <testcase name="setHtmlAndJavaScriptEscapeTrue" classname="org.springframework.web.servlet.tags.UrlTagTests" time="0.004"/>
  <testcase name="replaceUriTemplateParamsTemplateWithoutParamMatch" classname="org.springframework.web.servlet.tags.UrlTagTests" time="0.004"/>
  <system-out><![CDATA[]]></system-out>
  <system-err><![CDATA[]]></system-err>
</testsuite>
