<?xml version="1.0" encoding="UTF-8"?>
<testsuite name="org.springframework.web.servlet.config.annotation.InterceptorRegistryTests" tests="10" skipped="0" failures="0" errors="0" timestamp="2021-04-16T02:01:51" hostname="DESKTOP-3R4DVF7" time="0.005">
  <properties/>
  <testcase name="addInterceptor" classname="org.springframework.web.servlet.config.annotation.InterceptorRegistryTests" time="0.001"/>
  <testcase name="addInterceptorWithExcludePathPatternOnly" classname="org.springframework.web.servlet.config.annotation.InterceptorRegistryTests" time="0.0"/>
  <testcase name="addWebRequestInterceptors" classname="org.springframework.web.servlet.config.annotation.InterceptorRegistryTests" time="0.002"/>
  <testcase name="addTwoInterceptors" classname="org.springframework.web.servlet.config.annotation.InterceptorRegistryTests" time="0.0"/>
  <testcase name="addInterceptorsWithCustomPathMatcher" classname="org.springframework.web.servlet.config.annotation.InterceptorRegistryTests" time="0.0"/>
  <testcase name="addWebRequestInterceptorsWithUrlPatterns" classname="org.springframework.web.servlet.config.annotation.InterceptorRegistryTests" time="0.0"/>
  <testcase name="orderedInterceptors" classname="org.springframework.web.servlet.config.annotation.InterceptorRegistryTests" time="0.0"/>
  <testcase name="nonOrderedInterceptors" classname="org.springframework.web.servlet.config.annotation.InterceptorRegistryTests" time="0.0"/>
  <testcase name="addWebRequestInterceptor" classname="org.springframework.web.servlet.config.annotation.InterceptorRegistryTests" time="0.0"/>
  <testcase name="addInterceptorsWithUrlPatterns" classname="org.springframework.web.servlet.config.annotation.InterceptorRegistryTests" time="0.001"/>
  <system-out><![CDATA[]]></system-out>
  <system-err><![CDATA[]]></system-err>
</testsuite>
