<?xml version="1.0" encoding="UTF-8"?>
<testsuite name="org.springframework.web.servlet.theme.ThemeResolverTests" tests="4" skipped="0" failures="0" errors="0" timestamp="2021-04-16T02:02:35" hostname="DESKTOP-3R4DVF7" time="0.001">
  <properties/>
  <testcase name="cookieThemeResolver" classname="org.springframework.web.servlet.theme.ThemeResolverTests" time="0.001"/>
  <testcase name="sessionThemeResolver" classname="org.springframework.web.servlet.theme.ThemeResolverTests" time="0.0"/>
  <testcase name="sessionThemeResolverWithDefault" classname="org.springframework.web.servlet.theme.ThemeResolverTests" time="0.0"/>
  <testcase name="fixedThemeResolver" classname="org.springframework.web.servlet.theme.ThemeResolverTests" time="0.0"/>
  <system-out><![CDATA[]]></system-out>
  <system-err><![CDATA[]]></system-err>
</testsuite>
