<?xml version="1.0" encoding="UTF-8"?>
<testsuite name="org.springframework.web.servlet.view.ResourceBundleViewResolverNoCacheTests" tests="8" skipped="1" failures="0" errors="0" timestamp="2021-04-16T02:02:39" hostname="DESKTOP-3R4DVF7" time="0.039">
  <properties/>
  <testcase name="parentsAreAbstract" classname="org.springframework.web.servlet.view.ResourceBundleViewResolverNoCacheTests" time="0.01"/>
  <testcase name="debugViewFrench" classname="org.springframework.web.servlet.view.ResourceBundleViewResolverNoCacheTests" time="0.003"/>
  <testcase name="onSetContextCalledOnce" classname="org.springframework.web.servlet.view.ResourceBundleViewResolverNoCacheTests" time="0.001"/>
  <testcase name="debugViewEnglish" classname="org.springframework.web.servlet.view.ResourceBundleViewResolverNoCacheTests" time="0.0"/>
  <testcase name="sameBundleOnlyCachedOnce" classname="org.springframework.web.servlet.view.ResourceBundleViewResolverNoCacheTests" time="0.004">
    <skipped/>
  </testcase>
  <testcase name="noSuchViewEnglish" classname="org.springframework.web.servlet.view.ResourceBundleViewResolverNoCacheTests" time="0.001"/>
  <testcase name="noSuchBasename" classname="org.springframework.web.servlet.view.ResourceBundleViewResolverNoCacheTests" time="0.018"/>
  <testcase name="eagerInitialization" classname="org.springframework.web.servlet.view.ResourceBundleViewResolverNoCacheTests" time="0.0"/>
  <system-out><![CDATA[]]></system-out>
  <system-err><![CDATA[]]></system-err>
</testsuite>
