<?xml version="1.0" encoding="UTF-8"?>
<testsuite name="org.springframework.web.servlet.mvc.ControllerTests" tests="6" skipped="0" failures="0" errors="0" timestamp="2021-04-16T02:02:14" hostname="DESKTOP-3R4DVF7" time="0.029">
  <properties/>
  <testcase name="servletWrappingController" classname="org.springframework.web.servlet.mvc.ControllerTests" time="0.002"/>
  <testcase name="parameterizableViewController" classname="org.springframework.web.servlet.mvc.ControllerTests" time="0.0"/>
  <testcase name="servletWrappingControllerWithBeanName" classname="org.springframework.web.servlet.mvc.ControllerTests" time="0.0"/>
  <testcase name="servletForwardingControllerWithInclude" classname="org.springframework.web.servlet.mvc.ControllerTests" time="0.026"/>
  <testcase name="servletForwardingControllerWithBeanName" classname="org.springframework.web.servlet.mvc.ControllerTests" time="0.0"/>
  <testcase name="servletForwardingController" classname="org.springframework.web.servlet.mvc.ControllerTests" time="0.0"/>
  <system-out><![CDATA[]]></system-out>
  <system-err><![CDATA[]]></system-err>
</testsuite>
