<?xml version="1.0" encoding="UTF-8"?>
<testsuite name="org.springframework.web.servlet.handler.HandlerMappingTests" tests="1" skipped="0" failures="0" errors="0" timestamp="2021-04-16T02:02:14" hostname="DESKTOP-3R4DVF7" time="0.01">
  <properties/>
  <testcase name="orderedInterceptors" classname="org.springframework.web.servlet.handler.HandlerMappingTests" time="0.01"/>
  <system-out><![CDATA[]]></system-out>
  <system-err><![CDATA[]]></system-err>
</testsuite>
