<?xml version="1.0" encoding="UTF-8"?>
<testsuite name="org.springframework.web.servlet.mvc.condition.ParamsRequestConditionTests" tests="9" skipped="0" failures="0" errors="0" timestamp="2021-04-16T02:02:14" hostname="DESKTOP-3R4DVF7" time="0.001">
  <properties/>
  <testcase name="paramNotPresent" classname="org.springframework.web.servlet.mvc.condition.ParamsRequestConditionTests" time="0.0"/>
  <testcase name="paramValueNoMatch" classname="org.springframework.web.servlet.mvc.condition.ParamsRequestConditionTests" time="0.001"/>
  <testcase name="compareTo" classname="org.springframework.web.servlet.mvc.condition.ParamsRequestConditionTests" time="0.0"/>
  <testcase name="paramPresentNoMatch" classname="org.springframework.web.servlet.mvc.condition.ParamsRequestConditionTests" time="0.0"/>
  <testcase name="paramPresentNullValue" classname="org.springframework.web.servlet.mvc.condition.ParamsRequestConditionTests" time="0.0"/>
  <testcase name="paramEquals" classname="org.springframework.web.servlet.mvc.condition.ParamsRequestConditionTests" time="0.0"/>
  <testcase name="combine" classname="org.springframework.web.servlet.mvc.condition.ParamsRequestConditionTests" time="0.0"/>
  <testcase name="paramPresent" classname="org.springframework.web.servlet.mvc.condition.ParamsRequestConditionTests" time="0.0"/>
  <testcase name="paramValueMatch" classname="org.springframework.web.servlet.mvc.condition.ParamsRequestConditionTests" time="0.0"/>
  <system-out><![CDATA[]]></system-out>
  <system-err><![CDATA[]]></system-err>
</testsuite>
