<?xml version="1.0" encoding="UTF-8"?>
<testsuite name="org.springframework.web.servlet.tags.form.OptionsTagTests" tests="7" skipped="0" failures="0" errors="0" timestamp="2021-04-16T02:02:34" hostname="DESKTOP-3R4DVF7" time="0.208">
  <properties/>
  <testcase name="withoutItems" classname="org.springframework.web.servlet.tags.form.OptionsTagTests" time="0.008"/>
  <testcase name="withItemsNullReference" classname="org.springframework.web.servlet.tags.form.OptionsTagTests" time="0.007"/>
  <testcase name="withCollection" classname="org.springframework.web.servlet.tags.form.OptionsTagTests" time="0.149"/>
  <testcase name="withoutItemsEnumParent" classname="org.springframework.web.servlet.tags.form.OptionsTagTests" time="0.014"/>
  <testcase name="withCollectionAndCustomEditor" classname="org.springframework.web.servlet.tags.form.OptionsTagTests" time="0.011"/>
  <testcase name="withCollectionAndDynamicAttributes" classname="org.springframework.web.servlet.tags.form.OptionsTagTests" time="0.006"/>
  <testcase name="withoutItemsEnumParentWithExplicitLabelsAndValues" classname="org.springframework.web.servlet.tags.form.OptionsTagTests" time="0.013"/>
  <system-out><![CDATA[]]></system-out>
  <system-err><![CDATA[]]></system-err>
</testsuite>
