<?xml version="1.0" encoding="UTF-8"?>
<testsuite name="org.springframework.web.servlet.mvc.method.annotation.PathVariableMapMethodArgumentResolverTests" tests="3" skipped="0" failures="0" errors="0" timestamp="2021-04-16T02:02:18" hostname="DESKTOP-3R4DVF7" time="0.001">
  <properties/>
  <testcase name="resolveArgumentNoUriVars" classname="org.springframework.web.servlet.mvc.method.annotation.PathVariableMapMethodArgumentResolverTests" time="0.001"/>
  <testcase name="resolveArgument" classname="org.springframework.web.servlet.mvc.method.annotation.PathVariableMapMethodArgumentResolverTests" time="0.0"/>
  <testcase name="supportsParameter" classname="org.springframework.web.servlet.mvc.method.annotation.PathVariableMapMethodArgumentResolverTests" time="0.0"/>
  <system-out><![CDATA[]]></system-out>
  <system-err><![CDATA[]]></system-err>
</testsuite>
