<?xml version="1.0" encoding="UTF-8"?>
<testsuite name="org.springframework.validation.beanvalidation2.MethodValidationTests" tests="4" skipped="0" failures="0" errors="0" timestamp="2021-04-16T01:52:26" hostname="DESKTOP-3R4DVF7" time="0.351">
  <properties/>
  <testcase name="testLazyValidatorForMethodValidation" classname="org.springframework.validation.beanvalidation2.MethodValidationTests" time="0.18"/>
  <testcase name="testMethodValidationInterceptor" classname="org.springframework.validation.beanvalidation2.MethodValidationTests" time="0.058"/>
  <testcase name="testLazyValidatorForMethodValidationWithProxyTargetClass" classname="org.springframework.validation.beanvalidation2.MethodValidationTests" time="0.08"/>
  <testcase name="testMethodValidationPostProcessor" classname="org.springframework.validation.beanvalidation2.MethodValidationTests" time="0.033"/>
  <system-out><![CDATA[]]></system-out>
  <system-err><![CDATA[]]></system-err>
</testsuite>
