<?xml version="1.0" encoding="UTF-8"?>
<testsuite name="org.springframework.cache.jcache.JCacheEhCacheApiTests" tests="13" skipped="0" failures="0" errors="0" timestamp="2021-04-16T01:49:33" hostname="DESKTOP-3R4DVF7" time="0.144">
  <properties/>
  <testcase name="testCachePutNullValueAllowNullFalse" classname="org.springframework.cache.jcache.JCacheEhCacheApiTests" time="0.009"/>
  <testcase name="testCacheGetCallableNotInvokedWithHitNull" classname="org.springframework.cache.jcache.JCacheEhCacheApiTests" time="0.007"/>
  <testcase name="testCacheGetSynchronized" classname="org.springframework.cache.jcache.JCacheEhCacheApiTests" time="0.061"/>
  <testcase name="testCachePutIfAbsent" classname="org.springframework.cache.jcache.JCacheEhCacheApiTests" time="0.005"/>
  <testcase name="testCacheClear" classname="org.springframework.cache.jcache.JCacheEhCacheApiTests" time="0.006"/>
  <testcase name="testCacheRemove" classname="org.springframework.cache.jcache.JCacheEhCacheApiTests" time="0.006"/>
  <testcase name="testCacheGetCallableNotInvokedWithHit" classname="org.springframework.cache.jcache.JCacheEhCacheApiTests" time="0.006"/>
  <testcase name="testCacheName" classname="org.springframework.cache.jcache.JCacheEhCacheApiTests" time="0.007"/>
  <testcase name="testCachePut" classname="org.springframework.cache.jcache.JCacheEhCacheApiTests" time="0.013"/>
  <testcase name="testCacheGetCallable" classname="org.springframework.cache.jcache.JCacheEhCacheApiTests" time="0.006"/>
  <testcase name="testNativeCache" classname="org.springframework.cache.jcache.JCacheEhCacheApiTests" time="0.006"/>
  <testcase name="testCacheGetCallableFail" classname="org.springframework.cache.jcache.JCacheEhCacheApiTests" time="0.005"/>
  <testcase name="testCacheGetCallableWithNull" classname="org.springframework.cache.jcache.JCacheEhCacheApiTests" time="0.006"/>
  <system-out><![CDATA[]]></system-out>
  <system-err><![CDATA[]]></system-err>
</testsuite>
