<?xml version="1.0" encoding="UTF-8"?>
<testsuite name="org.springframework.scheduling.quartz.QuartzSchedulerLifecycleTests" tests="2" skipped="0" failures="0" errors="0" timestamp="2021-04-16T01:52:24" hostname="DESKTOP-3R4DVF7" time="0.142">
  <properties/>
  <testcase name="destroyLazyInitSchedulerWithCustomShutdownOrderDoesNotHang" classname="org.springframework.scheduling.quartz.QuartzSchedulerLifecycleTests" time="0.132"/>
  <testcase name="destroyLazyInitSchedulerWithDefaultShutdownOrderDoesNotHang" classname="org.springframework.scheduling.quartz.QuartzSchedulerLifecycleTests" time="0.01"/>
  <system-out><![CDATA[]]></system-out>
  <system-err><![CDATA[]]></system-err>
</testsuite>
