<?xml version="1.0" encoding="UTF-8"?>
<testsuite name="org.springframework.scheduling.quartz.CronTriggerFactoryBeanTests" tests="1" skipped="0" failures="0" errors="0" timestamp="2021-04-16T01:52:24" hostname="DESKTOP-3R4DVF7" time="0.023">
  <properties/>
  <testcase name="createWithoutJobDetail" classname="org.springframework.scheduling.quartz.CronTriggerFactoryBeanTests" time="0.023"/>
  <system-out><![CDATA[]]></system-out>
  <system-err><![CDATA[]]></system-err>
</testsuite>
