<?xml version="1.0" encoding="UTF-8"?>
<testsuite name="org.springframework.cache.ehcache.EhCacheSupportTests" tests="8" skipped="0" failures="0" errors="0" timestamp="2021-04-16T01:49:24" hostname="DESKTOP-3R4DVF7" time="0.254">
  <properties/>
  <testcase name="testEhCacheFactoryBeanWithExplicitCacheManager" classname="org.springframework.cache.ehcache.EhCacheSupportTests" time="0.136"/>
  <testcase name="testEhCacheFactoryBeanWithDefaultCacheManager" classname="org.springframework.cache.ehcache.EhCacheSupportTests" time="0.02"/>
  <testcase name="testBlankCacheManager" classname="org.springframework.cache.ehcache.EhCacheSupportTests" time="0.014"/>
  <testcase name="testEhCacheFactoryBeanWithBlockingCache" classname="org.springframework.cache.ehcache.EhCacheSupportTests" time="0.023"/>
  <testcase name="testAcceptExistingCacheManager" classname="org.springframework.cache.ehcache.EhCacheSupportTests" time="0.015"/>
  <testcase name="testCacheManagerConflict" classname="org.springframework.cache.ehcache.EhCacheSupportTests" time="0.014"/>
  <testcase name="testEhCacheFactoryBeanWithSelfPopulatingCache" classname="org.springframework.cache.ehcache.EhCacheSupportTests" time="0.014"/>
  <testcase name="testEhCacheFactoryBeanWithUpdatingSelfPopulatingCache" classname="org.springframework.cache.ehcache.EhCacheSupportTests" time="0.018"/>
  <system-out><![CDATA[]]></system-out>
  <system-err><![CDATA[]]></system-err>
</testsuite>
