<?xml version="1.0" encoding="UTF-8"?>
<testsuite name="org.springframework.cache.ehcache.EhCacheCacheTests" tests="13" skipped="1" failures="0" errors="0" timestamp="2021-04-16T01:49:24" hostname="DESKTOP-3R4DVF7" time="0.144">
  <properties/>
  <testcase name="testExpiredElements" classname="org.springframework.cache.ehcache.EhCacheCacheTests" time="0.013">
    <skipped/>
  </testcase>
  <testcase name="testCacheGetCallableNotInvokedWithHitNull" classname="org.springframework.cache.ehcache.EhCacheCacheTests" time="0.008"/>
  <testcase name="testCacheGetSynchronized" classname="org.springframework.cache.ehcache.EhCacheCacheTests" time="0.065"/>
  <testcase name="testCachePutIfAbsent" classname="org.springframework.cache.ehcache.EhCacheCacheTests" time="0.005"/>
  <testcase name="testCacheClear" classname="org.springframework.cache.ehcache.EhCacheCacheTests" time="0.005"/>
  <testcase name="testCacheRemove" classname="org.springframework.cache.ehcache.EhCacheCacheTests" time="0.005"/>
  <testcase name="testCacheGetCallableNotInvokedWithHit" classname="org.springframework.cache.ehcache.EhCacheCacheTests" time="0.005"/>
  <testcase name="testCacheName" classname="org.springframework.cache.ehcache.EhCacheCacheTests" time="0.005"/>
  <testcase name="testCachePut" classname="org.springframework.cache.ehcache.EhCacheCacheTests" time="0.005"/>
  <testcase name="testCacheGetCallable" classname="org.springframework.cache.ehcache.EhCacheCacheTests" time="0.005"/>
  <testcase name="testNativeCache" classname="org.springframework.cache.ehcache.EhCacheCacheTests" time="0.004"/>
  <testcase name="testCacheGetCallableFail" classname="org.springframework.cache.ehcache.EhCacheCacheTests" time="0.005"/>
  <testcase name="testCacheGetCallableWithNull" classname="org.springframework.cache.ehcache.EhCacheCacheTests" time="0.013"/>
  <system-out><![CDATA[]]></system-out>
  <system-err><![CDATA[]]></system-err>
</testsuite>
