<?xml version="1.0" encoding="UTF-8"?>
<testsuite name="org.springframework.validation.beanvalidation2.BeanValidationPostProcessorTests" tests="5" skipped="0" failures="0" errors="0" timestamp="2021-04-16T01:52:25" hostname="DESKTOP-3R4DVF7" time="0.866">
  <properties/>
  <testcase name="testSizeConstraintSatisfied" classname="org.springframework.validation.beanvalidation2.BeanValidationPostProcessorTests" time="0.727"/>
  <testcase name="testNotNullConstraintAfterInitialization" classname="org.springframework.validation.beanvalidation2.BeanValidationPostProcessorTests" time="0.029"/>
  <testcase name="testNotNullConstraintSatisfied" classname="org.springframework.validation.beanvalidation2.BeanValidationPostProcessorTests" time="0.018"/>
  <testcase name="testSizeConstraint" classname="org.springframework.validation.beanvalidation2.BeanValidationPostProcessorTests" time="0.073"/>
  <testcase name="testNotNullConstraint" classname="org.springframework.validation.beanvalidation2.BeanValidationPostProcessorTests" time="0.019"/>
  <system-out><![CDATA[]]></system-out>
  <system-err><![CDATA[]]></system-err>
</testsuite>
