<?xml version="1.0" encoding="UTF-8"?>
<testsuite name="org.springframework.cache.jcache.config.JCacheJavaConfigTests" tests="32" skipped="0" failures="0" errors="0" timestamp="2021-04-16T01:49:25" hostname="DESKTOP-3R4DVF7" time="1.314">
  <properties/>
  <testcase name="bothSetOnlyResolverIsUsed" classname="org.springframework.cache.jcache.config.JCacheJavaConfigTests" time="0.156"/>
  <testcase name="emptyConfigSupport" classname="org.springframework.cache.jcache.config.JCacheJavaConfigTests" time="0.075"/>
  <testcase name="fullCachingConfig" classname="org.springframework.cache.jcache.config.JCacheJavaConfigTests" time="0.09"/>
  <testcase name="exceptionCacheResolverLazilyRequired" classname="org.springframework.cache.jcache.config.JCacheJavaConfigTests" time="0.078"/>
  <testcase name="earlyPutWithExceptionVetoPut" classname="org.springframework.cache.jcache.config.JCacheJavaConfigTests" time="0.035"/>
  <testcase name="removeWithException" classname="org.springframework.cache.jcache.config.JCacheJavaConfigTests" time="0.034"/>
  <testcase name="cacheExceptionVetoed" classname="org.springframework.cache.jcache.config.JCacheJavaConfigTests" time="0.031"/>
  <testcase name="cacheWithCustomCacheResolver" classname="org.springframework.cache.jcache.config.JCacheJavaConfigTests" time="0.12"/>
  <testcase name="earlyRemove" classname="org.springframework.cache.jcache.config.JCacheJavaConfigTests" time="0.032"/>
  <testcase name="remove" classname="org.springframework.cache.jcache.config.JCacheJavaConfigTests" time="0.03"/>
  <testcase name="earlyPut" classname="org.springframework.cache.jcache.config.JCacheJavaConfigTests" time="0.032"/>
  <testcase name="putWithException" classname="org.springframework.cache.jcache.config.JCacheJavaConfigTests" time="0.031"/>
  <testcase name="removeWithExceptionVetoRemove" classname="org.springframework.cache.jcache.config.JCacheJavaConfigTests" time="0.026"/>
  <testcase name="cacheWithCustomKeyGenerator" classname="org.springframework.cache.jcache.config.JCacheJavaConfigTests" time="0.038"/>
  <testcase name="cacheNull" classname="org.springframework.cache.jcache.config.JCacheJavaConfigTests" time="0.027"/>
  <testcase name="cacheCheckedException" classname="org.springframework.cache.jcache.config.JCacheJavaConfigTests" time="0.028"/>
  <testcase name="earlyRemoveAll" classname="org.springframework.cache.jcache.config.JCacheJavaConfigTests" time="0.026"/>
  <testcase name="put" classname="org.springframework.cache.jcache.config.JCacheJavaConfigTests" time="0.033"/>
  <testcase name="earlyRemoveAllWithExceptionVetoRemove" classname="org.springframework.cache.jcache.config.JCacheJavaConfigTests" time="0.026"/>
  <testcase name="earlyPutWithException" classname="org.springframework.cache.jcache.config.JCacheJavaConfigTests" time="0.027"/>
  <testcase name="cache" classname="org.springframework.cache.jcache.config.JCacheJavaConfigTests" time="0.027"/>
  <testcase name="earlyRemoveAllWithException" classname="org.springframework.cache.jcache.config.JCacheJavaConfigTests" time="0.028"/>
  <testcase name="earlyRemoveWithException" classname="org.springframework.cache.jcache.config.JCacheJavaConfigTests" time="0.03"/>
  <testcase name="cacheAlwaysInvoke" classname="org.springframework.cache.jcache.config.JCacheJavaConfigTests" time="0.026"/>
  <testcase name="removeAllWithExceptionVetoRemove" classname="org.springframework.cache.jcache.config.JCacheJavaConfigTests" time="0.028"/>
  <testcase name="earlyRemoveWithExceptionVetoRemove" classname="org.springframework.cache.jcache.config.JCacheJavaConfigTests" time="0.027"/>
  <testcase name="removeAll" classname="org.springframework.cache.jcache.config.JCacheJavaConfigTests" time="0.027"/>
  <testcase name="removeAllWithException" classname="org.springframework.cache.jcache.config.JCacheJavaConfigTests" time="0.027"/>
  <testcase name="cacheWithPartialKey" classname="org.springframework.cache.jcache.config.JCacheJavaConfigTests" time="0.024"/>
  <testcase name="putWithExceptionVetoPut" classname="org.springframework.cache.jcache.config.JCacheJavaConfigTests" time="0.026"/>
  <testcase name="cacheException" classname="org.springframework.cache.jcache.config.JCacheJavaConfigTests" time="0.031"/>
  <testcase name="cacheExceptionRewriteCallStack" classname="org.springframework.cache.jcache.config.JCacheJavaConfigTests" time="0.035"/>
  <system-out><![CDATA[]]></system-out>
  <system-err><![CDATA[]]></system-err>
</testsuite>
