<?xml version="1.0" encoding="UTF-8"?>
<testsuite name="org.springframework.cache.caffeine.CaffeineCacheTests" tests="14" skipped="0" failures="0" errors="0" timestamp="2021-04-16T01:49:22" hostname="DESKTOP-3R4DVF7" time="0.07">
  <properties/>
  <testcase name="testPutIfAbsentNullValue" classname="org.springframework.cache.caffeine.CaffeineCacheTests" time="0.001"/>
  <testcase name="testCachePutNullValueAllowNullFalse" classname="org.springframework.cache.caffeine.CaffeineCacheTests" time="0.0"/>
  <testcase name="testCacheGetCallableNotInvokedWithHitNull" classname="org.springframework.cache.caffeine.CaffeineCacheTests" time="0.002"/>
  <testcase name="testCacheGetSynchronized" classname="org.springframework.cache.caffeine.CaffeineCacheTests" time="0.054"/>
  <testcase name="testCachePutIfAbsent" classname="org.springframework.cache.caffeine.CaffeineCacheTests" time="0.0"/>
  <testcase name="testCacheClear" classname="org.springframework.cache.caffeine.CaffeineCacheTests" time="0.0"/>
  <testcase name="testCacheRemove" classname="org.springframework.cache.caffeine.CaffeineCacheTests" time="0.0"/>
  <testcase name="testCacheGetCallableNotInvokedWithHit" classname="org.springframework.cache.caffeine.CaffeineCacheTests" time="0.0"/>
  <testcase name="testCacheName" classname="org.springframework.cache.caffeine.CaffeineCacheTests" time="0.0"/>
  <testcase name="testCachePut" classname="org.springframework.cache.caffeine.CaffeineCacheTests" time="0.0"/>
  <testcase name="testCacheGetCallable" classname="org.springframework.cache.caffeine.CaffeineCacheTests" time="0.0"/>
  <testcase name="testNativeCache" classname="org.springframework.cache.caffeine.CaffeineCacheTests" time="0.0"/>
  <testcase name="testCacheGetCallableFail" classname="org.springframework.cache.caffeine.CaffeineCacheTests" time="0.01"/>
  <testcase name="testCacheGetCallableWithNull" classname="org.springframework.cache.caffeine.CaffeineCacheTests" time="0.0"/>
  <system-out><![CDATA[]]></system-out>
  <system-err><![CDATA[]]></system-err>
</testsuite>
