<?xml version="1.0" encoding="UTF-8"?>
<testsuite name="org.springframework.validation.beanvalidation2.ValidatorFactoryTests" tests="12" skipped="0" failures="0" errors="0" timestamp="2021-04-16T01:52:27" hostname="DESKTOP-3R4DVF7" time="0.435">
  <properties/>
  <testcase name="testValidationWithOptionalField" classname="org.springframework.validation.beanvalidation2.ValidatorFactoryTests" time="0.032"/>
  <testcase name="testSpringValidationFieldType" classname="org.springframework.validation.beanvalidation2.ValidatorFactoryTests" time="0.047"/>
  <testcase name="testSpringValidationWithErrorInListElement" classname="org.springframework.validation.beanvalidation2.ValidatorFactoryTests" time="0.047"/>
  <testcase name="testSpringValidationWithClassLevel" classname="org.springframework.validation.beanvalidation2.ValidatorFactoryTests" time="0.035"/>
  <testcase name="testInnerBeanValidation" classname="org.springframework.validation.beanvalidation2.ValidatorFactoryTests" time="0.019"/>
  <testcase name="testSpringValidationWithErrorInSetElement" classname="org.springframework.validation.beanvalidation2.ValidatorFactoryTests" time="0.048"/>
  <testcase name="testSpringValidationWithAutowiredValidator" classname="org.springframework.validation.beanvalidation2.ValidatorFactoryTests" time="0.059"/>
  <testcase name="testSimpleValidation" classname="org.springframework.validation.beanvalidation2.ValidatorFactoryTests" time="0.032"/>
  <testcase name="testListValidation" classname="org.springframework.validation.beanvalidation2.ValidatorFactoryTests" time="0.021"/>
  <testcase name="testSimpleValidationWithClassLevel" classname="org.springframework.validation.beanvalidation2.ValidatorFactoryTests" time="0.031"/>
  <testcase name="testSimpleValidationWithCustomProvider" classname="org.springframework.validation.beanvalidation2.ValidatorFactoryTests" time="0.033"/>
  <testcase name="testSpringValidation" classname="org.springframework.validation.beanvalidation2.ValidatorFactoryTests" time="0.03"/>
  <system-out><![CDATA[]]></system-out>
  <system-err><![CDATA[]]></system-err>
</testsuite>
