<?xml version="1.0" encoding="UTF-8"?>
<testsuite name="org.springframework.cache.jcache.config.JCacheCustomInterceptorTests" tests="3" skipped="0" failures="0" errors="0" timestamp="2021-04-16T01:49:24" hostname="DESKTOP-3R4DVF7" time="1.275">
  <properties/>
  <testcase name="customInterceptorAppliesWithCheckedException" classname="org.springframework.cache.jcache.config.JCacheCustomInterceptorTests" time="1.195"/>
  <testcase name="customInterceptorAppliesWithRuntimeException" classname="org.springframework.cache.jcache.config.JCacheCustomInterceptorTests" time="0.043"/>
  <testcase name="onlyOneInterceptorIsAvailable" classname="org.springframework.cache.jcache.config.JCacheCustomInterceptorTests" time="0.037"/>
  <system-out><![CDATA[]]></system-out>
  <system-err><![CDATA[]]></system-err>
</testsuite>
