<?xml version="1.0" encoding="UTF-8"?>
<testsuite name="org.springframework.cache.caffeine.CaffeineCacheManagerTests" tests="8" skipped="0" failures="0" errors="0" timestamp="2021-04-16T01:49:21" hostname="DESKTOP-3R4DVF7" time="1.028">
  <properties/>
  <testcase name="changeCacheLoaderRecreateCache" classname="org.springframework.cache.caffeine.CaffeineCacheManagerTests" time="0.968"/>
  <testcase name="changeCacheSpecificationRecreateCache" classname="org.springframework.cache.caffeine.CaffeineCacheManagerTests" time="0.039"/>
  <testcase name="setCacheNameNullRestoreDynamicMode" classname="org.springframework.cache.caffeine.CaffeineCacheManagerTests" time="0.0"/>
  <testcase name="testDynamicMode" classname="org.springframework.cache.caffeine.CaffeineCacheManagerTests" time="0.002"/>
  <testcase name="testStaticMode" classname="org.springframework.cache.caffeine.CaffeineCacheManagerTests" time="0.0"/>
  <testcase name="changeCaffeineRecreateCache" classname="org.springframework.cache.caffeine.CaffeineCacheManagerTests" time="0.0"/>
  <testcase name="changeCaffeineSpecRecreateCache" classname="org.springframework.cache.caffeine.CaffeineCacheManagerTests" time="0.0"/>
  <testcase name="cacheLoaderUseLoadingCache" classname="org.springframework.cache.caffeine.CaffeineCacheManagerTests" time="0.016"/>
  <system-out><![CDATA[]]></system-out>
  <system-err><![CDATA[]]></system-err>
</testsuite>
