<?xml version="1.0" encoding="UTF-8"?>
<testsuite name="org.springframework.cache.jcache.interceptor.CacheResolverAdapterTests" tests="2" skipped="0" failures="0" errors="0" timestamp="2021-04-16T01:49:28" hostname="DESKTOP-3R4DVF7" time="0.02">
  <properties/>
  <testcase name="resolveSimpleCache" classname="org.springframework.cache.jcache.interceptor.CacheResolverAdapterTests" time="0.016"/>
  <testcase name="resolveUnknownCache" classname="org.springframework.cache.jcache.interceptor.CacheResolverAdapterTests" time="0.004"/>
  <system-out><![CDATA[]]></system-out>
  <system-err><![CDATA[]]></system-err>
</testsuite>
