<?xml version="1.0" encoding="UTF-8"?>
<testsuite name="org.springframework.cache.ehcache.EhCacheCacheManagerTests" tests="5" skipped="0" failures="0" errors="0" timestamp="2021-04-16T01:49:23" hostname="DESKTOP-3R4DVF7" time="1.171">
  <properties/>
  <testcase name="getTransactionalOnExistingCache" classname="org.springframework.cache.ehcache.EhCacheCacheManagerTests" time="1.133"/>
  <testcase name="getOnExistingCache" classname="org.springframework.cache.ehcache.EhCacheCacheManagerTests" time="0.008"/>
  <testcase name="getOnNewCache" classname="org.springframework.cache.ehcache.EhCacheCacheManagerTests" time="0.012"/>
  <testcase name="getOnUnknownCache" classname="org.springframework.cache.ehcache.EhCacheCacheManagerTests" time="0.008"/>
  <testcase name="getTransactionalOnNewCache" classname="org.springframework.cache.ehcache.EhCacheCacheManagerTests" time="0.01"/>
  <system-out><![CDATA[]]></system-out>
  <system-err><![CDATA[]]></system-err>
</testsuite>
