<?xml version="1.0" encoding="UTF-8"?>
<testsuite name="org.springframework.messaging.simp.user.MultiServerUserRegistryTests" tests="5" skipped="0" failures="0" errors="0" timestamp="2021-04-16T01:53:54" hostname="DESKTOP-3R4DVF7" time="0.041">
  <properties/>
  <testcase name="getUserFromRemoteRegistry" classname="org.springframework.messaging.simp.user.MultiServerUserRegistryTests" time="0.019"/>
  <testcase name="getUserFromLocalRegistry" classname="org.springframework.messaging.simp.user.MultiServerUserRegistryTests" time="0.006"/>
  <testcase name="purgeExpiredRegistries" classname="org.springframework.messaging.simp.user.MultiServerUserRegistryTests" time="0.005"/>
  <testcase name="findSubscriptionsFromRemoteRegistry" classname="org.springframework.messaging.simp.user.MultiServerUserRegistryTests" time="0.006"/>
  <testcase name="getSessionsWhenUserIsConnectedToMultipleServers" classname="org.springframework.messaging.simp.user.MultiServerUserRegistryTests" time="0.005"/>
  <system-out><![CDATA[]]></system-out>
  <system-err><![CDATA[]]></system-err>
</testsuite>
