<?xml version="1.0" encoding="UTF-8"?>
<testsuite name="org.springframework.messaging.support.NativeMessageHeaderAccessorTests" tests="15" skipped="0" failures="0" errors="0" timestamp="2021-04-16T01:53:54" hostname="DESKTOP-3R4DVF7" time="0.001">
  <properties/>
  <testcase name="setImmutableIdempotent" classname="org.springframework.messaging.support.NativeMessageHeaderAccessorTests" time="0.0"/>
  <testcase name="addNativeHeaderLazyInitNullValue" classname="org.springframework.messaging.support.NativeMessageHeaderAccessorTests" time="0.001"/>
  <testcase name="addNativeHeaderNullValue" classname="org.springframework.messaging.support.NativeMessageHeaderAccessorTests" time="0.0"/>
  <testcase name="addNativeHeaderImmutable" classname="org.springframework.messaging.support.NativeMessageHeaderAccessorTests" time="0.0"/>
  <testcase name="addNativeHeader" classname="org.springframework.messaging.support.NativeMessageHeaderAccessorTests" time="0.0"/>
  <testcase name="setNativeHeaderLazyInit" classname="org.springframework.messaging.support.NativeMessageHeaderAccessorTests" time="0.0"/>
  <testcase name="setNativeHeaderNullValue" classname="org.springframework.messaging.support.NativeMessageHeaderAccessorTests" time="0.0"/>
  <testcase name="setNativeHeader" classname="org.springframework.messaging.support.NativeMessageHeaderAccessorTests" time="0.0"/>
  <testcase name="createFromNativeHeaderMap" classname="org.springframework.messaging.support.NativeMessageHeaderAccessorTests" time="0.0"/>
  <testcase name="createFromMessageAndModify" classname="org.springframework.messaging.support.NativeMessageHeaderAccessorTests" time="0.0"/>
  <testcase name="setNativeHeaderImmutable" classname="org.springframework.messaging.support.NativeMessageHeaderAccessorTests" time="0.0"/>
  <testcase name="createFromMessageNull" classname="org.springframework.messaging.support.NativeMessageHeaderAccessorTests" time="0.0"/>
  <testcase name="setNativeHeaderLazyInitNullValue" classname="org.springframework.messaging.support.NativeMessageHeaderAccessorTests" time="0.0"/>
  <testcase name="createFromMessage" classname="org.springframework.messaging.support.NativeMessageHeaderAccessorTests" time="0.0"/>
  <testcase name="addNativeHeaderLazyInit" classname="org.springframework.messaging.support.NativeMessageHeaderAccessorTests" time="0.0"/>
  <system-out><![CDATA[]]></system-out>
  <system-err><![CDATA[]]></system-err>
</testsuite>
