<?xml version="1.0" encoding="UTF-8"?>
<testsuite name="org.springframework.messaging.support.ChannelInterceptorTests" tests="6" skipped="0" failures="0" errors="0" timestamp="2021-04-16T01:53:54" hostname="DESKTOP-3R4DVF7" time="0.01">
  <properties/>
  <testcase name="preSendInterceptorReturningModifiedMessage" classname="org.springframework.messaging.support.ChannelInterceptorTests" time="0.007"/>
  <testcase name="afterCompletionWithSendException" classname="org.springframework.messaging.support.ChannelInterceptorTests" time="0.0"/>
  <testcase name="postSendInterceptorMessageWasSent" classname="org.springframework.messaging.support.ChannelInterceptorTests" time="0.001"/>
  <testcase name="postSendInterceptorMessageWasNotSent" classname="org.springframework.messaging.support.ChannelInterceptorTests" time="0.001"/>
  <testcase name="preSendInterceptorReturningNull" classname="org.springframework.messaging.support.ChannelInterceptorTests" time="0.0"/>
  <testcase name="afterCompletionWithPreSendException" classname="org.springframework.messaging.support.ChannelInterceptorTests" time="0.001"/>
  <system-out><![CDATA[09:53:54.571 [tcp-client-loop-nio-9] WARN  org.springframework.messaging.simp.stomp.StompBrokerRelayMessageHandler - TCP connection failure in session _system_: Failed to connect: Connection refused: no further information: /127.0.0.1:61613
io.netty.channel.AbstractChannel$AnnotatedConnectException: Connection refused: no further information: /127.0.0.1:61613
Caused by: java.net.ConnectException: Connection refused: no further information
	at sun.nio.ch.SocketChannelImpl.checkConnect(Native Method) ~[?:1.8.0_271]
	at sun.nio.ch.SocketChannelImpl.finishConnect(SocketChannelImpl.java:715) ~[?:1.8.0_271]
	at io.netty.channel.socket.nio.NioSocketChannel.doFinishConnect(NioSocketChannel.java:327) ~[netty-transport-4.1.39.Final.jar:4.1.39.Final]
	at io.netty.channel.nio.AbstractNioChannel$AbstractNioUnsafe.finishConnect(AbstractNioChannel.java:336) ~[netty-transport-4.1.39.Final.jar:4.1.39.Final]
	at io.netty.channel.nio.NioEventLoop.processSelectedKey(NioEventLoop.java:685) ~[netty-transport-4.1.39.Final.jar:4.1.39.Final]
	at io.netty.channel.nio.NioEventLoop.processSelectedKeysOptimized(NioEventLoop.java:632) ~[netty-transport-4.1.39.Final.jar:4.1.39.Final]
	at io.netty.channel.nio.NioEventLoop.processSelectedKeys(NioEventLoop.java:549) ~[netty-transport-4.1.39.Final.jar:4.1.39.Final]
	at io.netty.channel.nio.NioEventLoop.run(NioEventLoop.java:511) [netty-transport-4.1.39.Final.jar:4.1.39.Final]
	at io.netty.util.concurrent.SingleThreadEventExecutor$5.run(SingleThreadEventExecutor.java:918) [netty-common-4.1.39.Final.jar:4.1.39.Final]
	at io.netty.util.internal.ThreadExecutorMap$2.run(ThreadExecutorMap.java:74) [netty-common-4.1.39.Final.jar:4.1.39.Final]
	at java.lang.Thread.run(Thread.java:748) [?:1.8.0_271]
]]></system-out>
  <system-err><![CDATA[]]></system-err>
</testsuite>
