<?xml version="1.0" encoding="UTF-8"?>
<testsuite name="org.springframework.messaging.simp.SimpMessagingTemplateTests" tests="9" skipped="0" failures="0" errors="0" timestamp="2021-04-16T01:53:19" hostname="DESKTOP-3R4DVF7" time="0.002">
  <properties/>
  <testcase name="convertAndSendWithCustomDestinationPrefix" classname="org.springframework.messaging.simp.SimpMessagingTemplateTests" time="0.0"/>
  <testcase name="convertAndSendToUserWithEncoding" classname="org.springframework.messaging.simp.SimpMessagingTemplateTests" time="0.0"/>
  <testcase name="doSendWithStompHeaders" classname="org.springframework.messaging.simp.SimpMessagingTemplateTests" time="0.0"/>
  <testcase name="doSendWithMutableHeaders" classname="org.springframework.messaging.simp.SimpMessagingTemplateTests" time="0.0"/>
  <testcase name="processHeadersToSend" classname="org.springframework.messaging.simp.SimpMessagingTemplateTests" time="0.0"/>
  <testcase name="convertAndSendWithCustomHeaderNonNative" classname="org.springframework.messaging.simp.SimpMessagingTemplateTests" time="0.0"/>
  <testcase name="convertAndSendToUser" classname="org.springframework.messaging.simp.SimpMessagingTemplateTests" time="0.0"/>
  <testcase name="convertAndSendWithMutableSimpMessageHeaders" classname="org.springframework.messaging.simp.SimpMessagingTemplateTests" time="0.0"/>
  <testcase name="convertAndSendWithCustomHeader" classname="org.springframework.messaging.simp.SimpMessagingTemplateTests" time="0.001"/>
  <system-out><![CDATA[]]></system-out>
  <system-err><![CDATA[]]></system-err>
</testsuite>
