<?xml version="1.0" encoding="UTF-8"?>
<testsuite name="org.springframework.messaging.converter.DefaultContentTypeResolverTests" tests="6" skipped="0" failures="0" errors="0" timestamp="2021-04-16T01:53:10" hostname="DESKTOP-3R4DVF7" time="0.666">
  <properties/>
  <testcase name="resolveUnknownHeaderType" classname="org.springframework.messaging.converter.DefaultContentTypeResolverTests" time="0.658"/>
  <testcase name="resolveNoContentTypeHeader" classname="org.springframework.messaging.converter.DefaultContentTypeResolverTests" time="0.0"/>
  <testcase name="resolveInvalidStringContentType" classname="org.springframework.messaging.converter.DefaultContentTypeResolverTests" time="0.008"/>
  <testcase name="resolveDefaultMimeType" classname="org.springframework.messaging.converter.DefaultContentTypeResolverTests" time="0.0"/>
  <testcase name="resolve" classname="org.springframework.messaging.converter.DefaultContentTypeResolverTests" time="0.0"/>
  <testcase name="resolveStringContentType" classname="org.springframework.messaging.converter.DefaultContentTypeResolverTests" time="0.0"/>
  <system-out><![CDATA[]]></system-out>
  <system-err><![CDATA[]]></system-err>
</testsuite>
