<?xml version="1.0" encoding="UTF-8"?>
<testsuite name="org.springframework.messaging.simp.broker.BrokerMessageHandlerTests" tests="8" skipped="0" failures="0" errors="0" timestamp="2021-04-16T01:53:15" hostname="DESKTOP-3R4DVF7" time="0.006">
  <properties/>
  <testcase name="publishBrokerUnavailableEvent" classname="org.springframework.messaging.simp.broker.BrokerMessageHandlerTests" time="0.004"/>
  <testcase name="publishBrokerAvailableEventWhenAlreadyAvailable" classname="org.springframework.messaging.simp.broker.BrokerMessageHandlerTests" time="0.0"/>
  <testcase name="startShouldUpdateIsRunning" classname="org.springframework.messaging.simp.broker.BrokerMessageHandlerTests" time="0.0"/>
  <testcase name="startAndStopShouldNotPublishBrokerAvailabilityEvents" classname="org.springframework.messaging.simp.broker.BrokerMessageHandlerTests" time="0.0"/>
  <testcase name="stopShouldUpdateIsRunning" classname="org.springframework.messaging.simp.broker.BrokerMessageHandlerTests" time="0.001"/>
  <testcase name="publishBrokerUnavailableEventWhenAlreadyUnvailable" classname="org.springframework.messaging.simp.broker.BrokerMessageHandlerTests" time="0.0"/>
  <testcase name="handleMessageWhenBrokerNotRunning" classname="org.springframework.messaging.simp.broker.BrokerMessageHandlerTests" time="0.0"/>
  <testcase name="publishBrokerAvailableEvent" classname="org.springframework.messaging.simp.broker.BrokerMessageHandlerTests" time="0.0"/>
  <system-out><![CDATA[]]></system-out>
  <system-err><![CDATA[]]></system-err>
</testsuite>
