<?xml version="1.0" encoding="UTF-8"?>
<testsuite name="org.springframework.messaging.converter.MarshallingMessageConverterTests" tests="4" skipped="0" failures="0" errors="0" timestamp="2021-04-16T01:53:11" hostname="DESKTOP-3R4DVF7" time="0.467">
  <properties/>
  <testcase name="fromMessageValidXmlWithUnknownProperty" classname="org.springframework.messaging.converter.MarshallingMessageConverterTests" time="0.344"/>
  <testcase name="toMessage" classname="org.springframework.messaging.converter.MarshallingMessageConverterTests" time="0.115"/>
  <testcase name="fromMessage" classname="org.springframework.messaging.converter.MarshallingMessageConverterTests" time="0.004"/>
  <testcase name="fromMessageInvalidXml" classname="org.springframework.messaging.converter.MarshallingMessageConverterTests" time="0.004"/>
  <system-out><![CDATA[]]></system-out>
  <system-err><![CDATA[]]></system-err>
</testsuite>
