<?xml version="1.0" encoding="UTF-8"?>
<testsuite name="org.springframework.messaging.simp.SimpSessionScopeTests" tests="5" skipped="0" failures="0" errors="0" timestamp="2021-04-16T01:53:19" hostname="DESKTOP-3R4DVF7" time="0.009">
  <properties/>
  <testcase name="remove" classname="org.springframework.messaging.simp.SimpSessionScopeTests" time="0.008"/>
  <testcase name="getWithObjectFactory" classname="org.springframework.messaging.simp.SimpSessionScopeTests" time="0.0"/>
  <testcase name="get" classname="org.springframework.messaging.simp.SimpSessionScopeTests" time="0.0"/>
  <testcase name="getSessionId" classname="org.springframework.messaging.simp.SimpSessionScopeTests" time="0.0"/>
  <testcase name="registerDestructionCallback" classname="org.springframework.messaging.simp.SimpSessionScopeTests" time="0.0"/>
  <system-out><![CDATA[]]></system-out>
  <system-err><![CDATA[]]></system-err>
</testsuite>
