<?xml version="1.0" encoding="UTF-8"?>
<testsuite name="org.springframework.messaging.simp.annotation.support.SimpAnnotationMethodMessageHandlerKotlinTests" tests="8" skipped="0" failures="0" errors="0" timestamp="2021-04-16T01:53:54" hostname="DESKTOP-3R4DVF7" time="1.005">
  <properties/>
  <testcase name="nonNullableHeaderWithoutHeader" classname="org.springframework.messaging.simp.annotation.support.SimpAnnotationMethodMessageHandlerKotlinTests" time="0.998"/>
  <testcase name="nullableHeaderNotRequiredWithHeader" classname="org.springframework.messaging.simp.annotation.support.SimpAnnotationMethodMessageHandlerKotlinTests" time="0.002"/>
  <testcase name="nonNullableHeaderNotRequiredWithoutHeader" classname="org.springframework.messaging.simp.annotation.support.SimpAnnotationMethodMessageHandlerKotlinTests" time="0.001"/>
  <testcase name="nonNullableHeaderNotRequiredWithHeader" classname="org.springframework.messaging.simp.annotation.support.SimpAnnotationMethodMessageHandlerKotlinTests" time="0.001"/>
  <testcase name="nonNullableHeaderWithHeader" classname="org.springframework.messaging.simp.annotation.support.SimpAnnotationMethodMessageHandlerKotlinTests" time="0.001"/>
  <testcase name="nullableHeaderWithoutHeader" classname="org.springframework.messaging.simp.annotation.support.SimpAnnotationMethodMessageHandlerKotlinTests" time="0.001"/>
  <testcase name="nullableHeaderNotRequiredWithoutHeader" classname="org.springframework.messaging.simp.annotation.support.SimpAnnotationMethodMessageHandlerKotlinTests" time="0.0"/>
  <testcase name="nullableHeaderWithHeader" classname="org.springframework.messaging.simp.annotation.support.SimpAnnotationMethodMessageHandlerKotlinTests" time="0.001"/>
  <system-out><![CDATA[]]></system-out>
  <system-err><![CDATA[]]></system-err>
</testsuite>
