<?xml version="1.0" encoding="UTF-8"?>
<testsuite name="org.springframework.messaging.simp.SimpAttributesTests" tests="9" skipped="0" failures="0" errors="0" timestamp="2021-04-16T01:53:19" hostname="DESKTOP-3R4DVF7" time="0.012">
  <properties/>
  <testcase name="sessionCompletedIsIdempotent" classname="org.springframework.messaging.simp.SimpAttributesTests" time="0.007"/>
  <testcase name="removeDestructionCallback" classname="org.springframework.messaging.simp.SimpAttributesTests" time="0.0"/>
  <testcase name="getAttribute" classname="org.springframework.messaging.simp.SimpAttributesTests" time="0.0"/>
  <testcase name="registerDestructionCallbackAfterSessionCompleted" classname="org.springframework.messaging.simp.SimpAttributesTests" time="0.0"/>
  <testcase name="getSessionMutexExplicit" classname="org.springframework.messaging.simp.SimpAttributesTests" time="0.0"/>
  <testcase name="sessionCompleted" classname="org.springframework.messaging.simp.SimpAttributesTests" time="0.0"/>
  <testcase name="getSessionMutex" classname="org.springframework.messaging.simp.SimpAttributesTests" time="0.0"/>
  <testcase name="getAttributeNames" classname="org.springframework.messaging.simp.SimpAttributesTests" time="0.003"/>
  <testcase name="registerDestructionCallback" classname="org.springframework.messaging.simp.SimpAttributesTests" time="0.001"/>
  <system-out><![CDATA[]]></system-out>
  <system-err><![CDATA[]]></system-err>
</testsuite>
