<?xml version="1.0" encoding="UTF-8"?>
<testsuite name="org.springframework.messaging.simp.stomp.ReactorNettyTcpStompClientTests" tests="1" skipped="0" failures="0" errors="0" timestamp="2021-04-16T01:53:19" hostname="DESKTOP-3R4DVF7" time="2.7">
  <properties/>
  <testcase name="publishSubscribe" classname="org.springframework.messaging.simp.stomp.ReactorNettyTcpStompClientTests" time="2.7"/>
  <system-out><![CDATA[09:53:19.835 [Test worker] INFO  org.apache.activemq.broker.BrokerService - Using Persistence Adapter: MemoryPersistenceAdapter
09:53:20.064 [Test worker] INFO  org.apache.activemq.broker.BrokerService - Apache ActiveMQ 5.8.0 (localhost, ID:DESKTOP-3R4DVF7-60923-1618537999875-0:1) is starting
09:53:20.076 [Test worker] INFO  org.apache.activemq.transport.TransportServerThreadSupport - Listening for connections at: stomp://activate.navicat.com:63982
09:53:20.076 [Test worker] INFO  org.apache.activemq.broker.TransportConnector - Connector stomp://activate.navicat.com:63982 Started
09:53:20.081 [Test worker] INFO  org.apache.activemq.broker.BrokerService - Apache ActiveMQ 5.8.0 (localhost, ID:DESKTOP-3R4DVF7-60923-1618537999875-0:1) started
09:53:20.081 [Test worker] INFO  org.apache.activemq.broker.BrokerService - For help or more information please see: http://activemq.apache.org
09:53:20.894 [Test worker] INFO  org.apache.activemq.broker.BrokerService - Apache ActiveMQ 5.8.0 (localhost, ID:DESKTOP-3R4DVF7-60923-1618537999875-0:1) is shutting down
09:53:21.289 [tcp-client-loop-nio-3] WARN  org.springframework.messaging.simp.stomp.StompBrokerRelayMessageHandler - TCP connection failure in session _system_: Failed to connect: Connection refused: no further information: /127.0.0.1:61613
io.netty.channel.AbstractChannel$AnnotatedConnectException: Connection refused: no further information: /127.0.0.1:61613
Caused by: java.net.ConnectException: Connection refused: no further information
	at sun.nio.ch.SocketChannelImpl.checkConnect(Native Method) ~[?:1.8.0_271]
	at sun.nio.ch.SocketChannelImpl.finishConnect(SocketChannelImpl.java:715) ~[?:1.8.0_271]
	at io.netty.channel.socket.nio.NioSocketChannel.doFinishConnect(NioSocketChannel.java:327) ~[netty-transport-4.1.39.Final.jar:4.1.39.Final]
	at io.netty.channel.nio.AbstractNioChannel$AbstractNioUnsafe.finishConnect(AbstractNioChannel.java:336) ~[netty-transport-4.1.39.Final.jar:4.1.39.Final]
	at io.netty.channel.nio.NioEventLoop.processSelectedKey(NioEventLoop.java:685) ~[netty-transport-4.1.39.Final.jar:4.1.39.Final]
	at io.netty.channel.nio.NioEventLoop.processSelectedKeysOptimized(NioEventLoop.java:632) ~[netty-transport-4.1.39.Final.jar:4.1.39.Final]
	at io.netty.channel.nio.NioEventLoop.processSelectedKeys(NioEventLoop.java:549) ~[netty-transport-4.1.39.Final.jar:4.1.39.Final]
	at io.netty.channel.nio.NioEventLoop.run(NioEventLoop.java:511) [netty-transport-4.1.39.Final.jar:4.1.39.Final]
	at io.netty.util.concurrent.SingleThreadEventExecutor$5.run(SingleThreadEventExecutor.java:918) [netty-common-4.1.39.Final.jar:4.1.39.Final]
	at io.netty.util.internal.ThreadExecutorMap$2.run(ThreadExecutorMap.java:74) [netty-common-4.1.39.Final.jar:4.1.39.Final]
	at java.lang.Thread.run(Thread.java:748) [?:1.8.0_271]
09:53:21.431 [tcp-client-loop-nio-3] WARN  org.springframework.messaging.simp.stomp.StompBrokerRelayMessageHandler - TCP connection failure in session _system_: Failed to connect: Connection refused: no further information: /127.0.0.1:61613
io.netty.channel.AbstractChannel$AnnotatedConnectException: Connection refused: no further information: /127.0.0.1:61613
Caused by: java.net.ConnectException: Connection refused: no further information
	at sun.nio.ch.SocketChannelImpl.checkConnect(Native Method) ~[?:1.8.0_271]
	at sun.nio.ch.SocketChannelImpl.finishConnect(SocketChannelImpl.java:715) ~[?:1.8.0_271]
	at io.netty.channel.socket.nio.NioSocketChannel.doFinishConnect(NioSocketChannel.java:327) ~[netty-transport-4.1.39.Final.jar:4.1.39.Final]
	at io.netty.channel.nio.AbstractNioChannel$AbstractNioUnsafe.finishConnect(AbstractNioChannel.java:336) ~[netty-transport-4.1.39.Final.jar:4.1.39.Final]
	at io.netty.channel.nio.NioEventLoop.processSelectedKey(NioEventLoop.java:685) ~[netty-transport-4.1.39.Final.jar:4.1.39.Final]
	at io.netty.channel.nio.NioEventLoop.processSelectedKeysOptimized(NioEventLoop.java:632) ~[netty-transport-4.1.39.Final.jar:4.1.39.Final]
	at io.netty.channel.nio.NioEventLoop.processSelectedKeys(NioEventLoop.java:549) ~[netty-transport-4.1.39.Final.jar:4.1.39.Final]
	at io.netty.channel.nio.NioEventLoop.run(NioEventLoop.java:511) [netty-transport-4.1.39.Final.jar:4.1.39.Final]
	at io.netty.util.concurrent.SingleThreadEventExecutor$5.run(SingleThreadEventExecutor.java:918) [netty-common-4.1.39.Final.jar:4.1.39.Final]
	at io.netty.util.internal.ThreadExecutorMap$2.run(ThreadExecutorMap.java:74) [netty-common-4.1.39.Final.jar:4.1.39.Final]
	at java.lang.Thread.run(Thread.java:748) [?:1.8.0_271]
09:53:21.552 [tcp-client-loop-nio-3] WARN  org.springframework.messaging.simp.stomp.StompBrokerRelayMessageHandler - TCP connection failure in session _system_: Failed to connect: Connection refused: no further information: /127.0.0.1:61613
io.netty.channel.AbstractChannel$AnnotatedConnectException: Connection refused: no further information: /127.0.0.1:61613
Caused by: java.net.ConnectException: Connection refused: no further information
	at sun.nio.ch.SocketChannelImpl.checkConnect(Native Method) ~[?:1.8.0_271]
	at sun.nio.ch.SocketChannelImpl.finishConnect(SocketChannelImpl.java:715) ~[?:1.8.0_271]
	at io.netty.channel.socket.nio.NioSocketChannel.doFinishConnect(NioSocketChannel.java:327) ~[netty-transport-4.1.39.Final.jar:4.1.39.Final]
	at io.netty.channel.nio.AbstractNioChannel$AbstractNioUnsafe.finishConnect(AbstractNioChannel.java:336) ~[netty-transport-4.1.39.Final.jar:4.1.39.Final]
	at io.netty.channel.nio.NioEventLoop.processSelectedKey(NioEventLoop.java:685) ~[netty-transport-4.1.39.Final.jar:4.1.39.Final]
	at io.netty.channel.nio.NioEventLoop.processSelectedKeysOptimized(NioEventLoop.java:632) ~[netty-transport-4.1.39.Final.jar:4.1.39.Final]
	at io.netty.channel.nio.NioEventLoop.processSelectedKeys(NioEventLoop.java:549) ~[netty-transport-4.1.39.Final.jar:4.1.39.Final]
	at io.netty.channel.nio.NioEventLoop.run(NioEventLoop.java:511) [netty-transport-4.1.39.Final.jar:4.1.39.Final]
	at io.netty.util.concurrent.SingleThreadEventExecutor$5.run(SingleThreadEventExecutor.java:918) [netty-common-4.1.39.Final.jar:4.1.39.Final]
	at io.netty.util.internal.ThreadExecutorMap$2.run(ThreadExecutorMap.java:74) [netty-common-4.1.39.Final.jar:4.1.39.Final]
	at java.lang.Thread.run(Thread.java:748) [?:1.8.0_271]
09:53:22.364 [Test worker] INFO  org.apache.activemq.broker.TransportConnector - Connector stomp://activate.navicat.com:63982 Stopped
09:53:22.381 [Test worker] INFO  org.apache.activemq.broker.BrokerService - Apache ActiveMQ 5.8.0 (localhost, ID:DESKTOP-3R4DVF7-60923-1618537999875-0:1) uptime 2.558 seconds
09:53:22.381 [Test worker] INFO  org.apache.activemq.broker.BrokerService - Apache ActiveMQ 5.8.0 (localhost, ID:DESKTOP-3R4DVF7-60923-1618537999875-0:1) is shutdown
]]></system-out>
  <system-err><![CDATA[]]></system-err>
</testsuite>
