<?xml version="1.0" encoding="UTF-8"?>
<testsuite name="org.springframework.messaging.simp.user.UserRegistryMessageHandlerTests" tests="5" skipped="0" failures="0" errors="0" timestamp="2021-04-16T01:53:54" hostname="DESKTOP-3R4DVF7" time="0.015">
  <properties/>
  <testcase name="brokerUnavailableEvent" classname="org.springframework.messaging.simp.user.UserRegistryMessageHandlerTests" time="0.001"/>
  <testcase name="broadcastRegistry" classname="org.springframework.messaging.simp.user.UserRegistryMessageHandlerTests" time="0.004"/>
  <testcase name="handleMessageFromOwnBroadcast" classname="org.springframework.messaging.simp.user.UserRegistryMessageHandlerTests" time="0.004"/>
  <testcase name="handleMessage" classname="org.springframework.messaging.simp.user.UserRegistryMessageHandlerTests" time="0.004"/>
  <testcase name="brokerAvailableEvent" classname="org.springframework.messaging.simp.user.UserRegistryMessageHandlerTests" time="0.002"/>
  <system-out><![CDATA[]]></system-out>
  <system-err><![CDATA[]]></system-err>
</testsuite>
