<?xml version="1.0" encoding="UTF-8"?>
<testsuite name="org.springframework.messaging.converter.MappingJackson2MessageConverterTests" tests="13" skipped="0" failures="0" errors="0" timestamp="2021-04-16T01:53:11" hostname="DESKTOP-3R4DVF7" time="0.512">
  <properties/>
  <testcase name="fromMessageToList" classname="org.springframework.messaging.converter.MappingJackson2MessageConverterTests" time="0.353"/>
  <testcase name="fromMessageInvalidJson" classname="org.springframework.messaging.converter.MappingJackson2MessageConverterTests" time="0.075"/>
  <testcase name="fromMessageToMessageWithPojo" classname="org.springframework.messaging.converter.MappingJackson2MessageConverterTests" time="0.001"/>
  <testcase name="mimetypesParametrizedConstructor" classname="org.springframework.messaging.converter.MappingJackson2MessageConverterTests" time="0.004"/>
  <testcase name="fromMessageValidJsonWithUnknownProperty" classname="org.springframework.messaging.converter.MappingJackson2MessageConverterTests" time="0.001"/>
  <testcase name="toMessage" classname="org.springframework.messaging.converter.MappingJackson2MessageConverterTests" time="0.041"/>
  <testcase name="toMessageJsonView" classname="org.springframework.messaging.converter.MappingJackson2MessageConverterTests" time="0.018"/>
  <testcase name="defaultConstructor" classname="org.springframework.messaging.converter.MappingJackson2MessageConverterTests" time="0.0"/>
  <testcase name="mimetypeParametrizedConstructor" classname="org.springframework.messaging.converter.MappingJackson2MessageConverterTests" time="0.0"/>
  <testcase name="toMessageUtf16String" classname="org.springframework.messaging.converter.MappingJackson2MessageConverterTests" time="0.001"/>
  <testcase name="fromMessageUntyped" classname="org.springframework.messaging.converter.MappingJackson2MessageConverterTests" time="0.008"/>
  <testcase name="fromMessage" classname="org.springframework.messaging.converter.MappingJackson2MessageConverterTests" time="0.004"/>
  <testcase name="toMessageUtf16" classname="org.springframework.messaging.converter.MappingJackson2MessageConverterTests" time="0.004"/>
  <system-out><![CDATA[]]></system-out>
  <system-err><![CDATA[]]></system-err>
</testsuite>
