<?xml version="1.0" encoding="UTF-8"?>
<testsuite name="org.springframework.messaging.handler.invocation.MethodMessageHandlerTests" tests="6" skipped="0" failures="0" errors="0" timestamp="2021-04-16T01:53:15" hostname="DESKTOP-3R4DVF7" time="0.019">
  <properties/>
  <testcase name="duplicateMapping" classname="org.springframework.messaging.handler.invocation.MethodMessageHandlerTests" time="0.011"/>
  <testcase name="antPatchMatchWildcard" classname="org.springframework.messaging.handler.invocation.MethodMessageHandlerTests" time="0.003"/>
  <testcase name="exceptionHandled" classname="org.springframework.messaging.handler.invocation.MethodMessageHandlerTests" time="0.001"/>
  <testcase name="bestMatchWildcard" classname="org.springframework.messaging.handler.invocation.MethodMessageHandlerTests" time="0.001"/>
  <testcase name="registeredMappings" classname="org.springframework.messaging.handler.invocation.MethodMessageHandlerTests" time="0.002"/>
  <testcase name="argumentResolution" classname="org.springframework.messaging.handler.invocation.MethodMessageHandlerTests" time="0.001"/>
  <system-out><![CDATA[]]></system-out>
  <system-err><![CDATA[]]></system-err>
</testsuite>
