<?xml version="1.0" encoding="UTF-8"?>
<testsuite name="org.springframework.messaging.core.CachingDestinationResolverTests" tests="3" skipped="0" failures="0" errors="0" timestamp="2021-04-16T01:53:12" hostname="DESKTOP-3R4DVF7" time="0.804">
  <properties/>
  <testcase name="nullTargetThroughConstructor" classname="org.springframework.messaging.core.CachingDestinationResolverTests" time="0.002"/>
  <testcase name="noTargetSet" classname="org.springframework.messaging.core.CachingDestinationResolverTests" time="0.0"/>
  <testcase name="cachedDestination" classname="org.springframework.messaging.core.CachingDestinationResolverTests" time="0.802"/>
  <system-out><![CDATA[]]></system-out>
  <system-err><![CDATA[]]></system-err>
</testsuite>
