<?xml version="1.0" encoding="UTF-8"?>
<testsuite name="org.springframework.core.ConventionsTests" tests="9" skipped="0" failures="0" errors="0" timestamp="2021-04-16T01:52:30" hostname="DESKTOP-3R4DVF7" time="0.192">
  <properties/>
  <testcase name="reactiveParameters" classname="org.springframework.core.ConventionsTests" time="0.19"/>
  <testcase name="simpleObject" classname="org.springframework.core.ConventionsTests" time="0.0"/>
  <testcase name="emptyList" classname="org.springframework.core.ConventionsTests" time="0.0"/>
  <testcase name="attributeNameToPropertyName" classname="org.springframework.core.ConventionsTests" time="0.001"/>
  <testcase name="getQualifiedAttributeName" classname="org.springframework.core.ConventionsTests" time="0.0"/>
  <testcase name="set" classname="org.springframework.core.ConventionsTests" time="0.0"/>
  <testcase name="list" classname="org.springframework.core.ConventionsTests" time="0.0"/>
  <testcase name="array" classname="org.springframework.core.ConventionsTests" time="0.0"/>
  <testcase name="reactiveReturnTypes" classname="org.springframework.core.ConventionsTests" time="0.001"/>
  <system-out><![CDATA[]]></system-out>
  <system-err><![CDATA[]]></system-err>
</testsuite>
