<?xml version="1.0" encoding="UTF-8"?>
<testsuite name="org.springframework.tests.AssumeTests" tests="5" skipped="2" failures="0" errors="0" timestamp="2021-04-16T01:52:32" hostname="DESKTOP-3R4DVF7" time="0.003">
  <properties/>
  <testcase name="assumeGroupWithBogusActiveTestGroup" classname="org.springframework.tests.AssumeTests" time="0.001"/>
  <testcase name="assumeGroupWithNoMatchingActiveTestGroup" classname="org.springframework.tests.AssumeTests" time="0.001">
    <skipped/>
  </testcase>
  <testcase name="assumeGroupWithAllMinusBogusActiveTestGroup" classname="org.springframework.tests.AssumeTests" time="0.0"/>
  <testcase name="assumeGroupWithNoActiveTestGroups" classname="org.springframework.tests.AssumeTests" time="0.001">
    <skipped/>
  </testcase>
  <testcase name="assumeGroupWithMatchingActiveTestGroup" classname="org.springframework.tests.AssumeTests" time="0.0"/>
  <system-out><![CDATA[]]></system-out>
  <system-err><![CDATA[]]></system-err>
</testsuite>
