<?xml version="1.0" encoding="UTF-8"?>
<testsuite name="org.springframework.core.io.support.ResourceArrayPropertyEditorTests" tests="4" skipped="0" failures="0" errors="0" timestamp="2021-04-16T01:52:32" hostname="DESKTOP-3R4DVF7" time="0.006">
  <properties/>
  <testcase name="testPatternResource" classname="org.springframework.core.io.support.ResourceArrayPropertyEditorTests" time="0.005"/>
  <testcase name="testVanillaResource" classname="org.springframework.core.io.support.ResourceArrayPropertyEditorTests" time="0.001"/>
  <testcase name="testStrictSystemPropertyReplacement" classname="org.springframework.core.io.support.ResourceArrayPropertyEditorTests" time="0.0"/>
  <testcase name="testSystemPropertyReplacement" classname="org.springframework.core.io.support.ResourceArrayPropertyEditorTests" time="0.0"/>
  <system-out><![CDATA[]]></system-out>
  <system-err><![CDATA[]]></system-err>
</testsuite>
