<?xml version="1.0" encoding="UTF-8"?>
<testsuite name="org.springframework.util.xml.StaxResultTests" tests="2" skipped="0" failures="0" errors="0" timestamp="2021-04-16T01:52:38" hostname="DESKTOP-3R4DVF7" time="0.008">
  <properties/>
  <testcase name="eventWriterSource" classname="org.springframework.util.xml.StaxResultTests" time="0.004"/>
  <testcase name="streamWriterSource" classname="org.springframework.util.xml.StaxResultTests" time="0.004"/>
  <system-out><![CDATA[]]></system-out>
  <system-err><![CDATA[]]></system-err>
</testsuite>
