<?xml version="1.0" encoding="UTF-8"?>
<testsuite name="org.springframework.core.annotation.MapAnnotationAttributeExtractorTests" tests="4" skipped="0" failures="0" errors="0" timestamp="2021-04-16T01:52:29" hostname="DESKTOP-3R4DVF7" time="0.007">
  <properties/>
  <testcase name="enrichAndValidateAttributesWithImplicitAliasesAndMinimalAttributes" classname="org.springframework.core.annotation.MapAnnotationAttributeExtractorTests" time="0.002"/>
  <testcase name="enrichAndValidateAttributesWithImplicitAliases" classname="org.springframework.core.annotation.MapAnnotationAttributeExtractorTests" time="0.002"/>
  <testcase name="enrichAndValidateAttributesWithSingleElementThatOverridesAnArray" classname="org.springframework.core.annotation.MapAnnotationAttributeExtractorTests" time="0.002"/>
  <testcase name="getAttributeValueForImplicitAliases" classname="org.springframework.core.annotation.MapAnnotationAttributeExtractorTests" time="0.001"/>
  <system-out><![CDATA[]]></system-out>
  <system-err><![CDATA[]]></system-err>
</testsuite>
