<?xml version="1.0" encoding="UTF-8"?>
<testsuite name="org.springframework.core.serializer.SerializationConverterTests" tests="4" skipped="0" failures="0" errors="0" timestamp="2021-04-16T01:52:32" hostname="DESKTOP-3R4DVF7" time="0.01">
  <properties/>
  <testcase name="deserializationFailure" classname="org.springframework.core.serializer.SerializationConverterTests" time="0.003"/>
  <testcase name="nonSerializableObject" classname="org.springframework.core.serializer.SerializationConverterTests" time="0.003"/>
  <testcase name="nonSerializableField" classname="org.springframework.core.serializer.SerializationConverterTests" time="0.003"/>
  <testcase name="serializeAndDeserializeString" classname="org.springframework.core.serializer.SerializationConverterTests" time="0.0"/>
  <system-out><![CDATA[]]></system-out>
  <system-err><![CDATA[]]></system-err>
</testsuite>
