<?xml version="1.0" encoding="UTF-8"?>
<testsuite name="org.springframework.core.io.PathResourceTests" tests="37" skipped="0" failures="0" errors="0" timestamp="2021-04-16T01:52:31" hostname="DESKTOP-3R4DVF7" time="0.173">
  <properties/>
  <testcase name="nullUri" classname="org.springframework.core.io.PathResourceTests" time="0.004"/>
  <testcase name="getReadableByteChannelDoesNotExist" classname="org.springframework.core.io.PathResourceTests" time="0.004"/>
  <testcase name="nullPath" classname="org.springframework.core.io.PathResourceTests" time="0.003"/>
  <testcase name="dirExists" classname="org.springframework.core.io.PathResourceTests" time="0.004"/>
  <testcase name="getInputStreamForDir" classname="org.springframework.core.io.PathResourceTests" time="0.004"/>
  <testcase name="getWritableChannel" classname="org.springframework.core.io.PathResourceTests" time="0.005"/>
  <testcase name="createRelativeFromFile" classname="org.springframework.core.io.PathResourceTests" time="0.003"/>
  <testcase name="description" classname="org.springframework.core.io.PathResourceTests" time="0.003"/>
  <testcase name="fileIsWritable" classname="org.springframework.core.io.PathResourceTests" time="0.009"/>
  <testcase name="directoryIsNotWritable" classname="org.springframework.core.io.PathResourceTests" time="0.007"/>
  <testcase name="getUri" classname="org.springframework.core.io.PathResourceTests" time="0.004"/>
  <testcase name="getUrl" classname="org.springframework.core.io.PathResourceTests" time="0.003"/>
  <testcase name="directoryOutputStream" classname="org.springframework.core.io.PathResourceTests" time="0.003"/>
  <testcase name="nullPathString" classname="org.springframework.core.io.PathResourceTests" time="0.003"/>
  <testcase name="getInputStream" classname="org.springframework.core.io.PathResourceTests" time="0.004"/>
  <testcase name="filename" classname="org.springframework.core.io.PathResourceTests" time="0.003"/>
  <testcase name="doesNotExistIsNotReadable" classname="org.springframework.core.io.PathResourceTests" time="0.003"/>
  <testcase name="createRelativeFromDir" classname="org.springframework.core.io.PathResourceTests" time="0.003"/>
  <testcase name="contentLength" classname="org.springframework.core.io.PathResourceTests" time="0.003"/>
  <testcase name="fileIsReadable" classname="org.springframework.core.io.PathResourceTests" time="0.003"/>
  <testcase name="getInputStreamDoesNotExist" classname="org.springframework.core.io.PathResourceTests" time="0.003"/>
  <testcase name="directoryIsNotReadable" classname="org.springframework.core.io.PathResourceTests" time="0.003"/>
  <testcase name="getReadableByteChannel" classname="org.springframework.core.io.PathResourceTests" time="0.003"/>
  <testcase name="createFromPath" classname="org.springframework.core.io.PathResourceTests" time="0.003"/>
  <testcase name="createFromString" classname="org.springframework.core.io.PathResourceTests" time="0.003"/>
  <testcase name="outputStream" classname="org.springframework.core.io.PathResourceTests" time="0.005"/>
  <testcase name="getFile" classname="org.springframework.core.io.PathResourceTests" time="0.003"/>
  <testcase name="getPathForDir" classname="org.springframework.core.io.PathResourceTests" time="0.003"/>
  <testcase name="doesNotExistOutputStream" classname="org.springframework.core.io.PathResourceTests" time="0.006"/>
  <testcase name="fileDoesNotExist" classname="org.springframework.core.io.PathResourceTests" time="0.003"/>
  <testcase name="contentLengthForDirectory" classname="org.springframework.core.io.PathResourceTests" time="0.004"/>
  <testcase name="getPathForFile" classname="org.springframework.core.io.PathResourceTests" time="0.002"/>
  <testcase name="getReadableByteChannelForDir" classname="org.springframework.core.io.PathResourceTests" time="0.003"/>
  <testcase name="fileExists" classname="org.springframework.core.io.PathResourceTests" time="0.003"/>
  <testcase name="createFromUri" classname="org.springframework.core.io.PathResourceTests" time="0.003"/>
  <testcase name="getFileUnsupported" classname="org.springframework.core.io.PathResourceTests" time="0.039"/>
  <testcase name="lastModified" classname="org.springframework.core.io.PathResourceTests" time="0.004"/>
  <system-out><![CDATA[]]></system-out>
  <system-err><![CDATA[]]></system-err>
</testsuite>
