<?xml version="1.0" encoding="UTF-8"?>
<testsuite name="org.springframework.core.SerializableTypeWrapperTests" tests="11" skipped="0" failures="0" errors="0" timestamp="2021-04-16T01:52:32" hostname="DESKTOP-3R4DVF7" time="0.008">
  <properties/>
  <testcase name="typeVariableType" classname="org.springframework.core.SerializableTypeWrapperTests" time="0.001"/>
  <testcase name="wildcardType" classname="org.springframework.core.SerializableTypeWrapperTests" time="0.002"/>
  <testcase name="forConstructor" classname="org.springframework.core.SerializableTypeWrapperTests" time="0.001"/>
  <testcase name="forMethodParameter" classname="org.springframework.core.SerializableTypeWrapperTests" time="0.001"/>
  <testcase name="classType" classname="org.springframework.core.SerializableTypeWrapperTests" time="0.0"/>
  <testcase name="forGenericSuperClass" classname="org.springframework.core.SerializableTypeWrapperTests" time="0.001"/>
  <testcase name="forField" classname="org.springframework.core.SerializableTypeWrapperTests" time="0.001"/>
  <testcase name="forGenericInterfaces" classname="org.springframework.core.SerializableTypeWrapperTests" time="0.0"/>
  <testcase name="parameterizedType" classname="org.springframework.core.SerializableTypeWrapperTests" time="0.0"/>
  <testcase name="genericArrayType" classname="org.springframework.core.SerializableTypeWrapperTests" time="0.001"/>
  <testcase name="forTypeParameters" classname="org.springframework.core.SerializableTypeWrapperTests" time="0.0"/>
  <system-out><![CDATA[]]></system-out>
  <system-err><![CDATA[]]></system-err>
</testsuite>
