<?xml version="1.0" encoding="UTF-8"?>
<testsuite name="org.springframework.util.comparator.ComparableComparatorTests" tests="2" skipped="0" failures="0" errors="0" timestamp="2021-04-16T01:52:33" hostname="DESKTOP-3R4DVF7" time="0.0">
  <properties/>
  <testcase name="testComparableComparator" classname="org.springframework.util.comparator.ComparableComparatorTests" time="0.0"/>
  <testcase name="shouldNeedComparable" classname="org.springframework.util.comparator.ComparableComparatorTests" time="0.0"/>
  <system-out><![CDATA[]]></system-out>
  <system-err><![CDATA[]]></system-err>
</testsuite>
