<?xml version="1.0" encoding="UTF-8"?>
<testsuite name="org.springframework.core.task.SimpleAsyncTaskExecutorTests" tests="5" skipped="0" failures="0" errors="0" timestamp="2021-04-16T01:52:32" hostname="DESKTOP-3R4DVF7" time="0.006">
  <properties/>
  <testcase name="threadFactoryOverridesDefaults" classname="org.springframework.core.task.SimpleAsyncTaskExecutorTests" time="0.005"/>
  <testcase name="threadNameGetsSetCorrectly" classname="org.springframework.core.task.SimpleAsyncTaskExecutorTests" time="0.001"/>
  <testcase name="cannotExecuteWhenConcurrencyIsSwitchedOff" classname="org.springframework.core.task.SimpleAsyncTaskExecutorTests" time="0.0"/>
  <testcase name="throttleIsNotActiveByDefault" classname="org.springframework.core.task.SimpleAsyncTaskExecutorTests" time="0.0"/>
  <testcase name="throwsExceptionWhenSuppliedWithNullRunnable" classname="org.springframework.core.task.SimpleAsyncTaskExecutorTests" time="0.0"/>
  <system-out><![CDATA[]]></system-out>
  <system-err><![CDATA[]]></system-err>
</testsuite>
