<?xml version="1.0" encoding="UTF-8"?>
<testsuite name="org.springframework.core.type.StandardClassMetadataMemberClassTests" tests="4" skipped="0" failures="0" errors="0" timestamp="2021-04-16T01:52:32" hostname="DESKTOP-3R4DVF7" time="0.0">
  <properties/>
  <testcase name="againstMemberClass" classname="org.springframework.core.type.StandardClassMetadataMemberClassTests" time="0.0"/>
  <testcase name="withNoMemberClasses" classname="org.springframework.core.type.StandardClassMetadataMemberClassTests" time="0.0"/>
  <testcase name="withNonPublicMemberClasses" classname="org.springframework.core.type.StandardClassMetadataMemberClassTests" time="0.0"/>
  <testcase name="withPublicMemberClasses" classname="org.springframework.core.type.StandardClassMetadataMemberClassTests" time="0.0"/>
  <system-out><![CDATA[]]></system-out>
  <system-err><![CDATA[]]></system-err>
</testsuite>
