<?xml version="1.0" encoding="UTF-8"?>
<testsuite name="org.springframework.util.xml.DomContentHandlerTests" tests="3" skipped="0" failures="0" errors="0" timestamp="2021-04-16T01:52:33" hostname="DESKTOP-3R4DVF7" time="0.041">
  <properties/>
  <testcase name="contentHandlerDocumentNoNamespacePrefixes" classname="org.springframework.util.xml.DomContentHandlerTests" time="0.038"/>
  <testcase name="contentHandlerDocumentNamespacePrefixes" classname="org.springframework.util.xml.DomContentHandlerTests" time="0.002"/>
  <testcase name="contentHandlerElement" classname="org.springframework.util.xml.DomContentHandlerTests" time="0.001"/>
  <system-out><![CDATA[]]></system-out>
  <system-err><![CDATA[]]></system-err>
</testsuite>
