<?xml version="1.0" encoding="UTF-8"?>
<testsuite name="org.springframework.util.comparator.NullSafeComparatorTests" tests="2" skipped="0" failures="0" errors="0" timestamp="2021-04-16T01:52:33" hostname="DESKTOP-3R4DVF7" time="0.001">
  <properties/>
  <testcase name="shouldCompareWithNullsLow" classname="org.springframework.util.comparator.NullSafeComparatorTests" time="0.001"/>
  <testcase name="shouldCompareWithNullsHigh" classname="org.springframework.util.comparator.NullSafeComparatorTests" time="0.0"/>
  <system-out><![CDATA[]]></system-out>
  <system-err><![CDATA[]]></system-err>
</testsuite>
