<?xml version="1.0" encoding="UTF-8"?>
<testsuite name="org.springframework.web.reactive.function.client.DefaultClientRequestBuilderTests" tests="8" skipped="0" failures="0" errors="0" timestamp="2021-04-16T01:57:17" hostname="DESKTOP-3R4DVF7" time="0.013">
  <properties/>
  <testcase name="cookie" classname="org.springframework.web.reactive.function.client.DefaultClientRequestBuilderTests" time="0.0"/>
  <testcase name="method" classname="org.springframework.web.reactive.function.client.DefaultClientRequestBuilderTests" time="0.0"/>
  <testcase name="url" classname="org.springframework.web.reactive.function.client.DefaultClientRequestBuilderTests" time="0.0"/>
  <testcase name="from" classname="org.springframework.web.reactive.function.client.DefaultClientRequestBuilderTests" time="0.001"/>
  <testcase name="build" classname="org.springframework.web.reactive.function.client.DefaultClientRequestBuilderTests" time="0.009"/>
  <testcase name="bodyParameterizedTypeReference" classname="org.springframework.web.reactive.function.client.DefaultClientRequestBuilderTests" time="0.001"/>
  <testcase name="bodyInserter" classname="org.springframework.web.reactive.function.client.DefaultClientRequestBuilderTests" time="0.001"/>
  <testcase name="bodyClass" classname="org.springframework.web.reactive.function.client.DefaultClientRequestBuilderTests" time="0.0"/>
  <system-out><![CDATA[]]></system-out>
  <system-err><![CDATA[]]></system-err>
</testsuite>
