<?xml version="1.0" encoding="UTF-8"?>
<testsuite name="org.springframework.web.reactive.result.condition.ProducesRequestConditionTests" tests="19" skipped="0" failures="0" errors="0" timestamp="2021-04-16T01:57:52" hostname="DESKTOP-3R4DVF7" time="0.003">
  <properties/>
  <testcase name="combineWithDefault" classname="org.springframework.web.reactive.result.condition.ProducesRequestConditionTests" time="0.0"/>
  <testcase name="instantiateWithProducesAndHeaderConditions" classname="org.springframework.web.reactive.result.condition.ProducesRequestConditionTests" time="0.001"/>
  <testcase name="matchParseError" classname="org.springframework.web.reactive.result.condition.ProducesRequestConditionTests" time="0.0"/>
  <testcase name="compareToMultipleExpressionsAndMultipeAcceptHeaderValues" classname="org.springframework.web.reactive.result.condition.ProducesRequestConditionTests" time="0.0"/>
  <testcase name="compareTo" classname="org.springframework.web.reactive.result.condition.ProducesRequestConditionTests" time="0.0"/>
  <testcase name="matchParseErrorWithNegation" classname="org.springframework.web.reactive.result.condition.ProducesRequestConditionTests" time="0.0"/>
  <testcase name="compareToMediaTypeAll" classname="org.springframework.web.reactive.result.condition.ProducesRequestConditionTests" time="0.0"/>
  <testcase name="matchNegated" classname="org.springframework.web.reactive.result.condition.ProducesRequestConditionTests" time="0.0"/>
  <testcase name="compareToWithSingleExpression" classname="org.springframework.web.reactive.result.condition.ProducesRequestConditionTests" time="0.0"/>
  <testcase name="getMatchingCondition" classname="org.springframework.web.reactive.result.condition.ProducesRequestConditionTests" time="0.0"/>
  <testcase name="matchMultiple" classname="org.springframework.web.reactive.result.condition.ProducesRequestConditionTests" time="0.0"/>
  <testcase name="match" classname="org.springframework.web.reactive.result.condition.ProducesRequestConditionTests" time="0.0"/>
  <testcase name="getProducibleMediaTypes" classname="org.springframework.web.reactive.result.condition.ProducesRequestConditionTests" time="0.0"/>
  <testcase name="compareToMediaTypeAllWithParameter" classname="org.springframework.web.reactive.result.condition.ProducesRequestConditionTests" time="0.0"/>
  <testcase name="compareToEqualMatch" classname="org.springframework.web.reactive.result.condition.ProducesRequestConditionTests" time="0.0"/>
  <testcase name="combine" classname="org.springframework.web.reactive.result.condition.ProducesRequestConditionTests" time="0.0"/>
  <testcase name="matchSingle" classname="org.springframework.web.reactive.result.condition.ProducesRequestConditionTests" time="0.0"/>
  <testcase name="matchWildcard" classname="org.springframework.web.reactive.result.condition.ProducesRequestConditionTests" time="0.0"/>
  <testcase name="compareToMultipleExpressions" classname="org.springframework.web.reactive.result.condition.ProducesRequestConditionTests" time="0.0"/>
  <system-out><![CDATA[]]></system-out>
  <system-err><![CDATA[]]></system-err>
</testsuite>
