<?xml version="1.0" encoding="UTF-8"?>
<testsuite name="org.springframework.web.reactive.result.method.RequestMappingInfoHandlerMappingTests" tests="18" skipped="0" failures="0" errors="0" timestamp="2021-04-16T02:00:59" hostname="DESKTOP-3R4DVF7" time="0.035">
  <properties/>
  <testcase name="getHandlerHttpOptions" classname="org.springframework.web.reactive.result.method.RequestMappingInfoHandlerMappingTests" time="0.004"/>
  <testcase name="getHandlerTestRequestParamMismatch" classname="org.springframework.web.reactive.result.method.RequestMappingInfoHandlerMappingTests" time="0.003"/>
  <testcase name="getHandlerTestMediaTypeNotAcceptable" classname="org.springframework.web.reactive.result.method.RequestMappingInfoHandlerMappingTests" time="0.002"/>
  <testcase name="getHandlerGlobMatch" classname="org.springframework.web.reactive.result.method.RequestMappingInfoHandlerMappingTests" time="0.003"/>
  <testcase name="handleMatchBestMatchingPatternAttributeNoPatternsDefined" classname="org.springframework.web.reactive.result.method.RequestMappingInfoHandlerMappingTests" time="0.001"/>
  <testcase name="getHandlerMediaTypeNotSupported" classname="org.springframework.web.reactive.result.method.RequestMappingInfoHandlerMappingTests" time="0.002"/>
  <testcase name="getHandlerRequestMethodNotAllowed" classname="org.springframework.web.reactive.result.method.RequestMappingInfoHandlerMappingTests" time="0.002"/>
  <testcase name="handleMatchUriTemplateVariables" classname="org.springframework.web.reactive.result.method.RequestMappingInfoHandlerMappingTests" time="0.001"/>
  <testcase name="getHandlerBestMatch" classname="org.springframework.web.reactive.result.method.RequestMappingInfoHandlerMappingTests" time="0.002"/>
  <testcase name="getHandlerProducibleMediaTypesAttribute" classname="org.springframework.web.reactive.result.method.RequestMappingInfoHandlerMappingTests" time="0.002"/>
  <testcase name="handleMatchBestMatchingPatternAttribute" classname="org.springframework.web.reactive.result.method.RequestMappingInfoHandlerMappingTests" time="0.001"/>
  <testcase name="handleMatchUriTemplateVariablesDecode" classname="org.springframework.web.reactive.result.method.RequestMappingInfoHandlerMappingTests" time="0.0"/>
  <testcase name="getHandlerEmptyPathMatch" classname="org.springframework.web.reactive.result.method.RequestMappingInfoHandlerMappingTests" time="0.003"/>
  <testcase name="getHandlerTestInvalidContentType" classname="org.springframework.web.reactive.result.method.RequestMappingInfoHandlerMappingTests" time="0.002"/>
  <testcase name="getHandlerDirectMatch" classname="org.springframework.web.reactive.result.method.RequestMappingInfoHandlerMappingTests" time="0.001"/>
  <testcase name="getHandlerRequestMethodMatchFalsePositive" classname="org.springframework.web.reactive.result.method.RequestMappingInfoHandlerMappingTests" time="0.003"/>
  <testcase name="handleMatchMatrixVariablesDecoding" classname="org.springframework.web.reactive.result.method.RequestMappingInfoHandlerMappingTests" time="0.001"/>
  <testcase name="handleMatchMatrixVariables" classname="org.springframework.web.reactive.result.method.RequestMappingInfoHandlerMappingTests" time="0.001"/>
  <system-out><![CDATA[10:00:59.933 [Test worker] INFO  org.springframework.web.reactive.result.method.RequestMappingInfoHandlerMappingTests$TestRequestMappingInfoHandlerMapping - Mapped "{[]}" onto public void org.springframework.web.reactive.result.method.RequestMappingInfoHandlerMappingTests$TestController.empty()
10:00:59.934 [Test worker] INFO  org.springframework.web.reactive.result.method.RequestMappingInfoHandlerMappingTests$TestRequestMappingInfoHandlerMapping - Mapped "{[/person/{id}],methods=[PUT],consumes=[application/xml]}" onto public void org.springframework.web.reactive.result.method.RequestMappingInfoHandlerMappingTests$TestController.consumes(java.lang.String)
10:00:59.934 [Test worker] INFO  org.springframework.web.reactive.result.method.RequestMappingInfoHandlerMappingTests$TestRequestMappingInfoHandlerMapping - Mapped "{[/persons],produces=[application/xml]}" onto public java.lang.String org.springframework.web.reactive.result.method.RequestMappingInfoHandlerMappingTests$TestController.produces()
10:00:59.934 [Test worker] INFO  org.springframework.web.reactive.result.method.RequestMappingInfoHandlerMappingTests$TestRequestMappingInfoHandlerMapping - Mapped "{[/params],params=[foo=bar]}" onto public java.lang.String org.springframework.web.reactive.result.method.RequestMappingInfoHandlerMappingTests$TestController.param()
10:00:59.934 [Test worker] INFO  org.springframework.web.reactive.result.method.RequestMappingInfoHandlerMappingTests$TestRequestMappingInfoHandlerMapping - Mapped "{[/foo],methods=[GET]}" onto public void org.springframework.web.reactive.result.method.RequestMappingInfoHandlerMappingTests$TestController.foo()
10:00:59.934 [Test worker] INFO  org.springframework.web.reactive.result.method.RequestMappingInfoHandlerMappingTests$TestRequestMappingInfoHandlerMapping - Mapped "{[/ba*],methods=[GET || HEAD]}" onto public void org.springframework.web.reactive.result.method.RequestMappingInfoHandlerMappingTests$TestController.bar()
10:00:59.934 [Test worker] INFO  org.springframework.web.reactive.result.method.RequestMappingInfoHandlerMappingTests$TestRequestMappingInfoHandlerMapping - Mapped "{[/params],params=[bar=baz]}" onto public java.lang.String org.springframework.web.reactive.result.method.RequestMappingInfoHandlerMappingTests$TestController.param2()
10:00:59.934 [Test worker] INFO  org.springframework.web.reactive.result.method.RequestMappingInfoHandlerMappingTests$TestRequestMappingInfoHandlerMapping - Mapped "{[/content],produces=[application/xml]}" onto public java.lang.String org.springframework.web.reactive.result.method.RequestMappingInfoHandlerMappingTests$TestController.xmlContent()
10:00:59.934 [Test worker] INFO  org.springframework.web.reactive.result.method.RequestMappingInfoHandlerMappingTests$TestRequestMappingInfoHandlerMapping - Mapped "{[/foo],methods=[GET],params=[p]}" onto public void org.springframework.web.reactive.result.method.RequestMappingInfoHandlerMappingTests$TestController.fooParam()
10:00:59.934 [Test worker] INFO  org.springframework.web.reactive.result.method.RequestMappingInfoHandlerMappingTests$TestRequestMappingInfoHandlerMapping - Mapped "{[/content],produces=[!application/xml]}" onto public java.lang.String org.springframework.web.reactive.result.method.RequestMappingInfoHandlerMappingTests$TestController.nonXmlContent()
10:00:59.934 [Test worker] INFO  org.springframework.web.reactive.result.method.RequestMappingInfoHandlerMappingTests$TestRequestMappingInfoHandlerMapping - Mapped "{[/something],methods=[OPTIONS]}" onto public org.springframework.http.HttpHeaders org.springframework.web.reactive.result.method.RequestMappingInfoHandlerMappingTests$TestController.fooOptions()
10:00:59.936 [Test worker] INFO  org.springframework.web.reactive.result.method.RequestMappingInfoHandlerMappingTests$TestRequestMappingInfoHandlerMapping - Mapped "{[]}" onto public void org.springframework.web.reactive.result.method.RequestMappingInfoHandlerMappingTests$TestController.empty()
10:00:59.936 [Test worker] INFO  org.springframework.web.reactive.result.method.RequestMappingInfoHandlerMappingTests$TestRequestMappingInfoHandlerMapping - Mapped "{[/person/{id}],methods=[PUT],consumes=[application/xml]}" onto public void org.springframework.web.reactive.result.method.RequestMappingInfoHandlerMappingTests$TestController.consumes(java.lang.String)
10:00:59.936 [Test worker] INFO  org.springframework.web.reactive.result.method.RequestMappingInfoHandlerMappingTests$TestRequestMappingInfoHandlerMapping - Mapped "{[/persons],produces=[application/xml]}" onto public java.lang.String org.springframework.web.reactive.result.method.RequestMappingInfoHandlerMappingTests$TestController.produces()
10:00:59.936 [Test worker] INFO  org.springframework.web.reactive.result.method.RequestMappingInfoHandlerMappingTests$TestRequestMappingInfoHandlerMapping - Mapped "{[/params],params=[foo=bar]}" onto public java.lang.String org.springframework.web.reactive.result.method.RequestMappingInfoHandlerMappingTests$TestController.param()
10:00:59.936 [Test worker] INFO  org.springframework.web.reactive.result.method.RequestMappingInfoHandlerMappingTests$TestRequestMappingInfoHandlerMapping - Mapped "{[/foo],methods=[GET]}" onto public void org.springframework.web.reactive.result.method.RequestMappingInfoHandlerMappingTests$TestController.foo()
10:00:59.936 [Test worker] INFO  org.springframework.web.reactive.result.method.RequestMappingInfoHandlerMappingTests$TestRequestMappingInfoHandlerMapping - Mapped "{[/ba*],methods=[GET || HEAD]}" onto public void org.springframework.web.reactive.result.method.RequestMappingInfoHandlerMappingTests$TestController.bar()
10:00:59.936 [Test worker] INFO  org.springframework.web.reactive.result.method.RequestMappingInfoHandlerMappingTests$TestRequestMappingInfoHandlerMapping - Mapped "{[/params],params=[bar=baz]}" onto public java.lang.String org.springframework.web.reactive.result.method.RequestMappingInfoHandlerMappingTests$TestController.param2()
10:00:59.936 [Test worker] INFO  org.springframework.web.reactive.result.method.RequestMappingInfoHandlerMappingTests$TestRequestMappingInfoHandlerMapping - Mapped "{[/content],produces=[application/xml]}" onto public java.lang.String org.springframework.web.reactive.result.method.RequestMappingInfoHandlerMappingTests$TestController.xmlContent()
10:00:59.936 [Test worker] INFO  org.springframework.web.reactive.result.method.RequestMappingInfoHandlerMappingTests$TestRequestMappingInfoHandlerMapping - Mapped "{[/foo],methods=[GET],params=[p]}" onto public void org.springframework.web.reactive.result.method.RequestMappingInfoHandlerMappingTests$TestController.fooParam()
10:00:59.936 [Test worker] INFO  org.springframework.web.reactive.result.method.RequestMappingInfoHandlerMappingTests$TestRequestMappingInfoHandlerMapping - Mapped "{[/content],produces=[!application/xml]}" onto public java.lang.String org.springframework.web.reactive.result.method.RequestMappingInfoHandlerMappingTests$TestController.nonXmlContent()
10:00:59.936 [Test worker] INFO  org.springframework.web.reactive.result.method.RequestMappingInfoHandlerMappingTests$TestRequestMappingInfoHandlerMapping - Mapped "{[/something],methods=[OPTIONS]}" onto public org.springframework.http.HttpHeaders org.springframework.web.reactive.result.method.RequestMappingInfoHandlerMappingTests$TestController.fooOptions()
10:00:59.938 [Test worker] INFO  org.springframework.web.reactive.result.method.RequestMappingInfoHandlerMappingTests$TestRequestMappingInfoHandlerMapping - Mapped "{[]}" onto public void org.springframework.web.reactive.result.method.RequestMappingInfoHandlerMappingTests$TestController.empty()
10:00:59.939 [Test worker] INFO  org.springframework.web.reactive.result.method.RequestMappingInfoHandlerMappingTests$TestRequestMappingInfoHandlerMapping - Mapped "{[/person/{id}],methods=[PUT],consumes=[application/xml]}" onto public void org.springframework.web.reactive.result.method.RequestMappingInfoHandlerMappingTests$TestController.consumes(java.lang.String)
10:00:59.939 [Test worker] INFO  org.springframework.web.reactive.result.method.RequestMappingInfoHandlerMappingTests$TestRequestMappingInfoHandlerMapping - Mapped "{[/persons],produces=[application/xml]}" onto public java.lang.String org.springframework.web.reactive.result.method.RequestMappingInfoHandlerMappingTests$TestController.produces()
10:00:59.939 [Test worker] INFO  org.springframework.web.reactive.result.method.RequestMappingInfoHandlerMappingTests$TestRequestMappingInfoHandlerMapping - Mapped "{[/params],params=[foo=bar]}" onto public java.lang.String org.springframework.web.reactive.result.method.RequestMappingInfoHandlerMappingTests$TestController.param()
10:00:59.939 [Test worker] INFO  org.springframework.web.reactive.result.method.RequestMappingInfoHandlerMappingTests$TestRequestMappingInfoHandlerMapping - Mapped "{[/foo],methods=[GET]}" onto public void org.springframework.web.reactive.result.method.RequestMappingInfoHandlerMappingTests$TestController.foo()
10:00:59.939 [Test worker] INFO  org.springframework.web.reactive.result.method.RequestMappingInfoHandlerMappingTests$TestRequestMappingInfoHandlerMapping - Mapped "{[/ba*],methods=[GET || HEAD]}" onto public void org.springframework.web.reactive.result.method.RequestMappingInfoHandlerMappingTests$TestController.bar()
10:00:59.939 [Test worker] INFO  org.springframework.web.reactive.result.method.RequestMappingInfoHandlerMappingTests$TestRequestMappingInfoHandlerMapping - Mapped "{[/params],params=[bar=baz]}" onto public java.lang.String org.springframework.web.reactive.result.method.RequestMappingInfoHandlerMappingTests$TestController.param2()
10:00:59.939 [Test worker] INFO  org.springframework.web.reactive.result.method.RequestMappingInfoHandlerMappingTests$TestRequestMappingInfoHandlerMapping - Mapped "{[/content],produces=[application/xml]}" onto public java.lang.String org.springframework.web.reactive.result.method.RequestMappingInfoHandlerMappingTests$TestController.xmlContent()
10:00:59.939 [Test worker] INFO  org.springframework.web.reactive.result.method.RequestMappingInfoHandlerMappingTests$TestRequestMappingInfoHandlerMapping - Mapped "{[/foo],methods=[GET],params=[p]}" onto public void org.springframework.web.reactive.result.method.RequestMappingInfoHandlerMappingTests$TestController.fooParam()
10:00:59.939 [Test worker] INFO  org.springframework.web.reactive.result.method.RequestMappingInfoHandlerMappingTests$TestRequestMappingInfoHandlerMapping - Mapped "{[/content],produces=[!application/xml]}" onto public java.lang.String org.springframework.web.reactive.result.method.RequestMappingInfoHandlerMappingTests$TestController.nonXmlContent()
10:00:59.939 [Test worker] INFO  org.springframework.web.reactive.result.method.RequestMappingInfoHandlerMappingTests$TestRequestMappingInfoHandlerMapping - Mapped "{[/something],methods=[OPTIONS]}" onto public org.springframework.http.HttpHeaders org.springframework.web.reactive.result.method.RequestMappingInfoHandlerMappingTests$TestController.fooOptions()
10:00:59.941 [Test worker] INFO  org.springframework.web.reactive.result.method.RequestMappingInfoHandlerMappingTests$TestRequestMappingInfoHandlerMapping - Mapped "{[]}" onto public void org.springframework.web.reactive.result.method.RequestMappingInfoHandlerMappingTests$TestController.empty()
10:00:59.941 [Test worker] INFO  org.springframework.web.reactive.result.method.RequestMappingInfoHandlerMappingTests$TestRequestMappingInfoHandlerMapping - Mapped "{[/person/{id}],methods=[PUT],consumes=[application/xml]}" onto public void org.springframework.web.reactive.result.method.RequestMappingInfoHandlerMappingTests$TestController.consumes(java.lang.String)
10:00:59.941 [Test worker] INFO  org.springframework.web.reactive.result.method.RequestMappingInfoHandlerMappingTests$TestRequestMappingInfoHandlerMapping - Mapped "{[/persons],produces=[application/xml]}" onto public java.lang.String org.springframework.web.reactive.result.method.RequestMappingInfoHandlerMappingTests$TestController.produces()
10:00:59.941 [Test worker] INFO  org.springframework.web.reactive.result.method.RequestMappingInfoHandlerMappingTests$TestRequestMappingInfoHandlerMapping - Mapped "{[/params],params=[foo=bar]}" onto public java.lang.String org.springframework.web.reactive.result.method.RequestMappingInfoHandlerMappingTests$TestController.param()
10:00:59.941 [Test worker] INFO  org.springframework.web.reactive.result.method.RequestMappingInfoHandlerMappingTests$TestRequestMappingInfoHandlerMapping - Mapped "{[/foo],methods=[GET]}" onto public void org.springframework.web.reactive.result.method.RequestMappingInfoHandlerMappingTests$TestController.foo()
10:00:59.941 [Test worker] INFO  org.springframework.web.reactive.result.method.RequestMappingInfoHandlerMappingTests$TestRequestMappingInfoHandlerMapping - Mapped "{[/ba*],methods=[GET || HEAD]}" onto public void org.springframework.web.reactive.result.method.RequestMappingInfoHandlerMappingTests$TestController.bar()
10:00:59.941 [Test worker] INFO  org.springframework.web.reactive.result.method.RequestMappingInfoHandlerMappingTests$TestRequestMappingInfoHandlerMapping - Mapped "{[/params],params=[bar=baz]}" onto public java.lang.String org.springframework.web.reactive.result.method.RequestMappingInfoHandlerMappingTests$TestController.param2()
10:00:59.941 [Test worker] INFO  org.springframework.web.reactive.result.method.RequestMappingInfoHandlerMappingTests$TestRequestMappingInfoHandlerMapping - Mapped "{[/content],produces=[application/xml]}" onto public java.lang.String org.springframework.web.reactive.result.method.RequestMappingInfoHandlerMappingTests$TestController.xmlContent()
10:00:59.941 [Test worker] INFO  org.springframework.web.reactive.result.method.RequestMappingInfoHandlerMappingTests$TestRequestMappingInfoHandlerMapping - Mapped "{[/foo],methods=[GET],params=[p]}" onto public void org.springframework.web.reactive.result.method.RequestMappingInfoHandlerMappingTests$TestController.fooParam()
10:00:59.941 [Test worker] INFO  org.springframework.web.reactive.result.method.RequestMappingInfoHandlerMappingTests$TestRequestMappingInfoHandlerMapping - Mapped "{[/content],produces=[!application/xml]}" onto public java.lang.String org.springframework.web.reactive.result.method.RequestMappingInfoHandlerMappingTests$TestController.nonXmlContent()
10:00:59.941 [Test worker] INFO  org.springframework.web.reactive.result.method.RequestMappingInfoHandlerMappingTests$TestRequestMappingInfoHandlerMapping - Mapped "{[/something],methods=[OPTIONS]}" onto public org.springframework.http.HttpHeaders org.springframework.web.reactive.result.method.RequestMappingInfoHandlerMappingTests$TestController.fooOptions()
10:00:59.943 [Test worker] INFO  org.springframework.web.reactive.result.method.RequestMappingInfoHandlerMappingTests$TestRequestMappingInfoHandlerMapping - Mapped "{[]}" onto public void org.springframework.web.reactive.result.method.RequestMappingInfoHandlerMappingTests$TestController.empty()
10:00:59.943 [Test worker] INFO  org.springframework.web.reactive.result.method.RequestMappingInfoHandlerMappingTests$TestRequestMappingInfoHandlerMapping - Mapped "{[/person/{id}],methods=[PUT],consumes=[application/xml]}" onto public void org.springframework.web.reactive.result.method.RequestMappingInfoHandlerMappingTests$TestController.consumes(java.lang.String)
10:00:59.943 [Test worker] INFO  org.springframework.web.reactive.result.method.RequestMappingInfoHandlerMappingTests$TestRequestMappingInfoHandlerMapping - Mapped "{[/persons],produces=[application/xml]}" onto public java.lang.String org.springframework.web.reactive.result.method.RequestMappingInfoHandlerMappingTests$TestController.produces()
10:00:59.943 [Test worker] INFO  org.springframework.web.reactive.result.method.RequestMappingInfoHandlerMappingTests$TestRequestMappingInfoHandlerMapping - Mapped "{[/params],params=[foo=bar]}" onto public java.lang.String org.springframework.web.reactive.result.method.RequestMappingInfoHandlerMappingTests$TestController.param()
10:00:59.943 [Test worker] INFO  org.springframework.web.reactive.result.method.RequestMappingInfoHandlerMappingTests$TestRequestMappingInfoHandlerMapping - Mapped "{[/foo],methods=[GET]}" onto public void org.springframework.web.reactive.result.method.RequestMappingInfoHandlerMappingTests$TestController.foo()
10:00:59.943 [Test worker] INFO  org.springframework.web.reactive.result.method.RequestMappingInfoHandlerMappingTests$TestRequestMappingInfoHandlerMapping - Mapped "{[/ba*],methods=[GET || HEAD]}" onto public void org.springframework.web.reactive.result.method.RequestMappingInfoHandlerMappingTests$TestController.bar()
10:00:59.943 [Test worker] INFO  org.springframework.web.reactive.result.method.RequestMappingInfoHandlerMappingTests$TestRequestMappingInfoHandlerMapping - Mapped "{[/params],params=[bar=baz]}" onto public java.lang.String org.springframework.web.reactive.result.method.RequestMappingInfoHandlerMappingTests$TestController.param2()
10:00:59.943 [Test worker] INFO  org.springframework.web.reactive.result.method.RequestMappingInfoHandlerMappingTests$TestRequestMappingInfoHandlerMapping - Mapped "{[/content],produces=[application/xml]}" onto public java.lang.String org.springframework.web.reactive.result.method.RequestMappingInfoHandlerMappingTests$TestController.xmlContent()
10:00:59.943 [Test worker] INFO  org.springframework.web.reactive.result.method.RequestMappingInfoHandlerMappingTests$TestRequestMappingInfoHandlerMapping - Mapped "{[/foo],methods=[GET],params=[p]}" onto public void org.springframework.web.reactive.result.method.RequestMappingInfoHandlerMappingTests$TestController.fooParam()
10:00:59.944 [Test worker] INFO  org.springframework.web.reactive.result.method.RequestMappingInfoHandlerMappingTests$TestRequestMappingInfoHandlerMapping - Mapped "{[/content],produces=[!application/xml]}" onto public java.lang.String org.springframework.web.reactive.result.method.RequestMappingInfoHandlerMappingTests$TestController.nonXmlContent()
10:00:59.944 [Test worker] INFO  org.springframework.web.reactive.result.method.RequestMappingInfoHandlerMappingTests$TestRequestMappingInfoHandlerMapping - Mapped "{[/something],methods=[OPTIONS]}" onto public org.springframework.http.HttpHeaders org.springframework.web.reactive.result.method.RequestMappingInfoHandlerMappingTests$TestController.fooOptions()
10:00:59.944 [Test worker] INFO  org.springframework.web.reactive.result.method.RequestMappingInfoHandlerMappingTests$TestRequestMappingInfoHandlerMapping - Mapped "{[]}" onto public void org.springframework.web.reactive.result.method.RequestMappingInfoHandlerMappingTests$TestController.empty()
10:00:59.944 [Test worker] INFO  org.springframework.web.reactive.result.method.RequestMappingInfoHandlerMappingTests$TestRequestMappingInfoHandlerMapping - Mapped "{[/person/{id}],methods=[PUT],consumes=[application/xml]}" onto public void org.springframework.web.reactive.result.method.RequestMappingInfoHandlerMappingTests$TestController.consumes(java.lang.String)
10:00:59.944 [Test worker] INFO  org.springframework.web.reactive.result.method.RequestMappingInfoHandlerMappingTests$TestRequestMappingInfoHandlerMapping - Mapped "{[/persons],produces=[application/xml]}" onto public java.lang.String org.springframework.web.reactive.result.method.RequestMappingInfoHandlerMappingTests$TestController.produces()
10:00:59.944 [Test worker] INFO  org.springframework.web.reactive.result.method.RequestMappingInfoHandlerMappingTests$TestRequestMappingInfoHandlerMapping - Mapped "{[/params],params=[foo=bar]}" onto public java.lang.String org.springframework.web.reactive.result.method.RequestMappingInfoHandlerMappingTests$TestController.param()
10:00:59.944 [Test worker] INFO  org.springframework.web.reactive.result.method.RequestMappingInfoHandlerMappingTests$TestRequestMappingInfoHandlerMapping - Mapped "{[/foo],methods=[GET]}" onto public void org.springframework.web.reactive.result.method.RequestMappingInfoHandlerMappingTests$TestController.foo()
10:00:59.944 [Test worker] INFO  org.springframework.web.reactive.result.method.RequestMappingInfoHandlerMappingTests$TestRequestMappingInfoHandlerMapping - Mapped "{[/ba*],methods=[GET || HEAD]}" onto public void org.springframework.web.reactive.result.method.RequestMappingInfoHandlerMappingTests$TestController.bar()
10:00:59.944 [Test worker] INFO  org.springframework.web.reactive.result.method.RequestMappingInfoHandlerMappingTests$TestRequestMappingInfoHandlerMapping - Mapped "{[/params],params=[bar=baz]}" onto public java.lang.String org.springframework.web.reactive.result.method.RequestMappingInfoHandlerMappingTests$TestController.param2()
10:00:59.944 [Test worker] INFO  org.springframework.web.reactive.result.method.RequestMappingInfoHandlerMappingTests$TestRequestMappingInfoHandlerMapping - Mapped "{[/content],produces=[application/xml]}" onto public java.lang.String org.springframework.web.reactive.result.method.RequestMappingInfoHandlerMappingTests$TestController.xmlContent()
10:00:59.944 [Test worker] INFO  org.springframework.web.reactive.result.method.RequestMappingInfoHandlerMappingTests$TestRequestMappingInfoHandlerMapping - Mapped "{[/foo],methods=[GET],params=[p]}" onto public void org.springframework.web.reactive.result.method.RequestMappingInfoHandlerMappingTests$TestController.fooParam()
10:00:59.944 [Test worker] INFO  org.springframework.web.reactive.result.method.RequestMappingInfoHandlerMappingTests$TestRequestMappingInfoHandlerMapping - Mapped "{[/content],produces=[!application/xml]}" onto public java.lang.String org.springframework.web.reactive.result.method.RequestMappingInfoHandlerMappingTests$TestController.nonXmlContent()
10:00:59.945 [Test worker] INFO  org.springframework.web.reactive.result.method.RequestMappingInfoHandlerMappingTests$TestRequestMappingInfoHandlerMapping - Mapped "{[/something],methods=[OPTIONS]}" onto public org.springframework.http.HttpHeaders org.springframework.web.reactive.result.method.RequestMappingInfoHandlerMappingTests$TestController.fooOptions()
10:00:59.947 [Test worker] INFO  org.springframework.web.reactive.result.method.RequestMappingInfoHandlerMappingTests$TestRequestMappingInfoHandlerMapping - Mapped "{[]}" onto public void org.springframework.web.reactive.result.method.RequestMappingInfoHandlerMappingTests$TestController.empty()
10:00:59.947 [Test worker] INFO  org.springframework.web.reactive.result.method.RequestMappingInfoHandlerMappingTests$TestRequestMappingInfoHandlerMapping - Mapped "{[/person/{id}],methods=[PUT],consumes=[application/xml]}" onto public void org.springframework.web.reactive.result.method.RequestMappingInfoHandlerMappingTests$TestController.consumes(java.lang.String)
10:00:59.947 [Test worker] INFO  org.springframework.web.reactive.result.method.RequestMappingInfoHandlerMappingTests$TestRequestMappingInfoHandlerMapping - Mapped "{[/persons],produces=[application/xml]}" onto public java.lang.String org.springframework.web.reactive.result.method.RequestMappingInfoHandlerMappingTests$TestController.produces()
10:00:59.947 [Test worker] INFO  org.springframework.web.reactive.result.method.RequestMappingInfoHandlerMappingTests$TestRequestMappingInfoHandlerMapping - Mapped "{[/params],params=[foo=bar]}" onto public java.lang.String org.springframework.web.reactive.result.method.RequestMappingInfoHandlerMappingTests$TestController.param()
10:00:59.947 [Test worker] INFO  org.springframework.web.reactive.result.method.RequestMappingInfoHandlerMappingTests$TestRequestMappingInfoHandlerMapping - Mapped "{[/foo],methods=[GET]}" onto public void org.springframework.web.reactive.result.method.RequestMappingInfoHandlerMappingTests$TestController.foo()
10:00:59.947 [Test worker] INFO  org.springframework.web.reactive.result.method.RequestMappingInfoHandlerMappingTests$TestRequestMappingInfoHandlerMapping - Mapped "{[/ba*],methods=[GET || HEAD]}" onto public void org.springframework.web.reactive.result.method.RequestMappingInfoHandlerMappingTests$TestController.bar()
10:00:59.947 [Test worker] INFO  org.springframework.web.reactive.result.method.RequestMappingInfoHandlerMappingTests$TestRequestMappingInfoHandlerMapping - Mapped "{[/params],params=[bar=baz]}" onto public java.lang.String org.springframework.web.reactive.result.method.RequestMappingInfoHandlerMappingTests$TestController.param2()
10:00:59.947 [Test worker] INFO  org.springframework.web.reactive.result.method.RequestMappingInfoHandlerMappingTests$TestRequestMappingInfoHandlerMapping - Mapped "{[/content],produces=[application/xml]}" onto public java.lang.String org.springframework.web.reactive.result.method.RequestMappingInfoHandlerMappingTests$TestController.xmlContent()
10:00:59.947 [Test worker] INFO  org.springframework.web.reactive.result.method.RequestMappingInfoHandlerMappingTests$TestRequestMappingInfoHandlerMapping - Mapped "{[/foo],methods=[GET],params=[p]}" onto public void org.springframework.web.reactive.result.method.RequestMappingInfoHandlerMappingTests$TestController.fooParam()
10:00:59.947 [Test worker] INFO  org.springframework.web.reactive.result.method.RequestMappingInfoHandlerMappingTests$TestRequestMappingInfoHandlerMapping - Mapped "{[/content],produces=[!application/xml]}" onto public java.lang.String org.springframework.web.reactive.result.method.RequestMappingInfoHandlerMappingTests$TestController.nonXmlContent()
10:00:59.947 [Test worker] INFO  org.springframework.web.reactive.result.method.RequestMappingInfoHandlerMappingTests$TestRequestMappingInfoHandlerMapping - Mapped "{[/something],methods=[OPTIONS]}" onto public org.springframework.http.HttpHeaders org.springframework.web.reactive.result.method.RequestMappingInfoHandlerMappingTests$TestController.fooOptions()
10:00:59.949 [Test worker] INFO  org.springframework.web.reactive.result.method.RequestMappingInfoHandlerMappingTests$TestRequestMappingInfoHandlerMapping - Mapped "{[]}" onto public void org.springframework.web.reactive.result.method.RequestMappingInfoHandlerMappingTests$TestController.empty()
10:00:59.949 [Test worker] INFO  org.springframework.web.reactive.result.method.RequestMappingInfoHandlerMappingTests$TestRequestMappingInfoHandlerMapping - Mapped "{[/person/{id}],methods=[PUT],consumes=[application/xml]}" onto public void org.springframework.web.reactive.result.method.RequestMappingInfoHandlerMappingTests$TestController.consumes(java.lang.String)
10:00:59.949 [Test worker] INFO  org.springframework.web.reactive.result.method.RequestMappingInfoHandlerMappingTests$TestRequestMappingInfoHandlerMapping - Mapped "{[/persons],produces=[application/xml]}" onto public java.lang.String org.springframework.web.reactive.result.method.RequestMappingInfoHandlerMappingTests$TestController.produces()
10:00:59.949 [Test worker] INFO  org.springframework.web.reactive.result.method.RequestMappingInfoHandlerMappingTests$TestRequestMappingInfoHandlerMapping - Mapped "{[/params],params=[foo=bar]}" onto public java.lang.String org.springframework.web.reactive.result.method.RequestMappingInfoHandlerMappingTests$TestController.param()
10:00:59.949 [Test worker] INFO  org.springframework.web.reactive.result.method.RequestMappingInfoHandlerMappingTests$TestRequestMappingInfoHandlerMapping - Mapped "{[/foo],methods=[GET]}" onto public void org.springframework.web.reactive.result.method.RequestMappingInfoHandlerMappingTests$TestController.foo()
10:00:59.949 [Test worker] INFO  org.springframework.web.reactive.result.method.RequestMappingInfoHandlerMappingTests$TestRequestMappingInfoHandlerMapping - Mapped "{[/ba*],methods=[GET || HEAD]}" onto public void org.springframework.web.reactive.result.method.RequestMappingInfoHandlerMappingTests$TestController.bar()
10:00:59.949 [Test worker] INFO  org.springframework.web.reactive.result.method.RequestMappingInfoHandlerMappingTests$TestRequestMappingInfoHandlerMapping - Mapped "{[/params],params=[bar=baz]}" onto public java.lang.String org.springframework.web.reactive.result.method.RequestMappingInfoHandlerMappingTests$TestController.param2()
10:00:59.949 [Test worker] INFO  org.springframework.web.reactive.result.method.RequestMappingInfoHandlerMappingTests$TestRequestMappingInfoHandlerMapping - Mapped "{[/content],produces=[application/xml]}" onto public java.lang.String org.springframework.web.reactive.result.method.RequestMappingInfoHandlerMappingTests$TestController.xmlContent()
10:00:59.949 [Test worker] INFO  org.springframework.web.reactive.result.method.RequestMappingInfoHandlerMappingTests$TestRequestMappingInfoHandlerMapping - Mapped "{[/foo],methods=[GET],params=[p]}" onto public void org.springframework.web.reactive.result.method.RequestMappingInfoHandlerMappingTests$TestController.fooParam()
10:00:59.949 [Test worker] INFO  org.springframework.web.reactive.result.method.RequestMappingInfoHandlerMappingTests$TestRequestMappingInfoHandlerMapping - Mapped "{[/content],produces=[!application/xml]}" onto public java.lang.String org.springframework.web.reactive.result.method.RequestMappingInfoHandlerMappingTests$TestController.nonXmlContent()
10:00:59.949 [Test worker] INFO  org.springframework.web.reactive.result.method.RequestMappingInfoHandlerMappingTests$TestRequestMappingInfoHandlerMapping - Mapped "{[/something],methods=[OPTIONS]}" onto public org.springframework.http.HttpHeaders org.springframework.web.reactive.result.method.RequestMappingInfoHandlerMappingTests$TestController.fooOptions()
10:00:59.950 [Test worker] INFO  org.springframework.web.reactive.result.method.RequestMappingInfoHandlerMappingTests$TestRequestMappingInfoHandlerMapping - Mapped "{[]}" onto public void org.springframework.web.reactive.result.method.RequestMappingInfoHandlerMappingTests$TestController.empty()
10:00:59.950 [Test worker] INFO  org.springframework.web.reactive.result.method.RequestMappingInfoHandlerMappingTests$TestRequestMappingInfoHandlerMapping - Mapped "{[/person/{id}],methods=[PUT],consumes=[application/xml]}" onto public void org.springframework.web.reactive.result.method.RequestMappingInfoHandlerMappingTests$TestController.consumes(java.lang.String)
10:00:59.950 [Test worker] INFO  org.springframework.web.reactive.result.method.RequestMappingInfoHandlerMappingTests$TestRequestMappingInfoHandlerMapping - Mapped "{[/persons],produces=[application/xml]}" onto public java.lang.String org.springframework.web.reactive.result.method.RequestMappingInfoHandlerMappingTests$TestController.produces()
10:00:59.950 [Test worker] INFO  org.springframework.web.reactive.result.method.RequestMappingInfoHandlerMappingTests$TestRequestMappingInfoHandlerMapping - Mapped "{[/params],params=[foo=bar]}" onto public java.lang.String org.springframework.web.reactive.result.method.RequestMappingInfoHandlerMappingTests$TestController.param()
10:00:59.950 [Test worker] INFO  org.springframework.web.reactive.result.method.RequestMappingInfoHandlerMappingTests$TestRequestMappingInfoHandlerMapping - Mapped "{[/foo],methods=[GET]}" onto public void org.springframework.web.reactive.result.method.RequestMappingInfoHandlerMappingTests$TestController.foo()
10:00:59.950 [Test worker] INFO  org.springframework.web.reactive.result.method.RequestMappingInfoHandlerMappingTests$TestRequestMappingInfoHandlerMapping - Mapped "{[/ba*],methods=[GET || HEAD]}" onto public void org.springframework.web.reactive.result.method.RequestMappingInfoHandlerMappingTests$TestController.bar()
10:00:59.950 [Test worker] INFO  org.springframework.web.reactive.result.method.RequestMappingInfoHandlerMappingTests$TestRequestMappingInfoHandlerMapping - Mapped "{[/params],params=[bar=baz]}" onto public java.lang.String org.springframework.web.reactive.result.method.RequestMappingInfoHandlerMappingTests$TestController.param2()
10:00:59.950 [Test worker] INFO  org.springframework.web.reactive.result.method.RequestMappingInfoHandlerMappingTests$TestRequestMappingInfoHandlerMapping - Mapped "{[/content],produces=[application/xml]}" onto public java.lang.String org.springframework.web.reactive.result.method.RequestMappingInfoHandlerMappingTests$TestController.xmlContent()
10:00:59.950 [Test worker] INFO  org.springframework.web.reactive.result.method.RequestMappingInfoHandlerMappingTests$TestRequestMappingInfoHandlerMapping - Mapped "{[/foo],methods=[GET],params=[p]}" onto public void org.springframework.web.reactive.result.method.RequestMappingInfoHandlerMappingTests$TestController.fooParam()
10:00:59.950 [Test worker] INFO  org.springframework.web.reactive.result.method.RequestMappingInfoHandlerMappingTests$TestRequestMappingInfoHandlerMapping - Mapped "{[/content],produces=[!application/xml]}" onto public java.lang.String org.springframework.web.reactive.result.method.RequestMappingInfoHandlerMappingTests$TestController.nonXmlContent()
10:00:59.951 [Test worker] INFO  org.springframework.web.reactive.result.method.RequestMappingInfoHandlerMappingTests$TestRequestMappingInfoHandlerMapping - Mapped "{[/something],methods=[OPTIONS]}" onto public org.springframework.http.HttpHeaders org.springframework.web.reactive.result.method.RequestMappingInfoHandlerMappingTests$TestController.fooOptions()
10:00:59.952 [Test worker] INFO  org.springframework.web.reactive.result.method.RequestMappingInfoHandlerMappingTests$TestRequestMappingInfoHandlerMapping - Mapped "{[]}" onto public void org.springframework.web.reactive.result.method.RequestMappingInfoHandlerMappingTests$TestController.empty()
10:00:59.952 [Test worker] INFO  org.springframework.web.reactive.result.method.RequestMappingInfoHandlerMappingTests$TestRequestMappingInfoHandlerMapping - Mapped "{[/person/{id}],methods=[PUT],consumes=[application/xml]}" onto public void org.springframework.web.reactive.result.method.RequestMappingInfoHandlerMappingTests$TestController.consumes(java.lang.String)
10:00:59.952 [Test worker] INFO  org.springframework.web.reactive.result.method.RequestMappingInfoHandlerMappingTests$TestRequestMappingInfoHandlerMapping - Mapped "{[/persons],produces=[application/xml]}" onto public java.lang.String org.springframework.web.reactive.result.method.RequestMappingInfoHandlerMappingTests$TestController.produces()
10:00:59.952 [Test worker] INFO  org.springframework.web.reactive.result.method.RequestMappingInfoHandlerMappingTests$TestRequestMappingInfoHandlerMapping - Mapped "{[/params],params=[foo=bar]}" onto public java.lang.String org.springframework.web.reactive.result.method.RequestMappingInfoHandlerMappingTests$TestController.param()
10:00:59.952 [Test worker] INFO  org.springframework.web.reactive.result.method.RequestMappingInfoHandlerMappingTests$TestRequestMappingInfoHandlerMapping - Mapped "{[/foo],methods=[GET]}" onto public void org.springframework.web.reactive.result.method.RequestMappingInfoHandlerMappingTests$TestController.foo()
10:00:59.952 [Test worker] INFO  org.springframework.web.reactive.result.method.RequestMappingInfoHandlerMappingTests$TestRequestMappingInfoHandlerMapping - Mapped "{[/ba*],methods=[GET || HEAD]}" onto public void org.springframework.web.reactive.result.method.RequestMappingInfoHandlerMappingTests$TestController.bar()
10:00:59.952 [Test worker] INFO  org.springframework.web.reactive.result.method.RequestMappingInfoHandlerMappingTests$TestRequestMappingInfoHandlerMapping - Mapped "{[/params],params=[bar=baz]}" onto public java.lang.String org.springframework.web.reactive.result.method.RequestMappingInfoHandlerMappingTests$TestController.param2()
10:00:59.952 [Test worker] INFO  org.springframework.web.reactive.result.method.RequestMappingInfoHandlerMappingTests$TestRequestMappingInfoHandlerMapping - Mapped "{[/content],produces=[application/xml]}" onto public java.lang.String org.springframework.web.reactive.result.method.RequestMappingInfoHandlerMappingTests$TestController.xmlContent()
10:00:59.952 [Test worker] INFO  org.springframework.web.reactive.result.method.RequestMappingInfoHandlerMappingTests$TestRequestMappingInfoHandlerMapping - Mapped "{[/foo],methods=[GET],params=[p]}" onto public void org.springframework.web.reactive.result.method.RequestMappingInfoHandlerMappingTests$TestController.fooParam()
10:00:59.952 [Test worker] INFO  org.springframework.web.reactive.result.method.RequestMappingInfoHandlerMappingTests$TestRequestMappingInfoHandlerMapping - Mapped "{[/content],produces=[!application/xml]}" onto public java.lang.String org.springframework.web.reactive.result.method.RequestMappingInfoHandlerMappingTests$TestController.nonXmlContent()
10:00:59.952 [Test worker] INFO  org.springframework.web.reactive.result.method.RequestMappingInfoHandlerMappingTests$TestRequestMappingInfoHandlerMapping - Mapped "{[/something],methods=[OPTIONS]}" onto public org.springframework.http.HttpHeaders org.springframework.web.reactive.result.method.RequestMappingInfoHandlerMappingTests$TestController.fooOptions()
10:00:59.953 [Test worker] INFO  org.springframework.web.reactive.result.method.RequestMappingInfoHandlerMappingTests$TestRequestMappingInfoHandlerMapping - Mapped "{[]}" onto public void org.springframework.web.reactive.result.method.RequestMappingInfoHandlerMappingTests$TestController.empty()
10:00:59.953 [Test worker] INFO  org.springframework.web.reactive.result.method.RequestMappingInfoHandlerMappingTests$TestRequestMappingInfoHandlerMapping - Mapped "{[/person/{id}],methods=[PUT],consumes=[application/xml]}" onto public void org.springframework.web.reactive.result.method.RequestMappingInfoHandlerMappingTests$TestController.consumes(java.lang.String)
10:00:59.953 [Test worker] INFO  org.springframework.web.reactive.result.method.RequestMappingInfoHandlerMappingTests$TestRequestMappingInfoHandlerMapping - Mapped "{[/persons],produces=[application/xml]}" onto public java.lang.String org.springframework.web.reactive.result.method.RequestMappingInfoHandlerMappingTests$TestController.produces()
10:00:59.953 [Test worker] INFO  org.springframework.web.reactive.result.method.RequestMappingInfoHandlerMappingTests$TestRequestMappingInfoHandlerMapping - Mapped "{[/params],params=[foo=bar]}" onto public java.lang.String org.springframework.web.reactive.result.method.RequestMappingInfoHandlerMappingTests$TestController.param()
10:00:59.954 [Test worker] INFO  org.springframework.web.reactive.result.method.RequestMappingInfoHandlerMappingTests$TestRequestMappingInfoHandlerMapping - Mapped "{[/foo],methods=[GET]}" onto public void org.springframework.web.reactive.result.method.RequestMappingInfoHandlerMappingTests$TestController.foo()
10:00:59.954 [Test worker] INFO  org.springframework.web.reactive.result.method.RequestMappingInfoHandlerMappingTests$TestRequestMappingInfoHandlerMapping - Mapped "{[/ba*],methods=[GET || HEAD]}" onto public void org.springframework.web.reactive.result.method.RequestMappingInfoHandlerMappingTests$TestController.bar()
10:00:59.954 [Test worker] INFO  org.springframework.web.reactive.result.method.RequestMappingInfoHandlerMappingTests$TestRequestMappingInfoHandlerMapping - Mapped "{[/params],params=[bar=baz]}" onto public java.lang.String org.springframework.web.reactive.result.method.RequestMappingInfoHandlerMappingTests$TestController.param2()
10:00:59.954 [Test worker] INFO  org.springframework.web.reactive.result.method.RequestMappingInfoHandlerMappingTests$TestRequestMappingInfoHandlerMapping - Mapped "{[/content],produces=[application/xml]}" onto public java.lang.String org.springframework.web.reactive.result.method.RequestMappingInfoHandlerMappingTests$TestController.xmlContent()
10:00:59.954 [Test worker] INFO  org.springframework.web.reactive.result.method.RequestMappingInfoHandlerMappingTests$TestRequestMappingInfoHandlerMapping - Mapped "{[/foo],methods=[GET],params=[p]}" onto public void org.springframework.web.reactive.result.method.RequestMappingInfoHandlerMappingTests$TestController.fooParam()
10:00:59.954 [Test worker] INFO  org.springframework.web.reactive.result.method.RequestMappingInfoHandlerMappingTests$TestRequestMappingInfoHandlerMapping - Mapped "{[/content],produces=[!application/xml]}" onto public java.lang.String org.springframework.web.reactive.result.method.RequestMappingInfoHandlerMappingTests$TestController.nonXmlContent()
10:00:59.954 [Test worker] INFO  org.springframework.web.reactive.result.method.RequestMappingInfoHandlerMappingTests$TestRequestMappingInfoHandlerMapping - Mapped "{[/something],methods=[OPTIONS]}" onto public org.springframework.http.HttpHeaders org.springframework.web.reactive.result.method.RequestMappingInfoHandlerMappingTests$TestController.fooOptions()
10:00:59.954 [Test worker] INFO  org.springframework.web.reactive.result.method.RequestMappingInfoHandlerMappingTests$TestRequestMappingInfoHandlerMapping - Mapped "{[]}" onto public void org.springframework.web.reactive.result.method.RequestMappingInfoHandlerMappingTests$TestController.empty()
10:00:59.954 [Test worker] INFO  org.springframework.web.reactive.result.method.RequestMappingInfoHandlerMappingTests$TestRequestMappingInfoHandlerMapping - Mapped "{[/person/{id}],methods=[PUT],consumes=[application/xml]}" onto public void org.springframework.web.reactive.result.method.RequestMappingInfoHandlerMappingTests$TestController.consumes(java.lang.String)
10:00:59.954 [Test worker] INFO  org.springframework.web.reactive.result.method.RequestMappingInfoHandlerMappingTests$TestRequestMappingInfoHandlerMapping - Mapped "{[/persons],produces=[application/xml]}" onto public java.lang.String org.springframework.web.reactive.result.method.RequestMappingInfoHandlerMappingTests$TestController.produces()
10:00:59.954 [Test worker] INFO  org.springframework.web.reactive.result.method.RequestMappingInfoHandlerMappingTests$TestRequestMappingInfoHandlerMapping - Mapped "{[/params],params=[foo=bar]}" onto public java.lang.String org.springframework.web.reactive.result.method.RequestMappingInfoHandlerMappingTests$TestController.param()
10:00:59.954 [Test worker] INFO  org.springframework.web.reactive.result.method.RequestMappingInfoHandlerMappingTests$TestRequestMappingInfoHandlerMapping - Mapped "{[/foo],methods=[GET]}" onto public void org.springframework.web.reactive.result.method.RequestMappingInfoHandlerMappingTests$TestController.foo()
10:00:59.954 [Test worker] INFO  org.springframework.web.reactive.result.method.RequestMappingInfoHandlerMappingTests$TestRequestMappingInfoHandlerMapping - Mapped "{[/ba*],methods=[GET || HEAD]}" onto public void org.springframework.web.reactive.result.method.RequestMappingInfoHandlerMappingTests$TestController.bar()
10:00:59.954 [Test worker] INFO  org.springframework.web.reactive.result.method.RequestMappingInfoHandlerMappingTests$TestRequestMappingInfoHandlerMapping - Mapped "{[/params],params=[bar=baz]}" onto public java.lang.String org.springframework.web.reactive.result.method.RequestMappingInfoHandlerMappingTests$TestController.param2()
10:00:59.954 [Test worker] INFO  org.springframework.web.reactive.result.method.RequestMappingInfoHandlerMappingTests$TestRequestMappingInfoHandlerMapping - Mapped "{[/content],produces=[application/xml]}" onto public java.lang.String org.springframework.web.reactive.result.method.RequestMappingInfoHandlerMappingTests$TestController.xmlContent()
10:00:59.955 [Test worker] INFO  org.springframework.web.reactive.result.method.RequestMappingInfoHandlerMappingTests$TestRequestMappingInfoHandlerMapping - Mapped "{[/foo],methods=[GET],params=[p]}" onto public void org.springframework.web.reactive.result.method.RequestMappingInfoHandlerMappingTests$TestController.fooParam()
10:00:59.955 [Test worker] INFO  org.springframework.web.reactive.result.method.RequestMappingInfoHandlerMappingTests$TestRequestMappingInfoHandlerMapping - Mapped "{[/content],produces=[!application/xml]}" onto public java.lang.String org.springframework.web.reactive.result.method.RequestMappingInfoHandlerMappingTests$TestController.nonXmlContent()
10:00:59.955 [Test worker] INFO  org.springframework.web.reactive.result.method.RequestMappingInfoHandlerMappingTests$TestRequestMappingInfoHandlerMapping - Mapped "{[/something],methods=[OPTIONS]}" onto public org.springframework.http.HttpHeaders org.springframework.web.reactive.result.method.RequestMappingInfoHandlerMappingTests$TestController.fooOptions()
10:00:59.957 [Test worker] INFO  org.springframework.web.reactive.result.method.RequestMappingInfoHandlerMappingTests$TestRequestMappingInfoHandlerMapping - Mapped "{[]}" onto public void org.springframework.web.reactive.result.method.RequestMappingInfoHandlerMappingTests$TestController.empty()
10:00:59.957 [Test worker] INFO  org.springframework.web.reactive.result.method.RequestMappingInfoHandlerMappingTests$TestRequestMappingInfoHandlerMapping - Mapped "{[/person/{id}],methods=[PUT],consumes=[application/xml]}" onto public void org.springframework.web.reactive.result.method.RequestMappingInfoHandlerMappingTests$TestController.consumes(java.lang.String)
10:00:59.957 [Test worker] INFO  org.springframework.web.reactive.result.method.RequestMappingInfoHandlerMappingTests$TestRequestMappingInfoHandlerMapping - Mapped "{[/persons],produces=[application/xml]}" onto public java.lang.String org.springframework.web.reactive.result.method.RequestMappingInfoHandlerMappingTests$TestController.produces()
10:00:59.957 [Test worker] INFO  org.springframework.web.reactive.result.method.RequestMappingInfoHandlerMappingTests$TestRequestMappingInfoHandlerMapping - Mapped "{[/params],params=[foo=bar]}" onto public java.lang.String org.springframework.web.reactive.result.method.RequestMappingInfoHandlerMappingTests$TestController.param()
10:00:59.957 [Test worker] INFO  org.springframework.web.reactive.result.method.RequestMappingInfoHandlerMappingTests$TestRequestMappingInfoHandlerMapping - Mapped "{[/foo],methods=[GET]}" onto public void org.springframework.web.reactive.result.method.RequestMappingInfoHandlerMappingTests$TestController.foo()
10:00:59.957 [Test worker] INFO  org.springframework.web.reactive.result.method.RequestMappingInfoHandlerMappingTests$TestRequestMappingInfoHandlerMapping - Mapped "{[/ba*],methods=[GET || HEAD]}" onto public void org.springframework.web.reactive.result.method.RequestMappingInfoHandlerMappingTests$TestController.bar()
10:00:59.957 [Test worker] INFO  org.springframework.web.reactive.result.method.RequestMappingInfoHandlerMappingTests$TestRequestMappingInfoHandlerMapping - Mapped "{[/params],params=[bar=baz]}" onto public java.lang.String org.springframework.web.reactive.result.method.RequestMappingInfoHandlerMappingTests$TestController.param2()
10:00:59.957 [Test worker] INFO  org.springframework.web.reactive.result.method.RequestMappingInfoHandlerMappingTests$TestRequestMappingInfoHandlerMapping - Mapped "{[/content],produces=[application/xml]}" onto public java.lang.String org.springframework.web.reactive.result.method.RequestMappingInfoHandlerMappingTests$TestController.xmlContent()
10:00:59.957 [Test worker] INFO  org.springframework.web.reactive.result.method.RequestMappingInfoHandlerMappingTests$TestRequestMappingInfoHandlerMapping - Mapped "{[/foo],methods=[GET],params=[p]}" onto public void org.springframework.web.reactive.result.method.RequestMappingInfoHandlerMappingTests$TestController.fooParam()
10:00:59.957 [Test worker] INFO  org.springframework.web.reactive.result.method.RequestMappingInfoHandlerMappingTests$TestRequestMappingInfoHandlerMapping - Mapped "{[/content],produces=[!application/xml]}" onto public java.lang.String org.springframework.web.reactive.result.method.RequestMappingInfoHandlerMappingTests$TestController.nonXmlContent()
10:00:59.958 [Test worker] INFO  org.springframework.web.reactive.result.method.RequestMappingInfoHandlerMappingTests$TestRequestMappingInfoHandlerMapping - Mapped "{[/something],methods=[OPTIONS]}" onto public org.springframework.http.HttpHeaders org.springframework.web.reactive.result.method.RequestMappingInfoHandlerMappingTests$TestController.fooOptions()
10:00:59.959 [Test worker] INFO  org.springframework.web.reactive.result.method.RequestMappingInfoHandlerMappingTests$TestRequestMappingInfoHandlerMapping - Mapped "{[]}" onto public void org.springframework.web.reactive.result.method.RequestMappingInfoHandlerMappingTests$TestController.empty()
10:00:59.959 [Test worker] INFO  org.springframework.web.reactive.result.method.RequestMappingInfoHandlerMappingTests$TestRequestMappingInfoHandlerMapping - Mapped "{[/person/{id}],methods=[PUT],consumes=[application/xml]}" onto public void org.springframework.web.reactive.result.method.RequestMappingInfoHandlerMappingTests$TestController.consumes(java.lang.String)
10:00:59.959 [Test worker] INFO  org.springframework.web.reactive.result.method.RequestMappingInfoHandlerMappingTests$TestRequestMappingInfoHandlerMapping - Mapped "{[/persons],produces=[application/xml]}" onto public java.lang.String org.springframework.web.reactive.result.method.RequestMappingInfoHandlerMappingTests$TestController.produces()
10:00:59.959 [Test worker] INFO  org.springframework.web.reactive.result.method.RequestMappingInfoHandlerMappingTests$TestRequestMappingInfoHandlerMapping - Mapped "{[/params],params=[foo=bar]}" onto public java.lang.String org.springframework.web.reactive.result.method.RequestMappingInfoHandlerMappingTests$TestController.param()
10:00:59.959 [Test worker] INFO  org.springframework.web.reactive.result.method.RequestMappingInfoHandlerMappingTests$TestRequestMappingInfoHandlerMapping - Mapped "{[/foo],methods=[GET]}" onto public void org.springframework.web.reactive.result.method.RequestMappingInfoHandlerMappingTests$TestController.foo()
10:00:59.959 [Test worker] INFO  org.springframework.web.reactive.result.method.RequestMappingInfoHandlerMappingTests$TestRequestMappingInfoHandlerMapping - Mapped "{[/ba*],methods=[GET || HEAD]}" onto public void org.springframework.web.reactive.result.method.RequestMappingInfoHandlerMappingTests$TestController.bar()
10:00:59.959 [Test worker] INFO  org.springframework.web.reactive.result.method.RequestMappingInfoHandlerMappingTests$TestRequestMappingInfoHandlerMapping - Mapped "{[/params],params=[bar=baz]}" onto public java.lang.String org.springframework.web.reactive.result.method.RequestMappingInfoHandlerMappingTests$TestController.param2()
10:00:59.959 [Test worker] INFO  org.springframework.web.reactive.result.method.RequestMappingInfoHandlerMappingTests$TestRequestMappingInfoHandlerMapping - Mapped "{[/content],produces=[application/xml]}" onto public java.lang.String org.springframework.web.reactive.result.method.RequestMappingInfoHandlerMappingTests$TestController.xmlContent()
10:00:59.959 [Test worker] INFO  org.springframework.web.reactive.result.method.RequestMappingInfoHandlerMappingTests$TestRequestMappingInfoHandlerMapping - Mapped "{[/foo],methods=[GET],params=[p]}" onto public void org.springframework.web.reactive.result.method.RequestMappingInfoHandlerMappingTests$TestController.fooParam()
10:00:59.959 [Test worker] INFO  org.springframework.web.reactive.result.method.RequestMappingInfoHandlerMappingTests$TestRequestMappingInfoHandlerMapping - Mapped "{[/content],produces=[!application/xml]}" onto public java.lang.String org.springframework.web.reactive.result.method.RequestMappingInfoHandlerMappingTests$TestController.nonXmlContent()
10:00:59.959 [Test worker] INFO  org.springframework.web.reactive.result.method.RequestMappingInfoHandlerMappingTests$TestRequestMappingInfoHandlerMapping - Mapped "{[/something],methods=[OPTIONS]}" onto public org.springframework.http.HttpHeaders org.springframework.web.reactive.result.method.RequestMappingInfoHandlerMappingTests$TestController.fooOptions()
10:00:59.960 [Test worker] INFO  org.springframework.web.reactive.result.method.RequestMappingInfoHandlerMappingTests$TestRequestMappingInfoHandlerMapping - Mapped "{[]}" onto public void org.springframework.web.reactive.result.method.RequestMappingInfoHandlerMappingTests$TestController.empty()
10:00:59.960 [Test worker] INFO  org.springframework.web.reactive.result.method.RequestMappingInfoHandlerMappingTests$TestRequestMappingInfoHandlerMapping - Mapped "{[/person/{id}],methods=[PUT],consumes=[application/xml]}" onto public void org.springframework.web.reactive.result.method.RequestMappingInfoHandlerMappingTests$TestController.consumes(java.lang.String)
10:00:59.961 [Test worker] INFO  org.springframework.web.reactive.result.method.RequestMappingInfoHandlerMappingTests$TestRequestMappingInfoHandlerMapping - Mapped "{[/persons],produces=[application/xml]}" onto public java.lang.String org.springframework.web.reactive.result.method.RequestMappingInfoHandlerMappingTests$TestController.produces()
10:00:59.961 [Test worker] INFO  org.springframework.web.reactive.result.method.RequestMappingInfoHandlerMappingTests$TestRequestMappingInfoHandlerMapping - Mapped "{[/params],params=[foo=bar]}" onto public java.lang.String org.springframework.web.reactive.result.method.RequestMappingInfoHandlerMappingTests$TestController.param()
10:00:59.961 [Test worker] INFO  org.springframework.web.reactive.result.method.RequestMappingInfoHandlerMappingTests$TestRequestMappingInfoHandlerMapping - Mapped "{[/foo],methods=[GET]}" onto public void org.springframework.web.reactive.result.method.RequestMappingInfoHandlerMappingTests$TestController.foo()
10:00:59.961 [Test worker] INFO  org.springframework.web.reactive.result.method.RequestMappingInfoHandlerMappingTests$TestRequestMappingInfoHandlerMapping - Mapped "{[/ba*],methods=[GET || HEAD]}" onto public void org.springframework.web.reactive.result.method.RequestMappingInfoHandlerMappingTests$TestController.bar()
10:00:59.961 [Test worker] INFO  org.springframework.web.reactive.result.method.RequestMappingInfoHandlerMappingTests$TestRequestMappingInfoHandlerMapping - Mapped "{[/params],params=[bar=baz]}" onto public java.lang.String org.springframework.web.reactive.result.method.RequestMappingInfoHandlerMappingTests$TestController.param2()
10:00:59.961 [Test worker] INFO  org.springframework.web.reactive.result.method.RequestMappingInfoHandlerMappingTests$TestRequestMappingInfoHandlerMapping - Mapped "{[/content],produces=[application/xml]}" onto public java.lang.String org.springframework.web.reactive.result.method.RequestMappingInfoHandlerMappingTests$TestController.xmlContent()
10:00:59.961 [Test worker] INFO  org.springframework.web.reactive.result.method.RequestMappingInfoHandlerMappingTests$TestRequestMappingInfoHandlerMapping - Mapped "{[/foo],methods=[GET],params=[p]}" onto public void org.springframework.web.reactive.result.method.RequestMappingInfoHandlerMappingTests$TestController.fooParam()
10:00:59.961 [Test worker] INFO  org.springframework.web.reactive.result.method.RequestMappingInfoHandlerMappingTests$TestRequestMappingInfoHandlerMapping - Mapped "{[/content],produces=[!application/xml]}" onto public java.lang.String org.springframework.web.reactive.result.method.RequestMappingInfoHandlerMappingTests$TestController.nonXmlContent()
10:00:59.961 [Test worker] INFO  org.springframework.web.reactive.result.method.RequestMappingInfoHandlerMappingTests$TestRequestMappingInfoHandlerMapping - Mapped "{[/something],methods=[OPTIONS]}" onto public org.springframework.http.HttpHeaders org.springframework.web.reactive.result.method.RequestMappingInfoHandlerMappingTests$TestController.fooOptions()
10:00:59.962 [Test worker] INFO  org.springframework.web.reactive.result.method.RequestMappingInfoHandlerMappingTests$TestRequestMappingInfoHandlerMapping - Mapped "{[]}" onto public void org.springframework.web.reactive.result.method.RequestMappingInfoHandlerMappingTests$TestController.empty()
10:00:59.962 [Test worker] INFO  org.springframework.web.reactive.result.method.RequestMappingInfoHandlerMappingTests$TestRequestMappingInfoHandlerMapping - Mapped "{[/person/{id}],methods=[PUT],consumes=[application/xml]}" onto public void org.springframework.web.reactive.result.method.RequestMappingInfoHandlerMappingTests$TestController.consumes(java.lang.String)
10:00:59.962 [Test worker] INFO  org.springframework.web.reactive.result.method.RequestMappingInfoHandlerMappingTests$TestRequestMappingInfoHandlerMapping - Mapped "{[/persons],produces=[application/xml]}" onto public java.lang.String org.springframework.web.reactive.result.method.RequestMappingInfoHandlerMappingTests$TestController.produces()
10:00:59.962 [Test worker] INFO  org.springframework.web.reactive.result.method.RequestMappingInfoHandlerMappingTests$TestRequestMappingInfoHandlerMapping - Mapped "{[/params],params=[foo=bar]}" onto public java.lang.String org.springframework.web.reactive.result.method.RequestMappingInfoHandlerMappingTests$TestController.param()
10:00:59.962 [Test worker] INFO  org.springframework.web.reactive.result.method.RequestMappingInfoHandlerMappingTests$TestRequestMappingInfoHandlerMapping - Mapped "{[/foo],methods=[GET]}" onto public void org.springframework.web.reactive.result.method.RequestMappingInfoHandlerMappingTests$TestController.foo()
10:00:59.963 [Test worker] INFO  org.springframework.web.reactive.result.method.RequestMappingInfoHandlerMappingTests$TestRequestMappingInfoHandlerMapping - Mapped "{[/ba*],methods=[GET || HEAD]}" onto public void org.springframework.web.reactive.result.method.RequestMappingInfoHandlerMappingTests$TestController.bar()
10:00:59.963 [Test worker] INFO  org.springframework.web.reactive.result.method.RequestMappingInfoHandlerMappingTests$TestRequestMappingInfoHandlerMapping - Mapped "{[/params],params=[bar=baz]}" onto public java.lang.String org.springframework.web.reactive.result.method.RequestMappingInfoHandlerMappingTests$TestController.param2()
10:00:59.963 [Test worker] INFO  org.springframework.web.reactive.result.method.RequestMappingInfoHandlerMappingTests$TestRequestMappingInfoHandlerMapping - Mapped "{[/content],produces=[application/xml]}" onto public java.lang.String org.springframework.web.reactive.result.method.RequestMappingInfoHandlerMappingTests$TestController.xmlContent()
10:00:59.963 [Test worker] INFO  org.springframework.web.reactive.result.method.RequestMappingInfoHandlerMappingTests$TestRequestMappingInfoHandlerMapping - Mapped "{[/foo],methods=[GET],params=[p]}" onto public void org.springframework.web.reactive.result.method.RequestMappingInfoHandlerMappingTests$TestController.fooParam()
10:00:59.963 [Test worker] INFO  org.springframework.web.reactive.result.method.RequestMappingInfoHandlerMappingTests$TestRequestMappingInfoHandlerMapping - Mapped "{[/content],produces=[!application/xml]}" onto public java.lang.String org.springframework.web.reactive.result.method.RequestMappingInfoHandlerMappingTests$TestController.nonXmlContent()
10:00:59.963 [Test worker] INFO  org.springframework.web.reactive.result.method.RequestMappingInfoHandlerMappingTests$TestRequestMappingInfoHandlerMapping - Mapped "{[/something],methods=[OPTIONS]}" onto public org.springframework.http.HttpHeaders org.springframework.web.reactive.result.method.RequestMappingInfoHandlerMappingTests$TestController.fooOptions()
10:00:59.964 [Test worker] INFO  org.springframework.web.reactive.result.method.RequestMappingInfoHandlerMappingTests$TestRequestMappingInfoHandlerMapping - Mapped "{[/users],methods=[PUT]}" onto public void org.springframework.web.reactive.result.method.RequestMappingInfoHandlerMappingTests$UserController.saveUser()
10:00:59.964 [Test worker] INFO  org.springframework.web.reactive.result.method.RequestMappingInfoHandlerMappingTests$TestRequestMappingInfoHandlerMapping - Mapped "{[/users],methods=[GET],produces=[application/json]}" onto public void org.springframework.web.reactive.result.method.RequestMappingInfoHandlerMappingTests$UserController.getUser()
10:00:59.965 [Test worker] INFO  org.springframework.web.reactive.result.method.RequestMappingInfoHandlerMappingTests$TestRequestMappingInfoHandlerMapping - Mapped "{[]}" onto public void org.springframework.web.reactive.result.method.RequestMappingInfoHandlerMappingTests$TestController.empty()
10:00:59.965 [Test worker] INFO  org.springframework.web.reactive.result.method.RequestMappingInfoHandlerMappingTests$TestRequestMappingInfoHandlerMapping - Mapped "{[/person/{id}],methods=[PUT],consumes=[application/xml]}" onto public void org.springframework.web.reactive.result.method.RequestMappingInfoHandlerMappingTests$TestController.consumes(java.lang.String)
10:00:59.965 [Test worker] INFO  org.springframework.web.reactive.result.method.RequestMappingInfoHandlerMappingTests$TestRequestMappingInfoHandlerMapping - Mapped "{[/persons],produces=[application/xml]}" onto public java.lang.String org.springframework.web.reactive.result.method.RequestMappingInfoHandlerMappingTests$TestController.produces()
10:00:59.965 [Test worker] INFO  org.springframework.web.reactive.result.method.RequestMappingInfoHandlerMappingTests$TestRequestMappingInfoHandlerMapping - Mapped "{[/params],params=[foo=bar]}" onto public java.lang.String org.springframework.web.reactive.result.method.RequestMappingInfoHandlerMappingTests$TestController.param()
10:00:59.965 [Test worker] INFO  org.springframework.web.reactive.result.method.RequestMappingInfoHandlerMappingTests$TestRequestMappingInfoHandlerMapping - Mapped "{[/foo],methods=[GET]}" onto public void org.springframework.web.reactive.result.method.RequestMappingInfoHandlerMappingTests$TestController.foo()
10:00:59.965 [Test worker] INFO  org.springframework.web.reactive.result.method.RequestMappingInfoHandlerMappingTests$TestRequestMappingInfoHandlerMapping - Mapped "{[/ba*],methods=[GET || HEAD]}" onto public void org.springframework.web.reactive.result.method.RequestMappingInfoHandlerMappingTests$TestController.bar()
10:00:59.965 [Test worker] INFO  org.springframework.web.reactive.result.method.RequestMappingInfoHandlerMappingTests$TestRequestMappingInfoHandlerMapping - Mapped "{[/params],params=[bar=baz]}" onto public java.lang.String org.springframework.web.reactive.result.method.RequestMappingInfoHandlerMappingTests$TestController.param2()
10:00:59.965 [Test worker] INFO  org.springframework.web.reactive.result.method.RequestMappingInfoHandlerMappingTests$TestRequestMappingInfoHandlerMapping - Mapped "{[/content],produces=[application/xml]}" onto public java.lang.String org.springframework.web.reactive.result.method.RequestMappingInfoHandlerMappingTests$TestController.xmlContent()
10:00:59.965 [Test worker] INFO  org.springframework.web.reactive.result.method.RequestMappingInfoHandlerMappingTests$TestRequestMappingInfoHandlerMapping - Mapped "{[/foo],methods=[GET],params=[p]}" onto public void org.springframework.web.reactive.result.method.RequestMappingInfoHandlerMappingTests$TestController.fooParam()
10:00:59.965 [Test worker] INFO  org.springframework.web.reactive.result.method.RequestMappingInfoHandlerMappingTests$TestRequestMappingInfoHandlerMapping - Mapped "{[/content],produces=[!application/xml]}" onto public java.lang.String org.springframework.web.reactive.result.method.RequestMappingInfoHandlerMappingTests$TestController.nonXmlContent()
10:00:59.965 [Test worker] INFO  org.springframework.web.reactive.result.method.RequestMappingInfoHandlerMappingTests$TestRequestMappingInfoHandlerMapping - Mapped "{[/something],methods=[OPTIONS]}" onto public org.springframework.http.HttpHeaders org.springframework.web.reactive.result.method.RequestMappingInfoHandlerMappingTests$TestController.fooOptions()
10:00:59.966 [Test worker] INFO  org.springframework.web.reactive.result.method.RequestMappingInfoHandlerMappingTests$TestRequestMappingInfoHandlerMapping - Mapped "{[]}" onto public void org.springframework.web.reactive.result.method.RequestMappingInfoHandlerMappingTests$TestController.empty()
10:00:59.966 [Test worker] INFO  org.springframework.web.reactive.result.method.RequestMappingInfoHandlerMappingTests$TestRequestMappingInfoHandlerMapping - Mapped "{[/person/{id}],methods=[PUT],consumes=[application/xml]}" onto public void org.springframework.web.reactive.result.method.RequestMappingInfoHandlerMappingTests$TestController.consumes(java.lang.String)
10:00:59.966 [Test worker] INFO  org.springframework.web.reactive.result.method.RequestMappingInfoHandlerMappingTests$TestRequestMappingInfoHandlerMapping - Mapped "{[/persons],produces=[application/xml]}" onto public java.lang.String org.springframework.web.reactive.result.method.RequestMappingInfoHandlerMappingTests$TestController.produces()
10:00:59.966 [Test worker] INFO  org.springframework.web.reactive.result.method.RequestMappingInfoHandlerMappingTests$TestRequestMappingInfoHandlerMapping - Mapped "{[/params],params=[foo=bar]}" onto public java.lang.String org.springframework.web.reactive.result.method.RequestMappingInfoHandlerMappingTests$TestController.param()
10:00:59.966 [Test worker] INFO  org.springframework.web.reactive.result.method.RequestMappingInfoHandlerMappingTests$TestRequestMappingInfoHandlerMapping - Mapped "{[/foo],methods=[GET]}" onto public void org.springframework.web.reactive.result.method.RequestMappingInfoHandlerMappingTests$TestController.foo()
10:00:59.966 [Test worker] INFO  org.springframework.web.reactive.result.method.RequestMappingInfoHandlerMappingTests$TestRequestMappingInfoHandlerMapping - Mapped "{[/ba*],methods=[GET || HEAD]}" onto public void org.springframework.web.reactive.result.method.RequestMappingInfoHandlerMappingTests$TestController.bar()
10:00:59.966 [Test worker] INFO  org.springframework.web.reactive.result.method.RequestMappingInfoHandlerMappingTests$TestRequestMappingInfoHandlerMapping - Mapped "{[/params],params=[bar=baz]}" onto public java.lang.String org.springframework.web.reactive.result.method.RequestMappingInfoHandlerMappingTests$TestController.param2()
10:00:59.966 [Test worker] INFO  org.springframework.web.reactive.result.method.RequestMappingInfoHandlerMappingTests$TestRequestMappingInfoHandlerMapping - Mapped "{[/content],produces=[application/xml]}" onto public java.lang.String org.springframework.web.reactive.result.method.RequestMappingInfoHandlerMappingTests$TestController.xmlContent()
10:00:59.966 [Test worker] INFO  org.springframework.web.reactive.result.method.RequestMappingInfoHandlerMappingTests$TestRequestMappingInfoHandlerMapping - Mapped "{[/foo],methods=[GET],params=[p]}" onto public void org.springframework.web.reactive.result.method.RequestMappingInfoHandlerMappingTests$TestController.fooParam()
10:00:59.966 [Test worker] INFO  org.springframework.web.reactive.result.method.RequestMappingInfoHandlerMappingTests$TestRequestMappingInfoHandlerMapping - Mapped "{[/content],produces=[!application/xml]}" onto public java.lang.String org.springframework.web.reactive.result.method.RequestMappingInfoHandlerMappingTests$TestController.nonXmlContent()
10:00:59.966 [Test worker] INFO  org.springframework.web.reactive.result.method.RequestMappingInfoHandlerMappingTests$TestRequestMappingInfoHandlerMapping - Mapped "{[/something],methods=[OPTIONS]}" onto public org.springframework.http.HttpHeaders org.springframework.web.reactive.result.method.RequestMappingInfoHandlerMappingTests$TestController.fooOptions()
]]></system-out>
  <system-err><![CDATA[]]></system-err>
</testsuite>
