<?xml version="1.0" encoding="UTF-8"?>
<testsuite name="org.springframework.web.reactive.resource.AppCacheManifestTransformerTests" tests="3" skipped="0" failures="0" errors="0" timestamp="2021-04-16T01:57:52" hostname="DESKTOP-3R4DVF7" time="0.038">
  <properties/>
  <testcase name="transformManifest" classname="org.springframework.web.reactive.resource.AppCacheManifestTransformerTests" time="0.02"/>
  <testcase name="syntaxErrorInManifest" classname="org.springframework.web.reactive.resource.AppCacheManifestTransformerTests" time="0.007"/>
  <testcase name="noTransformIfExtensionNoMatch" classname="org.springframework.web.reactive.resource.AppCacheManifestTransformerTests" time="0.011"/>
  <system-out><![CDATA[]]></system-out>
  <system-err><![CDATA[]]></system-err>
</testsuite>
