<?xml version="1.0" encoding="UTF-8"?>
<testsuite name="org.springframework.web.reactive.config.WebFluxConfigurationSupportTests" tests="9" skipped="0" failures="0" errors="0" timestamp="2021-04-16T01:56:55" hostname="DESKTOP-3R4DVF7" time="4.155">
  <properties/>
  <testcase name="resourceUrlProvider" classname="org.springframework.web.reactive.config.WebFluxConfigurationSupportTests" time="1.851"/>
  <testcase name="customPathMatchConfig" classname="org.springframework.web.reactive.config.WebFluxConfigurationSupportTests" time="0.158"/>
  <testcase name="requestMappingHandlerAdapter" classname="org.springframework.web.reactive.config.WebFluxConfigurationSupportTests" time="0.242"/>
  <testcase name="customMessageConverterConfig" classname="org.springframework.web.reactive.config.WebFluxConfigurationSupportTests" time="0.062"/>
  <testcase name="responseBodyResultHandler" classname="org.springframework.web.reactive.config.WebFluxConfigurationSupportTests" time="0.167"/>
  <testcase name="viewResolutionResultHandler" classname="org.springframework.web.reactive.config.WebFluxConfigurationSupportTests" time="1.145"/>
  <testcase name="requestMappingHandlerMapping" classname="org.springframework.web.reactive.config.WebFluxConfigurationSupportTests" time="0.161"/>
  <testcase name="resourceHandler" classname="org.springframework.web.reactive.config.WebFluxConfigurationSupportTests" time="0.214"/>
  <testcase name="responseEntityResultHandler" classname="org.springframework.web.reactive.config.WebFluxConfigurationSupportTests" time="0.155"/>
  <system-out><![CDATA[09:56:55.650 [Test worker] INFO  org.springframework.context.annotation.AnnotationConfigApplicationContext - Refreshing org.springframework.context.annotation.AnnotationConfigApplicationContext@3794f869: startup date [Fri Apr 16 09:56:55 CST 2021]; root of context hierarchy
09:56:55.994 [Test worker] INFO  org.springframework.beans.factory.annotation.AutowiredAnnotationBeanPostProcessor - JSR-330 'javax.inject.Inject' annotation found and supported for autowiring
09:56:56.511 [Test worker] INFO  org.hibernate.validator.internal.util.Version - HV000001: Hibernate Validator 6.0.17.Final
09:56:57.171 [Test worker] INFO  org.springframework.web.reactive.result.method.annotation.ControllerMethodResolver - Looking for @ControllerAdvice: org.springframework.context.annotation.AnnotationConfigApplicationContext@3794f869: startup date [Fri Apr 16 09:56:55 CST 2021]; root of context hierarchy
09:56:57.355 [Test worker] INFO  org.springframework.context.annotation.AnnotationConfigApplicationContext - Refreshing org.springframework.context.annotation.AnnotationConfigApplicationContext@1b313024: startup date [Fri Apr 16 09:56:57 CST 2021]; root of context hierarchy
09:56:57.364 [Test worker] INFO  org.springframework.beans.factory.annotation.AutowiredAnnotationBeanPostProcessor - JSR-330 'javax.inject.Inject' annotation found and supported for autowiring
09:56:57.437 [Test worker] INFO  org.springframework.web.reactive.result.method.annotation.ControllerMethodResolver - Looking for @ControllerAdvice: org.springframework.context.annotation.AnnotationConfigApplicationContext@1b313024: startup date [Fri Apr 16 09:56:57 CST 2021]; root of context hierarchy
09:56:57.511 [Test worker] INFO  org.springframework.context.annotation.AnnotationConfigApplicationContext - Refreshing org.springframework.context.annotation.AnnotationConfigApplicationContext@189772a3: startup date [Fri Apr 16 09:56:57 CST 2021]; root of context hierarchy
09:56:57.516 [Test worker] INFO  org.springframework.beans.factory.annotation.AutowiredAnnotationBeanPostProcessor - JSR-330 'javax.inject.Inject' annotation found and supported for autowiring
09:56:57.579 [Test worker] INFO  org.springframework.web.reactive.result.method.annotation.ControllerMethodResolver - Looking for @ControllerAdvice: org.springframework.context.annotation.AnnotationConfigApplicationContext@189772a3: startup date [Fri Apr 16 09:56:57 CST 2021]; root of context hierarchy
09:56:57.756 [Test worker] INFO  org.springframework.context.annotation.AnnotationConfigApplicationContext - Refreshing org.springframework.context.annotation.AnnotationConfigApplicationContext@7218f384: startup date [Fri Apr 16 09:56:57 CST 2021]; root of context hierarchy
09:56:57.763 [Test worker] INFO  org.springframework.beans.factory.annotation.AutowiredAnnotationBeanPostProcessor - JSR-330 'javax.inject.Inject' annotation found and supported for autowiring
09:56:57.807 [Test worker] INFO  org.springframework.web.reactive.result.method.annotation.ControllerMethodResolver - Looking for @ControllerAdvice: org.springframework.context.annotation.AnnotationConfigApplicationContext@7218f384: startup date [Fri Apr 16 09:56:57 CST 2021]; root of context hierarchy
09:56:57.815 [Test worker] INFO  org.springframework.context.annotation.AnnotationConfigApplicationContext - Refreshing org.springframework.context.annotation.AnnotationConfigApplicationContext@2968400: startup date [Fri Apr 16 09:56:57 CST 2021]; root of context hierarchy
09:56:57.819 [Test worker] INFO  org.springframework.beans.factory.annotation.AutowiredAnnotationBeanPostProcessor - JSR-330 'javax.inject.Inject' annotation found and supported for autowiring
09:56:57.887 [Test worker] INFO  org.springframework.web.reactive.result.method.annotation.ControllerMethodResolver - Looking for @ControllerAdvice: org.springframework.context.annotation.AnnotationConfigApplicationContext@2968400: startup date [Fri Apr 16 09:56:57 CST 2021]; root of context hierarchy
09:56:57.984 [Test worker] INFO  org.springframework.context.annotation.AnnotationConfigApplicationContext - Refreshing org.springframework.context.annotation.AnnotationConfigApplicationContext@70e58691: startup date [Fri Apr 16 09:56:57 CST 2021]; root of context hierarchy
09:56:57.992 [Test worker] INFO  org.springframework.beans.factory.annotation.AutowiredAnnotationBeanPostProcessor - JSR-330 'javax.inject.Inject' annotation found and supported for autowiring
09:56:58.967 [Test worker] INFO  org.springframework.web.reactive.result.view.freemarker.FreeMarkerConfigurer - ClassTemplateLoader for Spring macros added to FreeMarker configuration
09:56:59.031 [Test worker] INFO  org.springframework.web.reactive.result.method.annotation.ControllerMethodResolver - Looking for @ControllerAdvice: org.springframework.context.annotation.AnnotationConfigApplicationContext@70e58691: startup date [Fri Apr 16 09:56:57 CST 2021]; root of context hierarchy
09:56:59.127 [Test worker] INFO  org.springframework.context.annotation.AnnotationConfigApplicationContext - Refreshing org.springframework.context.annotation.AnnotationConfigApplicationContext@f9b60eb: startup date [Fri Apr 16 09:56:59 CST 2021]; root of context hierarchy
09:56:59.132 [Test worker] INFO  org.springframework.beans.factory.annotation.AutowiredAnnotationBeanPostProcessor - JSR-330 'javax.inject.Inject' annotation found and supported for autowiring
09:56:59.199 [Test worker] INFO  org.springframework.web.reactive.result.method.annotation.ControllerMethodResolver - Looking for @ControllerAdvice: org.springframework.context.annotation.AnnotationConfigApplicationContext@f9b60eb: startup date [Fri Apr 16 09:56:59 CST 2021]; root of context hierarchy
09:56:59.290 [Test worker] INFO  org.springframework.context.annotation.AnnotationConfigApplicationContext - Refreshing org.springframework.context.annotation.AnnotationConfigApplicationContext@8e7d3a6: startup date [Fri Apr 16 09:56:59 CST 2021]; root of context hierarchy
09:56:59.297 [Test worker] INFO  org.springframework.beans.factory.annotation.AutowiredAnnotationBeanPostProcessor - JSR-330 'javax.inject.Inject' annotation found and supported for autowiring
09:56:59.365 [Test worker] INFO  org.springframework.web.reactive.handler.SimpleUrlHandlerMapping - Mapped URL path [/images/**] onto handler of type [class org.springframework.web.reactive.resource.ResourceWebHandler]
09:56:59.416 [Test worker] INFO  org.springframework.web.reactive.result.method.annotation.ControllerMethodResolver - Looking for @ControllerAdvice: org.springframework.context.annotation.AnnotationConfigApplicationContext@8e7d3a6: startup date [Fri Apr 16 09:56:59 CST 2021]; root of context hierarchy
09:56:59.502 [Test worker] INFO  org.springframework.context.annotation.AnnotationConfigApplicationContext - Refreshing org.springframework.context.annotation.AnnotationConfigApplicationContext@484757c: startup date [Fri Apr 16 09:56:59 CST 2021]; root of context hierarchy
09:56:59.506 [Test worker] INFO  org.springframework.beans.factory.annotation.AutowiredAnnotationBeanPostProcessor - JSR-330 'javax.inject.Inject' annotation found and supported for autowiring
09:56:59.571 [Test worker] INFO  org.springframework.web.reactive.result.method.annotation.ControllerMethodResolver - Looking for @ControllerAdvice: org.springframework.context.annotation.AnnotationConfigApplicationContext@484757c: startup date [Fri Apr 16 09:56:59 CST 2021]; root of context hierarchy
]]></system-out>
  <system-err><![CDATA[]]></system-err>
</testsuite>
