<?xml version="1.0" encoding="UTF-8"?>
<testsuite name="org.springframework.web.reactive.function.server.PathResourceLookupFunctionTests" tests="3" skipped="0" failures="0" errors="0" timestamp="2021-04-16T01:57:41" hostname="DESKTOP-3R4DVF7" time="0.009">
  <properties/>
  <testcase name="subPath" classname="org.springframework.web.reactive.function.server.PathResourceLookupFunctionTests" time="0.006"/>
  <testcase name="normal" classname="org.springframework.web.reactive.function.server.PathResourceLookupFunctionTests" time="0.001"/>
  <testcase name="notFound" classname="org.springframework.web.reactive.function.server.PathResourceLookupFunctionTests" time="0.002"/>
  <system-out><![CDATA[]]></system-out>
  <system-err><![CDATA[]]></system-err>
</testsuite>
