<?xml version="1.0" encoding="UTF-8"?>
<testsuite name="org.springframework.web.reactive.function.server.LocaleContextResolverIntegrationTests" tests="4" skipped="0" failures="0" errors="0" timestamp="2021-04-16T01:57:36" hostname="DESKTOP-3R4DVF7" time="1.177">
  <properties/>
  <testcase name="fixedLocale[server [org.springframework.http.server.reactive.bootstrap.JettyHttpServer@24851f11]]" classname="org.springframework.web.reactive.function.server.LocaleContextResolverIntegrationTests" time="0.066"/>
  <testcase name="fixedLocale[server [org.springframework.http.server.reactive.bootstrap.ReactorHttpServer@6b6b4bfe]]" classname="org.springframework.web.reactive.function.server.LocaleContextResolverIntegrationTests" time="0.064"/>
  <testcase name="fixedLocale[server [org.springframework.http.server.reactive.bootstrap.TomcatHttpServer@14a030fe]]" classname="org.springframework.web.reactive.function.server.LocaleContextResolverIntegrationTests" time="0.77"/>
  <testcase name="fixedLocale[server [org.springframework.http.server.reactive.bootstrap.UndertowHttpServer@77159706]]" classname="org.springframework.web.reactive.function.server.LocaleContextResolverIntegrationTests" time="0.05"/>
  <system-out><![CDATA[09:57:36.089 [Test worker] WARN  org.eclipse.jetty.server.handler.ContextHandler - Empty contextPath
09:57:36.090 [Test worker] INFO  org.eclipse.jetty.server.handler.ContextHandler - Started o.e.j.s.ServletContextHandler@41fdc148{/,null,AVAILABLE}
09:57:36.090 [Test worker] DEBUG org.springframework.http.server.reactive.bootstrap.JettyHttpServer - Starting JettyHttpServer...
09:57:36.090 [Test worker] INFO  org.eclipse.jetty.server.Server - jetty-9.4.19.v20190610; built: 2019-06-10T16:30:51.723Z; git: afcf563148970e98786327af5e07c261fda175d3; jvm 1.8.0_271-b09
09:57:36.094 [Test worker] INFO  org.eclipse.jetty.server.AbstractConnector - Started ServerConnector@1655617c{HTTP/1.1,[http/1.1]}{0.0.0.0:64809}
09:57:36.094 [Test worker] INFO  org.eclipse.jetty.server.Server - Started @49297ms
09:57:36.094 [Test worker] DEBUG org.springframework.http.server.reactive.bootstrap.JettyHttpServer - Server started on port 64809(0 millis).
09:57:36.102 [qtp1915451002-534] DEBUG org.springframework.http.server.reactive.ServletHttpHandlerAdapter - Handling completed with success
09:57:36.105 [Test worker] DEBUG org.springframework.http.server.reactive.bootstrap.JettyHttpServer - Stopping JettyHttpServer...
09:57:36.105 [Test worker] INFO  org.eclipse.jetty.server.handler.ContextHandler - Stopped o.e.j.s.ServletContextHandler@41fdc148{/,null,UNAVAILABLE}
09:57:36.108 [Test worker] INFO  org.eclipse.jetty.server.AbstractConnector - Stopped ServerConnector@1655617c{HTTP/1.1,[http/1.1]}{0.0.0.0:0}
09:57:36.109 [Test worker] DEBUG org.springframework.http.server.reactive.bootstrap.JettyHttpServer - Server stopped (0 millis).
09:57:36.241 [Test worker] DEBUG org.springframework.http.server.reactive.bootstrap.ReactorHttpServer - Starting ReactorHttpServer...
09:57:36.242 [Test worker] DEBUG org.springframework.http.server.reactive.bootstrap.ReactorHttpServer - Server started on port 64823(0 millis).
09:57:36.245 [reactor-http-nio-6] DEBUG org.springframework.http.server.reactive.ReactorHttpHandlerAdapter - Handling completed with success
09:57:36.246 [Test worker] DEBUG org.springframework.http.server.reactive.bootstrap.ReactorHttpServer - Stopping ReactorHttpServer...
09:57:36.246 [Test worker] DEBUG org.springframework.http.server.reactive.bootstrap.ReactorHttpServer - Server stopped (0 millis).
09:57:36.402 [Test worker] DEBUG org.springframework.http.server.reactive.bootstrap.TomcatHttpServer - Starting TomcatHttpServer...
09:57:36.418 [Test worker] DEBUG org.springframework.http.server.reactive.bootstrap.TomcatHttpServer - Server started on port 64825(0 millis).
09:57:36.421 [http-nio-auto-10-exec-1] DEBUG org.springframework.http.server.reactive.ServletHttpHandlerAdapter - Handling completed with success
09:57:36.422 [Test worker] DEBUG org.springframework.http.server.reactive.bootstrap.TomcatHttpServer - Stopping TomcatHttpServer...
09:57:37.115 [Test worker] DEBUG org.springframework.http.server.reactive.bootstrap.TomcatHttpServer - Server stopped (0 millis).
09:57:37.206 [Test worker] DEBUG org.springframework.http.server.reactive.bootstrap.UndertowHttpServer - Starting UndertowHttpServer...
09:57:37.215 [Test worker] DEBUG org.springframework.http.server.reactive.bootstrap.UndertowHttpServer - Server started on port 64862(0 millis).
09:57:37.217 [XNIO-10 I/O-6] DEBUG org.springframework.http.server.reactive.UndertowHttpHandlerAdapter - Handling completed with success
09:57:37.218 [Test worker] DEBUG org.springframework.http.server.reactive.bootstrap.UndertowHttpServer - Stopping UndertowHttpServer...
09:57:37.220 [Test worker] DEBUG org.springframework.http.server.reactive.bootstrap.UndertowHttpServer - Server stopped (0 millis).
]]></system-out>
  <system-err><![CDATA[四月 16, 2021 9:57:36 上午 org.apache.coyote.AbstractProtocol init
信息: Initializing ProtocolHandler ["http-nio-auto-10"]
四月 16, 2021 9:57:36 上午 org.apache.tomcat.util.net.NioSelectorPool getSharedSelector
信息: Using a shared selector for servlet write/read
四月 16, 2021 9:57:36 上午 org.apache.catalina.core.StandardService startInternal
信息: Starting service [Tomcat]
四月 16, 2021 9:57:36 上午 org.apache.catalina.core.StandardEngine startInternal
信息: Starting Servlet Engine: Apache Tomcat/8.5.45
四月 16, 2021 9:57:36 上午 org.apache.coyote.AbstractProtocol start
信息: Starting ProtocolHandler ["http-nio-auto-10-64825"]
四月 16, 2021 9:57:36 上午 org.apache.coyote.AbstractProtocol pause
信息: Pausing ProtocolHandler ["http-nio-auto-10-64825"]
四月 16, 2021 9:57:37 上午 org.apache.catalina.core.StandardService stopInternal
信息: Stopping service [Tomcat]
四月 16, 2021 9:57:37 上午 org.apache.coyote.AbstractProtocol stop
信息: Stopping ProtocolHandler ["http-nio-auto-10-64825"]
四月 16, 2021 9:57:37 上午 org.apache.coyote.AbstractProtocol destroy
信息: Destroying ProtocolHandler ["http-nio-auto-10-64825"]
]]></system-err>
</testsuite>
