<?xml version="1.0" encoding="UTF-8"?>
<testsuite name="org.springframework.web.reactive.result.method.annotation.RequestHeaderMapMethodArgumentResolverTests" tests="4" skipped="0" failures="0" errors="0" timestamp="2021-04-16T01:59:06" hostname="DESKTOP-3R4DVF7" time="0.003">
  <properties/>
  <testcase name="resolveMapArgument" classname="org.springframework.web.reactive.result.method.annotation.RequestHeaderMapMethodArgumentResolverTests" time="0.001"/>
  <testcase name="resolveHttpHeadersArgument" classname="org.springframework.web.reactive.result.method.annotation.RequestHeaderMapMethodArgumentResolverTests" time="0.0"/>
  <testcase name="resolveMultiValueMapArgument" classname="org.springframework.web.reactive.result.method.annotation.RequestHeaderMapMethodArgumentResolverTests" time="0.0"/>
  <testcase name="supportsParameter" classname="org.springframework.web.reactive.result.method.annotation.RequestHeaderMapMethodArgumentResolverTests" time="0.002"/>
  <system-out><![CDATA[]]></system-out>
  <system-err><![CDATA[]]></system-err>
</testsuite>
