<?xml version="1.0" encoding="UTF-8"?>
<testsuite name="org.springframework.web.reactive.resource.GzipResourceResolverTests" tests="4" skipped="0" failures="0" errors="0" timestamp="2021-04-16T01:57:52" hostname="DESKTOP-3R4DVF7" time="0.013">
  <properties/>
  <testcase name="resolveWithNullRequest" classname="org.springframework.web.reactive.resource.GzipResourceResolverTests" time="0.002"/>
  <testcase name="resolveGzippedFile" classname="org.springframework.web.reactive.resource.GzipResourceResolverTests" time="0.001"/>
  <testcase name="resolveFromCacheWithEncodingVariants" classname="org.springframework.web.reactive.resource.GzipResourceResolverTests" time="0.001"/>
  <testcase name="resolveFingerprintedGzippedFile" classname="org.springframework.web.reactive.resource.GzipResourceResolverTests" time="0.009"/>
  <system-out><![CDATA[]]></system-out>
  <system-err><![CDATA[]]></system-err>
</testsuite>
