<?xml version="1.0" encoding="UTF-8"?>
<testsuite name="org.springframework.web.reactive.result.method.annotation.ServerWebExchangeArgumentResolverTests" tests="3" skipped="0" failures="0" errors="0" timestamp="2021-04-16T02:00:50" hostname="DESKTOP-3R4DVF7" time="0.001">
  <properties/>
  <testcase name="resolveUriComponentsBuilder" classname="org.springframework.web.reactive.result.method.annotation.ServerWebExchangeArgumentResolverTests" time="0.0"/>
  <testcase name="resolveArgument" classname="org.springframework.web.reactive.result.method.annotation.ServerWebExchangeArgumentResolverTests" time="0.001"/>
  <testcase name="supportsParameter" classname="org.springframework.web.reactive.result.method.annotation.ServerWebExchangeArgumentResolverTests" time="0.0"/>
  <system-out><![CDATA[]]></system-out>
  <system-err><![CDATA[]]></system-err>
</testsuite>
