<?xml version="1.0" encoding="UTF-8"?>
<testsuite name="org.springframework.web.reactive.accept.RequestedContentTypeResolverBuilderTests" tests="5" skipped="0" failures="0" errors="0" timestamp="2021-04-16T01:56:50" hostname="DESKTOP-3R4DVF7" time="0.011">
  <properties/>
  <testcase name="parameterResolverWithCustomParamName" classname="org.springframework.web.reactive.accept.RequestedContentTypeResolverBuilderTests" time="0.006"/>
  <testcase name="parameterResolver" classname="org.springframework.web.reactive.accept.RequestedContentTypeResolverBuilderTests" time="0.001"/>
  <testcase name="defaultSettings" classname="org.springframework.web.reactive.accept.RequestedContentTypeResolverBuilderTests" time="0.001"/>
  <testcase name="resolver" classname="org.springframework.web.reactive.accept.RequestedContentTypeResolverBuilderTests" time="0.002"/>
  <testcase name="fixedResolver" classname="org.springframework.web.reactive.accept.RequestedContentTypeResolverBuilderTests" time="0.001"/>
  <system-out><![CDATA[]]></system-out>
  <system-err><![CDATA[]]></system-err>
</testsuite>
