<?xml version="1.0" encoding="UTF-8"?>
<testsuite name="org.springframework.web.reactive.result.method.annotation.ResponseBodyResultHandlerTests" tests="3" skipped="0" failures="0" errors="0" timestamp="2021-04-16T02:00:49" hostname="DESKTOP-3R4DVF7" time="0.026">
  <properties/>
  <testcase name="supports" classname="org.springframework.web.reactive.result.method.annotation.ResponseBodyResultHandlerTests" time="0.01"/>
  <testcase name="defaultOrder" classname="org.springframework.web.reactive.result.method.annotation.ResponseBodyResultHandlerTests" time="0.008"/>
  <testcase name="supportsRestController" classname="org.springframework.web.reactive.result.method.annotation.ResponseBodyResultHandlerTests" time="0.008"/>
  <system-out><![CDATA[]]></system-out>
  <system-err><![CDATA[]]></system-err>
</testsuite>
