<?xml version="1.0" encoding="UTF-8"?>
<testsuite name="org.springframework.web.reactive.result.method.annotation.RequestParamMethodArgumentResolverKotlinTests" tests="8" skipped="0" failures="0" errors="0" timestamp="2021-04-16T02:01:41" hostname="DESKTOP-3R4DVF7" time="0.022">
  <properties/>
  <testcase name="resolveNullableRequiredWithoutParameter" classname="org.springframework.web.reactive.result.method.annotation.RequestParamMethodArgumentResolverKotlinTests" time="0.017"/>
  <testcase name="resolveNonNullableRequiredWithParameter" classname="org.springframework.web.reactive.result.method.annotation.RequestParamMethodArgumentResolverKotlinTests" time="0.0"/>
  <testcase name="resolveNonNullableNotRequiredWithParameter" classname="org.springframework.web.reactive.result.method.annotation.RequestParamMethodArgumentResolverKotlinTests" time="0.001"/>
  <testcase name="resolveNonNullableNotRequiredWithoutParameter" classname="org.springframework.web.reactive.result.method.annotation.RequestParamMethodArgumentResolverKotlinTests" time="0.0"/>
  <testcase name="resolveNullableNotRequiredWithoutParameter" classname="org.springframework.web.reactive.result.method.annotation.RequestParamMethodArgumentResolverKotlinTests" time="0.0"/>
  <testcase name="resolveNullableNotRequiredWithParameter" classname="org.springframework.web.reactive.result.method.annotation.RequestParamMethodArgumentResolverKotlinTests" time="0.001"/>
  <testcase name="resolveNullableRequiredWithParameter" classname="org.springframework.web.reactive.result.method.annotation.RequestParamMethodArgumentResolverKotlinTests" time="0.0"/>
  <testcase name="resolveNonNullableRequiredWithoutParameter" classname="org.springframework.web.reactive.result.method.annotation.RequestParamMethodArgumentResolverKotlinTests" time="0.003"/>
  <system-out><![CDATA[]]></system-out>
  <system-err><![CDATA[]]></system-err>
</testsuite>
