<?xml version="1.0" encoding="UTF-8"?>
<testsuite name="org.springframework.web.reactive.function.server.ServerResponseExtensionsTests" tests="2" skipped="0" failures="0" errors="0" timestamp="2021-04-16T02:01:41" hostname="DESKTOP-3R4DVF7" time="0.003">
  <properties/>
  <testcase name="BodyBuilder#body with Publisher and reified type parameters" classname="org.springframework.web.reactive.function.server.ServerResponseExtensionsTests" time="0.002"/>
  <testcase name="BodyBuilder#bodyToServerSentEvents with Publisher and reified type parameters" classname="org.springframework.web.reactive.function.server.ServerResponseExtensionsTests" time="0.001"/>
  <system-out><![CDATA[]]></system-out>
  <system-err><![CDATA[]]></system-err>
</testsuite>
