<?xml version="1.0" encoding="UTF-8"?>
<testsuite name="org.springframework.web.reactive.resource.VersionResourceResolverTests" tests="9" skipped="0" failures="0" errors="0" timestamp="2021-04-16T01:57:52" hostname="DESKTOP-3R4DVF7" time="0.013">
  <properties/>
  <testcase name="getStrategyForPath" classname="org.springframework.web.reactive.resource.VersionResourceResolverTests" time="0.01"/>
  <testcase name="resolveResourceNoResourceAfterVersionRemoved" classname="org.springframework.web.reactive.resource.VersionResourceResolverTests" time="0.001"/>
  <testcase name="resolveResourceSuccess" classname="org.springframework.web.reactive.resource.VersionResourceResolverTests" time="0.001"/>
  <testcase name="shouldConfigureFixedPrefixAutomatically" classname="org.springframework.web.reactive.resource.VersionResourceResolverTests" time="0.0"/>
  <testcase name="resolveResourceNoVersionStrategy" classname="org.springframework.web.reactive.resource.VersionResourceResolverTests" time="0.0"/>
  <testcase name="resolveResourceNoVersionInPath" classname="org.springframework.web.reactive.resource.VersionResourceResolverTests" time="0.0"/>
  <testcase name="resolveResourceExisting" classname="org.springframework.web.reactive.resource.VersionResourceResolverTests" time="0.001"/>
  <testcase name="resolveResourceVersionDoesNotMatch" classname="org.springframework.web.reactive.resource.VersionResourceResolverTests" time="0.0"/>
  <testcase name="resolveUrlPathNoVersionStrategy" classname="org.springframework.web.reactive.resource.VersionResourceResolverTests" time="0.0"/>
  <system-out><![CDATA[]]></system-out>
  <system-err><![CDATA[]]></system-err>
</testsuite>
