<?xml version="1.0" encoding="UTF-8"?>
<testsuite name="org.springframework.web.reactive.function.client.DefaultWebClientTests" tests="11" skipped="0" failures="0" errors="0" timestamp="2021-04-16T01:57:17" hostname="DESKTOP-3R4DVF7" time="0.628">
  <properties/>
  <testcase name="defaultHeaderAndCookie" classname="org.springframework.web.reactive.function.client.DefaultWebClientTests" time="0.07"/>
  <testcase name="defaultHeaderAndCookieOverrides" classname="org.springframework.web.reactive.function.client.DefaultWebClientTests" time="0.053"/>
  <testcase name="uriBuilder" classname="org.springframework.web.reactive.function.client.DefaultWebClientTests" time="0.056"/>
  <testcase name="requestHeaderAndCookie" classname="org.springframework.web.reactive.function.client.DefaultWebClientTests" time="0.066"/>
  <testcase name="uriBuilderWithPathOverride" classname="org.springframework.web.reactive.function.client.DefaultWebClientTests" time="0.056"/>
  <testcase name="apply" classname="org.springframework.web.reactive.function.client.DefaultWebClientTests" time="0.057"/>
  <testcase name="basic" classname="org.springframework.web.reactive.function.client.DefaultWebClientTests" time="0.051"/>
  <testcase name="attributes" classname="org.springframework.web.reactive.function.client.DefaultWebClientTests" time="0.064"/>
  <testcase name="switchToErrorOnEmptyClientResponseMono" classname="org.springframework.web.reactive.function.client.DefaultWebClientTests" time="0.052"/>
  <testcase name="bodyObjectPublisher" classname="org.springframework.web.reactive.function.client.DefaultWebClientTests" time="0.05"/>
  <testcase name="mutateDoesCopy" classname="org.springframework.web.reactive.function.client.DefaultWebClientTests" time="0.053"/>
  <system-out><![CDATA[]]></system-out>
  <system-err><![CDATA[]]></system-err>
</testsuite>
