<?xml version="1.0" encoding="UTF-8"?>
<testsuite name="org.springframework.web.reactive.result.view.DefaultRenderingBuilderTests" tests="10" skipped="0" failures="0" errors="0" timestamp="2021-04-16T02:01:03" hostname="DESKTOP-3R4DVF7" time="0.007">
  <properties/>
  <testcase name="defaultValuesForRedirect" classname="org.springframework.web.reactive.result.view.DefaultRenderingBuilderTests" time="0.004"/>
  <testcase name="redirectWithPropagateQuery" classname="org.springframework.web.reactive.result.view.DefaultRenderingBuilderTests" time="0.0"/>
  <testcase name="header" classname="org.springframework.web.reactive.result.view.DefaultRenderingBuilderTests" time="0.0"/>
  <testcase name="modelAttributes" classname="org.springframework.web.reactive.result.view.DefaultRenderingBuilderTests" time="0.003"/>
  <testcase name="modelAttribute" classname="org.springframework.web.reactive.result.view.DefaultRenderingBuilderTests" time="0.0"/>
  <testcase name="model" classname="org.springframework.web.reactive.result.view.DefaultRenderingBuilderTests" time="0.0"/>
  <testcase name="redirectWithAbsoluteUrl" classname="org.springframework.web.reactive.result.view.DefaultRenderingBuilderTests" time="0.0"/>
  <testcase name="defaultValues" classname="org.springframework.web.reactive.result.view.DefaultRenderingBuilderTests" time="0.0"/>
  <testcase name="viewName" classname="org.springframework.web.reactive.result.view.DefaultRenderingBuilderTests" time="0.0"/>
  <testcase name="httpHeaders" classname="org.springframework.web.reactive.result.view.DefaultRenderingBuilderTests" time="0.0"/>
  <system-out><![CDATA[]]></system-out>
  <system-err><![CDATA[]]></system-err>
</testsuite>
