<?xml version="1.0" encoding="UTF-8"?>
<testsuite name="org.springframework.web.reactive.result.method.annotation.ModelAttributeMethodArgumentResolverTests" tests="13" skipped="0" failures="0" errors="0" timestamp="2021-04-16T01:58:59" hostname="DESKTOP-3R4DVF7" time="0.445">
  <properties/>
  <testcase name="bindExistingMonoToMono" classname="org.springframework.web.reactive.result.method.annotation.ModelAttributeMethodArgumentResolverTests" time="0.037"/>
  <testcase name="supports" classname="org.springframework.web.reactive.result.method.annotation.ModelAttributeMethodArgumentResolverTests" time="0.014"/>
  <testcase name="bindExistingMono" classname="org.springframework.web.reactive.result.method.annotation.ModelAttributeMethodArgumentResolverTests" time="0.032"/>
  <testcase name="createAndBindToSingle" classname="org.springframework.web.reactive.result.method.annotation.ModelAttributeMethodArgumentResolverTests" time="0.093"/>
  <testcase name="createAndBindToMono" classname="org.springframework.web.reactive.result.method.annotation.ModelAttributeMethodArgumentResolverTests" time="0.028"/>
  <testcase name="validationErrorToSingle" classname="org.springframework.web.reactive.result.method.annotation.ModelAttributeMethodArgumentResolverTests" time="0.031"/>
  <testcase name="validationError" classname="org.springframework.web.reactive.result.method.annotation.ModelAttributeMethodArgumentResolverTests" time="0.028"/>
  <testcase name="supportsWithDefaultResolution" classname="org.springframework.web.reactive.result.method.annotation.ModelAttributeMethodArgumentResolverTests" time="0.016"/>
  <testcase name="bindExistingSingle" classname="org.springframework.web.reactive.result.method.annotation.ModelAttributeMethodArgumentResolverTests" time="0.031"/>
  <testcase name="validationErrorToMono" classname="org.springframework.web.reactive.result.method.annotation.ModelAttributeMethodArgumentResolverTests" time="0.041"/>
  <testcase name="bindDataClass" classname="org.springframework.web.reactive.result.method.annotation.ModelAttributeMethodArgumentResolverTests" time="0.036"/>
  <testcase name="createAndBind" classname="org.springframework.web.reactive.result.method.annotation.ModelAttributeMethodArgumentResolverTests" time="0.03"/>
  <testcase name="bindExisting" classname="org.springframework.web.reactive.result.method.annotation.ModelAttributeMethodArgumentResolverTests" time="0.028"/>
  <system-out><![CDATA[]]></system-out>
  <system-err><![CDATA[]]></system-err>
</testsuite>
