<?xml version="1.0" encoding="UTF-8"?>
<testsuite name="org.springframework.web.reactive.result.method.annotation.MatrixVariablesMapMethodArgumentResolverTests" tests="5" skipped="0" failures="0" errors="0" timestamp="2021-04-16T01:58:59" hostname="DESKTOP-3R4DVF7" time="0.006">
  <properties/>
  <testcase name="resolveArgumentNoMatch" classname="org.springframework.web.reactive.result.method.annotation.MatrixVariablesMapMethodArgumentResolverTests" time="0.004"/>
  <testcase name="resolveArgumentPathVariable" classname="org.springframework.web.reactive.result.method.annotation.MatrixVariablesMapMethodArgumentResolverTests" time="0.001"/>
  <testcase name="resolveArgumentNoParams" classname="org.springframework.web.reactive.result.method.annotation.MatrixVariablesMapMethodArgumentResolverTests" time="0.0"/>
  <testcase name="resolveArgument" classname="org.springframework.web.reactive.result.method.annotation.MatrixVariablesMapMethodArgumentResolverTests" time="0.0"/>
  <testcase name="supportsParameter" classname="org.springframework.web.reactive.result.method.annotation.MatrixVariablesMapMethodArgumentResolverTests" time="0.001"/>
  <system-out><![CDATA[]]></system-out>
  <system-err><![CDATA[]]></system-err>
</testsuite>
