<?xml version="1.0" encoding="UTF-8"?>
<testsuite name="org.springframework.web.reactive.resource.ResourceTransformerSupportTests" tests="4" skipped="0" failures="0" errors="0" timestamp="2021-04-16T01:57:52" hostname="DESKTOP-3R4DVF7" time="0.008">
  <properties/>
  <testcase name="toAbsolutePath" classname="org.springframework.web.reactive.resource.ResourceTransformerSupportTests" time="0.001"/>
  <testcase name="resolveUrlPathWithRelativePath" classname="org.springframework.web.reactive.resource.ResourceTransformerSupportTests" time="0.002"/>
  <testcase name="resolveUrlPathWithRelativePathInParentDirectory" classname="org.springframework.web.reactive.resource.ResourceTransformerSupportTests" time="0.003"/>
  <testcase name="resolveUrlPath" classname="org.springframework.web.reactive.resource.ResourceTransformerSupportTests" time="0.002"/>
  <system-out><![CDATA[]]></system-out>
  <system-err><![CDATA[]]></system-err>
</testsuite>
