<?xml version="1.0" encoding="UTF-8"?>
<testsuite name="org.springframework.web.reactive.result.method.annotation.ErrorsMethodArgumentResolverTests" tests="5" skipped="0" failures="0" errors="0" timestamp="2021-04-16T01:58:22" hostname="DESKTOP-3R4DVF7" time="0.01">
  <properties/>
  <testcase name="resolveWithBindingResultNotFound" classname="org.springframework.web.reactive.result.method.annotation.ErrorsMethodArgumentResolverTests" time="0.002"/>
  <testcase name="supports" classname="org.springframework.web.reactive.result.method.annotation.ErrorsMethodArgumentResolverTests" time="0.001"/>
  <testcase name="resolveWithMonoOnBindingResultAndModelAttribute" classname="org.springframework.web.reactive.result.method.annotation.ErrorsMethodArgumentResolverTests" time="0.0"/>
  <testcase name="resolve" classname="org.springframework.web.reactive.result.method.annotation.ErrorsMethodArgumentResolverTests" time="0.006"/>
  <testcase name="resolveWithMono" classname="org.springframework.web.reactive.result.method.annotation.ErrorsMethodArgumentResolverTests" time="0.0"/>
  <system-out><![CDATA[]]></system-out>
  <system-err><![CDATA[]]></system-err>
</testsuite>
