<?xml version="1.0" encoding="UTF-8"?>
<testsuite name="org.springframework.web.reactive.resource.PathResourceResolverTests" tests="7" skipped="0" failures="0" errors="0" timestamp="2021-04-16T01:57:52" hostname="DESKTOP-3R4DVF7" time="0.006">
  <properties/>
  <testcase name="checkFileLocation" classname="org.springframework.web.reactive.resource.PathResourceResolverTests" time="0.001"/>
  <testcase name="checkResourceWithAllowedLocations" classname="org.springframework.web.reactive.resource.PathResourceResolverTests" time="0.0"/>
  <testcase name="resolveFromClasspathRoot" classname="org.springframework.web.reactive.resource.PathResourceResolverTests" time="0.001"/>
  <testcase name="resolveFromClasspath" classname="org.springframework.web.reactive.resource.PathResourceResolverTests" time="0.0"/>
  <testcase name="resolvePathRootResource" classname="org.springframework.web.reactive.resource.PathResourceResolverTests" time="0.0"/>
  <testcase name="checkRelativeLocation" classname="org.springframework.web.reactive.resource.PathResourceResolverTests" time="0.001"/>
  <testcase name="checkResource" classname="org.springframework.web.reactive.resource.PathResourceResolverTests" time="0.003"/>
  <system-out><![CDATA[]]></system-out>
  <system-err><![CDATA[]]></system-err>
</testsuite>
