<?xml version="1.0" encoding="UTF-8"?>
<testsuite name="org.springframework.web.reactive.function.client.DefaultClientResponseBuilderTests" tests="2" skipped="0" failures="0" errors="0" timestamp="2021-04-16T01:57:17" hostname="DESKTOP-3R4DVF7" time="0.115">
  <properties/>
  <testcase name="normal" classname="org.springframework.web.reactive.function.client.DefaultClientResponseBuilderTests" time="0.061"/>
  <testcase name="from" classname="org.springframework.web.reactive.function.client.DefaultClientResponseBuilderTests" time="0.054"/>
  <system-out><![CDATA[]]></system-out>
  <system-err><![CDATA[]]></system-err>
</testsuite>
