<?xml version="1.0" encoding="UTF-8"?>
<testsuite name="org.springframework.web.reactive.result.view.script.KotlinScriptTemplateTests" tests="3" skipped="0" failures="0" errors="0" timestamp="2021-04-16T02:01:11" hostname="DESKTOP-3R4DVF7" time="13.546">
  <properties/>
  <testcase name="renderTemplateWithFrenchLocale" classname="org.springframework.web.reactive.result.view.script.KotlinScriptTemplateTests" time="11.821"/>
  <testcase name="renderTemplateWithoutRenderFunction" classname="org.springframework.web.reactive.result.view.script.KotlinScriptTemplateTests" time="0.328"/>
  <testcase name="renderTemplateWithEnglishLocale" classname="org.springframework.web.reactive.result.view.script.KotlinScriptTemplateTests" time="1.397"/>
  <system-out><![CDATA[10:01:11.403 [Test worker] INFO  org.springframework.context.annotation.AnnotationConfigApplicationContext - Refreshing org.springframework.context.annotation.AnnotationConfigApplicationContext@76f3eff2: startup date [Fri Apr 16 10:01:11 CST 2021]; root of context hierarchy
10:01:11.408 [Test worker] INFO  org.springframework.beans.factory.annotation.AutowiredAnnotationBeanPostProcessor - JSR-330 'javax.inject.Inject' annotation found and supported for autowiring
10:01:23.224 [Test worker] INFO  org.springframework.context.annotation.AnnotationConfigApplicationContext - Refreshing org.springframework.context.annotation.AnnotationConfigApplicationContext@15c9a2fe: startup date [Fri Apr 16 10:01:23 CST 2021]; root of context hierarchy
10:01:23.226 [Test worker] INFO  org.springframework.beans.factory.annotation.AutowiredAnnotationBeanPostProcessor - JSR-330 'javax.inject.Inject' annotation found and supported for autowiring
10:01:23.552 [Test worker] INFO  org.springframework.context.annotation.AnnotationConfigApplicationContext - Refreshing org.springframework.context.annotation.AnnotationConfigApplicationContext@32346be3: startup date [Fri Apr 16 10:01:23 CST 2021]; root of context hierarchy
10:01:23.553 [Test worker] INFO  org.springframework.beans.factory.annotation.AutowiredAnnotationBeanPostProcessor - JSR-330 'javax.inject.Inject' annotation found and supported for autowiring
]]></system-out>
  <system-err><![CDATA[WARN: Failed to initialize native filesystem for Windows
java.lang.RuntimeException: Could not find installation home path. Please make sure bin/idea.properties is present in the installation directory.
	at com.intellij.openapi.application.PathManager.getHomePath(PathManager.java:90)
	at com.intellij.openapi.application.PathManager.getHomePath(PathManager.java:68)
	at com.intellij.openapi.application.PathManager.findBinFile(PathManager.java:169)
	at com.intellij.util.lang.UrlClassLoader.loadPlatformLibrary(UrlClassLoader.java:321)
	at com.intellij.openapi.util.io.win32.IdeaWin32.<clinit>(IdeaWin32.java:48)
	at com.intellij.openapi.util.io.FileSystemUtil.getMediator(FileSystemUtil.java:62)
	at com.intellij.openapi.util.io.FileSystemUtil.<clinit>(FileSystemUtil.java:54)
	at com.intellij.openapi.vfs.impl.ZipHandler.setFileAttributes(ZipHandler.java:61)
	at com.intellij.openapi.vfs.impl.ZipHandler$1.createAccessor(ZipHandler.java:43)
	at com.intellij.openapi.vfs.impl.ZipHandler$1.createAccessor(ZipHandler.java:39)
	at com.intellij.util.io.FileAccessorCache.createHandle(FileAccessorCache.java:60)
	at com.intellij.util.io.FileAccessorCache.get(FileAccessorCache.java:52)
	at com.intellij.openapi.vfs.impl.ZipHandler.getCachedZipFileHandle(ZipHandler.java:83)
	at com.intellij.openapi.vfs.impl.ZipHandler.acquireZipHandle(ZipHandler.java:129)
	at com.intellij.openapi.vfs.impl.ZipHandlerBase.createEntriesMap(ZipHandlerBase.java:44)
	at com.intellij.openapi.vfs.impl.ArchiveHandler.getEntriesMap(ArchiveHandler.java:197)
	at com.intellij.openapi.vfs.impl.jar.CoreJarHandler.<init>(CoreJarHandler.java:42)
	at com.intellij.openapi.vfs.impl.jar.CoreJarFileSystem.lambda$new$0(CoreJarFileSystem.java:33)
	at com.intellij.util.containers.ConcurrentFactoryMap$3.create(ConcurrentFactoryMap.java:212)
	at com.intellij.util.containers.ConcurrentFactoryMap.get(ConcurrentFactoryMap.java:59)
	at com.intellij.openapi.vfs.impl.jar.CoreJarFileSystem.findFileByPath(CoreJarFileSystem.java:44)
	at org.jetbrains.kotlin.cli.jvm.compiler.KotlinCoreEnvironment.findJarRoot(KotlinCoreEnvironment.kt:403)
	at org.jetbrains.kotlin.cli.jvm.compiler.KotlinCoreEnvironment.contentRootToVirtualFile(KotlinCoreEnvironment.kt:382)
	at org.jetbrains.kotlin.cli.jvm.compiler.KotlinCoreEnvironment.access$contentRootToVirtualFile(KotlinCoreEnvironment.kt:123)
	at org.jetbrains.kotlin.cli.jvm.compiler.KotlinCoreEnvironment$4.invoke(KotlinCoreEnvironment.kt:260)
	at org.jetbrains.kotlin.cli.jvm.compiler.KotlinCoreEnvironment$4.invoke(KotlinCoreEnvironment.kt:123)
	at org.jetbrains.kotlin.cli.jvm.compiler.ClasspathRootsResolver.convertClasspathRoots(ClasspathRootsResolver.kt:70)
	at org.jetbrains.kotlin.cli.jvm.compiler.KotlinCoreEnvironment.<init>(KotlinCoreEnvironment.kt:267)
	at org.jetbrains.kotlin.cli.jvm.compiler.KotlinCoreEnvironment.<init>(KotlinCoreEnvironment.kt:123)
	at org.jetbrains.kotlin.cli.jvm.compiler.KotlinCoreEnvironment$Companion.createForProduction(KotlinCoreEnvironment.kt:504)
	at org.jetbrains.kotlin.cli.jvm.repl.GenericReplChecker.<init>(GenericReplChecker.kt:62)
	at org.jetbrains.kotlin.cli.jvm.repl.GenericReplCompiler.<init>(GenericReplCompiler.kt:57)
	at org.jetbrains.kotlin.cli.jvm.repl.GenericReplCompiler.<init>(GenericReplCompiler.kt:55)
	at org.jetbrains.kotlin.script.jsr223.KotlinJsr223JvmLocalScriptEngine$replCompiler$2.invoke(KotlinJsr223JvmLocalScriptEngine.kt:45)
	at org.jetbrains.kotlin.script.jsr223.KotlinJsr223JvmLocalScriptEngine$replCompiler$2.invoke(KotlinJsr223JvmLocalScriptEngine.kt:36)
	at kotlin.SynchronizedLazyImpl.getValue(LazyJVM.kt:74)
	at org.jetbrains.kotlin.script.jsr223.KotlinJsr223JvmLocalScriptEngine.getReplCompiler(KotlinJsr223JvmLocalScriptEngine.kt)
	at org.jetbrains.kotlin.script.jsr223.KotlinJsr223JvmLocalScriptEngine$localEvaluator$2.invoke(KotlinJsr223JvmLocalScriptEngine.kt:51)
	at org.jetbrains.kotlin.script.jsr223.KotlinJsr223JvmLocalScriptEngine$localEvaluator$2.invoke(KotlinJsr223JvmLocalScriptEngine.kt:36)
	at kotlin.SynchronizedLazyImpl.getValue(LazyJVM.kt:74)
	at org.jetbrains.kotlin.script.jsr223.KotlinJsr223JvmLocalScriptEngine.getLocalEvaluator(KotlinJsr223JvmLocalScriptEngine.kt)
	at org.jetbrains.kotlin.script.jsr223.KotlinJsr223JvmLocalScriptEngine.getReplEvaluator(KotlinJsr223JvmLocalScriptEngine.kt:53)
	at org.jetbrains.kotlin.script.jsr223.KotlinJsr223JvmLocalScriptEngine.createState(KotlinJsr223JvmLocalScriptEngine.kt:57)
	at org.jetbrains.kotlin.cli.common.repl.KotlinJsr223JvmScriptEngineBase.createState$default(KotlinJsr223JvmScriptEngineBase.kt:46)
	at org.jetbrains.kotlin.cli.common.repl.KotlinJsr223JvmScriptEngineBase.getCurrentState(KotlinJsr223JvmScriptEngineBase.kt:53)
	at org.jetbrains.kotlin.cli.common.repl.KotlinJsr223JvmScriptEngineBase.nextCodeLine(KotlinJsr223JvmScriptEngineBase.kt:44)
	at org.jetbrains.kotlin.cli.common.repl.KotlinJsr223JvmScriptEngineBase.compileAndEval(KotlinJsr223JvmScriptEngineBase.kt:59)
	at org.jetbrains.kotlin.cli.common.repl.KotlinJsr223JvmScriptEngineBase.eval(KotlinJsr223JvmScriptEngineBase.kt:33)
	at javax.script.AbstractScriptEngine.eval(AbstractScriptEngine.java:249)
	at org.springframework.web.reactive.result.view.script.ScriptTemplateView.loadScripts(ScriptTemplateView.java:259)
	at org.springframework.web.reactive.result.view.script.ScriptTemplateView.createEngineFromName(ScriptTemplateView.java:247)
	at org.springframework.web.reactive.result.view.script.ScriptTemplateView.setApplicationContext(ScriptTemplateView.java:219)
	at org.springframework.web.reactive.result.view.script.KotlinScriptTemplateTests.createViewWithUrl(KotlinScriptTemplateTests.java:92)
	at org.springframework.web.reactive.result.view.script.KotlinScriptTemplateTests.render(KotlinScriptTemplateTests.java:79)
	at org.springframework.web.reactive.result.view.script.KotlinScriptTemplateTests.renderTemplateWithFrenchLocale(KotlinScriptTemplateTests.java:48)
	at sun.reflect.NativeMethodAccessorImpl.invoke0(Native Method)
	at sun.reflect.NativeMethodAccessorImpl.invoke(NativeMethodAccessorImpl.java:62)
	at sun.reflect.DelegatingMethodAccessorImpl.invoke(DelegatingMethodAccessorImpl.java:43)
	at java.lang.reflect.Method.invoke(Method.java:498)
	at org.junit.runners.model.FrameworkMethod$1.runReflectiveCall(FrameworkMethod.java:50)
	at org.junit.internal.runners.model.ReflectiveCallable.run(ReflectiveCallable.java:12)
	at org.junit.runners.model.FrameworkMethod.invokeExplosively(FrameworkMethod.java:47)
	at org.junit.internal.runners.statements.InvokeMethod.evaluate(InvokeMethod.java:17)
	at org.junit.runners.ParentRunner.runLeaf(ParentRunner.java:325)
	at org.junit.runners.BlockJUnit4ClassRunner.runChild(BlockJUnit4ClassRunner.java:78)
	at org.junit.runners.BlockJUnit4ClassRunner.runChild(BlockJUnit4ClassRunner.java:57)
	at org.junit.runners.ParentRunner$3.run(ParentRunner.java:290)
	at org.junit.runners.ParentRunner$1.schedule(ParentRunner.java:71)
	at org.junit.runners.ParentRunner.runChildren(ParentRunner.java:288)
	at org.junit.runners.ParentRunner.access$000(ParentRunner.java:58)
	at org.junit.runners.ParentRunner$2.evaluate(ParentRunner.java:268)
	at org.junit.runners.ParentRunner.run(ParentRunner.java:363)
	at org.gradle.api.internal.tasks.testing.junit.JUnitTestClassExecuter.runTestClass(JUnitTestClassExecuter.java:114)
	at org.gradle.api.internal.tasks.testing.junit.JUnitTestClassExecuter.execute(JUnitTestClassExecuter.java:57)
	at org.gradle.api.internal.tasks.testing.junit.JUnitTestClassProcessor.processTestClass(JUnitTestClassProcessor.java:66)
	at org.gradle.api.internal.tasks.testing.SuiteTestClassProcessor.processTestClass(SuiteTestClassProcessor.java:51)
	at sun.reflect.GeneratedMethodAccessor67.invoke(Unknown Source)
	at sun.reflect.DelegatingMethodAccessorImpl.invoke(DelegatingMethodAccessorImpl.java:43)
	at java.lang.reflect.Method.invoke(Method.java:498)
	at org.gradle.internal.dispatch.ReflectionDispatch.dispatch(ReflectionDispatch.java:35)
	at org.gradle.internal.dispatch.ReflectionDispatch.dispatch(ReflectionDispatch.java:24)
	at org.gradle.internal.dispatch.ContextClassLoaderDispatch.dispatch(ContextClassLoaderDispatch.java:32)
	at org.gradle.internal.dispatch.ProxyDispatchAdapter$DispatchingInvocationHandler.invoke(ProxyDispatchAdapter.java:93)
	at com.sun.proxy.$Proxy1.processTestClass(Unknown Source)
	at org.gradle.api.internal.tasks.testing.worker.TestWorker.processTestClass(TestWorker.java:108)
	at sun.reflect.GeneratedMethodAccessor66.invoke(Unknown Source)
	at sun.reflect.DelegatingMethodAccessorImpl.invoke(DelegatingMethodAccessorImpl.java:43)
	at java.lang.reflect.Method.invoke(Method.java:498)
	at org.gradle.internal.dispatch.ReflectionDispatch.dispatch(ReflectionDispatch.java:35)
	at org.gradle.internal.dispatch.ReflectionDispatch.dispatch(ReflectionDispatch.java:24)
	at org.gradle.internal.remote.internal.hub.MessageHubBackedObjectConnection$DispatchWrapper.dispatch(MessageHubBackedObjectConnection.java:146)
	at org.gradle.internal.remote.internal.hub.MessageHubBackedObjectConnection$DispatchWrapper.dispatch(MessageHubBackedObjectConnection.java:128)
	at org.gradle.internal.remote.internal.hub.MessageHub$Handler.run(MessageHub.java:404)
	at org.gradle.internal.concurrent.ExecutorPolicy$CatchAndRecordFailures.onExecute(ExecutorPolicy.java:63)
	at org.gradle.internal.concurrent.ManagedExecutorImpl$1.run(ManagedExecutorImpl.java:46)
	at java.util.concurrent.ThreadPoolExecutor.runWorker(ThreadPoolExecutor.java:1149)
	at java.util.concurrent.ThreadPoolExecutor$Worker.run(ThreadPoolExecutor.java:624)
	at org.gradle.internal.concurrent.ThreadFactoryImpl$ManagedThreadRunnable.run(ThreadFactoryImpl.java:55)
	at java.lang.Thread.run(Thread.java:748)
]]></system-err>
</testsuite>
