<?xml version="1.0" encoding="UTF-8"?>
<testsuite name="org.springframework.web.reactive.result.view.RequestContextTests" tests="3" skipped="0" failures="0" errors="0" timestamp="2021-04-16T02:01:05" hostname="DESKTOP-3R4DVF7" time="0.005">
  <properties/>
  <testcase name="testGetContextUrlWithMap" classname="org.springframework.web.reactive.result.view.RequestContextTests" time="0.004"/>
  <testcase name="testGetContextUrlWithMapEscaping" classname="org.springframework.web.reactive.result.view.RequestContextTests" time="0.0"/>
  <testcase name="testGetContextUrl" classname="org.springframework.web.reactive.result.view.RequestContextTests" time="0.001"/>
  <system-out><![CDATA[10:01:05.941 [Test worker] INFO  org.springframework.context.support.GenericApplicationContext - Refreshing org.springframework.context.support.GenericApplicationContext@4641c7c1: startup date [Fri Apr 16 10:01:05 CST 2021]; root of context hierarchy
10:01:05.946 [Test worker] INFO  org.springframework.context.support.GenericApplicationContext - Refreshing org.springframework.context.support.GenericApplicationContext@1cee5244: startup date [Fri Apr 16 10:01:05 CST 2021]; root of context hierarchy
10:01:05.946 [Test worker] INFO  org.springframework.context.support.GenericApplicationContext - Refreshing org.springframework.context.support.GenericApplicationContext@5402eaed: startup date [Fri Apr 16 10:01:05 CST 2021]; root of context hierarchy
]]></system-out>
  <system-err><![CDATA[]]></system-err>
</testsuite>
