<?xml version="1.0" encoding="UTF-8"?>
<testsuite name="org.springframework.web.reactive.function.server.DefaultServerResponseBuilderTests" tests="27" skipped="0" failures="0" errors="0" timestamp="2021-04-16T01:57:26" hostname="DESKTOP-3R4DVF7" time="0.015">
  <properties/>
  <testcase name="accepted" classname="org.springframework.web.reactive.function.server.DefaultServerResponseBuilderTests" time="0.001"/>
  <testcase name="notModifiedEtag" classname="org.springframework.web.reactive.function.server.DefaultServerResponseBuilderTests" time="0.001"/>
  <testcase name="buildVoidPublisher" classname="org.springframework.web.reactive.function.server.DefaultServerResponseBuilderTests" time="0.001"/>
  <testcase name="temporaryRedirect" classname="org.springframework.web.reactive.function.server.DefaultServerResponseBuilderTests" time="0.0"/>
  <testcase name="status" classname="org.springframework.web.reactive.function.server.DefaultServerResponseBuilderTests" time="0.001"/>
  <testcase name="varyBy" classname="org.springframework.web.reactive.function.server.DefaultServerResponseBuilderTests" time="0.0"/>
  <testcase name="contentLength" classname="org.springframework.web.reactive.function.server.DefaultServerResponseBuilderTests" time="0.001"/>
  <testcase name="permanentRedirect" classname="org.springframework.web.reactive.function.server.DefaultServerResponseBuilderTests" time="0.0"/>
  <testcase name="contentType" classname="org.springframework.web.reactive.function.server.DefaultServerResponseBuilderTests" time="0.001"/>
  <testcase name="badRequest" classname="org.springframework.web.reactive.function.server.DefaultServerResponseBuilderTests" time="0.0"/>
  <testcase name="ok" classname="org.springframework.web.reactive.function.server.DefaultServerResponseBuilderTests" time="0.0"/>
  <testcase name="eTag" classname="org.springframework.web.reactive.function.server.DefaultServerResponseBuilderTests" time="0.0"/>
  <testcase name="from" classname="org.springframework.web.reactive.function.server.DefaultServerResponseBuilderTests" time="0.0"/>
  <testcase name="allow" classname="org.springframework.web.reactive.function.server.DefaultServerResponseBuilderTests" time="0.0"/>
  <testcase name="build" classname="org.springframework.web.reactive.function.server.DefaultServerResponseBuilderTests" time="0.001"/>
  <testcase name="cacheControlTag" classname="org.springframework.web.reactive.function.server.DefaultServerResponseBuilderTests" time="0.001"/>
  <testcase name="statusCode" classname="org.springframework.web.reactive.function.server.DefaultServerResponseBuilderTests" time="0.0"/>
  <testcase name="notModifiedLastModified" classname="org.springframework.web.reactive.function.server.DefaultServerResponseBuilderTests" time="0.001"/>
  <testcase name="bodyObjectPublisher" classname="org.springframework.web.reactive.function.server.DefaultServerResponseBuilderTests" time="0.001"/>
  <testcase name="headers" classname="org.springframework.web.reactive.function.server.DefaultServerResponseBuilderTests" time="0.0"/>
  <testcase name="cookies" classname="org.springframework.web.reactive.function.server.DefaultServerResponseBuilderTests" time="0.001"/>
  <testcase name="seeOther" classname="org.springframework.web.reactive.function.server.DefaultServerResponseBuilderTests" time="0.0"/>
  <testcase name="created" classname="org.springframework.web.reactive.function.server.DefaultServerResponseBuilderTests" time="0.001"/>
  <testcase name="noContent" classname="org.springframework.web.reactive.function.server.DefaultServerResponseBuilderTests" time="0.0"/>
  <testcase name="notFound" classname="org.springframework.web.reactive.function.server.DefaultServerResponseBuilderTests" time="0.0"/>
  <testcase name="unprocessableEntity" classname="org.springframework.web.reactive.function.server.DefaultServerResponseBuilderTests" time="0.001"/>
  <testcase name="lastModified" classname="org.springframework.web.reactive.function.server.DefaultServerResponseBuilderTests" time="0.0"/>
  <system-out><![CDATA[]]></system-out>
  <system-err><![CDATA[]]></system-err>
</testsuite>
