<?xml version="1.0" encoding="UTF-8"?>
<testsuite name="org.springframework.web.reactive.function.server.support.RouterFunctionMappingTests" tests="2" skipped="0" failures="0" errors="0" timestamp="2021-04-16T01:57:51" hostname="DESKTOP-3R4DVF7" time="0.029">
  <properties/>
  <testcase name="normal" classname="org.springframework.web.reactive.function.server.support.RouterFunctionMappingTests" time="0.014"/>
  <testcase name="noMatch" classname="org.springframework.web.reactive.function.server.support.RouterFunctionMappingTests" time="0.014"/>
  <system-out><![CDATA[]]></system-out>
  <system-err><![CDATA[]]></system-err>
</testsuite>
