<?xml version="1.0" encoding="UTF-8"?>
<testsuite name="org.springframework.web.reactive.function.client.WebClientDataBufferAllocatingTests" tests="30" skipped="0" failures="0" errors="0" timestamp="2021-04-16T01:57:18" hostname="DESKTOP-3R4DVF7" time="2.765">
  <properties/>
  <testcase name="onStatusWithBodyNotConsumed[NettyDataBufferFactory (UnpooledByteBufAllocator(directByDefault: true))]" classname="org.springframework.web.reactive.function.client.WebClientDataBufferAllocatingTests" time="0.218"/>
  <testcase name="bodyToMonoVoid[NettyDataBufferFactory (UnpooledByteBufAllocator(directByDefault: true))]" classname="org.springframework.web.reactive.function.client.WebClientDataBufferAllocatingTests" time="0.058"/>
  <testcase name="onStatusWithMonoErrorAndBodyNotConsumed[NettyDataBufferFactory (UnpooledByteBufAllocator(directByDefault: true))]" classname="org.springframework.web.reactive.function.client.WebClientDataBufferAllocatingTests" time="0.057"/>
  <testcase name="onStatusWithBodyConsumed[NettyDataBufferFactory (UnpooledByteBufAllocator(directByDefault: true))]" classname="org.springframework.web.reactive.function.client.WebClientDataBufferAllocatingTests" time="0.058"/>
  <testcase name="onStatusWithMonoErrorAndBodyConsumed[NettyDataBufferFactory (UnpooledByteBufAllocator(directByDefault: true))]" classname="org.springframework.web.reactive.function.client.WebClientDataBufferAllocatingTests" time="0.064"/>
  <testcase name="onStatusWithBodyNotConsumed[NettyDataBufferFactory (UnpooledByteBufAllocator(directByDefault: false))]" classname="org.springframework.web.reactive.function.client.WebClientDataBufferAllocatingTests" time="0.059"/>
  <testcase name="bodyToMonoVoid[NettyDataBufferFactory (UnpooledByteBufAllocator(directByDefault: false))]" classname="org.springframework.web.reactive.function.client.WebClientDataBufferAllocatingTests" time="0.062"/>
  <testcase name="onStatusWithMonoErrorAndBodyNotConsumed[NettyDataBufferFactory (UnpooledByteBufAllocator(directByDefault: false))]" classname="org.springframework.web.reactive.function.client.WebClientDataBufferAllocatingTests" time="0.078"/>
  <testcase name="onStatusWithBodyConsumed[NettyDataBufferFactory (UnpooledByteBufAllocator(directByDefault: false))]" classname="org.springframework.web.reactive.function.client.WebClientDataBufferAllocatingTests" time="0.056"/>
  <testcase name="onStatusWithMonoErrorAndBodyConsumed[NettyDataBufferFactory (UnpooledByteBufAllocator(directByDefault: false))]" classname="org.springframework.web.reactive.function.client.WebClientDataBufferAllocatingTests" time="0.067"/>
  <testcase name="onStatusWithBodyNotConsumed[NettyDataBufferFactory (PooledByteBufAllocator(directByDefault: true))]" classname="org.springframework.web.reactive.function.client.WebClientDataBufferAllocatingTests" time="0.066"/>
  <testcase name="bodyToMonoVoid[NettyDataBufferFactory (PooledByteBufAllocator(directByDefault: true))]" classname="org.springframework.web.reactive.function.client.WebClientDataBufferAllocatingTests" time="0.06"/>
  <testcase name="onStatusWithMonoErrorAndBodyNotConsumed[NettyDataBufferFactory (PooledByteBufAllocator(directByDefault: true))]" classname="org.springframework.web.reactive.function.client.WebClientDataBufferAllocatingTests" time="0.06"/>
  <testcase name="onStatusWithBodyConsumed[NettyDataBufferFactory (PooledByteBufAllocator(directByDefault: true))]" classname="org.springframework.web.reactive.function.client.WebClientDataBufferAllocatingTests" time="0.108"/>
  <testcase name="onStatusWithMonoErrorAndBodyConsumed[NettyDataBufferFactory (PooledByteBufAllocator(directByDefault: true))]" classname="org.springframework.web.reactive.function.client.WebClientDataBufferAllocatingTests" time="0.058"/>
  <testcase name="onStatusWithBodyNotConsumed[NettyDataBufferFactory (PooledByteBufAllocator(directByDefault: false))]" classname="org.springframework.web.reactive.function.client.WebClientDataBufferAllocatingTests" time="0.087"/>
  <testcase name="bodyToMonoVoid[NettyDataBufferFactory (PooledByteBufAllocator(directByDefault: false))]" classname="org.springframework.web.reactive.function.client.WebClientDataBufferAllocatingTests" time="0.102"/>
  <testcase name="onStatusWithMonoErrorAndBodyNotConsumed[NettyDataBufferFactory (PooledByteBufAllocator(directByDefault: false))]" classname="org.springframework.web.reactive.function.client.WebClientDataBufferAllocatingTests" time="0.082"/>
  <testcase name="onStatusWithBodyConsumed[NettyDataBufferFactory (PooledByteBufAllocator(directByDefault: false))]" classname="org.springframework.web.reactive.function.client.WebClientDataBufferAllocatingTests" time="0.118"/>
  <testcase name="onStatusWithMonoErrorAndBodyConsumed[NettyDataBufferFactory (PooledByteBufAllocator(directByDefault: false))]" classname="org.springframework.web.reactive.function.client.WebClientDataBufferAllocatingTests" time="0.111"/>
  <testcase name="onStatusWithBodyNotConsumed[DefaultDataBufferFactory (preferDirect=true)]" classname="org.springframework.web.reactive.function.client.WebClientDataBufferAllocatingTests" time="0.079"/>
  <testcase name="bodyToMonoVoid[DefaultDataBufferFactory (preferDirect=true)]" classname="org.springframework.web.reactive.function.client.WebClientDataBufferAllocatingTests" time="0.078"/>
  <testcase name="onStatusWithMonoErrorAndBodyNotConsumed[DefaultDataBufferFactory (preferDirect=true)]" classname="org.springframework.web.reactive.function.client.WebClientDataBufferAllocatingTests" time="0.069"/>
  <testcase name="onStatusWithBodyConsumed[DefaultDataBufferFactory (preferDirect=true)]" classname="org.springframework.web.reactive.function.client.WebClientDataBufferAllocatingTests" time="0.096"/>
  <testcase name="onStatusWithMonoErrorAndBodyConsumed[DefaultDataBufferFactory (preferDirect=true)]" classname="org.springframework.web.reactive.function.client.WebClientDataBufferAllocatingTests" time="0.083"/>
  <testcase name="onStatusWithBodyNotConsumed[DefaultDataBufferFactory (preferDirect=false)]" classname="org.springframework.web.reactive.function.client.WebClientDataBufferAllocatingTests" time="0.076"/>
  <testcase name="bodyToMonoVoid[DefaultDataBufferFactory (preferDirect=false)]" classname="org.springframework.web.reactive.function.client.WebClientDataBufferAllocatingTests" time="0.074"/>
  <testcase name="onStatusWithMonoErrorAndBodyNotConsumed[DefaultDataBufferFactory (preferDirect=false)]" classname="org.springframework.web.reactive.function.client.WebClientDataBufferAllocatingTests" time="0.107"/>
  <testcase name="onStatusWithBodyConsumed[DefaultDataBufferFactory (preferDirect=false)]" classname="org.springframework.web.reactive.function.client.WebClientDataBufferAllocatingTests" time="0.382"/>
  <testcase name="onStatusWithMonoErrorAndBodyConsumed[DefaultDataBufferFactory (preferDirect=false)]" classname="org.springframework.web.reactive.function.client.WebClientDataBufferAllocatingTests" time="0.086"/>
  <system-out><![CDATA[09:57:18.812 [reactor-http-nio-10] ERROR reactor.core.publisher.Operators - Operator called default onErrorDropped
java.lang.IllegalStateException: Only one connection receive subscriber allowed.
	at reactor.ipc.netty.channel.FluxReceive.startReceiver(FluxReceive.java:279) [reactor-netty-0.7.15.RELEASE.jar:0.7.15.RELEASE]
	at reactor.ipc.netty.channel.FluxReceive.subscribe(FluxReceive.java:126) [reactor-netty-0.7.15.RELEASE.jar:0.7.15.RELEASE]
	at reactor.core.publisher.FluxMap.subscribe(FluxMap.java:62) [reactor-core-3.1.16.RELEASE.jar:3.1.16.RELEASE]
	at reactor.ipc.netty.ByteBufFlux.subscribe(ByteBufFlux.java:282) [reactor-netty-0.7.15.RELEASE.jar:0.7.15.RELEASE]
	at reactor.core.publisher.FluxPeek.subscribe(FluxPeek.java:83) [reactor-core-3.1.16.RELEASE.jar:3.1.16.RELEASE]
	at reactor.core.publisher.FluxMap.subscribe(FluxMap.java:62) [reactor-core-3.1.16.RELEASE.jar:3.1.16.RELEASE]
	at reactor.core.publisher.FluxMap.subscribe(FluxMap.java:62) [reactor-core-3.1.16.RELEASE.jar:3.1.16.RELEASE]
	at reactor.core.publisher.FluxOnErrorResume.subscribe(FluxOnErrorResume.java:47) [reactor-core-3.1.16.RELEASE.jar:3.1.16.RELEASE]
	at reactor.core.publisher.MonoIgnoreElements.subscribe(MonoIgnoreElements.java:37) [reactor-core-3.1.16.RELEASE.jar:3.1.16.RELEASE]
	at reactor.core.publisher.MonoOnErrorResume.subscribe(MonoOnErrorResume.java:44) [reactor-core-3.1.16.RELEASE.jar:3.1.16.RELEASE]
	at reactor.core.publisher.Mono.subscribe(Mono.java:3088) [reactor-core-3.1.16.RELEASE.jar:3.1.16.RELEASE]
	at reactor.core.publisher.MonoIgnoreThen$ThenIgnoreMain.drain(MonoIgnoreThen.java:172) [reactor-core-3.1.16.RELEASE.jar:3.1.16.RELEASE]
	at reactor.core.publisher.MonoIgnoreThen.subscribe(MonoIgnoreThen.java:56) [reactor-core-3.1.16.RELEASE.jar:3.1.16.RELEASE]
	at reactor.core.publisher.Mono.subscribe(Mono.java:3088) [reactor-core-3.1.16.RELEASE.jar:3.1.16.RELEASE]
	at reactor.core.publisher.FluxOnErrorResume$ResumeSubscriber.onError(FluxOnErrorResume.java:97) [reactor-core-3.1.16.RELEASE.jar:3.1.16.RELEASE]
	at reactor.core.publisher.MonoFlatMap$FlatMapMain.secondError(MonoFlatMap.java:185) [reactor-core-3.1.16.RELEASE.jar:3.1.16.RELEASE]
	at reactor.core.publisher.MonoFlatMap$FlatMapInner.onError(MonoFlatMap.java:251) [reactor-core-3.1.16.RELEASE.jar:3.1.16.RELEASE]
	at reactor.core.publisher.Operators$MonoSubscriber.onError(Operators.java:1126) [reactor-core-3.1.16.RELEASE.jar:3.1.16.RELEASE]
	at reactor.core.publisher.MonoIgnoreThen$ThenIgnoreInner.onError(MonoIgnoreThen.java:234) [reactor-core-3.1.16.RELEASE.jar:3.1.16.RELEASE]
	at reactor.core.publisher.FluxOnErrorResume$ResumeSubscriber.onError(FluxOnErrorResume.java:100) [reactor-core-3.1.16.RELEASE.jar:3.1.16.RELEASE]
	at reactor.core.publisher.Operators.error(Operators.java:178) [reactor-core-3.1.16.RELEASE.jar:3.1.16.RELEASE]
	at reactor.core.publisher.MonoError.subscribe(MonoError.java:53) [reactor-core-3.1.16.RELEASE.jar:3.1.16.RELEASE]
	at reactor.core.publisher.Mono.subscribe(Mono.java:3088) [reactor-core-3.1.16.RELEASE.jar:3.1.16.RELEASE]
	at reactor.core.publisher.FluxOnErrorResume$ResumeSubscriber.onError(FluxOnErrorResume.java:97) [reactor-core-3.1.16.RELEASE.jar:3.1.16.RELEASE]
	at reactor.core.publisher.MonoIgnoreElements$IgnoreElementsSubscriber.onError(MonoIgnoreElements.java:75) [reactor-core-3.1.16.RELEASE.jar:3.1.16.RELEASE]
	at reactor.core.publisher.FluxOnErrorResume$ResumeSubscriber.onError(FluxOnErrorResume.java:100) [reactor-core-3.1.16.RELEASE.jar:3.1.16.RELEASE]
	at reactor.core.publisher.Operators.error(Operators.java:178) [reactor-core-3.1.16.RELEASE.jar:3.1.16.RELEASE]
	at reactor.core.publisher.FluxError.subscribe(FluxError.java:45) [reactor-core-3.1.16.RELEASE.jar:3.1.16.RELEASE]
	at reactor.core.publisher.Flux.subscribe(Flux.java:6877) [reactor-core-3.1.16.RELEASE.jar:3.1.16.RELEASE]
	at reactor.core.publisher.FluxOnErrorResume$ResumeSubscriber.onError(FluxOnErrorResume.java:97) [reactor-core-3.1.16.RELEASE.jar:3.1.16.RELEASE]
	at reactor.core.publisher.FluxMap$MapSubscriber.onError(FluxMap.java:120) [reactor-core-3.1.16.RELEASE.jar:3.1.16.RELEASE]
	at reactor.core.publisher.FluxMap$MapSubscriber.onError(FluxMap.java:120) [reactor-core-3.1.16.RELEASE.jar:3.1.16.RELEASE]
	at reactor.core.publisher.Operators.error(Operators.java:178) [reactor-core-3.1.16.RELEASE.jar:3.1.16.RELEASE]
	at reactor.core.publisher.FluxPeek$PeekSubscriber.onSubscribe(FluxPeek.java:157) [reactor-core-3.1.16.RELEASE.jar:3.1.16.RELEASE]
	at reactor.core.publisher.FluxMap$MapSubscriber.onSubscribe(FluxMap.java:86) [reactor-core-3.1.16.RELEASE.jar:3.1.16.RELEASE]
	at reactor.ipc.netty.channel.FluxReceive.startReceiver(FluxReceive.java:276) [reactor-netty-0.7.15.RELEASE.jar:0.7.15.RELEASE]
	at reactor.ipc.netty.channel.FluxReceive.subscribe(FluxReceive.java:126) [reactor-netty-0.7.15.RELEASE.jar:0.7.15.RELEASE]
	at reactor.core.publisher.FluxMap.subscribe(FluxMap.java:62) [reactor-core-3.1.16.RELEASE.jar:3.1.16.RELEASE]
	at reactor.ipc.netty.ByteBufFlux.subscribe(ByteBufFlux.java:282) [reactor-netty-0.7.15.RELEASE.jar:0.7.15.RELEASE]
	at reactor.core.publisher.FluxPeek.subscribe(FluxPeek.java:83) [reactor-core-3.1.16.RELEASE.jar:3.1.16.RELEASE]
	at reactor.core.publisher.FluxMap.subscribe(FluxMap.java:62) [reactor-core-3.1.16.RELEASE.jar:3.1.16.RELEASE]
	at reactor.core.publisher.FluxMap.subscribe(FluxMap.java:62) [reactor-core-3.1.16.RELEASE.jar:3.1.16.RELEASE]
	at reactor.core.publisher.FluxOnErrorResume.subscribe(FluxOnErrorResume.java:47) [reactor-core-3.1.16.RELEASE.jar:3.1.16.RELEASE]
	at reactor.core.publisher.MonoIgnoreElements.subscribe(MonoIgnoreElements.java:37) [reactor-core-3.1.16.RELEASE.jar:3.1.16.RELEASE]
	at reactor.core.publisher.MonoOnErrorResume.subscribe(MonoOnErrorResume.java:44) [reactor-core-3.1.16.RELEASE.jar:3.1.16.RELEASE]
	at reactor.core.publisher.Mono.subscribe(Mono.java:3088) [reactor-core-3.1.16.RELEASE.jar:3.1.16.RELEASE]
	at reactor.core.publisher.MonoIgnoreThen$ThenIgnoreMain.drain(MonoIgnoreThen.java:172) [reactor-core-3.1.16.RELEASE.jar:3.1.16.RELEASE]
	at reactor.core.publisher.MonoIgnoreThen.subscribe(MonoIgnoreThen.java:56) [reactor-core-3.1.16.RELEASE.jar:3.1.16.RELEASE]
	at reactor.core.publisher.MonoFlatMap$FlatMapMain.onNext(MonoFlatMap.java:150) [reactor-core-3.1.16.RELEASE.jar:3.1.16.RELEASE]
	at reactor.core.publisher.Operators$MonoSubscriber.complete(Operators.java:1083) [reactor-core-3.1.16.RELEASE.jar:3.1.16.RELEASE]
	at reactor.core.publisher.MonoIgnoreThen$ThenIgnoreMain.drain(MonoIgnoreThen.java:147) [reactor-core-3.1.16.RELEASE.jar:3.1.16.RELEASE]
	at reactor.core.publisher.MonoIgnoreThen$ThenIgnoreMain.ignoreDone(MonoIgnoreThen.java:190) [reactor-core-3.1.16.RELEASE.jar:3.1.16.RELEASE]
	at reactor.core.publisher.MonoIgnoreThen$ThenIgnoreInner.onComplete(MonoIgnoreThen.java:239) [reactor-core-3.1.16.RELEASE.jar:3.1.16.RELEASE]
	at reactor.core.publisher.MonoIgnoreElements$IgnoreElementsSubscriber.onComplete(MonoIgnoreElements.java:80) [reactor-core-3.1.16.RELEASE.jar:3.1.16.RELEASE]
	at reactor.core.publisher.Operators$MultiSubscriptionSubscriber.onComplete(Operators.java:1318) [reactor-core-3.1.16.RELEASE.jar:3.1.16.RELEASE]
	at reactor.core.publisher.Operators.complete(Operators.java:128) [reactor-core-3.1.16.RELEASE.jar:3.1.16.RELEASE]
	at reactor.core.publisher.MonoEmpty.subscribe(MonoEmpty.java:45) [reactor-core-3.1.16.RELEASE.jar:3.1.16.RELEASE]
	at reactor.core.publisher.Mono.subscribe(Mono.java:3088) [reactor-core-3.1.16.RELEASE.jar:3.1.16.RELEASE]
	at reactor.core.publisher.FluxOnErrorResume$ResumeSubscriber.onError(FluxOnErrorResume.java:97) [reactor-core-3.1.16.RELEASE.jar:3.1.16.RELEASE]
	at reactor.core.publisher.FluxMap$MapSubscriber.onError(FluxMap.java:120) [reactor-core-3.1.16.RELEASE.jar:3.1.16.RELEASE]
	at reactor.core.publisher.FluxMap$MapSubscriber.onNext(FluxMap.java:104) [reactor-core-3.1.16.RELEASE.jar:3.1.16.RELEASE]
	at reactor.core.publisher.FluxMap$MapSubscriber.onNext(FluxMap.java:108) [reactor-core-3.1.16.RELEASE.jar:3.1.16.RELEASE]
	at reactor.core.publisher.FluxPeek$PeekSubscriber.onNext(FluxPeek.java:185) [reactor-core-3.1.16.RELEASE.jar:3.1.16.RELEASE]
	at reactor.core.publisher.FluxMap$MapSubscriber.onNext(FluxMap.java:108) [reactor-core-3.1.16.RELEASE.jar:3.1.16.RELEASE]
	at reactor.ipc.netty.channel.FluxReceive.drainReceiver(FluxReceive.java:213) [reactor-netty-0.7.15.RELEASE.jar:0.7.15.RELEASE]
	at reactor.ipc.netty.channel.FluxReceive.onInboundNext(FluxReceive.java:329) [reactor-netty-0.7.15.RELEASE.jar:0.7.15.RELEASE]
	at reactor.ipc.netty.channel.ChannelOperations.onInboundNext(ChannelOperations.java:311) [reactor-netty-0.7.15.RELEASE.jar:0.7.15.RELEASE]
	at reactor.ipc.netty.http.client.HttpClientOperations.onInboundNext(HttpClientOperations.java:652) [reactor-netty-0.7.15.RELEASE.jar:0.7.15.RELEASE]
	at reactor.ipc.netty.channel.ChannelOperationsHandler.channelRead(ChannelOperationsHandler.java:138) [reactor-netty-0.7.15.RELEASE.jar:0.7.15.RELEASE]
	at io.netty.channel.AbstractChannelHandlerContext.invokeChannelRead(AbstractChannelHandlerContext.java:374) [netty-transport-4.1.39.Final.jar:4.1.39.Final]
	at io.netty.channel.AbstractChannelHandlerContext.invokeChannelRead(AbstractChannelHandlerContext.java:360) [netty-transport-4.1.39.Final.jar:4.1.39.Final]
	at io.netty.channel.AbstractChannelHandlerContext.fireChannelRead(AbstractChannelHandlerContext.java:352) [netty-transport-4.1.39.Final.jar:4.1.39.Final]
	at io.netty.channel.CombinedChannelDuplexHandler$DelegatingChannelHandlerContext.fireChannelRead(CombinedChannelDuplexHandler.java:438) [netty-transport-4.1.39.Final.jar:4.1.39.Final]
	at io.netty.handler.codec.ByteToMessageDecoder.fireChannelRead(ByteToMessageDecoder.java:328) [netty-codec-4.1.39.Final.jar:4.1.39.Final]
	at io.netty.handler.codec.ByteToMessageDecoder.fireChannelRead(ByteToMessageDecoder.java:315) [netty-codec-4.1.39.Final.jar:4.1.39.Final]
	at io.netty.handler.codec.ByteToMessageDecoder.callDecode(ByteToMessageDecoder.java:429) [netty-codec-4.1.39.Final.jar:4.1.39.Final]
	at io.netty.handler.codec.ByteToMessageDecoder.channelRead(ByteToMessageDecoder.java:283) [netty-codec-4.1.39.Final.jar:4.1.39.Final]
	at io.netty.channel.CombinedChannelDuplexHandler.channelRead(CombinedChannelDuplexHandler.java:253) [netty-transport-4.1.39.Final.jar:4.1.39.Final]
	at io.netty.channel.AbstractChannelHandlerContext.invokeChannelRead(AbstractChannelHandlerContext.java:374) [netty-transport-4.1.39.Final.jar:4.1.39.Final]
	at io.netty.channel.AbstractChannelHandlerContext.invokeChannelRead(AbstractChannelHandlerContext.java:360) [netty-transport-4.1.39.Final.jar:4.1.39.Final]
	at io.netty.channel.AbstractChannelHandlerContext.fireChannelRead(AbstractChannelHandlerContext.java:352) [netty-transport-4.1.39.Final.jar:4.1.39.Final]
	at io.netty.channel.DefaultChannelPipeline$HeadContext.channelRead(DefaultChannelPipeline.java:1421) [netty-transport-4.1.39.Final.jar:4.1.39.Final]
	at io.netty.channel.AbstractChannelHandlerContext.invokeChannelRead(AbstractChannelHandlerContext.java:374) [netty-transport-4.1.39.Final.jar:4.1.39.Final]
	at io.netty.channel.AbstractChannelHandlerContext.invokeChannelRead(AbstractChannelHandlerContext.java:360) [netty-transport-4.1.39.Final.jar:4.1.39.Final]
	at io.netty.channel.DefaultChannelPipeline.fireChannelRead(DefaultChannelPipeline.java:930) [netty-transport-4.1.39.Final.jar:4.1.39.Final]
	at io.netty.channel.nio.AbstractNioByteChannel$NioByteUnsafe.read(AbstractNioByteChannel.java:163) [netty-transport-4.1.39.Final.jar:4.1.39.Final]
	at io.netty.channel.nio.NioEventLoop.processSelectedKey(NioEventLoop.java:697) [netty-transport-4.1.39.Final.jar:4.1.39.Final]
	at io.netty.channel.nio.NioEventLoop.processSelectedKeysOptimized(NioEventLoop.java:632) [netty-transport-4.1.39.Final.jar:4.1.39.Final]
	at io.netty.channel.nio.NioEventLoop.processSelectedKeys(NioEventLoop.java:549) [netty-transport-4.1.39.Final.jar:4.1.39.Final]
	at io.netty.channel.nio.NioEventLoop.run(NioEventLoop.java:511) [netty-transport-4.1.39.Final.jar:4.1.39.Final]
	at io.netty.util.concurrent.SingleThreadEventExecutor$5.run(SingleThreadEventExecutor.java:918) [netty-common-4.1.39.Final.jar:4.1.39.Final]
	at io.netty.util.internal.ThreadExecutorMap$2.run(ThreadExecutorMap.java:74) [netty-common-4.1.39.Final.jar:4.1.39.Final]
	at java.lang.Thread.run(Thread.java:748) [?:1.8.0_271]
09:57:18.826 [reactor-http-nio-10] ERROR reactor.core.publisher.Operators - Operator called default onErrorDropped
reactor.core.Exceptions$BubblingException: java.lang.IllegalStateException: Only one connection receive subscriber allowed.
	at reactor.core.Exceptions.bubble(Exceptions.java:154) ~[reactor-core-3.1.16.RELEASE.jar:3.1.16.RELEASE]
	at reactor.core.publisher.Operators.onErrorDropped(Operators.java:263) ~[reactor-core-3.1.16.RELEASE.jar:3.1.16.RELEASE]
	at reactor.core.publisher.FluxMap$MapSubscriber.onError(FluxMap.java:114) ~[reactor-core-3.1.16.RELEASE.jar:3.1.16.RELEASE]
	at reactor.core.publisher.FluxPeek$PeekSubscriber.onError(FluxPeek.java:207) ~[reactor-core-3.1.16.RELEASE.jar:3.1.16.RELEASE]
	at reactor.core.publisher.FluxMap$MapSubscriber.onError(FluxMap.java:120) ~[reactor-core-3.1.16.RELEASE.jar:3.1.16.RELEASE]
	at reactor.core.publisher.Operators.error(Operators.java:178) ~[reactor-core-3.1.16.RELEASE.jar:3.1.16.RELEASE]
	at reactor.ipc.netty.channel.FluxReceive.startReceiver(FluxReceive.java:279) ~[reactor-netty-0.7.15.RELEASE.jar:0.7.15.RELEASE]
	at reactor.ipc.netty.channel.FluxReceive.subscribe(FluxReceive.java:126) ~[reactor-netty-0.7.15.RELEASE.jar:0.7.15.RELEASE]
	at reactor.core.publisher.FluxMap.subscribe(FluxMap.java:62) ~[reactor-core-3.1.16.RELEASE.jar:3.1.16.RELEASE]
	at reactor.ipc.netty.ByteBufFlux.subscribe(ByteBufFlux.java:282) ~[reactor-netty-0.7.15.RELEASE.jar:0.7.15.RELEASE]
	at reactor.core.publisher.FluxPeek.subscribe(FluxPeek.java:83) ~[reactor-core-3.1.16.RELEASE.jar:3.1.16.RELEASE]
	at reactor.core.publisher.FluxMap.subscribe(FluxMap.java:62) ~[reactor-core-3.1.16.RELEASE.jar:3.1.16.RELEASE]
	at reactor.core.publisher.FluxMap.subscribe(FluxMap.java:62) ~[reactor-core-3.1.16.RELEASE.jar:3.1.16.RELEASE]
	at reactor.core.publisher.FluxOnErrorResume.subscribe(FluxOnErrorResume.java:47) ~[reactor-core-3.1.16.RELEASE.jar:3.1.16.RELEASE]
	at reactor.core.publisher.MonoIgnoreElements.subscribe(MonoIgnoreElements.java:37) ~[reactor-core-3.1.16.RELEASE.jar:3.1.16.RELEASE]
	at reactor.core.publisher.MonoOnErrorResume.subscribe(MonoOnErrorResume.java:44) ~[reactor-core-3.1.16.RELEASE.jar:3.1.16.RELEASE]
	at reactor.core.publisher.Mono.subscribe(Mono.java:3088) ~[reactor-core-3.1.16.RELEASE.jar:3.1.16.RELEASE]
	at reactor.core.publisher.MonoIgnoreThen$ThenIgnoreMain.drain(MonoIgnoreThen.java:172) ~[reactor-core-3.1.16.RELEASE.jar:3.1.16.RELEASE]
	at reactor.core.publisher.MonoIgnoreThen.subscribe(MonoIgnoreThen.java:56) ~[reactor-core-3.1.16.RELEASE.jar:3.1.16.RELEASE]
	at reactor.core.publisher.Mono.subscribe(Mono.java:3088) ~[reactor-core-3.1.16.RELEASE.jar:3.1.16.RELEASE]
	at reactor.core.publisher.FluxOnErrorResume$ResumeSubscriber.onError(FluxOnErrorResume.java:97) ~[reactor-core-3.1.16.RELEASE.jar:3.1.16.RELEASE]
	at reactor.core.publisher.MonoFlatMap$FlatMapMain.secondError(MonoFlatMap.java:185) ~[reactor-core-3.1.16.RELEASE.jar:3.1.16.RELEASE]
	at reactor.core.publisher.MonoFlatMap$FlatMapInner.onError(MonoFlatMap.java:251) ~[reactor-core-3.1.16.RELEASE.jar:3.1.16.RELEASE]
	at reactor.core.publisher.Operators$MonoSubscriber.onError(Operators.java:1126) ~[reactor-core-3.1.16.RELEASE.jar:3.1.16.RELEASE]
	at reactor.core.publisher.MonoIgnoreThen$ThenIgnoreInner.onError(MonoIgnoreThen.java:234) ~[reactor-core-3.1.16.RELEASE.jar:3.1.16.RELEASE]
	at reactor.core.publisher.FluxOnErrorResume$ResumeSubscriber.onError(FluxOnErrorResume.java:100) ~[reactor-core-3.1.16.RELEASE.jar:3.1.16.RELEASE]
	at reactor.core.publisher.Operators.error(Operators.java:178) ~[reactor-core-3.1.16.RELEASE.jar:3.1.16.RELEASE]
	at reactor.core.publisher.MonoError.subscribe(MonoError.java:53) ~[reactor-core-3.1.16.RELEASE.jar:3.1.16.RELEASE]
	at reactor.core.publisher.Mono.subscribe(Mono.java:3088) ~[reactor-core-3.1.16.RELEASE.jar:3.1.16.RELEASE]
	at reactor.core.publisher.FluxOnErrorResume$ResumeSubscriber.onError(FluxOnErrorResume.java:97) ~[reactor-core-3.1.16.RELEASE.jar:3.1.16.RELEASE]
	at reactor.core.publisher.MonoIgnoreElements$IgnoreElementsSubscriber.onError(MonoIgnoreElements.java:75) ~[reactor-core-3.1.16.RELEASE.jar:3.1.16.RELEASE]
	at reactor.core.publisher.FluxOnErrorResume$ResumeSubscriber.onError(FluxOnErrorResume.java:100) ~[reactor-core-3.1.16.RELEASE.jar:3.1.16.RELEASE]
	at reactor.core.publisher.Operators.error(Operators.java:178) ~[reactor-core-3.1.16.RELEASE.jar:3.1.16.RELEASE]
	at reactor.core.publisher.FluxError.subscribe(FluxError.java:45) ~[reactor-core-3.1.16.RELEASE.jar:3.1.16.RELEASE]
	at reactor.core.publisher.Flux.subscribe(Flux.java:6877) ~[reactor-core-3.1.16.RELEASE.jar:3.1.16.RELEASE]
	at reactor.core.publisher.FluxOnErrorResume$ResumeSubscriber.onError(FluxOnErrorResume.java:97) ~[reactor-core-3.1.16.RELEASE.jar:3.1.16.RELEASE]
	at reactor.core.publisher.FluxMap$MapSubscriber.onError(FluxMap.java:120) ~[reactor-core-3.1.16.RELEASE.jar:3.1.16.RELEASE]
	at reactor.core.publisher.FluxMap$MapSubscriber.onError(FluxMap.java:120) ~[reactor-core-3.1.16.RELEASE.jar:3.1.16.RELEASE]
	at reactor.core.publisher.Operators.error(Operators.java:178) ~[reactor-core-3.1.16.RELEASE.jar:3.1.16.RELEASE]
	at reactor.core.publisher.FluxPeek$PeekSubscriber.onSubscribe(FluxPeek.java:157) ~[reactor-core-3.1.16.RELEASE.jar:3.1.16.RELEASE]
	at reactor.core.publisher.FluxMap$MapSubscriber.onSubscribe(FluxMap.java:86) ~[reactor-core-3.1.16.RELEASE.jar:3.1.16.RELEASE]
	at reactor.ipc.netty.channel.FluxReceive.startReceiver(FluxReceive.java:276) ~[reactor-netty-0.7.15.RELEASE.jar:0.7.15.RELEASE]
	at reactor.ipc.netty.channel.FluxReceive.subscribe(FluxReceive.java:126) ~[reactor-netty-0.7.15.RELEASE.jar:0.7.15.RELEASE]
	at reactor.core.publisher.FluxMap.subscribe(FluxMap.java:62) ~[reactor-core-3.1.16.RELEASE.jar:3.1.16.RELEASE]
	at reactor.ipc.netty.ByteBufFlux.subscribe(ByteBufFlux.java:282) ~[reactor-netty-0.7.15.RELEASE.jar:0.7.15.RELEASE]
	at reactor.core.publisher.FluxPeek.subscribe(FluxPeek.java:83) ~[reactor-core-3.1.16.RELEASE.jar:3.1.16.RELEASE]
	at reactor.core.publisher.FluxMap.subscribe(FluxMap.java:62) ~[reactor-core-3.1.16.RELEASE.jar:3.1.16.RELEASE]
	at reactor.core.publisher.FluxMap.subscribe(FluxMap.java:62) ~[reactor-core-3.1.16.RELEASE.jar:3.1.16.RELEASE]
	at reactor.core.publisher.FluxOnErrorResume.subscribe(FluxOnErrorResume.java:47) ~[reactor-core-3.1.16.RELEASE.jar:3.1.16.RELEASE]
	at reactor.core.publisher.MonoIgnoreElements.subscribe(MonoIgnoreElements.java:37) ~[reactor-core-3.1.16.RELEASE.jar:3.1.16.RELEASE]
	at reactor.core.publisher.MonoOnErrorResume.subscribe(MonoOnErrorResume.java:44) ~[reactor-core-3.1.16.RELEASE.jar:3.1.16.RELEASE]
	at reactor.core.publisher.Mono.subscribe(Mono.java:3088) ~[reactor-core-3.1.16.RELEASE.jar:3.1.16.RELEASE]
	at reactor.core.publisher.MonoIgnoreThen$ThenIgnoreMain.drain(MonoIgnoreThen.java:172) ~[reactor-core-3.1.16.RELEASE.jar:3.1.16.RELEASE]
	at reactor.core.publisher.MonoIgnoreThen.subscribe(MonoIgnoreThen.java:56) ~[reactor-core-3.1.16.RELEASE.jar:3.1.16.RELEASE]
	at reactor.core.publisher.MonoFlatMap$FlatMapMain.onNext(MonoFlatMap.java:150) ~[reactor-core-3.1.16.RELEASE.jar:3.1.16.RELEASE]
	at reactor.core.publisher.Operators$MonoSubscriber.complete(Operators.java:1083) ~[reactor-core-3.1.16.RELEASE.jar:3.1.16.RELEASE]
	at reactor.core.publisher.MonoIgnoreThen$ThenIgnoreMain.drain(MonoIgnoreThen.java:147) ~[reactor-core-3.1.16.RELEASE.jar:3.1.16.RELEASE]
	at reactor.core.publisher.MonoIgnoreThen$ThenIgnoreMain.ignoreDone(MonoIgnoreThen.java:190) ~[reactor-core-3.1.16.RELEASE.jar:3.1.16.RELEASE]
	at reactor.core.publisher.MonoIgnoreThen$ThenIgnoreInner.onComplete(MonoIgnoreThen.java:239) ~[reactor-core-3.1.16.RELEASE.jar:3.1.16.RELEASE]
	at reactor.core.publisher.MonoIgnoreElements$IgnoreElementsSubscriber.onComplete(MonoIgnoreElements.java:80) ~[reactor-core-3.1.16.RELEASE.jar:3.1.16.RELEASE]
	at reactor.core.publisher.Operators$MultiSubscriptionSubscriber.onComplete(Operators.java:1318) ~[reactor-core-3.1.16.RELEASE.jar:3.1.16.RELEASE]
	at reactor.core.publisher.Operators.complete(Operators.java:128) ~[reactor-core-3.1.16.RELEASE.jar:3.1.16.RELEASE]
	at reactor.core.publisher.MonoEmpty.subscribe(MonoEmpty.java:45) ~[reactor-core-3.1.16.RELEASE.jar:3.1.16.RELEASE]
	at reactor.core.publisher.Mono.subscribe(Mono.java:3088) ~[reactor-core-3.1.16.RELEASE.jar:3.1.16.RELEASE]
	at reactor.core.publisher.FluxOnErrorResume$ResumeSubscriber.onError(FluxOnErrorResume.java:97) ~[reactor-core-3.1.16.RELEASE.jar:3.1.16.RELEASE]
	at reactor.core.publisher.FluxMap$MapSubscriber.onError(FluxMap.java:120) ~[reactor-core-3.1.16.RELEASE.jar:3.1.16.RELEASE]
	at reactor.core.publisher.FluxMap$MapSubscriber.onNext(FluxMap.java:104) ~[reactor-core-3.1.16.RELEASE.jar:3.1.16.RELEASE]
	at reactor.core.publisher.FluxMap$MapSubscriber.onNext(FluxMap.java:108) ~[reactor-core-3.1.16.RELEASE.jar:3.1.16.RELEASE]
	at reactor.core.publisher.FluxPeek$PeekSubscriber.onNext(FluxPeek.java:185) ~[reactor-core-3.1.16.RELEASE.jar:3.1.16.RELEASE]
	at reactor.core.publisher.FluxMap$MapSubscriber.onNext(FluxMap.java:108) ~[reactor-core-3.1.16.RELEASE.jar:3.1.16.RELEASE]
	at reactor.ipc.netty.channel.FluxReceive.drainReceiver(FluxReceive.java:213) ~[reactor-netty-0.7.15.RELEASE.jar:0.7.15.RELEASE]
	at reactor.ipc.netty.channel.FluxReceive.onInboundNext(FluxReceive.java:329) ~[reactor-netty-0.7.15.RELEASE.jar:0.7.15.RELEASE]
	at reactor.ipc.netty.channel.ChannelOperations.onInboundNext(ChannelOperations.java:311) ~[reactor-netty-0.7.15.RELEASE.jar:0.7.15.RELEASE]
	at reactor.ipc.netty.http.client.HttpClientOperations.onInboundNext(HttpClientOperations.java:652) ~[reactor-netty-0.7.15.RELEASE.jar:0.7.15.RELEASE]
	at reactor.ipc.netty.channel.ChannelOperationsHandler.channelRead(ChannelOperationsHandler.java:138) ~[reactor-netty-0.7.15.RELEASE.jar:0.7.15.RELEASE]
	at io.netty.channel.AbstractChannelHandlerContext.invokeChannelRead(AbstractChannelHandlerContext.java:374) [netty-transport-4.1.39.Final.jar:4.1.39.Final]
	at io.netty.channel.AbstractChannelHandlerContext.invokeChannelRead(AbstractChannelHandlerContext.java:360) [netty-transport-4.1.39.Final.jar:4.1.39.Final]
	at io.netty.channel.AbstractChannelHandlerContext.fireChannelRead(AbstractChannelHandlerContext.java:352) [netty-transport-4.1.39.Final.jar:4.1.39.Final]
	at io.netty.channel.CombinedChannelDuplexHandler$DelegatingChannelHandlerContext.fireChannelRead(CombinedChannelDuplexHandler.java:438) [netty-transport-4.1.39.Final.jar:4.1.39.Final]
	at io.netty.handler.codec.ByteToMessageDecoder.fireChannelRead(ByteToMessageDecoder.java:328) [netty-codec-4.1.39.Final.jar:4.1.39.Final]
	at io.netty.handler.codec.ByteToMessageDecoder.fireChannelRead(ByteToMessageDecoder.java:315) [netty-codec-4.1.39.Final.jar:4.1.39.Final]
	at io.netty.handler.codec.ByteToMessageDecoder.callDecode(ByteToMessageDecoder.java:429) [netty-codec-4.1.39.Final.jar:4.1.39.Final]
	at io.netty.handler.codec.ByteToMessageDecoder.channelRead(ByteToMessageDecoder.java:283) [netty-codec-4.1.39.Final.jar:4.1.39.Final]
	at io.netty.channel.CombinedChannelDuplexHandler.channelRead(CombinedChannelDuplexHandler.java:253) [netty-transport-4.1.39.Final.jar:4.1.39.Final]
	at io.netty.channel.AbstractChannelHandlerContext.invokeChannelRead(AbstractChannelHandlerContext.java:374) [netty-transport-4.1.39.Final.jar:4.1.39.Final]
	at io.netty.channel.AbstractChannelHandlerContext.invokeChannelRead(AbstractChannelHandlerContext.java:360) [netty-transport-4.1.39.Final.jar:4.1.39.Final]
	at io.netty.channel.AbstractChannelHandlerContext.fireChannelRead(AbstractChannelHandlerContext.java:352) [netty-transport-4.1.39.Final.jar:4.1.39.Final]
	at io.netty.channel.DefaultChannelPipeline$HeadContext.channelRead(DefaultChannelPipeline.java:1421) [netty-transport-4.1.39.Final.jar:4.1.39.Final]
	at io.netty.channel.AbstractChannelHandlerContext.invokeChannelRead(AbstractChannelHandlerContext.java:374) [netty-transport-4.1.39.Final.jar:4.1.39.Final]
	at io.netty.channel.AbstractChannelHandlerContext.invokeChannelRead(AbstractChannelHandlerContext.java:360) [netty-transport-4.1.39.Final.jar:4.1.39.Final]
	at io.netty.channel.DefaultChannelPipeline.fireChannelRead(DefaultChannelPipeline.java:930) [netty-transport-4.1.39.Final.jar:4.1.39.Final]
	at io.netty.channel.nio.AbstractNioByteChannel$NioByteUnsafe.read(AbstractNioByteChannel.java:163) [netty-transport-4.1.39.Final.jar:4.1.39.Final]
	at io.netty.channel.nio.NioEventLoop.processSelectedKey(NioEventLoop.java:697) [netty-transport-4.1.39.Final.jar:4.1.39.Final]
	at io.netty.channel.nio.NioEventLoop.processSelectedKeysOptimized(NioEventLoop.java:632) [netty-transport-4.1.39.Final.jar:4.1.39.Final]
	at io.netty.channel.nio.NioEventLoop.processSelectedKeys(NioEventLoop.java:549) [netty-transport-4.1.39.Final.jar:4.1.39.Final]
	at io.netty.channel.nio.NioEventLoop.run(NioEventLoop.java:511) [netty-transport-4.1.39.Final.jar:4.1.39.Final]
	at io.netty.util.concurrent.SingleThreadEventExecutor$5.run(SingleThreadEventExecutor.java:918) [netty-common-4.1.39.Final.jar:4.1.39.Final]
	at io.netty.util.internal.ThreadExecutorMap$2.run(ThreadExecutorMap.java:74) [netty-common-4.1.39.Final.jar:4.1.39.Final]
	at java.lang.Thread.run(Thread.java:748) [?:1.8.0_271]
Caused by: java.lang.IllegalStateException: Only one connection receive subscriber allowed.
	... 93 more
09:57:18.833 [reactor-http-nio-10] WARN  io.netty.channel.AbstractChannelHandlerContext - An exception 'reactor.core.Exceptions$BubblingException: java.lang.IllegalStateException: Only one connection receive subscriber allowed.' [enable DEBUG level for full stacktrace] was thrown by a user handler's exceptionCaught() method while handling the following exception:
reactor.core.Exceptions$BubblingException: java.lang.IllegalStateException: Only one connection receive subscriber allowed.
	at reactor.core.Exceptions.bubble(Exceptions.java:154) ~[reactor-core-3.1.16.RELEASE.jar:3.1.16.RELEASE]
	at reactor.core.publisher.Operators.onErrorDropped(Operators.java:263) ~[reactor-core-3.1.16.RELEASE.jar:3.1.16.RELEASE]
	at reactor.core.publisher.FluxMap$MapSubscriber.onError(FluxMap.java:114) ~[reactor-core-3.1.16.RELEASE.jar:3.1.16.RELEASE]
	at reactor.core.publisher.FluxPeek$PeekSubscriber.onError(FluxPeek.java:207) ~[reactor-core-3.1.16.RELEASE.jar:3.1.16.RELEASE]
	at reactor.core.publisher.FluxMap$MapSubscriber.onError(FluxMap.java:120) ~[reactor-core-3.1.16.RELEASE.jar:3.1.16.RELEASE]
	at reactor.core.publisher.Operators.error(Operators.java:178) ~[reactor-core-3.1.16.RELEASE.jar:3.1.16.RELEASE]
	at reactor.ipc.netty.channel.FluxReceive.startReceiver(FluxReceive.java:279) ~[reactor-netty-0.7.15.RELEASE.jar:0.7.15.RELEASE]
	at reactor.ipc.netty.channel.FluxReceive.subscribe(FluxReceive.java:126) ~[reactor-netty-0.7.15.RELEASE.jar:0.7.15.RELEASE]
	at reactor.core.publisher.FluxMap.subscribe(FluxMap.java:62) ~[reactor-core-3.1.16.RELEASE.jar:3.1.16.RELEASE]
	at reactor.ipc.netty.ByteBufFlux.subscribe(ByteBufFlux.java:282) ~[reactor-netty-0.7.15.RELEASE.jar:0.7.15.RELEASE]
	at reactor.core.publisher.FluxPeek.subscribe(FluxPeek.java:83) ~[reactor-core-3.1.16.RELEASE.jar:3.1.16.RELEASE]
	at reactor.core.publisher.FluxMap.subscribe(FluxMap.java:62) ~[reactor-core-3.1.16.RELEASE.jar:3.1.16.RELEASE]
	at reactor.core.publisher.FluxMap.subscribe(FluxMap.java:62) ~[reactor-core-3.1.16.RELEASE.jar:3.1.16.RELEASE]
	at reactor.core.publisher.FluxOnErrorResume.subscribe(FluxOnErrorResume.java:47) ~[reactor-core-3.1.16.RELEASE.jar:3.1.16.RELEASE]
	at reactor.core.publisher.MonoIgnoreElements.subscribe(MonoIgnoreElements.java:37) ~[reactor-core-3.1.16.RELEASE.jar:3.1.16.RELEASE]
	at reactor.core.publisher.MonoOnErrorResume.subscribe(MonoOnErrorResume.java:44) ~[reactor-core-3.1.16.RELEASE.jar:3.1.16.RELEASE]
	at reactor.core.publisher.Mono.subscribe(Mono.java:3088) ~[reactor-core-3.1.16.RELEASE.jar:3.1.16.RELEASE]
	at reactor.core.publisher.MonoIgnoreThen$ThenIgnoreMain.drain(MonoIgnoreThen.java:172) ~[reactor-core-3.1.16.RELEASE.jar:3.1.16.RELEASE]
	at reactor.core.publisher.MonoIgnoreThen.subscribe(MonoIgnoreThen.java:56) ~[reactor-core-3.1.16.RELEASE.jar:3.1.16.RELEASE]
	at reactor.core.publisher.Mono.subscribe(Mono.java:3088) ~[reactor-core-3.1.16.RELEASE.jar:3.1.16.RELEASE]
	at reactor.core.publisher.FluxOnErrorResume$ResumeSubscriber.onError(FluxOnErrorResume.java:97) ~[reactor-core-3.1.16.RELEASE.jar:3.1.16.RELEASE]
	at reactor.core.publisher.MonoFlatMap$FlatMapMain.secondError(MonoFlatMap.java:185) ~[reactor-core-3.1.16.RELEASE.jar:3.1.16.RELEASE]
	at reactor.core.publisher.MonoFlatMap$FlatMapInner.onError(MonoFlatMap.java:251) ~[reactor-core-3.1.16.RELEASE.jar:3.1.16.RELEASE]
	at reactor.core.publisher.Operators$MonoSubscriber.onError(Operators.java:1126) ~[reactor-core-3.1.16.RELEASE.jar:3.1.16.RELEASE]
	at reactor.core.publisher.MonoIgnoreThen$ThenIgnoreInner.onError(MonoIgnoreThen.java:234) ~[reactor-core-3.1.16.RELEASE.jar:3.1.16.RELEASE]
	at reactor.core.publisher.FluxOnErrorResume$ResumeSubscriber.onError(FluxOnErrorResume.java:100) ~[reactor-core-3.1.16.RELEASE.jar:3.1.16.RELEASE]
	at reactor.core.publisher.Operators.error(Operators.java:178) ~[reactor-core-3.1.16.RELEASE.jar:3.1.16.RELEASE]
	at reactor.core.publisher.MonoError.subscribe(MonoError.java:53) ~[reactor-core-3.1.16.RELEASE.jar:3.1.16.RELEASE]
	at reactor.core.publisher.Mono.subscribe(Mono.java:3088) ~[reactor-core-3.1.16.RELEASE.jar:3.1.16.RELEASE]
	at reactor.core.publisher.FluxOnErrorResume$ResumeSubscriber.onError(FluxOnErrorResume.java:97) ~[reactor-core-3.1.16.RELEASE.jar:3.1.16.RELEASE]
	at reactor.core.publisher.MonoIgnoreElements$IgnoreElementsSubscriber.onError(MonoIgnoreElements.java:75) ~[reactor-core-3.1.16.RELEASE.jar:3.1.16.RELEASE]
	at reactor.core.publisher.FluxOnErrorResume$ResumeSubscriber.onError(FluxOnErrorResume.java:100) ~[reactor-core-3.1.16.RELEASE.jar:3.1.16.RELEASE]
	at reactor.core.publisher.Operators.error(Operators.java:178) ~[reactor-core-3.1.16.RELEASE.jar:3.1.16.RELEASE]
	at reactor.core.publisher.FluxError.subscribe(FluxError.java:45) ~[reactor-core-3.1.16.RELEASE.jar:3.1.16.RELEASE]
	at reactor.core.publisher.Flux.subscribe(Flux.java:6877) ~[reactor-core-3.1.16.RELEASE.jar:3.1.16.RELEASE]
	at reactor.core.publisher.FluxOnErrorResume$ResumeSubscriber.onError(FluxOnErrorResume.java:97) ~[reactor-core-3.1.16.RELEASE.jar:3.1.16.RELEASE]
	at reactor.core.publisher.FluxMap$MapSubscriber.onError(FluxMap.java:120) ~[reactor-core-3.1.16.RELEASE.jar:3.1.16.RELEASE]
	at reactor.core.publisher.FluxMap$MapSubscriber.onError(FluxMap.java:120) ~[reactor-core-3.1.16.RELEASE.jar:3.1.16.RELEASE]
	at reactor.core.publisher.Operators.error(Operators.java:178) ~[reactor-core-3.1.16.RELEASE.jar:3.1.16.RELEASE]
	at reactor.core.publisher.FluxPeek$PeekSubscriber.onSubscribe(FluxPeek.java:157) ~[reactor-core-3.1.16.RELEASE.jar:3.1.16.RELEASE]
	at reactor.core.publisher.FluxMap$MapSubscriber.onSubscribe(FluxMap.java:86) ~[reactor-core-3.1.16.RELEASE.jar:3.1.16.RELEASE]
	at reactor.ipc.netty.channel.FluxReceive.startReceiver(FluxReceive.java:276) ~[reactor-netty-0.7.15.RELEASE.jar:0.7.15.RELEASE]
	at reactor.ipc.netty.channel.FluxReceive.subscribe(FluxReceive.java:126) ~[reactor-netty-0.7.15.RELEASE.jar:0.7.15.RELEASE]
	at reactor.core.publisher.FluxMap.subscribe(FluxMap.java:62) ~[reactor-core-3.1.16.RELEASE.jar:3.1.16.RELEASE]
	at reactor.ipc.netty.ByteBufFlux.subscribe(ByteBufFlux.java:282) ~[reactor-netty-0.7.15.RELEASE.jar:0.7.15.RELEASE]
	at reactor.core.publisher.FluxPeek.subscribe(FluxPeek.java:83) ~[reactor-core-3.1.16.RELEASE.jar:3.1.16.RELEASE]
	at reactor.core.publisher.FluxMap.subscribe(FluxMap.java:62) ~[reactor-core-3.1.16.RELEASE.jar:3.1.16.RELEASE]
	at reactor.core.publisher.FluxMap.subscribe(FluxMap.java:62) ~[reactor-core-3.1.16.RELEASE.jar:3.1.16.RELEASE]
	at reactor.core.publisher.FluxOnErrorResume.subscribe(FluxOnErrorResume.java:47) ~[reactor-core-3.1.16.RELEASE.jar:3.1.16.RELEASE]
	at reactor.core.publisher.MonoIgnoreElements.subscribe(MonoIgnoreElements.java:37) ~[reactor-core-3.1.16.RELEASE.jar:3.1.16.RELEASE]
	at reactor.core.publisher.MonoOnErrorResume.subscribe(MonoOnErrorResume.java:44) ~[reactor-core-3.1.16.RELEASE.jar:3.1.16.RELEASE]
	at reactor.core.publisher.Mono.subscribe(Mono.java:3088) ~[reactor-core-3.1.16.RELEASE.jar:3.1.16.RELEASE]
	at reactor.core.publisher.MonoIgnoreThen$ThenIgnoreMain.drain(MonoIgnoreThen.java:172) ~[reactor-core-3.1.16.RELEASE.jar:3.1.16.RELEASE]
	at reactor.core.publisher.MonoIgnoreThen.subscribe(MonoIgnoreThen.java:56) ~[reactor-core-3.1.16.RELEASE.jar:3.1.16.RELEASE]
	at reactor.core.publisher.MonoFlatMap$FlatMapMain.onNext(MonoFlatMap.java:150) ~[reactor-core-3.1.16.RELEASE.jar:3.1.16.RELEASE]
	at reactor.core.publisher.Operators$MonoSubscriber.complete(Operators.java:1083) ~[reactor-core-3.1.16.RELEASE.jar:3.1.16.RELEASE]
	at reactor.core.publisher.MonoIgnoreThen$ThenIgnoreMain.drain(MonoIgnoreThen.java:147) ~[reactor-core-3.1.16.RELEASE.jar:3.1.16.RELEASE]
	at reactor.core.publisher.MonoIgnoreThen$ThenIgnoreMain.ignoreDone(MonoIgnoreThen.java:190) ~[reactor-core-3.1.16.RELEASE.jar:3.1.16.RELEASE]
	at reactor.core.publisher.MonoIgnoreThen$ThenIgnoreInner.onComplete(MonoIgnoreThen.java:239) ~[reactor-core-3.1.16.RELEASE.jar:3.1.16.RELEASE]
	at reactor.core.publisher.MonoIgnoreElements$IgnoreElementsSubscriber.onComplete(MonoIgnoreElements.java:80) ~[reactor-core-3.1.16.RELEASE.jar:3.1.16.RELEASE]
	at reactor.core.publisher.Operators$MultiSubscriptionSubscriber.onComplete(Operators.java:1318) ~[reactor-core-3.1.16.RELEASE.jar:3.1.16.RELEASE]
	at reactor.core.publisher.Operators.complete(Operators.java:128) ~[reactor-core-3.1.16.RELEASE.jar:3.1.16.RELEASE]
	at reactor.core.publisher.MonoEmpty.subscribe(MonoEmpty.java:45) ~[reactor-core-3.1.16.RELEASE.jar:3.1.16.RELEASE]
	at reactor.core.publisher.Mono.subscribe(Mono.java:3088) ~[reactor-core-3.1.16.RELEASE.jar:3.1.16.RELEASE]
	at reactor.core.publisher.FluxOnErrorResume$ResumeSubscriber.onError(FluxOnErrorResume.java:97) ~[reactor-core-3.1.16.RELEASE.jar:3.1.16.RELEASE]
	at reactor.core.publisher.FluxMap$MapSubscriber.onError(FluxMap.java:120) ~[reactor-core-3.1.16.RELEASE.jar:3.1.16.RELEASE]
	at reactor.core.publisher.FluxMap$MapSubscriber.onNext(FluxMap.java:104) ~[reactor-core-3.1.16.RELEASE.jar:3.1.16.RELEASE]
	at reactor.core.publisher.FluxMap$MapSubscriber.onNext(FluxMap.java:108) ~[reactor-core-3.1.16.RELEASE.jar:3.1.16.RELEASE]
	at reactor.core.publisher.FluxPeek$PeekSubscriber.onNext(FluxPeek.java:185) ~[reactor-core-3.1.16.RELEASE.jar:3.1.16.RELEASE]
	at reactor.core.publisher.FluxMap$MapSubscriber.onNext(FluxMap.java:108) ~[reactor-core-3.1.16.RELEASE.jar:3.1.16.RELEASE]
	at reactor.ipc.netty.channel.FluxReceive.drainReceiver(FluxReceive.java:213) ~[reactor-netty-0.7.15.RELEASE.jar:0.7.15.RELEASE]
	at reactor.ipc.netty.channel.FluxReceive.onInboundNext(FluxReceive.java:329) ~[reactor-netty-0.7.15.RELEASE.jar:0.7.15.RELEASE]
	at reactor.ipc.netty.channel.ChannelOperations.onInboundNext(ChannelOperations.java:311) ~[reactor-netty-0.7.15.RELEASE.jar:0.7.15.RELEASE]
	at reactor.ipc.netty.http.client.HttpClientOperations.onInboundNext(HttpClientOperations.java:652) ~[reactor-netty-0.7.15.RELEASE.jar:0.7.15.RELEASE]
	at reactor.ipc.netty.channel.ChannelOperationsHandler.channelRead(ChannelOperationsHandler.java:138) ~[reactor-netty-0.7.15.RELEASE.jar:0.7.15.RELEASE]
	at io.netty.channel.AbstractChannelHandlerContext.invokeChannelRead(AbstractChannelHandlerContext.java:374) [netty-transport-4.1.39.Final.jar:4.1.39.Final]
	at io.netty.channel.AbstractChannelHandlerContext.invokeChannelRead(AbstractChannelHandlerContext.java:360) [netty-transport-4.1.39.Final.jar:4.1.39.Final]
	at io.netty.channel.AbstractChannelHandlerContext.fireChannelRead(AbstractChannelHandlerContext.java:352) [netty-transport-4.1.39.Final.jar:4.1.39.Final]
	at io.netty.channel.CombinedChannelDuplexHandler$DelegatingChannelHandlerContext.fireChannelRead(CombinedChannelDuplexHandler.java:438) [netty-transport-4.1.39.Final.jar:4.1.39.Final]
	at io.netty.handler.codec.ByteToMessageDecoder.fireChannelRead(ByteToMessageDecoder.java:328) [netty-codec-4.1.39.Final.jar:4.1.39.Final]
	at io.netty.handler.codec.ByteToMessageDecoder.fireChannelRead(ByteToMessageDecoder.java:315) [netty-codec-4.1.39.Final.jar:4.1.39.Final]
	at io.netty.handler.codec.ByteToMessageDecoder.callDecode(ByteToMessageDecoder.java:429) [netty-codec-4.1.39.Final.jar:4.1.39.Final]
	at io.netty.handler.codec.ByteToMessageDecoder.channelRead(ByteToMessageDecoder.java:283) [netty-codec-4.1.39.Final.jar:4.1.39.Final]
	at io.netty.channel.CombinedChannelDuplexHandler.channelRead(CombinedChannelDuplexHandler.java:253) [netty-transport-4.1.39.Final.jar:4.1.39.Final]
	at io.netty.channel.AbstractChannelHandlerContext.invokeChannelRead(AbstractChannelHandlerContext.java:374) [netty-transport-4.1.39.Final.jar:4.1.39.Final]
	at io.netty.channel.AbstractChannelHandlerContext.invokeChannelRead(AbstractChannelHandlerContext.java:360) [netty-transport-4.1.39.Final.jar:4.1.39.Final]
	at io.netty.channel.AbstractChannelHandlerContext.fireChannelRead(AbstractChannelHandlerContext.java:352) [netty-transport-4.1.39.Final.jar:4.1.39.Final]
	at io.netty.channel.DefaultChannelPipeline$HeadContext.channelRead(DefaultChannelPipeline.java:1421) [netty-transport-4.1.39.Final.jar:4.1.39.Final]
	at io.netty.channel.AbstractChannelHandlerContext.invokeChannelRead(AbstractChannelHandlerContext.java:374) [netty-transport-4.1.39.Final.jar:4.1.39.Final]
	at io.netty.channel.AbstractChannelHandlerContext.invokeChannelRead(AbstractChannelHandlerContext.java:360) [netty-transport-4.1.39.Final.jar:4.1.39.Final]
	at io.netty.channel.DefaultChannelPipeline.fireChannelRead(DefaultChannelPipeline.java:930) [netty-transport-4.1.39.Final.jar:4.1.39.Final]
	at io.netty.channel.nio.AbstractNioByteChannel$NioByteUnsafe.read(AbstractNioByteChannel.java:163) [netty-transport-4.1.39.Final.jar:4.1.39.Final]
	at io.netty.channel.nio.NioEventLoop.processSelectedKey(NioEventLoop.java:697) [netty-transport-4.1.39.Final.jar:4.1.39.Final]
	at io.netty.channel.nio.NioEventLoop.processSelectedKeysOptimized(NioEventLoop.java:632) [netty-transport-4.1.39.Final.jar:4.1.39.Final]
	at io.netty.channel.nio.NioEventLoop.processSelectedKeys(NioEventLoop.java:549) [netty-transport-4.1.39.Final.jar:4.1.39.Final]
	at io.netty.channel.nio.NioEventLoop.run(NioEventLoop.java:511) [netty-transport-4.1.39.Final.jar:4.1.39.Final]
	at io.netty.util.concurrent.SingleThreadEventExecutor$5.run(SingleThreadEventExecutor.java:918) [netty-common-4.1.39.Final.jar:4.1.39.Final]
	at io.netty.util.internal.ThreadExecutorMap$2.run(ThreadExecutorMap.java:74) [netty-common-4.1.39.Final.jar:4.1.39.Final]
	at java.lang.Thread.run(Thread.java:748) [?:1.8.0_271]
Caused by: java.lang.IllegalStateException: Only one connection receive subscriber allowed.
	... 93 more
09:57:19.132 [reactor-http-nio-6] ERROR reactor.core.publisher.Operators - Operator called default onErrorDropped
java.lang.IllegalStateException: Only one connection receive subscriber allowed.
	at reactor.ipc.netty.channel.FluxReceive.startReceiver(FluxReceive.java:279) [reactor-netty-0.7.15.RELEASE.jar:0.7.15.RELEASE]
	at reactor.ipc.netty.channel.FluxReceive.subscribe(FluxReceive.java:126) [reactor-netty-0.7.15.RELEASE.jar:0.7.15.RELEASE]
	at reactor.core.publisher.FluxMap.subscribe(FluxMap.java:62) [reactor-core-3.1.16.RELEASE.jar:3.1.16.RELEASE]
	at reactor.ipc.netty.ByteBufFlux.subscribe(ByteBufFlux.java:282) [reactor-netty-0.7.15.RELEASE.jar:0.7.15.RELEASE]
	at reactor.core.publisher.FluxPeek.subscribe(FluxPeek.java:83) [reactor-core-3.1.16.RELEASE.jar:3.1.16.RELEASE]
	at reactor.core.publisher.FluxMap.subscribe(FluxMap.java:62) [reactor-core-3.1.16.RELEASE.jar:3.1.16.RELEASE]
	at reactor.core.publisher.FluxMap.subscribe(FluxMap.java:62) [reactor-core-3.1.16.RELEASE.jar:3.1.16.RELEASE]
	at reactor.core.publisher.FluxOnErrorResume.subscribe(FluxOnErrorResume.java:47) [reactor-core-3.1.16.RELEASE.jar:3.1.16.RELEASE]
	at reactor.core.publisher.MonoIgnoreElements.subscribe(MonoIgnoreElements.java:37) [reactor-core-3.1.16.RELEASE.jar:3.1.16.RELEASE]
	at reactor.core.publisher.MonoOnErrorResume.subscribe(MonoOnErrorResume.java:44) [reactor-core-3.1.16.RELEASE.jar:3.1.16.RELEASE]
	at reactor.core.publisher.Mono.subscribe(Mono.java:3088) [reactor-core-3.1.16.RELEASE.jar:3.1.16.RELEASE]
	at reactor.core.publisher.MonoIgnoreThen$ThenIgnoreMain.drain(MonoIgnoreThen.java:172) [reactor-core-3.1.16.RELEASE.jar:3.1.16.RELEASE]
	at reactor.core.publisher.MonoIgnoreThen.subscribe(MonoIgnoreThen.java:56) [reactor-core-3.1.16.RELEASE.jar:3.1.16.RELEASE]
	at reactor.core.publisher.Mono.subscribe(Mono.java:3088) [reactor-core-3.1.16.RELEASE.jar:3.1.16.RELEASE]
	at reactor.core.publisher.FluxOnErrorResume$ResumeSubscriber.onError(FluxOnErrorResume.java:97) [reactor-core-3.1.16.RELEASE.jar:3.1.16.RELEASE]
	at reactor.core.publisher.MonoFlatMap$FlatMapMain.secondError(MonoFlatMap.java:185) [reactor-core-3.1.16.RELEASE.jar:3.1.16.RELEASE]
	at reactor.core.publisher.MonoFlatMap$FlatMapInner.onError(MonoFlatMap.java:251) [reactor-core-3.1.16.RELEASE.jar:3.1.16.RELEASE]
	at reactor.core.publisher.Operators$MonoSubscriber.onError(Operators.java:1126) [reactor-core-3.1.16.RELEASE.jar:3.1.16.RELEASE]
	at reactor.core.publisher.MonoIgnoreThen$ThenIgnoreInner.onError(MonoIgnoreThen.java:234) [reactor-core-3.1.16.RELEASE.jar:3.1.16.RELEASE]
	at reactor.core.publisher.FluxOnErrorResume$ResumeSubscriber.onError(FluxOnErrorResume.java:100) [reactor-core-3.1.16.RELEASE.jar:3.1.16.RELEASE]
	at reactor.core.publisher.Operators.error(Operators.java:178) [reactor-core-3.1.16.RELEASE.jar:3.1.16.RELEASE]
	at reactor.core.publisher.MonoError.subscribe(MonoError.java:53) [reactor-core-3.1.16.RELEASE.jar:3.1.16.RELEASE]
	at reactor.core.publisher.Mono.subscribe(Mono.java:3088) [reactor-core-3.1.16.RELEASE.jar:3.1.16.RELEASE]
	at reactor.core.publisher.FluxOnErrorResume$ResumeSubscriber.onError(FluxOnErrorResume.java:97) [reactor-core-3.1.16.RELEASE.jar:3.1.16.RELEASE]
	at reactor.core.publisher.MonoIgnoreElements$IgnoreElementsSubscriber.onError(MonoIgnoreElements.java:75) [reactor-core-3.1.16.RELEASE.jar:3.1.16.RELEASE]
	at reactor.core.publisher.FluxOnErrorResume$ResumeSubscriber.onError(FluxOnErrorResume.java:100) [reactor-core-3.1.16.RELEASE.jar:3.1.16.RELEASE]
	at reactor.core.publisher.Operators.error(Operators.java:178) [reactor-core-3.1.16.RELEASE.jar:3.1.16.RELEASE]
	at reactor.core.publisher.FluxError.subscribe(FluxError.java:45) [reactor-core-3.1.16.RELEASE.jar:3.1.16.RELEASE]
	at reactor.core.publisher.Flux.subscribe(Flux.java:6877) [reactor-core-3.1.16.RELEASE.jar:3.1.16.RELEASE]
	at reactor.core.publisher.FluxOnErrorResume$ResumeSubscriber.onError(FluxOnErrorResume.java:97) [reactor-core-3.1.16.RELEASE.jar:3.1.16.RELEASE]
	at reactor.core.publisher.FluxMap$MapSubscriber.onError(FluxMap.java:120) [reactor-core-3.1.16.RELEASE.jar:3.1.16.RELEASE]
	at reactor.core.publisher.FluxMap$MapSubscriber.onError(FluxMap.java:120) [reactor-core-3.1.16.RELEASE.jar:3.1.16.RELEASE]
	at reactor.core.publisher.Operators.error(Operators.java:178) [reactor-core-3.1.16.RELEASE.jar:3.1.16.RELEASE]
	at reactor.core.publisher.FluxPeek$PeekSubscriber.onSubscribe(FluxPeek.java:157) [reactor-core-3.1.16.RELEASE.jar:3.1.16.RELEASE]
	at reactor.core.publisher.FluxMap$MapSubscriber.onSubscribe(FluxMap.java:86) [reactor-core-3.1.16.RELEASE.jar:3.1.16.RELEASE]
	at reactor.ipc.netty.channel.FluxReceive.startReceiver(FluxReceive.java:276) [reactor-netty-0.7.15.RELEASE.jar:0.7.15.RELEASE]
	at reactor.ipc.netty.channel.FluxReceive.subscribe(FluxReceive.java:126) [reactor-netty-0.7.15.RELEASE.jar:0.7.15.RELEASE]
	at reactor.core.publisher.FluxMap.subscribe(FluxMap.java:62) [reactor-core-3.1.16.RELEASE.jar:3.1.16.RELEASE]
	at reactor.ipc.netty.ByteBufFlux.subscribe(ByteBufFlux.java:282) [reactor-netty-0.7.15.RELEASE.jar:0.7.15.RELEASE]
	at reactor.core.publisher.FluxPeek.subscribe(FluxPeek.java:83) [reactor-core-3.1.16.RELEASE.jar:3.1.16.RELEASE]
	at reactor.core.publisher.FluxMap.subscribe(FluxMap.java:62) [reactor-core-3.1.16.RELEASE.jar:3.1.16.RELEASE]
	at reactor.core.publisher.FluxMap.subscribe(FluxMap.java:62) [reactor-core-3.1.16.RELEASE.jar:3.1.16.RELEASE]
	at reactor.core.publisher.FluxOnErrorResume.subscribe(FluxOnErrorResume.java:47) [reactor-core-3.1.16.RELEASE.jar:3.1.16.RELEASE]
	at reactor.core.publisher.MonoIgnoreElements.subscribe(MonoIgnoreElements.java:37) [reactor-core-3.1.16.RELEASE.jar:3.1.16.RELEASE]
	at reactor.core.publisher.MonoOnErrorResume.subscribe(MonoOnErrorResume.java:44) [reactor-core-3.1.16.RELEASE.jar:3.1.16.RELEASE]
	at reactor.core.publisher.Mono.subscribe(Mono.java:3088) [reactor-core-3.1.16.RELEASE.jar:3.1.16.RELEASE]
	at reactor.core.publisher.MonoIgnoreThen$ThenIgnoreMain.drain(MonoIgnoreThen.java:172) [reactor-core-3.1.16.RELEASE.jar:3.1.16.RELEASE]
	at reactor.core.publisher.MonoIgnoreThen.subscribe(MonoIgnoreThen.java:56) [reactor-core-3.1.16.RELEASE.jar:3.1.16.RELEASE]
	at reactor.core.publisher.MonoFlatMap$FlatMapMain.onNext(MonoFlatMap.java:150) [reactor-core-3.1.16.RELEASE.jar:3.1.16.RELEASE]
	at reactor.core.publisher.Operators$MonoSubscriber.complete(Operators.java:1083) [reactor-core-3.1.16.RELEASE.jar:3.1.16.RELEASE]
	at reactor.core.publisher.MonoIgnoreThen$ThenIgnoreMain.drain(MonoIgnoreThen.java:147) [reactor-core-3.1.16.RELEASE.jar:3.1.16.RELEASE]
	at reactor.core.publisher.MonoIgnoreThen$ThenIgnoreMain.ignoreDone(MonoIgnoreThen.java:190) [reactor-core-3.1.16.RELEASE.jar:3.1.16.RELEASE]
	at reactor.core.publisher.MonoIgnoreThen$ThenIgnoreInner.onComplete(MonoIgnoreThen.java:239) [reactor-core-3.1.16.RELEASE.jar:3.1.16.RELEASE]
	at reactor.core.publisher.MonoIgnoreElements$IgnoreElementsSubscriber.onComplete(MonoIgnoreElements.java:80) [reactor-core-3.1.16.RELEASE.jar:3.1.16.RELEASE]
	at reactor.core.publisher.Operators$MultiSubscriptionSubscriber.onComplete(Operators.java:1318) [reactor-core-3.1.16.RELEASE.jar:3.1.16.RELEASE]
	at reactor.core.publisher.Operators.complete(Operators.java:128) [reactor-core-3.1.16.RELEASE.jar:3.1.16.RELEASE]
	at reactor.core.publisher.MonoEmpty.subscribe(MonoEmpty.java:45) [reactor-core-3.1.16.RELEASE.jar:3.1.16.RELEASE]
	at reactor.core.publisher.Mono.subscribe(Mono.java:3088) [reactor-core-3.1.16.RELEASE.jar:3.1.16.RELEASE]
	at reactor.core.publisher.FluxOnErrorResume$ResumeSubscriber.onError(FluxOnErrorResume.java:97) [reactor-core-3.1.16.RELEASE.jar:3.1.16.RELEASE]
	at reactor.core.publisher.FluxMap$MapSubscriber.onError(FluxMap.java:120) [reactor-core-3.1.16.RELEASE.jar:3.1.16.RELEASE]
	at reactor.core.publisher.FluxMap$MapSubscriber.onNext(FluxMap.java:104) [reactor-core-3.1.16.RELEASE.jar:3.1.16.RELEASE]
	at reactor.core.publisher.FluxMap$MapSubscriber.onNext(FluxMap.java:108) [reactor-core-3.1.16.RELEASE.jar:3.1.16.RELEASE]
	at reactor.core.publisher.FluxPeek$PeekSubscriber.onNext(FluxPeek.java:185) [reactor-core-3.1.16.RELEASE.jar:3.1.16.RELEASE]
	at reactor.core.publisher.FluxMap$MapSubscriber.onNext(FluxMap.java:108) [reactor-core-3.1.16.RELEASE.jar:3.1.16.RELEASE]
	at reactor.ipc.netty.channel.FluxReceive.drainReceiver(FluxReceive.java:213) [reactor-netty-0.7.15.RELEASE.jar:0.7.15.RELEASE]
	at reactor.ipc.netty.channel.FluxReceive.onInboundNext(FluxReceive.java:329) [reactor-netty-0.7.15.RELEASE.jar:0.7.15.RELEASE]
	at reactor.ipc.netty.channel.ChannelOperations.onInboundNext(ChannelOperations.java:311) [reactor-netty-0.7.15.RELEASE.jar:0.7.15.RELEASE]
	at reactor.ipc.netty.http.client.HttpClientOperations.onInboundNext(HttpClientOperations.java:652) [reactor-netty-0.7.15.RELEASE.jar:0.7.15.RELEASE]
	at reactor.ipc.netty.channel.ChannelOperationsHandler.channelRead(ChannelOperationsHandler.java:138) [reactor-netty-0.7.15.RELEASE.jar:0.7.15.RELEASE]
	at io.netty.channel.AbstractChannelHandlerContext.invokeChannelRead(AbstractChannelHandlerContext.java:374) [netty-transport-4.1.39.Final.jar:4.1.39.Final]
	at io.netty.channel.AbstractChannelHandlerContext.invokeChannelRead(AbstractChannelHandlerContext.java:360) [netty-transport-4.1.39.Final.jar:4.1.39.Final]
	at io.netty.channel.AbstractChannelHandlerContext.fireChannelRead(AbstractChannelHandlerContext.java:352) [netty-transport-4.1.39.Final.jar:4.1.39.Final]
	at io.netty.channel.CombinedChannelDuplexHandler$DelegatingChannelHandlerContext.fireChannelRead(CombinedChannelDuplexHandler.java:438) [netty-transport-4.1.39.Final.jar:4.1.39.Final]
	at io.netty.handler.codec.ByteToMessageDecoder.fireChannelRead(ByteToMessageDecoder.java:328) [netty-codec-4.1.39.Final.jar:4.1.39.Final]
	at io.netty.handler.codec.ByteToMessageDecoder.fireChannelRead(ByteToMessageDecoder.java:315) [netty-codec-4.1.39.Final.jar:4.1.39.Final]
	at io.netty.handler.codec.ByteToMessageDecoder.callDecode(ByteToMessageDecoder.java:429) [netty-codec-4.1.39.Final.jar:4.1.39.Final]
	at io.netty.handler.codec.ByteToMessageDecoder.channelRead(ByteToMessageDecoder.java:283) [netty-codec-4.1.39.Final.jar:4.1.39.Final]
	at io.netty.channel.CombinedChannelDuplexHandler.channelRead(CombinedChannelDuplexHandler.java:253) [netty-transport-4.1.39.Final.jar:4.1.39.Final]
	at io.netty.channel.AbstractChannelHandlerContext.invokeChannelRead(AbstractChannelHandlerContext.java:374) [netty-transport-4.1.39.Final.jar:4.1.39.Final]
	at io.netty.channel.AbstractChannelHandlerContext.invokeChannelRead(AbstractChannelHandlerContext.java:360) [netty-transport-4.1.39.Final.jar:4.1.39.Final]
	at io.netty.channel.AbstractChannelHandlerContext.fireChannelRead(AbstractChannelHandlerContext.java:352) [netty-transport-4.1.39.Final.jar:4.1.39.Final]
	at io.netty.channel.DefaultChannelPipeline$HeadContext.channelRead(DefaultChannelPipeline.java:1421) [netty-transport-4.1.39.Final.jar:4.1.39.Final]
	at io.netty.channel.AbstractChannelHandlerContext.invokeChannelRead(AbstractChannelHandlerContext.java:374) [netty-transport-4.1.39.Final.jar:4.1.39.Final]
	at io.netty.channel.AbstractChannelHandlerContext.invokeChannelRead(AbstractChannelHandlerContext.java:360) [netty-transport-4.1.39.Final.jar:4.1.39.Final]
	at io.netty.channel.DefaultChannelPipeline.fireChannelRead(DefaultChannelPipeline.java:930) [netty-transport-4.1.39.Final.jar:4.1.39.Final]
	at io.netty.channel.nio.AbstractNioByteChannel$NioByteUnsafe.read(AbstractNioByteChannel.java:163) [netty-transport-4.1.39.Final.jar:4.1.39.Final]
	at io.netty.channel.nio.NioEventLoop.processSelectedKey(NioEventLoop.java:697) [netty-transport-4.1.39.Final.jar:4.1.39.Final]
	at io.netty.channel.nio.NioEventLoop.processSelectedKeysOptimized(NioEventLoop.java:632) [netty-transport-4.1.39.Final.jar:4.1.39.Final]
	at io.netty.channel.nio.NioEventLoop.processSelectedKeys(NioEventLoop.java:549) [netty-transport-4.1.39.Final.jar:4.1.39.Final]
	at io.netty.channel.nio.NioEventLoop.run(NioEventLoop.java:511) [netty-transport-4.1.39.Final.jar:4.1.39.Final]
	at io.netty.util.concurrent.SingleThreadEventExecutor$5.run(SingleThreadEventExecutor.java:918) [netty-common-4.1.39.Final.jar:4.1.39.Final]
	at io.netty.util.internal.ThreadExecutorMap$2.run(ThreadExecutorMap.java:74) [netty-common-4.1.39.Final.jar:4.1.39.Final]
	at java.lang.Thread.run(Thread.java:748) [?:1.8.0_271]
09:57:19.134 [reactor-http-nio-6] ERROR reactor.core.publisher.Operators - Operator called default onErrorDropped
reactor.core.Exceptions$BubblingException: java.lang.IllegalStateException: Only one connection receive subscriber allowed.
	at reactor.core.Exceptions.bubble(Exceptions.java:154) ~[reactor-core-3.1.16.RELEASE.jar:3.1.16.RELEASE]
	at reactor.core.publisher.Operators.onErrorDropped(Operators.java:263) ~[reactor-core-3.1.16.RELEASE.jar:3.1.16.RELEASE]
	at reactor.core.publisher.FluxMap$MapSubscriber.onError(FluxMap.java:114) ~[reactor-core-3.1.16.RELEASE.jar:3.1.16.RELEASE]
	at reactor.core.publisher.FluxPeek$PeekSubscriber.onError(FluxPeek.java:207) ~[reactor-core-3.1.16.RELEASE.jar:3.1.16.RELEASE]
	at reactor.core.publisher.FluxMap$MapSubscriber.onError(FluxMap.java:120) ~[reactor-core-3.1.16.RELEASE.jar:3.1.16.RELEASE]
	at reactor.core.publisher.Operators.error(Operators.java:178) ~[reactor-core-3.1.16.RELEASE.jar:3.1.16.RELEASE]
	at reactor.ipc.netty.channel.FluxReceive.startReceiver(FluxReceive.java:279) ~[reactor-netty-0.7.15.RELEASE.jar:0.7.15.RELEASE]
	at reactor.ipc.netty.channel.FluxReceive.subscribe(FluxReceive.java:126) ~[reactor-netty-0.7.15.RELEASE.jar:0.7.15.RELEASE]
	at reactor.core.publisher.FluxMap.subscribe(FluxMap.java:62) ~[reactor-core-3.1.16.RELEASE.jar:3.1.16.RELEASE]
	at reactor.ipc.netty.ByteBufFlux.subscribe(ByteBufFlux.java:282) ~[reactor-netty-0.7.15.RELEASE.jar:0.7.15.RELEASE]
	at reactor.core.publisher.FluxPeek.subscribe(FluxPeek.java:83) ~[reactor-core-3.1.16.RELEASE.jar:3.1.16.RELEASE]
	at reactor.core.publisher.FluxMap.subscribe(FluxMap.java:62) ~[reactor-core-3.1.16.RELEASE.jar:3.1.16.RELEASE]
	at reactor.core.publisher.FluxMap.subscribe(FluxMap.java:62) ~[reactor-core-3.1.16.RELEASE.jar:3.1.16.RELEASE]
	at reactor.core.publisher.FluxOnErrorResume.subscribe(FluxOnErrorResume.java:47) ~[reactor-core-3.1.16.RELEASE.jar:3.1.16.RELEASE]
	at reactor.core.publisher.MonoIgnoreElements.subscribe(MonoIgnoreElements.java:37) ~[reactor-core-3.1.16.RELEASE.jar:3.1.16.RELEASE]
	at reactor.core.publisher.MonoOnErrorResume.subscribe(MonoOnErrorResume.java:44) ~[reactor-core-3.1.16.RELEASE.jar:3.1.16.RELEASE]
	at reactor.core.publisher.Mono.subscribe(Mono.java:3088) ~[reactor-core-3.1.16.RELEASE.jar:3.1.16.RELEASE]
	at reactor.core.publisher.MonoIgnoreThen$ThenIgnoreMain.drain(MonoIgnoreThen.java:172) ~[reactor-core-3.1.16.RELEASE.jar:3.1.16.RELEASE]
	at reactor.core.publisher.MonoIgnoreThen.subscribe(MonoIgnoreThen.java:56) ~[reactor-core-3.1.16.RELEASE.jar:3.1.16.RELEASE]
	at reactor.core.publisher.Mono.subscribe(Mono.java:3088) ~[reactor-core-3.1.16.RELEASE.jar:3.1.16.RELEASE]
	at reactor.core.publisher.FluxOnErrorResume$ResumeSubscriber.onError(FluxOnErrorResume.java:97) ~[reactor-core-3.1.16.RELEASE.jar:3.1.16.RELEASE]
	at reactor.core.publisher.MonoFlatMap$FlatMapMain.secondError(MonoFlatMap.java:185) ~[reactor-core-3.1.16.RELEASE.jar:3.1.16.RELEASE]
	at reactor.core.publisher.MonoFlatMap$FlatMapInner.onError(MonoFlatMap.java:251) ~[reactor-core-3.1.16.RELEASE.jar:3.1.16.RELEASE]
	at reactor.core.publisher.Operators$MonoSubscriber.onError(Operators.java:1126) ~[reactor-core-3.1.16.RELEASE.jar:3.1.16.RELEASE]
	at reactor.core.publisher.MonoIgnoreThen$ThenIgnoreInner.onError(MonoIgnoreThen.java:234) ~[reactor-core-3.1.16.RELEASE.jar:3.1.16.RELEASE]
	at reactor.core.publisher.FluxOnErrorResume$ResumeSubscriber.onError(FluxOnErrorResume.java:100) ~[reactor-core-3.1.16.RELEASE.jar:3.1.16.RELEASE]
	at reactor.core.publisher.Operators.error(Operators.java:178) ~[reactor-core-3.1.16.RELEASE.jar:3.1.16.RELEASE]
	at reactor.core.publisher.MonoError.subscribe(MonoError.java:53) ~[reactor-core-3.1.16.RELEASE.jar:3.1.16.RELEASE]
	at reactor.core.publisher.Mono.subscribe(Mono.java:3088) ~[reactor-core-3.1.16.RELEASE.jar:3.1.16.RELEASE]
	at reactor.core.publisher.FluxOnErrorResume$ResumeSubscriber.onError(FluxOnErrorResume.java:97) ~[reactor-core-3.1.16.RELEASE.jar:3.1.16.RELEASE]
	at reactor.core.publisher.MonoIgnoreElements$IgnoreElementsSubscriber.onError(MonoIgnoreElements.java:75) ~[reactor-core-3.1.16.RELEASE.jar:3.1.16.RELEASE]
	at reactor.core.publisher.FluxOnErrorResume$ResumeSubscriber.onError(FluxOnErrorResume.java:100) ~[reactor-core-3.1.16.RELEASE.jar:3.1.16.RELEASE]
	at reactor.core.publisher.Operators.error(Operators.java:178) ~[reactor-core-3.1.16.RELEASE.jar:3.1.16.RELEASE]
	at reactor.core.publisher.FluxError.subscribe(FluxError.java:45) ~[reactor-core-3.1.16.RELEASE.jar:3.1.16.RELEASE]
	at reactor.core.publisher.Flux.subscribe(Flux.java:6877) ~[reactor-core-3.1.16.RELEASE.jar:3.1.16.RELEASE]
	at reactor.core.publisher.FluxOnErrorResume$ResumeSubscriber.onError(FluxOnErrorResume.java:97) ~[reactor-core-3.1.16.RELEASE.jar:3.1.16.RELEASE]
	at reactor.core.publisher.FluxMap$MapSubscriber.onError(FluxMap.java:120) ~[reactor-core-3.1.16.RELEASE.jar:3.1.16.RELEASE]
	at reactor.core.publisher.FluxMap$MapSubscriber.onError(FluxMap.java:120) ~[reactor-core-3.1.16.RELEASE.jar:3.1.16.RELEASE]
	at reactor.core.publisher.Operators.error(Operators.java:178) ~[reactor-core-3.1.16.RELEASE.jar:3.1.16.RELEASE]
	at reactor.core.publisher.FluxPeek$PeekSubscriber.onSubscribe(FluxPeek.java:157) ~[reactor-core-3.1.16.RELEASE.jar:3.1.16.RELEASE]
	at reactor.core.publisher.FluxMap$MapSubscriber.onSubscribe(FluxMap.java:86) ~[reactor-core-3.1.16.RELEASE.jar:3.1.16.RELEASE]
	at reactor.ipc.netty.channel.FluxReceive.startReceiver(FluxReceive.java:276) ~[reactor-netty-0.7.15.RELEASE.jar:0.7.15.RELEASE]
	at reactor.ipc.netty.channel.FluxReceive.subscribe(FluxReceive.java:126) ~[reactor-netty-0.7.15.RELEASE.jar:0.7.15.RELEASE]
	at reactor.core.publisher.FluxMap.subscribe(FluxMap.java:62) ~[reactor-core-3.1.16.RELEASE.jar:3.1.16.RELEASE]
	at reactor.ipc.netty.ByteBufFlux.subscribe(ByteBufFlux.java:282) ~[reactor-netty-0.7.15.RELEASE.jar:0.7.15.RELEASE]
	at reactor.core.publisher.FluxPeek.subscribe(FluxPeek.java:83) ~[reactor-core-3.1.16.RELEASE.jar:3.1.16.RELEASE]
	at reactor.core.publisher.FluxMap.subscribe(FluxMap.java:62) ~[reactor-core-3.1.16.RELEASE.jar:3.1.16.RELEASE]
	at reactor.core.publisher.FluxMap.subscribe(FluxMap.java:62) ~[reactor-core-3.1.16.RELEASE.jar:3.1.16.RELEASE]
	at reactor.core.publisher.FluxOnErrorResume.subscribe(FluxOnErrorResume.java:47) ~[reactor-core-3.1.16.RELEASE.jar:3.1.16.RELEASE]
	at reactor.core.publisher.MonoIgnoreElements.subscribe(MonoIgnoreElements.java:37) ~[reactor-core-3.1.16.RELEASE.jar:3.1.16.RELEASE]
	at reactor.core.publisher.MonoOnErrorResume.subscribe(MonoOnErrorResume.java:44) ~[reactor-core-3.1.16.RELEASE.jar:3.1.16.RELEASE]
	at reactor.core.publisher.Mono.subscribe(Mono.java:3088) ~[reactor-core-3.1.16.RELEASE.jar:3.1.16.RELEASE]
	at reactor.core.publisher.MonoIgnoreThen$ThenIgnoreMain.drain(MonoIgnoreThen.java:172) ~[reactor-core-3.1.16.RELEASE.jar:3.1.16.RELEASE]
	at reactor.core.publisher.MonoIgnoreThen.subscribe(MonoIgnoreThen.java:56) ~[reactor-core-3.1.16.RELEASE.jar:3.1.16.RELEASE]
	at reactor.core.publisher.MonoFlatMap$FlatMapMain.onNext(MonoFlatMap.java:150) ~[reactor-core-3.1.16.RELEASE.jar:3.1.16.RELEASE]
	at reactor.core.publisher.Operators$MonoSubscriber.complete(Operators.java:1083) ~[reactor-core-3.1.16.RELEASE.jar:3.1.16.RELEASE]
	at reactor.core.publisher.MonoIgnoreThen$ThenIgnoreMain.drain(MonoIgnoreThen.java:147) ~[reactor-core-3.1.16.RELEASE.jar:3.1.16.RELEASE]
	at reactor.core.publisher.MonoIgnoreThen$ThenIgnoreMain.ignoreDone(MonoIgnoreThen.java:190) ~[reactor-core-3.1.16.RELEASE.jar:3.1.16.RELEASE]
	at reactor.core.publisher.MonoIgnoreThen$ThenIgnoreInner.onComplete(MonoIgnoreThen.java:239) ~[reactor-core-3.1.16.RELEASE.jar:3.1.16.RELEASE]
	at reactor.core.publisher.MonoIgnoreElements$IgnoreElementsSubscriber.onComplete(MonoIgnoreElements.java:80) ~[reactor-core-3.1.16.RELEASE.jar:3.1.16.RELEASE]
	at reactor.core.publisher.Operators$MultiSubscriptionSubscriber.onComplete(Operators.java:1318) ~[reactor-core-3.1.16.RELEASE.jar:3.1.16.RELEASE]
	at reactor.core.publisher.Operators.complete(Operators.java:128) ~[reactor-core-3.1.16.RELEASE.jar:3.1.16.RELEASE]
	at reactor.core.publisher.MonoEmpty.subscribe(MonoEmpty.java:45) ~[reactor-core-3.1.16.RELEASE.jar:3.1.16.RELEASE]
	at reactor.core.publisher.Mono.subscribe(Mono.java:3088) ~[reactor-core-3.1.16.RELEASE.jar:3.1.16.RELEASE]
	at reactor.core.publisher.FluxOnErrorResume$ResumeSubscriber.onError(FluxOnErrorResume.java:97) ~[reactor-core-3.1.16.RELEASE.jar:3.1.16.RELEASE]
	at reactor.core.publisher.FluxMap$MapSubscriber.onError(FluxMap.java:120) ~[reactor-core-3.1.16.RELEASE.jar:3.1.16.RELEASE]
	at reactor.core.publisher.FluxMap$MapSubscriber.onNext(FluxMap.java:104) ~[reactor-core-3.1.16.RELEASE.jar:3.1.16.RELEASE]
	at reactor.core.publisher.FluxMap$MapSubscriber.onNext(FluxMap.java:108) ~[reactor-core-3.1.16.RELEASE.jar:3.1.16.RELEASE]
	at reactor.core.publisher.FluxPeek$PeekSubscriber.onNext(FluxPeek.java:185) ~[reactor-core-3.1.16.RELEASE.jar:3.1.16.RELEASE]
	at reactor.core.publisher.FluxMap$MapSubscriber.onNext(FluxMap.java:108) ~[reactor-core-3.1.16.RELEASE.jar:3.1.16.RELEASE]
	at reactor.ipc.netty.channel.FluxReceive.drainReceiver(FluxReceive.java:213) ~[reactor-netty-0.7.15.RELEASE.jar:0.7.15.RELEASE]
	at reactor.ipc.netty.channel.FluxReceive.onInboundNext(FluxReceive.java:329) ~[reactor-netty-0.7.15.RELEASE.jar:0.7.15.RELEASE]
	at reactor.ipc.netty.channel.ChannelOperations.onInboundNext(ChannelOperations.java:311) ~[reactor-netty-0.7.15.RELEASE.jar:0.7.15.RELEASE]
	at reactor.ipc.netty.http.client.HttpClientOperations.onInboundNext(HttpClientOperations.java:652) ~[reactor-netty-0.7.15.RELEASE.jar:0.7.15.RELEASE]
	at reactor.ipc.netty.channel.ChannelOperationsHandler.channelRead(ChannelOperationsHandler.java:138) ~[reactor-netty-0.7.15.RELEASE.jar:0.7.15.RELEASE]
	at io.netty.channel.AbstractChannelHandlerContext.invokeChannelRead(AbstractChannelHandlerContext.java:374) [netty-transport-4.1.39.Final.jar:4.1.39.Final]
	at io.netty.channel.AbstractChannelHandlerContext.invokeChannelRead(AbstractChannelHandlerContext.java:360) [netty-transport-4.1.39.Final.jar:4.1.39.Final]
	at io.netty.channel.AbstractChannelHandlerContext.fireChannelRead(AbstractChannelHandlerContext.java:352) [netty-transport-4.1.39.Final.jar:4.1.39.Final]
	at io.netty.channel.CombinedChannelDuplexHandler$DelegatingChannelHandlerContext.fireChannelRead(CombinedChannelDuplexHandler.java:438) [netty-transport-4.1.39.Final.jar:4.1.39.Final]
	at io.netty.handler.codec.ByteToMessageDecoder.fireChannelRead(ByteToMessageDecoder.java:328) [netty-codec-4.1.39.Final.jar:4.1.39.Final]
	at io.netty.handler.codec.ByteToMessageDecoder.fireChannelRead(ByteToMessageDecoder.java:315) [netty-codec-4.1.39.Final.jar:4.1.39.Final]
	at io.netty.handler.codec.ByteToMessageDecoder.callDecode(ByteToMessageDecoder.java:429) [netty-codec-4.1.39.Final.jar:4.1.39.Final]
	at io.netty.handler.codec.ByteToMessageDecoder.channelRead(ByteToMessageDecoder.java:283) [netty-codec-4.1.39.Final.jar:4.1.39.Final]
	at io.netty.channel.CombinedChannelDuplexHandler.channelRead(CombinedChannelDuplexHandler.java:253) [netty-transport-4.1.39.Final.jar:4.1.39.Final]
	at io.netty.channel.AbstractChannelHandlerContext.invokeChannelRead(AbstractChannelHandlerContext.java:374) [netty-transport-4.1.39.Final.jar:4.1.39.Final]
	at io.netty.channel.AbstractChannelHandlerContext.invokeChannelRead(AbstractChannelHandlerContext.java:360) [netty-transport-4.1.39.Final.jar:4.1.39.Final]
	at io.netty.channel.AbstractChannelHandlerContext.fireChannelRead(AbstractChannelHandlerContext.java:352) [netty-transport-4.1.39.Final.jar:4.1.39.Final]
	at io.netty.channel.DefaultChannelPipeline$HeadContext.channelRead(DefaultChannelPipeline.java:1421) [netty-transport-4.1.39.Final.jar:4.1.39.Final]
	at io.netty.channel.AbstractChannelHandlerContext.invokeChannelRead(AbstractChannelHandlerContext.java:374) [netty-transport-4.1.39.Final.jar:4.1.39.Final]
	at io.netty.channel.AbstractChannelHandlerContext.invokeChannelRead(AbstractChannelHandlerContext.java:360) [netty-transport-4.1.39.Final.jar:4.1.39.Final]
	at io.netty.channel.DefaultChannelPipeline.fireChannelRead(DefaultChannelPipeline.java:930) [netty-transport-4.1.39.Final.jar:4.1.39.Final]
	at io.netty.channel.nio.AbstractNioByteChannel$NioByteUnsafe.read(AbstractNioByteChannel.java:163) [netty-transport-4.1.39.Final.jar:4.1.39.Final]
	at io.netty.channel.nio.NioEventLoop.processSelectedKey(NioEventLoop.java:697) [netty-transport-4.1.39.Final.jar:4.1.39.Final]
	at io.netty.channel.nio.NioEventLoop.processSelectedKeysOptimized(NioEventLoop.java:632) [netty-transport-4.1.39.Final.jar:4.1.39.Final]
	at io.netty.channel.nio.NioEventLoop.processSelectedKeys(NioEventLoop.java:549) [netty-transport-4.1.39.Final.jar:4.1.39.Final]
	at io.netty.channel.nio.NioEventLoop.run(NioEventLoop.java:511) [netty-transport-4.1.39.Final.jar:4.1.39.Final]
	at io.netty.util.concurrent.SingleThreadEventExecutor$5.run(SingleThreadEventExecutor.java:918) [netty-common-4.1.39.Final.jar:4.1.39.Final]
	at io.netty.util.internal.ThreadExecutorMap$2.run(ThreadExecutorMap.java:74) [netty-common-4.1.39.Final.jar:4.1.39.Final]
	at java.lang.Thread.run(Thread.java:748) [?:1.8.0_271]
Caused by: java.lang.IllegalStateException: Only one connection receive subscriber allowed.
	... 93 more
09:57:19.135 [reactor-http-nio-6] WARN  io.netty.channel.AbstractChannelHandlerContext - An exception 'reactor.core.Exceptions$BubblingException: java.lang.IllegalStateException: Only one connection receive subscriber allowed.' [enable DEBUG level for full stacktrace] was thrown by a user handler's exceptionCaught() method while handling the following exception:
reactor.core.Exceptions$BubblingException: java.lang.IllegalStateException: Only one connection receive subscriber allowed.
	at reactor.core.Exceptions.bubble(Exceptions.java:154) ~[reactor-core-3.1.16.RELEASE.jar:3.1.16.RELEASE]
	at reactor.core.publisher.Operators.onErrorDropped(Operators.java:263) ~[reactor-core-3.1.16.RELEASE.jar:3.1.16.RELEASE]
	at reactor.core.publisher.FluxMap$MapSubscriber.onError(FluxMap.java:114) ~[reactor-core-3.1.16.RELEASE.jar:3.1.16.RELEASE]
	at reactor.core.publisher.FluxPeek$PeekSubscriber.onError(FluxPeek.java:207) ~[reactor-core-3.1.16.RELEASE.jar:3.1.16.RELEASE]
	at reactor.core.publisher.FluxMap$MapSubscriber.onError(FluxMap.java:120) ~[reactor-core-3.1.16.RELEASE.jar:3.1.16.RELEASE]
	at reactor.core.publisher.Operators.error(Operators.java:178) ~[reactor-core-3.1.16.RELEASE.jar:3.1.16.RELEASE]
	at reactor.ipc.netty.channel.FluxReceive.startReceiver(FluxReceive.java:279) ~[reactor-netty-0.7.15.RELEASE.jar:0.7.15.RELEASE]
	at reactor.ipc.netty.channel.FluxReceive.subscribe(FluxReceive.java:126) ~[reactor-netty-0.7.15.RELEASE.jar:0.7.15.RELEASE]
	at reactor.core.publisher.FluxMap.subscribe(FluxMap.java:62) ~[reactor-core-3.1.16.RELEASE.jar:3.1.16.RELEASE]
	at reactor.ipc.netty.ByteBufFlux.subscribe(ByteBufFlux.java:282) ~[reactor-netty-0.7.15.RELEASE.jar:0.7.15.RELEASE]
	at reactor.core.publisher.FluxPeek.subscribe(FluxPeek.java:83) ~[reactor-core-3.1.16.RELEASE.jar:3.1.16.RELEASE]
	at reactor.core.publisher.FluxMap.subscribe(FluxMap.java:62) ~[reactor-core-3.1.16.RELEASE.jar:3.1.16.RELEASE]
	at reactor.core.publisher.FluxMap.subscribe(FluxMap.java:62) ~[reactor-core-3.1.16.RELEASE.jar:3.1.16.RELEASE]
	at reactor.core.publisher.FluxOnErrorResume.subscribe(FluxOnErrorResume.java:47) ~[reactor-core-3.1.16.RELEASE.jar:3.1.16.RELEASE]
	at reactor.core.publisher.MonoIgnoreElements.subscribe(MonoIgnoreElements.java:37) ~[reactor-core-3.1.16.RELEASE.jar:3.1.16.RELEASE]
	at reactor.core.publisher.MonoOnErrorResume.subscribe(MonoOnErrorResume.java:44) ~[reactor-core-3.1.16.RELEASE.jar:3.1.16.RELEASE]
	at reactor.core.publisher.Mono.subscribe(Mono.java:3088) ~[reactor-core-3.1.16.RELEASE.jar:3.1.16.RELEASE]
	at reactor.core.publisher.MonoIgnoreThen$ThenIgnoreMain.drain(MonoIgnoreThen.java:172) ~[reactor-core-3.1.16.RELEASE.jar:3.1.16.RELEASE]
	at reactor.core.publisher.MonoIgnoreThen.subscribe(MonoIgnoreThen.java:56) ~[reactor-core-3.1.16.RELEASE.jar:3.1.16.RELEASE]
	at reactor.core.publisher.Mono.subscribe(Mono.java:3088) ~[reactor-core-3.1.16.RELEASE.jar:3.1.16.RELEASE]
	at reactor.core.publisher.FluxOnErrorResume$ResumeSubscriber.onError(FluxOnErrorResume.java:97) ~[reactor-core-3.1.16.RELEASE.jar:3.1.16.RELEASE]
	at reactor.core.publisher.MonoFlatMap$FlatMapMain.secondError(MonoFlatMap.java:185) ~[reactor-core-3.1.16.RELEASE.jar:3.1.16.RELEASE]
	at reactor.core.publisher.MonoFlatMap$FlatMapInner.onError(MonoFlatMap.java:251) ~[reactor-core-3.1.16.RELEASE.jar:3.1.16.RELEASE]
	at reactor.core.publisher.Operators$MonoSubscriber.onError(Operators.java:1126) ~[reactor-core-3.1.16.RELEASE.jar:3.1.16.RELEASE]
	at reactor.core.publisher.MonoIgnoreThen$ThenIgnoreInner.onError(MonoIgnoreThen.java:234) ~[reactor-core-3.1.16.RELEASE.jar:3.1.16.RELEASE]
	at reactor.core.publisher.FluxOnErrorResume$ResumeSubscriber.onError(FluxOnErrorResume.java:100) ~[reactor-core-3.1.16.RELEASE.jar:3.1.16.RELEASE]
	at reactor.core.publisher.Operators.error(Operators.java:178) ~[reactor-core-3.1.16.RELEASE.jar:3.1.16.RELEASE]
	at reactor.core.publisher.MonoError.subscribe(MonoError.java:53) ~[reactor-core-3.1.16.RELEASE.jar:3.1.16.RELEASE]
	at reactor.core.publisher.Mono.subscribe(Mono.java:3088) ~[reactor-core-3.1.16.RELEASE.jar:3.1.16.RELEASE]
	at reactor.core.publisher.FluxOnErrorResume$ResumeSubscriber.onError(FluxOnErrorResume.java:97) ~[reactor-core-3.1.16.RELEASE.jar:3.1.16.RELEASE]
	at reactor.core.publisher.MonoIgnoreElements$IgnoreElementsSubscriber.onError(MonoIgnoreElements.java:75) ~[reactor-core-3.1.16.RELEASE.jar:3.1.16.RELEASE]
	at reactor.core.publisher.FluxOnErrorResume$ResumeSubscriber.onError(FluxOnErrorResume.java:100) ~[reactor-core-3.1.16.RELEASE.jar:3.1.16.RELEASE]
	at reactor.core.publisher.Operators.error(Operators.java:178) ~[reactor-core-3.1.16.RELEASE.jar:3.1.16.RELEASE]
	at reactor.core.publisher.FluxError.subscribe(FluxError.java:45) ~[reactor-core-3.1.16.RELEASE.jar:3.1.16.RELEASE]
	at reactor.core.publisher.Flux.subscribe(Flux.java:6877) ~[reactor-core-3.1.16.RELEASE.jar:3.1.16.RELEASE]
	at reactor.core.publisher.FluxOnErrorResume$ResumeSubscriber.onError(FluxOnErrorResume.java:97) ~[reactor-core-3.1.16.RELEASE.jar:3.1.16.RELEASE]
	at reactor.core.publisher.FluxMap$MapSubscriber.onError(FluxMap.java:120) ~[reactor-core-3.1.16.RELEASE.jar:3.1.16.RELEASE]
	at reactor.core.publisher.FluxMap$MapSubscriber.onError(FluxMap.java:120) ~[reactor-core-3.1.16.RELEASE.jar:3.1.16.RELEASE]
	at reactor.core.publisher.Operators.error(Operators.java:178) ~[reactor-core-3.1.16.RELEASE.jar:3.1.16.RELEASE]
	at reactor.core.publisher.FluxPeek$PeekSubscriber.onSubscribe(FluxPeek.java:157) ~[reactor-core-3.1.16.RELEASE.jar:3.1.16.RELEASE]
	at reactor.core.publisher.FluxMap$MapSubscriber.onSubscribe(FluxMap.java:86) ~[reactor-core-3.1.16.RELEASE.jar:3.1.16.RELEASE]
	at reactor.ipc.netty.channel.FluxReceive.startReceiver(FluxReceive.java:276) ~[reactor-netty-0.7.15.RELEASE.jar:0.7.15.RELEASE]
	at reactor.ipc.netty.channel.FluxReceive.subscribe(FluxReceive.java:126) ~[reactor-netty-0.7.15.RELEASE.jar:0.7.15.RELEASE]
	at reactor.core.publisher.FluxMap.subscribe(FluxMap.java:62) ~[reactor-core-3.1.16.RELEASE.jar:3.1.16.RELEASE]
	at reactor.ipc.netty.ByteBufFlux.subscribe(ByteBufFlux.java:282) ~[reactor-netty-0.7.15.RELEASE.jar:0.7.15.RELEASE]
	at reactor.core.publisher.FluxPeek.subscribe(FluxPeek.java:83) ~[reactor-core-3.1.16.RELEASE.jar:3.1.16.RELEASE]
	at reactor.core.publisher.FluxMap.subscribe(FluxMap.java:62) ~[reactor-core-3.1.16.RELEASE.jar:3.1.16.RELEASE]
	at reactor.core.publisher.FluxMap.subscribe(FluxMap.java:62) ~[reactor-core-3.1.16.RELEASE.jar:3.1.16.RELEASE]
	at reactor.core.publisher.FluxOnErrorResume.subscribe(FluxOnErrorResume.java:47) ~[reactor-core-3.1.16.RELEASE.jar:3.1.16.RELEASE]
	at reactor.core.publisher.MonoIgnoreElements.subscribe(MonoIgnoreElements.java:37) ~[reactor-core-3.1.16.RELEASE.jar:3.1.16.RELEASE]
	at reactor.core.publisher.MonoOnErrorResume.subscribe(MonoOnErrorResume.java:44) ~[reactor-core-3.1.16.RELEASE.jar:3.1.16.RELEASE]
	at reactor.core.publisher.Mono.subscribe(Mono.java:3088) ~[reactor-core-3.1.16.RELEASE.jar:3.1.16.RELEASE]
	at reactor.core.publisher.MonoIgnoreThen$ThenIgnoreMain.drain(MonoIgnoreThen.java:172) ~[reactor-core-3.1.16.RELEASE.jar:3.1.16.RELEASE]
	at reactor.core.publisher.MonoIgnoreThen.subscribe(MonoIgnoreThen.java:56) ~[reactor-core-3.1.16.RELEASE.jar:3.1.16.RELEASE]
	at reactor.core.publisher.MonoFlatMap$FlatMapMain.onNext(MonoFlatMap.java:150) ~[reactor-core-3.1.16.RELEASE.jar:3.1.16.RELEASE]
	at reactor.core.publisher.Operators$MonoSubscriber.complete(Operators.java:1083) ~[reactor-core-3.1.16.RELEASE.jar:3.1.16.RELEASE]
	at reactor.core.publisher.MonoIgnoreThen$ThenIgnoreMain.drain(MonoIgnoreThen.java:147) ~[reactor-core-3.1.16.RELEASE.jar:3.1.16.RELEASE]
	at reactor.core.publisher.MonoIgnoreThen$ThenIgnoreMain.ignoreDone(MonoIgnoreThen.java:190) ~[reactor-core-3.1.16.RELEASE.jar:3.1.16.RELEASE]
	at reactor.core.publisher.MonoIgnoreThen$ThenIgnoreInner.onComplete(MonoIgnoreThen.java:239) ~[reactor-core-3.1.16.RELEASE.jar:3.1.16.RELEASE]
	at reactor.core.publisher.MonoIgnoreElements$IgnoreElementsSubscriber.onComplete(MonoIgnoreElements.java:80) ~[reactor-core-3.1.16.RELEASE.jar:3.1.16.RELEASE]
	at reactor.core.publisher.Operators$MultiSubscriptionSubscriber.onComplete(Operators.java:1318) ~[reactor-core-3.1.16.RELEASE.jar:3.1.16.RELEASE]
	at reactor.core.publisher.Operators.complete(Operators.java:128) ~[reactor-core-3.1.16.RELEASE.jar:3.1.16.RELEASE]
	at reactor.core.publisher.MonoEmpty.subscribe(MonoEmpty.java:45) ~[reactor-core-3.1.16.RELEASE.jar:3.1.16.RELEASE]
	at reactor.core.publisher.Mono.subscribe(Mono.java:3088) ~[reactor-core-3.1.16.RELEASE.jar:3.1.16.RELEASE]
	at reactor.core.publisher.FluxOnErrorResume$ResumeSubscriber.onError(FluxOnErrorResume.java:97) ~[reactor-core-3.1.16.RELEASE.jar:3.1.16.RELEASE]
	at reactor.core.publisher.FluxMap$MapSubscriber.onError(FluxMap.java:120) ~[reactor-core-3.1.16.RELEASE.jar:3.1.16.RELEASE]
	at reactor.core.publisher.FluxMap$MapSubscriber.onNext(FluxMap.java:104) ~[reactor-core-3.1.16.RELEASE.jar:3.1.16.RELEASE]
	at reactor.core.publisher.FluxMap$MapSubscriber.onNext(FluxMap.java:108) ~[reactor-core-3.1.16.RELEASE.jar:3.1.16.RELEASE]
	at reactor.core.publisher.FluxPeek$PeekSubscriber.onNext(FluxPeek.java:185) ~[reactor-core-3.1.16.RELEASE.jar:3.1.16.RELEASE]
	at reactor.core.publisher.FluxMap$MapSubscriber.onNext(FluxMap.java:108) ~[reactor-core-3.1.16.RELEASE.jar:3.1.16.RELEASE]
	at reactor.ipc.netty.channel.FluxReceive.drainReceiver(FluxReceive.java:213) ~[reactor-netty-0.7.15.RELEASE.jar:0.7.15.RELEASE]
	at reactor.ipc.netty.channel.FluxReceive.onInboundNext(FluxReceive.java:329) ~[reactor-netty-0.7.15.RELEASE.jar:0.7.15.RELEASE]
	at reactor.ipc.netty.channel.ChannelOperations.onInboundNext(ChannelOperations.java:311) ~[reactor-netty-0.7.15.RELEASE.jar:0.7.15.RELEASE]
	at reactor.ipc.netty.http.client.HttpClientOperations.onInboundNext(HttpClientOperations.java:652) ~[reactor-netty-0.7.15.RELEASE.jar:0.7.15.RELEASE]
	at reactor.ipc.netty.channel.ChannelOperationsHandler.channelRead(ChannelOperationsHandler.java:138) ~[reactor-netty-0.7.15.RELEASE.jar:0.7.15.RELEASE]
	at io.netty.channel.AbstractChannelHandlerContext.invokeChannelRead(AbstractChannelHandlerContext.java:374) [netty-transport-4.1.39.Final.jar:4.1.39.Final]
	at io.netty.channel.AbstractChannelHandlerContext.invokeChannelRead(AbstractChannelHandlerContext.java:360) [netty-transport-4.1.39.Final.jar:4.1.39.Final]
	at io.netty.channel.AbstractChannelHandlerContext.fireChannelRead(AbstractChannelHandlerContext.java:352) [netty-transport-4.1.39.Final.jar:4.1.39.Final]
	at io.netty.channel.CombinedChannelDuplexHandler$DelegatingChannelHandlerContext.fireChannelRead(CombinedChannelDuplexHandler.java:438) [netty-transport-4.1.39.Final.jar:4.1.39.Final]
	at io.netty.handler.codec.ByteToMessageDecoder.fireChannelRead(ByteToMessageDecoder.java:328) [netty-codec-4.1.39.Final.jar:4.1.39.Final]
	at io.netty.handler.codec.ByteToMessageDecoder.fireChannelRead(ByteToMessageDecoder.java:315) [netty-codec-4.1.39.Final.jar:4.1.39.Final]
	at io.netty.handler.codec.ByteToMessageDecoder.callDecode(ByteToMessageDecoder.java:429) [netty-codec-4.1.39.Final.jar:4.1.39.Final]
	at io.netty.handler.codec.ByteToMessageDecoder.channelRead(ByteToMessageDecoder.java:283) [netty-codec-4.1.39.Final.jar:4.1.39.Final]
	at io.netty.channel.CombinedChannelDuplexHandler.channelRead(CombinedChannelDuplexHandler.java:253) [netty-transport-4.1.39.Final.jar:4.1.39.Final]
	at io.netty.channel.AbstractChannelHandlerContext.invokeChannelRead(AbstractChannelHandlerContext.java:374) [netty-transport-4.1.39.Final.jar:4.1.39.Final]
	at io.netty.channel.AbstractChannelHandlerContext.invokeChannelRead(AbstractChannelHandlerContext.java:360) [netty-transport-4.1.39.Final.jar:4.1.39.Final]
	at io.netty.channel.AbstractChannelHandlerContext.fireChannelRead(AbstractChannelHandlerContext.java:352) [netty-transport-4.1.39.Final.jar:4.1.39.Final]
	at io.netty.channel.DefaultChannelPipeline$HeadContext.channelRead(DefaultChannelPipeline.java:1421) [netty-transport-4.1.39.Final.jar:4.1.39.Final]
	at io.netty.channel.AbstractChannelHandlerContext.invokeChannelRead(AbstractChannelHandlerContext.java:374) [netty-transport-4.1.39.Final.jar:4.1.39.Final]
	at io.netty.channel.AbstractChannelHandlerContext.invokeChannelRead(AbstractChannelHandlerContext.java:360) [netty-transport-4.1.39.Final.jar:4.1.39.Final]
	at io.netty.channel.DefaultChannelPipeline.fireChannelRead(DefaultChannelPipeline.java:930) [netty-transport-4.1.39.Final.jar:4.1.39.Final]
	at io.netty.channel.nio.AbstractNioByteChannel$NioByteUnsafe.read(AbstractNioByteChannel.java:163) [netty-transport-4.1.39.Final.jar:4.1.39.Final]
	at io.netty.channel.nio.NioEventLoop.processSelectedKey(NioEventLoop.java:697) [netty-transport-4.1.39.Final.jar:4.1.39.Final]
	at io.netty.channel.nio.NioEventLoop.processSelectedKeysOptimized(NioEventLoop.java:632) [netty-transport-4.1.39.Final.jar:4.1.39.Final]
	at io.netty.channel.nio.NioEventLoop.processSelectedKeys(NioEventLoop.java:549) [netty-transport-4.1.39.Final.jar:4.1.39.Final]
	at io.netty.channel.nio.NioEventLoop.run(NioEventLoop.java:511) [netty-transport-4.1.39.Final.jar:4.1.39.Final]
	at io.netty.util.concurrent.SingleThreadEventExecutor$5.run(SingleThreadEventExecutor.java:918) [netty-common-4.1.39.Final.jar:4.1.39.Final]
	at io.netty.util.internal.ThreadExecutorMap$2.run(ThreadExecutorMap.java:74) [netty-common-4.1.39.Final.jar:4.1.39.Final]
	at java.lang.Thread.run(Thread.java:748) [?:1.8.0_271]
Caused by: java.lang.IllegalStateException: Only one connection receive subscriber allowed.
	... 93 more
09:57:19.443 [reactor-http-nio-2] ERROR reactor.core.publisher.Operators - Operator called default onErrorDropped
java.lang.IllegalStateException: Only one connection receive subscriber allowed.
	at reactor.ipc.netty.channel.FluxReceive.startReceiver(FluxReceive.java:279) [reactor-netty-0.7.15.RELEASE.jar:0.7.15.RELEASE]
	at reactor.ipc.netty.channel.FluxReceive.subscribe(FluxReceive.java:126) [reactor-netty-0.7.15.RELEASE.jar:0.7.15.RELEASE]
	at reactor.core.publisher.FluxMap.subscribe(FluxMap.java:62) [reactor-core-3.1.16.RELEASE.jar:3.1.16.RELEASE]
	at reactor.ipc.netty.ByteBufFlux.subscribe(ByteBufFlux.java:282) [reactor-netty-0.7.15.RELEASE.jar:0.7.15.RELEASE]
	at reactor.core.publisher.FluxPeek.subscribe(FluxPeek.java:83) [reactor-core-3.1.16.RELEASE.jar:3.1.16.RELEASE]
	at reactor.core.publisher.FluxMap.subscribe(FluxMap.java:62) [reactor-core-3.1.16.RELEASE.jar:3.1.16.RELEASE]
	at reactor.core.publisher.FluxMap.subscribe(FluxMap.java:62) [reactor-core-3.1.16.RELEASE.jar:3.1.16.RELEASE]
	at reactor.core.publisher.FluxOnErrorResume.subscribe(FluxOnErrorResume.java:47) [reactor-core-3.1.16.RELEASE.jar:3.1.16.RELEASE]
	at reactor.core.publisher.MonoIgnoreElements.subscribe(MonoIgnoreElements.java:37) [reactor-core-3.1.16.RELEASE.jar:3.1.16.RELEASE]
	at reactor.core.publisher.MonoOnErrorResume.subscribe(MonoOnErrorResume.java:44) [reactor-core-3.1.16.RELEASE.jar:3.1.16.RELEASE]
	at reactor.core.publisher.Mono.subscribe(Mono.java:3088) [reactor-core-3.1.16.RELEASE.jar:3.1.16.RELEASE]
	at reactor.core.publisher.MonoIgnoreThen$ThenIgnoreMain.drain(MonoIgnoreThen.java:172) [reactor-core-3.1.16.RELEASE.jar:3.1.16.RELEASE]
	at reactor.core.publisher.MonoIgnoreThen.subscribe(MonoIgnoreThen.java:56) [reactor-core-3.1.16.RELEASE.jar:3.1.16.RELEASE]
	at reactor.core.publisher.Mono.subscribe(Mono.java:3088) [reactor-core-3.1.16.RELEASE.jar:3.1.16.RELEASE]
	at reactor.core.publisher.FluxOnErrorResume$ResumeSubscriber.onError(FluxOnErrorResume.java:97) [reactor-core-3.1.16.RELEASE.jar:3.1.16.RELEASE]
	at reactor.core.publisher.MonoFlatMap$FlatMapMain.secondError(MonoFlatMap.java:185) [reactor-core-3.1.16.RELEASE.jar:3.1.16.RELEASE]
	at reactor.core.publisher.MonoFlatMap$FlatMapInner.onError(MonoFlatMap.java:251) [reactor-core-3.1.16.RELEASE.jar:3.1.16.RELEASE]
	at reactor.core.publisher.Operators$MonoSubscriber.onError(Operators.java:1126) [reactor-core-3.1.16.RELEASE.jar:3.1.16.RELEASE]
	at reactor.core.publisher.MonoIgnoreThen$ThenIgnoreInner.onError(MonoIgnoreThen.java:234) [reactor-core-3.1.16.RELEASE.jar:3.1.16.RELEASE]
	at reactor.core.publisher.FluxOnErrorResume$ResumeSubscriber.onError(FluxOnErrorResume.java:100) [reactor-core-3.1.16.RELEASE.jar:3.1.16.RELEASE]
	at reactor.core.publisher.Operators.error(Operators.java:178) [reactor-core-3.1.16.RELEASE.jar:3.1.16.RELEASE]
	at reactor.core.publisher.MonoError.subscribe(MonoError.java:53) [reactor-core-3.1.16.RELEASE.jar:3.1.16.RELEASE]
	at reactor.core.publisher.Mono.subscribe(Mono.java:3088) [reactor-core-3.1.16.RELEASE.jar:3.1.16.RELEASE]
	at reactor.core.publisher.FluxOnErrorResume$ResumeSubscriber.onError(FluxOnErrorResume.java:97) [reactor-core-3.1.16.RELEASE.jar:3.1.16.RELEASE]
	at reactor.core.publisher.MonoIgnoreElements$IgnoreElementsSubscriber.onError(MonoIgnoreElements.java:75) [reactor-core-3.1.16.RELEASE.jar:3.1.16.RELEASE]
	at reactor.core.publisher.FluxOnErrorResume$ResumeSubscriber.onError(FluxOnErrorResume.java:100) [reactor-core-3.1.16.RELEASE.jar:3.1.16.RELEASE]
	at reactor.core.publisher.Operators.error(Operators.java:178) [reactor-core-3.1.16.RELEASE.jar:3.1.16.RELEASE]
	at reactor.core.publisher.FluxError.subscribe(FluxError.java:45) [reactor-core-3.1.16.RELEASE.jar:3.1.16.RELEASE]
	at reactor.core.publisher.Flux.subscribe(Flux.java:6877) [reactor-core-3.1.16.RELEASE.jar:3.1.16.RELEASE]
	at reactor.core.publisher.FluxOnErrorResume$ResumeSubscriber.onError(FluxOnErrorResume.java:97) [reactor-core-3.1.16.RELEASE.jar:3.1.16.RELEASE]
	at reactor.core.publisher.FluxMap$MapSubscriber.onError(FluxMap.java:120) [reactor-core-3.1.16.RELEASE.jar:3.1.16.RELEASE]
	at reactor.core.publisher.FluxMap$MapSubscriber.onError(FluxMap.java:120) [reactor-core-3.1.16.RELEASE.jar:3.1.16.RELEASE]
	at reactor.core.publisher.Operators.error(Operators.java:178) [reactor-core-3.1.16.RELEASE.jar:3.1.16.RELEASE]
	at reactor.core.publisher.FluxPeek$PeekSubscriber.onSubscribe(FluxPeek.java:157) [reactor-core-3.1.16.RELEASE.jar:3.1.16.RELEASE]
	at reactor.core.publisher.FluxMap$MapSubscriber.onSubscribe(FluxMap.java:86) [reactor-core-3.1.16.RELEASE.jar:3.1.16.RELEASE]
	at reactor.ipc.netty.channel.FluxReceive.startReceiver(FluxReceive.java:276) [reactor-netty-0.7.15.RELEASE.jar:0.7.15.RELEASE]
	at reactor.ipc.netty.channel.FluxReceive.subscribe(FluxReceive.java:126) [reactor-netty-0.7.15.RELEASE.jar:0.7.15.RELEASE]
	at reactor.core.publisher.FluxMap.subscribe(FluxMap.java:62) [reactor-core-3.1.16.RELEASE.jar:3.1.16.RELEASE]
	at reactor.ipc.netty.ByteBufFlux.subscribe(ByteBufFlux.java:282) [reactor-netty-0.7.15.RELEASE.jar:0.7.15.RELEASE]
	at reactor.core.publisher.FluxPeek.subscribe(FluxPeek.java:83) [reactor-core-3.1.16.RELEASE.jar:3.1.16.RELEASE]
	at reactor.core.publisher.FluxMap.subscribe(FluxMap.java:62) [reactor-core-3.1.16.RELEASE.jar:3.1.16.RELEASE]
	at reactor.core.publisher.FluxMap.subscribe(FluxMap.java:62) [reactor-core-3.1.16.RELEASE.jar:3.1.16.RELEASE]
	at reactor.core.publisher.FluxOnErrorResume.subscribe(FluxOnErrorResume.java:47) [reactor-core-3.1.16.RELEASE.jar:3.1.16.RELEASE]
	at reactor.core.publisher.MonoIgnoreElements.subscribe(MonoIgnoreElements.java:37) [reactor-core-3.1.16.RELEASE.jar:3.1.16.RELEASE]
	at reactor.core.publisher.MonoOnErrorResume.subscribe(MonoOnErrorResume.java:44) [reactor-core-3.1.16.RELEASE.jar:3.1.16.RELEASE]
	at reactor.core.publisher.Mono.subscribe(Mono.java:3088) [reactor-core-3.1.16.RELEASE.jar:3.1.16.RELEASE]
	at reactor.core.publisher.MonoIgnoreThen$ThenIgnoreMain.drain(MonoIgnoreThen.java:172) [reactor-core-3.1.16.RELEASE.jar:3.1.16.RELEASE]
	at reactor.core.publisher.MonoIgnoreThen.subscribe(MonoIgnoreThen.java:56) [reactor-core-3.1.16.RELEASE.jar:3.1.16.RELEASE]
	at reactor.core.publisher.MonoFlatMap$FlatMapMain.onNext(MonoFlatMap.java:150) [reactor-core-3.1.16.RELEASE.jar:3.1.16.RELEASE]
	at reactor.core.publisher.Operators$MonoSubscriber.complete(Operators.java:1083) [reactor-core-3.1.16.RELEASE.jar:3.1.16.RELEASE]
	at reactor.core.publisher.MonoIgnoreThen$ThenIgnoreMain.drain(MonoIgnoreThen.java:147) [reactor-core-3.1.16.RELEASE.jar:3.1.16.RELEASE]
	at reactor.core.publisher.MonoIgnoreThen$ThenIgnoreMain.ignoreDone(MonoIgnoreThen.java:190) [reactor-core-3.1.16.RELEASE.jar:3.1.16.RELEASE]
	at reactor.core.publisher.MonoIgnoreThen$ThenIgnoreInner.onComplete(MonoIgnoreThen.java:239) [reactor-core-3.1.16.RELEASE.jar:3.1.16.RELEASE]
	at reactor.core.publisher.MonoIgnoreElements$IgnoreElementsSubscriber.onComplete(MonoIgnoreElements.java:80) [reactor-core-3.1.16.RELEASE.jar:3.1.16.RELEASE]
	at reactor.core.publisher.Operators$MultiSubscriptionSubscriber.onComplete(Operators.java:1318) [reactor-core-3.1.16.RELEASE.jar:3.1.16.RELEASE]
	at reactor.core.publisher.Operators.complete(Operators.java:128) [reactor-core-3.1.16.RELEASE.jar:3.1.16.RELEASE]
	at reactor.core.publisher.MonoEmpty.subscribe(MonoEmpty.java:45) [reactor-core-3.1.16.RELEASE.jar:3.1.16.RELEASE]
	at reactor.core.publisher.Mono.subscribe(Mono.java:3088) [reactor-core-3.1.16.RELEASE.jar:3.1.16.RELEASE]
	at reactor.core.publisher.FluxOnErrorResume$ResumeSubscriber.onError(FluxOnErrorResume.java:97) [reactor-core-3.1.16.RELEASE.jar:3.1.16.RELEASE]
	at reactor.core.publisher.FluxMap$MapSubscriber.onError(FluxMap.java:120) [reactor-core-3.1.16.RELEASE.jar:3.1.16.RELEASE]
	at reactor.core.publisher.FluxMap$MapSubscriber.onNext(FluxMap.java:104) [reactor-core-3.1.16.RELEASE.jar:3.1.16.RELEASE]
	at reactor.core.publisher.FluxMap$MapSubscriber.onNext(FluxMap.java:108) [reactor-core-3.1.16.RELEASE.jar:3.1.16.RELEASE]
	at reactor.core.publisher.FluxPeek$PeekSubscriber.onNext(FluxPeek.java:185) [reactor-core-3.1.16.RELEASE.jar:3.1.16.RELEASE]
	at reactor.core.publisher.FluxMap$MapSubscriber.onNext(FluxMap.java:108) [reactor-core-3.1.16.RELEASE.jar:3.1.16.RELEASE]
	at reactor.ipc.netty.channel.FluxReceive.drainReceiver(FluxReceive.java:213) [reactor-netty-0.7.15.RELEASE.jar:0.7.15.RELEASE]
	at reactor.ipc.netty.channel.FluxReceive.onInboundNext(FluxReceive.java:329) [reactor-netty-0.7.15.RELEASE.jar:0.7.15.RELEASE]
	at reactor.ipc.netty.channel.ChannelOperations.onInboundNext(ChannelOperations.java:311) [reactor-netty-0.7.15.RELEASE.jar:0.7.15.RELEASE]
	at reactor.ipc.netty.http.client.HttpClientOperations.onInboundNext(HttpClientOperations.java:652) [reactor-netty-0.7.15.RELEASE.jar:0.7.15.RELEASE]
	at reactor.ipc.netty.channel.ChannelOperationsHandler.channelRead(ChannelOperationsHandler.java:138) [reactor-netty-0.7.15.RELEASE.jar:0.7.15.RELEASE]
	at io.netty.channel.AbstractChannelHandlerContext.invokeChannelRead(AbstractChannelHandlerContext.java:374) [netty-transport-4.1.39.Final.jar:4.1.39.Final]
	at io.netty.channel.AbstractChannelHandlerContext.invokeChannelRead(AbstractChannelHandlerContext.java:360) [netty-transport-4.1.39.Final.jar:4.1.39.Final]
	at io.netty.channel.AbstractChannelHandlerContext.fireChannelRead(AbstractChannelHandlerContext.java:352) [netty-transport-4.1.39.Final.jar:4.1.39.Final]
	at io.netty.channel.CombinedChannelDuplexHandler$DelegatingChannelHandlerContext.fireChannelRead(CombinedChannelDuplexHandler.java:438) [netty-transport-4.1.39.Final.jar:4.1.39.Final]
	at io.netty.handler.codec.ByteToMessageDecoder.fireChannelRead(ByteToMessageDecoder.java:328) [netty-codec-4.1.39.Final.jar:4.1.39.Final]
	at io.netty.handler.codec.ByteToMessageDecoder.fireChannelRead(ByteToMessageDecoder.java:315) [netty-codec-4.1.39.Final.jar:4.1.39.Final]
	at io.netty.handler.codec.ByteToMessageDecoder.callDecode(ByteToMessageDecoder.java:429) [netty-codec-4.1.39.Final.jar:4.1.39.Final]
	at io.netty.handler.codec.ByteToMessageDecoder.channelRead(ByteToMessageDecoder.java:283) [netty-codec-4.1.39.Final.jar:4.1.39.Final]
	at io.netty.channel.CombinedChannelDuplexHandler.channelRead(CombinedChannelDuplexHandler.java:253) [netty-transport-4.1.39.Final.jar:4.1.39.Final]
	at io.netty.channel.AbstractChannelHandlerContext.invokeChannelRead(AbstractChannelHandlerContext.java:374) [netty-transport-4.1.39.Final.jar:4.1.39.Final]
	at io.netty.channel.AbstractChannelHandlerContext.invokeChannelRead(AbstractChannelHandlerContext.java:360) [netty-transport-4.1.39.Final.jar:4.1.39.Final]
	at io.netty.channel.AbstractChannelHandlerContext.fireChannelRead(AbstractChannelHandlerContext.java:352) [netty-transport-4.1.39.Final.jar:4.1.39.Final]
	at io.netty.channel.DefaultChannelPipeline$HeadContext.channelRead(DefaultChannelPipeline.java:1421) [netty-transport-4.1.39.Final.jar:4.1.39.Final]
	at io.netty.channel.AbstractChannelHandlerContext.invokeChannelRead(AbstractChannelHandlerContext.java:374) [netty-transport-4.1.39.Final.jar:4.1.39.Final]
	at io.netty.channel.AbstractChannelHandlerContext.invokeChannelRead(AbstractChannelHandlerContext.java:360) [netty-transport-4.1.39.Final.jar:4.1.39.Final]
	at io.netty.channel.DefaultChannelPipeline.fireChannelRead(DefaultChannelPipeline.java:930) [netty-transport-4.1.39.Final.jar:4.1.39.Final]
	at io.netty.channel.nio.AbstractNioByteChannel$NioByteUnsafe.read(AbstractNioByteChannel.java:163) [netty-transport-4.1.39.Final.jar:4.1.39.Final]
	at io.netty.channel.nio.NioEventLoop.processSelectedKey(NioEventLoop.java:697) [netty-transport-4.1.39.Final.jar:4.1.39.Final]
	at io.netty.channel.nio.NioEventLoop.processSelectedKeysOptimized(NioEventLoop.java:632) [netty-transport-4.1.39.Final.jar:4.1.39.Final]
	at io.netty.channel.nio.NioEventLoop.processSelectedKeys(NioEventLoop.java:549) [netty-transport-4.1.39.Final.jar:4.1.39.Final]
	at io.netty.channel.nio.NioEventLoop.run(NioEventLoop.java:511) [netty-transport-4.1.39.Final.jar:4.1.39.Final]
	at io.netty.util.concurrent.SingleThreadEventExecutor$5.run(SingleThreadEventExecutor.java:918) [netty-common-4.1.39.Final.jar:4.1.39.Final]
	at io.netty.util.internal.ThreadExecutorMap$2.run(ThreadExecutorMap.java:74) [netty-common-4.1.39.Final.jar:4.1.39.Final]
	at java.lang.Thread.run(Thread.java:748) [?:1.8.0_271]
09:57:19.445 [reactor-http-nio-2] ERROR reactor.core.publisher.Operators - Operator called default onErrorDropped
reactor.core.Exceptions$BubblingException: java.lang.IllegalStateException: Only one connection receive subscriber allowed.
	at reactor.core.Exceptions.bubble(Exceptions.java:154) ~[reactor-core-3.1.16.RELEASE.jar:3.1.16.RELEASE]
	at reactor.core.publisher.Operators.onErrorDropped(Operators.java:263) ~[reactor-core-3.1.16.RELEASE.jar:3.1.16.RELEASE]
	at reactor.core.publisher.FluxMap$MapSubscriber.onError(FluxMap.java:114) ~[reactor-core-3.1.16.RELEASE.jar:3.1.16.RELEASE]
	at reactor.core.publisher.FluxPeek$PeekSubscriber.onError(FluxPeek.java:207) ~[reactor-core-3.1.16.RELEASE.jar:3.1.16.RELEASE]
	at reactor.core.publisher.FluxMap$MapSubscriber.onError(FluxMap.java:120) ~[reactor-core-3.1.16.RELEASE.jar:3.1.16.RELEASE]
	at reactor.core.publisher.Operators.error(Operators.java:178) ~[reactor-core-3.1.16.RELEASE.jar:3.1.16.RELEASE]
	at reactor.ipc.netty.channel.FluxReceive.startReceiver(FluxReceive.java:279) ~[reactor-netty-0.7.15.RELEASE.jar:0.7.15.RELEASE]
	at reactor.ipc.netty.channel.FluxReceive.subscribe(FluxReceive.java:126) ~[reactor-netty-0.7.15.RELEASE.jar:0.7.15.RELEASE]
	at reactor.core.publisher.FluxMap.subscribe(FluxMap.java:62) ~[reactor-core-3.1.16.RELEASE.jar:3.1.16.RELEASE]
	at reactor.ipc.netty.ByteBufFlux.subscribe(ByteBufFlux.java:282) ~[reactor-netty-0.7.15.RELEASE.jar:0.7.15.RELEASE]
	at reactor.core.publisher.FluxPeek.subscribe(FluxPeek.java:83) ~[reactor-core-3.1.16.RELEASE.jar:3.1.16.RELEASE]
	at reactor.core.publisher.FluxMap.subscribe(FluxMap.java:62) ~[reactor-core-3.1.16.RELEASE.jar:3.1.16.RELEASE]
	at reactor.core.publisher.FluxMap.subscribe(FluxMap.java:62) ~[reactor-core-3.1.16.RELEASE.jar:3.1.16.RELEASE]
	at reactor.core.publisher.FluxOnErrorResume.subscribe(FluxOnErrorResume.java:47) ~[reactor-core-3.1.16.RELEASE.jar:3.1.16.RELEASE]
	at reactor.core.publisher.MonoIgnoreElements.subscribe(MonoIgnoreElements.java:37) ~[reactor-core-3.1.16.RELEASE.jar:3.1.16.RELEASE]
	at reactor.core.publisher.MonoOnErrorResume.subscribe(MonoOnErrorResume.java:44) ~[reactor-core-3.1.16.RELEASE.jar:3.1.16.RELEASE]
	at reactor.core.publisher.Mono.subscribe(Mono.java:3088) ~[reactor-core-3.1.16.RELEASE.jar:3.1.16.RELEASE]
	at reactor.core.publisher.MonoIgnoreThen$ThenIgnoreMain.drain(MonoIgnoreThen.java:172) ~[reactor-core-3.1.16.RELEASE.jar:3.1.16.RELEASE]
	at reactor.core.publisher.MonoIgnoreThen.subscribe(MonoIgnoreThen.java:56) ~[reactor-core-3.1.16.RELEASE.jar:3.1.16.RELEASE]
	at reactor.core.publisher.Mono.subscribe(Mono.java:3088) ~[reactor-core-3.1.16.RELEASE.jar:3.1.16.RELEASE]
	at reactor.core.publisher.FluxOnErrorResume$ResumeSubscriber.onError(FluxOnErrorResume.java:97) ~[reactor-core-3.1.16.RELEASE.jar:3.1.16.RELEASE]
	at reactor.core.publisher.MonoFlatMap$FlatMapMain.secondError(MonoFlatMap.java:185) ~[reactor-core-3.1.16.RELEASE.jar:3.1.16.RELEASE]
	at reactor.core.publisher.MonoFlatMap$FlatMapInner.onError(MonoFlatMap.java:251) ~[reactor-core-3.1.16.RELEASE.jar:3.1.16.RELEASE]
	at reactor.core.publisher.Operators$MonoSubscriber.onError(Operators.java:1126) ~[reactor-core-3.1.16.RELEASE.jar:3.1.16.RELEASE]
	at reactor.core.publisher.MonoIgnoreThen$ThenIgnoreInner.onError(MonoIgnoreThen.java:234) ~[reactor-core-3.1.16.RELEASE.jar:3.1.16.RELEASE]
	at reactor.core.publisher.FluxOnErrorResume$ResumeSubscriber.onError(FluxOnErrorResume.java:100) ~[reactor-core-3.1.16.RELEASE.jar:3.1.16.RELEASE]
	at reactor.core.publisher.Operators.error(Operators.java:178) ~[reactor-core-3.1.16.RELEASE.jar:3.1.16.RELEASE]
	at reactor.core.publisher.MonoError.subscribe(MonoError.java:53) ~[reactor-core-3.1.16.RELEASE.jar:3.1.16.RELEASE]
	at reactor.core.publisher.Mono.subscribe(Mono.java:3088) ~[reactor-core-3.1.16.RELEASE.jar:3.1.16.RELEASE]
	at reactor.core.publisher.FluxOnErrorResume$ResumeSubscriber.onError(FluxOnErrorResume.java:97) ~[reactor-core-3.1.16.RELEASE.jar:3.1.16.RELEASE]
	at reactor.core.publisher.MonoIgnoreElements$IgnoreElementsSubscriber.onError(MonoIgnoreElements.java:75) ~[reactor-core-3.1.16.RELEASE.jar:3.1.16.RELEASE]
	at reactor.core.publisher.FluxOnErrorResume$ResumeSubscriber.onError(FluxOnErrorResume.java:100) ~[reactor-core-3.1.16.RELEASE.jar:3.1.16.RELEASE]
	at reactor.core.publisher.Operators.error(Operators.java:178) ~[reactor-core-3.1.16.RELEASE.jar:3.1.16.RELEASE]
	at reactor.core.publisher.FluxError.subscribe(FluxError.java:45) ~[reactor-core-3.1.16.RELEASE.jar:3.1.16.RELEASE]
	at reactor.core.publisher.Flux.subscribe(Flux.java:6877) ~[reactor-core-3.1.16.RELEASE.jar:3.1.16.RELEASE]
	at reactor.core.publisher.FluxOnErrorResume$ResumeSubscriber.onError(FluxOnErrorResume.java:97) ~[reactor-core-3.1.16.RELEASE.jar:3.1.16.RELEASE]
	at reactor.core.publisher.FluxMap$MapSubscriber.onError(FluxMap.java:120) ~[reactor-core-3.1.16.RELEASE.jar:3.1.16.RELEASE]
	at reactor.core.publisher.FluxMap$MapSubscriber.onError(FluxMap.java:120) ~[reactor-core-3.1.16.RELEASE.jar:3.1.16.RELEASE]
	at reactor.core.publisher.Operators.error(Operators.java:178) ~[reactor-core-3.1.16.RELEASE.jar:3.1.16.RELEASE]
	at reactor.core.publisher.FluxPeek$PeekSubscriber.onSubscribe(FluxPeek.java:157) ~[reactor-core-3.1.16.RELEASE.jar:3.1.16.RELEASE]
	at reactor.core.publisher.FluxMap$MapSubscriber.onSubscribe(FluxMap.java:86) ~[reactor-core-3.1.16.RELEASE.jar:3.1.16.RELEASE]
	at reactor.ipc.netty.channel.FluxReceive.startReceiver(FluxReceive.java:276) ~[reactor-netty-0.7.15.RELEASE.jar:0.7.15.RELEASE]
	at reactor.ipc.netty.channel.FluxReceive.subscribe(FluxReceive.java:126) ~[reactor-netty-0.7.15.RELEASE.jar:0.7.15.RELEASE]
	at reactor.core.publisher.FluxMap.subscribe(FluxMap.java:62) ~[reactor-core-3.1.16.RELEASE.jar:3.1.16.RELEASE]
	at reactor.ipc.netty.ByteBufFlux.subscribe(ByteBufFlux.java:282) ~[reactor-netty-0.7.15.RELEASE.jar:0.7.15.RELEASE]
	at reactor.core.publisher.FluxPeek.subscribe(FluxPeek.java:83) ~[reactor-core-3.1.16.RELEASE.jar:3.1.16.RELEASE]
	at reactor.core.publisher.FluxMap.subscribe(FluxMap.java:62) ~[reactor-core-3.1.16.RELEASE.jar:3.1.16.RELEASE]
	at reactor.core.publisher.FluxMap.subscribe(FluxMap.java:62) ~[reactor-core-3.1.16.RELEASE.jar:3.1.16.RELEASE]
	at reactor.core.publisher.FluxOnErrorResume.subscribe(FluxOnErrorResume.java:47) ~[reactor-core-3.1.16.RELEASE.jar:3.1.16.RELEASE]
	at reactor.core.publisher.MonoIgnoreElements.subscribe(MonoIgnoreElements.java:37) ~[reactor-core-3.1.16.RELEASE.jar:3.1.16.RELEASE]
	at reactor.core.publisher.MonoOnErrorResume.subscribe(MonoOnErrorResume.java:44) ~[reactor-core-3.1.16.RELEASE.jar:3.1.16.RELEASE]
	at reactor.core.publisher.Mono.subscribe(Mono.java:3088) ~[reactor-core-3.1.16.RELEASE.jar:3.1.16.RELEASE]
	at reactor.core.publisher.MonoIgnoreThen$ThenIgnoreMain.drain(MonoIgnoreThen.java:172) ~[reactor-core-3.1.16.RELEASE.jar:3.1.16.RELEASE]
	at reactor.core.publisher.MonoIgnoreThen.subscribe(MonoIgnoreThen.java:56) ~[reactor-core-3.1.16.RELEASE.jar:3.1.16.RELEASE]
	at reactor.core.publisher.MonoFlatMap$FlatMapMain.onNext(MonoFlatMap.java:150) ~[reactor-core-3.1.16.RELEASE.jar:3.1.16.RELEASE]
	at reactor.core.publisher.Operators$MonoSubscriber.complete(Operators.java:1083) ~[reactor-core-3.1.16.RELEASE.jar:3.1.16.RELEASE]
	at reactor.core.publisher.MonoIgnoreThen$ThenIgnoreMain.drain(MonoIgnoreThen.java:147) ~[reactor-core-3.1.16.RELEASE.jar:3.1.16.RELEASE]
	at reactor.core.publisher.MonoIgnoreThen$ThenIgnoreMain.ignoreDone(MonoIgnoreThen.java:190) ~[reactor-core-3.1.16.RELEASE.jar:3.1.16.RELEASE]
	at reactor.core.publisher.MonoIgnoreThen$ThenIgnoreInner.onComplete(MonoIgnoreThen.java:239) ~[reactor-core-3.1.16.RELEASE.jar:3.1.16.RELEASE]
	at reactor.core.publisher.MonoIgnoreElements$IgnoreElementsSubscriber.onComplete(MonoIgnoreElements.java:80) ~[reactor-core-3.1.16.RELEASE.jar:3.1.16.RELEASE]
	at reactor.core.publisher.Operators$MultiSubscriptionSubscriber.onComplete(Operators.java:1318) ~[reactor-core-3.1.16.RELEASE.jar:3.1.16.RELEASE]
	at reactor.core.publisher.Operators.complete(Operators.java:128) ~[reactor-core-3.1.16.RELEASE.jar:3.1.16.RELEASE]
	at reactor.core.publisher.MonoEmpty.subscribe(MonoEmpty.java:45) ~[reactor-core-3.1.16.RELEASE.jar:3.1.16.RELEASE]
	at reactor.core.publisher.Mono.subscribe(Mono.java:3088) ~[reactor-core-3.1.16.RELEASE.jar:3.1.16.RELEASE]
	at reactor.core.publisher.FluxOnErrorResume$ResumeSubscriber.onError(FluxOnErrorResume.java:97) ~[reactor-core-3.1.16.RELEASE.jar:3.1.16.RELEASE]
	at reactor.core.publisher.FluxMap$MapSubscriber.onError(FluxMap.java:120) ~[reactor-core-3.1.16.RELEASE.jar:3.1.16.RELEASE]
	at reactor.core.publisher.FluxMap$MapSubscriber.onNext(FluxMap.java:104) ~[reactor-core-3.1.16.RELEASE.jar:3.1.16.RELEASE]
	at reactor.core.publisher.FluxMap$MapSubscriber.onNext(FluxMap.java:108) ~[reactor-core-3.1.16.RELEASE.jar:3.1.16.RELEASE]
	at reactor.core.publisher.FluxPeek$PeekSubscriber.onNext(FluxPeek.java:185) ~[reactor-core-3.1.16.RELEASE.jar:3.1.16.RELEASE]
	at reactor.core.publisher.FluxMap$MapSubscriber.onNext(FluxMap.java:108) ~[reactor-core-3.1.16.RELEASE.jar:3.1.16.RELEASE]
	at reactor.ipc.netty.channel.FluxReceive.drainReceiver(FluxReceive.java:213) ~[reactor-netty-0.7.15.RELEASE.jar:0.7.15.RELEASE]
	at reactor.ipc.netty.channel.FluxReceive.onInboundNext(FluxReceive.java:329) ~[reactor-netty-0.7.15.RELEASE.jar:0.7.15.RELEASE]
	at reactor.ipc.netty.channel.ChannelOperations.onInboundNext(ChannelOperations.java:311) ~[reactor-netty-0.7.15.RELEASE.jar:0.7.15.RELEASE]
	at reactor.ipc.netty.http.client.HttpClientOperations.onInboundNext(HttpClientOperations.java:652) ~[reactor-netty-0.7.15.RELEASE.jar:0.7.15.RELEASE]
	at reactor.ipc.netty.channel.ChannelOperationsHandler.channelRead(ChannelOperationsHandler.java:138) ~[reactor-netty-0.7.15.RELEASE.jar:0.7.15.RELEASE]
	at io.netty.channel.AbstractChannelHandlerContext.invokeChannelRead(AbstractChannelHandlerContext.java:374) [netty-transport-4.1.39.Final.jar:4.1.39.Final]
	at io.netty.channel.AbstractChannelHandlerContext.invokeChannelRead(AbstractChannelHandlerContext.java:360) [netty-transport-4.1.39.Final.jar:4.1.39.Final]
	at io.netty.channel.AbstractChannelHandlerContext.fireChannelRead(AbstractChannelHandlerContext.java:352) [netty-transport-4.1.39.Final.jar:4.1.39.Final]
	at io.netty.channel.CombinedChannelDuplexHandler$DelegatingChannelHandlerContext.fireChannelRead(CombinedChannelDuplexHandler.java:438) [netty-transport-4.1.39.Final.jar:4.1.39.Final]
	at io.netty.handler.codec.ByteToMessageDecoder.fireChannelRead(ByteToMessageDecoder.java:328) [netty-codec-4.1.39.Final.jar:4.1.39.Final]
	at io.netty.handler.codec.ByteToMessageDecoder.fireChannelRead(ByteToMessageDecoder.java:315) [netty-codec-4.1.39.Final.jar:4.1.39.Final]
	at io.netty.handler.codec.ByteToMessageDecoder.callDecode(ByteToMessageDecoder.java:429) [netty-codec-4.1.39.Final.jar:4.1.39.Final]
	at io.netty.handler.codec.ByteToMessageDecoder.channelRead(ByteToMessageDecoder.java:283) [netty-codec-4.1.39.Final.jar:4.1.39.Final]
	at io.netty.channel.CombinedChannelDuplexHandler.channelRead(CombinedChannelDuplexHandler.java:253) [netty-transport-4.1.39.Final.jar:4.1.39.Final]
	at io.netty.channel.AbstractChannelHandlerContext.invokeChannelRead(AbstractChannelHandlerContext.java:374) [netty-transport-4.1.39.Final.jar:4.1.39.Final]
	at io.netty.channel.AbstractChannelHandlerContext.invokeChannelRead(AbstractChannelHandlerContext.java:360) [netty-transport-4.1.39.Final.jar:4.1.39.Final]
	at io.netty.channel.AbstractChannelHandlerContext.fireChannelRead(AbstractChannelHandlerContext.java:352) [netty-transport-4.1.39.Final.jar:4.1.39.Final]
	at io.netty.channel.DefaultChannelPipeline$HeadContext.channelRead(DefaultChannelPipeline.java:1421) [netty-transport-4.1.39.Final.jar:4.1.39.Final]
	at io.netty.channel.AbstractChannelHandlerContext.invokeChannelRead(AbstractChannelHandlerContext.java:374) [netty-transport-4.1.39.Final.jar:4.1.39.Final]
	at io.netty.channel.AbstractChannelHandlerContext.invokeChannelRead(AbstractChannelHandlerContext.java:360) [netty-transport-4.1.39.Final.jar:4.1.39.Final]
	at io.netty.channel.DefaultChannelPipeline.fireChannelRead(DefaultChannelPipeline.java:930) [netty-transport-4.1.39.Final.jar:4.1.39.Final]
	at io.netty.channel.nio.AbstractNioByteChannel$NioByteUnsafe.read(AbstractNioByteChannel.java:163) [netty-transport-4.1.39.Final.jar:4.1.39.Final]
	at io.netty.channel.nio.NioEventLoop.processSelectedKey(NioEventLoop.java:697) [netty-transport-4.1.39.Final.jar:4.1.39.Final]
	at io.netty.channel.nio.NioEventLoop.processSelectedKeysOptimized(NioEventLoop.java:632) [netty-transport-4.1.39.Final.jar:4.1.39.Final]
	at io.netty.channel.nio.NioEventLoop.processSelectedKeys(NioEventLoop.java:549) [netty-transport-4.1.39.Final.jar:4.1.39.Final]
	at io.netty.channel.nio.NioEventLoop.run(NioEventLoop.java:511) [netty-transport-4.1.39.Final.jar:4.1.39.Final]
	at io.netty.util.concurrent.SingleThreadEventExecutor$5.run(SingleThreadEventExecutor.java:918) [netty-common-4.1.39.Final.jar:4.1.39.Final]
	at io.netty.util.internal.ThreadExecutorMap$2.run(ThreadExecutorMap.java:74) [netty-common-4.1.39.Final.jar:4.1.39.Final]
	at java.lang.Thread.run(Thread.java:748) [?:1.8.0_271]
Caused by: java.lang.IllegalStateException: Only one connection receive subscriber allowed.
	... 93 more
09:57:19.445 [reactor-http-nio-2] WARN  io.netty.channel.AbstractChannelHandlerContext - An exception 'reactor.core.Exceptions$BubblingException: java.lang.IllegalStateException: Only one connection receive subscriber allowed.' [enable DEBUG level for full stacktrace] was thrown by a user handler's exceptionCaught() method while handling the following exception:
reactor.core.Exceptions$BubblingException: java.lang.IllegalStateException: Only one connection receive subscriber allowed.
	at reactor.core.Exceptions.bubble(Exceptions.java:154) ~[reactor-core-3.1.16.RELEASE.jar:3.1.16.RELEASE]
	at reactor.core.publisher.Operators.onErrorDropped(Operators.java:263) ~[reactor-core-3.1.16.RELEASE.jar:3.1.16.RELEASE]
	at reactor.core.publisher.FluxMap$MapSubscriber.onError(FluxMap.java:114) ~[reactor-core-3.1.16.RELEASE.jar:3.1.16.RELEASE]
	at reactor.core.publisher.FluxPeek$PeekSubscriber.onError(FluxPeek.java:207) ~[reactor-core-3.1.16.RELEASE.jar:3.1.16.RELEASE]
	at reactor.core.publisher.FluxMap$MapSubscriber.onError(FluxMap.java:120) ~[reactor-core-3.1.16.RELEASE.jar:3.1.16.RELEASE]
	at reactor.core.publisher.Operators.error(Operators.java:178) ~[reactor-core-3.1.16.RELEASE.jar:3.1.16.RELEASE]
	at reactor.ipc.netty.channel.FluxReceive.startReceiver(FluxReceive.java:279) ~[reactor-netty-0.7.15.RELEASE.jar:0.7.15.RELEASE]
	at reactor.ipc.netty.channel.FluxReceive.subscribe(FluxReceive.java:126) ~[reactor-netty-0.7.15.RELEASE.jar:0.7.15.RELEASE]
	at reactor.core.publisher.FluxMap.subscribe(FluxMap.java:62) ~[reactor-core-3.1.16.RELEASE.jar:3.1.16.RELEASE]
	at reactor.ipc.netty.ByteBufFlux.subscribe(ByteBufFlux.java:282) ~[reactor-netty-0.7.15.RELEASE.jar:0.7.15.RELEASE]
	at reactor.core.publisher.FluxPeek.subscribe(FluxPeek.java:83) ~[reactor-core-3.1.16.RELEASE.jar:3.1.16.RELEASE]
	at reactor.core.publisher.FluxMap.subscribe(FluxMap.java:62) ~[reactor-core-3.1.16.RELEASE.jar:3.1.16.RELEASE]
	at reactor.core.publisher.FluxMap.subscribe(FluxMap.java:62) ~[reactor-core-3.1.16.RELEASE.jar:3.1.16.RELEASE]
	at reactor.core.publisher.FluxOnErrorResume.subscribe(FluxOnErrorResume.java:47) ~[reactor-core-3.1.16.RELEASE.jar:3.1.16.RELEASE]
	at reactor.core.publisher.MonoIgnoreElements.subscribe(MonoIgnoreElements.java:37) ~[reactor-core-3.1.16.RELEASE.jar:3.1.16.RELEASE]
	at reactor.core.publisher.MonoOnErrorResume.subscribe(MonoOnErrorResume.java:44) ~[reactor-core-3.1.16.RELEASE.jar:3.1.16.RELEASE]
	at reactor.core.publisher.Mono.subscribe(Mono.java:3088) ~[reactor-core-3.1.16.RELEASE.jar:3.1.16.RELEASE]
	at reactor.core.publisher.MonoIgnoreThen$ThenIgnoreMain.drain(MonoIgnoreThen.java:172) ~[reactor-core-3.1.16.RELEASE.jar:3.1.16.RELEASE]
	at reactor.core.publisher.MonoIgnoreThen.subscribe(MonoIgnoreThen.java:56) ~[reactor-core-3.1.16.RELEASE.jar:3.1.16.RELEASE]
	at reactor.core.publisher.Mono.subscribe(Mono.java:3088) ~[reactor-core-3.1.16.RELEASE.jar:3.1.16.RELEASE]
	at reactor.core.publisher.FluxOnErrorResume$ResumeSubscriber.onError(FluxOnErrorResume.java:97) ~[reactor-core-3.1.16.RELEASE.jar:3.1.16.RELEASE]
	at reactor.core.publisher.MonoFlatMap$FlatMapMain.secondError(MonoFlatMap.java:185) ~[reactor-core-3.1.16.RELEASE.jar:3.1.16.RELEASE]
	at reactor.core.publisher.MonoFlatMap$FlatMapInner.onError(MonoFlatMap.java:251) ~[reactor-core-3.1.16.RELEASE.jar:3.1.16.RELEASE]
	at reactor.core.publisher.Operators$MonoSubscriber.onError(Operators.java:1126) ~[reactor-core-3.1.16.RELEASE.jar:3.1.16.RELEASE]
	at reactor.core.publisher.MonoIgnoreThen$ThenIgnoreInner.onError(MonoIgnoreThen.java:234) ~[reactor-core-3.1.16.RELEASE.jar:3.1.16.RELEASE]
	at reactor.core.publisher.FluxOnErrorResume$ResumeSubscriber.onError(FluxOnErrorResume.java:100) ~[reactor-core-3.1.16.RELEASE.jar:3.1.16.RELEASE]
	at reactor.core.publisher.Operators.error(Operators.java:178) ~[reactor-core-3.1.16.RELEASE.jar:3.1.16.RELEASE]
	at reactor.core.publisher.MonoError.subscribe(MonoError.java:53) ~[reactor-core-3.1.16.RELEASE.jar:3.1.16.RELEASE]
	at reactor.core.publisher.Mono.subscribe(Mono.java:3088) ~[reactor-core-3.1.16.RELEASE.jar:3.1.16.RELEASE]
	at reactor.core.publisher.FluxOnErrorResume$ResumeSubscriber.onError(FluxOnErrorResume.java:97) ~[reactor-core-3.1.16.RELEASE.jar:3.1.16.RELEASE]
	at reactor.core.publisher.MonoIgnoreElements$IgnoreElementsSubscriber.onError(MonoIgnoreElements.java:75) ~[reactor-core-3.1.16.RELEASE.jar:3.1.16.RELEASE]
	at reactor.core.publisher.FluxOnErrorResume$ResumeSubscriber.onError(FluxOnErrorResume.java:100) ~[reactor-core-3.1.16.RELEASE.jar:3.1.16.RELEASE]
	at reactor.core.publisher.Operators.error(Operators.java:178) ~[reactor-core-3.1.16.RELEASE.jar:3.1.16.RELEASE]
	at reactor.core.publisher.FluxError.subscribe(FluxError.java:45) ~[reactor-core-3.1.16.RELEASE.jar:3.1.16.RELEASE]
	at reactor.core.publisher.Flux.subscribe(Flux.java:6877) ~[reactor-core-3.1.16.RELEASE.jar:3.1.16.RELEASE]
	at reactor.core.publisher.FluxOnErrorResume$ResumeSubscriber.onError(FluxOnErrorResume.java:97) ~[reactor-core-3.1.16.RELEASE.jar:3.1.16.RELEASE]
	at reactor.core.publisher.FluxMap$MapSubscriber.onError(FluxMap.java:120) ~[reactor-core-3.1.16.RELEASE.jar:3.1.16.RELEASE]
	at reactor.core.publisher.FluxMap$MapSubscriber.onError(FluxMap.java:120) ~[reactor-core-3.1.16.RELEASE.jar:3.1.16.RELEASE]
	at reactor.core.publisher.Operators.error(Operators.java:178) ~[reactor-core-3.1.16.RELEASE.jar:3.1.16.RELEASE]
	at reactor.core.publisher.FluxPeek$PeekSubscriber.onSubscribe(FluxPeek.java:157) ~[reactor-core-3.1.16.RELEASE.jar:3.1.16.RELEASE]
	at reactor.core.publisher.FluxMap$MapSubscriber.onSubscribe(FluxMap.java:86) ~[reactor-core-3.1.16.RELEASE.jar:3.1.16.RELEASE]
	at reactor.ipc.netty.channel.FluxReceive.startReceiver(FluxReceive.java:276) ~[reactor-netty-0.7.15.RELEASE.jar:0.7.15.RELEASE]
	at reactor.ipc.netty.channel.FluxReceive.subscribe(FluxReceive.java:126) ~[reactor-netty-0.7.15.RELEASE.jar:0.7.15.RELEASE]
	at reactor.core.publisher.FluxMap.subscribe(FluxMap.java:62) ~[reactor-core-3.1.16.RELEASE.jar:3.1.16.RELEASE]
	at reactor.ipc.netty.ByteBufFlux.subscribe(ByteBufFlux.java:282) ~[reactor-netty-0.7.15.RELEASE.jar:0.7.15.RELEASE]
	at reactor.core.publisher.FluxPeek.subscribe(FluxPeek.java:83) ~[reactor-core-3.1.16.RELEASE.jar:3.1.16.RELEASE]
	at reactor.core.publisher.FluxMap.subscribe(FluxMap.java:62) ~[reactor-core-3.1.16.RELEASE.jar:3.1.16.RELEASE]
	at reactor.core.publisher.FluxMap.subscribe(FluxMap.java:62) ~[reactor-core-3.1.16.RELEASE.jar:3.1.16.RELEASE]
	at reactor.core.publisher.FluxOnErrorResume.subscribe(FluxOnErrorResume.java:47) ~[reactor-core-3.1.16.RELEASE.jar:3.1.16.RELEASE]
	at reactor.core.publisher.MonoIgnoreElements.subscribe(MonoIgnoreElements.java:37) ~[reactor-core-3.1.16.RELEASE.jar:3.1.16.RELEASE]
	at reactor.core.publisher.MonoOnErrorResume.subscribe(MonoOnErrorResume.java:44) ~[reactor-core-3.1.16.RELEASE.jar:3.1.16.RELEASE]
	at reactor.core.publisher.Mono.subscribe(Mono.java:3088) ~[reactor-core-3.1.16.RELEASE.jar:3.1.16.RELEASE]
	at reactor.core.publisher.MonoIgnoreThen$ThenIgnoreMain.drain(MonoIgnoreThen.java:172) ~[reactor-core-3.1.16.RELEASE.jar:3.1.16.RELEASE]
	at reactor.core.publisher.MonoIgnoreThen.subscribe(MonoIgnoreThen.java:56) ~[reactor-core-3.1.16.RELEASE.jar:3.1.16.RELEASE]
	at reactor.core.publisher.MonoFlatMap$FlatMapMain.onNext(MonoFlatMap.java:150) ~[reactor-core-3.1.16.RELEASE.jar:3.1.16.RELEASE]
	at reactor.core.publisher.Operators$MonoSubscriber.complete(Operators.java:1083) ~[reactor-core-3.1.16.RELEASE.jar:3.1.16.RELEASE]
	at reactor.core.publisher.MonoIgnoreThen$ThenIgnoreMain.drain(MonoIgnoreThen.java:147) ~[reactor-core-3.1.16.RELEASE.jar:3.1.16.RELEASE]
	at reactor.core.publisher.MonoIgnoreThen$ThenIgnoreMain.ignoreDone(MonoIgnoreThen.java:190) ~[reactor-core-3.1.16.RELEASE.jar:3.1.16.RELEASE]
	at reactor.core.publisher.MonoIgnoreThen$ThenIgnoreInner.onComplete(MonoIgnoreThen.java:239) ~[reactor-core-3.1.16.RELEASE.jar:3.1.16.RELEASE]
	at reactor.core.publisher.MonoIgnoreElements$IgnoreElementsSubscriber.onComplete(MonoIgnoreElements.java:80) ~[reactor-core-3.1.16.RELEASE.jar:3.1.16.RELEASE]
	at reactor.core.publisher.Operators$MultiSubscriptionSubscriber.onComplete(Operators.java:1318) ~[reactor-core-3.1.16.RELEASE.jar:3.1.16.RELEASE]
	at reactor.core.publisher.Operators.complete(Operators.java:128) ~[reactor-core-3.1.16.RELEASE.jar:3.1.16.RELEASE]
	at reactor.core.publisher.MonoEmpty.subscribe(MonoEmpty.java:45) ~[reactor-core-3.1.16.RELEASE.jar:3.1.16.RELEASE]
	at reactor.core.publisher.Mono.subscribe(Mono.java:3088) ~[reactor-core-3.1.16.RELEASE.jar:3.1.16.RELEASE]
	at reactor.core.publisher.FluxOnErrorResume$ResumeSubscriber.onError(FluxOnErrorResume.java:97) ~[reactor-core-3.1.16.RELEASE.jar:3.1.16.RELEASE]
	at reactor.core.publisher.FluxMap$MapSubscriber.onError(FluxMap.java:120) ~[reactor-core-3.1.16.RELEASE.jar:3.1.16.RELEASE]
	at reactor.core.publisher.FluxMap$MapSubscriber.onNext(FluxMap.java:104) ~[reactor-core-3.1.16.RELEASE.jar:3.1.16.RELEASE]
	at reactor.core.publisher.FluxMap$MapSubscriber.onNext(FluxMap.java:108) ~[reactor-core-3.1.16.RELEASE.jar:3.1.16.RELEASE]
	at reactor.core.publisher.FluxPeek$PeekSubscriber.onNext(FluxPeek.java:185) ~[reactor-core-3.1.16.RELEASE.jar:3.1.16.RELEASE]
	at reactor.core.publisher.FluxMap$MapSubscriber.onNext(FluxMap.java:108) ~[reactor-core-3.1.16.RELEASE.jar:3.1.16.RELEASE]
	at reactor.ipc.netty.channel.FluxReceive.drainReceiver(FluxReceive.java:213) ~[reactor-netty-0.7.15.RELEASE.jar:0.7.15.RELEASE]
	at reactor.ipc.netty.channel.FluxReceive.onInboundNext(FluxReceive.java:329) ~[reactor-netty-0.7.15.RELEASE.jar:0.7.15.RELEASE]
	at reactor.ipc.netty.channel.ChannelOperations.onInboundNext(ChannelOperations.java:311) ~[reactor-netty-0.7.15.RELEASE.jar:0.7.15.RELEASE]
	at reactor.ipc.netty.http.client.HttpClientOperations.onInboundNext(HttpClientOperations.java:652) ~[reactor-netty-0.7.15.RELEASE.jar:0.7.15.RELEASE]
	at reactor.ipc.netty.channel.ChannelOperationsHandler.channelRead(ChannelOperationsHandler.java:138) ~[reactor-netty-0.7.15.RELEASE.jar:0.7.15.RELEASE]
	at io.netty.channel.AbstractChannelHandlerContext.invokeChannelRead(AbstractChannelHandlerContext.java:374) [netty-transport-4.1.39.Final.jar:4.1.39.Final]
	at io.netty.channel.AbstractChannelHandlerContext.invokeChannelRead(AbstractChannelHandlerContext.java:360) [netty-transport-4.1.39.Final.jar:4.1.39.Final]
	at io.netty.channel.AbstractChannelHandlerContext.fireChannelRead(AbstractChannelHandlerContext.java:352) [netty-transport-4.1.39.Final.jar:4.1.39.Final]
	at io.netty.channel.CombinedChannelDuplexHandler$DelegatingChannelHandlerContext.fireChannelRead(CombinedChannelDuplexHandler.java:438) [netty-transport-4.1.39.Final.jar:4.1.39.Final]
	at io.netty.handler.codec.ByteToMessageDecoder.fireChannelRead(ByteToMessageDecoder.java:328) [netty-codec-4.1.39.Final.jar:4.1.39.Final]
	at io.netty.handler.codec.ByteToMessageDecoder.fireChannelRead(ByteToMessageDecoder.java:315) [netty-codec-4.1.39.Final.jar:4.1.39.Final]
	at io.netty.handler.codec.ByteToMessageDecoder.callDecode(ByteToMessageDecoder.java:429) [netty-codec-4.1.39.Final.jar:4.1.39.Final]
	at io.netty.handler.codec.ByteToMessageDecoder.channelRead(ByteToMessageDecoder.java:283) [netty-codec-4.1.39.Final.jar:4.1.39.Final]
	at io.netty.channel.CombinedChannelDuplexHandler.channelRead(CombinedChannelDuplexHandler.java:253) [netty-transport-4.1.39.Final.jar:4.1.39.Final]
	at io.netty.channel.AbstractChannelHandlerContext.invokeChannelRead(AbstractChannelHandlerContext.java:374) [netty-transport-4.1.39.Final.jar:4.1.39.Final]
	at io.netty.channel.AbstractChannelHandlerContext.invokeChannelRead(AbstractChannelHandlerContext.java:360) [netty-transport-4.1.39.Final.jar:4.1.39.Final]
	at io.netty.channel.AbstractChannelHandlerContext.fireChannelRead(AbstractChannelHandlerContext.java:352) [netty-transport-4.1.39.Final.jar:4.1.39.Final]
	at io.netty.channel.DefaultChannelPipeline$HeadContext.channelRead(DefaultChannelPipeline.java:1421) [netty-transport-4.1.39.Final.jar:4.1.39.Final]
	at io.netty.channel.AbstractChannelHandlerContext.invokeChannelRead(AbstractChannelHandlerContext.java:374) [netty-transport-4.1.39.Final.jar:4.1.39.Final]
	at io.netty.channel.AbstractChannelHandlerContext.invokeChannelRead(AbstractChannelHandlerContext.java:360) [netty-transport-4.1.39.Final.jar:4.1.39.Final]
	at io.netty.channel.DefaultChannelPipeline.fireChannelRead(DefaultChannelPipeline.java:930) [netty-transport-4.1.39.Final.jar:4.1.39.Final]
	at io.netty.channel.nio.AbstractNioByteChannel$NioByteUnsafe.read(AbstractNioByteChannel.java:163) [netty-transport-4.1.39.Final.jar:4.1.39.Final]
	at io.netty.channel.nio.NioEventLoop.processSelectedKey(NioEventLoop.java:697) [netty-transport-4.1.39.Final.jar:4.1.39.Final]
	at io.netty.channel.nio.NioEventLoop.processSelectedKeysOptimized(NioEventLoop.java:632) [netty-transport-4.1.39.Final.jar:4.1.39.Final]
	at io.netty.channel.nio.NioEventLoop.processSelectedKeys(NioEventLoop.java:549) [netty-transport-4.1.39.Final.jar:4.1.39.Final]
	at io.netty.channel.nio.NioEventLoop.run(NioEventLoop.java:511) [netty-transport-4.1.39.Final.jar:4.1.39.Final]
	at io.netty.util.concurrent.SingleThreadEventExecutor$5.run(SingleThreadEventExecutor.java:918) [netty-common-4.1.39.Final.jar:4.1.39.Final]
	at io.netty.util.internal.ThreadExecutorMap$2.run(ThreadExecutorMap.java:74) [netty-common-4.1.39.Final.jar:4.1.39.Final]
	at java.lang.Thread.run(Thread.java:748) [?:1.8.0_271]
Caused by: java.lang.IllegalStateException: Only one connection receive subscriber allowed.
	... 93 more
09:57:19.892 [reactor-http-nio-10] ERROR reactor.core.publisher.Operators - Operator called default onErrorDropped
java.lang.IllegalStateException: Only one connection receive subscriber allowed.
	at reactor.ipc.netty.channel.FluxReceive.startReceiver(FluxReceive.java:279) [reactor-netty-0.7.15.RELEASE.jar:0.7.15.RELEASE]
	at reactor.ipc.netty.channel.FluxReceive.subscribe(FluxReceive.java:126) [reactor-netty-0.7.15.RELEASE.jar:0.7.15.RELEASE]
	at reactor.core.publisher.FluxMap.subscribe(FluxMap.java:62) [reactor-core-3.1.16.RELEASE.jar:3.1.16.RELEASE]
	at reactor.ipc.netty.ByteBufFlux.subscribe(ByteBufFlux.java:282) [reactor-netty-0.7.15.RELEASE.jar:0.7.15.RELEASE]
	at reactor.core.publisher.FluxPeek.subscribe(FluxPeek.java:83) [reactor-core-3.1.16.RELEASE.jar:3.1.16.RELEASE]
	at reactor.core.publisher.FluxMap.subscribe(FluxMap.java:62) [reactor-core-3.1.16.RELEASE.jar:3.1.16.RELEASE]
	at reactor.core.publisher.FluxMap.subscribe(FluxMap.java:62) [reactor-core-3.1.16.RELEASE.jar:3.1.16.RELEASE]
	at reactor.core.publisher.FluxOnErrorResume.subscribe(FluxOnErrorResume.java:47) [reactor-core-3.1.16.RELEASE.jar:3.1.16.RELEASE]
	at reactor.core.publisher.MonoIgnoreElements.subscribe(MonoIgnoreElements.java:37) [reactor-core-3.1.16.RELEASE.jar:3.1.16.RELEASE]
	at reactor.core.publisher.MonoOnErrorResume.subscribe(MonoOnErrorResume.java:44) [reactor-core-3.1.16.RELEASE.jar:3.1.16.RELEASE]
	at reactor.core.publisher.Mono.subscribe(Mono.java:3088) [reactor-core-3.1.16.RELEASE.jar:3.1.16.RELEASE]
	at reactor.core.publisher.MonoIgnoreThen$ThenIgnoreMain.drain(MonoIgnoreThen.java:172) [reactor-core-3.1.16.RELEASE.jar:3.1.16.RELEASE]
	at reactor.core.publisher.MonoIgnoreThen.subscribe(MonoIgnoreThen.java:56) [reactor-core-3.1.16.RELEASE.jar:3.1.16.RELEASE]
	at reactor.core.publisher.Mono.subscribe(Mono.java:3088) [reactor-core-3.1.16.RELEASE.jar:3.1.16.RELEASE]
	at reactor.core.publisher.FluxOnErrorResume$ResumeSubscriber.onError(FluxOnErrorResume.java:97) [reactor-core-3.1.16.RELEASE.jar:3.1.16.RELEASE]
	at reactor.core.publisher.MonoFlatMap$FlatMapMain.secondError(MonoFlatMap.java:185) [reactor-core-3.1.16.RELEASE.jar:3.1.16.RELEASE]
	at reactor.core.publisher.MonoFlatMap$FlatMapInner.onError(MonoFlatMap.java:251) [reactor-core-3.1.16.RELEASE.jar:3.1.16.RELEASE]
	at reactor.core.publisher.Operators$MonoSubscriber.onError(Operators.java:1126) [reactor-core-3.1.16.RELEASE.jar:3.1.16.RELEASE]
	at reactor.core.publisher.MonoIgnoreThen$ThenIgnoreInner.onError(MonoIgnoreThen.java:234) [reactor-core-3.1.16.RELEASE.jar:3.1.16.RELEASE]
	at reactor.core.publisher.FluxOnErrorResume$ResumeSubscriber.onError(FluxOnErrorResume.java:100) [reactor-core-3.1.16.RELEASE.jar:3.1.16.RELEASE]
	at reactor.core.publisher.Operators.error(Operators.java:178) [reactor-core-3.1.16.RELEASE.jar:3.1.16.RELEASE]
	at reactor.core.publisher.MonoError.subscribe(MonoError.java:53) [reactor-core-3.1.16.RELEASE.jar:3.1.16.RELEASE]
	at reactor.core.publisher.Mono.subscribe(Mono.java:3088) [reactor-core-3.1.16.RELEASE.jar:3.1.16.RELEASE]
	at reactor.core.publisher.FluxOnErrorResume$ResumeSubscriber.onError(FluxOnErrorResume.java:97) [reactor-core-3.1.16.RELEASE.jar:3.1.16.RELEASE]
	at reactor.core.publisher.MonoIgnoreElements$IgnoreElementsSubscriber.onError(MonoIgnoreElements.java:75) [reactor-core-3.1.16.RELEASE.jar:3.1.16.RELEASE]
	at reactor.core.publisher.FluxOnErrorResume$ResumeSubscriber.onError(FluxOnErrorResume.java:100) [reactor-core-3.1.16.RELEASE.jar:3.1.16.RELEASE]
	at reactor.core.publisher.Operators.error(Operators.java:178) [reactor-core-3.1.16.RELEASE.jar:3.1.16.RELEASE]
	at reactor.core.publisher.FluxError.subscribe(FluxError.java:45) [reactor-core-3.1.16.RELEASE.jar:3.1.16.RELEASE]
	at reactor.core.publisher.Flux.subscribe(Flux.java:6877) [reactor-core-3.1.16.RELEASE.jar:3.1.16.RELEASE]
	at reactor.core.publisher.FluxOnErrorResume$ResumeSubscriber.onError(FluxOnErrorResume.java:97) [reactor-core-3.1.16.RELEASE.jar:3.1.16.RELEASE]
	at reactor.core.publisher.FluxMap$MapSubscriber.onError(FluxMap.java:120) [reactor-core-3.1.16.RELEASE.jar:3.1.16.RELEASE]
	at reactor.core.publisher.FluxMap$MapSubscriber.onError(FluxMap.java:120) [reactor-core-3.1.16.RELEASE.jar:3.1.16.RELEASE]
	at reactor.core.publisher.Operators.error(Operators.java:178) [reactor-core-3.1.16.RELEASE.jar:3.1.16.RELEASE]
	at reactor.core.publisher.FluxPeek$PeekSubscriber.onSubscribe(FluxPeek.java:157) [reactor-core-3.1.16.RELEASE.jar:3.1.16.RELEASE]
	at reactor.core.publisher.FluxMap$MapSubscriber.onSubscribe(FluxMap.java:86) [reactor-core-3.1.16.RELEASE.jar:3.1.16.RELEASE]
	at reactor.ipc.netty.channel.FluxReceive.startReceiver(FluxReceive.java:276) [reactor-netty-0.7.15.RELEASE.jar:0.7.15.RELEASE]
	at reactor.ipc.netty.channel.FluxReceive.subscribe(FluxReceive.java:126) [reactor-netty-0.7.15.RELEASE.jar:0.7.15.RELEASE]
	at reactor.core.publisher.FluxMap.subscribe(FluxMap.java:62) [reactor-core-3.1.16.RELEASE.jar:3.1.16.RELEASE]
	at reactor.ipc.netty.ByteBufFlux.subscribe(ByteBufFlux.java:282) [reactor-netty-0.7.15.RELEASE.jar:0.7.15.RELEASE]
	at reactor.core.publisher.FluxPeek.subscribe(FluxPeek.java:83) [reactor-core-3.1.16.RELEASE.jar:3.1.16.RELEASE]
	at reactor.core.publisher.FluxMap.subscribe(FluxMap.java:62) [reactor-core-3.1.16.RELEASE.jar:3.1.16.RELEASE]
	at reactor.core.publisher.FluxMap.subscribe(FluxMap.java:62) [reactor-core-3.1.16.RELEASE.jar:3.1.16.RELEASE]
	at reactor.core.publisher.FluxOnErrorResume.subscribe(FluxOnErrorResume.java:47) [reactor-core-3.1.16.RELEASE.jar:3.1.16.RELEASE]
	at reactor.core.publisher.MonoIgnoreElements.subscribe(MonoIgnoreElements.java:37) [reactor-core-3.1.16.RELEASE.jar:3.1.16.RELEASE]
	at reactor.core.publisher.MonoOnErrorResume.subscribe(MonoOnErrorResume.java:44) [reactor-core-3.1.16.RELEASE.jar:3.1.16.RELEASE]
	at reactor.core.publisher.Mono.subscribe(Mono.java:3088) [reactor-core-3.1.16.RELEASE.jar:3.1.16.RELEASE]
	at reactor.core.publisher.MonoIgnoreThen$ThenIgnoreMain.drain(MonoIgnoreThen.java:172) [reactor-core-3.1.16.RELEASE.jar:3.1.16.RELEASE]
	at reactor.core.publisher.MonoIgnoreThen.subscribe(MonoIgnoreThen.java:56) [reactor-core-3.1.16.RELEASE.jar:3.1.16.RELEASE]
	at reactor.core.publisher.MonoFlatMap$FlatMapMain.onNext(MonoFlatMap.java:150) [reactor-core-3.1.16.RELEASE.jar:3.1.16.RELEASE]
	at reactor.core.publisher.Operators$MonoSubscriber.complete(Operators.java:1083) [reactor-core-3.1.16.RELEASE.jar:3.1.16.RELEASE]
	at reactor.core.publisher.MonoIgnoreThen$ThenIgnoreMain.drain(MonoIgnoreThen.java:147) [reactor-core-3.1.16.RELEASE.jar:3.1.16.RELEASE]
	at reactor.core.publisher.MonoIgnoreThen$ThenIgnoreMain.ignoreDone(MonoIgnoreThen.java:190) [reactor-core-3.1.16.RELEASE.jar:3.1.16.RELEASE]
	at reactor.core.publisher.MonoIgnoreThen$ThenIgnoreInner.onComplete(MonoIgnoreThen.java:239) [reactor-core-3.1.16.RELEASE.jar:3.1.16.RELEASE]
	at reactor.core.publisher.MonoIgnoreElements$IgnoreElementsSubscriber.onComplete(MonoIgnoreElements.java:80) [reactor-core-3.1.16.RELEASE.jar:3.1.16.RELEASE]
	at reactor.core.publisher.Operators$MultiSubscriptionSubscriber.onComplete(Operators.java:1318) [reactor-core-3.1.16.RELEASE.jar:3.1.16.RELEASE]
	at reactor.core.publisher.Operators.complete(Operators.java:128) [reactor-core-3.1.16.RELEASE.jar:3.1.16.RELEASE]
	at reactor.core.publisher.MonoEmpty.subscribe(MonoEmpty.java:45) [reactor-core-3.1.16.RELEASE.jar:3.1.16.RELEASE]
	at reactor.core.publisher.Mono.subscribe(Mono.java:3088) [reactor-core-3.1.16.RELEASE.jar:3.1.16.RELEASE]
	at reactor.core.publisher.FluxOnErrorResume$ResumeSubscriber.onError(FluxOnErrorResume.java:97) [reactor-core-3.1.16.RELEASE.jar:3.1.16.RELEASE]
	at reactor.core.publisher.FluxMap$MapSubscriber.onError(FluxMap.java:120) [reactor-core-3.1.16.RELEASE.jar:3.1.16.RELEASE]
	at reactor.core.publisher.FluxMap$MapSubscriber.onNext(FluxMap.java:104) [reactor-core-3.1.16.RELEASE.jar:3.1.16.RELEASE]
	at reactor.core.publisher.FluxMap$MapSubscriber.onNext(FluxMap.java:108) [reactor-core-3.1.16.RELEASE.jar:3.1.16.RELEASE]
	at reactor.core.publisher.FluxPeek$PeekSubscriber.onNext(FluxPeek.java:185) [reactor-core-3.1.16.RELEASE.jar:3.1.16.RELEASE]
	at reactor.core.publisher.FluxMap$MapSubscriber.onNext(FluxMap.java:108) [reactor-core-3.1.16.RELEASE.jar:3.1.16.RELEASE]
	at reactor.ipc.netty.channel.FluxReceive.drainReceiver(FluxReceive.java:213) [reactor-netty-0.7.15.RELEASE.jar:0.7.15.RELEASE]
	at reactor.ipc.netty.channel.FluxReceive.onInboundNext(FluxReceive.java:329) [reactor-netty-0.7.15.RELEASE.jar:0.7.15.RELEASE]
	at reactor.ipc.netty.channel.ChannelOperations.onInboundNext(ChannelOperations.java:311) [reactor-netty-0.7.15.RELEASE.jar:0.7.15.RELEASE]
	at reactor.ipc.netty.http.client.HttpClientOperations.onInboundNext(HttpClientOperations.java:652) [reactor-netty-0.7.15.RELEASE.jar:0.7.15.RELEASE]
	at reactor.ipc.netty.channel.ChannelOperationsHandler.channelRead(ChannelOperationsHandler.java:138) [reactor-netty-0.7.15.RELEASE.jar:0.7.15.RELEASE]
	at io.netty.channel.AbstractChannelHandlerContext.invokeChannelRead(AbstractChannelHandlerContext.java:374) [netty-transport-4.1.39.Final.jar:4.1.39.Final]
	at io.netty.channel.AbstractChannelHandlerContext.invokeChannelRead(AbstractChannelHandlerContext.java:360) [netty-transport-4.1.39.Final.jar:4.1.39.Final]
	at io.netty.channel.AbstractChannelHandlerContext.fireChannelRead(AbstractChannelHandlerContext.java:352) [netty-transport-4.1.39.Final.jar:4.1.39.Final]
	at io.netty.channel.CombinedChannelDuplexHandler$DelegatingChannelHandlerContext.fireChannelRead(CombinedChannelDuplexHandler.java:438) [netty-transport-4.1.39.Final.jar:4.1.39.Final]
	at io.netty.handler.codec.ByteToMessageDecoder.fireChannelRead(ByteToMessageDecoder.java:328) [netty-codec-4.1.39.Final.jar:4.1.39.Final]
	at io.netty.handler.codec.ByteToMessageDecoder.fireChannelRead(ByteToMessageDecoder.java:315) [netty-codec-4.1.39.Final.jar:4.1.39.Final]
	at io.netty.handler.codec.ByteToMessageDecoder.callDecode(ByteToMessageDecoder.java:429) [netty-codec-4.1.39.Final.jar:4.1.39.Final]
	at io.netty.handler.codec.ByteToMessageDecoder.channelRead(ByteToMessageDecoder.java:283) [netty-codec-4.1.39.Final.jar:4.1.39.Final]
	at io.netty.channel.CombinedChannelDuplexHandler.channelRead(CombinedChannelDuplexHandler.java:253) [netty-transport-4.1.39.Final.jar:4.1.39.Final]
	at io.netty.channel.AbstractChannelHandlerContext.invokeChannelRead(AbstractChannelHandlerContext.java:374) [netty-transport-4.1.39.Final.jar:4.1.39.Final]
	at io.netty.channel.AbstractChannelHandlerContext.invokeChannelRead(AbstractChannelHandlerContext.java:360) [netty-transport-4.1.39.Final.jar:4.1.39.Final]
	at io.netty.channel.AbstractChannelHandlerContext.fireChannelRead(AbstractChannelHandlerContext.java:352) [netty-transport-4.1.39.Final.jar:4.1.39.Final]
	at io.netty.channel.DefaultChannelPipeline$HeadContext.channelRead(DefaultChannelPipeline.java:1421) [netty-transport-4.1.39.Final.jar:4.1.39.Final]
	at io.netty.channel.AbstractChannelHandlerContext.invokeChannelRead(AbstractChannelHandlerContext.java:374) [netty-transport-4.1.39.Final.jar:4.1.39.Final]
	at io.netty.channel.AbstractChannelHandlerContext.invokeChannelRead(AbstractChannelHandlerContext.java:360) [netty-transport-4.1.39.Final.jar:4.1.39.Final]
	at io.netty.channel.DefaultChannelPipeline.fireChannelRead(DefaultChannelPipeline.java:930) [netty-transport-4.1.39.Final.jar:4.1.39.Final]
	at io.netty.channel.nio.AbstractNioByteChannel$NioByteUnsafe.read(AbstractNioByteChannel.java:163) [netty-transport-4.1.39.Final.jar:4.1.39.Final]
	at io.netty.channel.nio.NioEventLoop.processSelectedKey(NioEventLoop.java:697) [netty-transport-4.1.39.Final.jar:4.1.39.Final]
	at io.netty.channel.nio.NioEventLoop.processSelectedKeysOptimized(NioEventLoop.java:632) [netty-transport-4.1.39.Final.jar:4.1.39.Final]
	at io.netty.channel.nio.NioEventLoop.processSelectedKeys(NioEventLoop.java:549) [netty-transport-4.1.39.Final.jar:4.1.39.Final]
	at io.netty.channel.nio.NioEventLoop.run(NioEventLoop.java:511) [netty-transport-4.1.39.Final.jar:4.1.39.Final]
	at io.netty.util.concurrent.SingleThreadEventExecutor$5.run(SingleThreadEventExecutor.java:918) [netty-common-4.1.39.Final.jar:4.1.39.Final]
	at io.netty.util.internal.ThreadExecutorMap$2.run(ThreadExecutorMap.java:74) [netty-common-4.1.39.Final.jar:4.1.39.Final]
	at java.lang.Thread.run(Thread.java:748) [?:1.8.0_271]
09:57:19.893 [reactor-http-nio-10] ERROR reactor.core.publisher.Operators - Operator called default onErrorDropped
reactor.core.Exceptions$BubblingException: java.lang.IllegalStateException: Only one connection receive subscriber allowed.
	at reactor.core.Exceptions.bubble(Exceptions.java:154) ~[reactor-core-3.1.16.RELEASE.jar:3.1.16.RELEASE]
	at reactor.core.publisher.Operators.onErrorDropped(Operators.java:263) ~[reactor-core-3.1.16.RELEASE.jar:3.1.16.RELEASE]
	at reactor.core.publisher.FluxMap$MapSubscriber.onError(FluxMap.java:114) ~[reactor-core-3.1.16.RELEASE.jar:3.1.16.RELEASE]
	at reactor.core.publisher.FluxPeek$PeekSubscriber.onError(FluxPeek.java:207) ~[reactor-core-3.1.16.RELEASE.jar:3.1.16.RELEASE]
	at reactor.core.publisher.FluxMap$MapSubscriber.onError(FluxMap.java:120) ~[reactor-core-3.1.16.RELEASE.jar:3.1.16.RELEASE]
	at reactor.core.publisher.Operators.error(Operators.java:178) ~[reactor-core-3.1.16.RELEASE.jar:3.1.16.RELEASE]
	at reactor.ipc.netty.channel.FluxReceive.startReceiver(FluxReceive.java:279) ~[reactor-netty-0.7.15.RELEASE.jar:0.7.15.RELEASE]
	at reactor.ipc.netty.channel.FluxReceive.subscribe(FluxReceive.java:126) ~[reactor-netty-0.7.15.RELEASE.jar:0.7.15.RELEASE]
	at reactor.core.publisher.FluxMap.subscribe(FluxMap.java:62) ~[reactor-core-3.1.16.RELEASE.jar:3.1.16.RELEASE]
	at reactor.ipc.netty.ByteBufFlux.subscribe(ByteBufFlux.java:282) ~[reactor-netty-0.7.15.RELEASE.jar:0.7.15.RELEASE]
	at reactor.core.publisher.FluxPeek.subscribe(FluxPeek.java:83) ~[reactor-core-3.1.16.RELEASE.jar:3.1.16.RELEASE]
	at reactor.core.publisher.FluxMap.subscribe(FluxMap.java:62) ~[reactor-core-3.1.16.RELEASE.jar:3.1.16.RELEASE]
	at reactor.core.publisher.FluxMap.subscribe(FluxMap.java:62) ~[reactor-core-3.1.16.RELEASE.jar:3.1.16.RELEASE]
	at reactor.core.publisher.FluxOnErrorResume.subscribe(FluxOnErrorResume.java:47) ~[reactor-core-3.1.16.RELEASE.jar:3.1.16.RELEASE]
	at reactor.core.publisher.MonoIgnoreElements.subscribe(MonoIgnoreElements.java:37) ~[reactor-core-3.1.16.RELEASE.jar:3.1.16.RELEASE]
	at reactor.core.publisher.MonoOnErrorResume.subscribe(MonoOnErrorResume.java:44) ~[reactor-core-3.1.16.RELEASE.jar:3.1.16.RELEASE]
	at reactor.core.publisher.Mono.subscribe(Mono.java:3088) ~[reactor-core-3.1.16.RELEASE.jar:3.1.16.RELEASE]
	at reactor.core.publisher.MonoIgnoreThen$ThenIgnoreMain.drain(MonoIgnoreThen.java:172) ~[reactor-core-3.1.16.RELEASE.jar:3.1.16.RELEASE]
	at reactor.core.publisher.MonoIgnoreThen.subscribe(MonoIgnoreThen.java:56) ~[reactor-core-3.1.16.RELEASE.jar:3.1.16.RELEASE]
	at reactor.core.publisher.Mono.subscribe(Mono.java:3088) ~[reactor-core-3.1.16.RELEASE.jar:3.1.16.RELEASE]
	at reactor.core.publisher.FluxOnErrorResume$ResumeSubscriber.onError(FluxOnErrorResume.java:97) ~[reactor-core-3.1.16.RELEASE.jar:3.1.16.RELEASE]
	at reactor.core.publisher.MonoFlatMap$FlatMapMain.secondError(MonoFlatMap.java:185) ~[reactor-core-3.1.16.RELEASE.jar:3.1.16.RELEASE]
	at reactor.core.publisher.MonoFlatMap$FlatMapInner.onError(MonoFlatMap.java:251) ~[reactor-core-3.1.16.RELEASE.jar:3.1.16.RELEASE]
	at reactor.core.publisher.Operators$MonoSubscriber.onError(Operators.java:1126) ~[reactor-core-3.1.16.RELEASE.jar:3.1.16.RELEASE]
	at reactor.core.publisher.MonoIgnoreThen$ThenIgnoreInner.onError(MonoIgnoreThen.java:234) ~[reactor-core-3.1.16.RELEASE.jar:3.1.16.RELEASE]
	at reactor.core.publisher.FluxOnErrorResume$ResumeSubscriber.onError(FluxOnErrorResume.java:100) ~[reactor-core-3.1.16.RELEASE.jar:3.1.16.RELEASE]
	at reactor.core.publisher.Operators.error(Operators.java:178) ~[reactor-core-3.1.16.RELEASE.jar:3.1.16.RELEASE]
	at reactor.core.publisher.MonoError.subscribe(MonoError.java:53) ~[reactor-core-3.1.16.RELEASE.jar:3.1.16.RELEASE]
	at reactor.core.publisher.Mono.subscribe(Mono.java:3088) ~[reactor-core-3.1.16.RELEASE.jar:3.1.16.RELEASE]
	at reactor.core.publisher.FluxOnErrorResume$ResumeSubscriber.onError(FluxOnErrorResume.java:97) ~[reactor-core-3.1.16.RELEASE.jar:3.1.16.RELEASE]
	at reactor.core.publisher.MonoIgnoreElements$IgnoreElementsSubscriber.onError(MonoIgnoreElements.java:75) ~[reactor-core-3.1.16.RELEASE.jar:3.1.16.RELEASE]
	at reactor.core.publisher.FluxOnErrorResume$ResumeSubscriber.onError(FluxOnErrorResume.java:100) ~[reactor-core-3.1.16.RELEASE.jar:3.1.16.RELEASE]
	at reactor.core.publisher.Operators.error(Operators.java:178) ~[reactor-core-3.1.16.RELEASE.jar:3.1.16.RELEASE]
	at reactor.core.publisher.FluxError.subscribe(FluxError.java:45) ~[reactor-core-3.1.16.RELEASE.jar:3.1.16.RELEASE]
	at reactor.core.publisher.Flux.subscribe(Flux.java:6877) ~[reactor-core-3.1.16.RELEASE.jar:3.1.16.RELEASE]
	at reactor.core.publisher.FluxOnErrorResume$ResumeSubscriber.onError(FluxOnErrorResume.java:97) ~[reactor-core-3.1.16.RELEASE.jar:3.1.16.RELEASE]
	at reactor.core.publisher.FluxMap$MapSubscriber.onError(FluxMap.java:120) ~[reactor-core-3.1.16.RELEASE.jar:3.1.16.RELEASE]
	at reactor.core.publisher.FluxMap$MapSubscriber.onError(FluxMap.java:120) ~[reactor-core-3.1.16.RELEASE.jar:3.1.16.RELEASE]
	at reactor.core.publisher.Operators.error(Operators.java:178) ~[reactor-core-3.1.16.RELEASE.jar:3.1.16.RELEASE]
	at reactor.core.publisher.FluxPeek$PeekSubscriber.onSubscribe(FluxPeek.java:157) ~[reactor-core-3.1.16.RELEASE.jar:3.1.16.RELEASE]
	at reactor.core.publisher.FluxMap$MapSubscriber.onSubscribe(FluxMap.java:86) ~[reactor-core-3.1.16.RELEASE.jar:3.1.16.RELEASE]
	at reactor.ipc.netty.channel.FluxReceive.startReceiver(FluxReceive.java:276) ~[reactor-netty-0.7.15.RELEASE.jar:0.7.15.RELEASE]
	at reactor.ipc.netty.channel.FluxReceive.subscribe(FluxReceive.java:126) ~[reactor-netty-0.7.15.RELEASE.jar:0.7.15.RELEASE]
	at reactor.core.publisher.FluxMap.subscribe(FluxMap.java:62) ~[reactor-core-3.1.16.RELEASE.jar:3.1.16.RELEASE]
	at reactor.ipc.netty.ByteBufFlux.subscribe(ByteBufFlux.java:282) ~[reactor-netty-0.7.15.RELEASE.jar:0.7.15.RELEASE]
	at reactor.core.publisher.FluxPeek.subscribe(FluxPeek.java:83) ~[reactor-core-3.1.16.RELEASE.jar:3.1.16.RELEASE]
	at reactor.core.publisher.FluxMap.subscribe(FluxMap.java:62) ~[reactor-core-3.1.16.RELEASE.jar:3.1.16.RELEASE]
	at reactor.core.publisher.FluxMap.subscribe(FluxMap.java:62) ~[reactor-core-3.1.16.RELEASE.jar:3.1.16.RELEASE]
	at reactor.core.publisher.FluxOnErrorResume.subscribe(FluxOnErrorResume.java:47) ~[reactor-core-3.1.16.RELEASE.jar:3.1.16.RELEASE]
	at reactor.core.publisher.MonoIgnoreElements.subscribe(MonoIgnoreElements.java:37) ~[reactor-core-3.1.16.RELEASE.jar:3.1.16.RELEASE]
	at reactor.core.publisher.MonoOnErrorResume.subscribe(MonoOnErrorResume.java:44) ~[reactor-core-3.1.16.RELEASE.jar:3.1.16.RELEASE]
	at reactor.core.publisher.Mono.subscribe(Mono.java:3088) ~[reactor-core-3.1.16.RELEASE.jar:3.1.16.RELEASE]
	at reactor.core.publisher.MonoIgnoreThen$ThenIgnoreMain.drain(MonoIgnoreThen.java:172) ~[reactor-core-3.1.16.RELEASE.jar:3.1.16.RELEASE]
	at reactor.core.publisher.MonoIgnoreThen.subscribe(MonoIgnoreThen.java:56) ~[reactor-core-3.1.16.RELEASE.jar:3.1.16.RELEASE]
	at reactor.core.publisher.MonoFlatMap$FlatMapMain.onNext(MonoFlatMap.java:150) ~[reactor-core-3.1.16.RELEASE.jar:3.1.16.RELEASE]
	at reactor.core.publisher.Operators$MonoSubscriber.complete(Operators.java:1083) ~[reactor-core-3.1.16.RELEASE.jar:3.1.16.RELEASE]
	at reactor.core.publisher.MonoIgnoreThen$ThenIgnoreMain.drain(MonoIgnoreThen.java:147) ~[reactor-core-3.1.16.RELEASE.jar:3.1.16.RELEASE]
	at reactor.core.publisher.MonoIgnoreThen$ThenIgnoreMain.ignoreDone(MonoIgnoreThen.java:190) ~[reactor-core-3.1.16.RELEASE.jar:3.1.16.RELEASE]
	at reactor.core.publisher.MonoIgnoreThen$ThenIgnoreInner.onComplete(MonoIgnoreThen.java:239) ~[reactor-core-3.1.16.RELEASE.jar:3.1.16.RELEASE]
	at reactor.core.publisher.MonoIgnoreElements$IgnoreElementsSubscriber.onComplete(MonoIgnoreElements.java:80) ~[reactor-core-3.1.16.RELEASE.jar:3.1.16.RELEASE]
	at reactor.core.publisher.Operators$MultiSubscriptionSubscriber.onComplete(Operators.java:1318) ~[reactor-core-3.1.16.RELEASE.jar:3.1.16.RELEASE]
	at reactor.core.publisher.Operators.complete(Operators.java:128) ~[reactor-core-3.1.16.RELEASE.jar:3.1.16.RELEASE]
	at reactor.core.publisher.MonoEmpty.subscribe(MonoEmpty.java:45) ~[reactor-core-3.1.16.RELEASE.jar:3.1.16.RELEASE]
	at reactor.core.publisher.Mono.subscribe(Mono.java:3088) ~[reactor-core-3.1.16.RELEASE.jar:3.1.16.RELEASE]
	at reactor.core.publisher.FluxOnErrorResume$ResumeSubscriber.onError(FluxOnErrorResume.java:97) ~[reactor-core-3.1.16.RELEASE.jar:3.1.16.RELEASE]
	at reactor.core.publisher.FluxMap$MapSubscriber.onError(FluxMap.java:120) ~[reactor-core-3.1.16.RELEASE.jar:3.1.16.RELEASE]
	at reactor.core.publisher.FluxMap$MapSubscriber.onNext(FluxMap.java:104) ~[reactor-core-3.1.16.RELEASE.jar:3.1.16.RELEASE]
	at reactor.core.publisher.FluxMap$MapSubscriber.onNext(FluxMap.java:108) ~[reactor-core-3.1.16.RELEASE.jar:3.1.16.RELEASE]
	at reactor.core.publisher.FluxPeek$PeekSubscriber.onNext(FluxPeek.java:185) ~[reactor-core-3.1.16.RELEASE.jar:3.1.16.RELEASE]
	at reactor.core.publisher.FluxMap$MapSubscriber.onNext(FluxMap.java:108) ~[reactor-core-3.1.16.RELEASE.jar:3.1.16.RELEASE]
	at reactor.ipc.netty.channel.FluxReceive.drainReceiver(FluxReceive.java:213) ~[reactor-netty-0.7.15.RELEASE.jar:0.7.15.RELEASE]
	at reactor.ipc.netty.channel.FluxReceive.onInboundNext(FluxReceive.java:329) ~[reactor-netty-0.7.15.RELEASE.jar:0.7.15.RELEASE]
	at reactor.ipc.netty.channel.ChannelOperations.onInboundNext(ChannelOperations.java:311) ~[reactor-netty-0.7.15.RELEASE.jar:0.7.15.RELEASE]
	at reactor.ipc.netty.http.client.HttpClientOperations.onInboundNext(HttpClientOperations.java:652) ~[reactor-netty-0.7.15.RELEASE.jar:0.7.15.RELEASE]
	at reactor.ipc.netty.channel.ChannelOperationsHandler.channelRead(ChannelOperationsHandler.java:138) ~[reactor-netty-0.7.15.RELEASE.jar:0.7.15.RELEASE]
	at io.netty.channel.AbstractChannelHandlerContext.invokeChannelRead(AbstractChannelHandlerContext.java:374) [netty-transport-4.1.39.Final.jar:4.1.39.Final]
	at io.netty.channel.AbstractChannelHandlerContext.invokeChannelRead(AbstractChannelHandlerContext.java:360) [netty-transport-4.1.39.Final.jar:4.1.39.Final]
	at io.netty.channel.AbstractChannelHandlerContext.fireChannelRead(AbstractChannelHandlerContext.java:352) [netty-transport-4.1.39.Final.jar:4.1.39.Final]
	at io.netty.channel.CombinedChannelDuplexHandler$DelegatingChannelHandlerContext.fireChannelRead(CombinedChannelDuplexHandler.java:438) [netty-transport-4.1.39.Final.jar:4.1.39.Final]
	at io.netty.handler.codec.ByteToMessageDecoder.fireChannelRead(ByteToMessageDecoder.java:328) [netty-codec-4.1.39.Final.jar:4.1.39.Final]
	at io.netty.handler.codec.ByteToMessageDecoder.fireChannelRead(ByteToMessageDecoder.java:315) [netty-codec-4.1.39.Final.jar:4.1.39.Final]
	at io.netty.handler.codec.ByteToMessageDecoder.callDecode(ByteToMessageDecoder.java:429) [netty-codec-4.1.39.Final.jar:4.1.39.Final]
	at io.netty.handler.codec.ByteToMessageDecoder.channelRead(ByteToMessageDecoder.java:283) [netty-codec-4.1.39.Final.jar:4.1.39.Final]
	at io.netty.channel.CombinedChannelDuplexHandler.channelRead(CombinedChannelDuplexHandler.java:253) [netty-transport-4.1.39.Final.jar:4.1.39.Final]
	at io.netty.channel.AbstractChannelHandlerContext.invokeChannelRead(AbstractChannelHandlerContext.java:374) [netty-transport-4.1.39.Final.jar:4.1.39.Final]
	at io.netty.channel.AbstractChannelHandlerContext.invokeChannelRead(AbstractChannelHandlerContext.java:360) [netty-transport-4.1.39.Final.jar:4.1.39.Final]
	at io.netty.channel.AbstractChannelHandlerContext.fireChannelRead(AbstractChannelHandlerContext.java:352) [netty-transport-4.1.39.Final.jar:4.1.39.Final]
	at io.netty.channel.DefaultChannelPipeline$HeadContext.channelRead(DefaultChannelPipeline.java:1421) [netty-transport-4.1.39.Final.jar:4.1.39.Final]
	at io.netty.channel.AbstractChannelHandlerContext.invokeChannelRead(AbstractChannelHandlerContext.java:374) [netty-transport-4.1.39.Final.jar:4.1.39.Final]
	at io.netty.channel.AbstractChannelHandlerContext.invokeChannelRead(AbstractChannelHandlerContext.java:360) [netty-transport-4.1.39.Final.jar:4.1.39.Final]
	at io.netty.channel.DefaultChannelPipeline.fireChannelRead(DefaultChannelPipeline.java:930) [netty-transport-4.1.39.Final.jar:4.1.39.Final]
	at io.netty.channel.nio.AbstractNioByteChannel$NioByteUnsafe.read(AbstractNioByteChannel.java:163) [netty-transport-4.1.39.Final.jar:4.1.39.Final]
	at io.netty.channel.nio.NioEventLoop.processSelectedKey(NioEventLoop.java:697) [netty-transport-4.1.39.Final.jar:4.1.39.Final]
	at io.netty.channel.nio.NioEventLoop.processSelectedKeysOptimized(NioEventLoop.java:632) [netty-transport-4.1.39.Final.jar:4.1.39.Final]
	at io.netty.channel.nio.NioEventLoop.processSelectedKeys(NioEventLoop.java:549) [netty-transport-4.1.39.Final.jar:4.1.39.Final]
	at io.netty.channel.nio.NioEventLoop.run(NioEventLoop.java:511) [netty-transport-4.1.39.Final.jar:4.1.39.Final]
	at io.netty.util.concurrent.SingleThreadEventExecutor$5.run(SingleThreadEventExecutor.java:918) [netty-common-4.1.39.Final.jar:4.1.39.Final]
	at io.netty.util.internal.ThreadExecutorMap$2.run(ThreadExecutorMap.java:74) [netty-common-4.1.39.Final.jar:4.1.39.Final]
	at java.lang.Thread.run(Thread.java:748) [?:1.8.0_271]
Caused by: java.lang.IllegalStateException: Only one connection receive subscriber allowed.
	... 93 more
09:57:19.894 [reactor-http-nio-10] WARN  io.netty.channel.AbstractChannelHandlerContext - An exception 'reactor.core.Exceptions$BubblingException: java.lang.IllegalStateException: Only one connection receive subscriber allowed.' [enable DEBUG level for full stacktrace] was thrown by a user handler's exceptionCaught() method while handling the following exception:
reactor.core.Exceptions$BubblingException: java.lang.IllegalStateException: Only one connection receive subscriber allowed.
	at reactor.core.Exceptions.bubble(Exceptions.java:154) ~[reactor-core-3.1.16.RELEASE.jar:3.1.16.RELEASE]
	at reactor.core.publisher.Operators.onErrorDropped(Operators.java:263) ~[reactor-core-3.1.16.RELEASE.jar:3.1.16.RELEASE]
	at reactor.core.publisher.FluxMap$MapSubscriber.onError(FluxMap.java:114) ~[reactor-core-3.1.16.RELEASE.jar:3.1.16.RELEASE]
	at reactor.core.publisher.FluxPeek$PeekSubscriber.onError(FluxPeek.java:207) ~[reactor-core-3.1.16.RELEASE.jar:3.1.16.RELEASE]
	at reactor.core.publisher.FluxMap$MapSubscriber.onError(FluxMap.java:120) ~[reactor-core-3.1.16.RELEASE.jar:3.1.16.RELEASE]
	at reactor.core.publisher.Operators.error(Operators.java:178) ~[reactor-core-3.1.16.RELEASE.jar:3.1.16.RELEASE]
	at reactor.ipc.netty.channel.FluxReceive.startReceiver(FluxReceive.java:279) ~[reactor-netty-0.7.15.RELEASE.jar:0.7.15.RELEASE]
	at reactor.ipc.netty.channel.FluxReceive.subscribe(FluxReceive.java:126) ~[reactor-netty-0.7.15.RELEASE.jar:0.7.15.RELEASE]
	at reactor.core.publisher.FluxMap.subscribe(FluxMap.java:62) ~[reactor-core-3.1.16.RELEASE.jar:3.1.16.RELEASE]
	at reactor.ipc.netty.ByteBufFlux.subscribe(ByteBufFlux.java:282) ~[reactor-netty-0.7.15.RELEASE.jar:0.7.15.RELEASE]
	at reactor.core.publisher.FluxPeek.subscribe(FluxPeek.java:83) ~[reactor-core-3.1.16.RELEASE.jar:3.1.16.RELEASE]
	at reactor.core.publisher.FluxMap.subscribe(FluxMap.java:62) ~[reactor-core-3.1.16.RELEASE.jar:3.1.16.RELEASE]
	at reactor.core.publisher.FluxMap.subscribe(FluxMap.java:62) ~[reactor-core-3.1.16.RELEASE.jar:3.1.16.RELEASE]
	at reactor.core.publisher.FluxOnErrorResume.subscribe(FluxOnErrorResume.java:47) ~[reactor-core-3.1.16.RELEASE.jar:3.1.16.RELEASE]
	at reactor.core.publisher.MonoIgnoreElements.subscribe(MonoIgnoreElements.java:37) ~[reactor-core-3.1.16.RELEASE.jar:3.1.16.RELEASE]
	at reactor.core.publisher.MonoOnErrorResume.subscribe(MonoOnErrorResume.java:44) ~[reactor-core-3.1.16.RELEASE.jar:3.1.16.RELEASE]
	at reactor.core.publisher.Mono.subscribe(Mono.java:3088) ~[reactor-core-3.1.16.RELEASE.jar:3.1.16.RELEASE]
	at reactor.core.publisher.MonoIgnoreThen$ThenIgnoreMain.drain(MonoIgnoreThen.java:172) ~[reactor-core-3.1.16.RELEASE.jar:3.1.16.RELEASE]
	at reactor.core.publisher.MonoIgnoreThen.subscribe(MonoIgnoreThen.java:56) ~[reactor-core-3.1.16.RELEASE.jar:3.1.16.RELEASE]
	at reactor.core.publisher.Mono.subscribe(Mono.java:3088) ~[reactor-core-3.1.16.RELEASE.jar:3.1.16.RELEASE]
	at reactor.core.publisher.FluxOnErrorResume$ResumeSubscriber.onError(FluxOnErrorResume.java:97) ~[reactor-core-3.1.16.RELEASE.jar:3.1.16.RELEASE]
	at reactor.core.publisher.MonoFlatMap$FlatMapMain.secondError(MonoFlatMap.java:185) ~[reactor-core-3.1.16.RELEASE.jar:3.1.16.RELEASE]
	at reactor.core.publisher.MonoFlatMap$FlatMapInner.onError(MonoFlatMap.java:251) ~[reactor-core-3.1.16.RELEASE.jar:3.1.16.RELEASE]
	at reactor.core.publisher.Operators$MonoSubscriber.onError(Operators.java:1126) ~[reactor-core-3.1.16.RELEASE.jar:3.1.16.RELEASE]
	at reactor.core.publisher.MonoIgnoreThen$ThenIgnoreInner.onError(MonoIgnoreThen.java:234) ~[reactor-core-3.1.16.RELEASE.jar:3.1.16.RELEASE]
	at reactor.core.publisher.FluxOnErrorResume$ResumeSubscriber.onError(FluxOnErrorResume.java:100) ~[reactor-core-3.1.16.RELEASE.jar:3.1.16.RELEASE]
	at reactor.core.publisher.Operators.error(Operators.java:178) ~[reactor-core-3.1.16.RELEASE.jar:3.1.16.RELEASE]
	at reactor.core.publisher.MonoError.subscribe(MonoError.java:53) ~[reactor-core-3.1.16.RELEASE.jar:3.1.16.RELEASE]
	at reactor.core.publisher.Mono.subscribe(Mono.java:3088) ~[reactor-core-3.1.16.RELEASE.jar:3.1.16.RELEASE]
	at reactor.core.publisher.FluxOnErrorResume$ResumeSubscriber.onError(FluxOnErrorResume.java:97) ~[reactor-core-3.1.16.RELEASE.jar:3.1.16.RELEASE]
	at reactor.core.publisher.MonoIgnoreElements$IgnoreElementsSubscriber.onError(MonoIgnoreElements.java:75) ~[reactor-core-3.1.16.RELEASE.jar:3.1.16.RELEASE]
	at reactor.core.publisher.FluxOnErrorResume$ResumeSubscriber.onError(FluxOnErrorResume.java:100) ~[reactor-core-3.1.16.RELEASE.jar:3.1.16.RELEASE]
	at reactor.core.publisher.Operators.error(Operators.java:178) ~[reactor-core-3.1.16.RELEASE.jar:3.1.16.RELEASE]
	at reactor.core.publisher.FluxError.subscribe(FluxError.java:45) ~[reactor-core-3.1.16.RELEASE.jar:3.1.16.RELEASE]
	at reactor.core.publisher.Flux.subscribe(Flux.java:6877) ~[reactor-core-3.1.16.RELEASE.jar:3.1.16.RELEASE]
	at reactor.core.publisher.FluxOnErrorResume$ResumeSubscriber.onError(FluxOnErrorResume.java:97) ~[reactor-core-3.1.16.RELEASE.jar:3.1.16.RELEASE]
	at reactor.core.publisher.FluxMap$MapSubscriber.onError(FluxMap.java:120) ~[reactor-core-3.1.16.RELEASE.jar:3.1.16.RELEASE]
	at reactor.core.publisher.FluxMap$MapSubscriber.onError(FluxMap.java:120) ~[reactor-core-3.1.16.RELEASE.jar:3.1.16.RELEASE]
	at reactor.core.publisher.Operators.error(Operators.java:178) ~[reactor-core-3.1.16.RELEASE.jar:3.1.16.RELEASE]
	at reactor.core.publisher.FluxPeek$PeekSubscriber.onSubscribe(FluxPeek.java:157) ~[reactor-core-3.1.16.RELEASE.jar:3.1.16.RELEASE]
	at reactor.core.publisher.FluxMap$MapSubscriber.onSubscribe(FluxMap.java:86) ~[reactor-core-3.1.16.RELEASE.jar:3.1.16.RELEASE]
	at reactor.ipc.netty.channel.FluxReceive.startReceiver(FluxReceive.java:276) ~[reactor-netty-0.7.15.RELEASE.jar:0.7.15.RELEASE]
	at reactor.ipc.netty.channel.FluxReceive.subscribe(FluxReceive.java:126) ~[reactor-netty-0.7.15.RELEASE.jar:0.7.15.RELEASE]
	at reactor.core.publisher.FluxMap.subscribe(FluxMap.java:62) ~[reactor-core-3.1.16.RELEASE.jar:3.1.16.RELEASE]
	at reactor.ipc.netty.ByteBufFlux.subscribe(ByteBufFlux.java:282) ~[reactor-netty-0.7.15.RELEASE.jar:0.7.15.RELEASE]
	at reactor.core.publisher.FluxPeek.subscribe(FluxPeek.java:83) ~[reactor-core-3.1.16.RELEASE.jar:3.1.16.RELEASE]
	at reactor.core.publisher.FluxMap.subscribe(FluxMap.java:62) ~[reactor-core-3.1.16.RELEASE.jar:3.1.16.RELEASE]
	at reactor.core.publisher.FluxMap.subscribe(FluxMap.java:62) ~[reactor-core-3.1.16.RELEASE.jar:3.1.16.RELEASE]
	at reactor.core.publisher.FluxOnErrorResume.subscribe(FluxOnErrorResume.java:47) ~[reactor-core-3.1.16.RELEASE.jar:3.1.16.RELEASE]
	at reactor.core.publisher.MonoIgnoreElements.subscribe(MonoIgnoreElements.java:37) ~[reactor-core-3.1.16.RELEASE.jar:3.1.16.RELEASE]
	at reactor.core.publisher.MonoOnErrorResume.subscribe(MonoOnErrorResume.java:44) ~[reactor-core-3.1.16.RELEASE.jar:3.1.16.RELEASE]
	at reactor.core.publisher.Mono.subscribe(Mono.java:3088) ~[reactor-core-3.1.16.RELEASE.jar:3.1.16.RELEASE]
	at reactor.core.publisher.MonoIgnoreThen$ThenIgnoreMain.drain(MonoIgnoreThen.java:172) ~[reactor-core-3.1.16.RELEASE.jar:3.1.16.RELEASE]
	at reactor.core.publisher.MonoIgnoreThen.subscribe(MonoIgnoreThen.java:56) ~[reactor-core-3.1.16.RELEASE.jar:3.1.16.RELEASE]
	at reactor.core.publisher.MonoFlatMap$FlatMapMain.onNext(MonoFlatMap.java:150) ~[reactor-core-3.1.16.RELEASE.jar:3.1.16.RELEASE]
	at reactor.core.publisher.Operators$MonoSubscriber.complete(Operators.java:1083) ~[reactor-core-3.1.16.RELEASE.jar:3.1.16.RELEASE]
	at reactor.core.publisher.MonoIgnoreThen$ThenIgnoreMain.drain(MonoIgnoreThen.java:147) ~[reactor-core-3.1.16.RELEASE.jar:3.1.16.RELEASE]
	at reactor.core.publisher.MonoIgnoreThen$ThenIgnoreMain.ignoreDone(MonoIgnoreThen.java:190) ~[reactor-core-3.1.16.RELEASE.jar:3.1.16.RELEASE]
	at reactor.core.publisher.MonoIgnoreThen$ThenIgnoreInner.onComplete(MonoIgnoreThen.java:239) ~[reactor-core-3.1.16.RELEASE.jar:3.1.16.RELEASE]
	at reactor.core.publisher.MonoIgnoreElements$IgnoreElementsSubscriber.onComplete(MonoIgnoreElements.java:80) ~[reactor-core-3.1.16.RELEASE.jar:3.1.16.RELEASE]
	at reactor.core.publisher.Operators$MultiSubscriptionSubscriber.onComplete(Operators.java:1318) ~[reactor-core-3.1.16.RELEASE.jar:3.1.16.RELEASE]
	at reactor.core.publisher.Operators.complete(Operators.java:128) ~[reactor-core-3.1.16.RELEASE.jar:3.1.16.RELEASE]
	at reactor.core.publisher.MonoEmpty.subscribe(MonoEmpty.java:45) ~[reactor-core-3.1.16.RELEASE.jar:3.1.16.RELEASE]
	at reactor.core.publisher.Mono.subscribe(Mono.java:3088) ~[reactor-core-3.1.16.RELEASE.jar:3.1.16.RELEASE]
	at reactor.core.publisher.FluxOnErrorResume$ResumeSubscriber.onError(FluxOnErrorResume.java:97) ~[reactor-core-3.1.16.RELEASE.jar:3.1.16.RELEASE]
	at reactor.core.publisher.FluxMap$MapSubscriber.onError(FluxMap.java:120) ~[reactor-core-3.1.16.RELEASE.jar:3.1.16.RELEASE]
	at reactor.core.publisher.FluxMap$MapSubscriber.onNext(FluxMap.java:104) ~[reactor-core-3.1.16.RELEASE.jar:3.1.16.RELEASE]
	at reactor.core.publisher.FluxMap$MapSubscriber.onNext(FluxMap.java:108) ~[reactor-core-3.1.16.RELEASE.jar:3.1.16.RELEASE]
	at reactor.core.publisher.FluxPeek$PeekSubscriber.onNext(FluxPeek.java:185) ~[reactor-core-3.1.16.RELEASE.jar:3.1.16.RELEASE]
	at reactor.core.publisher.FluxMap$MapSubscriber.onNext(FluxMap.java:108) ~[reactor-core-3.1.16.RELEASE.jar:3.1.16.RELEASE]
	at reactor.ipc.netty.channel.FluxReceive.drainReceiver(FluxReceive.java:213) ~[reactor-netty-0.7.15.RELEASE.jar:0.7.15.RELEASE]
	at reactor.ipc.netty.channel.FluxReceive.onInboundNext(FluxReceive.java:329) ~[reactor-netty-0.7.15.RELEASE.jar:0.7.15.RELEASE]
	at reactor.ipc.netty.channel.ChannelOperations.onInboundNext(ChannelOperations.java:311) ~[reactor-netty-0.7.15.RELEASE.jar:0.7.15.RELEASE]
	at reactor.ipc.netty.http.client.HttpClientOperations.onInboundNext(HttpClientOperations.java:652) ~[reactor-netty-0.7.15.RELEASE.jar:0.7.15.RELEASE]
	at reactor.ipc.netty.channel.ChannelOperationsHandler.channelRead(ChannelOperationsHandler.java:138) ~[reactor-netty-0.7.15.RELEASE.jar:0.7.15.RELEASE]
	at io.netty.channel.AbstractChannelHandlerContext.invokeChannelRead(AbstractChannelHandlerContext.java:374) [netty-transport-4.1.39.Final.jar:4.1.39.Final]
	at io.netty.channel.AbstractChannelHandlerContext.invokeChannelRead(AbstractChannelHandlerContext.java:360) [netty-transport-4.1.39.Final.jar:4.1.39.Final]
	at io.netty.channel.AbstractChannelHandlerContext.fireChannelRead(AbstractChannelHandlerContext.java:352) [netty-transport-4.1.39.Final.jar:4.1.39.Final]
	at io.netty.channel.CombinedChannelDuplexHandler$DelegatingChannelHandlerContext.fireChannelRead(CombinedChannelDuplexHandler.java:438) [netty-transport-4.1.39.Final.jar:4.1.39.Final]
	at io.netty.handler.codec.ByteToMessageDecoder.fireChannelRead(ByteToMessageDecoder.java:328) [netty-codec-4.1.39.Final.jar:4.1.39.Final]
	at io.netty.handler.codec.ByteToMessageDecoder.fireChannelRead(ByteToMessageDecoder.java:315) [netty-codec-4.1.39.Final.jar:4.1.39.Final]
	at io.netty.handler.codec.ByteToMessageDecoder.callDecode(ByteToMessageDecoder.java:429) [netty-codec-4.1.39.Final.jar:4.1.39.Final]
	at io.netty.handler.codec.ByteToMessageDecoder.channelRead(ByteToMessageDecoder.java:283) [netty-codec-4.1.39.Final.jar:4.1.39.Final]
	at io.netty.channel.CombinedChannelDuplexHandler.channelRead(CombinedChannelDuplexHandler.java:253) [netty-transport-4.1.39.Final.jar:4.1.39.Final]
	at io.netty.channel.AbstractChannelHandlerContext.invokeChannelRead(AbstractChannelHandlerContext.java:374) [netty-transport-4.1.39.Final.jar:4.1.39.Final]
	at io.netty.channel.AbstractChannelHandlerContext.invokeChannelRead(AbstractChannelHandlerContext.java:360) [netty-transport-4.1.39.Final.jar:4.1.39.Final]
	at io.netty.channel.AbstractChannelHandlerContext.fireChannelRead(AbstractChannelHandlerContext.java:352) [netty-transport-4.1.39.Final.jar:4.1.39.Final]
	at io.netty.channel.DefaultChannelPipeline$HeadContext.channelRead(DefaultChannelPipeline.java:1421) [netty-transport-4.1.39.Final.jar:4.1.39.Final]
	at io.netty.channel.AbstractChannelHandlerContext.invokeChannelRead(AbstractChannelHandlerContext.java:374) [netty-transport-4.1.39.Final.jar:4.1.39.Final]
	at io.netty.channel.AbstractChannelHandlerContext.invokeChannelRead(AbstractChannelHandlerContext.java:360) [netty-transport-4.1.39.Final.jar:4.1.39.Final]
	at io.netty.channel.DefaultChannelPipeline.fireChannelRead(DefaultChannelPipeline.java:930) [netty-transport-4.1.39.Final.jar:4.1.39.Final]
	at io.netty.channel.nio.AbstractNioByteChannel$NioByteUnsafe.read(AbstractNioByteChannel.java:163) [netty-transport-4.1.39.Final.jar:4.1.39.Final]
	at io.netty.channel.nio.NioEventLoop.processSelectedKey(NioEventLoop.java:697) [netty-transport-4.1.39.Final.jar:4.1.39.Final]
	at io.netty.channel.nio.NioEventLoop.processSelectedKeysOptimized(NioEventLoop.java:632) [netty-transport-4.1.39.Final.jar:4.1.39.Final]
	at io.netty.channel.nio.NioEventLoop.processSelectedKeys(NioEventLoop.java:549) [netty-transport-4.1.39.Final.jar:4.1.39.Final]
	at io.netty.channel.nio.NioEventLoop.run(NioEventLoop.java:511) [netty-transport-4.1.39.Final.jar:4.1.39.Final]
	at io.netty.util.concurrent.SingleThreadEventExecutor$5.run(SingleThreadEventExecutor.java:918) [netty-common-4.1.39.Final.jar:4.1.39.Final]
	at io.netty.util.internal.ThreadExecutorMap$2.run(ThreadExecutorMap.java:74) [netty-common-4.1.39.Final.jar:4.1.39.Final]
	at java.lang.Thread.run(Thread.java:748) [?:1.8.0_271]
Caused by: java.lang.IllegalStateException: Only one connection receive subscriber allowed.
	... 93 more
09:57:20.379 [reactor-http-nio-6] ERROR reactor.core.publisher.Operators - Operator called default onErrorDropped
java.lang.IllegalStateException: Only one connection receive subscriber allowed.
	at reactor.ipc.netty.channel.FluxReceive.startReceiver(FluxReceive.java:279) [reactor-netty-0.7.15.RELEASE.jar:0.7.15.RELEASE]
	at reactor.ipc.netty.channel.FluxReceive.subscribe(FluxReceive.java:126) [reactor-netty-0.7.15.RELEASE.jar:0.7.15.RELEASE]
	at reactor.core.publisher.FluxMap.subscribe(FluxMap.java:62) [reactor-core-3.1.16.RELEASE.jar:3.1.16.RELEASE]
	at reactor.ipc.netty.ByteBufFlux.subscribe(ByteBufFlux.java:282) [reactor-netty-0.7.15.RELEASE.jar:0.7.15.RELEASE]
	at reactor.core.publisher.FluxPeek.subscribe(FluxPeek.java:83) [reactor-core-3.1.16.RELEASE.jar:3.1.16.RELEASE]
	at reactor.core.publisher.FluxMap.subscribe(FluxMap.java:62) [reactor-core-3.1.16.RELEASE.jar:3.1.16.RELEASE]
	at reactor.core.publisher.FluxMap.subscribe(FluxMap.java:62) [reactor-core-3.1.16.RELEASE.jar:3.1.16.RELEASE]
	at reactor.core.publisher.FluxOnErrorResume.subscribe(FluxOnErrorResume.java:47) [reactor-core-3.1.16.RELEASE.jar:3.1.16.RELEASE]
	at reactor.core.publisher.MonoIgnoreElements.subscribe(MonoIgnoreElements.java:37) [reactor-core-3.1.16.RELEASE.jar:3.1.16.RELEASE]
	at reactor.core.publisher.MonoOnErrorResume.subscribe(MonoOnErrorResume.java:44) [reactor-core-3.1.16.RELEASE.jar:3.1.16.RELEASE]
	at reactor.core.publisher.Mono.subscribe(Mono.java:3088) [reactor-core-3.1.16.RELEASE.jar:3.1.16.RELEASE]
	at reactor.core.publisher.MonoIgnoreThen$ThenIgnoreMain.drain(MonoIgnoreThen.java:172) [reactor-core-3.1.16.RELEASE.jar:3.1.16.RELEASE]
	at reactor.core.publisher.MonoIgnoreThen.subscribe(MonoIgnoreThen.java:56) [reactor-core-3.1.16.RELEASE.jar:3.1.16.RELEASE]
	at reactor.core.publisher.Mono.subscribe(Mono.java:3088) [reactor-core-3.1.16.RELEASE.jar:3.1.16.RELEASE]
	at reactor.core.publisher.FluxOnErrorResume$ResumeSubscriber.onError(FluxOnErrorResume.java:97) [reactor-core-3.1.16.RELEASE.jar:3.1.16.RELEASE]
	at reactor.core.publisher.MonoFlatMap$FlatMapMain.secondError(MonoFlatMap.java:185) [reactor-core-3.1.16.RELEASE.jar:3.1.16.RELEASE]
	at reactor.core.publisher.MonoFlatMap$FlatMapInner.onError(MonoFlatMap.java:251) [reactor-core-3.1.16.RELEASE.jar:3.1.16.RELEASE]
	at reactor.core.publisher.Operators$MonoSubscriber.onError(Operators.java:1126) [reactor-core-3.1.16.RELEASE.jar:3.1.16.RELEASE]
	at reactor.core.publisher.MonoIgnoreThen$ThenIgnoreInner.onError(MonoIgnoreThen.java:234) [reactor-core-3.1.16.RELEASE.jar:3.1.16.RELEASE]
	at reactor.core.publisher.FluxOnErrorResume$ResumeSubscriber.onError(FluxOnErrorResume.java:100) [reactor-core-3.1.16.RELEASE.jar:3.1.16.RELEASE]
	at reactor.core.publisher.Operators.error(Operators.java:178) [reactor-core-3.1.16.RELEASE.jar:3.1.16.RELEASE]
	at reactor.core.publisher.MonoError.subscribe(MonoError.java:53) [reactor-core-3.1.16.RELEASE.jar:3.1.16.RELEASE]
	at reactor.core.publisher.Mono.subscribe(Mono.java:3088) [reactor-core-3.1.16.RELEASE.jar:3.1.16.RELEASE]
	at reactor.core.publisher.FluxOnErrorResume$ResumeSubscriber.onError(FluxOnErrorResume.java:97) [reactor-core-3.1.16.RELEASE.jar:3.1.16.RELEASE]
	at reactor.core.publisher.MonoIgnoreElements$IgnoreElementsSubscriber.onError(MonoIgnoreElements.java:75) [reactor-core-3.1.16.RELEASE.jar:3.1.16.RELEASE]
	at reactor.core.publisher.FluxOnErrorResume$ResumeSubscriber.onError(FluxOnErrorResume.java:100) [reactor-core-3.1.16.RELEASE.jar:3.1.16.RELEASE]
	at reactor.core.publisher.Operators.error(Operators.java:178) [reactor-core-3.1.16.RELEASE.jar:3.1.16.RELEASE]
	at reactor.core.publisher.FluxError.subscribe(FluxError.java:45) [reactor-core-3.1.16.RELEASE.jar:3.1.16.RELEASE]
	at reactor.core.publisher.Flux.subscribe(Flux.java:6877) [reactor-core-3.1.16.RELEASE.jar:3.1.16.RELEASE]
	at reactor.core.publisher.FluxOnErrorResume$ResumeSubscriber.onError(FluxOnErrorResume.java:97) [reactor-core-3.1.16.RELEASE.jar:3.1.16.RELEASE]
	at reactor.core.publisher.FluxMap$MapSubscriber.onError(FluxMap.java:120) [reactor-core-3.1.16.RELEASE.jar:3.1.16.RELEASE]
	at reactor.core.publisher.FluxMap$MapSubscriber.onError(FluxMap.java:120) [reactor-core-3.1.16.RELEASE.jar:3.1.16.RELEASE]
	at reactor.core.publisher.Operators.error(Operators.java:178) [reactor-core-3.1.16.RELEASE.jar:3.1.16.RELEASE]
	at reactor.core.publisher.FluxPeek$PeekSubscriber.onSubscribe(FluxPeek.java:157) [reactor-core-3.1.16.RELEASE.jar:3.1.16.RELEASE]
	at reactor.core.publisher.FluxMap$MapSubscriber.onSubscribe(FluxMap.java:86) [reactor-core-3.1.16.RELEASE.jar:3.1.16.RELEASE]
	at reactor.ipc.netty.channel.FluxReceive.startReceiver(FluxReceive.java:276) [reactor-netty-0.7.15.RELEASE.jar:0.7.15.RELEASE]
	at reactor.ipc.netty.channel.FluxReceive.subscribe(FluxReceive.java:126) [reactor-netty-0.7.15.RELEASE.jar:0.7.15.RELEASE]
	at reactor.core.publisher.FluxMap.subscribe(FluxMap.java:62) [reactor-core-3.1.16.RELEASE.jar:3.1.16.RELEASE]
	at reactor.ipc.netty.ByteBufFlux.subscribe(ByteBufFlux.java:282) [reactor-netty-0.7.15.RELEASE.jar:0.7.15.RELEASE]
	at reactor.core.publisher.FluxPeek.subscribe(FluxPeek.java:83) [reactor-core-3.1.16.RELEASE.jar:3.1.16.RELEASE]
	at reactor.core.publisher.FluxMap.subscribe(FluxMap.java:62) [reactor-core-3.1.16.RELEASE.jar:3.1.16.RELEASE]
	at reactor.core.publisher.FluxMap.subscribe(FluxMap.java:62) [reactor-core-3.1.16.RELEASE.jar:3.1.16.RELEASE]
	at reactor.core.publisher.FluxOnErrorResume.subscribe(FluxOnErrorResume.java:47) [reactor-core-3.1.16.RELEASE.jar:3.1.16.RELEASE]
	at reactor.core.publisher.MonoIgnoreElements.subscribe(MonoIgnoreElements.java:37) [reactor-core-3.1.16.RELEASE.jar:3.1.16.RELEASE]
	at reactor.core.publisher.MonoOnErrorResume.subscribe(MonoOnErrorResume.java:44) [reactor-core-3.1.16.RELEASE.jar:3.1.16.RELEASE]
	at reactor.core.publisher.Mono.subscribe(Mono.java:3088) [reactor-core-3.1.16.RELEASE.jar:3.1.16.RELEASE]
	at reactor.core.publisher.MonoIgnoreThen$ThenIgnoreMain.drain(MonoIgnoreThen.java:172) [reactor-core-3.1.16.RELEASE.jar:3.1.16.RELEASE]
	at reactor.core.publisher.MonoIgnoreThen.subscribe(MonoIgnoreThen.java:56) [reactor-core-3.1.16.RELEASE.jar:3.1.16.RELEASE]
	at reactor.core.publisher.MonoFlatMap$FlatMapMain.onNext(MonoFlatMap.java:150) [reactor-core-3.1.16.RELEASE.jar:3.1.16.RELEASE]
	at reactor.core.publisher.Operators$MonoSubscriber.complete(Operators.java:1083) [reactor-core-3.1.16.RELEASE.jar:3.1.16.RELEASE]
	at reactor.core.publisher.MonoIgnoreThen$ThenIgnoreMain.drain(MonoIgnoreThen.java:147) [reactor-core-3.1.16.RELEASE.jar:3.1.16.RELEASE]
	at reactor.core.publisher.MonoIgnoreThen$ThenIgnoreMain.ignoreDone(MonoIgnoreThen.java:190) [reactor-core-3.1.16.RELEASE.jar:3.1.16.RELEASE]
	at reactor.core.publisher.MonoIgnoreThen$ThenIgnoreInner.onComplete(MonoIgnoreThen.java:239) [reactor-core-3.1.16.RELEASE.jar:3.1.16.RELEASE]
	at reactor.core.publisher.MonoIgnoreElements$IgnoreElementsSubscriber.onComplete(MonoIgnoreElements.java:80) [reactor-core-3.1.16.RELEASE.jar:3.1.16.RELEASE]
	at reactor.core.publisher.Operators$MultiSubscriptionSubscriber.onComplete(Operators.java:1318) [reactor-core-3.1.16.RELEASE.jar:3.1.16.RELEASE]
	at reactor.core.publisher.Operators.complete(Operators.java:128) [reactor-core-3.1.16.RELEASE.jar:3.1.16.RELEASE]
	at reactor.core.publisher.MonoEmpty.subscribe(MonoEmpty.java:45) [reactor-core-3.1.16.RELEASE.jar:3.1.16.RELEASE]
	at reactor.core.publisher.Mono.subscribe(Mono.java:3088) [reactor-core-3.1.16.RELEASE.jar:3.1.16.RELEASE]
	at reactor.core.publisher.FluxOnErrorResume$ResumeSubscriber.onError(FluxOnErrorResume.java:97) [reactor-core-3.1.16.RELEASE.jar:3.1.16.RELEASE]
	at reactor.core.publisher.FluxMap$MapSubscriber.onError(FluxMap.java:120) [reactor-core-3.1.16.RELEASE.jar:3.1.16.RELEASE]
	at reactor.core.publisher.FluxMap$MapSubscriber.onNext(FluxMap.java:104) [reactor-core-3.1.16.RELEASE.jar:3.1.16.RELEASE]
	at reactor.core.publisher.FluxMap$MapSubscriber.onNext(FluxMap.java:108) [reactor-core-3.1.16.RELEASE.jar:3.1.16.RELEASE]
	at reactor.core.publisher.FluxPeek$PeekSubscriber.onNext(FluxPeek.java:185) [reactor-core-3.1.16.RELEASE.jar:3.1.16.RELEASE]
	at reactor.core.publisher.FluxMap$MapSubscriber.onNext(FluxMap.java:108) [reactor-core-3.1.16.RELEASE.jar:3.1.16.RELEASE]
	at reactor.ipc.netty.channel.FluxReceive.drainReceiver(FluxReceive.java:213) [reactor-netty-0.7.15.RELEASE.jar:0.7.15.RELEASE]
	at reactor.ipc.netty.channel.FluxReceive.onInboundNext(FluxReceive.java:329) [reactor-netty-0.7.15.RELEASE.jar:0.7.15.RELEASE]
	at reactor.ipc.netty.channel.ChannelOperations.onInboundNext(ChannelOperations.java:311) [reactor-netty-0.7.15.RELEASE.jar:0.7.15.RELEASE]
	at reactor.ipc.netty.http.client.HttpClientOperations.onInboundNext(HttpClientOperations.java:652) [reactor-netty-0.7.15.RELEASE.jar:0.7.15.RELEASE]
	at reactor.ipc.netty.channel.ChannelOperationsHandler.channelRead(ChannelOperationsHandler.java:138) [reactor-netty-0.7.15.RELEASE.jar:0.7.15.RELEASE]
	at io.netty.channel.AbstractChannelHandlerContext.invokeChannelRead(AbstractChannelHandlerContext.java:374) [netty-transport-4.1.39.Final.jar:4.1.39.Final]
	at io.netty.channel.AbstractChannelHandlerContext.invokeChannelRead(AbstractChannelHandlerContext.java:360) [netty-transport-4.1.39.Final.jar:4.1.39.Final]
	at io.netty.channel.AbstractChannelHandlerContext.fireChannelRead(AbstractChannelHandlerContext.java:352) [netty-transport-4.1.39.Final.jar:4.1.39.Final]
	at io.netty.handler.codec.MessageToMessageDecoder.channelRead(MessageToMessageDecoder.java:102) [netty-codec-4.1.39.Final.jar:4.1.39.Final]
	at io.netty.channel.AbstractChannelHandlerContext.invokeChannelRead(AbstractChannelHandlerContext.java:374) [netty-transport-4.1.39.Final.jar:4.1.39.Final]
	at io.netty.channel.AbstractChannelHandlerContext.invokeChannelRead(AbstractChannelHandlerContext.java:360) [netty-transport-4.1.39.Final.jar:4.1.39.Final]
	at io.netty.channel.AbstractChannelHandlerContext.fireChannelRead(AbstractChannelHandlerContext.java:352) [netty-transport-4.1.39.Final.jar:4.1.39.Final]
	at io.netty.channel.CombinedChannelDuplexHandler$DelegatingChannelHandlerContext.fireChannelRead(CombinedChannelDuplexHandler.java:438) [netty-transport-4.1.39.Final.jar:4.1.39.Final]
	at io.netty.handler.codec.ByteToMessageDecoder.fireChannelRead(ByteToMessageDecoder.java:328) [netty-codec-4.1.39.Final.jar:4.1.39.Final]
	at io.netty.handler.codec.ByteToMessageDecoder.fireChannelRead(ByteToMessageDecoder.java:315) [netty-codec-4.1.39.Final.jar:4.1.39.Final]
	at io.netty.handler.codec.ByteToMessageDecoder.callDecode(ByteToMessageDecoder.java:429) [netty-codec-4.1.39.Final.jar:4.1.39.Final]
	at io.netty.handler.codec.ByteToMessageDecoder.channelRead(ByteToMessageDecoder.java:283) [netty-codec-4.1.39.Final.jar:4.1.39.Final]
	at io.netty.channel.CombinedChannelDuplexHandler.channelRead(CombinedChannelDuplexHandler.java:253) [netty-transport-4.1.39.Final.jar:4.1.39.Final]
	at io.netty.channel.AbstractChannelHandlerContext.invokeChannelRead(AbstractChannelHandlerContext.java:374) [netty-transport-4.1.39.Final.jar:4.1.39.Final]
	at io.netty.channel.AbstractChannelHandlerContext.invokeChannelRead(AbstractChannelHandlerContext.java:360) [netty-transport-4.1.39.Final.jar:4.1.39.Final]
	at io.netty.channel.AbstractChannelHandlerContext.fireChannelRead(AbstractChannelHandlerContext.java:352) [netty-transport-4.1.39.Final.jar:4.1.39.Final]
	at io.netty.channel.DefaultChannelPipeline$HeadContext.channelRead(DefaultChannelPipeline.java:1421) [netty-transport-4.1.39.Final.jar:4.1.39.Final]
	at io.netty.channel.AbstractChannelHandlerContext.invokeChannelRead(AbstractChannelHandlerContext.java:374) [netty-transport-4.1.39.Final.jar:4.1.39.Final]
	at io.netty.channel.AbstractChannelHandlerContext.invokeChannelRead(AbstractChannelHandlerContext.java:360) [netty-transport-4.1.39.Final.jar:4.1.39.Final]
	at io.netty.channel.DefaultChannelPipeline.fireChannelRead(DefaultChannelPipeline.java:930) [netty-transport-4.1.39.Final.jar:4.1.39.Final]
	at io.netty.channel.nio.AbstractNioByteChannel$NioByteUnsafe.read(AbstractNioByteChannel.java:163) [netty-transport-4.1.39.Final.jar:4.1.39.Final]
	at io.netty.channel.nio.NioEventLoop.processSelectedKey(NioEventLoop.java:697) [netty-transport-4.1.39.Final.jar:4.1.39.Final]
	at io.netty.channel.nio.NioEventLoop.processSelectedKeysOptimized(NioEventLoop.java:632) [netty-transport-4.1.39.Final.jar:4.1.39.Final]
	at io.netty.channel.nio.NioEventLoop.processSelectedKeys(NioEventLoop.java:549) [netty-transport-4.1.39.Final.jar:4.1.39.Final]
	at io.netty.channel.nio.NioEventLoop.run(NioEventLoop.java:511) [netty-transport-4.1.39.Final.jar:4.1.39.Final]
	at io.netty.util.concurrent.SingleThreadEventExecutor$5.run(SingleThreadEventExecutor.java:918) [netty-common-4.1.39.Final.jar:4.1.39.Final]
	at io.netty.util.internal.ThreadExecutorMap$2.run(ThreadExecutorMap.java:74) [netty-common-4.1.39.Final.jar:4.1.39.Final]
	at java.lang.Thread.run(Thread.java:748) [?:1.8.0_271]
09:57:20.380 [reactor-http-nio-6] ERROR reactor.core.publisher.Operators - Operator called default onErrorDropped
reactor.core.Exceptions$BubblingException: java.lang.IllegalStateException: Only one connection receive subscriber allowed.
	at reactor.core.Exceptions.bubble(Exceptions.java:154) ~[reactor-core-3.1.16.RELEASE.jar:3.1.16.RELEASE]
	at reactor.core.publisher.Operators.onErrorDropped(Operators.java:263) ~[reactor-core-3.1.16.RELEASE.jar:3.1.16.RELEASE]
	at reactor.core.publisher.FluxMap$MapSubscriber.onError(FluxMap.java:114) ~[reactor-core-3.1.16.RELEASE.jar:3.1.16.RELEASE]
	at reactor.core.publisher.FluxPeek$PeekSubscriber.onError(FluxPeek.java:207) ~[reactor-core-3.1.16.RELEASE.jar:3.1.16.RELEASE]
	at reactor.core.publisher.FluxMap$MapSubscriber.onError(FluxMap.java:120) ~[reactor-core-3.1.16.RELEASE.jar:3.1.16.RELEASE]
	at reactor.core.publisher.Operators.error(Operators.java:178) ~[reactor-core-3.1.16.RELEASE.jar:3.1.16.RELEASE]
	at reactor.ipc.netty.channel.FluxReceive.startReceiver(FluxReceive.java:279) ~[reactor-netty-0.7.15.RELEASE.jar:0.7.15.RELEASE]
	at reactor.ipc.netty.channel.FluxReceive.subscribe(FluxReceive.java:126) ~[reactor-netty-0.7.15.RELEASE.jar:0.7.15.RELEASE]
	at reactor.core.publisher.FluxMap.subscribe(FluxMap.java:62) ~[reactor-core-3.1.16.RELEASE.jar:3.1.16.RELEASE]
	at reactor.ipc.netty.ByteBufFlux.subscribe(ByteBufFlux.java:282) ~[reactor-netty-0.7.15.RELEASE.jar:0.7.15.RELEASE]
	at reactor.core.publisher.FluxPeek.subscribe(FluxPeek.java:83) ~[reactor-core-3.1.16.RELEASE.jar:3.1.16.RELEASE]
	at reactor.core.publisher.FluxMap.subscribe(FluxMap.java:62) ~[reactor-core-3.1.16.RELEASE.jar:3.1.16.RELEASE]
	at reactor.core.publisher.FluxMap.subscribe(FluxMap.java:62) ~[reactor-core-3.1.16.RELEASE.jar:3.1.16.RELEASE]
	at reactor.core.publisher.FluxOnErrorResume.subscribe(FluxOnErrorResume.java:47) ~[reactor-core-3.1.16.RELEASE.jar:3.1.16.RELEASE]
	at reactor.core.publisher.MonoIgnoreElements.subscribe(MonoIgnoreElements.java:37) ~[reactor-core-3.1.16.RELEASE.jar:3.1.16.RELEASE]
	at reactor.core.publisher.MonoOnErrorResume.subscribe(MonoOnErrorResume.java:44) ~[reactor-core-3.1.16.RELEASE.jar:3.1.16.RELEASE]
	at reactor.core.publisher.Mono.subscribe(Mono.java:3088) ~[reactor-core-3.1.16.RELEASE.jar:3.1.16.RELEASE]
	at reactor.core.publisher.MonoIgnoreThen$ThenIgnoreMain.drain(MonoIgnoreThen.java:172) ~[reactor-core-3.1.16.RELEASE.jar:3.1.16.RELEASE]
	at reactor.core.publisher.MonoIgnoreThen.subscribe(MonoIgnoreThen.java:56) ~[reactor-core-3.1.16.RELEASE.jar:3.1.16.RELEASE]
	at reactor.core.publisher.Mono.subscribe(Mono.java:3088) ~[reactor-core-3.1.16.RELEASE.jar:3.1.16.RELEASE]
	at reactor.core.publisher.FluxOnErrorResume$ResumeSubscriber.onError(FluxOnErrorResume.java:97) ~[reactor-core-3.1.16.RELEASE.jar:3.1.16.RELEASE]
	at reactor.core.publisher.MonoFlatMap$FlatMapMain.secondError(MonoFlatMap.java:185) ~[reactor-core-3.1.16.RELEASE.jar:3.1.16.RELEASE]
	at reactor.core.publisher.MonoFlatMap$FlatMapInner.onError(MonoFlatMap.java:251) ~[reactor-core-3.1.16.RELEASE.jar:3.1.16.RELEASE]
	at reactor.core.publisher.Operators$MonoSubscriber.onError(Operators.java:1126) ~[reactor-core-3.1.16.RELEASE.jar:3.1.16.RELEASE]
	at reactor.core.publisher.MonoIgnoreThen$ThenIgnoreInner.onError(MonoIgnoreThen.java:234) ~[reactor-core-3.1.16.RELEASE.jar:3.1.16.RELEASE]
	at reactor.core.publisher.FluxOnErrorResume$ResumeSubscriber.onError(FluxOnErrorResume.java:100) ~[reactor-core-3.1.16.RELEASE.jar:3.1.16.RELEASE]
	at reactor.core.publisher.Operators.error(Operators.java:178) ~[reactor-core-3.1.16.RELEASE.jar:3.1.16.RELEASE]
	at reactor.core.publisher.MonoError.subscribe(MonoError.java:53) ~[reactor-core-3.1.16.RELEASE.jar:3.1.16.RELEASE]
	at reactor.core.publisher.Mono.subscribe(Mono.java:3088) ~[reactor-core-3.1.16.RELEASE.jar:3.1.16.RELEASE]
	at reactor.core.publisher.FluxOnErrorResume$ResumeSubscriber.onError(FluxOnErrorResume.java:97) ~[reactor-core-3.1.16.RELEASE.jar:3.1.16.RELEASE]
	at reactor.core.publisher.MonoIgnoreElements$IgnoreElementsSubscriber.onError(MonoIgnoreElements.java:75) ~[reactor-core-3.1.16.RELEASE.jar:3.1.16.RELEASE]
	at reactor.core.publisher.FluxOnErrorResume$ResumeSubscriber.onError(FluxOnErrorResume.java:100) ~[reactor-core-3.1.16.RELEASE.jar:3.1.16.RELEASE]
	at reactor.core.publisher.Operators.error(Operators.java:178) ~[reactor-core-3.1.16.RELEASE.jar:3.1.16.RELEASE]
	at reactor.core.publisher.FluxError.subscribe(FluxError.java:45) ~[reactor-core-3.1.16.RELEASE.jar:3.1.16.RELEASE]
	at reactor.core.publisher.Flux.subscribe(Flux.java:6877) ~[reactor-core-3.1.16.RELEASE.jar:3.1.16.RELEASE]
	at reactor.core.publisher.FluxOnErrorResume$ResumeSubscriber.onError(FluxOnErrorResume.java:97) ~[reactor-core-3.1.16.RELEASE.jar:3.1.16.RELEASE]
	at reactor.core.publisher.FluxMap$MapSubscriber.onError(FluxMap.java:120) ~[reactor-core-3.1.16.RELEASE.jar:3.1.16.RELEASE]
	at reactor.core.publisher.FluxMap$MapSubscriber.onError(FluxMap.java:120) ~[reactor-core-3.1.16.RELEASE.jar:3.1.16.RELEASE]
	at reactor.core.publisher.Operators.error(Operators.java:178) ~[reactor-core-3.1.16.RELEASE.jar:3.1.16.RELEASE]
	at reactor.core.publisher.FluxPeek$PeekSubscriber.onSubscribe(FluxPeek.java:157) ~[reactor-core-3.1.16.RELEASE.jar:3.1.16.RELEASE]
	at reactor.core.publisher.FluxMap$MapSubscriber.onSubscribe(FluxMap.java:86) ~[reactor-core-3.1.16.RELEASE.jar:3.1.16.RELEASE]
	at reactor.ipc.netty.channel.FluxReceive.startReceiver(FluxReceive.java:276) ~[reactor-netty-0.7.15.RELEASE.jar:0.7.15.RELEASE]
	at reactor.ipc.netty.channel.FluxReceive.subscribe(FluxReceive.java:126) ~[reactor-netty-0.7.15.RELEASE.jar:0.7.15.RELEASE]
	at reactor.core.publisher.FluxMap.subscribe(FluxMap.java:62) ~[reactor-core-3.1.16.RELEASE.jar:3.1.16.RELEASE]
	at reactor.ipc.netty.ByteBufFlux.subscribe(ByteBufFlux.java:282) ~[reactor-netty-0.7.15.RELEASE.jar:0.7.15.RELEASE]
	at reactor.core.publisher.FluxPeek.subscribe(FluxPeek.java:83) ~[reactor-core-3.1.16.RELEASE.jar:3.1.16.RELEASE]
	at reactor.core.publisher.FluxMap.subscribe(FluxMap.java:62) ~[reactor-core-3.1.16.RELEASE.jar:3.1.16.RELEASE]
	at reactor.core.publisher.FluxMap.subscribe(FluxMap.java:62) ~[reactor-core-3.1.16.RELEASE.jar:3.1.16.RELEASE]
	at reactor.core.publisher.FluxOnErrorResume.subscribe(FluxOnErrorResume.java:47) ~[reactor-core-3.1.16.RELEASE.jar:3.1.16.RELEASE]
	at reactor.core.publisher.MonoIgnoreElements.subscribe(MonoIgnoreElements.java:37) ~[reactor-core-3.1.16.RELEASE.jar:3.1.16.RELEASE]
	at reactor.core.publisher.MonoOnErrorResume.subscribe(MonoOnErrorResume.java:44) ~[reactor-core-3.1.16.RELEASE.jar:3.1.16.RELEASE]
	at reactor.core.publisher.Mono.subscribe(Mono.java:3088) ~[reactor-core-3.1.16.RELEASE.jar:3.1.16.RELEASE]
	at reactor.core.publisher.MonoIgnoreThen$ThenIgnoreMain.drain(MonoIgnoreThen.java:172) ~[reactor-core-3.1.16.RELEASE.jar:3.1.16.RELEASE]
	at reactor.core.publisher.MonoIgnoreThen.subscribe(MonoIgnoreThen.java:56) ~[reactor-core-3.1.16.RELEASE.jar:3.1.16.RELEASE]
	at reactor.core.publisher.MonoFlatMap$FlatMapMain.onNext(MonoFlatMap.java:150) ~[reactor-core-3.1.16.RELEASE.jar:3.1.16.RELEASE]
	at reactor.core.publisher.Operators$MonoSubscriber.complete(Operators.java:1083) ~[reactor-core-3.1.16.RELEASE.jar:3.1.16.RELEASE]
	at reactor.core.publisher.MonoIgnoreThen$ThenIgnoreMain.drain(MonoIgnoreThen.java:147) ~[reactor-core-3.1.16.RELEASE.jar:3.1.16.RELEASE]
	at reactor.core.publisher.MonoIgnoreThen$ThenIgnoreMain.ignoreDone(MonoIgnoreThen.java:190) ~[reactor-core-3.1.16.RELEASE.jar:3.1.16.RELEASE]
	at reactor.core.publisher.MonoIgnoreThen$ThenIgnoreInner.onComplete(MonoIgnoreThen.java:239) ~[reactor-core-3.1.16.RELEASE.jar:3.1.16.RELEASE]
	at reactor.core.publisher.MonoIgnoreElements$IgnoreElementsSubscriber.onComplete(MonoIgnoreElements.java:80) ~[reactor-core-3.1.16.RELEASE.jar:3.1.16.RELEASE]
	at reactor.core.publisher.Operators$MultiSubscriptionSubscriber.onComplete(Operators.java:1318) ~[reactor-core-3.1.16.RELEASE.jar:3.1.16.RELEASE]
	at reactor.core.publisher.Operators.complete(Operators.java:128) ~[reactor-core-3.1.16.RELEASE.jar:3.1.16.RELEASE]
	at reactor.core.publisher.MonoEmpty.subscribe(MonoEmpty.java:45) ~[reactor-core-3.1.16.RELEASE.jar:3.1.16.RELEASE]
	at reactor.core.publisher.Mono.subscribe(Mono.java:3088) ~[reactor-core-3.1.16.RELEASE.jar:3.1.16.RELEASE]
	at reactor.core.publisher.FluxOnErrorResume$ResumeSubscriber.onError(FluxOnErrorResume.java:97) ~[reactor-core-3.1.16.RELEASE.jar:3.1.16.RELEASE]
	at reactor.core.publisher.FluxMap$MapSubscriber.onError(FluxMap.java:120) ~[reactor-core-3.1.16.RELEASE.jar:3.1.16.RELEASE]
	at reactor.core.publisher.FluxMap$MapSubscriber.onNext(FluxMap.java:104) ~[reactor-core-3.1.16.RELEASE.jar:3.1.16.RELEASE]
	at reactor.core.publisher.FluxMap$MapSubscriber.onNext(FluxMap.java:108) ~[reactor-core-3.1.16.RELEASE.jar:3.1.16.RELEASE]
	at reactor.core.publisher.FluxPeek$PeekSubscriber.onNext(FluxPeek.java:185) ~[reactor-core-3.1.16.RELEASE.jar:3.1.16.RELEASE]
	at reactor.core.publisher.FluxMap$MapSubscriber.onNext(FluxMap.java:108) ~[reactor-core-3.1.16.RELEASE.jar:3.1.16.RELEASE]
	at reactor.ipc.netty.channel.FluxReceive.drainReceiver(FluxReceive.java:213) ~[reactor-netty-0.7.15.RELEASE.jar:0.7.15.RELEASE]
	at reactor.ipc.netty.channel.FluxReceive.onInboundNext(FluxReceive.java:329) ~[reactor-netty-0.7.15.RELEASE.jar:0.7.15.RELEASE]
	at reactor.ipc.netty.channel.ChannelOperations.onInboundNext(ChannelOperations.java:311) ~[reactor-netty-0.7.15.RELEASE.jar:0.7.15.RELEASE]
	at reactor.ipc.netty.http.client.HttpClientOperations.onInboundNext(HttpClientOperations.java:652) ~[reactor-netty-0.7.15.RELEASE.jar:0.7.15.RELEASE]
	at reactor.ipc.netty.channel.ChannelOperationsHandler.channelRead(ChannelOperationsHandler.java:138) ~[reactor-netty-0.7.15.RELEASE.jar:0.7.15.RELEASE]
	at io.netty.channel.AbstractChannelHandlerContext.invokeChannelRead(AbstractChannelHandlerContext.java:374) [netty-transport-4.1.39.Final.jar:4.1.39.Final]
	at io.netty.channel.AbstractChannelHandlerContext.invokeChannelRead(AbstractChannelHandlerContext.java:360) [netty-transport-4.1.39.Final.jar:4.1.39.Final]
	at io.netty.channel.AbstractChannelHandlerContext.fireChannelRead(AbstractChannelHandlerContext.java:352) [netty-transport-4.1.39.Final.jar:4.1.39.Final]
	at io.netty.handler.codec.MessageToMessageDecoder.channelRead(MessageToMessageDecoder.java:102) [netty-codec-4.1.39.Final.jar:4.1.39.Final]
	at io.netty.channel.AbstractChannelHandlerContext.invokeChannelRead(AbstractChannelHandlerContext.java:374) [netty-transport-4.1.39.Final.jar:4.1.39.Final]
	at io.netty.channel.AbstractChannelHandlerContext.invokeChannelRead(AbstractChannelHandlerContext.java:360) [netty-transport-4.1.39.Final.jar:4.1.39.Final]
	at io.netty.channel.AbstractChannelHandlerContext.fireChannelRead(AbstractChannelHandlerContext.java:352) [netty-transport-4.1.39.Final.jar:4.1.39.Final]
	at io.netty.channel.CombinedChannelDuplexHandler$DelegatingChannelHandlerContext.fireChannelRead(CombinedChannelDuplexHandler.java:438) [netty-transport-4.1.39.Final.jar:4.1.39.Final]
	at io.netty.handler.codec.ByteToMessageDecoder.fireChannelRead(ByteToMessageDecoder.java:328) [netty-codec-4.1.39.Final.jar:4.1.39.Final]
	at io.netty.handler.codec.ByteToMessageDecoder.fireChannelRead(ByteToMessageDecoder.java:315) [netty-codec-4.1.39.Final.jar:4.1.39.Final]
	at io.netty.handler.codec.ByteToMessageDecoder.callDecode(ByteToMessageDecoder.java:429) [netty-codec-4.1.39.Final.jar:4.1.39.Final]
	at io.netty.handler.codec.ByteToMessageDecoder.channelRead(ByteToMessageDecoder.java:283) [netty-codec-4.1.39.Final.jar:4.1.39.Final]
	at io.netty.channel.CombinedChannelDuplexHandler.channelRead(CombinedChannelDuplexHandler.java:253) [netty-transport-4.1.39.Final.jar:4.1.39.Final]
	at io.netty.channel.AbstractChannelHandlerContext.invokeChannelRead(AbstractChannelHandlerContext.java:374) [netty-transport-4.1.39.Final.jar:4.1.39.Final]
	at io.netty.channel.AbstractChannelHandlerContext.invokeChannelRead(AbstractChannelHandlerContext.java:360) [netty-transport-4.1.39.Final.jar:4.1.39.Final]
	at io.netty.channel.AbstractChannelHandlerContext.fireChannelRead(AbstractChannelHandlerContext.java:352) [netty-transport-4.1.39.Final.jar:4.1.39.Final]
	at io.netty.channel.DefaultChannelPipeline$HeadContext.channelRead(DefaultChannelPipeline.java:1421) [netty-transport-4.1.39.Final.jar:4.1.39.Final]
	at io.netty.channel.AbstractChannelHandlerContext.invokeChannelRead(AbstractChannelHandlerContext.java:374) [netty-transport-4.1.39.Final.jar:4.1.39.Final]
	at io.netty.channel.AbstractChannelHandlerContext.invokeChannelRead(AbstractChannelHandlerContext.java:360) [netty-transport-4.1.39.Final.jar:4.1.39.Final]
	at io.netty.channel.DefaultChannelPipeline.fireChannelRead(DefaultChannelPipeline.java:930) [netty-transport-4.1.39.Final.jar:4.1.39.Final]
	at io.netty.channel.nio.AbstractNioByteChannel$NioByteUnsafe.read(AbstractNioByteChannel.java:163) [netty-transport-4.1.39.Final.jar:4.1.39.Final]
	at io.netty.channel.nio.NioEventLoop.processSelectedKey(NioEventLoop.java:697) [netty-transport-4.1.39.Final.jar:4.1.39.Final]
	at io.netty.channel.nio.NioEventLoop.processSelectedKeysOptimized(NioEventLoop.java:632) [netty-transport-4.1.39.Final.jar:4.1.39.Final]
	at io.netty.channel.nio.NioEventLoop.processSelectedKeys(NioEventLoop.java:549) [netty-transport-4.1.39.Final.jar:4.1.39.Final]
	at io.netty.channel.nio.NioEventLoop.run(NioEventLoop.java:511) [netty-transport-4.1.39.Final.jar:4.1.39.Final]
	at io.netty.util.concurrent.SingleThreadEventExecutor$5.run(SingleThreadEventExecutor.java:918) [netty-common-4.1.39.Final.jar:4.1.39.Final]
	at io.netty.util.internal.ThreadExecutorMap$2.run(ThreadExecutorMap.java:74) [netty-common-4.1.39.Final.jar:4.1.39.Final]
	at java.lang.Thread.run(Thread.java:748) [?:1.8.0_271]
Caused by: java.lang.IllegalStateException: Only one connection receive subscriber allowed.
	... 97 more
09:57:20.381 [reactor-http-nio-6] WARN  io.netty.channel.AbstractChannelHandlerContext - An exception 'reactor.core.Exceptions$BubblingException: java.lang.IllegalStateException: Only one connection receive subscriber allowed.' [enable DEBUG level for full stacktrace] was thrown by a user handler's exceptionCaught() method while handling the following exception:
reactor.core.Exceptions$BubblingException: java.lang.IllegalStateException: Only one connection receive subscriber allowed.
	at reactor.core.Exceptions.bubble(Exceptions.java:154) ~[reactor-core-3.1.16.RELEASE.jar:3.1.16.RELEASE]
	at reactor.core.publisher.Operators.onErrorDropped(Operators.java:263) ~[reactor-core-3.1.16.RELEASE.jar:3.1.16.RELEASE]
	at reactor.core.publisher.FluxMap$MapSubscriber.onError(FluxMap.java:114) ~[reactor-core-3.1.16.RELEASE.jar:3.1.16.RELEASE]
	at reactor.core.publisher.FluxPeek$PeekSubscriber.onError(FluxPeek.java:207) ~[reactor-core-3.1.16.RELEASE.jar:3.1.16.RELEASE]
	at reactor.core.publisher.FluxMap$MapSubscriber.onError(FluxMap.java:120) ~[reactor-core-3.1.16.RELEASE.jar:3.1.16.RELEASE]
	at reactor.core.publisher.Operators.error(Operators.java:178) ~[reactor-core-3.1.16.RELEASE.jar:3.1.16.RELEASE]
	at reactor.ipc.netty.channel.FluxReceive.startReceiver(FluxReceive.java:279) ~[reactor-netty-0.7.15.RELEASE.jar:0.7.15.RELEASE]
	at reactor.ipc.netty.channel.FluxReceive.subscribe(FluxReceive.java:126) ~[reactor-netty-0.7.15.RELEASE.jar:0.7.15.RELEASE]
	at reactor.core.publisher.FluxMap.subscribe(FluxMap.java:62) ~[reactor-core-3.1.16.RELEASE.jar:3.1.16.RELEASE]
	at reactor.ipc.netty.ByteBufFlux.subscribe(ByteBufFlux.java:282) ~[reactor-netty-0.7.15.RELEASE.jar:0.7.15.RELEASE]
	at reactor.core.publisher.FluxPeek.subscribe(FluxPeek.java:83) ~[reactor-core-3.1.16.RELEASE.jar:3.1.16.RELEASE]
	at reactor.core.publisher.FluxMap.subscribe(FluxMap.java:62) ~[reactor-core-3.1.16.RELEASE.jar:3.1.16.RELEASE]
	at reactor.core.publisher.FluxMap.subscribe(FluxMap.java:62) ~[reactor-core-3.1.16.RELEASE.jar:3.1.16.RELEASE]
	at reactor.core.publisher.FluxOnErrorResume.subscribe(FluxOnErrorResume.java:47) ~[reactor-core-3.1.16.RELEASE.jar:3.1.16.RELEASE]
	at reactor.core.publisher.MonoIgnoreElements.subscribe(MonoIgnoreElements.java:37) ~[reactor-core-3.1.16.RELEASE.jar:3.1.16.RELEASE]
	at reactor.core.publisher.MonoOnErrorResume.subscribe(MonoOnErrorResume.java:44) ~[reactor-core-3.1.16.RELEASE.jar:3.1.16.RELEASE]
	at reactor.core.publisher.Mono.subscribe(Mono.java:3088) ~[reactor-core-3.1.16.RELEASE.jar:3.1.16.RELEASE]
	at reactor.core.publisher.MonoIgnoreThen$ThenIgnoreMain.drain(MonoIgnoreThen.java:172) ~[reactor-core-3.1.16.RELEASE.jar:3.1.16.RELEASE]
	at reactor.core.publisher.MonoIgnoreThen.subscribe(MonoIgnoreThen.java:56) ~[reactor-core-3.1.16.RELEASE.jar:3.1.16.RELEASE]
	at reactor.core.publisher.Mono.subscribe(Mono.java:3088) ~[reactor-core-3.1.16.RELEASE.jar:3.1.16.RELEASE]
	at reactor.core.publisher.FluxOnErrorResume$ResumeSubscriber.onError(FluxOnErrorResume.java:97) ~[reactor-core-3.1.16.RELEASE.jar:3.1.16.RELEASE]
	at reactor.core.publisher.MonoFlatMap$FlatMapMain.secondError(MonoFlatMap.java:185) ~[reactor-core-3.1.16.RELEASE.jar:3.1.16.RELEASE]
	at reactor.core.publisher.MonoFlatMap$FlatMapInner.onError(MonoFlatMap.java:251) ~[reactor-core-3.1.16.RELEASE.jar:3.1.16.RELEASE]
	at reactor.core.publisher.Operators$MonoSubscriber.onError(Operators.java:1126) ~[reactor-core-3.1.16.RELEASE.jar:3.1.16.RELEASE]
	at reactor.core.publisher.MonoIgnoreThen$ThenIgnoreInner.onError(MonoIgnoreThen.java:234) ~[reactor-core-3.1.16.RELEASE.jar:3.1.16.RELEASE]
	at reactor.core.publisher.FluxOnErrorResume$ResumeSubscriber.onError(FluxOnErrorResume.java:100) ~[reactor-core-3.1.16.RELEASE.jar:3.1.16.RELEASE]
	at reactor.core.publisher.Operators.error(Operators.java:178) ~[reactor-core-3.1.16.RELEASE.jar:3.1.16.RELEASE]
	at reactor.core.publisher.MonoError.subscribe(MonoError.java:53) ~[reactor-core-3.1.16.RELEASE.jar:3.1.16.RELEASE]
	at reactor.core.publisher.Mono.subscribe(Mono.java:3088) ~[reactor-core-3.1.16.RELEASE.jar:3.1.16.RELEASE]
	at reactor.core.publisher.FluxOnErrorResume$ResumeSubscriber.onError(FluxOnErrorResume.java:97) ~[reactor-core-3.1.16.RELEASE.jar:3.1.16.RELEASE]
	at reactor.core.publisher.MonoIgnoreElements$IgnoreElementsSubscriber.onError(MonoIgnoreElements.java:75) ~[reactor-core-3.1.16.RELEASE.jar:3.1.16.RELEASE]
	at reactor.core.publisher.FluxOnErrorResume$ResumeSubscriber.onError(FluxOnErrorResume.java:100) ~[reactor-core-3.1.16.RELEASE.jar:3.1.16.RELEASE]
	at reactor.core.publisher.Operators.error(Operators.java:178) ~[reactor-core-3.1.16.RELEASE.jar:3.1.16.RELEASE]
	at reactor.core.publisher.FluxError.subscribe(FluxError.java:45) ~[reactor-core-3.1.16.RELEASE.jar:3.1.16.RELEASE]
	at reactor.core.publisher.Flux.subscribe(Flux.java:6877) ~[reactor-core-3.1.16.RELEASE.jar:3.1.16.RELEASE]
	at reactor.core.publisher.FluxOnErrorResume$ResumeSubscriber.onError(FluxOnErrorResume.java:97) ~[reactor-core-3.1.16.RELEASE.jar:3.1.16.RELEASE]
	at reactor.core.publisher.FluxMap$MapSubscriber.onError(FluxMap.java:120) ~[reactor-core-3.1.16.RELEASE.jar:3.1.16.RELEASE]
	at reactor.core.publisher.FluxMap$MapSubscriber.onError(FluxMap.java:120) ~[reactor-core-3.1.16.RELEASE.jar:3.1.16.RELEASE]
	at reactor.core.publisher.Operators.error(Operators.java:178) ~[reactor-core-3.1.16.RELEASE.jar:3.1.16.RELEASE]
	at reactor.core.publisher.FluxPeek$PeekSubscriber.onSubscribe(FluxPeek.java:157) ~[reactor-core-3.1.16.RELEASE.jar:3.1.16.RELEASE]
	at reactor.core.publisher.FluxMap$MapSubscriber.onSubscribe(FluxMap.java:86) ~[reactor-core-3.1.16.RELEASE.jar:3.1.16.RELEASE]
	at reactor.ipc.netty.channel.FluxReceive.startReceiver(FluxReceive.java:276) ~[reactor-netty-0.7.15.RELEASE.jar:0.7.15.RELEASE]
	at reactor.ipc.netty.channel.FluxReceive.subscribe(FluxReceive.java:126) ~[reactor-netty-0.7.15.RELEASE.jar:0.7.15.RELEASE]
	at reactor.core.publisher.FluxMap.subscribe(FluxMap.java:62) ~[reactor-core-3.1.16.RELEASE.jar:3.1.16.RELEASE]
	at reactor.ipc.netty.ByteBufFlux.subscribe(ByteBufFlux.java:282) ~[reactor-netty-0.7.15.RELEASE.jar:0.7.15.RELEASE]
	at reactor.core.publisher.FluxPeek.subscribe(FluxPeek.java:83) ~[reactor-core-3.1.16.RELEASE.jar:3.1.16.RELEASE]
	at reactor.core.publisher.FluxMap.subscribe(FluxMap.java:62) ~[reactor-core-3.1.16.RELEASE.jar:3.1.16.RELEASE]
	at reactor.core.publisher.FluxMap.subscribe(FluxMap.java:62) ~[reactor-core-3.1.16.RELEASE.jar:3.1.16.RELEASE]
	at reactor.core.publisher.FluxOnErrorResume.subscribe(FluxOnErrorResume.java:47) ~[reactor-core-3.1.16.RELEASE.jar:3.1.16.RELEASE]
	at reactor.core.publisher.MonoIgnoreElements.subscribe(MonoIgnoreElements.java:37) ~[reactor-core-3.1.16.RELEASE.jar:3.1.16.RELEASE]
	at reactor.core.publisher.MonoOnErrorResume.subscribe(MonoOnErrorResume.java:44) ~[reactor-core-3.1.16.RELEASE.jar:3.1.16.RELEASE]
	at reactor.core.publisher.Mono.subscribe(Mono.java:3088) ~[reactor-core-3.1.16.RELEASE.jar:3.1.16.RELEASE]
	at reactor.core.publisher.MonoIgnoreThen$ThenIgnoreMain.drain(MonoIgnoreThen.java:172) ~[reactor-core-3.1.16.RELEASE.jar:3.1.16.RELEASE]
	at reactor.core.publisher.MonoIgnoreThen.subscribe(MonoIgnoreThen.java:56) ~[reactor-core-3.1.16.RELEASE.jar:3.1.16.RELEASE]
	at reactor.core.publisher.MonoFlatMap$FlatMapMain.onNext(MonoFlatMap.java:150) ~[reactor-core-3.1.16.RELEASE.jar:3.1.16.RELEASE]
	at reactor.core.publisher.Operators$MonoSubscriber.complete(Operators.java:1083) ~[reactor-core-3.1.16.RELEASE.jar:3.1.16.RELEASE]
	at reactor.core.publisher.MonoIgnoreThen$ThenIgnoreMain.drain(MonoIgnoreThen.java:147) ~[reactor-core-3.1.16.RELEASE.jar:3.1.16.RELEASE]
	at reactor.core.publisher.MonoIgnoreThen$ThenIgnoreMain.ignoreDone(MonoIgnoreThen.java:190) ~[reactor-core-3.1.16.RELEASE.jar:3.1.16.RELEASE]
	at reactor.core.publisher.MonoIgnoreThen$ThenIgnoreInner.onComplete(MonoIgnoreThen.java:239) ~[reactor-core-3.1.16.RELEASE.jar:3.1.16.RELEASE]
	at reactor.core.publisher.MonoIgnoreElements$IgnoreElementsSubscriber.onComplete(MonoIgnoreElements.java:80) ~[reactor-core-3.1.16.RELEASE.jar:3.1.16.RELEASE]
	at reactor.core.publisher.Operators$MultiSubscriptionSubscriber.onComplete(Operators.java:1318) ~[reactor-core-3.1.16.RELEASE.jar:3.1.16.RELEASE]
	at reactor.core.publisher.Operators.complete(Operators.java:128) ~[reactor-core-3.1.16.RELEASE.jar:3.1.16.RELEASE]
	at reactor.core.publisher.MonoEmpty.subscribe(MonoEmpty.java:45) ~[reactor-core-3.1.16.RELEASE.jar:3.1.16.RELEASE]
	at reactor.core.publisher.Mono.subscribe(Mono.java:3088) ~[reactor-core-3.1.16.RELEASE.jar:3.1.16.RELEASE]
	at reactor.core.publisher.FluxOnErrorResume$ResumeSubscriber.onError(FluxOnErrorResume.java:97) ~[reactor-core-3.1.16.RELEASE.jar:3.1.16.RELEASE]
	at reactor.core.publisher.FluxMap$MapSubscriber.onError(FluxMap.java:120) ~[reactor-core-3.1.16.RELEASE.jar:3.1.16.RELEASE]
	at reactor.core.publisher.FluxMap$MapSubscriber.onNext(FluxMap.java:104) ~[reactor-core-3.1.16.RELEASE.jar:3.1.16.RELEASE]
	at reactor.core.publisher.FluxMap$MapSubscriber.onNext(FluxMap.java:108) ~[reactor-core-3.1.16.RELEASE.jar:3.1.16.RELEASE]
	at reactor.core.publisher.FluxPeek$PeekSubscriber.onNext(FluxPeek.java:185) ~[reactor-core-3.1.16.RELEASE.jar:3.1.16.RELEASE]
	at reactor.core.publisher.FluxMap$MapSubscriber.onNext(FluxMap.java:108) ~[reactor-core-3.1.16.RELEASE.jar:3.1.16.RELEASE]
	at reactor.ipc.netty.channel.FluxReceive.drainReceiver(FluxReceive.java:213) ~[reactor-netty-0.7.15.RELEASE.jar:0.7.15.RELEASE]
	at reactor.ipc.netty.channel.FluxReceive.onInboundNext(FluxReceive.java:329) ~[reactor-netty-0.7.15.RELEASE.jar:0.7.15.RELEASE]
	at reactor.ipc.netty.channel.ChannelOperations.onInboundNext(ChannelOperations.java:311) ~[reactor-netty-0.7.15.RELEASE.jar:0.7.15.RELEASE]
	at reactor.ipc.netty.http.client.HttpClientOperations.onInboundNext(HttpClientOperations.java:652) ~[reactor-netty-0.7.15.RELEASE.jar:0.7.15.RELEASE]
	at reactor.ipc.netty.channel.ChannelOperationsHandler.channelRead(ChannelOperationsHandler.java:138) ~[reactor-netty-0.7.15.RELEASE.jar:0.7.15.RELEASE]
	at io.netty.channel.AbstractChannelHandlerContext.invokeChannelRead(AbstractChannelHandlerContext.java:374) [netty-transport-4.1.39.Final.jar:4.1.39.Final]
	at io.netty.channel.AbstractChannelHandlerContext.invokeChannelRead(AbstractChannelHandlerContext.java:360) [netty-transport-4.1.39.Final.jar:4.1.39.Final]
	at io.netty.channel.AbstractChannelHandlerContext.fireChannelRead(AbstractChannelHandlerContext.java:352) [netty-transport-4.1.39.Final.jar:4.1.39.Final]
	at io.netty.handler.codec.MessageToMessageDecoder.channelRead(MessageToMessageDecoder.java:102) [netty-codec-4.1.39.Final.jar:4.1.39.Final]
	at io.netty.channel.AbstractChannelHandlerContext.invokeChannelRead(AbstractChannelHandlerContext.java:374) [netty-transport-4.1.39.Final.jar:4.1.39.Final]
	at io.netty.channel.AbstractChannelHandlerContext.invokeChannelRead(AbstractChannelHandlerContext.java:360) [netty-transport-4.1.39.Final.jar:4.1.39.Final]
	at io.netty.channel.AbstractChannelHandlerContext.fireChannelRead(AbstractChannelHandlerContext.java:352) [netty-transport-4.1.39.Final.jar:4.1.39.Final]
	at io.netty.channel.CombinedChannelDuplexHandler$DelegatingChannelHandlerContext.fireChannelRead(CombinedChannelDuplexHandler.java:438) [netty-transport-4.1.39.Final.jar:4.1.39.Final]
	at io.netty.handler.codec.ByteToMessageDecoder.fireChannelRead(ByteToMessageDecoder.java:328) [netty-codec-4.1.39.Final.jar:4.1.39.Final]
	at io.netty.handler.codec.ByteToMessageDecoder.fireChannelRead(ByteToMessageDecoder.java:315) [netty-codec-4.1.39.Final.jar:4.1.39.Final]
	at io.netty.handler.codec.ByteToMessageDecoder.callDecode(ByteToMessageDecoder.java:429) [netty-codec-4.1.39.Final.jar:4.1.39.Final]
	at io.netty.handler.codec.ByteToMessageDecoder.channelRead(ByteToMessageDecoder.java:283) [netty-codec-4.1.39.Final.jar:4.1.39.Final]
	at io.netty.channel.CombinedChannelDuplexHandler.channelRead(CombinedChannelDuplexHandler.java:253) [netty-transport-4.1.39.Final.jar:4.1.39.Final]
	at io.netty.channel.AbstractChannelHandlerContext.invokeChannelRead(AbstractChannelHandlerContext.java:374) [netty-transport-4.1.39.Final.jar:4.1.39.Final]
	at io.netty.channel.AbstractChannelHandlerContext.invokeChannelRead(AbstractChannelHandlerContext.java:360) [netty-transport-4.1.39.Final.jar:4.1.39.Final]
	at io.netty.channel.AbstractChannelHandlerContext.fireChannelRead(AbstractChannelHandlerContext.java:352) [netty-transport-4.1.39.Final.jar:4.1.39.Final]
	at io.netty.channel.DefaultChannelPipeline$HeadContext.channelRead(DefaultChannelPipeline.java:1421) [netty-transport-4.1.39.Final.jar:4.1.39.Final]
	at io.netty.channel.AbstractChannelHandlerContext.invokeChannelRead(AbstractChannelHandlerContext.java:374) [netty-transport-4.1.39.Final.jar:4.1.39.Final]
	at io.netty.channel.AbstractChannelHandlerContext.invokeChannelRead(AbstractChannelHandlerContext.java:360) [netty-transport-4.1.39.Final.jar:4.1.39.Final]
	at io.netty.channel.DefaultChannelPipeline.fireChannelRead(DefaultChannelPipeline.java:930) [netty-transport-4.1.39.Final.jar:4.1.39.Final]
	at io.netty.channel.nio.AbstractNioByteChannel$NioByteUnsafe.read(AbstractNioByteChannel.java:163) [netty-transport-4.1.39.Final.jar:4.1.39.Final]
	at io.netty.channel.nio.NioEventLoop.processSelectedKey(NioEventLoop.java:697) [netty-transport-4.1.39.Final.jar:4.1.39.Final]
	at io.netty.channel.nio.NioEventLoop.processSelectedKeysOptimized(NioEventLoop.java:632) [netty-transport-4.1.39.Final.jar:4.1.39.Final]
	at io.netty.channel.nio.NioEventLoop.processSelectedKeys(NioEventLoop.java:549) [netty-transport-4.1.39.Final.jar:4.1.39.Final]
	at io.netty.channel.nio.NioEventLoop.run(NioEventLoop.java:511) [netty-transport-4.1.39.Final.jar:4.1.39.Final]
	at io.netty.util.concurrent.SingleThreadEventExecutor$5.run(SingleThreadEventExecutor.java:918) [netty-common-4.1.39.Final.jar:4.1.39.Final]
	at io.netty.util.internal.ThreadExecutorMap$2.run(ThreadExecutorMap.java:74) [netty-common-4.1.39.Final.jar:4.1.39.Final]
	at java.lang.Thread.run(Thread.java:748) [?:1.8.0_271]
Caused by: java.lang.IllegalStateException: Only one connection receive subscriber allowed.
	... 97 more
09:57:21.100 [reactor-http-nio-2] ERROR reactor.core.publisher.Operators - Operator called default onErrorDropped
java.lang.IllegalStateException: Only one connection receive subscriber allowed.
	at reactor.ipc.netty.channel.FluxReceive.startReceiver(FluxReceive.java:279) [reactor-netty-0.7.15.RELEASE.jar:0.7.15.RELEASE]
	at reactor.ipc.netty.channel.FluxReceive.subscribe(FluxReceive.java:126) [reactor-netty-0.7.15.RELEASE.jar:0.7.15.RELEASE]
	at reactor.core.publisher.FluxMap.subscribe(FluxMap.java:62) [reactor-core-3.1.16.RELEASE.jar:3.1.16.RELEASE]
	at reactor.ipc.netty.ByteBufFlux.subscribe(ByteBufFlux.java:282) [reactor-netty-0.7.15.RELEASE.jar:0.7.15.RELEASE]
	at reactor.core.publisher.FluxPeek.subscribe(FluxPeek.java:83) [reactor-core-3.1.16.RELEASE.jar:3.1.16.RELEASE]
	at reactor.core.publisher.FluxMap.subscribe(FluxMap.java:62) [reactor-core-3.1.16.RELEASE.jar:3.1.16.RELEASE]
	at reactor.core.publisher.FluxMap.subscribe(FluxMap.java:62) [reactor-core-3.1.16.RELEASE.jar:3.1.16.RELEASE]
	at reactor.core.publisher.FluxOnErrorResume.subscribe(FluxOnErrorResume.java:47) [reactor-core-3.1.16.RELEASE.jar:3.1.16.RELEASE]
	at reactor.core.publisher.MonoIgnoreElements.subscribe(MonoIgnoreElements.java:37) [reactor-core-3.1.16.RELEASE.jar:3.1.16.RELEASE]
	at reactor.core.publisher.MonoOnErrorResume.subscribe(MonoOnErrorResume.java:44) [reactor-core-3.1.16.RELEASE.jar:3.1.16.RELEASE]
	at reactor.core.publisher.Mono.subscribe(Mono.java:3088) [reactor-core-3.1.16.RELEASE.jar:3.1.16.RELEASE]
	at reactor.core.publisher.MonoIgnoreThen$ThenIgnoreMain.drain(MonoIgnoreThen.java:172) [reactor-core-3.1.16.RELEASE.jar:3.1.16.RELEASE]
	at reactor.core.publisher.MonoIgnoreThen.subscribe(MonoIgnoreThen.java:56) [reactor-core-3.1.16.RELEASE.jar:3.1.16.RELEASE]
	at reactor.core.publisher.Mono.subscribe(Mono.java:3088) [reactor-core-3.1.16.RELEASE.jar:3.1.16.RELEASE]
	at reactor.core.publisher.FluxOnErrorResume$ResumeSubscriber.onError(FluxOnErrorResume.java:97) [reactor-core-3.1.16.RELEASE.jar:3.1.16.RELEASE]
	at reactor.core.publisher.MonoFlatMap$FlatMapMain.secondError(MonoFlatMap.java:185) [reactor-core-3.1.16.RELEASE.jar:3.1.16.RELEASE]
	at reactor.core.publisher.MonoFlatMap$FlatMapInner.onError(MonoFlatMap.java:251) [reactor-core-3.1.16.RELEASE.jar:3.1.16.RELEASE]
	at reactor.core.publisher.Operators$MonoSubscriber.onError(Operators.java:1126) [reactor-core-3.1.16.RELEASE.jar:3.1.16.RELEASE]
	at reactor.core.publisher.MonoIgnoreThen$ThenIgnoreInner.onError(MonoIgnoreThen.java:234) [reactor-core-3.1.16.RELEASE.jar:3.1.16.RELEASE]
	at reactor.core.publisher.FluxOnErrorResume$ResumeSubscriber.onError(FluxOnErrorResume.java:100) [reactor-core-3.1.16.RELEASE.jar:3.1.16.RELEASE]
	at reactor.core.publisher.Operators.error(Operators.java:178) [reactor-core-3.1.16.RELEASE.jar:3.1.16.RELEASE]
	at reactor.core.publisher.MonoError.subscribe(MonoError.java:53) [reactor-core-3.1.16.RELEASE.jar:3.1.16.RELEASE]
	at reactor.core.publisher.Mono.subscribe(Mono.java:3088) [reactor-core-3.1.16.RELEASE.jar:3.1.16.RELEASE]
	at reactor.core.publisher.FluxOnErrorResume$ResumeSubscriber.onError(FluxOnErrorResume.java:97) [reactor-core-3.1.16.RELEASE.jar:3.1.16.RELEASE]
	at reactor.core.publisher.MonoIgnoreElements$IgnoreElementsSubscriber.onError(MonoIgnoreElements.java:75) [reactor-core-3.1.16.RELEASE.jar:3.1.16.RELEASE]
	at reactor.core.publisher.FluxOnErrorResume$ResumeSubscriber.onError(FluxOnErrorResume.java:100) [reactor-core-3.1.16.RELEASE.jar:3.1.16.RELEASE]
	at reactor.core.publisher.Operators.error(Operators.java:178) [reactor-core-3.1.16.RELEASE.jar:3.1.16.RELEASE]
	at reactor.core.publisher.FluxError.subscribe(FluxError.java:45) [reactor-core-3.1.16.RELEASE.jar:3.1.16.RELEASE]
	at reactor.core.publisher.Flux.subscribe(Flux.java:6877) [reactor-core-3.1.16.RELEASE.jar:3.1.16.RELEASE]
	at reactor.core.publisher.FluxOnErrorResume$ResumeSubscriber.onError(FluxOnErrorResume.java:97) [reactor-core-3.1.16.RELEASE.jar:3.1.16.RELEASE]
	at reactor.core.publisher.FluxMap$MapSubscriber.onError(FluxMap.java:120) [reactor-core-3.1.16.RELEASE.jar:3.1.16.RELEASE]
	at reactor.core.publisher.FluxMap$MapSubscriber.onError(FluxMap.java:120) [reactor-core-3.1.16.RELEASE.jar:3.1.16.RELEASE]
	at reactor.core.publisher.Operators.error(Operators.java:178) [reactor-core-3.1.16.RELEASE.jar:3.1.16.RELEASE]
	at reactor.core.publisher.FluxPeek$PeekSubscriber.onSubscribe(FluxPeek.java:157) [reactor-core-3.1.16.RELEASE.jar:3.1.16.RELEASE]
	at reactor.core.publisher.FluxMap$MapSubscriber.onSubscribe(FluxMap.java:86) [reactor-core-3.1.16.RELEASE.jar:3.1.16.RELEASE]
	at reactor.ipc.netty.channel.FluxReceive.startReceiver(FluxReceive.java:276) [reactor-netty-0.7.15.RELEASE.jar:0.7.15.RELEASE]
	at reactor.ipc.netty.channel.FluxReceive.subscribe(FluxReceive.java:126) [reactor-netty-0.7.15.RELEASE.jar:0.7.15.RELEASE]
	at reactor.core.publisher.FluxMap.subscribe(FluxMap.java:62) [reactor-core-3.1.16.RELEASE.jar:3.1.16.RELEASE]
	at reactor.ipc.netty.ByteBufFlux.subscribe(ByteBufFlux.java:282) [reactor-netty-0.7.15.RELEASE.jar:0.7.15.RELEASE]
	at reactor.core.publisher.FluxPeek.subscribe(FluxPeek.java:83) [reactor-core-3.1.16.RELEASE.jar:3.1.16.RELEASE]
	at reactor.core.publisher.FluxMap.subscribe(FluxMap.java:62) [reactor-core-3.1.16.RELEASE.jar:3.1.16.RELEASE]
	at reactor.core.publisher.FluxMap.subscribe(FluxMap.java:62) [reactor-core-3.1.16.RELEASE.jar:3.1.16.RELEASE]
	at reactor.core.publisher.FluxOnErrorResume.subscribe(FluxOnErrorResume.java:47) [reactor-core-3.1.16.RELEASE.jar:3.1.16.RELEASE]
	at reactor.core.publisher.MonoIgnoreElements.subscribe(MonoIgnoreElements.java:37) [reactor-core-3.1.16.RELEASE.jar:3.1.16.RELEASE]
	at reactor.core.publisher.MonoOnErrorResume.subscribe(MonoOnErrorResume.java:44) [reactor-core-3.1.16.RELEASE.jar:3.1.16.RELEASE]
	at reactor.core.publisher.Mono.subscribe(Mono.java:3088) [reactor-core-3.1.16.RELEASE.jar:3.1.16.RELEASE]
	at reactor.core.publisher.MonoIgnoreThen$ThenIgnoreMain.drain(MonoIgnoreThen.java:172) [reactor-core-3.1.16.RELEASE.jar:3.1.16.RELEASE]
	at reactor.core.publisher.MonoIgnoreThen.subscribe(MonoIgnoreThen.java:56) [reactor-core-3.1.16.RELEASE.jar:3.1.16.RELEASE]
	at reactor.core.publisher.MonoFlatMap$FlatMapMain.onNext(MonoFlatMap.java:150) [reactor-core-3.1.16.RELEASE.jar:3.1.16.RELEASE]
	at reactor.core.publisher.Operators$MonoSubscriber.complete(Operators.java:1083) [reactor-core-3.1.16.RELEASE.jar:3.1.16.RELEASE]
	at reactor.core.publisher.MonoIgnoreThen$ThenIgnoreMain.drain(MonoIgnoreThen.java:147) [reactor-core-3.1.16.RELEASE.jar:3.1.16.RELEASE]
	at reactor.core.publisher.MonoIgnoreThen$ThenIgnoreMain.ignoreDone(MonoIgnoreThen.java:190) [reactor-core-3.1.16.RELEASE.jar:3.1.16.RELEASE]
	at reactor.core.publisher.MonoIgnoreThen$ThenIgnoreInner.onComplete(MonoIgnoreThen.java:239) [reactor-core-3.1.16.RELEASE.jar:3.1.16.RELEASE]
	at reactor.core.publisher.MonoIgnoreElements$IgnoreElementsSubscriber.onComplete(MonoIgnoreElements.java:80) [reactor-core-3.1.16.RELEASE.jar:3.1.16.RELEASE]
	at reactor.core.publisher.Operators$MultiSubscriptionSubscriber.onComplete(Operators.java:1318) [reactor-core-3.1.16.RELEASE.jar:3.1.16.RELEASE]
	at reactor.core.publisher.Operators.complete(Operators.java:128) [reactor-core-3.1.16.RELEASE.jar:3.1.16.RELEASE]
	at reactor.core.publisher.MonoEmpty.subscribe(MonoEmpty.java:45) [reactor-core-3.1.16.RELEASE.jar:3.1.16.RELEASE]
	at reactor.core.publisher.Mono.subscribe(Mono.java:3088) [reactor-core-3.1.16.RELEASE.jar:3.1.16.RELEASE]
	at reactor.core.publisher.FluxOnErrorResume$ResumeSubscriber.onError(FluxOnErrorResume.java:97) [reactor-core-3.1.16.RELEASE.jar:3.1.16.RELEASE]
	at reactor.core.publisher.FluxMap$MapSubscriber.onError(FluxMap.java:120) [reactor-core-3.1.16.RELEASE.jar:3.1.16.RELEASE]
	at reactor.core.publisher.FluxMap$MapSubscriber.onNext(FluxMap.java:104) [reactor-core-3.1.16.RELEASE.jar:3.1.16.RELEASE]
	at reactor.core.publisher.FluxMap$MapSubscriber.onNext(FluxMap.java:108) [reactor-core-3.1.16.RELEASE.jar:3.1.16.RELEASE]
	at reactor.core.publisher.FluxPeek$PeekSubscriber.onNext(FluxPeek.java:185) [reactor-core-3.1.16.RELEASE.jar:3.1.16.RELEASE]
	at reactor.core.publisher.FluxMap$MapSubscriber.onNext(FluxMap.java:108) [reactor-core-3.1.16.RELEASE.jar:3.1.16.RELEASE]
	at reactor.ipc.netty.channel.FluxReceive.drainReceiver(FluxReceive.java:213) [reactor-netty-0.7.15.RELEASE.jar:0.7.15.RELEASE]
	at reactor.ipc.netty.channel.FluxReceive.onInboundNext(FluxReceive.java:329) [reactor-netty-0.7.15.RELEASE.jar:0.7.15.RELEASE]
	at reactor.ipc.netty.channel.ChannelOperations.onInboundNext(ChannelOperations.java:311) [reactor-netty-0.7.15.RELEASE.jar:0.7.15.RELEASE]
	at reactor.ipc.netty.http.client.HttpClientOperations.onInboundNext(HttpClientOperations.java:652) [reactor-netty-0.7.15.RELEASE.jar:0.7.15.RELEASE]
	at reactor.ipc.netty.channel.ChannelOperationsHandler.channelRead(ChannelOperationsHandler.java:138) [reactor-netty-0.7.15.RELEASE.jar:0.7.15.RELEASE]
	at io.netty.channel.AbstractChannelHandlerContext.invokeChannelRead(AbstractChannelHandlerContext.java:374) [netty-transport-4.1.39.Final.jar:4.1.39.Final]
	at io.netty.channel.AbstractChannelHandlerContext.invokeChannelRead(AbstractChannelHandlerContext.java:360) [netty-transport-4.1.39.Final.jar:4.1.39.Final]
	at io.netty.channel.AbstractChannelHandlerContext.fireChannelRead(AbstractChannelHandlerContext.java:352) [netty-transport-4.1.39.Final.jar:4.1.39.Final]
	at io.netty.handler.codec.MessageToMessageDecoder.channelRead(MessageToMessageDecoder.java:102) [netty-codec-4.1.39.Final.jar:4.1.39.Final]
	at io.netty.channel.AbstractChannelHandlerContext.invokeChannelRead(AbstractChannelHandlerContext.java:374) [netty-transport-4.1.39.Final.jar:4.1.39.Final]
	at io.netty.channel.AbstractChannelHandlerContext.invokeChannelRead(AbstractChannelHandlerContext.java:360) [netty-transport-4.1.39.Final.jar:4.1.39.Final]
	at io.netty.channel.AbstractChannelHandlerContext.fireChannelRead(AbstractChannelHandlerContext.java:352) [netty-transport-4.1.39.Final.jar:4.1.39.Final]
	at io.netty.channel.CombinedChannelDuplexHandler$DelegatingChannelHandlerContext.fireChannelRead(CombinedChannelDuplexHandler.java:438) [netty-transport-4.1.39.Final.jar:4.1.39.Final]
	at io.netty.handler.codec.ByteToMessageDecoder.fireChannelRead(ByteToMessageDecoder.java:328) [netty-codec-4.1.39.Final.jar:4.1.39.Final]
	at io.netty.handler.codec.ByteToMessageDecoder.fireChannelRead(ByteToMessageDecoder.java:315) [netty-codec-4.1.39.Final.jar:4.1.39.Final]
	at io.netty.handler.codec.ByteToMessageDecoder.callDecode(ByteToMessageDecoder.java:429) [netty-codec-4.1.39.Final.jar:4.1.39.Final]
	at io.netty.handler.codec.ByteToMessageDecoder.channelRead(ByteToMessageDecoder.java:283) [netty-codec-4.1.39.Final.jar:4.1.39.Final]
	at io.netty.channel.CombinedChannelDuplexHandler.channelRead(CombinedChannelDuplexHandler.java:253) [netty-transport-4.1.39.Final.jar:4.1.39.Final]
	at io.netty.channel.AbstractChannelHandlerContext.invokeChannelRead(AbstractChannelHandlerContext.java:374) [netty-transport-4.1.39.Final.jar:4.1.39.Final]
	at io.netty.channel.AbstractChannelHandlerContext.invokeChannelRead(AbstractChannelHandlerContext.java:360) [netty-transport-4.1.39.Final.jar:4.1.39.Final]
	at io.netty.channel.AbstractChannelHandlerContext.fireChannelRead(AbstractChannelHandlerContext.java:352) [netty-transport-4.1.39.Final.jar:4.1.39.Final]
	at io.netty.channel.DefaultChannelPipeline$HeadContext.channelRead(DefaultChannelPipeline.java:1421) [netty-transport-4.1.39.Final.jar:4.1.39.Final]
	at io.netty.channel.AbstractChannelHandlerContext.invokeChannelRead(AbstractChannelHandlerContext.java:374) [netty-transport-4.1.39.Final.jar:4.1.39.Final]
	at io.netty.channel.AbstractChannelHandlerContext.invokeChannelRead(AbstractChannelHandlerContext.java:360) [netty-transport-4.1.39.Final.jar:4.1.39.Final]
	at io.netty.channel.DefaultChannelPipeline.fireChannelRead(DefaultChannelPipeline.java:930) [netty-transport-4.1.39.Final.jar:4.1.39.Final]
	at io.netty.channel.nio.AbstractNioByteChannel$NioByteUnsafe.read(AbstractNioByteChannel.java:163) [netty-transport-4.1.39.Final.jar:4.1.39.Final]
	at io.netty.channel.nio.NioEventLoop.processSelectedKey(NioEventLoop.java:697) [netty-transport-4.1.39.Final.jar:4.1.39.Final]
	at io.netty.channel.nio.NioEventLoop.processSelectedKeysOptimized(NioEventLoop.java:632) [netty-transport-4.1.39.Final.jar:4.1.39.Final]
	at io.netty.channel.nio.NioEventLoop.processSelectedKeys(NioEventLoop.java:549) [netty-transport-4.1.39.Final.jar:4.1.39.Final]
	at io.netty.channel.nio.NioEventLoop.run(NioEventLoop.java:511) [netty-transport-4.1.39.Final.jar:4.1.39.Final]
	at io.netty.util.concurrent.SingleThreadEventExecutor$5.run(SingleThreadEventExecutor.java:918) [netty-common-4.1.39.Final.jar:4.1.39.Final]
	at io.netty.util.internal.ThreadExecutorMap$2.run(ThreadExecutorMap.java:74) [netty-common-4.1.39.Final.jar:4.1.39.Final]
	at java.lang.Thread.run(Thread.java:748) [?:1.8.0_271]
09:57:21.101 [reactor-http-nio-2] ERROR reactor.core.publisher.Operators - Operator called default onErrorDropped
reactor.core.Exceptions$BubblingException: java.lang.IllegalStateException: Only one connection receive subscriber allowed.
	at reactor.core.Exceptions.bubble(Exceptions.java:154) ~[reactor-core-3.1.16.RELEASE.jar:3.1.16.RELEASE]
	at reactor.core.publisher.Operators.onErrorDropped(Operators.java:263) ~[reactor-core-3.1.16.RELEASE.jar:3.1.16.RELEASE]
	at reactor.core.publisher.FluxMap$MapSubscriber.onError(FluxMap.java:114) ~[reactor-core-3.1.16.RELEASE.jar:3.1.16.RELEASE]
	at reactor.core.publisher.FluxPeek$PeekSubscriber.onError(FluxPeek.java:207) ~[reactor-core-3.1.16.RELEASE.jar:3.1.16.RELEASE]
	at reactor.core.publisher.FluxMap$MapSubscriber.onError(FluxMap.java:120) ~[reactor-core-3.1.16.RELEASE.jar:3.1.16.RELEASE]
	at reactor.core.publisher.Operators.error(Operators.java:178) ~[reactor-core-3.1.16.RELEASE.jar:3.1.16.RELEASE]
	at reactor.ipc.netty.channel.FluxReceive.startReceiver(FluxReceive.java:279) ~[reactor-netty-0.7.15.RELEASE.jar:0.7.15.RELEASE]
	at reactor.ipc.netty.channel.FluxReceive.subscribe(FluxReceive.java:126) ~[reactor-netty-0.7.15.RELEASE.jar:0.7.15.RELEASE]
	at reactor.core.publisher.FluxMap.subscribe(FluxMap.java:62) ~[reactor-core-3.1.16.RELEASE.jar:3.1.16.RELEASE]
	at reactor.ipc.netty.ByteBufFlux.subscribe(ByteBufFlux.java:282) ~[reactor-netty-0.7.15.RELEASE.jar:0.7.15.RELEASE]
	at reactor.core.publisher.FluxPeek.subscribe(FluxPeek.java:83) ~[reactor-core-3.1.16.RELEASE.jar:3.1.16.RELEASE]
	at reactor.core.publisher.FluxMap.subscribe(FluxMap.java:62) ~[reactor-core-3.1.16.RELEASE.jar:3.1.16.RELEASE]
	at reactor.core.publisher.FluxMap.subscribe(FluxMap.java:62) ~[reactor-core-3.1.16.RELEASE.jar:3.1.16.RELEASE]
	at reactor.core.publisher.FluxOnErrorResume.subscribe(FluxOnErrorResume.java:47) ~[reactor-core-3.1.16.RELEASE.jar:3.1.16.RELEASE]
	at reactor.core.publisher.MonoIgnoreElements.subscribe(MonoIgnoreElements.java:37) ~[reactor-core-3.1.16.RELEASE.jar:3.1.16.RELEASE]
	at reactor.core.publisher.MonoOnErrorResume.subscribe(MonoOnErrorResume.java:44) ~[reactor-core-3.1.16.RELEASE.jar:3.1.16.RELEASE]
	at reactor.core.publisher.Mono.subscribe(Mono.java:3088) ~[reactor-core-3.1.16.RELEASE.jar:3.1.16.RELEASE]
	at reactor.core.publisher.MonoIgnoreThen$ThenIgnoreMain.drain(MonoIgnoreThen.java:172) ~[reactor-core-3.1.16.RELEASE.jar:3.1.16.RELEASE]
	at reactor.core.publisher.MonoIgnoreThen.subscribe(MonoIgnoreThen.java:56) ~[reactor-core-3.1.16.RELEASE.jar:3.1.16.RELEASE]
	at reactor.core.publisher.Mono.subscribe(Mono.java:3088) ~[reactor-core-3.1.16.RELEASE.jar:3.1.16.RELEASE]
	at reactor.core.publisher.FluxOnErrorResume$ResumeSubscriber.onError(FluxOnErrorResume.java:97) ~[reactor-core-3.1.16.RELEASE.jar:3.1.16.RELEASE]
	at reactor.core.publisher.MonoFlatMap$FlatMapMain.secondError(MonoFlatMap.java:185) ~[reactor-core-3.1.16.RELEASE.jar:3.1.16.RELEASE]
	at reactor.core.publisher.MonoFlatMap$FlatMapInner.onError(MonoFlatMap.java:251) ~[reactor-core-3.1.16.RELEASE.jar:3.1.16.RELEASE]
	at reactor.core.publisher.Operators$MonoSubscriber.onError(Operators.java:1126) ~[reactor-core-3.1.16.RELEASE.jar:3.1.16.RELEASE]
	at reactor.core.publisher.MonoIgnoreThen$ThenIgnoreInner.onError(MonoIgnoreThen.java:234) ~[reactor-core-3.1.16.RELEASE.jar:3.1.16.RELEASE]
	at reactor.core.publisher.FluxOnErrorResume$ResumeSubscriber.onError(FluxOnErrorResume.java:100) ~[reactor-core-3.1.16.RELEASE.jar:3.1.16.RELEASE]
	at reactor.core.publisher.Operators.error(Operators.java:178) ~[reactor-core-3.1.16.RELEASE.jar:3.1.16.RELEASE]
	at reactor.core.publisher.MonoError.subscribe(MonoError.java:53) ~[reactor-core-3.1.16.RELEASE.jar:3.1.16.RELEASE]
	at reactor.core.publisher.Mono.subscribe(Mono.java:3088) ~[reactor-core-3.1.16.RELEASE.jar:3.1.16.RELEASE]
	at reactor.core.publisher.FluxOnErrorResume$ResumeSubscriber.onError(FluxOnErrorResume.java:97) ~[reactor-core-3.1.16.RELEASE.jar:3.1.16.RELEASE]
	at reactor.core.publisher.MonoIgnoreElements$IgnoreElementsSubscriber.onError(MonoIgnoreElements.java:75) ~[reactor-core-3.1.16.RELEASE.jar:3.1.16.RELEASE]
	at reactor.core.publisher.FluxOnErrorResume$ResumeSubscriber.onError(FluxOnErrorResume.java:100) ~[reactor-core-3.1.16.RELEASE.jar:3.1.16.RELEASE]
	at reactor.core.publisher.Operators.error(Operators.java:178) ~[reactor-core-3.1.16.RELEASE.jar:3.1.16.RELEASE]
	at reactor.core.publisher.FluxError.subscribe(FluxError.java:45) ~[reactor-core-3.1.16.RELEASE.jar:3.1.16.RELEASE]
	at reactor.core.publisher.Flux.subscribe(Flux.java:6877) ~[reactor-core-3.1.16.RELEASE.jar:3.1.16.RELEASE]
	at reactor.core.publisher.FluxOnErrorResume$ResumeSubscriber.onError(FluxOnErrorResume.java:97) ~[reactor-core-3.1.16.RELEASE.jar:3.1.16.RELEASE]
	at reactor.core.publisher.FluxMap$MapSubscriber.onError(FluxMap.java:120) ~[reactor-core-3.1.16.RELEASE.jar:3.1.16.RELEASE]
	at reactor.core.publisher.FluxMap$MapSubscriber.onError(FluxMap.java:120) ~[reactor-core-3.1.16.RELEASE.jar:3.1.16.RELEASE]
	at reactor.core.publisher.Operators.error(Operators.java:178) ~[reactor-core-3.1.16.RELEASE.jar:3.1.16.RELEASE]
	at reactor.core.publisher.FluxPeek$PeekSubscriber.onSubscribe(FluxPeek.java:157) ~[reactor-core-3.1.16.RELEASE.jar:3.1.16.RELEASE]
	at reactor.core.publisher.FluxMap$MapSubscriber.onSubscribe(FluxMap.java:86) ~[reactor-core-3.1.16.RELEASE.jar:3.1.16.RELEASE]
	at reactor.ipc.netty.channel.FluxReceive.startReceiver(FluxReceive.java:276) ~[reactor-netty-0.7.15.RELEASE.jar:0.7.15.RELEASE]
	at reactor.ipc.netty.channel.FluxReceive.subscribe(FluxReceive.java:126) ~[reactor-netty-0.7.15.RELEASE.jar:0.7.15.RELEASE]
	at reactor.core.publisher.FluxMap.subscribe(FluxMap.java:62) ~[reactor-core-3.1.16.RELEASE.jar:3.1.16.RELEASE]
	at reactor.ipc.netty.ByteBufFlux.subscribe(ByteBufFlux.java:282) ~[reactor-netty-0.7.15.RELEASE.jar:0.7.15.RELEASE]
	at reactor.core.publisher.FluxPeek.subscribe(FluxPeek.java:83) ~[reactor-core-3.1.16.RELEASE.jar:3.1.16.RELEASE]
	at reactor.core.publisher.FluxMap.subscribe(FluxMap.java:62) ~[reactor-core-3.1.16.RELEASE.jar:3.1.16.RELEASE]
	at reactor.core.publisher.FluxMap.subscribe(FluxMap.java:62) ~[reactor-core-3.1.16.RELEASE.jar:3.1.16.RELEASE]
	at reactor.core.publisher.FluxOnErrorResume.subscribe(FluxOnErrorResume.java:47) ~[reactor-core-3.1.16.RELEASE.jar:3.1.16.RELEASE]
	at reactor.core.publisher.MonoIgnoreElements.subscribe(MonoIgnoreElements.java:37) ~[reactor-core-3.1.16.RELEASE.jar:3.1.16.RELEASE]
	at reactor.core.publisher.MonoOnErrorResume.subscribe(MonoOnErrorResume.java:44) ~[reactor-core-3.1.16.RELEASE.jar:3.1.16.RELEASE]
	at reactor.core.publisher.Mono.subscribe(Mono.java:3088) ~[reactor-core-3.1.16.RELEASE.jar:3.1.16.RELEASE]
	at reactor.core.publisher.MonoIgnoreThen$ThenIgnoreMain.drain(MonoIgnoreThen.java:172) ~[reactor-core-3.1.16.RELEASE.jar:3.1.16.RELEASE]
	at reactor.core.publisher.MonoIgnoreThen.subscribe(MonoIgnoreThen.java:56) ~[reactor-core-3.1.16.RELEASE.jar:3.1.16.RELEASE]
	at reactor.core.publisher.MonoFlatMap$FlatMapMain.onNext(MonoFlatMap.java:150) ~[reactor-core-3.1.16.RELEASE.jar:3.1.16.RELEASE]
	at reactor.core.publisher.Operators$MonoSubscriber.complete(Operators.java:1083) ~[reactor-core-3.1.16.RELEASE.jar:3.1.16.RELEASE]
	at reactor.core.publisher.MonoIgnoreThen$ThenIgnoreMain.drain(MonoIgnoreThen.java:147) ~[reactor-core-3.1.16.RELEASE.jar:3.1.16.RELEASE]
	at reactor.core.publisher.MonoIgnoreThen$ThenIgnoreMain.ignoreDone(MonoIgnoreThen.java:190) ~[reactor-core-3.1.16.RELEASE.jar:3.1.16.RELEASE]
	at reactor.core.publisher.MonoIgnoreThen$ThenIgnoreInner.onComplete(MonoIgnoreThen.java:239) ~[reactor-core-3.1.16.RELEASE.jar:3.1.16.RELEASE]
	at reactor.core.publisher.MonoIgnoreElements$IgnoreElementsSubscriber.onComplete(MonoIgnoreElements.java:80) ~[reactor-core-3.1.16.RELEASE.jar:3.1.16.RELEASE]
	at reactor.core.publisher.Operators$MultiSubscriptionSubscriber.onComplete(Operators.java:1318) ~[reactor-core-3.1.16.RELEASE.jar:3.1.16.RELEASE]
	at reactor.core.publisher.Operators.complete(Operators.java:128) ~[reactor-core-3.1.16.RELEASE.jar:3.1.16.RELEASE]
	at reactor.core.publisher.MonoEmpty.subscribe(MonoEmpty.java:45) ~[reactor-core-3.1.16.RELEASE.jar:3.1.16.RELEASE]
	at reactor.core.publisher.Mono.subscribe(Mono.java:3088) ~[reactor-core-3.1.16.RELEASE.jar:3.1.16.RELEASE]
	at reactor.core.publisher.FluxOnErrorResume$ResumeSubscriber.onError(FluxOnErrorResume.java:97) ~[reactor-core-3.1.16.RELEASE.jar:3.1.16.RELEASE]
	at reactor.core.publisher.FluxMap$MapSubscriber.onError(FluxMap.java:120) ~[reactor-core-3.1.16.RELEASE.jar:3.1.16.RELEASE]
	at reactor.core.publisher.FluxMap$MapSubscriber.onNext(FluxMap.java:104) ~[reactor-core-3.1.16.RELEASE.jar:3.1.16.RELEASE]
	at reactor.core.publisher.FluxMap$MapSubscriber.onNext(FluxMap.java:108) ~[reactor-core-3.1.16.RELEASE.jar:3.1.16.RELEASE]
	at reactor.core.publisher.FluxPeek$PeekSubscriber.onNext(FluxPeek.java:185) ~[reactor-core-3.1.16.RELEASE.jar:3.1.16.RELEASE]
	at reactor.core.publisher.FluxMap$MapSubscriber.onNext(FluxMap.java:108) ~[reactor-core-3.1.16.RELEASE.jar:3.1.16.RELEASE]
	at reactor.ipc.netty.channel.FluxReceive.drainReceiver(FluxReceive.java:213) ~[reactor-netty-0.7.15.RELEASE.jar:0.7.15.RELEASE]
	at reactor.ipc.netty.channel.FluxReceive.onInboundNext(FluxReceive.java:329) ~[reactor-netty-0.7.15.RELEASE.jar:0.7.15.RELEASE]
	at reactor.ipc.netty.channel.ChannelOperations.onInboundNext(ChannelOperations.java:311) ~[reactor-netty-0.7.15.RELEASE.jar:0.7.15.RELEASE]
	at reactor.ipc.netty.http.client.HttpClientOperations.onInboundNext(HttpClientOperations.java:652) ~[reactor-netty-0.7.15.RELEASE.jar:0.7.15.RELEASE]
	at reactor.ipc.netty.channel.ChannelOperationsHandler.channelRead(ChannelOperationsHandler.java:138) ~[reactor-netty-0.7.15.RELEASE.jar:0.7.15.RELEASE]
	at io.netty.channel.AbstractChannelHandlerContext.invokeChannelRead(AbstractChannelHandlerContext.java:374) [netty-transport-4.1.39.Final.jar:4.1.39.Final]
	at io.netty.channel.AbstractChannelHandlerContext.invokeChannelRead(AbstractChannelHandlerContext.java:360) [netty-transport-4.1.39.Final.jar:4.1.39.Final]
	at io.netty.channel.AbstractChannelHandlerContext.fireChannelRead(AbstractChannelHandlerContext.java:352) [netty-transport-4.1.39.Final.jar:4.1.39.Final]
	at io.netty.handler.codec.MessageToMessageDecoder.channelRead(MessageToMessageDecoder.java:102) [netty-codec-4.1.39.Final.jar:4.1.39.Final]
	at io.netty.channel.AbstractChannelHandlerContext.invokeChannelRead(AbstractChannelHandlerContext.java:374) [netty-transport-4.1.39.Final.jar:4.1.39.Final]
	at io.netty.channel.AbstractChannelHandlerContext.invokeChannelRead(AbstractChannelHandlerContext.java:360) [netty-transport-4.1.39.Final.jar:4.1.39.Final]
	at io.netty.channel.AbstractChannelHandlerContext.fireChannelRead(AbstractChannelHandlerContext.java:352) [netty-transport-4.1.39.Final.jar:4.1.39.Final]
	at io.netty.channel.CombinedChannelDuplexHandler$DelegatingChannelHandlerContext.fireChannelRead(CombinedChannelDuplexHandler.java:438) [netty-transport-4.1.39.Final.jar:4.1.39.Final]
	at io.netty.handler.codec.ByteToMessageDecoder.fireChannelRead(ByteToMessageDecoder.java:328) [netty-codec-4.1.39.Final.jar:4.1.39.Final]
	at io.netty.handler.codec.ByteToMessageDecoder.fireChannelRead(ByteToMessageDecoder.java:315) [netty-codec-4.1.39.Final.jar:4.1.39.Final]
	at io.netty.handler.codec.ByteToMessageDecoder.callDecode(ByteToMessageDecoder.java:429) [netty-codec-4.1.39.Final.jar:4.1.39.Final]
	at io.netty.handler.codec.ByteToMessageDecoder.channelRead(ByteToMessageDecoder.java:283) [netty-codec-4.1.39.Final.jar:4.1.39.Final]
	at io.netty.channel.CombinedChannelDuplexHandler.channelRead(CombinedChannelDuplexHandler.java:253) [netty-transport-4.1.39.Final.jar:4.1.39.Final]
	at io.netty.channel.AbstractChannelHandlerContext.invokeChannelRead(AbstractChannelHandlerContext.java:374) [netty-transport-4.1.39.Final.jar:4.1.39.Final]
	at io.netty.channel.AbstractChannelHandlerContext.invokeChannelRead(AbstractChannelHandlerContext.java:360) [netty-transport-4.1.39.Final.jar:4.1.39.Final]
	at io.netty.channel.AbstractChannelHandlerContext.fireChannelRead(AbstractChannelHandlerContext.java:352) [netty-transport-4.1.39.Final.jar:4.1.39.Final]
	at io.netty.channel.DefaultChannelPipeline$HeadContext.channelRead(DefaultChannelPipeline.java:1421) [netty-transport-4.1.39.Final.jar:4.1.39.Final]
	at io.netty.channel.AbstractChannelHandlerContext.invokeChannelRead(AbstractChannelHandlerContext.java:374) [netty-transport-4.1.39.Final.jar:4.1.39.Final]
	at io.netty.channel.AbstractChannelHandlerContext.invokeChannelRead(AbstractChannelHandlerContext.java:360) [netty-transport-4.1.39.Final.jar:4.1.39.Final]
	at io.netty.channel.DefaultChannelPipeline.fireChannelRead(DefaultChannelPipeline.java:930) [netty-transport-4.1.39.Final.jar:4.1.39.Final]
	at io.netty.channel.nio.AbstractNioByteChannel$NioByteUnsafe.read(AbstractNioByteChannel.java:163) [netty-transport-4.1.39.Final.jar:4.1.39.Final]
	at io.netty.channel.nio.NioEventLoop.processSelectedKey(NioEventLoop.java:697) [netty-transport-4.1.39.Final.jar:4.1.39.Final]
	at io.netty.channel.nio.NioEventLoop.processSelectedKeysOptimized(NioEventLoop.java:632) [netty-transport-4.1.39.Final.jar:4.1.39.Final]
	at io.netty.channel.nio.NioEventLoop.processSelectedKeys(NioEventLoop.java:549) [netty-transport-4.1.39.Final.jar:4.1.39.Final]
	at io.netty.channel.nio.NioEventLoop.run(NioEventLoop.java:511) [netty-transport-4.1.39.Final.jar:4.1.39.Final]
	at io.netty.util.concurrent.SingleThreadEventExecutor$5.run(SingleThreadEventExecutor.java:918) [netty-common-4.1.39.Final.jar:4.1.39.Final]
	at io.netty.util.internal.ThreadExecutorMap$2.run(ThreadExecutorMap.java:74) [netty-common-4.1.39.Final.jar:4.1.39.Final]
	at java.lang.Thread.run(Thread.java:748) [?:1.8.0_271]
Caused by: java.lang.IllegalStateException: Only one connection receive subscriber allowed.
	... 97 more
09:57:21.102 [reactor-http-nio-2] WARN  io.netty.channel.AbstractChannelHandlerContext - An exception 'reactor.core.Exceptions$BubblingException: java.lang.IllegalStateException: Only one connection receive subscriber allowed.' [enable DEBUG level for full stacktrace] was thrown by a user handler's exceptionCaught() method while handling the following exception:
reactor.core.Exceptions$BubblingException: java.lang.IllegalStateException: Only one connection receive subscriber allowed.
	at reactor.core.Exceptions.bubble(Exceptions.java:154) ~[reactor-core-3.1.16.RELEASE.jar:3.1.16.RELEASE]
	at reactor.core.publisher.Operators.onErrorDropped(Operators.java:263) ~[reactor-core-3.1.16.RELEASE.jar:3.1.16.RELEASE]
	at reactor.core.publisher.FluxMap$MapSubscriber.onError(FluxMap.java:114) ~[reactor-core-3.1.16.RELEASE.jar:3.1.16.RELEASE]
	at reactor.core.publisher.FluxPeek$PeekSubscriber.onError(FluxPeek.java:207) ~[reactor-core-3.1.16.RELEASE.jar:3.1.16.RELEASE]
	at reactor.core.publisher.FluxMap$MapSubscriber.onError(FluxMap.java:120) ~[reactor-core-3.1.16.RELEASE.jar:3.1.16.RELEASE]
	at reactor.core.publisher.Operators.error(Operators.java:178) ~[reactor-core-3.1.16.RELEASE.jar:3.1.16.RELEASE]
	at reactor.ipc.netty.channel.FluxReceive.startReceiver(FluxReceive.java:279) ~[reactor-netty-0.7.15.RELEASE.jar:0.7.15.RELEASE]
	at reactor.ipc.netty.channel.FluxReceive.subscribe(FluxReceive.java:126) ~[reactor-netty-0.7.15.RELEASE.jar:0.7.15.RELEASE]
	at reactor.core.publisher.FluxMap.subscribe(FluxMap.java:62) ~[reactor-core-3.1.16.RELEASE.jar:3.1.16.RELEASE]
	at reactor.ipc.netty.ByteBufFlux.subscribe(ByteBufFlux.java:282) ~[reactor-netty-0.7.15.RELEASE.jar:0.7.15.RELEASE]
	at reactor.core.publisher.FluxPeek.subscribe(FluxPeek.java:83) ~[reactor-core-3.1.16.RELEASE.jar:3.1.16.RELEASE]
	at reactor.core.publisher.FluxMap.subscribe(FluxMap.java:62) ~[reactor-core-3.1.16.RELEASE.jar:3.1.16.RELEASE]
	at reactor.core.publisher.FluxMap.subscribe(FluxMap.java:62) ~[reactor-core-3.1.16.RELEASE.jar:3.1.16.RELEASE]
	at reactor.core.publisher.FluxOnErrorResume.subscribe(FluxOnErrorResume.java:47) ~[reactor-core-3.1.16.RELEASE.jar:3.1.16.RELEASE]
	at reactor.core.publisher.MonoIgnoreElements.subscribe(MonoIgnoreElements.java:37) ~[reactor-core-3.1.16.RELEASE.jar:3.1.16.RELEASE]
	at reactor.core.publisher.MonoOnErrorResume.subscribe(MonoOnErrorResume.java:44) ~[reactor-core-3.1.16.RELEASE.jar:3.1.16.RELEASE]
	at reactor.core.publisher.Mono.subscribe(Mono.java:3088) ~[reactor-core-3.1.16.RELEASE.jar:3.1.16.RELEASE]
	at reactor.core.publisher.MonoIgnoreThen$ThenIgnoreMain.drain(MonoIgnoreThen.java:172) ~[reactor-core-3.1.16.RELEASE.jar:3.1.16.RELEASE]
	at reactor.core.publisher.MonoIgnoreThen.subscribe(MonoIgnoreThen.java:56) ~[reactor-core-3.1.16.RELEASE.jar:3.1.16.RELEASE]
	at reactor.core.publisher.Mono.subscribe(Mono.java:3088) ~[reactor-core-3.1.16.RELEASE.jar:3.1.16.RELEASE]
	at reactor.core.publisher.FluxOnErrorResume$ResumeSubscriber.onError(FluxOnErrorResume.java:97) ~[reactor-core-3.1.16.RELEASE.jar:3.1.16.RELEASE]
	at reactor.core.publisher.MonoFlatMap$FlatMapMain.secondError(MonoFlatMap.java:185) ~[reactor-core-3.1.16.RELEASE.jar:3.1.16.RELEASE]
	at reactor.core.publisher.MonoFlatMap$FlatMapInner.onError(MonoFlatMap.java:251) ~[reactor-core-3.1.16.RELEASE.jar:3.1.16.RELEASE]
	at reactor.core.publisher.Operators$MonoSubscriber.onError(Operators.java:1126) ~[reactor-core-3.1.16.RELEASE.jar:3.1.16.RELEASE]
	at reactor.core.publisher.MonoIgnoreThen$ThenIgnoreInner.onError(MonoIgnoreThen.java:234) ~[reactor-core-3.1.16.RELEASE.jar:3.1.16.RELEASE]
	at reactor.core.publisher.FluxOnErrorResume$ResumeSubscriber.onError(FluxOnErrorResume.java:100) ~[reactor-core-3.1.16.RELEASE.jar:3.1.16.RELEASE]
	at reactor.core.publisher.Operators.error(Operators.java:178) ~[reactor-core-3.1.16.RELEASE.jar:3.1.16.RELEASE]
	at reactor.core.publisher.MonoError.subscribe(MonoError.java:53) ~[reactor-core-3.1.16.RELEASE.jar:3.1.16.RELEASE]
	at reactor.core.publisher.Mono.subscribe(Mono.java:3088) ~[reactor-core-3.1.16.RELEASE.jar:3.1.16.RELEASE]
	at reactor.core.publisher.FluxOnErrorResume$ResumeSubscriber.onError(FluxOnErrorResume.java:97) ~[reactor-core-3.1.16.RELEASE.jar:3.1.16.RELEASE]
	at reactor.core.publisher.MonoIgnoreElements$IgnoreElementsSubscriber.onError(MonoIgnoreElements.java:75) ~[reactor-core-3.1.16.RELEASE.jar:3.1.16.RELEASE]
	at reactor.core.publisher.FluxOnErrorResume$ResumeSubscriber.onError(FluxOnErrorResume.java:100) ~[reactor-core-3.1.16.RELEASE.jar:3.1.16.RELEASE]
	at reactor.core.publisher.Operators.error(Operators.java:178) ~[reactor-core-3.1.16.RELEASE.jar:3.1.16.RELEASE]
	at reactor.core.publisher.FluxError.subscribe(FluxError.java:45) ~[reactor-core-3.1.16.RELEASE.jar:3.1.16.RELEASE]
	at reactor.core.publisher.Flux.subscribe(Flux.java:6877) ~[reactor-core-3.1.16.RELEASE.jar:3.1.16.RELEASE]
	at reactor.core.publisher.FluxOnErrorResume$ResumeSubscriber.onError(FluxOnErrorResume.java:97) ~[reactor-core-3.1.16.RELEASE.jar:3.1.16.RELEASE]
	at reactor.core.publisher.FluxMap$MapSubscriber.onError(FluxMap.java:120) ~[reactor-core-3.1.16.RELEASE.jar:3.1.16.RELEASE]
	at reactor.core.publisher.FluxMap$MapSubscriber.onError(FluxMap.java:120) ~[reactor-core-3.1.16.RELEASE.jar:3.1.16.RELEASE]
	at reactor.core.publisher.Operators.error(Operators.java:178) ~[reactor-core-3.1.16.RELEASE.jar:3.1.16.RELEASE]
	at reactor.core.publisher.FluxPeek$PeekSubscriber.onSubscribe(FluxPeek.java:157) ~[reactor-core-3.1.16.RELEASE.jar:3.1.16.RELEASE]
	at reactor.core.publisher.FluxMap$MapSubscriber.onSubscribe(FluxMap.java:86) ~[reactor-core-3.1.16.RELEASE.jar:3.1.16.RELEASE]
	at reactor.ipc.netty.channel.FluxReceive.startReceiver(FluxReceive.java:276) ~[reactor-netty-0.7.15.RELEASE.jar:0.7.15.RELEASE]
	at reactor.ipc.netty.channel.FluxReceive.subscribe(FluxReceive.java:126) ~[reactor-netty-0.7.15.RELEASE.jar:0.7.15.RELEASE]
	at reactor.core.publisher.FluxMap.subscribe(FluxMap.java:62) ~[reactor-core-3.1.16.RELEASE.jar:3.1.16.RELEASE]
	at reactor.ipc.netty.ByteBufFlux.subscribe(ByteBufFlux.java:282) ~[reactor-netty-0.7.15.RELEASE.jar:0.7.15.RELEASE]
	at reactor.core.publisher.FluxPeek.subscribe(FluxPeek.java:83) ~[reactor-core-3.1.16.RELEASE.jar:3.1.16.RELEASE]
	at reactor.core.publisher.FluxMap.subscribe(FluxMap.java:62) ~[reactor-core-3.1.16.RELEASE.jar:3.1.16.RELEASE]
	at reactor.core.publisher.FluxMap.subscribe(FluxMap.java:62) ~[reactor-core-3.1.16.RELEASE.jar:3.1.16.RELEASE]
	at reactor.core.publisher.FluxOnErrorResume.subscribe(FluxOnErrorResume.java:47) ~[reactor-core-3.1.16.RELEASE.jar:3.1.16.RELEASE]
	at reactor.core.publisher.MonoIgnoreElements.subscribe(MonoIgnoreElements.java:37) ~[reactor-core-3.1.16.RELEASE.jar:3.1.16.RELEASE]
	at reactor.core.publisher.MonoOnErrorResume.subscribe(MonoOnErrorResume.java:44) ~[reactor-core-3.1.16.RELEASE.jar:3.1.16.RELEASE]
	at reactor.core.publisher.Mono.subscribe(Mono.java:3088) ~[reactor-core-3.1.16.RELEASE.jar:3.1.16.RELEASE]
	at reactor.core.publisher.MonoIgnoreThen$ThenIgnoreMain.drain(MonoIgnoreThen.java:172) ~[reactor-core-3.1.16.RELEASE.jar:3.1.16.RELEASE]
	at reactor.core.publisher.MonoIgnoreThen.subscribe(MonoIgnoreThen.java:56) ~[reactor-core-3.1.16.RELEASE.jar:3.1.16.RELEASE]
	at reactor.core.publisher.MonoFlatMap$FlatMapMain.onNext(MonoFlatMap.java:150) ~[reactor-core-3.1.16.RELEASE.jar:3.1.16.RELEASE]
	at reactor.core.publisher.Operators$MonoSubscriber.complete(Operators.java:1083) ~[reactor-core-3.1.16.RELEASE.jar:3.1.16.RELEASE]
	at reactor.core.publisher.MonoIgnoreThen$ThenIgnoreMain.drain(MonoIgnoreThen.java:147) ~[reactor-core-3.1.16.RELEASE.jar:3.1.16.RELEASE]
	at reactor.core.publisher.MonoIgnoreThen$ThenIgnoreMain.ignoreDone(MonoIgnoreThen.java:190) ~[reactor-core-3.1.16.RELEASE.jar:3.1.16.RELEASE]
	at reactor.core.publisher.MonoIgnoreThen$ThenIgnoreInner.onComplete(MonoIgnoreThen.java:239) ~[reactor-core-3.1.16.RELEASE.jar:3.1.16.RELEASE]
	at reactor.core.publisher.MonoIgnoreElements$IgnoreElementsSubscriber.onComplete(MonoIgnoreElements.java:80) ~[reactor-core-3.1.16.RELEASE.jar:3.1.16.RELEASE]
	at reactor.core.publisher.Operators$MultiSubscriptionSubscriber.onComplete(Operators.java:1318) ~[reactor-core-3.1.16.RELEASE.jar:3.1.16.RELEASE]
	at reactor.core.publisher.Operators.complete(Operators.java:128) ~[reactor-core-3.1.16.RELEASE.jar:3.1.16.RELEASE]
	at reactor.core.publisher.MonoEmpty.subscribe(MonoEmpty.java:45) ~[reactor-core-3.1.16.RELEASE.jar:3.1.16.RELEASE]
	at reactor.core.publisher.Mono.subscribe(Mono.java:3088) ~[reactor-core-3.1.16.RELEASE.jar:3.1.16.RELEASE]
	at reactor.core.publisher.FluxOnErrorResume$ResumeSubscriber.onError(FluxOnErrorResume.java:97) ~[reactor-core-3.1.16.RELEASE.jar:3.1.16.RELEASE]
	at reactor.core.publisher.FluxMap$MapSubscriber.onError(FluxMap.java:120) ~[reactor-core-3.1.16.RELEASE.jar:3.1.16.RELEASE]
	at reactor.core.publisher.FluxMap$MapSubscriber.onNext(FluxMap.java:104) ~[reactor-core-3.1.16.RELEASE.jar:3.1.16.RELEASE]
	at reactor.core.publisher.FluxMap$MapSubscriber.onNext(FluxMap.java:108) ~[reactor-core-3.1.16.RELEASE.jar:3.1.16.RELEASE]
	at reactor.core.publisher.FluxPeek$PeekSubscriber.onNext(FluxPeek.java:185) ~[reactor-core-3.1.16.RELEASE.jar:3.1.16.RELEASE]
	at reactor.core.publisher.FluxMap$MapSubscriber.onNext(FluxMap.java:108) ~[reactor-core-3.1.16.RELEASE.jar:3.1.16.RELEASE]
	at reactor.ipc.netty.channel.FluxReceive.drainReceiver(FluxReceive.java:213) ~[reactor-netty-0.7.15.RELEASE.jar:0.7.15.RELEASE]
	at reactor.ipc.netty.channel.FluxReceive.onInboundNext(FluxReceive.java:329) ~[reactor-netty-0.7.15.RELEASE.jar:0.7.15.RELEASE]
	at reactor.ipc.netty.channel.ChannelOperations.onInboundNext(ChannelOperations.java:311) ~[reactor-netty-0.7.15.RELEASE.jar:0.7.15.RELEASE]
	at reactor.ipc.netty.http.client.HttpClientOperations.onInboundNext(HttpClientOperations.java:652) ~[reactor-netty-0.7.15.RELEASE.jar:0.7.15.RELEASE]
	at reactor.ipc.netty.channel.ChannelOperationsHandler.channelRead(ChannelOperationsHandler.java:138) ~[reactor-netty-0.7.15.RELEASE.jar:0.7.15.RELEASE]
	at io.netty.channel.AbstractChannelHandlerContext.invokeChannelRead(AbstractChannelHandlerContext.java:374) [netty-transport-4.1.39.Final.jar:4.1.39.Final]
	at io.netty.channel.AbstractChannelHandlerContext.invokeChannelRead(AbstractChannelHandlerContext.java:360) [netty-transport-4.1.39.Final.jar:4.1.39.Final]
	at io.netty.channel.AbstractChannelHandlerContext.fireChannelRead(AbstractChannelHandlerContext.java:352) [netty-transport-4.1.39.Final.jar:4.1.39.Final]
	at io.netty.handler.codec.MessageToMessageDecoder.channelRead(MessageToMessageDecoder.java:102) [netty-codec-4.1.39.Final.jar:4.1.39.Final]
	at io.netty.channel.AbstractChannelHandlerContext.invokeChannelRead(AbstractChannelHandlerContext.java:374) [netty-transport-4.1.39.Final.jar:4.1.39.Final]
	at io.netty.channel.AbstractChannelHandlerContext.invokeChannelRead(AbstractChannelHandlerContext.java:360) [netty-transport-4.1.39.Final.jar:4.1.39.Final]
	at io.netty.channel.AbstractChannelHandlerContext.fireChannelRead(AbstractChannelHandlerContext.java:352) [netty-transport-4.1.39.Final.jar:4.1.39.Final]
	at io.netty.channel.CombinedChannelDuplexHandler$DelegatingChannelHandlerContext.fireChannelRead(CombinedChannelDuplexHandler.java:438) [netty-transport-4.1.39.Final.jar:4.1.39.Final]
	at io.netty.handler.codec.ByteToMessageDecoder.fireChannelRead(ByteToMessageDecoder.java:328) [netty-codec-4.1.39.Final.jar:4.1.39.Final]
	at io.netty.handler.codec.ByteToMessageDecoder.fireChannelRead(ByteToMessageDecoder.java:315) [netty-codec-4.1.39.Final.jar:4.1.39.Final]
	at io.netty.handler.codec.ByteToMessageDecoder.callDecode(ByteToMessageDecoder.java:429) [netty-codec-4.1.39.Final.jar:4.1.39.Final]
	at io.netty.handler.codec.ByteToMessageDecoder.channelRead(ByteToMessageDecoder.java:283) [netty-codec-4.1.39.Final.jar:4.1.39.Final]
	at io.netty.channel.CombinedChannelDuplexHandler.channelRead(CombinedChannelDuplexHandler.java:253) [netty-transport-4.1.39.Final.jar:4.1.39.Final]
	at io.netty.channel.AbstractChannelHandlerContext.invokeChannelRead(AbstractChannelHandlerContext.java:374) [netty-transport-4.1.39.Final.jar:4.1.39.Final]
	at io.netty.channel.AbstractChannelHandlerContext.invokeChannelRead(AbstractChannelHandlerContext.java:360) [netty-transport-4.1.39.Final.jar:4.1.39.Final]
	at io.netty.channel.AbstractChannelHandlerContext.fireChannelRead(AbstractChannelHandlerContext.java:352) [netty-transport-4.1.39.Final.jar:4.1.39.Final]
	at io.netty.channel.DefaultChannelPipeline$HeadContext.channelRead(DefaultChannelPipeline.java:1421) [netty-transport-4.1.39.Final.jar:4.1.39.Final]
	at io.netty.channel.AbstractChannelHandlerContext.invokeChannelRead(AbstractChannelHandlerContext.java:374) [netty-transport-4.1.39.Final.jar:4.1.39.Final]
	at io.netty.channel.AbstractChannelHandlerContext.invokeChannelRead(AbstractChannelHandlerContext.java:360) [netty-transport-4.1.39.Final.jar:4.1.39.Final]
	at io.netty.channel.DefaultChannelPipeline.fireChannelRead(DefaultChannelPipeline.java:930) [netty-transport-4.1.39.Final.jar:4.1.39.Final]
	at io.netty.channel.nio.AbstractNioByteChannel$NioByteUnsafe.read(AbstractNioByteChannel.java:163) [netty-transport-4.1.39.Final.jar:4.1.39.Final]
	at io.netty.channel.nio.NioEventLoop.processSelectedKey(NioEventLoop.java:697) [netty-transport-4.1.39.Final.jar:4.1.39.Final]
	at io.netty.channel.nio.NioEventLoop.processSelectedKeysOptimized(NioEventLoop.java:632) [netty-transport-4.1.39.Final.jar:4.1.39.Final]
	at io.netty.channel.nio.NioEventLoop.processSelectedKeys(NioEventLoop.java:549) [netty-transport-4.1.39.Final.jar:4.1.39.Final]
	at io.netty.channel.nio.NioEventLoop.run(NioEventLoop.java:511) [netty-transport-4.1.39.Final.jar:4.1.39.Final]
	at io.netty.util.concurrent.SingleThreadEventExecutor$5.run(SingleThreadEventExecutor.java:918) [netty-common-4.1.39.Final.jar:4.1.39.Final]
	at io.netty.util.internal.ThreadExecutorMap$2.run(ThreadExecutorMap.java:74) [netty-common-4.1.39.Final.jar:4.1.39.Final]
	at java.lang.Thread.run(Thread.java:748) [?:1.8.0_271]
Caused by: java.lang.IllegalStateException: Only one connection receive subscriber allowed.
	... 97 more
]]></system-out>
  <system-err><![CDATA[四月 16, 2021 9:57:18 上午 okhttp3.mockwebserver.MockWebServer$2 execute
信息: MockWebServer[64374] starting to accept connections
四月 16, 2021 9:57:18 上午 okhttp3.mockwebserver.MockWebServer$3 processOneRequest
信息: MockWebServer[64374] received request: GET /json HTTP/1.1 and responded: HTTP/1.1 502 Server Error
四月 16, 2021 9:57:18 上午 okhttp3.mockwebserver.MockWebServer$2 execute
信息: MockWebServer[64376] starting to accept connections
四月 16, 2021 9:57:18 上午 okhttp3.mockwebserver.MockWebServer$3 processOneRequest
信息: MockWebServer[64376] received request: GET /json HTTP/1.1 and responded: HTTP/1.1 201 OK
四月 16, 2021 9:57:18 上午 okhttp3.mockwebserver.MockWebServer$2 execute
信息: MockWebServer[64378] starting to accept connections
四月 16, 2021 9:57:18 上午 okhttp3.mockwebserver.MockWebServer$3 processOneRequest
信息: MockWebServer[64378] received request: GET /json HTTP/1.1 and responded: HTTP/1.1 502 Server Error
四月 16, 2021 9:57:18 上午 okhttp3.mockwebserver.MockWebServer$2 execute
信息: MockWebServer[64380] starting to accept connections
四月 16, 2021 9:57:18 上午 okhttp3.mockwebserver.MockWebServer$3 processOneRequest
信息: MockWebServer[64380] received request: GET /json HTTP/1.1 and responded: HTTP/1.1 502 Server Error
四月 16, 2021 9:57:18 上午 okhttp3.mockwebserver.MockWebServer$2 execute
信息: MockWebServer[64382] starting to accept connections
四月 16, 2021 9:57:18 上午 okhttp3.mockwebserver.MockWebServer$3 processOneRequest
信息: MockWebServer[64382] received request: GET /json HTTP/1.1 and responded: HTTP/1.1 502 Server Error
四月 16, 2021 9:57:18 上午 okhttp3.mockwebserver.MockWebServer$2 execute
信息: MockWebServer[64384] starting to accept connections
四月 16, 2021 9:57:18 上午 okhttp3.mockwebserver.MockWebServer$3 processOneRequest
信息: MockWebServer[64384] received request: GET /json HTTP/1.1 and responded: HTTP/1.1 502 Server Error
四月 16, 2021 9:57:18 上午 okhttp3.mockwebserver.MockWebServer$2 execute
信息: MockWebServer[64386] starting to accept connections
四月 16, 2021 9:57:18 上午 okhttp3.mockwebserver.MockWebServer$3 processOneRequest
信息: MockWebServer[64386] received request: GET /json HTTP/1.1 and responded: HTTP/1.1 201 OK
四月 16, 2021 9:57:19 上午 okhttp3.mockwebserver.MockWebServer$2 execute
信息: MockWebServer[64388] starting to accept connections
四月 16, 2021 9:57:19 上午 okhttp3.mockwebserver.MockWebServer$3 processOneRequest
信息: MockWebServer[64388] received request: GET /json HTTP/1.1 and responded: HTTP/1.1 502 Server Error
四月 16, 2021 9:57:19 上午 okhttp3.mockwebserver.MockWebServer$2 execute
信息: MockWebServer[64390] starting to accept connections
四月 16, 2021 9:57:19 上午 okhttp3.mockwebserver.MockWebServer$3 processOneRequest
信息: MockWebServer[64390] received request: GET /json HTTP/1.1 and responded: HTTP/1.1 502 Server Error
四月 16, 2021 9:57:19 上午 okhttp3.mockwebserver.MockWebServer$2 execute
信息: MockWebServer[64392] starting to accept connections
四月 16, 2021 9:57:19 上午 okhttp3.mockwebserver.MockWebServer$3 processOneRequest
信息: MockWebServer[64392] received request: GET /json HTTP/1.1 and responded: HTTP/1.1 502 Server Error
四月 16, 2021 9:57:19 上午 okhttp3.mockwebserver.MockWebServer$2 execute
信息: MockWebServer[64394] starting to accept connections
四月 16, 2021 9:57:19 上午 okhttp3.mockwebserver.MockWebServer$3 processOneRequest
信息: MockWebServer[64394] received request: GET /json HTTP/1.1 and responded: HTTP/1.1 502 Server Error
四月 16, 2021 9:57:19 上午 okhttp3.mockwebserver.MockWebServer$2 execute
信息: MockWebServer[64396] starting to accept connections
四月 16, 2021 9:57:19 上午 okhttp3.mockwebserver.MockWebServer$3 processOneRequest
信息: MockWebServer[64396] received request: GET /json HTTP/1.1 and responded: HTTP/1.1 201 OK
四月 16, 2021 9:57:19 上午 okhttp3.mockwebserver.MockWebServer$2 execute
信息: MockWebServer[64398] starting to accept connections
四月 16, 2021 9:57:19 上午 okhttp3.mockwebserver.MockWebServer$3 processOneRequest
信息: MockWebServer[64398] received request: GET /json HTTP/1.1 and responded: HTTP/1.1 502 Server Error
四月 16, 2021 9:57:19 上午 okhttp3.mockwebserver.MockWebServer$2 execute
信息: MockWebServer[64400] starting to accept connections
四月 16, 2021 9:57:19 上午 okhttp3.mockwebserver.MockWebServer$3 processOneRequest
信息: MockWebServer[64400] received request: GET /json HTTP/1.1 and responded: HTTP/1.1 502 Server Error
四月 16, 2021 9:57:19 上午 okhttp3.mockwebserver.MockWebServer$2 execute
信息: MockWebServer[64402] starting to accept connections
四月 16, 2021 9:57:19 上午 okhttp3.mockwebserver.MockWebServer$3 processOneRequest
信息: MockWebServer[64402] received request: GET /json HTTP/1.1 and responded: HTTP/1.1 502 Server Error
四月 16, 2021 9:57:19 上午 okhttp3.mockwebserver.MockWebServer$2 execute
信息: MockWebServer[64404] starting to accept connections
四月 16, 2021 9:57:19 上午 okhttp3.mockwebserver.MockWebServer$3 processOneRequest
信息: MockWebServer[64404] received request: GET /json HTTP/1.1 and responded: HTTP/1.1 502 Server Error
四月 16, 2021 9:57:19 上午 okhttp3.mockwebserver.MockWebServer$2 execute
信息: MockWebServer[64407] starting to accept connections
四月 16, 2021 9:57:19 上午 okhttp3.mockwebserver.MockWebServer$3 processOneRequest
信息: MockWebServer[64407] received request: GET /json HTTP/1.1 and responded: HTTP/1.1 201 OK
四月 16, 2021 9:57:19 上午 okhttp3.mockwebserver.MockWebServer$2 execute
信息: MockWebServer[64410] starting to accept connections
四月 16, 2021 9:57:19 上午 okhttp3.mockwebserver.MockWebServer$3 processOneRequest
信息: MockWebServer[64410] received request: GET /json HTTP/1.1 and responded: HTTP/1.1 502 Server Error
四月 16, 2021 9:57:19 上午 okhttp3.mockwebserver.MockWebServer$2 execute
信息: MockWebServer[64412] starting to accept connections
四月 16, 2021 9:57:19 上午 okhttp3.mockwebserver.MockWebServer$3 processOneRequest
信息: MockWebServer[64412] received request: GET /json HTTP/1.1 and responded: HTTP/1.1 502 Server Error
四月 16, 2021 9:57:19 上午 okhttp3.mockwebserver.MockWebServer$2 execute
信息: MockWebServer[64414] starting to accept connections
四月 16, 2021 9:57:20 上午 okhttp3.mockwebserver.MockWebServer$3 processOneRequest
信息: MockWebServer[64414] received request: GET /json HTTP/1.1 and responded: HTTP/1.1 502 Server Error
四月 16, 2021 9:57:20 上午 okhttp3.mockwebserver.MockWebServer$2 execute
信息: MockWebServer[64417] starting to accept connections
四月 16, 2021 9:57:20 上午 okhttp3.mockwebserver.MockWebServer$3 processOneRequest
信息: MockWebServer[64417] received request: GET /json HTTP/1.1 and responded: HTTP/1.1 502 Server Error
四月 16, 2021 9:57:20 上午 okhttp3.mockwebserver.MockWebServer$2 execute
信息: MockWebServer[64420] starting to accept connections
四月 16, 2021 9:57:20 上午 okhttp3.mockwebserver.MockWebServer$3 processOneRequest
信息: MockWebServer[64420] received request: GET /json HTTP/1.1 and responded: HTTP/1.1 201 OK
四月 16, 2021 9:57:20 上午 okhttp3.mockwebserver.MockWebServer$2 execute
信息: MockWebServer[64423] starting to accept connections
四月 16, 2021 9:57:20 上午 okhttp3.mockwebserver.MockWebServer$3 processOneRequest
信息: MockWebServer[64423] received request: GET /json HTTP/1.1 and responded: HTTP/1.1 502 Server Error
四月 16, 2021 9:57:20 上午 okhttp3.mockwebserver.MockWebServer$2 execute
信息: MockWebServer[64426] starting to accept connections
四月 16, 2021 9:57:20 上午 okhttp3.mockwebserver.MockWebServer$3 processOneRequest
信息: MockWebServer[64426] received request: GET /json HTTP/1.1 and responded: HTTP/1.1 502 Server Error
四月 16, 2021 9:57:20 上午 okhttp3.mockwebserver.MockWebServer$2 execute
信息: MockWebServer[64429] starting to accept connections
四月 16, 2021 9:57:20 上午 okhttp3.mockwebserver.MockWebServer$3 processOneRequest
信息: MockWebServer[64429] received request: GET /json HTTP/1.1 and responded: HTTP/1.1 502 Server Error
四月 16, 2021 9:57:20 上午 okhttp3.mockwebserver.MockWebServer$2 execute
信息: MockWebServer[64432] starting to accept connections
四月 16, 2021 9:57:20 上午 okhttp3.mockwebserver.MockWebServer$3 processOneRequest
信息: MockWebServer[64432] received request: GET /json HTTP/1.1 and responded: HTTP/1.1 502 Server Error
四月 16, 2021 9:57:20 上午 okhttp3.mockwebserver.MockWebServer$2 execute
信息: MockWebServer[64434] starting to accept connections
四月 16, 2021 9:57:20 上午 okhttp3.mockwebserver.MockWebServer$3 processOneRequest
信息: MockWebServer[64434] received request: GET /json HTTP/1.1 and responded: HTTP/1.1 201 OK
四月 16, 2021 9:57:20 上午 okhttp3.mockwebserver.MockWebServer$2 execute
信息: MockWebServer[64436] starting to accept connections
四月 16, 2021 9:57:20 上午 okhttp3.mockwebserver.MockWebServer$3 processOneRequest
信息: MockWebServer[64436] received request: GET /json HTTP/1.1 and responded: HTTP/1.1 502 Server Error
四月 16, 2021 9:57:21 上午 okhttp3.mockwebserver.MockWebServer$2 execute
信息: MockWebServer[64438] starting to accept connections
四月 16, 2021 9:57:21 上午 okhttp3.mockwebserver.MockWebServer$3 processOneRequest
信息: MockWebServer[64438] received request: GET /json HTTP/1.1 and responded: HTTP/1.1 502 Server Error
四月 16, 2021 9:57:21 上午 okhttp3.mockwebserver.MockWebServer$2 execute
信息: MockWebServer[64440] starting to accept connections
]]></system-err>
</testsuite>
