<?xml version="1.0" encoding="UTF-8"?>
<testsuite name="org.springframework.web.reactive.function.server.DefaultServerRequestTests" tests="20" skipped="0" failures="0" errors="0" timestamp="2021-04-16T01:57:26" hostname="DESKTOP-3R4DVF7" time="0.069">
  <properties/>
  <testcase name="bodyUnacceptable" classname="org.springframework.web.reactive.function.server.DefaultServerRequestTests" time="0.002"/>
  <testcase name="bodyToFluxParameterizedTypeReference" classname="org.springframework.web.reactive.function.server.DefaultServerRequestTests" time="0.001"/>
  <testcase name="absentQueryParam" classname="org.springframework.web.reactive.function.server.DefaultServerRequestTests" time="0.0"/>
  <testcase name="multipartData" classname="org.springframework.web.reactive.function.server.DefaultServerRequestTests" time="0.029"/>
  <testcase name="queryParams" classname="org.springframework.web.reactive.function.server.DefaultServerRequestTests" time="0.0"/>
  <testcase name="header" classname="org.springframework.web.reactive.function.server.DefaultServerRequestTests" time="0.001"/>
  <testcase name="uriBuilder" classname="org.springframework.web.reactive.function.server.DefaultServerRequestTests" time="0.004"/>
  <testcase name="method" classname="org.springframework.web.reactive.function.server.DefaultServerRequestTests" time="0.0"/>
  <testcase name="bodyToFlux" classname="org.springframework.web.reactive.function.server.DefaultServerRequestTests" time="0.001"/>
  <testcase name="bodyToMono" classname="org.springframework.web.reactive.function.server.DefaultServerRequestTests" time="0.001"/>
  <testcase name="uri" classname="org.springframework.web.reactive.function.server.DefaultServerRequestTests" time="0.0"/>
  <testcase name="body" classname="org.springframework.web.reactive.function.server.DefaultServerRequestTests" time="0.0"/>
  <testcase name="attribute" classname="org.springframework.web.reactive.function.server.DefaultServerRequestTests" time="0.0"/>
  <testcase name="formData" classname="org.springframework.web.reactive.function.server.DefaultServerRequestTests" time="0.026"/>
  <testcase name="pathVariableNotFound" classname="org.springframework.web.reactive.function.server.DefaultServerRequestTests" time="0.0"/>
  <testcase name="cookies" classname="org.springframework.web.reactive.function.server.DefaultServerRequestTests" time="0.001"/>
  <testcase name="emptyQueryParam" classname="org.springframework.web.reactive.function.server.DefaultServerRequestTests" time="0.0"/>
  <testcase name="pathVariables" classname="org.springframework.web.reactive.function.server.DefaultServerRequestTests" time="0.0"/>
  <testcase name="pathVariable" classname="org.springframework.web.reactive.function.server.DefaultServerRequestTests" time="0.0"/>
  <testcase name="bodyToMonoParameterizedTypeReference" classname="org.springframework.web.reactive.function.server.DefaultServerRequestTests" time="0.0"/>
  <system-out><![CDATA[]]></system-out>
  <system-err><![CDATA[]]></system-err>
</testsuite>
