<?xml version="1.0" encoding="UTF-8"?>
<testsuite name="org.springframework.web.reactive.result.method.annotation.CrossOriginAnnotationIntegrationTests" tests="48" skipped="0" failures="0" errors="0" timestamp="2021-04-16T01:57:59" hostname="DESKTOP-3R4DVF7" time="22.234">
  <properties/>
  <testcase name="customOriginDefinedViaPlaceholder[server [org.springframework.http.server.reactive.bootstrap.JettyHttpServer@26d9fb91]]" classname="org.springframework.web.reactive.result.method.annotation.CrossOriginAnnotationIntegrationTests" time="0.715"/>
  <testcase name="actualGetRequestWithoutAnnotation[server [org.springframework.http.server.reactive.bootstrap.JettyHttpServer@26d9fb91]]" classname="org.springframework.web.reactive.result.method.annotation.CrossOriginAnnotationIntegrationTests" time="0.203"/>
  <testcase name="customOriginDefinedViaValueAttribute[server [org.springframework.http.server.reactive.bootstrap.JettyHttpServer@26d9fb91]]" classname="org.springframework.web.reactive.result.method.annotation.CrossOriginAnnotationIntegrationTests" time="0.197"/>
  <testcase name="classLevel[server [org.springframework.http.server.reactive.bootstrap.JettyHttpServer@26d9fb91]]" classname="org.springframework.web.reactive.result.method.annotation.CrossOriginAnnotationIntegrationTests" time="0.205"/>
  <testcase name="actualRequestWithDefaultAnnotationAndNoOrigin[server [org.springframework.http.server.reactive.bootstrap.JettyHttpServer@26d9fb91]]" classname="org.springframework.web.reactive.result.method.annotation.CrossOriginAnnotationIntegrationTests" time="0.207"/>
  <testcase name="actualRequestWithCustomizedAnnotation[server [org.springframework.http.server.reactive.bootstrap.JettyHttpServer@26d9fb91]]" classname="org.springframework.web.reactive.result.method.annotation.CrossOriginAnnotationIntegrationTests" time="0.206"/>
  <testcase name="ambiguousHeaderPreflightRequest[server [org.springframework.http.server.reactive.bootstrap.JettyHttpServer@26d9fb91]]" classname="org.springframework.web.reactive.result.method.annotation.CrossOriginAnnotationIntegrationTests" time="0.22"/>
  <testcase name="ambiguousProducesPreflightRequest[server [org.springframework.http.server.reactive.bootstrap.JettyHttpServer@26d9fb91]]" classname="org.springframework.web.reactive.result.method.annotation.CrossOriginAnnotationIntegrationTests" time="0.204"/>
  <testcase name="preflightRequestWithDefaultAnnotation[server [org.springframework.http.server.reactive.bootstrap.JettyHttpServer@26d9fb91]]" classname="org.springframework.web.reactive.result.method.annotation.CrossOriginAnnotationIntegrationTests" time="0.226"/>
  <testcase name="preflightRequestWithCustomizedAnnotation[server [org.springframework.http.server.reactive.bootstrap.JettyHttpServer@26d9fb91]]" classname="org.springframework.web.reactive.result.method.annotation.CrossOriginAnnotationIntegrationTests" time="0.214"/>
  <testcase name="actualRequestWithDefaultAnnotation[server [org.springframework.http.server.reactive.bootstrap.JettyHttpServer@26d9fb91]]" classname="org.springframework.web.reactive.result.method.annotation.CrossOriginAnnotationIntegrationTests" time="0.186"/>
  <testcase name="actualPostRequestWithoutAnnotation[server [org.springframework.http.server.reactive.bootstrap.JettyHttpServer@26d9fb91]]" classname="org.springframework.web.reactive.result.method.annotation.CrossOriginAnnotationIntegrationTests" time="0.198"/>
  <testcase name="customOriginDefinedViaPlaceholder[server [org.springframework.http.server.reactive.bootstrap.ReactorHttpServer@49fcf10b]]" classname="org.springframework.web.reactive.result.method.annotation.CrossOriginAnnotationIntegrationTests" time="0.194"/>
  <testcase name="actualGetRequestWithoutAnnotation[server [org.springframework.http.server.reactive.bootstrap.ReactorHttpServer@49fcf10b]]" classname="org.springframework.web.reactive.result.method.annotation.CrossOriginAnnotationIntegrationTests" time="0.178"/>
  <testcase name="customOriginDefinedViaValueAttribute[server [org.springframework.http.server.reactive.bootstrap.ReactorHttpServer@49fcf10b]]" classname="org.springframework.web.reactive.result.method.annotation.CrossOriginAnnotationIntegrationTests" time="0.18"/>
  <testcase name="classLevel[server [org.springframework.http.server.reactive.bootstrap.ReactorHttpServer@49fcf10b]]" classname="org.springframework.web.reactive.result.method.annotation.CrossOriginAnnotationIntegrationTests" time="0.186"/>
  <testcase name="actualRequestWithDefaultAnnotationAndNoOrigin[server [org.springframework.http.server.reactive.bootstrap.ReactorHttpServer@49fcf10b]]" classname="org.springframework.web.reactive.result.method.annotation.CrossOriginAnnotationIntegrationTests" time="0.18"/>
  <testcase name="actualRequestWithCustomizedAnnotation[server [org.springframework.http.server.reactive.bootstrap.ReactorHttpServer@49fcf10b]]" classname="org.springframework.web.reactive.result.method.annotation.CrossOriginAnnotationIntegrationTests" time="0.178"/>
  <testcase name="ambiguousHeaderPreflightRequest[server [org.springframework.http.server.reactive.bootstrap.ReactorHttpServer@49fcf10b]]" classname="org.springframework.web.reactive.result.method.annotation.CrossOriginAnnotationIntegrationTests" time="0.176"/>
  <testcase name="ambiguousProducesPreflightRequest[server [org.springframework.http.server.reactive.bootstrap.ReactorHttpServer@49fcf10b]]" classname="org.springframework.web.reactive.result.method.annotation.CrossOriginAnnotationIntegrationTests" time="0.195"/>
  <testcase name="preflightRequestWithDefaultAnnotation[server [org.springframework.http.server.reactive.bootstrap.ReactorHttpServer@49fcf10b]]" classname="org.springframework.web.reactive.result.method.annotation.CrossOriginAnnotationIntegrationTests" time="0.181"/>
  <testcase name="preflightRequestWithCustomizedAnnotation[server [org.springframework.http.server.reactive.bootstrap.ReactorHttpServer@49fcf10b]]" classname="org.springframework.web.reactive.result.method.annotation.CrossOriginAnnotationIntegrationTests" time="0.188"/>
  <testcase name="actualRequestWithDefaultAnnotation[server [org.springframework.http.server.reactive.bootstrap.ReactorHttpServer@49fcf10b]]" classname="org.springframework.web.reactive.result.method.annotation.CrossOriginAnnotationIntegrationTests" time="0.174"/>
  <testcase name="actualPostRequestWithoutAnnotation[server [org.springframework.http.server.reactive.bootstrap.ReactorHttpServer@49fcf10b]]" classname="org.springframework.web.reactive.result.method.annotation.CrossOriginAnnotationIntegrationTests" time="0.175"/>
  <testcase name="customOriginDefinedViaPlaceholder[server [org.springframework.http.server.reactive.bootstrap.TomcatHttpServer@16ca5dce]]" classname="org.springframework.web.reactive.result.method.annotation.CrossOriginAnnotationIntegrationTests" time="0.736"/>
  <testcase name="actualGetRequestWithoutAnnotation[server [org.springframework.http.server.reactive.bootstrap.TomcatHttpServer@16ca5dce]]" classname="org.springframework.web.reactive.result.method.annotation.CrossOriginAnnotationIntegrationTests" time="1.087"/>
  <testcase name="customOriginDefinedViaValueAttribute[server [org.springframework.http.server.reactive.bootstrap.TomcatHttpServer@16ca5dce]]" classname="org.springframework.web.reactive.result.method.annotation.CrossOriginAnnotationIntegrationTests" time="1.076"/>
  <testcase name="classLevel[server [org.springframework.http.server.reactive.bootstrap.TomcatHttpServer@16ca5dce]]" classname="org.springframework.web.reactive.result.method.annotation.CrossOriginAnnotationIntegrationTests" time="1.074"/>
  <testcase name="actualRequestWithDefaultAnnotationAndNoOrigin[server [org.springframework.http.server.reactive.bootstrap.TomcatHttpServer@16ca5dce]]" classname="org.springframework.web.reactive.result.method.annotation.CrossOriginAnnotationIntegrationTests" time="1.06"/>
  <testcase name="actualRequestWithCustomizedAnnotation[server [org.springframework.http.server.reactive.bootstrap.TomcatHttpServer@16ca5dce]]" classname="org.springframework.web.reactive.result.method.annotation.CrossOriginAnnotationIntegrationTests" time="1.067"/>
  <testcase name="ambiguousHeaderPreflightRequest[server [org.springframework.http.server.reactive.bootstrap.TomcatHttpServer@16ca5dce]]" classname="org.springframework.web.reactive.result.method.annotation.CrossOriginAnnotationIntegrationTests" time="1.084"/>
  <testcase name="ambiguousProducesPreflightRequest[server [org.springframework.http.server.reactive.bootstrap.TomcatHttpServer@16ca5dce]]" classname="org.springframework.web.reactive.result.method.annotation.CrossOriginAnnotationIntegrationTests" time="1.079"/>
  <testcase name="preflightRequestWithDefaultAnnotation[server [org.springframework.http.server.reactive.bootstrap.TomcatHttpServer@16ca5dce]]" classname="org.springframework.web.reactive.result.method.annotation.CrossOriginAnnotationIntegrationTests" time="1.084"/>
  <testcase name="preflightRequestWithCustomizedAnnotation[server [org.springframework.http.server.reactive.bootstrap.TomcatHttpServer@16ca5dce]]" classname="org.springframework.web.reactive.result.method.annotation.CrossOriginAnnotationIntegrationTests" time="1.208"/>
  <testcase name="actualRequestWithDefaultAnnotation[server [org.springframework.http.server.reactive.bootstrap.TomcatHttpServer@16ca5dce]]" classname="org.springframework.web.reactive.result.method.annotation.CrossOriginAnnotationIntegrationTests" time="1.229"/>
  <testcase name="actualPostRequestWithoutAnnotation[server [org.springframework.http.server.reactive.bootstrap.TomcatHttpServer@16ca5dce]]" classname="org.springframework.web.reactive.result.method.annotation.CrossOriginAnnotationIntegrationTests" time="1.107"/>
  <testcase name="customOriginDefinedViaPlaceholder[server [org.springframework.http.server.reactive.bootstrap.UndertowHttpServer@7db82527]]" classname="org.springframework.web.reactive.result.method.annotation.CrossOriginAnnotationIntegrationTests" time="0.556"/>
  <testcase name="actualGetRequestWithoutAnnotation[server [org.springframework.http.server.reactive.bootstrap.UndertowHttpServer@7db82527]]" classname="org.springframework.web.reactive.result.method.annotation.CrossOriginAnnotationIntegrationTests" time="0.187"/>
  <testcase name="customOriginDefinedViaValueAttribute[server [org.springframework.http.server.reactive.bootstrap.UndertowHttpServer@7db82527]]" classname="org.springframework.web.reactive.result.method.annotation.CrossOriginAnnotationIntegrationTests" time="0.189"/>
  <testcase name="classLevel[server [org.springframework.http.server.reactive.bootstrap.UndertowHttpServer@7db82527]]" classname="org.springframework.web.reactive.result.method.annotation.CrossOriginAnnotationIntegrationTests" time="0.193"/>
  <testcase name="actualRequestWithDefaultAnnotationAndNoOrigin[server [org.springframework.http.server.reactive.bootstrap.UndertowHttpServer@7db82527]]" classname="org.springframework.web.reactive.result.method.annotation.CrossOriginAnnotationIntegrationTests" time="0.185"/>
  <testcase name="actualRequestWithCustomizedAnnotation[server [org.springframework.http.server.reactive.bootstrap.UndertowHttpServer@7db82527]]" classname="org.springframework.web.reactive.result.method.annotation.CrossOriginAnnotationIntegrationTests" time="0.183"/>
  <testcase name="ambiguousHeaderPreflightRequest[server [org.springframework.http.server.reactive.bootstrap.UndertowHttpServer@7db82527]]" classname="org.springframework.web.reactive.result.method.annotation.CrossOriginAnnotationIntegrationTests" time="0.188"/>
  <testcase name="ambiguousProducesPreflightRequest[server [org.springframework.http.server.reactive.bootstrap.UndertowHttpServer@7db82527]]" classname="org.springframework.web.reactive.result.method.annotation.CrossOriginAnnotationIntegrationTests" time="0.181"/>
  <testcase name="preflightRequestWithDefaultAnnotation[server [org.springframework.http.server.reactive.bootstrap.UndertowHttpServer@7db82527]]" classname="org.springframework.web.reactive.result.method.annotation.CrossOriginAnnotationIntegrationTests" time="0.196"/>
  <testcase name="preflightRequestWithCustomizedAnnotation[server [org.springframework.http.server.reactive.bootstrap.UndertowHttpServer@7db82527]]" classname="org.springframework.web.reactive.result.method.annotation.CrossOriginAnnotationIntegrationTests" time="0.189"/>
  <testcase name="actualRequestWithDefaultAnnotation[server [org.springframework.http.server.reactive.bootstrap.UndertowHttpServer@7db82527]]" classname="org.springframework.web.reactive.result.method.annotation.CrossOriginAnnotationIntegrationTests" time="0.188"/>
  <testcase name="actualPostRequestWithoutAnnotation[server [org.springframework.http.server.reactive.bootstrap.UndertowHttpServer@7db82527]]" classname="org.springframework.web.reactive.result.method.annotation.CrossOriginAnnotationIntegrationTests" time="0.191"/>
  <system-out><![CDATA[09:58:00.085 [Test worker] INFO  org.springframework.context.annotation.AnnotationConfigApplicationContext - Refreshing org.springframework.context.annotation.AnnotationConfigApplicationContext@ed2f61e: startup date [Fri Apr 16 09:58:00 CST 2021]; root of context hierarchy
09:58:00.164 [Test worker] INFO  org.springframework.beans.factory.annotation.AutowiredAnnotationBeanPostProcessor - JSR-330 'javax.inject.Inject' annotation found and supported for autowiring
09:58:00.188 [Test worker] INFO  org.springframework.web.reactive.result.method.annotation.RequestMappingHandlerMapping - Mapped "{[/foo],methods=[GET]}" onto public java.lang.String org.springframework.web.reactive.result.method.annotation.CrossOriginAnnotationIntegrationTests$ClassLevelController.foo()
09:58:00.189 [Test worker] INFO  org.springframework.web.reactive.result.method.annotation.RequestMappingHandlerMapping - Mapped "{[/bar],methods=[GET]}" onto public java.lang.String org.springframework.web.reactive.result.method.annotation.CrossOriginAnnotationIntegrationTests$ClassLevelController.bar()
09:58:00.189 [Test worker] INFO  org.springframework.web.reactive.result.method.annotation.RequestMappingHandlerMapping - Mapped "{[/baz],methods=[GET]}" onto public java.lang.String org.springframework.web.reactive.result.method.annotation.CrossOriginAnnotationIntegrationTests$ClassLevelController.baz()
09:58:00.191 [Test worker] INFO  org.springframework.web.reactive.result.method.annotation.RequestMappingHandlerMapping - Mapped "{[/origin-value-attribute],methods=[GET]}" onto public java.lang.String org.springframework.web.reactive.result.method.annotation.CrossOriginAnnotationIntegrationTests$MethodLevelController.customOriginDefinedViaValueAttribute()
09:58:00.191 [Test worker] INFO  org.springframework.web.reactive.result.method.annotation.RequestMappingHandlerMapping - Mapped "{[/origin-placeholder],methods=[GET]}" onto public java.lang.String org.springframework.web.reactive.result.method.annotation.CrossOriginAnnotationIntegrationTests$MethodLevelController.customOriginDefinedViaPlaceholder()
09:58:00.191 [Test worker] INFO  org.springframework.web.reactive.result.method.annotation.RequestMappingHandlerMapping - Mapped "{[/customized],methods=[GET || POST]}" onto public java.lang.String org.springframework.web.reactive.result.method.annotation.CrossOriginAnnotationIntegrationTests$MethodLevelController.customized()
09:58:00.191 [Test worker] INFO  org.springframework.web.reactive.result.method.annotation.RequestMappingHandlerMapping - Mapped "{[/ambiguous-produces],methods=[GET],produces=[application/xml]}" onto public java.lang.String org.springframework.web.reactive.result.method.annotation.CrossOriginAnnotationIntegrationTests$MethodLevelController.ambiguousProducesXml()
09:58:00.191 [Test worker] INFO  org.springframework.web.reactive.result.method.annotation.RequestMappingHandlerMapping - Mapped "{[/default],methods=[GET]}" onto public java.lang.String org.springframework.web.reactive.result.method.annotation.CrossOriginAnnotationIntegrationTests$MethodLevelController.defaultAnnotation()
09:58:00.192 [Test worker] INFO  org.springframework.web.reactive.result.method.annotation.RequestMappingHandlerMapping - Mapped "{[/default],methods=[GET],params=[q]}" onto public void org.springframework.web.reactive.result.method.annotation.CrossOriginAnnotationIntegrationTests$MethodLevelController.defaultAnnotationWithParams()
09:58:00.192 [Test worker] INFO  org.springframework.web.reactive.result.method.annotation.RequestMappingHandlerMapping - Mapped "{[/ambiguous-header],methods=[GET],headers=[header1=b]}" onto public void org.springframework.web.reactive.result.method.annotation.CrossOriginAnnotationIntegrationTests$MethodLevelController.ambiguousHeader1b()
09:58:00.192 [Test worker] INFO  org.springframework.web.reactive.result.method.annotation.RequestMappingHandlerMapping - Mapped "{[/ambiguous-produces],methods=[GET],produces=[application/json]}" onto public java.lang.String org.springframework.web.reactive.result.method.annotation.CrossOriginAnnotationIntegrationTests$MethodLevelController.ambiguousProducesJson()
09:58:00.192 [Test worker] INFO  org.springframework.web.reactive.result.method.annotation.RequestMappingHandlerMapping - Mapped "{[/ambiguous-header],methods=[GET],headers=[header1=a]}" onto public void org.springframework.web.reactive.result.method.annotation.CrossOriginAnnotationIntegrationTests$MethodLevelController.ambiguousHeader1a()
09:58:00.192 [Test worker] INFO  org.springframework.web.reactive.result.method.annotation.RequestMappingHandlerMapping - Mapped "{[/no],methods=[POST]}" onto public java.lang.String org.springframework.web.reactive.result.method.annotation.CrossOriginAnnotationIntegrationTests$MethodLevelController.noAnnotationPost()
09:58:00.192 [Test worker] INFO  org.springframework.web.reactive.result.method.annotation.RequestMappingHandlerMapping - Mapped "{[/no],methods=[GET]}" onto public java.lang.String org.springframework.web.reactive.result.method.annotation.CrossOriginAnnotationIntegrationTests$MethodLevelController.noAnnotation()
09:58:00.245 [Test worker] INFO  org.springframework.web.reactive.result.method.annotation.ControllerMethodResolver - Looking for @ControllerAdvice: org.springframework.context.annotation.AnnotationConfigApplicationContext@ed2f61e: startup date [Fri Apr 16 09:58:00 CST 2021]; root of context hierarchy
09:58:00.318 [Test worker] WARN  org.eclipse.jetty.server.handler.ContextHandler - Empty contextPath
09:58:00.318 [Test worker] INFO  org.eclipse.jetty.server.handler.ContextHandler - Started o.e.j.s.ServletContextHandler@17b2da50{/,null,AVAILABLE}
09:58:00.318 [Test worker] DEBUG org.springframework.http.server.reactive.bootstrap.JettyHttpServer - Starting JettyHttpServer...
09:58:00.318 [Test worker] INFO  org.eclipse.jetty.server.Server - jetty-9.4.19.v20190610; built: 2019-06-10T16:30:51.723Z; git: afcf563148970e98786327af5e07c261fda175d3; jvm 1.8.0_271-b09
09:58:00.322 [Test worker] INFO  org.eclipse.jetty.server.AbstractConnector - Started ServerConnector@643f8dc6{HTTP/1.1,[http/1.1]}{0.0.0.0:49349}
09:58:00.322 [Test worker] INFO  org.eclipse.jetty.server.Server - Started @73525ms
09:58:00.322 [Test worker] DEBUG org.springframework.http.server.reactive.bootstrap.JettyHttpServer - Server started on port 49349(0 millis).
09:58:00.454 [qtp1952606397-1258] DEBUG org.springframework.http.server.reactive.ServletHttpHandlerAdapter - Handling completed with success
09:58:00.477 [Test worker] DEBUG org.springframework.http.server.reactive.bootstrap.JettyHttpServer - Stopping JettyHttpServer...
09:58:00.477 [Test worker] INFO  org.eclipse.jetty.server.handler.ContextHandler - Stopped o.e.j.s.ServletContextHandler@17b2da50{/,null,UNAVAILABLE}
09:58:00.480 [Test worker] INFO  org.eclipse.jetty.server.AbstractConnector - Stopped ServerConnector@643f8dc6{HTTP/1.1,[http/1.1]}{0.0.0.0:0}
09:58:00.481 [Test worker] DEBUG org.springframework.http.server.reactive.bootstrap.JettyHttpServer - Server stopped (0 millis).
09:58:00.547 [Test worker] INFO  org.springframework.context.annotation.AnnotationConfigApplicationContext - Refreshing org.springframework.context.annotation.AnnotationConfigApplicationContext@5648a0e9: startup date [Fri Apr 16 09:58:00 CST 2021]; root of context hierarchy
09:58:00.573 [Test worker] INFO  org.springframework.beans.factory.annotation.AutowiredAnnotationBeanPostProcessor - JSR-330 'javax.inject.Inject' annotation found and supported for autowiring
09:58:00.575 [Test worker] INFO  org.springframework.web.reactive.result.method.annotation.RequestMappingHandlerMapping - Mapped "{[/foo],methods=[GET]}" onto public java.lang.String org.springframework.web.reactive.result.method.annotation.CrossOriginAnnotationIntegrationTests$ClassLevelController.foo()
09:58:00.576 [Test worker] INFO  org.springframework.web.reactive.result.method.annotation.RequestMappingHandlerMapping - Mapped "{[/bar],methods=[GET]}" onto public java.lang.String org.springframework.web.reactive.result.method.annotation.CrossOriginAnnotationIntegrationTests$ClassLevelController.bar()
09:58:00.577 [Test worker] INFO  org.springframework.web.reactive.result.method.annotation.RequestMappingHandlerMapping - Mapped "{[/baz],methods=[GET]}" onto public java.lang.String org.springframework.web.reactive.result.method.annotation.CrossOriginAnnotationIntegrationTests$ClassLevelController.baz()
09:58:00.578 [Test worker] INFO  org.springframework.web.reactive.result.method.annotation.RequestMappingHandlerMapping - Mapped "{[/origin-value-attribute],methods=[GET]}" onto public java.lang.String org.springframework.web.reactive.result.method.annotation.CrossOriginAnnotationIntegrationTests$MethodLevelController.customOriginDefinedViaValueAttribute()
09:58:00.578 [Test worker] INFO  org.springframework.web.reactive.result.method.annotation.RequestMappingHandlerMapping - Mapped "{[/origin-placeholder],methods=[GET]}" onto public java.lang.String org.springframework.web.reactive.result.method.annotation.CrossOriginAnnotationIntegrationTests$MethodLevelController.customOriginDefinedViaPlaceholder()
09:58:00.578 [Test worker] INFO  org.springframework.web.reactive.result.method.annotation.RequestMappingHandlerMapping - Mapped "{[/customized],methods=[GET || POST]}" onto public java.lang.String org.springframework.web.reactive.result.method.annotation.CrossOriginAnnotationIntegrationTests$MethodLevelController.customized()
09:58:00.578 [Test worker] INFO  org.springframework.web.reactive.result.method.annotation.RequestMappingHandlerMapping - Mapped "{[/ambiguous-produces],methods=[GET],produces=[application/xml]}" onto public java.lang.String org.springframework.web.reactive.result.method.annotation.CrossOriginAnnotationIntegrationTests$MethodLevelController.ambiguousProducesXml()
09:58:00.578 [Test worker] INFO  org.springframework.web.reactive.result.method.annotation.RequestMappingHandlerMapping - Mapped "{[/default],methods=[GET]}" onto public java.lang.String org.springframework.web.reactive.result.method.annotation.CrossOriginAnnotationIntegrationTests$MethodLevelController.defaultAnnotation()
09:58:00.578 [Test worker] INFO  org.springframework.web.reactive.result.method.annotation.RequestMappingHandlerMapping - Mapped "{[/default],methods=[GET],params=[q]}" onto public void org.springframework.web.reactive.result.method.annotation.CrossOriginAnnotationIntegrationTests$MethodLevelController.defaultAnnotationWithParams()
09:58:00.578 [Test worker] INFO  org.springframework.web.reactive.result.method.annotation.RequestMappingHandlerMapping - Mapped "{[/ambiguous-header],methods=[GET],headers=[header1=b]}" onto public void org.springframework.web.reactive.result.method.annotation.CrossOriginAnnotationIntegrationTests$MethodLevelController.ambiguousHeader1b()
09:58:00.578 [Test worker] INFO  org.springframework.web.reactive.result.method.annotation.RequestMappingHandlerMapping - Mapped "{[/ambiguous-produces],methods=[GET],produces=[application/json]}" onto public java.lang.String org.springframework.web.reactive.result.method.annotation.CrossOriginAnnotationIntegrationTests$MethodLevelController.ambiguousProducesJson()
09:58:00.578 [Test worker] INFO  org.springframework.web.reactive.result.method.annotation.RequestMappingHandlerMapping - Mapped "{[/ambiguous-header],methods=[GET],headers=[header1=a]}" onto public void org.springframework.web.reactive.result.method.annotation.CrossOriginAnnotationIntegrationTests$MethodLevelController.ambiguousHeader1a()
09:58:00.578 [Test worker] INFO  org.springframework.web.reactive.result.method.annotation.RequestMappingHandlerMapping - Mapped "{[/no],methods=[POST]}" onto public java.lang.String org.springframework.web.reactive.result.method.annotation.CrossOriginAnnotationIntegrationTests$MethodLevelController.noAnnotationPost()
09:58:00.578 [Test worker] INFO  org.springframework.web.reactive.result.method.annotation.RequestMappingHandlerMapping - Mapped "{[/no],methods=[GET]}" onto public java.lang.String org.springframework.web.reactive.result.method.annotation.CrossOriginAnnotationIntegrationTests$MethodLevelController.noAnnotation()
09:58:00.637 [Test worker] INFO  org.springframework.web.reactive.result.method.annotation.ControllerMethodResolver - Looking for @ControllerAdvice: org.springframework.context.annotation.AnnotationConfigApplicationContext@5648a0e9: startup date [Fri Apr 16 09:58:00 CST 2021]; root of context hierarchy
09:58:00.704 [Test worker] WARN  org.eclipse.jetty.server.handler.ContextHandler - Empty contextPath
09:58:00.704 [Test worker] INFO  org.eclipse.jetty.server.handler.ContextHandler - Started o.e.j.s.ServletContextHandler@14f97596{/,null,AVAILABLE}
09:58:00.704 [Test worker] DEBUG org.springframework.http.server.reactive.bootstrap.JettyHttpServer - Starting JettyHttpServer...
09:58:00.704 [Test worker] INFO  org.eclipse.jetty.server.Server - jetty-9.4.19.v20190610; built: 2019-06-10T16:30:51.723Z; git: afcf563148970e98786327af5e07c261fda175d3; jvm 1.8.0_271-b09
09:58:00.708 [Test worker] INFO  org.eclipse.jetty.server.AbstractConnector - Started ServerConnector@2aadfc7f{HTTP/1.1,[http/1.1]}{0.0.0.0:49363}
09:58:00.708 [Test worker] INFO  org.eclipse.jetty.server.Server - Started @73912ms
09:58:00.708 [Test worker] DEBUG org.springframework.http.server.reactive.bootstrap.JettyHttpServer - Server started on port 49363(0 millis).
09:58:00.711 [qtp1670398057-1268] DEBUG org.springframework.http.server.reactive.ServletHttpHandlerAdapter - Handling completed with success
09:58:00.711 [Test worker] DEBUG org.springframework.http.server.reactive.bootstrap.JettyHttpServer - Stopping JettyHttpServer...
09:58:00.712 [Test worker] INFO  org.eclipse.jetty.server.handler.ContextHandler - Stopped o.e.j.s.ServletContextHandler@14f97596{/,null,UNAVAILABLE}
09:58:00.714 [Test worker] INFO  org.eclipse.jetty.server.AbstractConnector - Stopped ServerConnector@2aadfc7f{HTTP/1.1,[http/1.1]}{0.0.0.0:0}
09:58:00.715 [Test worker] DEBUG org.springframework.http.server.reactive.bootstrap.JettyHttpServer - Server stopped (0 millis).
09:58:00.783 [Test worker] INFO  org.springframework.context.annotation.AnnotationConfigApplicationContext - Refreshing org.springframework.context.annotation.AnnotationConfigApplicationContext@4270b345: startup date [Fri Apr 16 09:58:00 CST 2021]; root of context hierarchy
09:58:00.808 [Test worker] INFO  org.springframework.beans.factory.annotation.AutowiredAnnotationBeanPostProcessor - JSR-330 'javax.inject.Inject' annotation found and supported for autowiring
09:58:00.810 [Test worker] INFO  org.springframework.web.reactive.result.method.annotation.RequestMappingHandlerMapping - Mapped "{[/foo],methods=[GET]}" onto public java.lang.String org.springframework.web.reactive.result.method.annotation.CrossOriginAnnotationIntegrationTests$ClassLevelController.foo()
09:58:00.811 [Test worker] INFO  org.springframework.web.reactive.result.method.annotation.RequestMappingHandlerMapping - Mapped "{[/bar],methods=[GET]}" onto public java.lang.String org.springframework.web.reactive.result.method.annotation.CrossOriginAnnotationIntegrationTests$ClassLevelController.bar()
09:58:00.811 [Test worker] INFO  org.springframework.web.reactive.result.method.annotation.RequestMappingHandlerMapping - Mapped "{[/baz],methods=[GET]}" onto public java.lang.String org.springframework.web.reactive.result.method.annotation.CrossOriginAnnotationIntegrationTests$ClassLevelController.baz()
09:58:00.812 [Test worker] INFO  org.springframework.web.reactive.result.method.annotation.RequestMappingHandlerMapping - Mapped "{[/origin-value-attribute],methods=[GET]}" onto public java.lang.String org.springframework.web.reactive.result.method.annotation.CrossOriginAnnotationIntegrationTests$MethodLevelController.customOriginDefinedViaValueAttribute()
09:58:00.812 [Test worker] INFO  org.springframework.web.reactive.result.method.annotation.RequestMappingHandlerMapping - Mapped "{[/origin-placeholder],methods=[GET]}" onto public java.lang.String org.springframework.web.reactive.result.method.annotation.CrossOriginAnnotationIntegrationTests$MethodLevelController.customOriginDefinedViaPlaceholder()
09:58:00.812 [Test worker] INFO  org.springframework.web.reactive.result.method.annotation.RequestMappingHandlerMapping - Mapped "{[/customized],methods=[GET || POST]}" onto public java.lang.String org.springframework.web.reactive.result.method.annotation.CrossOriginAnnotationIntegrationTests$MethodLevelController.customized()
09:58:00.812 [Test worker] INFO  org.springframework.web.reactive.result.method.annotation.RequestMappingHandlerMapping - Mapped "{[/ambiguous-produces],methods=[GET],produces=[application/xml]}" onto public java.lang.String org.springframework.web.reactive.result.method.annotation.CrossOriginAnnotationIntegrationTests$MethodLevelController.ambiguousProducesXml()
09:58:00.812 [Test worker] INFO  org.springframework.web.reactive.result.method.annotation.RequestMappingHandlerMapping - Mapped "{[/default],methods=[GET]}" onto public java.lang.String org.springframework.web.reactive.result.method.annotation.CrossOriginAnnotationIntegrationTests$MethodLevelController.defaultAnnotation()
09:58:00.812 [Test worker] INFO  org.springframework.web.reactive.result.method.annotation.RequestMappingHandlerMapping - Mapped "{[/default],methods=[GET],params=[q]}" onto public void org.springframework.web.reactive.result.method.annotation.CrossOriginAnnotationIntegrationTests$MethodLevelController.defaultAnnotationWithParams()
09:58:00.813 [Test worker] INFO  org.springframework.web.reactive.result.method.annotation.RequestMappingHandlerMapping - Mapped "{[/ambiguous-header],methods=[GET],headers=[header1=b]}" onto public void org.springframework.web.reactive.result.method.annotation.CrossOriginAnnotationIntegrationTests$MethodLevelController.ambiguousHeader1b()
09:58:00.813 [Test worker] INFO  org.springframework.web.reactive.result.method.annotation.RequestMappingHandlerMapping - Mapped "{[/ambiguous-produces],methods=[GET],produces=[application/json]}" onto public java.lang.String org.springframework.web.reactive.result.method.annotation.CrossOriginAnnotationIntegrationTests$MethodLevelController.ambiguousProducesJson()
09:58:00.813 [Test worker] INFO  org.springframework.web.reactive.result.method.annotation.RequestMappingHandlerMapping - Mapped "{[/ambiguous-header],methods=[GET],headers=[header1=a]}" onto public void org.springframework.web.reactive.result.method.annotation.CrossOriginAnnotationIntegrationTests$MethodLevelController.ambiguousHeader1a()
09:58:00.813 [Test worker] INFO  org.springframework.web.reactive.result.method.annotation.RequestMappingHandlerMapping - Mapped "{[/no],methods=[POST]}" onto public java.lang.String org.springframework.web.reactive.result.method.annotation.CrossOriginAnnotationIntegrationTests$MethodLevelController.noAnnotationPost()
09:58:00.813 [Test worker] INFO  org.springframework.web.reactive.result.method.annotation.RequestMappingHandlerMapping - Mapped "{[/no],methods=[GET]}" onto public java.lang.String org.springframework.web.reactive.result.method.annotation.CrossOriginAnnotationIntegrationTests$MethodLevelController.noAnnotation()
09:58:00.864 [Test worker] INFO  org.springframework.web.reactive.result.method.annotation.ControllerMethodResolver - Looking for @ControllerAdvice: org.springframework.context.annotation.AnnotationConfigApplicationContext@4270b345: startup date [Fri Apr 16 09:58:00 CST 2021]; root of context hierarchy
09:58:00.935 [Test worker] WARN  org.eclipse.jetty.server.handler.ContextHandler - Empty contextPath
09:58:00.936 [Test worker] INFO  org.eclipse.jetty.server.handler.ContextHandler - Started o.e.j.s.ServletContextHandler@61aed7dc{/,null,AVAILABLE}
09:58:00.936 [Test worker] DEBUG org.springframework.http.server.reactive.bootstrap.JettyHttpServer - Starting JettyHttpServer...
09:58:00.936 [Test worker] INFO  org.eclipse.jetty.server.Server - jetty-9.4.19.v20190610; built: 2019-06-10T16:30:51.723Z; git: afcf563148970e98786327af5e07c261fda175d3; jvm 1.8.0_271-b09
09:58:00.939 [Test worker] INFO  org.eclipse.jetty.server.AbstractConnector - Started ServerConnector@5bd77c75{HTTP/1.1,[http/1.1]}{0.0.0.0:49377}
09:58:00.939 [Test worker] INFO  org.eclipse.jetty.server.Server - Started @74142ms
09:58:00.939 [Test worker] DEBUG org.springframework.http.server.reactive.bootstrap.JettyHttpServer - Server started on port 49377(0 millis).
09:58:00.942 [qtp1138334502-1278] DEBUG org.springframework.http.server.reactive.ServletHttpHandlerAdapter - Handling completed with success
09:58:00.942 [Test worker] DEBUG org.springframework.http.server.reactive.bootstrap.JettyHttpServer - Stopping JettyHttpServer...
09:58:00.942 [Test worker] INFO  org.eclipse.jetty.server.handler.ContextHandler - Stopped o.e.j.s.ServletContextHandler@61aed7dc{/,null,UNAVAILABLE}
09:58:00.945 [Test worker] INFO  org.eclipse.jetty.server.AbstractConnector - Stopped ServerConnector@5bd77c75{HTTP/1.1,[http/1.1]}{0.0.0.0:0}
09:58:00.946 [Test worker] DEBUG org.springframework.http.server.reactive.bootstrap.JettyHttpServer - Server stopped (0 millis).
09:58:01.017 [Test worker] INFO  org.springframework.context.annotation.AnnotationConfigApplicationContext - Refreshing org.springframework.context.annotation.AnnotationConfigApplicationContext@4960aa68: startup date [Fri Apr 16 09:58:01 CST 2021]; root of context hierarchy
09:58:01.042 [Test worker] INFO  org.springframework.beans.factory.annotation.AutowiredAnnotationBeanPostProcessor - JSR-330 'javax.inject.Inject' annotation found and supported for autowiring
09:58:01.044 [Test worker] INFO  org.springframework.web.reactive.result.method.annotation.RequestMappingHandlerMapping - Mapped "{[/foo],methods=[GET]}" onto public java.lang.String org.springframework.web.reactive.result.method.annotation.CrossOriginAnnotationIntegrationTests$ClassLevelController.foo()
09:58:01.044 [Test worker] INFO  org.springframework.web.reactive.result.method.annotation.RequestMappingHandlerMapping - Mapped "{[/bar],methods=[GET]}" onto public java.lang.String org.springframework.web.reactive.result.method.annotation.CrossOriginAnnotationIntegrationTests$ClassLevelController.bar()
09:58:01.045 [Test worker] INFO  org.springframework.web.reactive.result.method.annotation.RequestMappingHandlerMapping - Mapped "{[/baz],methods=[GET]}" onto public java.lang.String org.springframework.web.reactive.result.method.annotation.CrossOriginAnnotationIntegrationTests$ClassLevelController.baz()
09:58:01.045 [Test worker] INFO  org.springframework.web.reactive.result.method.annotation.RequestMappingHandlerMapping - Mapped "{[/origin-value-attribute],methods=[GET]}" onto public java.lang.String org.springframework.web.reactive.result.method.annotation.CrossOriginAnnotationIntegrationTests$MethodLevelController.customOriginDefinedViaValueAttribute()
09:58:01.045 [Test worker] INFO  org.springframework.web.reactive.result.method.annotation.RequestMappingHandlerMapping - Mapped "{[/origin-placeholder],methods=[GET]}" onto public java.lang.String org.springframework.web.reactive.result.method.annotation.CrossOriginAnnotationIntegrationTests$MethodLevelController.customOriginDefinedViaPlaceholder()
09:58:01.046 [Test worker] INFO  org.springframework.web.reactive.result.method.annotation.RequestMappingHandlerMapping - Mapped "{[/customized],methods=[GET || POST]}" onto public java.lang.String org.springframework.web.reactive.result.method.annotation.CrossOriginAnnotationIntegrationTests$MethodLevelController.customized()
09:58:01.046 [Test worker] INFO  org.springframework.web.reactive.result.method.annotation.RequestMappingHandlerMapping - Mapped "{[/ambiguous-produces],methods=[GET],produces=[application/xml]}" onto public java.lang.String org.springframework.web.reactive.result.method.annotation.CrossOriginAnnotationIntegrationTests$MethodLevelController.ambiguousProducesXml()
09:58:01.046 [Test worker] INFO  org.springframework.web.reactive.result.method.annotation.RequestMappingHandlerMapping - Mapped "{[/default],methods=[GET]}" onto public java.lang.String org.springframework.web.reactive.result.method.annotation.CrossOriginAnnotationIntegrationTests$MethodLevelController.defaultAnnotation()
09:58:01.046 [Test worker] INFO  org.springframework.web.reactive.result.method.annotation.RequestMappingHandlerMapping - Mapped "{[/default],methods=[GET],params=[q]}" onto public void org.springframework.web.reactive.result.method.annotation.CrossOriginAnnotationIntegrationTests$MethodLevelController.defaultAnnotationWithParams()
09:58:01.046 [Test worker] INFO  org.springframework.web.reactive.result.method.annotation.RequestMappingHandlerMapping - Mapped "{[/ambiguous-header],methods=[GET],headers=[header1=b]}" onto public void org.springframework.web.reactive.result.method.annotation.CrossOriginAnnotationIntegrationTests$MethodLevelController.ambiguousHeader1b()
09:58:01.046 [Test worker] INFO  org.springframework.web.reactive.result.method.annotation.RequestMappingHandlerMapping - Mapped "{[/ambiguous-produces],methods=[GET],produces=[application/json]}" onto public java.lang.String org.springframework.web.reactive.result.method.annotation.CrossOriginAnnotationIntegrationTests$MethodLevelController.ambiguousProducesJson()
09:58:01.046 [Test worker] INFO  org.springframework.web.reactive.result.method.annotation.RequestMappingHandlerMapping - Mapped "{[/ambiguous-header],methods=[GET],headers=[header1=a]}" onto public void org.springframework.web.reactive.result.method.annotation.CrossOriginAnnotationIntegrationTests$MethodLevelController.ambiguousHeader1a()
09:58:01.046 [Test worker] INFO  org.springframework.web.reactive.result.method.annotation.RequestMappingHandlerMapping - Mapped "{[/no],methods=[POST]}" onto public java.lang.String org.springframework.web.reactive.result.method.annotation.CrossOriginAnnotationIntegrationTests$MethodLevelController.noAnnotationPost()
09:58:01.046 [Test worker] INFO  org.springframework.web.reactive.result.method.annotation.RequestMappingHandlerMapping - Mapped "{[/no],methods=[GET]}" onto public java.lang.String org.springframework.web.reactive.result.method.annotation.CrossOriginAnnotationIntegrationTests$MethodLevelController.noAnnotation()
09:58:01.099 [Test worker] INFO  org.springframework.web.reactive.result.method.annotation.ControllerMethodResolver - Looking for @ControllerAdvice: org.springframework.context.annotation.AnnotationConfigApplicationContext@4960aa68: startup date [Fri Apr 16 09:58:01 CST 2021]; root of context hierarchy
09:58:01.170 [Test worker] WARN  org.eclipse.jetty.server.handler.ContextHandler - Empty contextPath
09:58:01.170 [Test worker] INFO  org.eclipse.jetty.server.handler.ContextHandler - Started o.e.j.s.ServletContextHandler@269add86{/,null,AVAILABLE}
09:58:01.170 [Test worker] DEBUG org.springframework.http.server.reactive.bootstrap.JettyHttpServer - Starting JettyHttpServer...
09:58:01.171 [Test worker] INFO  org.eclipse.jetty.server.Server - jetty-9.4.19.v20190610; built: 2019-06-10T16:30:51.723Z; git: afcf563148970e98786327af5e07c261fda175d3; jvm 1.8.0_271-b09
09:58:01.174 [Test worker] INFO  org.eclipse.jetty.server.AbstractConnector - Started ServerConnector@4db0a105{HTTP/1.1,[http/1.1]}{0.0.0.0:49391}
09:58:01.174 [Test worker] INFO  org.eclipse.jetty.server.Server - Started @74377ms
09:58:01.174 [Test worker] DEBUG org.springframework.http.server.reactive.bootstrap.JettyHttpServer - Server started on port 49391(0 millis).
09:58:01.177 [qtp2092596142-1288] DEBUG org.springframework.http.server.reactive.ServletHttpHandlerAdapter - Handling completed with success
09:58:01.180 [qtp2092596142-1283] DEBUG org.springframework.http.server.reactive.ServletHttpHandlerAdapter - Handling completed with success
09:58:01.182 [qtp2092596142-1286] DEBUG org.springframework.http.server.reactive.ServletHttpHandlerAdapter - Handling completed with success
09:58:01.182 [Test worker] DEBUG org.springframework.http.server.reactive.bootstrap.JettyHttpServer - Stopping JettyHttpServer...
09:58:01.182 [Test worker] INFO  org.eclipse.jetty.server.handler.ContextHandler - Stopped o.e.j.s.ServletContextHandler@269add86{/,null,UNAVAILABLE}
09:58:01.185 [Test worker] INFO  org.eclipse.jetty.server.AbstractConnector - Stopped ServerConnector@4db0a105{HTTP/1.1,[http/1.1]}{0.0.0.0:0}
09:58:01.185 [Test worker] DEBUG org.springframework.http.server.reactive.bootstrap.JettyHttpServer - Server stopped (0 millis).
09:58:01.253 [Test worker] INFO  org.springframework.context.annotation.AnnotationConfigApplicationContext - Refreshing org.springframework.context.annotation.AnnotationConfigApplicationContext@4d1eed27: startup date [Fri Apr 16 09:58:01 CST 2021]; root of context hierarchy
09:58:01.283 [Test worker] INFO  org.springframework.beans.factory.annotation.AutowiredAnnotationBeanPostProcessor - JSR-330 'javax.inject.Inject' annotation found and supported for autowiring
09:58:01.285 [Test worker] INFO  org.springframework.web.reactive.result.method.annotation.RequestMappingHandlerMapping - Mapped "{[/foo],methods=[GET]}" onto public java.lang.String org.springframework.web.reactive.result.method.annotation.CrossOriginAnnotationIntegrationTests$ClassLevelController.foo()
09:58:01.285 [Test worker] INFO  org.springframework.web.reactive.result.method.annotation.RequestMappingHandlerMapping - Mapped "{[/bar],methods=[GET]}" onto public java.lang.String org.springframework.web.reactive.result.method.annotation.CrossOriginAnnotationIntegrationTests$ClassLevelController.bar()
09:58:01.285 [Test worker] INFO  org.springframework.web.reactive.result.method.annotation.RequestMappingHandlerMapping - Mapped "{[/baz],methods=[GET]}" onto public java.lang.String org.springframework.web.reactive.result.method.annotation.CrossOriginAnnotationIntegrationTests$ClassLevelController.baz()
09:58:01.286 [Test worker] INFO  org.springframework.web.reactive.result.method.annotation.RequestMappingHandlerMapping - Mapped "{[/origin-value-attribute],methods=[GET]}" onto public java.lang.String org.springframework.web.reactive.result.method.annotation.CrossOriginAnnotationIntegrationTests$MethodLevelController.customOriginDefinedViaValueAttribute()
09:58:01.286 [Test worker] INFO  org.springframework.web.reactive.result.method.annotation.RequestMappingHandlerMapping - Mapped "{[/origin-placeholder],methods=[GET]}" onto public java.lang.String org.springframework.web.reactive.result.method.annotation.CrossOriginAnnotationIntegrationTests$MethodLevelController.customOriginDefinedViaPlaceholder()
09:58:01.286 [Test worker] INFO  org.springframework.web.reactive.result.method.annotation.RequestMappingHandlerMapping - Mapped "{[/customized],methods=[GET || POST]}" onto public java.lang.String org.springframework.web.reactive.result.method.annotation.CrossOriginAnnotationIntegrationTests$MethodLevelController.customized()
09:58:01.286 [Test worker] INFO  org.springframework.web.reactive.result.method.annotation.RequestMappingHandlerMapping - Mapped "{[/ambiguous-produces],methods=[GET],produces=[application/xml]}" onto public java.lang.String org.springframework.web.reactive.result.method.annotation.CrossOriginAnnotationIntegrationTests$MethodLevelController.ambiguousProducesXml()
09:58:01.286 [Test worker] INFO  org.springframework.web.reactive.result.method.annotation.RequestMappingHandlerMapping - Mapped "{[/default],methods=[GET]}" onto public java.lang.String org.springframework.web.reactive.result.method.annotation.CrossOriginAnnotationIntegrationTests$MethodLevelController.defaultAnnotation()
09:58:01.286 [Test worker] INFO  org.springframework.web.reactive.result.method.annotation.RequestMappingHandlerMapping - Mapped "{[/default],methods=[GET],params=[q]}" onto public void org.springframework.web.reactive.result.method.annotation.CrossOriginAnnotationIntegrationTests$MethodLevelController.defaultAnnotationWithParams()
09:58:01.286 [Test worker] INFO  org.springframework.web.reactive.result.method.annotation.RequestMappingHandlerMapping - Mapped "{[/ambiguous-header],methods=[GET],headers=[header1=b]}" onto public void org.springframework.web.reactive.result.method.annotation.CrossOriginAnnotationIntegrationTests$MethodLevelController.ambiguousHeader1b()
09:58:01.286 [Test worker] INFO  org.springframework.web.reactive.result.method.annotation.RequestMappingHandlerMapping - Mapped "{[/ambiguous-produces],methods=[GET],produces=[application/json]}" onto public java.lang.String org.springframework.web.reactive.result.method.annotation.CrossOriginAnnotationIntegrationTests$MethodLevelController.ambiguousProducesJson()
09:58:01.286 [Test worker] INFO  org.springframework.web.reactive.result.method.annotation.RequestMappingHandlerMapping - Mapped "{[/ambiguous-header],methods=[GET],headers=[header1=a]}" onto public void org.springframework.web.reactive.result.method.annotation.CrossOriginAnnotationIntegrationTests$MethodLevelController.ambiguousHeader1a()
09:58:01.287 [Test worker] INFO  org.springframework.web.reactive.result.method.annotation.RequestMappingHandlerMapping - Mapped "{[/no],methods=[POST]}" onto public java.lang.String org.springframework.web.reactive.result.method.annotation.CrossOriginAnnotationIntegrationTests$MethodLevelController.noAnnotationPost()
09:58:01.287 [Test worker] INFO  org.springframework.web.reactive.result.method.annotation.RequestMappingHandlerMapping - Mapped "{[/no],methods=[GET]}" onto public java.lang.String org.springframework.web.reactive.result.method.annotation.CrossOriginAnnotationIntegrationTests$MethodLevelController.noAnnotation()
09:58:01.342 [Test worker] INFO  org.springframework.web.reactive.result.method.annotation.ControllerMethodResolver - Looking for @ControllerAdvice: org.springframework.context.annotation.AnnotationConfigApplicationContext@4d1eed27: startup date [Fri Apr 16 09:58:01 CST 2021]; root of context hierarchy
09:58:01.413 [Test worker] WARN  org.eclipse.jetty.server.handler.ContextHandler - Empty contextPath
09:58:01.414 [Test worker] INFO  org.eclipse.jetty.server.handler.ContextHandler - Started o.e.j.s.ServletContextHandler@630d6139{/,null,AVAILABLE}
09:58:01.414 [Test worker] DEBUG org.springframework.http.server.reactive.bootstrap.JettyHttpServer - Starting JettyHttpServer...
09:58:01.414 [Test worker] INFO  org.eclipse.jetty.server.Server - jetty-9.4.19.v20190610; built: 2019-06-10T16:30:51.723Z; git: afcf563148970e98786327af5e07c261fda175d3; jvm 1.8.0_271-b09
09:58:01.417 [Test worker] INFO  org.eclipse.jetty.server.AbstractConnector - Started ServerConnector@1f2ba026{HTTP/1.1,[http/1.1]}{0.0.0.0:49405}
09:58:01.417 [Test worker] INFO  org.eclipse.jetty.server.Server - Started @74621ms
09:58:01.417 [Test worker] DEBUG org.springframework.http.server.reactive.bootstrap.JettyHttpServer - Server started on port 49405(0 millis).
09:58:01.420 [qtp1044522703-1298] DEBUG org.springframework.http.server.reactive.ServletHttpHandlerAdapter - Handling completed with success
09:58:01.421 [Test worker] DEBUG org.springframework.http.server.reactive.bootstrap.JettyHttpServer - Stopping JettyHttpServer...
09:58:01.421 [Test worker] INFO  org.eclipse.jetty.server.handler.ContextHandler - Stopped o.e.j.s.ServletContextHandler@630d6139{/,null,UNAVAILABLE}
09:58:01.424 [Test worker] INFO  org.eclipse.jetty.server.AbstractConnector - Stopped ServerConnector@1f2ba026{HTTP/1.1,[http/1.1]}{0.0.0.0:0}
09:58:01.424 [Test worker] DEBUG org.springframework.http.server.reactive.bootstrap.JettyHttpServer - Server stopped (0 millis).
09:58:01.490 [Test worker] INFO  org.springframework.context.annotation.AnnotationConfigApplicationContext - Refreshing org.springframework.context.annotation.AnnotationConfigApplicationContext@167a0ab6: startup date [Fri Apr 16 09:58:01 CST 2021]; root of context hierarchy
09:58:01.514 [Test worker] INFO  org.springframework.beans.factory.annotation.AutowiredAnnotationBeanPostProcessor - JSR-330 'javax.inject.Inject' annotation found and supported for autowiring
09:58:01.516 [Test worker] INFO  org.springframework.web.reactive.result.method.annotation.RequestMappingHandlerMapping - Mapped "{[/foo],methods=[GET]}" onto public java.lang.String org.springframework.web.reactive.result.method.annotation.CrossOriginAnnotationIntegrationTests$ClassLevelController.foo()
09:58:01.516 [Test worker] INFO  org.springframework.web.reactive.result.method.annotation.RequestMappingHandlerMapping - Mapped "{[/bar],methods=[GET]}" onto public java.lang.String org.springframework.web.reactive.result.method.annotation.CrossOriginAnnotationIntegrationTests$ClassLevelController.bar()
09:58:01.516 [Test worker] INFO  org.springframework.web.reactive.result.method.annotation.RequestMappingHandlerMapping - Mapped "{[/baz],methods=[GET]}" onto public java.lang.String org.springframework.web.reactive.result.method.annotation.CrossOriginAnnotationIntegrationTests$ClassLevelController.baz()
09:58:01.517 [Test worker] INFO  org.springframework.web.reactive.result.method.annotation.RequestMappingHandlerMapping - Mapped "{[/origin-value-attribute],methods=[GET]}" onto public java.lang.String org.springframework.web.reactive.result.method.annotation.CrossOriginAnnotationIntegrationTests$MethodLevelController.customOriginDefinedViaValueAttribute()
09:58:01.518 [Test worker] INFO  org.springframework.web.reactive.result.method.annotation.RequestMappingHandlerMapping - Mapped "{[/origin-placeholder],methods=[GET]}" onto public java.lang.String org.springframework.web.reactive.result.method.annotation.CrossOriginAnnotationIntegrationTests$MethodLevelController.customOriginDefinedViaPlaceholder()
09:58:01.518 [Test worker] INFO  org.springframework.web.reactive.result.method.annotation.RequestMappingHandlerMapping - Mapped "{[/customized],methods=[GET || POST]}" onto public java.lang.String org.springframework.web.reactive.result.method.annotation.CrossOriginAnnotationIntegrationTests$MethodLevelController.customized()
09:58:01.518 [Test worker] INFO  org.springframework.web.reactive.result.method.annotation.RequestMappingHandlerMapping - Mapped "{[/ambiguous-produces],methods=[GET],produces=[application/xml]}" onto public java.lang.String org.springframework.web.reactive.result.method.annotation.CrossOriginAnnotationIntegrationTests$MethodLevelController.ambiguousProducesXml()
09:58:01.518 [Test worker] INFO  org.springframework.web.reactive.result.method.annotation.RequestMappingHandlerMapping - Mapped "{[/default],methods=[GET]}" onto public java.lang.String org.springframework.web.reactive.result.method.annotation.CrossOriginAnnotationIntegrationTests$MethodLevelController.defaultAnnotation()
09:58:01.518 [Test worker] INFO  org.springframework.web.reactive.result.method.annotation.RequestMappingHandlerMapping - Mapped "{[/default],methods=[GET],params=[q]}" onto public void org.springframework.web.reactive.result.method.annotation.CrossOriginAnnotationIntegrationTests$MethodLevelController.defaultAnnotationWithParams()
09:58:01.518 [Test worker] INFO  org.springframework.web.reactive.result.method.annotation.RequestMappingHandlerMapping - Mapped "{[/ambiguous-header],methods=[GET],headers=[header1=b]}" onto public void org.springframework.web.reactive.result.method.annotation.CrossOriginAnnotationIntegrationTests$MethodLevelController.ambiguousHeader1b()
09:58:01.518 [Test worker] INFO  org.springframework.web.reactive.result.method.annotation.RequestMappingHandlerMapping - Mapped "{[/ambiguous-produces],methods=[GET],produces=[application/json]}" onto public java.lang.String org.springframework.web.reactive.result.method.annotation.CrossOriginAnnotationIntegrationTests$MethodLevelController.ambiguousProducesJson()
09:58:01.518 [Test worker] INFO  org.springframework.web.reactive.result.method.annotation.RequestMappingHandlerMapping - Mapped "{[/ambiguous-header],methods=[GET],headers=[header1=a]}" onto public void org.springframework.web.reactive.result.method.annotation.CrossOriginAnnotationIntegrationTests$MethodLevelController.ambiguousHeader1a()
09:58:01.518 [Test worker] INFO  org.springframework.web.reactive.result.method.annotation.RequestMappingHandlerMapping - Mapped "{[/no],methods=[POST]}" onto public java.lang.String org.springframework.web.reactive.result.method.annotation.CrossOriginAnnotationIntegrationTests$MethodLevelController.noAnnotationPost()
09:58:01.518 [Test worker] INFO  org.springframework.web.reactive.result.method.annotation.RequestMappingHandlerMapping - Mapped "{[/no],methods=[GET]}" onto public java.lang.String org.springframework.web.reactive.result.method.annotation.CrossOriginAnnotationIntegrationTests$MethodLevelController.noAnnotation()
09:58:01.571 [Test worker] INFO  org.springframework.web.reactive.result.method.annotation.ControllerMethodResolver - Looking for @ControllerAdvice: org.springframework.context.annotation.AnnotationConfigApplicationContext@167a0ab6: startup date [Fri Apr 16 09:58:01 CST 2021]; root of context hierarchy
09:58:01.647 [Test worker] WARN  org.eclipse.jetty.server.handler.ContextHandler - Empty contextPath
09:58:01.647 [Test worker] INFO  org.eclipse.jetty.server.handler.ContextHandler - Started o.e.j.s.ServletContextHandler@4ba1be38{/,null,AVAILABLE}
09:58:01.648 [Test worker] DEBUG org.springframework.http.server.reactive.bootstrap.JettyHttpServer - Starting JettyHttpServer...
09:58:01.648 [Test worker] INFO  org.eclipse.jetty.server.Server - jetty-9.4.19.v20190610; built: 2019-06-10T16:30:51.723Z; git: afcf563148970e98786327af5e07c261fda175d3; jvm 1.8.0_271-b09
09:58:01.654 [Test worker] INFO  org.eclipse.jetty.server.AbstractConnector - Started ServerConnector@4ef9ab92{HTTP/1.1,[http/1.1]}{0.0.0.0:49419}
09:58:01.654 [Test worker] INFO  org.eclipse.jetty.server.Server - Started @74857ms
09:58:01.654 [Test worker] DEBUG org.springframework.http.server.reactive.bootstrap.JettyHttpServer - Server started on port 49419(0 millis).
09:58:01.658 [qtp343287837-1308] DEBUG org.springframework.http.server.reactive.ServletHttpHandlerAdapter - Handling completed with success
09:58:01.658 [Test worker] DEBUG org.springframework.http.server.reactive.bootstrap.JettyHttpServer - Stopping JettyHttpServer...
09:58:01.658 [Test worker] INFO  org.eclipse.jetty.server.handler.ContextHandler - Stopped o.e.j.s.ServletContextHandler@4ba1be38{/,null,UNAVAILABLE}
09:58:01.661 [Test worker] INFO  org.eclipse.jetty.server.AbstractConnector - Stopped ServerConnector@4ef9ab92{HTTP/1.1,[http/1.1]}{0.0.0.0:0}
09:58:01.662 [Test worker] DEBUG org.springframework.http.server.reactive.bootstrap.JettyHttpServer - Server stopped (0 millis).
09:58:01.736 [Test worker] INFO  org.springframework.context.annotation.AnnotationConfigApplicationContext - Refreshing org.springframework.context.annotation.AnnotationConfigApplicationContext@5a9a12f8: startup date [Fri Apr 16 09:58:01 CST 2021]; root of context hierarchy
09:58:01.763 [Test worker] INFO  org.springframework.beans.factory.annotation.AutowiredAnnotationBeanPostProcessor - JSR-330 'javax.inject.Inject' annotation found and supported for autowiring
09:58:01.766 [Test worker] INFO  org.springframework.web.reactive.result.method.annotation.RequestMappingHandlerMapping - Mapped "{[/foo],methods=[GET]}" onto public java.lang.String org.springframework.web.reactive.result.method.annotation.CrossOriginAnnotationIntegrationTests$ClassLevelController.foo()
09:58:01.766 [Test worker] INFO  org.springframework.web.reactive.result.method.annotation.RequestMappingHandlerMapping - Mapped "{[/bar],methods=[GET]}" onto public java.lang.String org.springframework.web.reactive.result.method.annotation.CrossOriginAnnotationIntegrationTests$ClassLevelController.bar()
09:58:01.766 [Test worker] INFO  org.springframework.web.reactive.result.method.annotation.RequestMappingHandlerMapping - Mapped "{[/baz],methods=[GET]}" onto public java.lang.String org.springframework.web.reactive.result.method.annotation.CrossOriginAnnotationIntegrationTests$ClassLevelController.baz()
09:58:01.767 [Test worker] INFO  org.springframework.web.reactive.result.method.annotation.RequestMappingHandlerMapping - Mapped "{[/origin-value-attribute],methods=[GET]}" onto public java.lang.String org.springframework.web.reactive.result.method.annotation.CrossOriginAnnotationIntegrationTests$MethodLevelController.customOriginDefinedViaValueAttribute()
09:58:01.767 [Test worker] INFO  org.springframework.web.reactive.result.method.annotation.RequestMappingHandlerMapping - Mapped "{[/origin-placeholder],methods=[GET]}" onto public java.lang.String org.springframework.web.reactive.result.method.annotation.CrossOriginAnnotationIntegrationTests$MethodLevelController.customOriginDefinedViaPlaceholder()
09:58:01.767 [Test worker] INFO  org.springframework.web.reactive.result.method.annotation.RequestMappingHandlerMapping - Mapped "{[/customized],methods=[GET || POST]}" onto public java.lang.String org.springframework.web.reactive.result.method.annotation.CrossOriginAnnotationIntegrationTests$MethodLevelController.customized()
09:58:01.767 [Test worker] INFO  org.springframework.web.reactive.result.method.annotation.RequestMappingHandlerMapping - Mapped "{[/ambiguous-produces],methods=[GET],produces=[application/xml]}" onto public java.lang.String org.springframework.web.reactive.result.method.annotation.CrossOriginAnnotationIntegrationTests$MethodLevelController.ambiguousProducesXml()
09:58:01.767 [Test worker] INFO  org.springframework.web.reactive.result.method.annotation.RequestMappingHandlerMapping - Mapped "{[/default],methods=[GET]}" onto public java.lang.String org.springframework.web.reactive.result.method.annotation.CrossOriginAnnotationIntegrationTests$MethodLevelController.defaultAnnotation()
09:58:01.767 [Test worker] INFO  org.springframework.web.reactive.result.method.annotation.RequestMappingHandlerMapping - Mapped "{[/default],methods=[GET],params=[q]}" onto public void org.springframework.web.reactive.result.method.annotation.CrossOriginAnnotationIntegrationTests$MethodLevelController.defaultAnnotationWithParams()
09:58:01.767 [Test worker] INFO  org.springframework.web.reactive.result.method.annotation.RequestMappingHandlerMapping - Mapped "{[/ambiguous-header],methods=[GET],headers=[header1=b]}" onto public void org.springframework.web.reactive.result.method.annotation.CrossOriginAnnotationIntegrationTests$MethodLevelController.ambiguousHeader1b()
09:58:01.768 [Test worker] INFO  org.springframework.web.reactive.result.method.annotation.RequestMappingHandlerMapping - Mapped "{[/ambiguous-produces],methods=[GET],produces=[application/json]}" onto public java.lang.String org.springframework.web.reactive.result.method.annotation.CrossOriginAnnotationIntegrationTests$MethodLevelController.ambiguousProducesJson()
09:58:01.768 [Test worker] INFO  org.springframework.web.reactive.result.method.annotation.RequestMappingHandlerMapping - Mapped "{[/ambiguous-header],methods=[GET],headers=[header1=a]}" onto public void org.springframework.web.reactive.result.method.annotation.CrossOriginAnnotationIntegrationTests$MethodLevelController.ambiguousHeader1a()
09:58:01.768 [Test worker] INFO  org.springframework.web.reactive.result.method.annotation.RequestMappingHandlerMapping - Mapped "{[/no],methods=[POST]}" onto public java.lang.String org.springframework.web.reactive.result.method.annotation.CrossOriginAnnotationIntegrationTests$MethodLevelController.noAnnotationPost()
09:58:01.768 [Test worker] INFO  org.springframework.web.reactive.result.method.annotation.RequestMappingHandlerMapping - Mapped "{[/no],methods=[GET]}" onto public java.lang.String org.springframework.web.reactive.result.method.annotation.CrossOriginAnnotationIntegrationTests$MethodLevelController.noAnnotation()
09:58:01.823 [Test worker] INFO  org.springframework.web.reactive.result.method.annotation.ControllerMethodResolver - Looking for @ControllerAdvice: org.springframework.context.annotation.AnnotationConfigApplicationContext@5a9a12f8: startup date [Fri Apr 16 09:58:01 CST 2021]; root of context hierarchy
09:58:01.903 [Test worker] WARN  org.eclipse.jetty.server.handler.ContextHandler - Empty contextPath
09:58:01.904 [Test worker] INFO  org.eclipse.jetty.server.handler.ContextHandler - Started o.e.j.s.ServletContextHandler@43241757{/,null,AVAILABLE}
09:58:01.904 [Test worker] DEBUG org.springframework.http.server.reactive.bootstrap.JettyHttpServer - Starting JettyHttpServer...
09:58:01.904 [Test worker] INFO  org.eclipse.jetty.server.Server - jetty-9.4.19.v20190610; built: 2019-06-10T16:30:51.723Z; git: afcf563148970e98786327af5e07c261fda175d3; jvm 1.8.0_271-b09
09:58:01.909 [Test worker] INFO  org.eclipse.jetty.server.AbstractConnector - Started ServerConnector@3977797a{HTTP/1.1,[http/1.1]}{0.0.0.0:49433}
09:58:01.909 [Test worker] INFO  org.eclipse.jetty.server.Server - Started @75112ms
09:58:01.909 [Test worker] DEBUG org.springframework.http.server.reactive.bootstrap.JettyHttpServer - Server started on port 49433(0 millis).
09:58:01.913 [qtp472607963-1318] DEBUG org.springframework.http.server.reactive.ServletHttpHandlerAdapter - Handling completed with success
09:58:01.913 [Test worker] DEBUG org.springframework.http.server.reactive.bootstrap.JettyHttpServer - Stopping JettyHttpServer...
09:58:01.914 [Test worker] INFO  org.eclipse.jetty.server.handler.ContextHandler - Stopped o.e.j.s.ServletContextHandler@43241757{/,null,UNAVAILABLE}
09:58:01.916 [Test worker] INFO  org.eclipse.jetty.server.AbstractConnector - Stopped ServerConnector@3977797a{HTTP/1.1,[http/1.1]}{0.0.0.0:0}
09:58:01.916 [Test worker] DEBUG org.springframework.http.server.reactive.bootstrap.JettyHttpServer - Server stopped (0 millis).
09:58:01.995 [Test worker] INFO  org.springframework.context.annotation.AnnotationConfigApplicationContext - Refreshing org.springframework.context.annotation.AnnotationConfigApplicationContext@6cbc5efb: startup date [Fri Apr 16 09:58:01 CST 2021]; root of context hierarchy
09:58:02.019 [Test worker] INFO  org.springframework.beans.factory.annotation.AutowiredAnnotationBeanPostProcessor - JSR-330 'javax.inject.Inject' annotation found and supported for autowiring
09:58:02.021 [Test worker] INFO  org.springframework.web.reactive.result.method.annotation.RequestMappingHandlerMapping - Mapped "{[/foo],methods=[GET]}" onto public java.lang.String org.springframework.web.reactive.result.method.annotation.CrossOriginAnnotationIntegrationTests$ClassLevelController.foo()
09:58:02.021 [Test worker] INFO  org.springframework.web.reactive.result.method.annotation.RequestMappingHandlerMapping - Mapped "{[/bar],methods=[GET]}" onto public java.lang.String org.springframework.web.reactive.result.method.annotation.CrossOriginAnnotationIntegrationTests$ClassLevelController.bar()
09:58:02.021 [Test worker] INFO  org.springframework.web.reactive.result.method.annotation.RequestMappingHandlerMapping - Mapped "{[/baz],methods=[GET]}" onto public java.lang.String org.springframework.web.reactive.result.method.annotation.CrossOriginAnnotationIntegrationTests$ClassLevelController.baz()
09:58:02.022 [Test worker] INFO  org.springframework.web.reactive.result.method.annotation.RequestMappingHandlerMapping - Mapped "{[/origin-value-attribute],methods=[GET]}" onto public java.lang.String org.springframework.web.reactive.result.method.annotation.CrossOriginAnnotationIntegrationTests$MethodLevelController.customOriginDefinedViaValueAttribute()
09:58:02.022 [Test worker] INFO  org.springframework.web.reactive.result.method.annotation.RequestMappingHandlerMapping - Mapped "{[/origin-placeholder],methods=[GET]}" onto public java.lang.String org.springframework.web.reactive.result.method.annotation.CrossOriginAnnotationIntegrationTests$MethodLevelController.customOriginDefinedViaPlaceholder()
09:58:02.022 [Test worker] INFO  org.springframework.web.reactive.result.method.annotation.RequestMappingHandlerMapping - Mapped "{[/customized],methods=[GET || POST]}" onto public java.lang.String org.springframework.web.reactive.result.method.annotation.CrossOriginAnnotationIntegrationTests$MethodLevelController.customized()
09:58:02.022 [Test worker] INFO  org.springframework.web.reactive.result.method.annotation.RequestMappingHandlerMapping - Mapped "{[/ambiguous-produces],methods=[GET],produces=[application/xml]}" onto public java.lang.String org.springframework.web.reactive.result.method.annotation.CrossOriginAnnotationIntegrationTests$MethodLevelController.ambiguousProducesXml()
09:58:02.022 [Test worker] INFO  org.springframework.web.reactive.result.method.annotation.RequestMappingHandlerMapping - Mapped "{[/default],methods=[GET]}" onto public java.lang.String org.springframework.web.reactive.result.method.annotation.CrossOriginAnnotationIntegrationTests$MethodLevelController.defaultAnnotation()
09:58:02.022 [Test worker] INFO  org.springframework.web.reactive.result.method.annotation.RequestMappingHandlerMapping - Mapped "{[/default],methods=[GET],params=[q]}" onto public void org.springframework.web.reactive.result.method.annotation.CrossOriginAnnotationIntegrationTests$MethodLevelController.defaultAnnotationWithParams()
09:58:02.022 [Test worker] INFO  org.springframework.web.reactive.result.method.annotation.RequestMappingHandlerMapping - Mapped "{[/ambiguous-header],methods=[GET],headers=[header1=b]}" onto public void org.springframework.web.reactive.result.method.annotation.CrossOriginAnnotationIntegrationTests$MethodLevelController.ambiguousHeader1b()
09:58:02.022 [Test worker] INFO  org.springframework.web.reactive.result.method.annotation.RequestMappingHandlerMapping - Mapped "{[/ambiguous-produces],methods=[GET],produces=[application/json]}" onto public java.lang.String org.springframework.web.reactive.result.method.annotation.CrossOriginAnnotationIntegrationTests$MethodLevelController.ambiguousProducesJson()
09:58:02.023 [Test worker] INFO  org.springframework.web.reactive.result.method.annotation.RequestMappingHandlerMapping - Mapped "{[/ambiguous-header],methods=[GET],headers=[header1=a]}" onto public void org.springframework.web.reactive.result.method.annotation.CrossOriginAnnotationIntegrationTests$MethodLevelController.ambiguousHeader1a()
09:58:02.023 [Test worker] INFO  org.springframework.web.reactive.result.method.annotation.RequestMappingHandlerMapping - Mapped "{[/no],methods=[POST]}" onto public java.lang.String org.springframework.web.reactive.result.method.annotation.CrossOriginAnnotationIntegrationTests$MethodLevelController.noAnnotationPost()
09:58:02.023 [Test worker] INFO  org.springframework.web.reactive.result.method.annotation.RequestMappingHandlerMapping - Mapped "{[/no],methods=[GET]}" onto public java.lang.String org.springframework.web.reactive.result.method.annotation.CrossOriginAnnotationIntegrationTests$MethodLevelController.noAnnotation()
09:58:02.074 [Test worker] INFO  org.springframework.web.reactive.result.method.annotation.ControllerMethodResolver - Looking for @ControllerAdvice: org.springframework.context.annotation.AnnotationConfigApplicationContext@6cbc5efb: startup date [Fri Apr 16 09:58:01 CST 2021]; root of context hierarchy
09:58:02.147 [Test worker] WARN  org.eclipse.jetty.server.handler.ContextHandler - Empty contextPath
09:58:02.147 [Test worker] INFO  org.eclipse.jetty.server.handler.ContextHandler - Started o.e.j.s.ServletContextHandler@48839693{/,null,AVAILABLE}
09:58:02.148 [Test worker] DEBUG org.springframework.http.server.reactive.bootstrap.JettyHttpServer - Starting JettyHttpServer...
09:58:02.148 [Test worker] INFO  org.eclipse.jetty.server.Server - jetty-9.4.19.v20190610; built: 2019-06-10T16:30:51.723Z; git: afcf563148970e98786327af5e07c261fda175d3; jvm 1.8.0_271-b09
09:58:02.151 [Test worker] INFO  org.eclipse.jetty.server.AbstractConnector - Started ServerConnector@3fca1853{HTTP/1.1,[http/1.1]}{0.0.0.0:49447}
09:58:02.151 [Test worker] INFO  org.eclipse.jetty.server.Server - Started @75355ms
09:58:02.151 [Test worker] DEBUG org.springframework.http.server.reactive.bootstrap.JettyHttpServer - Server started on port 49447(0 millis).
09:58:02.153 [qtp1254796090-1328] DEBUG org.springframework.http.server.reactive.ServletHttpHandlerAdapter - Handling completed with success
09:58:02.154 [Test worker] DEBUG org.springframework.http.server.reactive.bootstrap.JettyHttpServer - Stopping JettyHttpServer...
09:58:02.154 [Test worker] INFO  org.eclipse.jetty.server.handler.ContextHandler - Stopped o.e.j.s.ServletContextHandler@48839693{/,null,UNAVAILABLE}
09:58:02.156 [Test worker] INFO  org.eclipse.jetty.server.AbstractConnector - Stopped ServerConnector@3fca1853{HTTP/1.1,[http/1.1]}{0.0.0.0:0}
09:58:02.157 [Test worker] DEBUG org.springframework.http.server.reactive.bootstrap.JettyHttpServer - Server stopped (0 millis).
09:58:02.228 [Test worker] INFO  org.springframework.context.annotation.AnnotationConfigApplicationContext - Refreshing org.springframework.context.annotation.AnnotationConfigApplicationContext@58cd4376: startup date [Fri Apr 16 09:58:02 CST 2021]; root of context hierarchy
09:58:02.254 [Test worker] INFO  org.springframework.beans.factory.annotation.AutowiredAnnotationBeanPostProcessor - JSR-330 'javax.inject.Inject' annotation found and supported for autowiring
09:58:02.257 [Test worker] INFO  org.springframework.web.reactive.result.method.annotation.RequestMappingHandlerMapping - Mapped "{[/foo],methods=[GET]}" onto public java.lang.String org.springframework.web.reactive.result.method.annotation.CrossOriginAnnotationIntegrationTests$ClassLevelController.foo()
09:58:02.257 [Test worker] INFO  org.springframework.web.reactive.result.method.annotation.RequestMappingHandlerMapping - Mapped "{[/bar],methods=[GET]}" onto public java.lang.String org.springframework.web.reactive.result.method.annotation.CrossOriginAnnotationIntegrationTests$ClassLevelController.bar()
09:58:02.257 [Test worker] INFO  org.springframework.web.reactive.result.method.annotation.RequestMappingHandlerMapping - Mapped "{[/baz],methods=[GET]}" onto public java.lang.String org.springframework.web.reactive.result.method.annotation.CrossOriginAnnotationIntegrationTests$ClassLevelController.baz()
09:58:02.258 [Test worker] INFO  org.springframework.web.reactive.result.method.annotation.RequestMappingHandlerMapping - Mapped "{[/origin-value-attribute],methods=[GET]}" onto public java.lang.String org.springframework.web.reactive.result.method.annotation.CrossOriginAnnotationIntegrationTests$MethodLevelController.customOriginDefinedViaValueAttribute()
09:58:02.258 [Test worker] INFO  org.springframework.web.reactive.result.method.annotation.RequestMappingHandlerMapping - Mapped "{[/origin-placeholder],methods=[GET]}" onto public java.lang.String org.springframework.web.reactive.result.method.annotation.CrossOriginAnnotationIntegrationTests$MethodLevelController.customOriginDefinedViaPlaceholder()
09:58:02.258 [Test worker] INFO  org.springframework.web.reactive.result.method.annotation.RequestMappingHandlerMapping - Mapped "{[/customized],methods=[GET || POST]}" onto public java.lang.String org.springframework.web.reactive.result.method.annotation.CrossOriginAnnotationIntegrationTests$MethodLevelController.customized()
09:58:02.258 [Test worker] INFO  org.springframework.web.reactive.result.method.annotation.RequestMappingHandlerMapping - Mapped "{[/ambiguous-produces],methods=[GET],produces=[application/xml]}" onto public java.lang.String org.springframework.web.reactive.result.method.annotation.CrossOriginAnnotationIntegrationTests$MethodLevelController.ambiguousProducesXml()
09:58:02.258 [Test worker] INFO  org.springframework.web.reactive.result.method.annotation.RequestMappingHandlerMapping - Mapped "{[/default],methods=[GET]}" onto public java.lang.String org.springframework.web.reactive.result.method.annotation.CrossOriginAnnotationIntegrationTests$MethodLevelController.defaultAnnotation()
09:58:02.258 [Test worker] INFO  org.springframework.web.reactive.result.method.annotation.RequestMappingHandlerMapping - Mapped "{[/default],methods=[GET],params=[q]}" onto public void org.springframework.web.reactive.result.method.annotation.CrossOriginAnnotationIntegrationTests$MethodLevelController.defaultAnnotationWithParams()
09:58:02.258 [Test worker] INFO  org.springframework.web.reactive.result.method.annotation.RequestMappingHandlerMapping - Mapped "{[/ambiguous-header],methods=[GET],headers=[header1=b]}" onto public void org.springframework.web.reactive.result.method.annotation.CrossOriginAnnotationIntegrationTests$MethodLevelController.ambiguousHeader1b()
09:58:02.259 [Test worker] INFO  org.springframework.web.reactive.result.method.annotation.RequestMappingHandlerMapping - Mapped "{[/ambiguous-produces],methods=[GET],produces=[application/json]}" onto public java.lang.String org.springframework.web.reactive.result.method.annotation.CrossOriginAnnotationIntegrationTests$MethodLevelController.ambiguousProducesJson()
09:58:02.259 [Test worker] INFO  org.springframework.web.reactive.result.method.annotation.RequestMappingHandlerMapping - Mapped "{[/ambiguous-header],methods=[GET],headers=[header1=a]}" onto public void org.springframework.web.reactive.result.method.annotation.CrossOriginAnnotationIntegrationTests$MethodLevelController.ambiguousHeader1a()
09:58:02.259 [Test worker] INFO  org.springframework.web.reactive.result.method.annotation.RequestMappingHandlerMapping - Mapped "{[/no],methods=[POST]}" onto public java.lang.String org.springframework.web.reactive.result.method.annotation.CrossOriginAnnotationIntegrationTests$MethodLevelController.noAnnotationPost()
09:58:02.259 [Test worker] INFO  org.springframework.web.reactive.result.method.annotation.RequestMappingHandlerMapping - Mapped "{[/no],methods=[GET]}" onto public java.lang.String org.springframework.web.reactive.result.method.annotation.CrossOriginAnnotationIntegrationTests$MethodLevelController.noAnnotation()
09:58:02.309 [Test worker] INFO  org.springframework.web.reactive.result.method.annotation.ControllerMethodResolver - Looking for @ControllerAdvice: org.springframework.context.annotation.AnnotationConfigApplicationContext@58cd4376: startup date [Fri Apr 16 09:58:02 CST 2021]; root of context hierarchy
09:58:02.382 [Test worker] WARN  org.eclipse.jetty.server.handler.ContextHandler - Empty contextPath
09:58:02.382 [Test worker] INFO  org.eclipse.jetty.server.handler.ContextHandler - Started o.e.j.s.ServletContextHandler@2c20f588{/,null,AVAILABLE}
09:58:02.382 [Test worker] DEBUG org.springframework.http.server.reactive.bootstrap.JettyHttpServer - Starting JettyHttpServer...
09:58:02.382 [Test worker] INFO  org.eclipse.jetty.server.Server - jetty-9.4.19.v20190610; built: 2019-06-10T16:30:51.723Z; git: afcf563148970e98786327af5e07c261fda175d3; jvm 1.8.0_271-b09
09:58:02.386 [Test worker] INFO  org.eclipse.jetty.server.AbstractConnector - Started ServerConnector@1418e177{HTTP/1.1,[http/1.1]}{0.0.0.0:49461}
09:58:02.386 [Test worker] INFO  org.eclipse.jetty.server.Server - Started @75589ms
09:58:02.386 [Test worker] DEBUG org.springframework.http.server.reactive.bootstrap.JettyHttpServer - Server started on port 49461(0 millis).
09:58:02.412 [qtp1791821077-1338] DEBUG org.springframework.http.server.reactive.ServletHttpHandlerAdapter - Handling completed with success
09:58:02.413 [Test worker] DEBUG org.springframework.http.server.reactive.bootstrap.JettyHttpServer - Stopping JettyHttpServer...
09:58:02.413 [Test worker] INFO  org.eclipse.jetty.server.handler.ContextHandler - Stopped o.e.j.s.ServletContextHandler@2c20f588{/,null,UNAVAILABLE}
09:58:02.416 [Test worker] INFO  org.eclipse.jetty.server.AbstractConnector - Stopped ServerConnector@1418e177{HTTP/1.1,[http/1.1]}{0.0.0.0:0}
09:58:02.416 [Test worker] DEBUG org.springframework.http.server.reactive.bootstrap.JettyHttpServer - Server stopped (0 millis).
09:58:02.488 [Test worker] INFO  org.springframework.context.annotation.AnnotationConfigApplicationContext - Refreshing org.springframework.context.annotation.AnnotationConfigApplicationContext@430ad775: startup date [Fri Apr 16 09:58:02 CST 2021]; root of context hierarchy
09:58:02.516 [Test worker] INFO  org.springframework.beans.factory.annotation.AutowiredAnnotationBeanPostProcessor - JSR-330 'javax.inject.Inject' annotation found and supported for autowiring
09:58:02.518 [Test worker] INFO  org.springframework.web.reactive.result.method.annotation.RequestMappingHandlerMapping - Mapped "{[/foo],methods=[GET]}" onto public java.lang.String org.springframework.web.reactive.result.method.annotation.CrossOriginAnnotationIntegrationTests$ClassLevelController.foo()
09:58:02.518 [Test worker] INFO  org.springframework.web.reactive.result.method.annotation.RequestMappingHandlerMapping - Mapped "{[/bar],methods=[GET]}" onto public java.lang.String org.springframework.web.reactive.result.method.annotation.CrossOriginAnnotationIntegrationTests$ClassLevelController.bar()
09:58:02.518 [Test worker] INFO  org.springframework.web.reactive.result.method.annotation.RequestMappingHandlerMapping - Mapped "{[/baz],methods=[GET]}" onto public java.lang.String org.springframework.web.reactive.result.method.annotation.CrossOriginAnnotationIntegrationTests$ClassLevelController.baz()
09:58:02.519 [Test worker] INFO  org.springframework.web.reactive.result.method.annotation.RequestMappingHandlerMapping - Mapped "{[/origin-value-attribute],methods=[GET]}" onto public java.lang.String org.springframework.web.reactive.result.method.annotation.CrossOriginAnnotationIntegrationTests$MethodLevelController.customOriginDefinedViaValueAttribute()
09:58:02.519 [Test worker] INFO  org.springframework.web.reactive.result.method.annotation.RequestMappingHandlerMapping - Mapped "{[/origin-placeholder],methods=[GET]}" onto public java.lang.String org.springframework.web.reactive.result.method.annotation.CrossOriginAnnotationIntegrationTests$MethodLevelController.customOriginDefinedViaPlaceholder()
09:58:02.519 [Test worker] INFO  org.springframework.web.reactive.result.method.annotation.RequestMappingHandlerMapping - Mapped "{[/customized],methods=[GET || POST]}" onto public java.lang.String org.springframework.web.reactive.result.method.annotation.CrossOriginAnnotationIntegrationTests$MethodLevelController.customized()
09:58:02.519 [Test worker] INFO  org.springframework.web.reactive.result.method.annotation.RequestMappingHandlerMapping - Mapped "{[/ambiguous-produces],methods=[GET],produces=[application/xml]}" onto public java.lang.String org.springframework.web.reactive.result.method.annotation.CrossOriginAnnotationIntegrationTests$MethodLevelController.ambiguousProducesXml()
09:58:02.519 [Test worker] INFO  org.springframework.web.reactive.result.method.annotation.RequestMappingHandlerMapping - Mapped "{[/default],methods=[GET]}" onto public java.lang.String org.springframework.web.reactive.result.method.annotation.CrossOriginAnnotationIntegrationTests$MethodLevelController.defaultAnnotation()
09:58:02.519 [Test worker] INFO  org.springframework.web.reactive.result.method.annotation.RequestMappingHandlerMapping - Mapped "{[/default],methods=[GET],params=[q]}" onto public void org.springframework.web.reactive.result.method.annotation.CrossOriginAnnotationIntegrationTests$MethodLevelController.defaultAnnotationWithParams()
09:58:02.519 [Test worker] INFO  org.springframework.web.reactive.result.method.annotation.RequestMappingHandlerMapping - Mapped "{[/ambiguous-header],methods=[GET],headers=[header1=b]}" onto public void org.springframework.web.reactive.result.method.annotation.CrossOriginAnnotationIntegrationTests$MethodLevelController.ambiguousHeader1b()
09:58:02.519 [Test worker] INFO  org.springframework.web.reactive.result.method.annotation.RequestMappingHandlerMapping - Mapped "{[/ambiguous-produces],methods=[GET],produces=[application/json]}" onto public java.lang.String org.springframework.web.reactive.result.method.annotation.CrossOriginAnnotationIntegrationTests$MethodLevelController.ambiguousProducesJson()
09:58:02.519 [Test worker] INFO  org.springframework.web.reactive.result.method.annotation.RequestMappingHandlerMapping - Mapped "{[/ambiguous-header],methods=[GET],headers=[header1=a]}" onto public void org.springframework.web.reactive.result.method.annotation.CrossOriginAnnotationIntegrationTests$MethodLevelController.ambiguousHeader1a()
09:58:02.520 [Test worker] INFO  org.springframework.web.reactive.result.method.annotation.RequestMappingHandlerMapping - Mapped "{[/no],methods=[POST]}" onto public java.lang.String org.springframework.web.reactive.result.method.annotation.CrossOriginAnnotationIntegrationTests$MethodLevelController.noAnnotationPost()
09:58:02.520 [Test worker] INFO  org.springframework.web.reactive.result.method.annotation.RequestMappingHandlerMapping - Mapped "{[/no],methods=[GET]}" onto public java.lang.String org.springframework.web.reactive.result.method.annotation.CrossOriginAnnotationIntegrationTests$MethodLevelController.noAnnotation()
09:58:02.577 [Test worker] INFO  org.springframework.web.reactive.result.method.annotation.ControllerMethodResolver - Looking for @ControllerAdvice: org.springframework.context.annotation.AnnotationConfigApplicationContext@430ad775: startup date [Fri Apr 16 09:58:02 CST 2021]; root of context hierarchy
09:58:02.651 [Test worker] WARN  org.eclipse.jetty.server.handler.ContextHandler - Empty contextPath
09:58:02.651 [Test worker] INFO  org.eclipse.jetty.server.handler.ContextHandler - Started o.e.j.s.ServletContextHandler@1f37344f{/,null,AVAILABLE}
09:58:02.651 [Test worker] DEBUG org.springframework.http.server.reactive.bootstrap.JettyHttpServer - Starting JettyHttpServer...
09:58:02.651 [Test worker] INFO  org.eclipse.jetty.server.Server - jetty-9.4.19.v20190610; built: 2019-06-10T16:30:51.723Z; git: afcf563148970e98786327af5e07c261fda175d3; jvm 1.8.0_271-b09
09:58:02.657 [Test worker] INFO  org.eclipse.jetty.server.AbstractConnector - Started ServerConnector@21e3518d{HTTP/1.1,[http/1.1]}{0.0.0.0:49476}
09:58:02.657 [Test worker] INFO  org.eclipse.jetty.server.Server - Started @75860ms
09:58:02.657 [Test worker] DEBUG org.springframework.http.server.reactive.bootstrap.JettyHttpServer - Server started on port 49476(0 millis).
09:58:02.659 [qtp1810415343-1348] DEBUG org.springframework.http.server.reactive.ServletHttpHandlerAdapter - Handling completed with success
09:58:02.659 [Test worker] DEBUG org.springframework.http.server.reactive.bootstrap.JettyHttpServer - Stopping JettyHttpServer...
09:58:02.659 [Test worker] INFO  org.eclipse.jetty.server.handler.ContextHandler - Stopped o.e.j.s.ServletContextHandler@1f37344f{/,null,UNAVAILABLE}
09:58:02.662 [Test worker] INFO  org.eclipse.jetty.server.AbstractConnector - Stopped ServerConnector@21e3518d{HTTP/1.1,[http/1.1]}{0.0.0.0:0}
09:58:02.663 [Test worker] DEBUG org.springframework.http.server.reactive.bootstrap.JettyHttpServer - Server stopped (0 millis).
09:58:02.729 [Test worker] INFO  org.springframework.context.annotation.AnnotationConfigApplicationContext - Refreshing org.springframework.context.annotation.AnnotationConfigApplicationContext@4deb7e96: startup date [Fri Apr 16 09:58:02 CST 2021]; root of context hierarchy
09:58:02.752 [Test worker] INFO  org.springframework.beans.factory.annotation.AutowiredAnnotationBeanPostProcessor - JSR-330 'javax.inject.Inject' annotation found and supported for autowiring
09:58:02.754 [Test worker] INFO  org.springframework.web.reactive.result.method.annotation.RequestMappingHandlerMapping - Mapped "{[/foo],methods=[GET]}" onto public java.lang.String org.springframework.web.reactive.result.method.annotation.CrossOriginAnnotationIntegrationTests$ClassLevelController.foo()
09:58:02.754 [Test worker] INFO  org.springframework.web.reactive.result.method.annotation.RequestMappingHandlerMapping - Mapped "{[/bar],methods=[GET]}" onto public java.lang.String org.springframework.web.reactive.result.method.annotation.CrossOriginAnnotationIntegrationTests$ClassLevelController.bar()
09:58:02.754 [Test worker] INFO  org.springframework.web.reactive.result.method.annotation.RequestMappingHandlerMapping - Mapped "{[/baz],methods=[GET]}" onto public java.lang.String org.springframework.web.reactive.result.method.annotation.CrossOriginAnnotationIntegrationTests$ClassLevelController.baz()
09:58:02.755 [Test worker] INFO  org.springframework.web.reactive.result.method.annotation.RequestMappingHandlerMapping - Mapped "{[/origin-value-attribute],methods=[GET]}" onto public java.lang.String org.springframework.web.reactive.result.method.annotation.CrossOriginAnnotationIntegrationTests$MethodLevelController.customOriginDefinedViaValueAttribute()
09:58:02.755 [Test worker] INFO  org.springframework.web.reactive.result.method.annotation.RequestMappingHandlerMapping - Mapped "{[/origin-placeholder],methods=[GET]}" onto public java.lang.String org.springframework.web.reactive.result.method.annotation.CrossOriginAnnotationIntegrationTests$MethodLevelController.customOriginDefinedViaPlaceholder()
09:58:02.755 [Test worker] INFO  org.springframework.web.reactive.result.method.annotation.RequestMappingHandlerMapping - Mapped "{[/customized],methods=[GET || POST]}" onto public java.lang.String org.springframework.web.reactive.result.method.annotation.CrossOriginAnnotationIntegrationTests$MethodLevelController.customized()
09:58:02.755 [Test worker] INFO  org.springframework.web.reactive.result.method.annotation.RequestMappingHandlerMapping - Mapped "{[/ambiguous-produces],methods=[GET],produces=[application/xml]}" onto public java.lang.String org.springframework.web.reactive.result.method.annotation.CrossOriginAnnotationIntegrationTests$MethodLevelController.ambiguousProducesXml()
09:58:02.755 [Test worker] INFO  org.springframework.web.reactive.result.method.annotation.RequestMappingHandlerMapping - Mapped "{[/default],methods=[GET]}" onto public java.lang.String org.springframework.web.reactive.result.method.annotation.CrossOriginAnnotationIntegrationTests$MethodLevelController.defaultAnnotation()
09:58:02.755 [Test worker] INFO  org.springframework.web.reactive.result.method.annotation.RequestMappingHandlerMapping - Mapped "{[/default],methods=[GET],params=[q]}" onto public void org.springframework.web.reactive.result.method.annotation.CrossOriginAnnotationIntegrationTests$MethodLevelController.defaultAnnotationWithParams()
09:58:02.755 [Test worker] INFO  org.springframework.web.reactive.result.method.annotation.RequestMappingHandlerMapping - Mapped "{[/ambiguous-header],methods=[GET],headers=[header1=b]}" onto public void org.springframework.web.reactive.result.method.annotation.CrossOriginAnnotationIntegrationTests$MethodLevelController.ambiguousHeader1b()
09:58:02.755 [Test worker] INFO  org.springframework.web.reactive.result.method.annotation.RequestMappingHandlerMapping - Mapped "{[/ambiguous-produces],methods=[GET],produces=[application/json]}" onto public java.lang.String org.springframework.web.reactive.result.method.annotation.CrossOriginAnnotationIntegrationTests$MethodLevelController.ambiguousProducesJson()
09:58:02.755 [Test worker] INFO  org.springframework.web.reactive.result.method.annotation.RequestMappingHandlerMapping - Mapped "{[/ambiguous-header],methods=[GET],headers=[header1=a]}" onto public void org.springframework.web.reactive.result.method.annotation.CrossOriginAnnotationIntegrationTests$MethodLevelController.ambiguousHeader1a()
09:58:02.755 [Test worker] INFO  org.springframework.web.reactive.result.method.annotation.RequestMappingHandlerMapping - Mapped "{[/no],methods=[POST]}" onto public java.lang.String org.springframework.web.reactive.result.method.annotation.CrossOriginAnnotationIntegrationTests$MethodLevelController.noAnnotationPost()
09:58:02.756 [Test worker] INFO  org.springframework.web.reactive.result.method.annotation.RequestMappingHandlerMapping - Mapped "{[/no],methods=[GET]}" onto public java.lang.String org.springframework.web.reactive.result.method.annotation.CrossOriginAnnotationIntegrationTests$MethodLevelController.noAnnotation()
09:58:02.803 [Test worker] INFO  org.springframework.web.reactive.result.method.annotation.ControllerMethodResolver - Looking for @ControllerAdvice: org.springframework.context.annotation.AnnotationConfigApplicationContext@4deb7e96: startup date [Fri Apr 16 09:58:02 CST 2021]; root of context hierarchy
09:58:02.870 [Test worker] WARN  org.eclipse.jetty.server.handler.ContextHandler - Empty contextPath
09:58:02.870 [Test worker] INFO  org.eclipse.jetty.server.handler.ContextHandler - Started o.e.j.s.ServletContextHandler@5b96ba75{/,null,AVAILABLE}
09:58:02.870 [Test worker] DEBUG org.springframework.http.server.reactive.bootstrap.JettyHttpServer - Starting JettyHttpServer...
09:58:02.870 [Test worker] INFO  org.eclipse.jetty.server.Server - jetty-9.4.19.v20190610; built: 2019-06-10T16:30:51.723Z; git: afcf563148970e98786327af5e07c261fda175d3; jvm 1.8.0_271-b09
09:58:02.874 [Test worker] INFO  org.eclipse.jetty.server.AbstractConnector - Started ServerConnector@4ae8fbb9{HTTP/1.1,[http/1.1]}{0.0.0.0:49490}
09:58:02.874 [Test worker] INFO  org.eclipse.jetty.server.Server - Started @76078ms
09:58:02.874 [Test worker] DEBUG org.springframework.http.server.reactive.bootstrap.JettyHttpServer - Server started on port 49490(0 millis).
09:58:02.877 [qtp57756968-1358] DEBUG org.springframework.http.server.reactive.ServletHttpHandlerAdapter - Handling completed with success
09:58:02.877 [Test worker] DEBUG org.springframework.http.server.reactive.bootstrap.JettyHttpServer - Stopping JettyHttpServer...
09:58:02.877 [Test worker] INFO  org.eclipse.jetty.server.handler.ContextHandler - Stopped o.e.j.s.ServletContextHandler@5b96ba75{/,null,UNAVAILABLE}
09:58:02.880 [Test worker] INFO  org.eclipse.jetty.server.AbstractConnector - Stopped ServerConnector@4ae8fbb9{HTTP/1.1,[http/1.1]}{0.0.0.0:0}
09:58:02.880 [Test worker] DEBUG org.springframework.http.server.reactive.bootstrap.JettyHttpServer - Server stopped (0 millis).
09:58:02.947 [Test worker] INFO  org.springframework.context.annotation.AnnotationConfigApplicationContext - Refreshing org.springframework.context.annotation.AnnotationConfigApplicationContext@701f3db: startup date [Fri Apr 16 09:58:02 CST 2021]; root of context hierarchy
09:58:02.970 [Test worker] INFO  org.springframework.beans.factory.annotation.AutowiredAnnotationBeanPostProcessor - JSR-330 'javax.inject.Inject' annotation found and supported for autowiring
09:58:02.972 [Test worker] INFO  org.springframework.web.reactive.result.method.annotation.RequestMappingHandlerMapping - Mapped "{[/foo],methods=[GET]}" onto public java.lang.String org.springframework.web.reactive.result.method.annotation.CrossOriginAnnotationIntegrationTests$ClassLevelController.foo()
09:58:02.972 [Test worker] INFO  org.springframework.web.reactive.result.method.annotation.RequestMappingHandlerMapping - Mapped "{[/bar],methods=[GET]}" onto public java.lang.String org.springframework.web.reactive.result.method.annotation.CrossOriginAnnotationIntegrationTests$ClassLevelController.bar()
09:58:02.972 [Test worker] INFO  org.springframework.web.reactive.result.method.annotation.RequestMappingHandlerMapping - Mapped "{[/baz],methods=[GET]}" onto public java.lang.String org.springframework.web.reactive.result.method.annotation.CrossOriginAnnotationIntegrationTests$ClassLevelController.baz()
09:58:02.974 [Test worker] INFO  org.springframework.web.reactive.result.method.annotation.RequestMappingHandlerMapping - Mapped "{[/origin-value-attribute],methods=[GET]}" onto public java.lang.String org.springframework.web.reactive.result.method.annotation.CrossOriginAnnotationIntegrationTests$MethodLevelController.customOriginDefinedViaValueAttribute()
09:58:02.974 [Test worker] INFO  org.springframework.web.reactive.result.method.annotation.RequestMappingHandlerMapping - Mapped "{[/origin-placeholder],methods=[GET]}" onto public java.lang.String org.springframework.web.reactive.result.method.annotation.CrossOriginAnnotationIntegrationTests$MethodLevelController.customOriginDefinedViaPlaceholder()
09:58:02.974 [Test worker] INFO  org.springframework.web.reactive.result.method.annotation.RequestMappingHandlerMapping - Mapped "{[/customized],methods=[GET || POST]}" onto public java.lang.String org.springframework.web.reactive.result.method.annotation.CrossOriginAnnotationIntegrationTests$MethodLevelController.customized()
09:58:02.974 [Test worker] INFO  org.springframework.web.reactive.result.method.annotation.RequestMappingHandlerMapping - Mapped "{[/ambiguous-produces],methods=[GET],produces=[application/xml]}" onto public java.lang.String org.springframework.web.reactive.result.method.annotation.CrossOriginAnnotationIntegrationTests$MethodLevelController.ambiguousProducesXml()
09:58:02.974 [Test worker] INFO  org.springframework.web.reactive.result.method.annotation.RequestMappingHandlerMapping - Mapped "{[/default],methods=[GET]}" onto public java.lang.String org.springframework.web.reactive.result.method.annotation.CrossOriginAnnotationIntegrationTests$MethodLevelController.defaultAnnotation()
09:58:02.974 [Test worker] INFO  org.springframework.web.reactive.result.method.annotation.RequestMappingHandlerMapping - Mapped "{[/default],methods=[GET],params=[q]}" onto public void org.springframework.web.reactive.result.method.annotation.CrossOriginAnnotationIntegrationTests$MethodLevelController.defaultAnnotationWithParams()
09:58:02.974 [Test worker] INFO  org.springframework.web.reactive.result.method.annotation.RequestMappingHandlerMapping - Mapped "{[/ambiguous-header],methods=[GET],headers=[header1=b]}" onto public void org.springframework.web.reactive.result.method.annotation.CrossOriginAnnotationIntegrationTests$MethodLevelController.ambiguousHeader1b()
09:58:02.974 [Test worker] INFO  org.springframework.web.reactive.result.method.annotation.RequestMappingHandlerMapping - Mapped "{[/ambiguous-produces],methods=[GET],produces=[application/json]}" onto public java.lang.String org.springframework.web.reactive.result.method.annotation.CrossOriginAnnotationIntegrationTests$MethodLevelController.ambiguousProducesJson()
09:58:02.974 [Test worker] INFO  org.springframework.web.reactive.result.method.annotation.RequestMappingHandlerMapping - Mapped "{[/ambiguous-header],methods=[GET],headers=[header1=a]}" onto public void org.springframework.web.reactive.result.method.annotation.CrossOriginAnnotationIntegrationTests$MethodLevelController.ambiguousHeader1a()
09:58:02.974 [Test worker] INFO  org.springframework.web.reactive.result.method.annotation.RequestMappingHandlerMapping - Mapped "{[/no],methods=[POST]}" onto public java.lang.String org.springframework.web.reactive.result.method.annotation.CrossOriginAnnotationIntegrationTests$MethodLevelController.noAnnotationPost()
09:58:02.974 [Test worker] INFO  org.springframework.web.reactive.result.method.annotation.RequestMappingHandlerMapping - Mapped "{[/no],methods=[GET]}" onto public java.lang.String org.springframework.web.reactive.result.method.annotation.CrossOriginAnnotationIntegrationTests$MethodLevelController.noAnnotation()
09:58:03.024 [Test worker] INFO  org.springframework.web.reactive.result.method.annotation.ControllerMethodResolver - Looking for @ControllerAdvice: org.springframework.context.annotation.AnnotationConfigApplicationContext@701f3db: startup date [Fri Apr 16 09:58:02 CST 2021]; root of context hierarchy
09:58:03.094 [Test worker] WARN  org.eclipse.jetty.server.handler.ContextHandler - Empty contextPath
09:58:03.094 [Test worker] INFO  org.eclipse.jetty.server.handler.ContextHandler - Started o.e.j.s.ServletContextHandler@28a1b748{/,null,AVAILABLE}
09:58:03.094 [Test worker] DEBUG org.springframework.http.server.reactive.bootstrap.JettyHttpServer - Starting JettyHttpServer...
09:58:03.094 [Test worker] INFO  org.eclipse.jetty.server.Server - jetty-9.4.19.v20190610; built: 2019-06-10T16:30:51.723Z; git: afcf563148970e98786327af5e07c261fda175d3; jvm 1.8.0_271-b09
09:58:03.098 [Test worker] INFO  org.eclipse.jetty.server.AbstractConnector - Started ServerConnector@20fcf4f5{HTTP/1.1,[http/1.1]}{0.0.0.0:49505}
09:58:03.098 [Test worker] INFO  org.eclipse.jetty.server.Server - Started @76301ms
09:58:03.098 [Test worker] DEBUG org.springframework.http.server.reactive.bootstrap.JettyHttpServer - Server started on port 49505(0 millis).
09:58:03.107 [qtp428722657-1368] DEBUG org.springframework.http.server.reactive.ServletHttpHandlerAdapter - Handling completed with success
09:58:03.107 [Test worker] DEBUG org.springframework.http.server.reactive.bootstrap.JettyHttpServer - Stopping JettyHttpServer...
09:58:03.107 [Test worker] INFO  org.eclipse.jetty.server.handler.ContextHandler - Stopped o.e.j.s.ServletContextHandler@28a1b748{/,null,UNAVAILABLE}
09:58:03.110 [Test worker] INFO  org.eclipse.jetty.server.AbstractConnector - Stopped ServerConnector@20fcf4f5{HTTP/1.1,[http/1.1]}{0.0.0.0:0}
09:58:03.111 [Test worker] DEBUG org.springframework.http.server.reactive.bootstrap.JettyHttpServer - Server stopped (0 millis).
09:58:03.177 [Test worker] INFO  org.springframework.context.annotation.AnnotationConfigApplicationContext - Refreshing org.springframework.context.annotation.AnnotationConfigApplicationContext@3c7a19c6: startup date [Fri Apr 16 09:58:03 CST 2021]; root of context hierarchy
09:58:03.202 [Test worker] INFO  org.springframework.beans.factory.annotation.AutowiredAnnotationBeanPostProcessor - JSR-330 'javax.inject.Inject' annotation found and supported for autowiring
09:58:03.204 [Test worker] INFO  org.springframework.web.reactive.result.method.annotation.RequestMappingHandlerMapping - Mapped "{[/foo],methods=[GET]}" onto public java.lang.String org.springframework.web.reactive.result.method.annotation.CrossOriginAnnotationIntegrationTests$ClassLevelController.foo()
09:58:03.204 [Test worker] INFO  org.springframework.web.reactive.result.method.annotation.RequestMappingHandlerMapping - Mapped "{[/bar],methods=[GET]}" onto public java.lang.String org.springframework.web.reactive.result.method.annotation.CrossOriginAnnotationIntegrationTests$ClassLevelController.bar()
09:58:03.204 [Test worker] INFO  org.springframework.web.reactive.result.method.annotation.RequestMappingHandlerMapping - Mapped "{[/baz],methods=[GET]}" onto public java.lang.String org.springframework.web.reactive.result.method.annotation.CrossOriginAnnotationIntegrationTests$ClassLevelController.baz()
09:58:03.205 [Test worker] INFO  org.springframework.web.reactive.result.method.annotation.RequestMappingHandlerMapping - Mapped "{[/origin-value-attribute],methods=[GET]}" onto public java.lang.String org.springframework.web.reactive.result.method.annotation.CrossOriginAnnotationIntegrationTests$MethodLevelController.customOriginDefinedViaValueAttribute()
09:58:03.205 [Test worker] INFO  org.springframework.web.reactive.result.method.annotation.RequestMappingHandlerMapping - Mapped "{[/origin-placeholder],methods=[GET]}" onto public java.lang.String org.springframework.web.reactive.result.method.annotation.CrossOriginAnnotationIntegrationTests$MethodLevelController.customOriginDefinedViaPlaceholder()
09:58:03.205 [Test worker] INFO  org.springframework.web.reactive.result.method.annotation.RequestMappingHandlerMapping - Mapped "{[/customized],methods=[GET || POST]}" onto public java.lang.String org.springframework.web.reactive.result.method.annotation.CrossOriginAnnotationIntegrationTests$MethodLevelController.customized()
09:58:03.205 [Test worker] INFO  org.springframework.web.reactive.result.method.annotation.RequestMappingHandlerMapping - Mapped "{[/ambiguous-produces],methods=[GET],produces=[application/xml]}" onto public java.lang.String org.springframework.web.reactive.result.method.annotation.CrossOriginAnnotationIntegrationTests$MethodLevelController.ambiguousProducesXml()
09:58:03.205 [Test worker] INFO  org.springframework.web.reactive.result.method.annotation.RequestMappingHandlerMapping - Mapped "{[/default],methods=[GET]}" onto public java.lang.String org.springframework.web.reactive.result.method.annotation.CrossOriginAnnotationIntegrationTests$MethodLevelController.defaultAnnotation()
09:58:03.205 [Test worker] INFO  org.springframework.web.reactive.result.method.annotation.RequestMappingHandlerMapping - Mapped "{[/default],methods=[GET],params=[q]}" onto public void org.springframework.web.reactive.result.method.annotation.CrossOriginAnnotationIntegrationTests$MethodLevelController.defaultAnnotationWithParams()
09:58:03.205 [Test worker] INFO  org.springframework.web.reactive.result.method.annotation.RequestMappingHandlerMapping - Mapped "{[/ambiguous-header],methods=[GET],headers=[header1=b]}" onto public void org.springframework.web.reactive.result.method.annotation.CrossOriginAnnotationIntegrationTests$MethodLevelController.ambiguousHeader1b()
09:58:03.205 [Test worker] INFO  org.springframework.web.reactive.result.method.annotation.RequestMappingHandlerMapping - Mapped "{[/ambiguous-produces],methods=[GET],produces=[application/json]}" onto public java.lang.String org.springframework.web.reactive.result.method.annotation.CrossOriginAnnotationIntegrationTests$MethodLevelController.ambiguousProducesJson()
09:58:03.205 [Test worker] INFO  org.springframework.web.reactive.result.method.annotation.RequestMappingHandlerMapping - Mapped "{[/ambiguous-header],methods=[GET],headers=[header1=a]}" onto public void org.springframework.web.reactive.result.method.annotation.CrossOriginAnnotationIntegrationTests$MethodLevelController.ambiguousHeader1a()
09:58:03.206 [Test worker] INFO  org.springframework.web.reactive.result.method.annotation.RequestMappingHandlerMapping - Mapped "{[/no],methods=[POST]}" onto public java.lang.String org.springframework.web.reactive.result.method.annotation.CrossOriginAnnotationIntegrationTests$MethodLevelController.noAnnotationPost()
09:58:03.206 [Test worker] INFO  org.springframework.web.reactive.result.method.annotation.RequestMappingHandlerMapping - Mapped "{[/no],methods=[GET]}" onto public java.lang.String org.springframework.web.reactive.result.method.annotation.CrossOriginAnnotationIntegrationTests$MethodLevelController.noAnnotation()
09:58:03.257 [Test worker] INFO  org.springframework.web.reactive.result.method.annotation.ControllerMethodResolver - Looking for @ControllerAdvice: org.springframework.context.annotation.AnnotationConfigApplicationContext@3c7a19c6: startup date [Fri Apr 16 09:58:03 CST 2021]; root of context hierarchy
09:58:03.332 [Test worker] DEBUG org.springframework.http.server.reactive.bootstrap.ReactorHttpServer - Starting ReactorHttpServer...
09:58:03.333 [Test worker] DEBUG org.springframework.http.server.reactive.bootstrap.ReactorHttpServer - Server started on port 49520(0 millis).
09:58:03.336 [reactor-http-nio-2] DEBUG org.springframework.http.server.reactive.ReactorHttpHandlerAdapter - Handling completed with success
09:58:03.336 [Test worker] DEBUG org.springframework.http.server.reactive.bootstrap.ReactorHttpServer - Stopping ReactorHttpServer...
09:58:03.336 [Test worker] DEBUG org.springframework.http.server.reactive.bootstrap.ReactorHttpServer - Server stopped (0 millis).
09:58:03.403 [Test worker] INFO  org.springframework.context.annotation.AnnotationConfigApplicationContext - Refreshing org.springframework.context.annotation.AnnotationConfigApplicationContext@20311b40: startup date [Fri Apr 16 09:58:03 CST 2021]; root of context hierarchy
09:58:03.424 [Test worker] INFO  org.springframework.beans.factory.annotation.AutowiredAnnotationBeanPostProcessor - JSR-330 'javax.inject.Inject' annotation found and supported for autowiring
09:58:03.426 [Test worker] INFO  org.springframework.web.reactive.result.method.annotation.RequestMappingHandlerMapping - Mapped "{[/foo],methods=[GET]}" onto public java.lang.String org.springframework.web.reactive.result.method.annotation.CrossOriginAnnotationIntegrationTests$ClassLevelController.foo()
09:58:03.426 [Test worker] INFO  org.springframework.web.reactive.result.method.annotation.RequestMappingHandlerMapping - Mapped "{[/bar],methods=[GET]}" onto public java.lang.String org.springframework.web.reactive.result.method.annotation.CrossOriginAnnotationIntegrationTests$ClassLevelController.bar()
09:58:03.426 [Test worker] INFO  org.springframework.web.reactive.result.method.annotation.RequestMappingHandlerMapping - Mapped "{[/baz],methods=[GET]}" onto public java.lang.String org.springframework.web.reactive.result.method.annotation.CrossOriginAnnotationIntegrationTests$ClassLevelController.baz()
09:58:03.427 [Test worker] INFO  org.springframework.web.reactive.result.method.annotation.RequestMappingHandlerMapping - Mapped "{[/origin-value-attribute],methods=[GET]}" onto public java.lang.String org.springframework.web.reactive.result.method.annotation.CrossOriginAnnotationIntegrationTests$MethodLevelController.customOriginDefinedViaValueAttribute()
09:58:03.427 [Test worker] INFO  org.springframework.web.reactive.result.method.annotation.RequestMappingHandlerMapping - Mapped "{[/origin-placeholder],methods=[GET]}" onto public java.lang.String org.springframework.web.reactive.result.method.annotation.CrossOriginAnnotationIntegrationTests$MethodLevelController.customOriginDefinedViaPlaceholder()
09:58:03.427 [Test worker] INFO  org.springframework.web.reactive.result.method.annotation.RequestMappingHandlerMapping - Mapped "{[/customized],methods=[GET || POST]}" onto public java.lang.String org.springframework.web.reactive.result.method.annotation.CrossOriginAnnotationIntegrationTests$MethodLevelController.customized()
09:58:03.427 [Test worker] INFO  org.springframework.web.reactive.result.method.annotation.RequestMappingHandlerMapping - Mapped "{[/ambiguous-produces],methods=[GET],produces=[application/xml]}" onto public java.lang.String org.springframework.web.reactive.result.method.annotation.CrossOriginAnnotationIntegrationTests$MethodLevelController.ambiguousProducesXml()
09:58:03.427 [Test worker] INFO  org.springframework.web.reactive.result.method.annotation.RequestMappingHandlerMapping - Mapped "{[/default],methods=[GET]}" onto public java.lang.String org.springframework.web.reactive.result.method.annotation.CrossOriginAnnotationIntegrationTests$MethodLevelController.defaultAnnotation()
09:58:03.428 [Test worker] INFO  org.springframework.web.reactive.result.method.annotation.RequestMappingHandlerMapping - Mapped "{[/default],methods=[GET],params=[q]}" onto public void org.springframework.web.reactive.result.method.annotation.CrossOriginAnnotationIntegrationTests$MethodLevelController.defaultAnnotationWithParams()
09:58:03.428 [Test worker] INFO  org.springframework.web.reactive.result.method.annotation.RequestMappingHandlerMapping - Mapped "{[/ambiguous-header],methods=[GET],headers=[header1=b]}" onto public void org.springframework.web.reactive.result.method.annotation.CrossOriginAnnotationIntegrationTests$MethodLevelController.ambiguousHeader1b()
09:58:03.428 [Test worker] INFO  org.springframework.web.reactive.result.method.annotation.RequestMappingHandlerMapping - Mapped "{[/ambiguous-produces],methods=[GET],produces=[application/json]}" onto public java.lang.String org.springframework.web.reactive.result.method.annotation.CrossOriginAnnotationIntegrationTests$MethodLevelController.ambiguousProducesJson()
09:58:03.428 [Test worker] INFO  org.springframework.web.reactive.result.method.annotation.RequestMappingHandlerMapping - Mapped "{[/ambiguous-header],methods=[GET],headers=[header1=a]}" onto public void org.springframework.web.reactive.result.method.annotation.CrossOriginAnnotationIntegrationTests$MethodLevelController.ambiguousHeader1a()
09:58:03.428 [Test worker] INFO  org.springframework.web.reactive.result.method.annotation.RequestMappingHandlerMapping - Mapped "{[/no],methods=[POST]}" onto public java.lang.String org.springframework.web.reactive.result.method.annotation.CrossOriginAnnotationIntegrationTests$MethodLevelController.noAnnotationPost()
09:58:03.428 [Test worker] INFO  org.springframework.web.reactive.result.method.annotation.RequestMappingHandlerMapping - Mapped "{[/no],methods=[GET]}" onto public java.lang.String org.springframework.web.reactive.result.method.annotation.CrossOriginAnnotationIntegrationTests$MethodLevelController.noAnnotation()
09:58:03.476 [Test worker] INFO  org.springframework.web.reactive.result.method.annotation.ControllerMethodResolver - Looking for @ControllerAdvice: org.springframework.context.annotation.AnnotationConfigApplicationContext@20311b40: startup date [Fri Apr 16 09:58:03 CST 2021]; root of context hierarchy
09:58:03.543 [Test worker] DEBUG org.springframework.http.server.reactive.bootstrap.ReactorHttpServer - Starting ReactorHttpServer...
09:58:03.544 [Test worker] DEBUG org.springframework.http.server.reactive.bootstrap.ReactorHttpServer - Server started on port 49522(0 millis).
09:58:03.546 [reactor-http-nio-4] DEBUG org.springframework.http.server.reactive.ReactorHttpHandlerAdapter - Handling completed with success
09:58:03.546 [Test worker] DEBUG org.springframework.http.server.reactive.bootstrap.ReactorHttpServer - Stopping ReactorHttpServer...
09:58:03.546 [Test worker] DEBUG org.springframework.http.server.reactive.bootstrap.ReactorHttpServer - Server stopped (0 millis).
09:58:03.612 [Test worker] INFO  org.springframework.context.annotation.AnnotationConfigApplicationContext - Refreshing org.springframework.context.annotation.AnnotationConfigApplicationContext@461531fe: startup date [Fri Apr 16 09:58:03 CST 2021]; root of context hierarchy
09:58:03.635 [Test worker] INFO  org.springframework.beans.factory.annotation.AutowiredAnnotationBeanPostProcessor - JSR-330 'javax.inject.Inject' annotation found and supported for autowiring
09:58:03.637 [Test worker] INFO  org.springframework.web.reactive.result.method.annotation.RequestMappingHandlerMapping - Mapped "{[/foo],methods=[GET]}" onto public java.lang.String org.springframework.web.reactive.result.method.annotation.CrossOriginAnnotationIntegrationTests$ClassLevelController.foo()
09:58:03.637 [Test worker] INFO  org.springframework.web.reactive.result.method.annotation.RequestMappingHandlerMapping - Mapped "{[/bar],methods=[GET]}" onto public java.lang.String org.springframework.web.reactive.result.method.annotation.CrossOriginAnnotationIntegrationTests$ClassLevelController.bar()
09:58:03.637 [Test worker] INFO  org.springframework.web.reactive.result.method.annotation.RequestMappingHandlerMapping - Mapped "{[/baz],methods=[GET]}" onto public java.lang.String org.springframework.web.reactive.result.method.annotation.CrossOriginAnnotationIntegrationTests$ClassLevelController.baz()
09:58:03.638 [Test worker] INFO  org.springframework.web.reactive.result.method.annotation.RequestMappingHandlerMapping - Mapped "{[/origin-value-attribute],methods=[GET]}" onto public java.lang.String org.springframework.web.reactive.result.method.annotation.CrossOriginAnnotationIntegrationTests$MethodLevelController.customOriginDefinedViaValueAttribute()
09:58:03.638 [Test worker] INFO  org.springframework.web.reactive.result.method.annotation.RequestMappingHandlerMapping - Mapped "{[/origin-placeholder],methods=[GET]}" onto public java.lang.String org.springframework.web.reactive.result.method.annotation.CrossOriginAnnotationIntegrationTests$MethodLevelController.customOriginDefinedViaPlaceholder()
09:58:03.638 [Test worker] INFO  org.springframework.web.reactive.result.method.annotation.RequestMappingHandlerMapping - Mapped "{[/customized],methods=[GET || POST]}" onto public java.lang.String org.springframework.web.reactive.result.method.annotation.CrossOriginAnnotationIntegrationTests$MethodLevelController.customized()
09:58:03.638 [Test worker] INFO  org.springframework.web.reactive.result.method.annotation.RequestMappingHandlerMapping - Mapped "{[/ambiguous-produces],methods=[GET],produces=[application/xml]}" onto public java.lang.String org.springframework.web.reactive.result.method.annotation.CrossOriginAnnotationIntegrationTests$MethodLevelController.ambiguousProducesXml()
09:58:03.638 [Test worker] INFO  org.springframework.web.reactive.result.method.annotation.RequestMappingHandlerMapping - Mapped "{[/default],methods=[GET]}" onto public java.lang.String org.springframework.web.reactive.result.method.annotation.CrossOriginAnnotationIntegrationTests$MethodLevelController.defaultAnnotation()
09:58:03.638 [Test worker] INFO  org.springframework.web.reactive.result.method.annotation.RequestMappingHandlerMapping - Mapped "{[/default],methods=[GET],params=[q]}" onto public void org.springframework.web.reactive.result.method.annotation.CrossOriginAnnotationIntegrationTests$MethodLevelController.defaultAnnotationWithParams()
09:58:03.638 [Test worker] INFO  org.springframework.web.reactive.result.method.annotation.RequestMappingHandlerMapping - Mapped "{[/ambiguous-header],methods=[GET],headers=[header1=b]}" onto public void org.springframework.web.reactive.result.method.annotation.CrossOriginAnnotationIntegrationTests$MethodLevelController.ambiguousHeader1b()
09:58:03.638 [Test worker] INFO  org.springframework.web.reactive.result.method.annotation.RequestMappingHandlerMapping - Mapped "{[/ambiguous-produces],methods=[GET],produces=[application/json]}" onto public java.lang.String org.springframework.web.reactive.result.method.annotation.CrossOriginAnnotationIntegrationTests$MethodLevelController.ambiguousProducesJson()
09:58:03.638 [Test worker] INFO  org.springframework.web.reactive.result.method.annotation.RequestMappingHandlerMapping - Mapped "{[/ambiguous-header],methods=[GET],headers=[header1=a]}" onto public void org.springframework.web.reactive.result.method.annotation.CrossOriginAnnotationIntegrationTests$MethodLevelController.ambiguousHeader1a()
09:58:03.638 [Test worker] INFO  org.springframework.web.reactive.result.method.annotation.RequestMappingHandlerMapping - Mapped "{[/no],methods=[POST]}" onto public java.lang.String org.springframework.web.reactive.result.method.annotation.CrossOriginAnnotationIntegrationTests$MethodLevelController.noAnnotationPost()
09:58:03.638 [Test worker] INFO  org.springframework.web.reactive.result.method.annotation.RequestMappingHandlerMapping - Mapped "{[/no],methods=[GET]}" onto public java.lang.String org.springframework.web.reactive.result.method.annotation.CrossOriginAnnotationIntegrationTests$MethodLevelController.noAnnotation()
09:58:03.687 [Test worker] INFO  org.springframework.web.reactive.result.method.annotation.ControllerMethodResolver - Looking for @ControllerAdvice: org.springframework.context.annotation.AnnotationConfigApplicationContext@461531fe: startup date [Fri Apr 16 09:58:03 CST 2021]; root of context hierarchy
09:58:03.754 [Test worker] DEBUG org.springframework.http.server.reactive.bootstrap.ReactorHttpServer - Starting ReactorHttpServer...
09:58:03.755 [Test worker] DEBUG org.springframework.http.server.reactive.bootstrap.ReactorHttpServer - Server started on port 49524(0 millis).
09:58:03.757 [reactor-http-nio-6] DEBUG org.springframework.http.server.reactive.ReactorHttpHandlerAdapter - Handling completed with success
09:58:03.758 [Test worker] DEBUG org.springframework.http.server.reactive.bootstrap.ReactorHttpServer - Stopping ReactorHttpServer...
09:58:03.758 [Test worker] DEBUG org.springframework.http.server.reactive.bootstrap.ReactorHttpServer - Server stopped (0 millis).
09:58:03.827 [Test worker] INFO  org.springframework.context.annotation.AnnotationConfigApplicationContext - Refreshing org.springframework.context.annotation.AnnotationConfigApplicationContext@7838477b: startup date [Fri Apr 16 09:58:03 CST 2021]; root of context hierarchy
09:58:03.850 [Test worker] INFO  org.springframework.beans.factory.annotation.AutowiredAnnotationBeanPostProcessor - JSR-330 'javax.inject.Inject' annotation found and supported for autowiring
09:58:03.853 [Test worker] INFO  org.springframework.web.reactive.result.method.annotation.RequestMappingHandlerMapping - Mapped "{[/foo],methods=[GET]}" onto public java.lang.String org.springframework.web.reactive.result.method.annotation.CrossOriginAnnotationIntegrationTests$ClassLevelController.foo()
09:58:03.853 [Test worker] INFO  org.springframework.web.reactive.result.method.annotation.RequestMappingHandlerMapping - Mapped "{[/bar],methods=[GET]}" onto public java.lang.String org.springframework.web.reactive.result.method.annotation.CrossOriginAnnotationIntegrationTests$ClassLevelController.bar()
09:58:03.853 [Test worker] INFO  org.springframework.web.reactive.result.method.annotation.RequestMappingHandlerMapping - Mapped "{[/baz],methods=[GET]}" onto public java.lang.String org.springframework.web.reactive.result.method.annotation.CrossOriginAnnotationIntegrationTests$ClassLevelController.baz()
09:58:03.855 [Test worker] INFO  org.springframework.web.reactive.result.method.annotation.RequestMappingHandlerMapping - Mapped "{[/origin-value-attribute],methods=[GET]}" onto public java.lang.String org.springframework.web.reactive.result.method.annotation.CrossOriginAnnotationIntegrationTests$MethodLevelController.customOriginDefinedViaValueAttribute()
09:58:03.855 [Test worker] INFO  org.springframework.web.reactive.result.method.annotation.RequestMappingHandlerMapping - Mapped "{[/origin-placeholder],methods=[GET]}" onto public java.lang.String org.springframework.web.reactive.result.method.annotation.CrossOriginAnnotationIntegrationTests$MethodLevelController.customOriginDefinedViaPlaceholder()
09:58:03.855 [Test worker] INFO  org.springframework.web.reactive.result.method.annotation.RequestMappingHandlerMapping - Mapped "{[/customized],methods=[GET || POST]}" onto public java.lang.String org.springframework.web.reactive.result.method.annotation.CrossOriginAnnotationIntegrationTests$MethodLevelController.customized()
09:58:03.855 [Test worker] INFO  org.springframework.web.reactive.result.method.annotation.RequestMappingHandlerMapping - Mapped "{[/ambiguous-produces],methods=[GET],produces=[application/xml]}" onto public java.lang.String org.springframework.web.reactive.result.method.annotation.CrossOriginAnnotationIntegrationTests$MethodLevelController.ambiguousProducesXml()
09:58:03.855 [Test worker] INFO  org.springframework.web.reactive.result.method.annotation.RequestMappingHandlerMapping - Mapped "{[/default],methods=[GET]}" onto public java.lang.String org.springframework.web.reactive.result.method.annotation.CrossOriginAnnotationIntegrationTests$MethodLevelController.defaultAnnotation()
09:58:03.855 [Test worker] INFO  org.springframework.web.reactive.result.method.annotation.RequestMappingHandlerMapping - Mapped "{[/default],methods=[GET],params=[q]}" onto public void org.springframework.web.reactive.result.method.annotation.CrossOriginAnnotationIntegrationTests$MethodLevelController.defaultAnnotationWithParams()
09:58:03.855 [Test worker] INFO  org.springframework.web.reactive.result.method.annotation.RequestMappingHandlerMapping - Mapped "{[/ambiguous-header],methods=[GET],headers=[header1=b]}" onto public void org.springframework.web.reactive.result.method.annotation.CrossOriginAnnotationIntegrationTests$MethodLevelController.ambiguousHeader1b()
09:58:03.855 [Test worker] INFO  org.springframework.web.reactive.result.method.annotation.RequestMappingHandlerMapping - Mapped "{[/ambiguous-produces],methods=[GET],produces=[application/json]}" onto public java.lang.String org.springframework.web.reactive.result.method.annotation.CrossOriginAnnotationIntegrationTests$MethodLevelController.ambiguousProducesJson()
09:58:03.855 [Test worker] INFO  org.springframework.web.reactive.result.method.annotation.RequestMappingHandlerMapping - Mapped "{[/ambiguous-header],methods=[GET],headers=[header1=a]}" onto public void org.springframework.web.reactive.result.method.annotation.CrossOriginAnnotationIntegrationTests$MethodLevelController.ambiguousHeader1a()
09:58:03.855 [Test worker] INFO  org.springframework.web.reactive.result.method.annotation.RequestMappingHandlerMapping - Mapped "{[/no],methods=[POST]}" onto public java.lang.String org.springframework.web.reactive.result.method.annotation.CrossOriginAnnotationIntegrationTests$MethodLevelController.noAnnotationPost()
09:58:03.856 [Test worker] INFO  org.springframework.web.reactive.result.method.annotation.RequestMappingHandlerMapping - Mapped "{[/no],methods=[GET]}" onto public java.lang.String org.springframework.web.reactive.result.method.annotation.CrossOriginAnnotationIntegrationTests$MethodLevelController.noAnnotation()
09:58:03.904 [Test worker] INFO  org.springframework.web.reactive.result.method.annotation.ControllerMethodResolver - Looking for @ControllerAdvice: org.springframework.context.annotation.AnnotationConfigApplicationContext@7838477b: startup date [Fri Apr 16 09:58:03 CST 2021]; root of context hierarchy
09:58:03.971 [Test worker] DEBUG org.springframework.http.server.reactive.bootstrap.ReactorHttpServer - Starting ReactorHttpServer...
09:58:03.971 [Test worker] DEBUG org.springframework.http.server.reactive.bootstrap.ReactorHttpServer - Server started on port 49526(0 millis).
09:58:03.973 [reactor-http-nio-8] DEBUG org.springframework.http.server.reactive.ReactorHttpHandlerAdapter - Handling completed with success
09:58:03.976 [reactor-http-nio-8] DEBUG org.springframework.http.server.reactive.ReactorHttpHandlerAdapter - Handling completed with success
09:58:03.976 [reactor-http-nio-8] DEBUG org.springframework.http.server.reactive.ReactorHttpHandlerAdapter - Handling completed with success
09:58:03.976 [Test worker] DEBUG org.springframework.http.server.reactive.bootstrap.ReactorHttpServer - Stopping ReactorHttpServer...
09:58:03.976 [Test worker] DEBUG org.springframework.http.server.reactive.bootstrap.ReactorHttpServer - Server stopped (0 millis).
09:58:04.042 [Test worker] INFO  org.springframework.context.annotation.AnnotationConfigApplicationContext - Refreshing org.springframework.context.annotation.AnnotationConfigApplicationContext@6633fbb3: startup date [Fri Apr 16 09:58:04 CST 2021]; root of context hierarchy
09:58:04.067 [Test worker] INFO  org.springframework.beans.factory.annotation.AutowiredAnnotationBeanPostProcessor - JSR-330 'javax.inject.Inject' annotation found and supported for autowiring
09:58:04.069 [Test worker] INFO  org.springframework.web.reactive.result.method.annotation.RequestMappingHandlerMapping - Mapped "{[/foo],methods=[GET]}" onto public java.lang.String org.springframework.web.reactive.result.method.annotation.CrossOriginAnnotationIntegrationTests$ClassLevelController.foo()
09:58:04.069 [Test worker] INFO  org.springframework.web.reactive.result.method.annotation.RequestMappingHandlerMapping - Mapped "{[/bar],methods=[GET]}" onto public java.lang.String org.springframework.web.reactive.result.method.annotation.CrossOriginAnnotationIntegrationTests$ClassLevelController.bar()
09:58:04.069 [Test worker] INFO  org.springframework.web.reactive.result.method.annotation.RequestMappingHandlerMapping - Mapped "{[/baz],methods=[GET]}" onto public java.lang.String org.springframework.web.reactive.result.method.annotation.CrossOriginAnnotationIntegrationTests$ClassLevelController.baz()
09:58:04.070 [Test worker] INFO  org.springframework.web.reactive.result.method.annotation.RequestMappingHandlerMapping - Mapped "{[/origin-value-attribute],methods=[GET]}" onto public java.lang.String org.springframework.web.reactive.result.method.annotation.CrossOriginAnnotationIntegrationTests$MethodLevelController.customOriginDefinedViaValueAttribute()
09:58:04.070 [Test worker] INFO  org.springframework.web.reactive.result.method.annotation.RequestMappingHandlerMapping - Mapped "{[/origin-placeholder],methods=[GET]}" onto public java.lang.String org.springframework.web.reactive.result.method.annotation.CrossOriginAnnotationIntegrationTests$MethodLevelController.customOriginDefinedViaPlaceholder()
09:58:04.070 [Test worker] INFO  org.springframework.web.reactive.result.method.annotation.RequestMappingHandlerMapping - Mapped "{[/customized],methods=[GET || POST]}" onto public java.lang.String org.springframework.web.reactive.result.method.annotation.CrossOriginAnnotationIntegrationTests$MethodLevelController.customized()
09:58:04.070 [Test worker] INFO  org.springframework.web.reactive.result.method.annotation.RequestMappingHandlerMapping - Mapped "{[/ambiguous-produces],methods=[GET],produces=[application/xml]}" onto public java.lang.String org.springframework.web.reactive.result.method.annotation.CrossOriginAnnotationIntegrationTests$MethodLevelController.ambiguousProducesXml()
09:58:04.070 [Test worker] INFO  org.springframework.web.reactive.result.method.annotation.RequestMappingHandlerMapping - Mapped "{[/default],methods=[GET]}" onto public java.lang.String org.springframework.web.reactive.result.method.annotation.CrossOriginAnnotationIntegrationTests$MethodLevelController.defaultAnnotation()
09:58:04.070 [Test worker] INFO  org.springframework.web.reactive.result.method.annotation.RequestMappingHandlerMapping - Mapped "{[/default],methods=[GET],params=[q]}" onto public void org.springframework.web.reactive.result.method.annotation.CrossOriginAnnotationIntegrationTests$MethodLevelController.defaultAnnotationWithParams()
09:58:04.070 [Test worker] INFO  org.springframework.web.reactive.result.method.annotation.RequestMappingHandlerMapping - Mapped "{[/ambiguous-header],methods=[GET],headers=[header1=b]}" onto public void org.springframework.web.reactive.result.method.annotation.CrossOriginAnnotationIntegrationTests$MethodLevelController.ambiguousHeader1b()
09:58:04.070 [Test worker] INFO  org.springframework.web.reactive.result.method.annotation.RequestMappingHandlerMapping - Mapped "{[/ambiguous-produces],methods=[GET],produces=[application/json]}" onto public java.lang.String org.springframework.web.reactive.result.method.annotation.CrossOriginAnnotationIntegrationTests$MethodLevelController.ambiguousProducesJson()
09:58:04.070 [Test worker] INFO  org.springframework.web.reactive.result.method.annotation.RequestMappingHandlerMapping - Mapped "{[/ambiguous-header],methods=[GET],headers=[header1=a]}" onto public void org.springframework.web.reactive.result.method.annotation.CrossOriginAnnotationIntegrationTests$MethodLevelController.ambiguousHeader1a()
09:58:04.070 [Test worker] INFO  org.springframework.web.reactive.result.method.annotation.RequestMappingHandlerMapping - Mapped "{[/no],methods=[POST]}" onto public java.lang.String org.springframework.web.reactive.result.method.annotation.CrossOriginAnnotationIntegrationTests$MethodLevelController.noAnnotationPost()
09:58:04.070 [Test worker] INFO  org.springframework.web.reactive.result.method.annotation.RequestMappingHandlerMapping - Mapped "{[/no],methods=[GET]}" onto public java.lang.String org.springframework.web.reactive.result.method.annotation.CrossOriginAnnotationIntegrationTests$MethodLevelController.noAnnotation()
09:58:04.118 [Test worker] INFO  org.springframework.web.reactive.result.method.annotation.ControllerMethodResolver - Looking for @ControllerAdvice: org.springframework.context.annotation.AnnotationConfigApplicationContext@6633fbb3: startup date [Fri Apr 16 09:58:04 CST 2021]; root of context hierarchy
09:58:04.185 [Test worker] DEBUG org.springframework.http.server.reactive.bootstrap.ReactorHttpServer - Starting ReactorHttpServer...
09:58:04.185 [Test worker] DEBUG org.springframework.http.server.reactive.bootstrap.ReactorHttpServer - Server started on port 49528(0 millis).
09:58:04.189 [reactor-http-nio-10] DEBUG org.springframework.http.server.reactive.ReactorHttpHandlerAdapter - Handling completed with success
09:58:04.189 [Test worker] DEBUG org.springframework.http.server.reactive.bootstrap.ReactorHttpServer - Stopping ReactorHttpServer...
09:58:04.189 [Test worker] DEBUG org.springframework.http.server.reactive.bootstrap.ReactorHttpServer - Server stopped (0 millis).
09:58:04.256 [Test worker] INFO  org.springframework.context.annotation.AnnotationConfigApplicationContext - Refreshing org.springframework.context.annotation.AnnotationConfigApplicationContext@47192bea: startup date [Fri Apr 16 09:58:04 CST 2021]; root of context hierarchy
09:58:04.277 [Test worker] INFO  org.springframework.beans.factory.annotation.AutowiredAnnotationBeanPostProcessor - JSR-330 'javax.inject.Inject' annotation found and supported for autowiring
09:58:04.279 [Test worker] INFO  org.springframework.web.reactive.result.method.annotation.RequestMappingHandlerMapping - Mapped "{[/foo],methods=[GET]}" onto public java.lang.String org.springframework.web.reactive.result.method.annotation.CrossOriginAnnotationIntegrationTests$ClassLevelController.foo()
09:58:04.279 [Test worker] INFO  org.springframework.web.reactive.result.method.annotation.RequestMappingHandlerMapping - Mapped "{[/bar],methods=[GET]}" onto public java.lang.String org.springframework.web.reactive.result.method.annotation.CrossOriginAnnotationIntegrationTests$ClassLevelController.bar()
09:58:04.280 [Test worker] INFO  org.springframework.web.reactive.result.method.annotation.RequestMappingHandlerMapping - Mapped "{[/baz],methods=[GET]}" onto public java.lang.String org.springframework.web.reactive.result.method.annotation.CrossOriginAnnotationIntegrationTests$ClassLevelController.baz()
09:58:04.280 [Test worker] INFO  org.springframework.web.reactive.result.method.annotation.RequestMappingHandlerMapping - Mapped "{[/origin-value-attribute],methods=[GET]}" onto public java.lang.String org.springframework.web.reactive.result.method.annotation.CrossOriginAnnotationIntegrationTests$MethodLevelController.customOriginDefinedViaValueAttribute()
09:58:04.280 [Test worker] INFO  org.springframework.web.reactive.result.method.annotation.RequestMappingHandlerMapping - Mapped "{[/origin-placeholder],methods=[GET]}" onto public java.lang.String org.springframework.web.reactive.result.method.annotation.CrossOriginAnnotationIntegrationTests$MethodLevelController.customOriginDefinedViaPlaceholder()
09:58:04.280 [Test worker] INFO  org.springframework.web.reactive.result.method.annotation.RequestMappingHandlerMapping - Mapped "{[/customized],methods=[GET || POST]}" onto public java.lang.String org.springframework.web.reactive.result.method.annotation.CrossOriginAnnotationIntegrationTests$MethodLevelController.customized()
09:58:04.280 [Test worker] INFO  org.springframework.web.reactive.result.method.annotation.RequestMappingHandlerMapping - Mapped "{[/ambiguous-produces],methods=[GET],produces=[application/xml]}" onto public java.lang.String org.springframework.web.reactive.result.method.annotation.CrossOriginAnnotationIntegrationTests$MethodLevelController.ambiguousProducesXml()
09:58:04.281 [Test worker] INFO  org.springframework.web.reactive.result.method.annotation.RequestMappingHandlerMapping - Mapped "{[/default],methods=[GET]}" onto public java.lang.String org.springframework.web.reactive.result.method.annotation.CrossOriginAnnotationIntegrationTests$MethodLevelController.defaultAnnotation()
09:58:04.281 [Test worker] INFO  org.springframework.web.reactive.result.method.annotation.RequestMappingHandlerMapping - Mapped "{[/default],methods=[GET],params=[q]}" onto public void org.springframework.web.reactive.result.method.annotation.CrossOriginAnnotationIntegrationTests$MethodLevelController.defaultAnnotationWithParams()
09:58:04.281 [Test worker] INFO  org.springframework.web.reactive.result.method.annotation.RequestMappingHandlerMapping - Mapped "{[/ambiguous-header],methods=[GET],headers=[header1=b]}" onto public void org.springframework.web.reactive.result.method.annotation.CrossOriginAnnotationIntegrationTests$MethodLevelController.ambiguousHeader1b()
09:58:04.281 [Test worker] INFO  org.springframework.web.reactive.result.method.annotation.RequestMappingHandlerMapping - Mapped "{[/ambiguous-produces],methods=[GET],produces=[application/json]}" onto public java.lang.String org.springframework.web.reactive.result.method.annotation.CrossOriginAnnotationIntegrationTests$MethodLevelController.ambiguousProducesJson()
09:58:04.281 [Test worker] INFO  org.springframework.web.reactive.result.method.annotation.RequestMappingHandlerMapping - Mapped "{[/ambiguous-header],methods=[GET],headers=[header1=a]}" onto public void org.springframework.web.reactive.result.method.annotation.CrossOriginAnnotationIntegrationTests$MethodLevelController.ambiguousHeader1a()
09:58:04.281 [Test worker] INFO  org.springframework.web.reactive.result.method.annotation.RequestMappingHandlerMapping - Mapped "{[/no],methods=[POST]}" onto public java.lang.String org.springframework.web.reactive.result.method.annotation.CrossOriginAnnotationIntegrationTests$MethodLevelController.noAnnotationPost()
09:58:04.281 [Test worker] INFO  org.springframework.web.reactive.result.method.annotation.RequestMappingHandlerMapping - Mapped "{[/no],methods=[GET]}" onto public java.lang.String org.springframework.web.reactive.result.method.annotation.CrossOriginAnnotationIntegrationTests$MethodLevelController.noAnnotation()
09:58:04.329 [Test worker] INFO  org.springframework.web.reactive.result.method.annotation.ControllerMethodResolver - Looking for @ControllerAdvice: org.springframework.context.annotation.AnnotationConfigApplicationContext@47192bea: startup date [Fri Apr 16 09:58:04 CST 2021]; root of context hierarchy
09:58:04.394 [Test worker] DEBUG org.springframework.http.server.reactive.bootstrap.ReactorHttpServer - Starting ReactorHttpServer...
09:58:04.395 [Test worker] DEBUG org.springframework.http.server.reactive.bootstrap.ReactorHttpServer - Server started on port 49530(0 millis).
09:58:04.398 [reactor-http-nio-12] DEBUG org.springframework.http.server.reactive.ReactorHttpHandlerAdapter - Handling completed with success
09:58:04.398 [Test worker] DEBUG org.springframework.http.server.reactive.bootstrap.ReactorHttpServer - Stopping ReactorHttpServer...
09:58:04.398 [Test worker] DEBUG org.springframework.http.server.reactive.bootstrap.ReactorHttpServer - Server stopped (0 millis).
09:58:04.464 [Test worker] INFO  org.springframework.context.annotation.AnnotationConfigApplicationContext - Refreshing org.springframework.context.annotation.AnnotationConfigApplicationContext@4eb0b05e: startup date [Fri Apr 16 09:58:04 CST 2021]; root of context hierarchy
09:58:04.486 [Test worker] INFO  org.springframework.beans.factory.annotation.AutowiredAnnotationBeanPostProcessor - JSR-330 'javax.inject.Inject' annotation found and supported for autowiring
09:58:04.488 [Test worker] INFO  org.springframework.web.reactive.result.method.annotation.RequestMappingHandlerMapping - Mapped "{[/foo],methods=[GET]}" onto public java.lang.String org.springframework.web.reactive.result.method.annotation.CrossOriginAnnotationIntegrationTests$ClassLevelController.foo()
09:58:04.488 [Test worker] INFO  org.springframework.web.reactive.result.method.annotation.RequestMappingHandlerMapping - Mapped "{[/bar],methods=[GET]}" onto public java.lang.String org.springframework.web.reactive.result.method.annotation.CrossOriginAnnotationIntegrationTests$ClassLevelController.bar()
09:58:04.488 [Test worker] INFO  org.springframework.web.reactive.result.method.annotation.RequestMappingHandlerMapping - Mapped "{[/baz],methods=[GET]}" onto public java.lang.String org.springframework.web.reactive.result.method.annotation.CrossOriginAnnotationIntegrationTests$ClassLevelController.baz()
09:58:04.489 [Test worker] INFO  org.springframework.web.reactive.result.method.annotation.RequestMappingHandlerMapping - Mapped "{[/origin-value-attribute],methods=[GET]}" onto public java.lang.String org.springframework.web.reactive.result.method.annotation.CrossOriginAnnotationIntegrationTests$MethodLevelController.customOriginDefinedViaValueAttribute()
09:58:04.489 [Test worker] INFO  org.springframework.web.reactive.result.method.annotation.RequestMappingHandlerMapping - Mapped "{[/origin-placeholder],methods=[GET]}" onto public java.lang.String org.springframework.web.reactive.result.method.annotation.CrossOriginAnnotationIntegrationTests$MethodLevelController.customOriginDefinedViaPlaceholder()
09:58:04.489 [Test worker] INFO  org.springframework.web.reactive.result.method.annotation.RequestMappingHandlerMapping - Mapped "{[/customized],methods=[GET || POST]}" onto public java.lang.String org.springframework.web.reactive.result.method.annotation.CrossOriginAnnotationIntegrationTests$MethodLevelController.customized()
09:58:04.489 [Test worker] INFO  org.springframework.web.reactive.result.method.annotation.RequestMappingHandlerMapping - Mapped "{[/ambiguous-produces],methods=[GET],produces=[application/xml]}" onto public java.lang.String org.springframework.web.reactive.result.method.annotation.CrossOriginAnnotationIntegrationTests$MethodLevelController.ambiguousProducesXml()
09:58:04.489 [Test worker] INFO  org.springframework.web.reactive.result.method.annotation.RequestMappingHandlerMapping - Mapped "{[/default],methods=[GET]}" onto public java.lang.String org.springframework.web.reactive.result.method.annotation.CrossOriginAnnotationIntegrationTests$MethodLevelController.defaultAnnotation()
09:58:04.489 [Test worker] INFO  org.springframework.web.reactive.result.method.annotation.RequestMappingHandlerMapping - Mapped "{[/default],methods=[GET],params=[q]}" onto public void org.springframework.web.reactive.result.method.annotation.CrossOriginAnnotationIntegrationTests$MethodLevelController.defaultAnnotationWithParams()
09:58:04.489 [Test worker] INFO  org.springframework.web.reactive.result.method.annotation.RequestMappingHandlerMapping - Mapped "{[/ambiguous-header],methods=[GET],headers=[header1=b]}" onto public void org.springframework.web.reactive.result.method.annotation.CrossOriginAnnotationIntegrationTests$MethodLevelController.ambiguousHeader1b()
09:58:04.489 [Test worker] INFO  org.springframework.web.reactive.result.method.annotation.RequestMappingHandlerMapping - Mapped "{[/ambiguous-produces],methods=[GET],produces=[application/json]}" onto public java.lang.String org.springframework.web.reactive.result.method.annotation.CrossOriginAnnotationIntegrationTests$MethodLevelController.ambiguousProducesJson()
09:58:04.489 [Test worker] INFO  org.springframework.web.reactive.result.method.annotation.RequestMappingHandlerMapping - Mapped "{[/ambiguous-header],methods=[GET],headers=[header1=a]}" onto public void org.springframework.web.reactive.result.method.annotation.CrossOriginAnnotationIntegrationTests$MethodLevelController.ambiguousHeader1a()
09:58:04.489 [Test worker] INFO  org.springframework.web.reactive.result.method.annotation.RequestMappingHandlerMapping - Mapped "{[/no],methods=[POST]}" onto public java.lang.String org.springframework.web.reactive.result.method.annotation.CrossOriginAnnotationIntegrationTests$MethodLevelController.noAnnotationPost()
09:58:04.489 [Test worker] INFO  org.springframework.web.reactive.result.method.annotation.RequestMappingHandlerMapping - Mapped "{[/no],methods=[GET]}" onto public java.lang.String org.springframework.web.reactive.result.method.annotation.CrossOriginAnnotationIntegrationTests$MethodLevelController.noAnnotation()
09:58:04.537 [Test worker] INFO  org.springframework.web.reactive.result.method.annotation.ControllerMethodResolver - Looking for @ControllerAdvice: org.springframework.context.annotation.AnnotationConfigApplicationContext@4eb0b05e: startup date [Fri Apr 16 09:58:04 CST 2021]; root of context hierarchy
09:58:04.603 [Test worker] DEBUG org.springframework.http.server.reactive.bootstrap.ReactorHttpServer - Starting ReactorHttpServer...
09:58:04.603 [Test worker] DEBUG org.springframework.http.server.reactive.bootstrap.ReactorHttpServer - Server started on port 49532(0 millis).
09:58:04.605 [reactor-http-nio-2] DEBUG org.springframework.http.server.reactive.ReactorHttpHandlerAdapter - Handling completed with success
09:58:04.606 [Test worker] DEBUG org.springframework.http.server.reactive.bootstrap.ReactorHttpServer - Stopping ReactorHttpServer...
09:58:04.606 [Test worker] DEBUG org.springframework.http.server.reactive.bootstrap.ReactorHttpServer - Server stopped (0 millis).
09:58:04.672 [Test worker] INFO  org.springframework.context.annotation.AnnotationConfigApplicationContext - Refreshing org.springframework.context.annotation.AnnotationConfigApplicationContext@207a8eb7: startup date [Fri Apr 16 09:58:04 CST 2021]; root of context hierarchy
09:58:04.695 [Test worker] INFO  org.springframework.beans.factory.annotation.AutowiredAnnotationBeanPostProcessor - JSR-330 'javax.inject.Inject' annotation found and supported for autowiring
09:58:04.697 [Test worker] INFO  org.springframework.web.reactive.result.method.annotation.RequestMappingHandlerMapping - Mapped "{[/foo],methods=[GET]}" onto public java.lang.String org.springframework.web.reactive.result.method.annotation.CrossOriginAnnotationIntegrationTests$ClassLevelController.foo()
09:58:04.697 [Test worker] INFO  org.springframework.web.reactive.result.method.annotation.RequestMappingHandlerMapping - Mapped "{[/bar],methods=[GET]}" onto public java.lang.String org.springframework.web.reactive.result.method.annotation.CrossOriginAnnotationIntegrationTests$ClassLevelController.bar()
09:58:04.697 [Test worker] INFO  org.springframework.web.reactive.result.method.annotation.RequestMappingHandlerMapping - Mapped "{[/baz],methods=[GET]}" onto public java.lang.String org.springframework.web.reactive.result.method.annotation.CrossOriginAnnotationIntegrationTests$ClassLevelController.baz()
09:58:04.698 [Test worker] INFO  org.springframework.web.reactive.result.method.annotation.RequestMappingHandlerMapping - Mapped "{[/origin-value-attribute],methods=[GET]}" onto public java.lang.String org.springframework.web.reactive.result.method.annotation.CrossOriginAnnotationIntegrationTests$MethodLevelController.customOriginDefinedViaValueAttribute()
09:58:04.698 [Test worker] INFO  org.springframework.web.reactive.result.method.annotation.RequestMappingHandlerMapping - Mapped "{[/origin-placeholder],methods=[GET]}" onto public java.lang.String org.springframework.web.reactive.result.method.annotation.CrossOriginAnnotationIntegrationTests$MethodLevelController.customOriginDefinedViaPlaceholder()
09:58:04.698 [Test worker] INFO  org.springframework.web.reactive.result.method.annotation.RequestMappingHandlerMapping - Mapped "{[/customized],methods=[GET || POST]}" onto public java.lang.String org.springframework.web.reactive.result.method.annotation.CrossOriginAnnotationIntegrationTests$MethodLevelController.customized()
09:58:04.698 [Test worker] INFO  org.springframework.web.reactive.result.method.annotation.RequestMappingHandlerMapping - Mapped "{[/ambiguous-produces],methods=[GET],produces=[application/xml]}" onto public java.lang.String org.springframework.web.reactive.result.method.annotation.CrossOriginAnnotationIntegrationTests$MethodLevelController.ambiguousProducesXml()
09:58:04.698 [Test worker] INFO  org.springframework.web.reactive.result.method.annotation.RequestMappingHandlerMapping - Mapped "{[/default],methods=[GET]}" onto public java.lang.String org.springframework.web.reactive.result.method.annotation.CrossOriginAnnotationIntegrationTests$MethodLevelController.defaultAnnotation()
09:58:04.698 [Test worker] INFO  org.springframework.web.reactive.result.method.annotation.RequestMappingHandlerMapping - Mapped "{[/default],methods=[GET],params=[q]}" onto public void org.springframework.web.reactive.result.method.annotation.CrossOriginAnnotationIntegrationTests$MethodLevelController.defaultAnnotationWithParams()
09:58:04.699 [Test worker] INFO  org.springframework.web.reactive.result.method.annotation.RequestMappingHandlerMapping - Mapped "{[/ambiguous-header],methods=[GET],headers=[header1=b]}" onto public void org.springframework.web.reactive.result.method.annotation.CrossOriginAnnotationIntegrationTests$MethodLevelController.ambiguousHeader1b()
09:58:04.699 [Test worker] INFO  org.springframework.web.reactive.result.method.annotation.RequestMappingHandlerMapping - Mapped "{[/ambiguous-produces],methods=[GET],produces=[application/json]}" onto public java.lang.String org.springframework.web.reactive.result.method.annotation.CrossOriginAnnotationIntegrationTests$MethodLevelController.ambiguousProducesJson()
09:58:04.699 [Test worker] INFO  org.springframework.web.reactive.result.method.annotation.RequestMappingHandlerMapping - Mapped "{[/ambiguous-header],methods=[GET],headers=[header1=a]}" onto public void org.springframework.web.reactive.result.method.annotation.CrossOriginAnnotationIntegrationTests$MethodLevelController.ambiguousHeader1a()
09:58:04.699 [Test worker] INFO  org.springframework.web.reactive.result.method.annotation.RequestMappingHandlerMapping - Mapped "{[/no],methods=[POST]}" onto public java.lang.String org.springframework.web.reactive.result.method.annotation.CrossOriginAnnotationIntegrationTests$MethodLevelController.noAnnotationPost()
09:58:04.699 [Test worker] INFO  org.springframework.web.reactive.result.method.annotation.RequestMappingHandlerMapping - Mapped "{[/no],methods=[GET]}" onto public java.lang.String org.springframework.web.reactive.result.method.annotation.CrossOriginAnnotationIntegrationTests$MethodLevelController.noAnnotation()
09:58:04.755 [Test worker] INFO  org.springframework.web.reactive.result.method.annotation.ControllerMethodResolver - Looking for @ControllerAdvice: org.springframework.context.annotation.AnnotationConfigApplicationContext@207a8eb7: startup date [Fri Apr 16 09:58:04 CST 2021]; root of context hierarchy
09:58:04.830 [Test worker] DEBUG org.springframework.http.server.reactive.bootstrap.ReactorHttpServer - Starting ReactorHttpServer...
09:58:04.830 [Test worker] DEBUG org.springframework.http.server.reactive.bootstrap.ReactorHttpServer - Server started on port 49534(0 millis).
09:58:04.832 [reactor-http-nio-4] DEBUG org.springframework.http.server.reactive.ReactorHttpHandlerAdapter - Handling completed with success
09:58:04.832 [Test worker] DEBUG org.springframework.http.server.reactive.bootstrap.ReactorHttpServer - Stopping ReactorHttpServer...
09:58:04.833 [Test worker] DEBUG org.springframework.http.server.reactive.bootstrap.ReactorHttpServer - Server stopped (0 millis).
09:58:04.901 [Test worker] INFO  org.springframework.context.annotation.AnnotationConfigApplicationContext - Refreshing org.springframework.context.annotation.AnnotationConfigApplicationContext@5501fc19: startup date [Fri Apr 16 09:58:04 CST 2021]; root of context hierarchy
09:58:04.924 [Test worker] INFO  org.springframework.beans.factory.annotation.AutowiredAnnotationBeanPostProcessor - JSR-330 'javax.inject.Inject' annotation found and supported for autowiring
09:58:04.926 [Test worker] INFO  org.springframework.web.reactive.result.method.annotation.RequestMappingHandlerMapping - Mapped "{[/foo],methods=[GET]}" onto public java.lang.String org.springframework.web.reactive.result.method.annotation.CrossOriginAnnotationIntegrationTests$ClassLevelController.foo()
09:58:04.926 [Test worker] INFO  org.springframework.web.reactive.result.method.annotation.RequestMappingHandlerMapping - Mapped "{[/bar],methods=[GET]}" onto public java.lang.String org.springframework.web.reactive.result.method.annotation.CrossOriginAnnotationIntegrationTests$ClassLevelController.bar()
09:58:04.926 [Test worker] INFO  org.springframework.web.reactive.result.method.annotation.RequestMappingHandlerMapping - Mapped "{[/baz],methods=[GET]}" onto public java.lang.String org.springframework.web.reactive.result.method.annotation.CrossOriginAnnotationIntegrationTests$ClassLevelController.baz()
09:58:04.927 [Test worker] INFO  org.springframework.web.reactive.result.method.annotation.RequestMappingHandlerMapping - Mapped "{[/origin-value-attribute],methods=[GET]}" onto public java.lang.String org.springframework.web.reactive.result.method.annotation.CrossOriginAnnotationIntegrationTests$MethodLevelController.customOriginDefinedViaValueAttribute()
09:58:04.927 [Test worker] INFO  org.springframework.web.reactive.result.method.annotation.RequestMappingHandlerMapping - Mapped "{[/origin-placeholder],methods=[GET]}" onto public java.lang.String org.springframework.web.reactive.result.method.annotation.CrossOriginAnnotationIntegrationTests$MethodLevelController.customOriginDefinedViaPlaceholder()
09:58:04.927 [Test worker] INFO  org.springframework.web.reactive.result.method.annotation.RequestMappingHandlerMapping - Mapped "{[/customized],methods=[GET || POST]}" onto public java.lang.String org.springframework.web.reactive.result.method.annotation.CrossOriginAnnotationIntegrationTests$MethodLevelController.customized()
09:58:04.927 [Test worker] INFO  org.springframework.web.reactive.result.method.annotation.RequestMappingHandlerMapping - Mapped "{[/ambiguous-produces],methods=[GET],produces=[application/xml]}" onto public java.lang.String org.springframework.web.reactive.result.method.annotation.CrossOriginAnnotationIntegrationTests$MethodLevelController.ambiguousProducesXml()
09:58:04.927 [Test worker] INFO  org.springframework.web.reactive.result.method.annotation.RequestMappingHandlerMapping - Mapped "{[/default],methods=[GET]}" onto public java.lang.String org.springframework.web.reactive.result.method.annotation.CrossOriginAnnotationIntegrationTests$MethodLevelController.defaultAnnotation()
09:58:04.927 [Test worker] INFO  org.springframework.web.reactive.result.method.annotation.RequestMappingHandlerMapping - Mapped "{[/default],methods=[GET],params=[q]}" onto public void org.springframework.web.reactive.result.method.annotation.CrossOriginAnnotationIntegrationTests$MethodLevelController.defaultAnnotationWithParams()
09:58:04.927 [Test worker] INFO  org.springframework.web.reactive.result.method.annotation.RequestMappingHandlerMapping - Mapped "{[/ambiguous-header],methods=[GET],headers=[header1=b]}" onto public void org.springframework.web.reactive.result.method.annotation.CrossOriginAnnotationIntegrationTests$MethodLevelController.ambiguousHeader1b()
09:58:04.927 [Test worker] INFO  org.springframework.web.reactive.result.method.annotation.RequestMappingHandlerMapping - Mapped "{[/ambiguous-produces],methods=[GET],produces=[application/json]}" onto public java.lang.String org.springframework.web.reactive.result.method.annotation.CrossOriginAnnotationIntegrationTests$MethodLevelController.ambiguousProducesJson()
09:58:04.927 [Test worker] INFO  org.springframework.web.reactive.result.method.annotation.RequestMappingHandlerMapping - Mapped "{[/ambiguous-header],methods=[GET],headers=[header1=a]}" onto public void org.springframework.web.reactive.result.method.annotation.CrossOriginAnnotationIntegrationTests$MethodLevelController.ambiguousHeader1a()
09:58:04.927 [Test worker] INFO  org.springframework.web.reactive.result.method.annotation.RequestMappingHandlerMapping - Mapped "{[/no],methods=[POST]}" onto public java.lang.String org.springframework.web.reactive.result.method.annotation.CrossOriginAnnotationIntegrationTests$MethodLevelController.noAnnotationPost()
09:58:04.927 [Test worker] INFO  org.springframework.web.reactive.result.method.annotation.RequestMappingHandlerMapping - Mapped "{[/no],methods=[GET]}" onto public java.lang.String org.springframework.web.reactive.result.method.annotation.CrossOriginAnnotationIntegrationTests$MethodLevelController.noAnnotation()
09:58:04.977 [Test worker] INFO  org.springframework.web.reactive.result.method.annotation.ControllerMethodResolver - Looking for @ControllerAdvice: org.springframework.context.annotation.AnnotationConfigApplicationContext@5501fc19: startup date [Fri Apr 16 09:58:04 CST 2021]; root of context hierarchy
09:58:05.044 [Test worker] DEBUG org.springframework.http.server.reactive.bootstrap.ReactorHttpServer - Starting ReactorHttpServer...
09:58:05.045 [Test worker] DEBUG org.springframework.http.server.reactive.bootstrap.ReactorHttpServer - Server started on port 49536(0 millis).
09:58:05.046 [reactor-http-nio-6] DEBUG org.springframework.http.server.reactive.ReactorHttpHandlerAdapter - Handling completed with success
09:58:05.047 [Test worker] DEBUG org.springframework.http.server.reactive.bootstrap.ReactorHttpServer - Stopping ReactorHttpServer...
09:58:05.047 [Test worker] DEBUG org.springframework.http.server.reactive.bootstrap.ReactorHttpServer - Server stopped (0 millis).
09:58:05.112 [Test worker] INFO  org.springframework.context.annotation.AnnotationConfigApplicationContext - Refreshing org.springframework.context.annotation.AnnotationConfigApplicationContext@49b929ba: startup date [Fri Apr 16 09:58:05 CST 2021]; root of context hierarchy
09:58:05.135 [Test worker] INFO  org.springframework.beans.factory.annotation.AutowiredAnnotationBeanPostProcessor - JSR-330 'javax.inject.Inject' annotation found and supported for autowiring
09:58:05.137 [Test worker] INFO  org.springframework.web.reactive.result.method.annotation.RequestMappingHandlerMapping - Mapped "{[/foo],methods=[GET]}" onto public java.lang.String org.springframework.web.reactive.result.method.annotation.CrossOriginAnnotationIntegrationTests$ClassLevelController.foo()
09:58:05.137 [Test worker] INFO  org.springframework.web.reactive.result.method.annotation.RequestMappingHandlerMapping - Mapped "{[/bar],methods=[GET]}" onto public java.lang.String org.springframework.web.reactive.result.method.annotation.CrossOriginAnnotationIntegrationTests$ClassLevelController.bar()
09:58:05.137 [Test worker] INFO  org.springframework.web.reactive.result.method.annotation.RequestMappingHandlerMapping - Mapped "{[/baz],methods=[GET]}" onto public java.lang.String org.springframework.web.reactive.result.method.annotation.CrossOriginAnnotationIntegrationTests$ClassLevelController.baz()
09:58:05.137 [Test worker] INFO  org.springframework.web.reactive.result.method.annotation.RequestMappingHandlerMapping - Mapped "{[/origin-value-attribute],methods=[GET]}" onto public java.lang.String org.springframework.web.reactive.result.method.annotation.CrossOriginAnnotationIntegrationTests$MethodLevelController.customOriginDefinedViaValueAttribute()
09:58:05.138 [Test worker] INFO  org.springframework.web.reactive.result.method.annotation.RequestMappingHandlerMapping - Mapped "{[/origin-placeholder],methods=[GET]}" onto public java.lang.String org.springframework.web.reactive.result.method.annotation.CrossOriginAnnotationIntegrationTests$MethodLevelController.customOriginDefinedViaPlaceholder()
09:58:05.138 [Test worker] INFO  org.springframework.web.reactive.result.method.annotation.RequestMappingHandlerMapping - Mapped "{[/customized],methods=[GET || POST]}" onto public java.lang.String org.springframework.web.reactive.result.method.annotation.CrossOriginAnnotationIntegrationTests$MethodLevelController.customized()
09:58:05.138 [Test worker] INFO  org.springframework.web.reactive.result.method.annotation.RequestMappingHandlerMapping - Mapped "{[/ambiguous-produces],methods=[GET],produces=[application/xml]}" onto public java.lang.String org.springframework.web.reactive.result.method.annotation.CrossOriginAnnotationIntegrationTests$MethodLevelController.ambiguousProducesXml()
09:58:05.138 [Test worker] INFO  org.springframework.web.reactive.result.method.annotation.RequestMappingHandlerMapping - Mapped "{[/default],methods=[GET]}" onto public java.lang.String org.springframework.web.reactive.result.method.annotation.CrossOriginAnnotationIntegrationTests$MethodLevelController.defaultAnnotation()
09:58:05.138 [Test worker] INFO  org.springframework.web.reactive.result.method.annotation.RequestMappingHandlerMapping - Mapped "{[/default],methods=[GET],params=[q]}" onto public void org.springframework.web.reactive.result.method.annotation.CrossOriginAnnotationIntegrationTests$MethodLevelController.defaultAnnotationWithParams()
09:58:05.138 [Test worker] INFO  org.springframework.web.reactive.result.method.annotation.RequestMappingHandlerMapping - Mapped "{[/ambiguous-header],methods=[GET],headers=[header1=b]}" onto public void org.springframework.web.reactive.result.method.annotation.CrossOriginAnnotationIntegrationTests$MethodLevelController.ambiguousHeader1b()
09:58:05.139 [Test worker] INFO  org.springframework.web.reactive.result.method.annotation.RequestMappingHandlerMapping - Mapped "{[/ambiguous-produces],methods=[GET],produces=[application/json]}" onto public java.lang.String org.springframework.web.reactive.result.method.annotation.CrossOriginAnnotationIntegrationTests$MethodLevelController.ambiguousProducesJson()
09:58:05.139 [Test worker] INFO  org.springframework.web.reactive.result.method.annotation.RequestMappingHandlerMapping - Mapped "{[/ambiguous-header],methods=[GET],headers=[header1=a]}" onto public void org.springframework.web.reactive.result.method.annotation.CrossOriginAnnotationIntegrationTests$MethodLevelController.ambiguousHeader1a()
09:58:05.139 [Test worker] INFO  org.springframework.web.reactive.result.method.annotation.RequestMappingHandlerMapping - Mapped "{[/no],methods=[POST]}" onto public java.lang.String org.springframework.web.reactive.result.method.annotation.CrossOriginAnnotationIntegrationTests$MethodLevelController.noAnnotationPost()
09:58:05.139 [Test worker] INFO  org.springframework.web.reactive.result.method.annotation.RequestMappingHandlerMapping - Mapped "{[/no],methods=[GET]}" onto public java.lang.String org.springframework.web.reactive.result.method.annotation.CrossOriginAnnotationIntegrationTests$MethodLevelController.noAnnotation()
09:58:05.196 [Test worker] INFO  org.springframework.web.reactive.result.method.annotation.ControllerMethodResolver - Looking for @ControllerAdvice: org.springframework.context.annotation.AnnotationConfigApplicationContext@49b929ba: startup date [Fri Apr 16 09:58:05 CST 2021]; root of context hierarchy
09:58:05.263 [Test worker] DEBUG org.springframework.http.server.reactive.bootstrap.ReactorHttpServer - Starting ReactorHttpServer...
09:58:05.264 [Test worker] DEBUG org.springframework.http.server.reactive.bootstrap.ReactorHttpServer - Server started on port 49538(0 millis).
09:58:05.266 [reactor-http-nio-8] DEBUG org.springframework.http.server.reactive.ReactorHttpHandlerAdapter - Handling completed with success
09:58:05.266 [Test worker] DEBUG org.springframework.http.server.reactive.bootstrap.ReactorHttpServer - Stopping ReactorHttpServer...
09:58:05.266 [Test worker] DEBUG org.springframework.http.server.reactive.bootstrap.ReactorHttpServer - Server stopped (0 millis).
09:58:05.333 [Test worker] INFO  org.springframework.context.annotation.AnnotationConfigApplicationContext - Refreshing org.springframework.context.annotation.AnnotationConfigApplicationContext@4760e265: startup date [Fri Apr 16 09:58:05 CST 2021]; root of context hierarchy
09:58:05.355 [Test worker] INFO  org.springframework.beans.factory.annotation.AutowiredAnnotationBeanPostProcessor - JSR-330 'javax.inject.Inject' annotation found and supported for autowiring
09:58:05.357 [Test worker] INFO  org.springframework.web.reactive.result.method.annotation.RequestMappingHandlerMapping - Mapped "{[/foo],methods=[GET]}" onto public java.lang.String org.springframework.web.reactive.result.method.annotation.CrossOriginAnnotationIntegrationTests$ClassLevelController.foo()
09:58:05.357 [Test worker] INFO  org.springframework.web.reactive.result.method.annotation.RequestMappingHandlerMapping - Mapped "{[/bar],methods=[GET]}" onto public java.lang.String org.springframework.web.reactive.result.method.annotation.CrossOriginAnnotationIntegrationTests$ClassLevelController.bar()
09:58:05.357 [Test worker] INFO  org.springframework.web.reactive.result.method.annotation.RequestMappingHandlerMapping - Mapped "{[/baz],methods=[GET]}" onto public java.lang.String org.springframework.web.reactive.result.method.annotation.CrossOriginAnnotationIntegrationTests$ClassLevelController.baz()
09:58:05.358 [Test worker] INFO  org.springframework.web.reactive.result.method.annotation.RequestMappingHandlerMapping - Mapped "{[/origin-value-attribute],methods=[GET]}" onto public java.lang.String org.springframework.web.reactive.result.method.annotation.CrossOriginAnnotationIntegrationTests$MethodLevelController.customOriginDefinedViaValueAttribute()
09:58:05.358 [Test worker] INFO  org.springframework.web.reactive.result.method.annotation.RequestMappingHandlerMapping - Mapped "{[/origin-placeholder],methods=[GET]}" onto public java.lang.String org.springframework.web.reactive.result.method.annotation.CrossOriginAnnotationIntegrationTests$MethodLevelController.customOriginDefinedViaPlaceholder()
09:58:05.358 [Test worker] INFO  org.springframework.web.reactive.result.method.annotation.RequestMappingHandlerMapping - Mapped "{[/customized],methods=[GET || POST]}" onto public java.lang.String org.springframework.web.reactive.result.method.annotation.CrossOriginAnnotationIntegrationTests$MethodLevelController.customized()
09:58:05.358 [Test worker] INFO  org.springframework.web.reactive.result.method.annotation.RequestMappingHandlerMapping - Mapped "{[/ambiguous-produces],methods=[GET],produces=[application/xml]}" onto public java.lang.String org.springframework.web.reactive.result.method.annotation.CrossOriginAnnotationIntegrationTests$MethodLevelController.ambiguousProducesXml()
09:58:05.358 [Test worker] INFO  org.springframework.web.reactive.result.method.annotation.RequestMappingHandlerMapping - Mapped "{[/default],methods=[GET]}" onto public java.lang.String org.springframework.web.reactive.result.method.annotation.CrossOriginAnnotationIntegrationTests$MethodLevelController.defaultAnnotation()
09:58:05.358 [Test worker] INFO  org.springframework.web.reactive.result.method.annotation.RequestMappingHandlerMapping - Mapped "{[/default],methods=[GET],params=[q]}" onto public void org.springframework.web.reactive.result.method.annotation.CrossOriginAnnotationIntegrationTests$MethodLevelController.defaultAnnotationWithParams()
09:58:05.358 [Test worker] INFO  org.springframework.web.reactive.result.method.annotation.RequestMappingHandlerMapping - Mapped "{[/ambiguous-header],methods=[GET],headers=[header1=b]}" onto public void org.springframework.web.reactive.result.method.annotation.CrossOriginAnnotationIntegrationTests$MethodLevelController.ambiguousHeader1b()
09:58:05.358 [Test worker] INFO  org.springframework.web.reactive.result.method.annotation.RequestMappingHandlerMapping - Mapped "{[/ambiguous-produces],methods=[GET],produces=[application/json]}" onto public java.lang.String org.springframework.web.reactive.result.method.annotation.CrossOriginAnnotationIntegrationTests$MethodLevelController.ambiguousProducesJson()
09:58:05.358 [Test worker] INFO  org.springframework.web.reactive.result.method.annotation.RequestMappingHandlerMapping - Mapped "{[/ambiguous-header],methods=[GET],headers=[header1=a]}" onto public void org.springframework.web.reactive.result.method.annotation.CrossOriginAnnotationIntegrationTests$MethodLevelController.ambiguousHeader1a()
09:58:05.358 [Test worker] INFO  org.springframework.web.reactive.result.method.annotation.RequestMappingHandlerMapping - Mapped "{[/no],methods=[POST]}" onto public java.lang.String org.springframework.web.reactive.result.method.annotation.CrossOriginAnnotationIntegrationTests$MethodLevelController.noAnnotationPost()
09:58:05.358 [Test worker] INFO  org.springframework.web.reactive.result.method.annotation.RequestMappingHandlerMapping - Mapped "{[/no],methods=[GET]}" onto public java.lang.String org.springframework.web.reactive.result.method.annotation.CrossOriginAnnotationIntegrationTests$MethodLevelController.noAnnotation()
09:58:05.405 [Test worker] INFO  org.springframework.web.reactive.result.method.annotation.ControllerMethodResolver - Looking for @ControllerAdvice: org.springframework.context.annotation.AnnotationConfigApplicationContext@4760e265: startup date [Fri Apr 16 09:58:05 CST 2021]; root of context hierarchy
09:58:05.470 [Test worker] DEBUG org.springframework.http.server.reactive.bootstrap.ReactorHttpServer - Starting ReactorHttpServer...
09:58:05.470 [Test worker] DEBUG org.springframework.http.server.reactive.bootstrap.ReactorHttpServer - Server started on port 49540(0 millis).
09:58:05.472 [reactor-http-nio-10] DEBUG org.springframework.http.server.reactive.ReactorHttpHandlerAdapter - Handling completed with success
09:58:05.472 [Test worker] DEBUG org.springframework.http.server.reactive.bootstrap.ReactorHttpServer - Stopping ReactorHttpServer...
09:58:05.472 [Test worker] DEBUG org.springframework.http.server.reactive.bootstrap.ReactorHttpServer - Server stopped (0 millis).
09:58:05.538 [Test worker] INFO  org.springframework.context.annotation.AnnotationConfigApplicationContext - Refreshing org.springframework.context.annotation.AnnotationConfigApplicationContext@2fb5bceb: startup date [Fri Apr 16 09:58:05 CST 2021]; root of context hierarchy
09:58:05.559 [Test worker] INFO  org.springframework.beans.factory.annotation.AutowiredAnnotationBeanPostProcessor - JSR-330 'javax.inject.Inject' annotation found and supported for autowiring
09:58:05.561 [Test worker] INFO  org.springframework.web.reactive.result.method.annotation.RequestMappingHandlerMapping - Mapped "{[/foo],methods=[GET]}" onto public java.lang.String org.springframework.web.reactive.result.method.annotation.CrossOriginAnnotationIntegrationTests$ClassLevelController.foo()
09:58:05.561 [Test worker] INFO  org.springframework.web.reactive.result.method.annotation.RequestMappingHandlerMapping - Mapped "{[/bar],methods=[GET]}" onto public java.lang.String org.springframework.web.reactive.result.method.annotation.CrossOriginAnnotationIntegrationTests$ClassLevelController.bar()
09:58:05.561 [Test worker] INFO  org.springframework.web.reactive.result.method.annotation.RequestMappingHandlerMapping - Mapped "{[/baz],methods=[GET]}" onto public java.lang.String org.springframework.web.reactive.result.method.annotation.CrossOriginAnnotationIntegrationTests$ClassLevelController.baz()
09:58:05.562 [Test worker] INFO  org.springframework.web.reactive.result.method.annotation.RequestMappingHandlerMapping - Mapped "{[/origin-value-attribute],methods=[GET]}" onto public java.lang.String org.springframework.web.reactive.result.method.annotation.CrossOriginAnnotationIntegrationTests$MethodLevelController.customOriginDefinedViaValueAttribute()
09:58:05.562 [Test worker] INFO  org.springframework.web.reactive.result.method.annotation.RequestMappingHandlerMapping - Mapped "{[/origin-placeholder],methods=[GET]}" onto public java.lang.String org.springframework.web.reactive.result.method.annotation.CrossOriginAnnotationIntegrationTests$MethodLevelController.customOriginDefinedViaPlaceholder()
09:58:05.562 [Test worker] INFO  org.springframework.web.reactive.result.method.annotation.RequestMappingHandlerMapping - Mapped "{[/customized],methods=[GET || POST]}" onto public java.lang.String org.springframework.web.reactive.result.method.annotation.CrossOriginAnnotationIntegrationTests$MethodLevelController.customized()
09:58:05.562 [Test worker] INFO  org.springframework.web.reactive.result.method.annotation.RequestMappingHandlerMapping - Mapped "{[/ambiguous-produces],methods=[GET],produces=[application/xml]}" onto public java.lang.String org.springframework.web.reactive.result.method.annotation.CrossOriginAnnotationIntegrationTests$MethodLevelController.ambiguousProducesXml()
09:58:05.562 [Test worker] INFO  org.springframework.web.reactive.result.method.annotation.RequestMappingHandlerMapping - Mapped "{[/default],methods=[GET]}" onto public java.lang.String org.springframework.web.reactive.result.method.annotation.CrossOriginAnnotationIntegrationTests$MethodLevelController.defaultAnnotation()
09:58:05.562 [Test worker] INFO  org.springframework.web.reactive.result.method.annotation.RequestMappingHandlerMapping - Mapped "{[/default],methods=[GET],params=[q]}" onto public void org.springframework.web.reactive.result.method.annotation.CrossOriginAnnotationIntegrationTests$MethodLevelController.defaultAnnotationWithParams()
09:58:05.562 [Test worker] INFO  org.springframework.web.reactive.result.method.annotation.RequestMappingHandlerMapping - Mapped "{[/ambiguous-header],methods=[GET],headers=[header1=b]}" onto public void org.springframework.web.reactive.result.method.annotation.CrossOriginAnnotationIntegrationTests$MethodLevelController.ambiguousHeader1b()
09:58:05.562 [Test worker] INFO  org.springframework.web.reactive.result.method.annotation.RequestMappingHandlerMapping - Mapped "{[/ambiguous-produces],methods=[GET],produces=[application/json]}" onto public java.lang.String org.springframework.web.reactive.result.method.annotation.CrossOriginAnnotationIntegrationTests$MethodLevelController.ambiguousProducesJson()
09:58:05.562 [Test worker] INFO  org.springframework.web.reactive.result.method.annotation.RequestMappingHandlerMapping - Mapped "{[/ambiguous-header],methods=[GET],headers=[header1=a]}" onto public void org.springframework.web.reactive.result.method.annotation.CrossOriginAnnotationIntegrationTests$MethodLevelController.ambiguousHeader1a()
09:58:05.563 [Test worker] INFO  org.springframework.web.reactive.result.method.annotation.RequestMappingHandlerMapping - Mapped "{[/no],methods=[POST]}" onto public java.lang.String org.springframework.web.reactive.result.method.annotation.CrossOriginAnnotationIntegrationTests$MethodLevelController.noAnnotationPost()
09:58:05.563 [Test worker] INFO  org.springframework.web.reactive.result.method.annotation.RequestMappingHandlerMapping - Mapped "{[/no],methods=[GET]}" onto public java.lang.String org.springframework.web.reactive.result.method.annotation.CrossOriginAnnotationIntegrationTests$MethodLevelController.noAnnotation()
09:58:05.610 [Test worker] INFO  org.springframework.web.reactive.result.method.annotation.ControllerMethodResolver - Looking for @ControllerAdvice: org.springframework.context.annotation.AnnotationConfigApplicationContext@2fb5bceb: startup date [Fri Apr 16 09:58:05 CST 2021]; root of context hierarchy
09:58:05.676 [Test worker] DEBUG org.springframework.http.server.reactive.bootstrap.ReactorHttpServer - Starting ReactorHttpServer...
09:58:05.676 [Test worker] DEBUG org.springframework.http.server.reactive.bootstrap.ReactorHttpServer - Server started on port 49542(0 millis).
09:58:05.679 [reactor-http-nio-12] DEBUG org.springframework.http.server.reactive.ReactorHttpHandlerAdapter - Handling completed with success
09:58:05.679 [Test worker] DEBUG org.springframework.http.server.reactive.bootstrap.ReactorHttpServer - Stopping ReactorHttpServer...
09:58:05.679 [Test worker] DEBUG org.springframework.http.server.reactive.bootstrap.ReactorHttpServer - Server stopped (0 millis).
09:58:05.744 [Test worker] INFO  org.springframework.context.annotation.AnnotationConfigApplicationContext - Refreshing org.springframework.context.annotation.AnnotationConfigApplicationContext@7c096b3c: startup date [Fri Apr 16 09:58:05 CST 2021]; root of context hierarchy
09:58:05.767 [Test worker] INFO  org.springframework.beans.factory.annotation.AutowiredAnnotationBeanPostProcessor - JSR-330 'javax.inject.Inject' annotation found and supported for autowiring
09:58:05.768 [Test worker] INFO  org.springframework.web.reactive.result.method.annotation.RequestMappingHandlerMapping - Mapped "{[/foo],methods=[GET]}" onto public java.lang.String org.springframework.web.reactive.result.method.annotation.CrossOriginAnnotationIntegrationTests$ClassLevelController.foo()
09:58:05.769 [Test worker] INFO  org.springframework.web.reactive.result.method.annotation.RequestMappingHandlerMapping - Mapped "{[/bar],methods=[GET]}" onto public java.lang.String org.springframework.web.reactive.result.method.annotation.CrossOriginAnnotationIntegrationTests$ClassLevelController.bar()
09:58:05.769 [Test worker] INFO  org.springframework.web.reactive.result.method.annotation.RequestMappingHandlerMapping - Mapped "{[/baz],methods=[GET]}" onto public java.lang.String org.springframework.web.reactive.result.method.annotation.CrossOriginAnnotationIntegrationTests$ClassLevelController.baz()
09:58:05.769 [Test worker] INFO  org.springframework.web.reactive.result.method.annotation.RequestMappingHandlerMapping - Mapped "{[/origin-value-attribute],methods=[GET]}" onto public java.lang.String org.springframework.web.reactive.result.method.annotation.CrossOriginAnnotationIntegrationTests$MethodLevelController.customOriginDefinedViaValueAttribute()
09:58:05.769 [Test worker] INFO  org.springframework.web.reactive.result.method.annotation.RequestMappingHandlerMapping - Mapped "{[/origin-placeholder],methods=[GET]}" onto public java.lang.String org.springframework.web.reactive.result.method.annotation.CrossOriginAnnotationIntegrationTests$MethodLevelController.customOriginDefinedViaPlaceholder()
09:58:05.769 [Test worker] INFO  org.springframework.web.reactive.result.method.annotation.RequestMappingHandlerMapping - Mapped "{[/customized],methods=[GET || POST]}" onto public java.lang.String org.springframework.web.reactive.result.method.annotation.CrossOriginAnnotationIntegrationTests$MethodLevelController.customized()
09:58:05.769 [Test worker] INFO  org.springframework.web.reactive.result.method.annotation.RequestMappingHandlerMapping - Mapped "{[/ambiguous-produces],methods=[GET],produces=[application/xml]}" onto public java.lang.String org.springframework.web.reactive.result.method.annotation.CrossOriginAnnotationIntegrationTests$MethodLevelController.ambiguousProducesXml()
09:58:05.769 [Test worker] INFO  org.springframework.web.reactive.result.method.annotation.RequestMappingHandlerMapping - Mapped "{[/default],methods=[GET]}" onto public java.lang.String org.springframework.web.reactive.result.method.annotation.CrossOriginAnnotationIntegrationTests$MethodLevelController.defaultAnnotation()
09:58:05.769 [Test worker] INFO  org.springframework.web.reactive.result.method.annotation.RequestMappingHandlerMapping - Mapped "{[/default],methods=[GET],params=[q]}" onto public void org.springframework.web.reactive.result.method.annotation.CrossOriginAnnotationIntegrationTests$MethodLevelController.defaultAnnotationWithParams()
09:58:05.769 [Test worker] INFO  org.springframework.web.reactive.result.method.annotation.RequestMappingHandlerMapping - Mapped "{[/ambiguous-header],methods=[GET],headers=[header1=b]}" onto public void org.springframework.web.reactive.result.method.annotation.CrossOriginAnnotationIntegrationTests$MethodLevelController.ambiguousHeader1b()
09:58:05.769 [Test worker] INFO  org.springframework.web.reactive.result.method.annotation.RequestMappingHandlerMapping - Mapped "{[/ambiguous-produces],methods=[GET],produces=[application/json]}" onto public java.lang.String org.springframework.web.reactive.result.method.annotation.CrossOriginAnnotationIntegrationTests$MethodLevelController.ambiguousProducesJson()
09:58:05.769 [Test worker] INFO  org.springframework.web.reactive.result.method.annotation.RequestMappingHandlerMapping - Mapped "{[/ambiguous-header],methods=[GET],headers=[header1=a]}" onto public void org.springframework.web.reactive.result.method.annotation.CrossOriginAnnotationIntegrationTests$MethodLevelController.ambiguousHeader1a()
09:58:05.769 [Test worker] INFO  org.springframework.web.reactive.result.method.annotation.RequestMappingHandlerMapping - Mapped "{[/no],methods=[POST]}" onto public java.lang.String org.springframework.web.reactive.result.method.annotation.CrossOriginAnnotationIntegrationTests$MethodLevelController.noAnnotationPost()
09:58:05.770 [Test worker] INFO  org.springframework.web.reactive.result.method.annotation.RequestMappingHandlerMapping - Mapped "{[/no],methods=[GET]}" onto public java.lang.String org.springframework.web.reactive.result.method.annotation.CrossOriginAnnotationIntegrationTests$MethodLevelController.noAnnotation()
09:58:05.817 [Test worker] INFO  org.springframework.web.reactive.result.method.annotation.ControllerMethodResolver - Looking for @ControllerAdvice: org.springframework.context.annotation.AnnotationConfigApplicationContext@7c096b3c: startup date [Fri Apr 16 09:58:05 CST 2021]; root of context hierarchy
09:58:05.882 [Test worker] DEBUG org.springframework.http.server.reactive.bootstrap.TomcatHttpServer - Starting TomcatHttpServer...
09:58:05.893 [Test worker] DEBUG org.springframework.http.server.reactive.bootstrap.TomcatHttpServer - Server started on port 49544(0 millis).
09:58:05.897 [http-nio-auto-28-exec-1] DEBUG org.springframework.http.server.reactive.ServletHttpHandlerAdapter - Handling completed with success
09:58:05.897 [Test worker] DEBUG org.springframework.http.server.reactive.bootstrap.TomcatHttpServer - Stopping TomcatHttpServer...
09:58:06.447 [Test worker] DEBUG org.springframework.http.server.reactive.bootstrap.TomcatHttpServer - Server stopped (0 millis).
09:58:06.514 [Test worker] INFO  org.springframework.context.annotation.AnnotationConfigApplicationContext - Refreshing org.springframework.context.annotation.AnnotationConfigApplicationContext@2c5d5c59: startup date [Fri Apr 16 09:58:06 CST 2021]; root of context hierarchy
09:58:06.576 [Test worker] INFO  org.springframework.beans.factory.annotation.AutowiredAnnotationBeanPostProcessor - JSR-330 'javax.inject.Inject' annotation found and supported for autowiring
09:58:06.722 [Test worker] INFO  org.springframework.web.reactive.result.method.annotation.RequestMappingHandlerMapping - Mapped "{[/foo],methods=[GET]}" onto public java.lang.String org.springframework.web.reactive.result.method.annotation.CrossOriginAnnotationIntegrationTests$ClassLevelController.foo()
09:58:06.722 [Test worker] INFO  org.springframework.web.reactive.result.method.annotation.RequestMappingHandlerMapping - Mapped "{[/bar],methods=[GET]}" onto public java.lang.String org.springframework.web.reactive.result.method.annotation.CrossOriginAnnotationIntegrationTests$ClassLevelController.bar()
09:58:06.722 [Test worker] INFO  org.springframework.web.reactive.result.method.annotation.RequestMappingHandlerMapping - Mapped "{[/baz],methods=[GET]}" onto public java.lang.String org.springframework.web.reactive.result.method.annotation.CrossOriginAnnotationIntegrationTests$ClassLevelController.baz()
09:58:06.722 [Test worker] INFO  org.springframework.web.reactive.result.method.annotation.RequestMappingHandlerMapping - Mapped "{[/origin-value-attribute],methods=[GET]}" onto public java.lang.String org.springframework.web.reactive.result.method.annotation.CrossOriginAnnotationIntegrationTests$MethodLevelController.customOriginDefinedViaValueAttribute()
09:58:06.722 [Test worker] INFO  org.springframework.web.reactive.result.method.annotation.RequestMappingHandlerMapping - Mapped "{[/origin-placeholder],methods=[GET]}" onto public java.lang.String org.springframework.web.reactive.result.method.annotation.CrossOriginAnnotationIntegrationTests$MethodLevelController.customOriginDefinedViaPlaceholder()
09:58:06.722 [Test worker] INFO  org.springframework.web.reactive.result.method.annotation.RequestMappingHandlerMapping - Mapped "{[/customized],methods=[GET || POST]}" onto public java.lang.String org.springframework.web.reactive.result.method.annotation.CrossOriginAnnotationIntegrationTests$MethodLevelController.customized()
09:58:06.722 [Test worker] INFO  org.springframework.web.reactive.result.method.annotation.RequestMappingHandlerMapping - Mapped "{[/ambiguous-produces],methods=[GET],produces=[application/xml]}" onto public java.lang.String org.springframework.web.reactive.result.method.annotation.CrossOriginAnnotationIntegrationTests$MethodLevelController.ambiguousProducesXml()
09:58:06.722 [Test worker] INFO  org.springframework.web.reactive.result.method.annotation.RequestMappingHandlerMapping - Mapped "{[/default],methods=[GET]}" onto public java.lang.String org.springframework.web.reactive.result.method.annotation.CrossOriginAnnotationIntegrationTests$MethodLevelController.defaultAnnotation()
09:58:06.723 [Test worker] INFO  org.springframework.web.reactive.result.method.annotation.RequestMappingHandlerMapping - Mapped "{[/default],methods=[GET],params=[q]}" onto public void org.springframework.web.reactive.result.method.annotation.CrossOriginAnnotationIntegrationTests$MethodLevelController.defaultAnnotationWithParams()
09:58:06.723 [Test worker] INFO  org.springframework.web.reactive.result.method.annotation.RequestMappingHandlerMapping - Mapped "{[/ambiguous-header],methods=[GET],headers=[header1=b]}" onto public void org.springframework.web.reactive.result.method.annotation.CrossOriginAnnotationIntegrationTests$MethodLevelController.ambiguousHeader1b()
09:58:06.723 [Test worker] INFO  org.springframework.web.reactive.result.method.annotation.RequestMappingHandlerMapping - Mapped "{[/ambiguous-produces],methods=[GET],produces=[application/json]}" onto public java.lang.String org.springframework.web.reactive.result.method.annotation.CrossOriginAnnotationIntegrationTests$MethodLevelController.ambiguousProducesJson()
09:58:06.723 [Test worker] INFO  org.springframework.web.reactive.result.method.annotation.RequestMappingHandlerMapping - Mapped "{[/ambiguous-header],methods=[GET],headers=[header1=a]}" onto public void org.springframework.web.reactive.result.method.annotation.CrossOriginAnnotationIntegrationTests$MethodLevelController.ambiguousHeader1a()
09:58:06.723 [Test worker] INFO  org.springframework.web.reactive.result.method.annotation.RequestMappingHandlerMapping - Mapped "{[/no],methods=[POST]}" onto public java.lang.String org.springframework.web.reactive.result.method.annotation.CrossOriginAnnotationIntegrationTests$MethodLevelController.noAnnotationPost()
09:58:06.723 [Test worker] INFO  org.springframework.web.reactive.result.method.annotation.RequestMappingHandlerMapping - Mapped "{[/no],methods=[GET]}" onto public java.lang.String org.springframework.web.reactive.result.method.annotation.CrossOriginAnnotationIntegrationTests$MethodLevelController.noAnnotation()
09:58:06.870 [Test worker] INFO  org.springframework.web.reactive.result.method.annotation.ControllerMethodResolver - Looking for @ControllerAdvice: org.springframework.context.annotation.AnnotationConfigApplicationContext@2c5d5c59: startup date [Fri Apr 16 09:58:06 CST 2021]; root of context hierarchy
09:58:07.012 [Test worker] DEBUG org.springframework.http.server.reactive.bootstrap.TomcatHttpServer - Starting TomcatHttpServer...
09:58:07.025 [Test worker] DEBUG org.springframework.http.server.reactive.bootstrap.TomcatHttpServer - Server started on port 49553(0 millis).
09:58:07.028 [http-nio-auto-29-exec-1] DEBUG org.springframework.http.server.reactive.ServletHttpHandlerAdapter - Handling completed with success
09:58:07.028 [Test worker] DEBUG org.springframework.http.server.reactive.bootstrap.TomcatHttpServer - Stopping TomcatHttpServer...
09:58:07.566 [Test worker] DEBUG org.springframework.http.server.reactive.bootstrap.TomcatHttpServer - Server stopped (0 millis).
09:58:07.634 [Test worker] INFO  org.springframework.context.annotation.AnnotationConfigApplicationContext - Refreshing org.springframework.context.annotation.AnnotationConfigApplicationContext@19ceab4e: startup date [Fri Apr 16 09:58:07 CST 2021]; root of context hierarchy
09:58:07.698 [Test worker] INFO  org.springframework.beans.factory.annotation.AutowiredAnnotationBeanPostProcessor - JSR-330 'javax.inject.Inject' annotation found and supported for autowiring
09:58:07.847 [Test worker] INFO  org.springframework.web.reactive.result.method.annotation.RequestMappingHandlerMapping - Mapped "{[/foo],methods=[GET]}" onto public java.lang.String org.springframework.web.reactive.result.method.annotation.CrossOriginAnnotationIntegrationTests$ClassLevelController.foo()
09:58:07.847 [Test worker] INFO  org.springframework.web.reactive.result.method.annotation.RequestMappingHandlerMapping - Mapped "{[/bar],methods=[GET]}" onto public java.lang.String org.springframework.web.reactive.result.method.annotation.CrossOriginAnnotationIntegrationTests$ClassLevelController.bar()
09:58:07.847 [Test worker] INFO  org.springframework.web.reactive.result.method.annotation.RequestMappingHandlerMapping - Mapped "{[/baz],methods=[GET]}" onto public java.lang.String org.springframework.web.reactive.result.method.annotation.CrossOriginAnnotationIntegrationTests$ClassLevelController.baz()
09:58:07.848 [Test worker] INFO  org.springframework.web.reactive.result.method.annotation.RequestMappingHandlerMapping - Mapped "{[/origin-value-attribute],methods=[GET]}" onto public java.lang.String org.springframework.web.reactive.result.method.annotation.CrossOriginAnnotationIntegrationTests$MethodLevelController.customOriginDefinedViaValueAttribute()
09:58:07.848 [Test worker] INFO  org.springframework.web.reactive.result.method.annotation.RequestMappingHandlerMapping - Mapped "{[/origin-placeholder],methods=[GET]}" onto public java.lang.String org.springframework.web.reactive.result.method.annotation.CrossOriginAnnotationIntegrationTests$MethodLevelController.customOriginDefinedViaPlaceholder()
09:58:07.848 [Test worker] INFO  org.springframework.web.reactive.result.method.annotation.RequestMappingHandlerMapping - Mapped "{[/customized],methods=[GET || POST]}" onto public java.lang.String org.springframework.web.reactive.result.method.annotation.CrossOriginAnnotationIntegrationTests$MethodLevelController.customized()
09:58:07.848 [Test worker] INFO  org.springframework.web.reactive.result.method.annotation.RequestMappingHandlerMapping - Mapped "{[/ambiguous-produces],methods=[GET],produces=[application/xml]}" onto public java.lang.String org.springframework.web.reactive.result.method.annotation.CrossOriginAnnotationIntegrationTests$MethodLevelController.ambiguousProducesXml()
09:58:07.848 [Test worker] INFO  org.springframework.web.reactive.result.method.annotation.RequestMappingHandlerMapping - Mapped "{[/default],methods=[GET]}" onto public java.lang.String org.springframework.web.reactive.result.method.annotation.CrossOriginAnnotationIntegrationTests$MethodLevelController.defaultAnnotation()
09:58:07.848 [Test worker] INFO  org.springframework.web.reactive.result.method.annotation.RequestMappingHandlerMapping - Mapped "{[/default],methods=[GET],params=[q]}" onto public void org.springframework.web.reactive.result.method.annotation.CrossOriginAnnotationIntegrationTests$MethodLevelController.defaultAnnotationWithParams()
09:58:07.848 [Test worker] INFO  org.springframework.web.reactive.result.method.annotation.RequestMappingHandlerMapping - Mapped "{[/ambiguous-header],methods=[GET],headers=[header1=b]}" onto public void org.springframework.web.reactive.result.method.annotation.CrossOriginAnnotationIntegrationTests$MethodLevelController.ambiguousHeader1b()
09:58:07.848 [Test worker] INFO  org.springframework.web.reactive.result.method.annotation.RequestMappingHandlerMapping - Mapped "{[/ambiguous-produces],methods=[GET],produces=[application/json]}" onto public java.lang.String org.springframework.web.reactive.result.method.annotation.CrossOriginAnnotationIntegrationTests$MethodLevelController.ambiguousProducesJson()
09:58:07.848 [Test worker] INFO  org.springframework.web.reactive.result.method.annotation.RequestMappingHandlerMapping - Mapped "{[/ambiguous-header],methods=[GET],headers=[header1=a]}" onto public void org.springframework.web.reactive.result.method.annotation.CrossOriginAnnotationIntegrationTests$MethodLevelController.ambiguousHeader1a()
09:58:07.848 [Test worker] INFO  org.springframework.web.reactive.result.method.annotation.RequestMappingHandlerMapping - Mapped "{[/no],methods=[POST]}" onto public java.lang.String org.springframework.web.reactive.result.method.annotation.CrossOriginAnnotationIntegrationTests$MethodLevelController.noAnnotationPost()
09:58:07.848 [Test worker] INFO  org.springframework.web.reactive.result.method.annotation.RequestMappingHandlerMapping - Mapped "{[/no],methods=[GET]}" onto public java.lang.String org.springframework.web.reactive.result.method.annotation.CrossOriginAnnotationIntegrationTests$MethodLevelController.noAnnotation()
09:58:07.994 [Test worker] INFO  org.springframework.web.reactive.result.method.annotation.ControllerMethodResolver - Looking for @ControllerAdvice: org.springframework.context.annotation.AnnotationConfigApplicationContext@19ceab4e: startup date [Fri Apr 16 09:58:07 CST 2021]; root of context hierarchy
09:58:08.124 [Test worker] DEBUG org.springframework.http.server.reactive.bootstrap.TomcatHttpServer - Starting TomcatHttpServer...
09:58:08.135 [Test worker] DEBUG org.springframework.http.server.reactive.bootstrap.TomcatHttpServer - Server started on port 49562(0 millis).
09:58:08.138 [http-nio-auto-30-exec-2] DEBUG org.springframework.http.server.reactive.ServletHttpHandlerAdapter - Handling completed with success
09:58:08.139 [Test worker] DEBUG org.springframework.http.server.reactive.bootstrap.TomcatHttpServer - Stopping TomcatHttpServer...
09:58:08.675 [Test worker] DEBUG org.springframework.http.server.reactive.bootstrap.TomcatHttpServer - Server stopped (0 millis).
09:58:08.743 [Test worker] INFO  org.springframework.context.annotation.AnnotationConfigApplicationContext - Refreshing org.springframework.context.annotation.AnnotationConfigApplicationContext@605e49a8: startup date [Fri Apr 16 09:58:08 CST 2021]; root of context hierarchy
09:58:08.805 [Test worker] INFO  org.springframework.beans.factory.annotation.AutowiredAnnotationBeanPostProcessor - JSR-330 'javax.inject.Inject' annotation found and supported for autowiring
09:58:08.950 [Test worker] INFO  org.springframework.web.reactive.result.method.annotation.RequestMappingHandlerMapping - Mapped "{[/foo],methods=[GET]}" onto public java.lang.String org.springframework.web.reactive.result.method.annotation.CrossOriginAnnotationIntegrationTests$ClassLevelController.foo()
09:58:08.950 [Test worker] INFO  org.springframework.web.reactive.result.method.annotation.RequestMappingHandlerMapping - Mapped "{[/bar],methods=[GET]}" onto public java.lang.String org.springframework.web.reactive.result.method.annotation.CrossOriginAnnotationIntegrationTests$ClassLevelController.bar()
09:58:08.950 [Test worker] INFO  org.springframework.web.reactive.result.method.annotation.RequestMappingHandlerMapping - Mapped "{[/baz],methods=[GET]}" onto public java.lang.String org.springframework.web.reactive.result.method.annotation.CrossOriginAnnotationIntegrationTests$ClassLevelController.baz()
09:58:08.950 [Test worker] INFO  org.springframework.web.reactive.result.method.annotation.RequestMappingHandlerMapping - Mapped "{[/origin-value-attribute],methods=[GET]}" onto public java.lang.String org.springframework.web.reactive.result.method.annotation.CrossOriginAnnotationIntegrationTests$MethodLevelController.customOriginDefinedViaValueAttribute()
09:58:08.950 [Test worker] INFO  org.springframework.web.reactive.result.method.annotation.RequestMappingHandlerMapping - Mapped "{[/origin-placeholder],methods=[GET]}" onto public java.lang.String org.springframework.web.reactive.result.method.annotation.CrossOriginAnnotationIntegrationTests$MethodLevelController.customOriginDefinedViaPlaceholder()
09:58:08.950 [Test worker] INFO  org.springframework.web.reactive.result.method.annotation.RequestMappingHandlerMapping - Mapped "{[/customized],methods=[GET || POST]}" onto public java.lang.String org.springframework.web.reactive.result.method.annotation.CrossOriginAnnotationIntegrationTests$MethodLevelController.customized()
09:58:08.951 [Test worker] INFO  org.springframework.web.reactive.result.method.annotation.RequestMappingHandlerMapping - Mapped "{[/ambiguous-produces],methods=[GET],produces=[application/xml]}" onto public java.lang.String org.springframework.web.reactive.result.method.annotation.CrossOriginAnnotationIntegrationTests$MethodLevelController.ambiguousProducesXml()
09:58:08.951 [Test worker] INFO  org.springframework.web.reactive.result.method.annotation.RequestMappingHandlerMapping - Mapped "{[/default],methods=[GET]}" onto public java.lang.String org.springframework.web.reactive.result.method.annotation.CrossOriginAnnotationIntegrationTests$MethodLevelController.defaultAnnotation()
09:58:08.951 [Test worker] INFO  org.springframework.web.reactive.result.method.annotation.RequestMappingHandlerMapping - Mapped "{[/default],methods=[GET],params=[q]}" onto public void org.springframework.web.reactive.result.method.annotation.CrossOriginAnnotationIntegrationTests$MethodLevelController.defaultAnnotationWithParams()
09:58:08.951 [Test worker] INFO  org.springframework.web.reactive.result.method.annotation.RequestMappingHandlerMapping - Mapped "{[/ambiguous-header],methods=[GET],headers=[header1=b]}" onto public void org.springframework.web.reactive.result.method.annotation.CrossOriginAnnotationIntegrationTests$MethodLevelController.ambiguousHeader1b()
09:58:08.951 [Test worker] INFO  org.springframework.web.reactive.result.method.annotation.RequestMappingHandlerMapping - Mapped "{[/ambiguous-produces],methods=[GET],produces=[application/json]}" onto public java.lang.String org.springframework.web.reactive.result.method.annotation.CrossOriginAnnotationIntegrationTests$MethodLevelController.ambiguousProducesJson()
09:58:08.951 [Test worker] INFO  org.springframework.web.reactive.result.method.annotation.RequestMappingHandlerMapping - Mapped "{[/ambiguous-header],methods=[GET],headers=[header1=a]}" onto public void org.springframework.web.reactive.result.method.annotation.CrossOriginAnnotationIntegrationTests$MethodLevelController.ambiguousHeader1a()
09:58:08.951 [Test worker] INFO  org.springframework.web.reactive.result.method.annotation.RequestMappingHandlerMapping - Mapped "{[/no],methods=[POST]}" onto public java.lang.String org.springframework.web.reactive.result.method.annotation.CrossOriginAnnotationIntegrationTests$MethodLevelController.noAnnotationPost()
09:58:08.951 [Test worker] INFO  org.springframework.web.reactive.result.method.annotation.RequestMappingHandlerMapping - Mapped "{[/no],methods=[GET]}" onto public java.lang.String org.springframework.web.reactive.result.method.annotation.CrossOriginAnnotationIntegrationTests$MethodLevelController.noAnnotation()
09:58:09.100 [Test worker] INFO  org.springframework.web.reactive.result.method.annotation.ControllerMethodResolver - Looking for @ControllerAdvice: org.springframework.context.annotation.AnnotationConfigApplicationContext@605e49a8: startup date [Fri Apr 16 09:58:08 CST 2021]; root of context hierarchy
09:58:09.231 [Test worker] DEBUG org.springframework.http.server.reactive.bootstrap.TomcatHttpServer - Starting TomcatHttpServer...
09:58:09.243 [Test worker] DEBUG org.springframework.http.server.reactive.bootstrap.TomcatHttpServer - Server started on port 49572(0 millis).
09:58:09.246 [http-nio-auto-31-exec-1] DEBUG org.springframework.http.server.reactive.ServletHttpHandlerAdapter - Handling completed with success
09:58:09.249 [http-nio-auto-31-exec-3] DEBUG org.springframework.http.server.reactive.ServletHttpHandlerAdapter - Handling completed with success
09:58:09.251 [http-nio-auto-31-exec-2] DEBUG org.springframework.http.server.reactive.ServletHttpHandlerAdapter - Handling completed with success
09:58:09.251 [Test worker] DEBUG org.springframework.http.server.reactive.bootstrap.TomcatHttpServer - Stopping TomcatHttpServer...
09:58:09.782 [Test worker] DEBUG org.springframework.http.server.reactive.bootstrap.TomcatHttpServer - Server stopped (0 millis).
09:58:09.851 [Test worker] INFO  org.springframework.context.annotation.AnnotationConfigApplicationContext - Refreshing org.springframework.context.annotation.AnnotationConfigApplicationContext@6b260679: startup date [Fri Apr 16 09:58:09 CST 2021]; root of context hierarchy
09:58:09.913 [Test worker] INFO  org.springframework.beans.factory.annotation.AutowiredAnnotationBeanPostProcessor - JSR-330 'javax.inject.Inject' annotation found and supported for autowiring
09:58:10.060 [Test worker] INFO  org.springframework.web.reactive.result.method.annotation.RequestMappingHandlerMapping - Mapped "{[/foo],methods=[GET]}" onto public java.lang.String org.springframework.web.reactive.result.method.annotation.CrossOriginAnnotationIntegrationTests$ClassLevelController.foo()
09:58:10.060 [Test worker] INFO  org.springframework.web.reactive.result.method.annotation.RequestMappingHandlerMapping - Mapped "{[/bar],methods=[GET]}" onto public java.lang.String org.springframework.web.reactive.result.method.annotation.CrossOriginAnnotationIntegrationTests$ClassLevelController.bar()
09:58:10.060 [Test worker] INFO  org.springframework.web.reactive.result.method.annotation.RequestMappingHandlerMapping - Mapped "{[/baz],methods=[GET]}" onto public java.lang.String org.springframework.web.reactive.result.method.annotation.CrossOriginAnnotationIntegrationTests$ClassLevelController.baz()
09:58:10.061 [Test worker] INFO  org.springframework.web.reactive.result.method.annotation.RequestMappingHandlerMapping - Mapped "{[/origin-value-attribute],methods=[GET]}" onto public java.lang.String org.springframework.web.reactive.result.method.annotation.CrossOriginAnnotationIntegrationTests$MethodLevelController.customOriginDefinedViaValueAttribute()
09:58:10.061 [Test worker] INFO  org.springframework.web.reactive.result.method.annotation.RequestMappingHandlerMapping - Mapped "{[/origin-placeholder],methods=[GET]}" onto public java.lang.String org.springframework.web.reactive.result.method.annotation.CrossOriginAnnotationIntegrationTests$MethodLevelController.customOriginDefinedViaPlaceholder()
09:58:10.061 [Test worker] INFO  org.springframework.web.reactive.result.method.annotation.RequestMappingHandlerMapping - Mapped "{[/customized],methods=[GET || POST]}" onto public java.lang.String org.springframework.web.reactive.result.method.annotation.CrossOriginAnnotationIntegrationTests$MethodLevelController.customized()
09:58:10.061 [Test worker] INFO  org.springframework.web.reactive.result.method.annotation.RequestMappingHandlerMapping - Mapped "{[/ambiguous-produces],methods=[GET],produces=[application/xml]}" onto public java.lang.String org.springframework.web.reactive.result.method.annotation.CrossOriginAnnotationIntegrationTests$MethodLevelController.ambiguousProducesXml()
09:58:10.061 [Test worker] INFO  org.springframework.web.reactive.result.method.annotation.RequestMappingHandlerMapping - Mapped "{[/default],methods=[GET]}" onto public java.lang.String org.springframework.web.reactive.result.method.annotation.CrossOriginAnnotationIntegrationTests$MethodLevelController.defaultAnnotation()
09:58:10.061 [Test worker] INFO  org.springframework.web.reactive.result.method.annotation.RequestMappingHandlerMapping - Mapped "{[/default],methods=[GET],params=[q]}" onto public void org.springframework.web.reactive.result.method.annotation.CrossOriginAnnotationIntegrationTests$MethodLevelController.defaultAnnotationWithParams()
09:58:10.061 [Test worker] INFO  org.springframework.web.reactive.result.method.annotation.RequestMappingHandlerMapping - Mapped "{[/ambiguous-header],methods=[GET],headers=[header1=b]}" onto public void org.springframework.web.reactive.result.method.annotation.CrossOriginAnnotationIntegrationTests$MethodLevelController.ambiguousHeader1b()
09:58:10.061 [Test worker] INFO  org.springframework.web.reactive.result.method.annotation.RequestMappingHandlerMapping - Mapped "{[/ambiguous-produces],methods=[GET],produces=[application/json]}" onto public java.lang.String org.springframework.web.reactive.result.method.annotation.CrossOriginAnnotationIntegrationTests$MethodLevelController.ambiguousProducesJson()
09:58:10.061 [Test worker] INFO  org.springframework.web.reactive.result.method.annotation.RequestMappingHandlerMapping - Mapped "{[/ambiguous-header],methods=[GET],headers=[header1=a]}" onto public void org.springframework.web.reactive.result.method.annotation.CrossOriginAnnotationIntegrationTests$MethodLevelController.ambiguousHeader1a()
09:58:10.061 [Test worker] INFO  org.springframework.web.reactive.result.method.annotation.RequestMappingHandlerMapping - Mapped "{[/no],methods=[POST]}" onto public java.lang.String org.springframework.web.reactive.result.method.annotation.CrossOriginAnnotationIntegrationTests$MethodLevelController.noAnnotationPost()
09:58:10.061 [Test worker] INFO  org.springframework.web.reactive.result.method.annotation.RequestMappingHandlerMapping - Mapped "{[/no],methods=[GET]}" onto public java.lang.String org.springframework.web.reactive.result.method.annotation.CrossOriginAnnotationIntegrationTests$MethodLevelController.noAnnotation()
09:58:10.208 [Test worker] INFO  org.springframework.web.reactive.result.method.annotation.ControllerMethodResolver - Looking for @ControllerAdvice: org.springframework.context.annotation.AnnotationConfigApplicationContext@6b260679: startup date [Fri Apr 16 09:58:09 CST 2021]; root of context hierarchy
09:58:10.338 [Test worker] DEBUG org.springframework.http.server.reactive.bootstrap.TomcatHttpServer - Starting TomcatHttpServer...
09:58:10.349 [Test worker] DEBUG org.springframework.http.server.reactive.bootstrap.TomcatHttpServer - Server started on port 49581(0 millis).
09:58:10.352 [http-nio-auto-32-exec-1] DEBUG org.springframework.http.server.reactive.ServletHttpHandlerAdapter - Handling completed with success
09:58:10.352 [Test worker] DEBUG org.springframework.http.server.reactive.bootstrap.TomcatHttpServer - Stopping TomcatHttpServer...
09:58:10.876 [Test worker] DEBUG org.springframework.http.server.reactive.bootstrap.TomcatHttpServer - Server stopped (0 millis).
09:58:10.942 [Test worker] INFO  org.springframework.context.annotation.AnnotationConfigApplicationContext - Refreshing org.springframework.context.annotation.AnnotationConfigApplicationContext@3802cef: startup date [Fri Apr 16 09:58:10 CST 2021]; root of context hierarchy
09:58:11.003 [Test worker] INFO  org.springframework.beans.factory.annotation.AutowiredAnnotationBeanPostProcessor - JSR-330 'javax.inject.Inject' annotation found and supported for autowiring
09:58:11.152 [Test worker] INFO  org.springframework.web.reactive.result.method.annotation.RequestMappingHandlerMapping - Mapped "{[/foo],methods=[GET]}" onto public java.lang.String org.springframework.web.reactive.result.method.annotation.CrossOriginAnnotationIntegrationTests$ClassLevelController.foo()
09:58:11.152 [Test worker] INFO  org.springframework.web.reactive.result.method.annotation.RequestMappingHandlerMapping - Mapped "{[/bar],methods=[GET]}" onto public java.lang.String org.springframework.web.reactive.result.method.annotation.CrossOriginAnnotationIntegrationTests$ClassLevelController.bar()
09:58:11.152 [Test worker] INFO  org.springframework.web.reactive.result.method.annotation.RequestMappingHandlerMapping - Mapped "{[/baz],methods=[GET]}" onto public java.lang.String org.springframework.web.reactive.result.method.annotation.CrossOriginAnnotationIntegrationTests$ClassLevelController.baz()
09:58:11.152 [Test worker] INFO  org.springframework.web.reactive.result.method.annotation.RequestMappingHandlerMapping - Mapped "{[/origin-value-attribute],methods=[GET]}" onto public java.lang.String org.springframework.web.reactive.result.method.annotation.CrossOriginAnnotationIntegrationTests$MethodLevelController.customOriginDefinedViaValueAttribute()
09:58:11.152 [Test worker] INFO  org.springframework.web.reactive.result.method.annotation.RequestMappingHandlerMapping - Mapped "{[/origin-placeholder],methods=[GET]}" onto public java.lang.String org.springframework.web.reactive.result.method.annotation.CrossOriginAnnotationIntegrationTests$MethodLevelController.customOriginDefinedViaPlaceholder()
09:58:11.152 [Test worker] INFO  org.springframework.web.reactive.result.method.annotation.RequestMappingHandlerMapping - Mapped "{[/customized],methods=[GET || POST]}" onto public java.lang.String org.springframework.web.reactive.result.method.annotation.CrossOriginAnnotationIntegrationTests$MethodLevelController.customized()
09:58:11.152 [Test worker] INFO  org.springframework.web.reactive.result.method.annotation.RequestMappingHandlerMapping - Mapped "{[/ambiguous-produces],methods=[GET],produces=[application/xml]}" onto public java.lang.String org.springframework.web.reactive.result.method.annotation.CrossOriginAnnotationIntegrationTests$MethodLevelController.ambiguousProducesXml()
09:58:11.152 [Test worker] INFO  org.springframework.web.reactive.result.method.annotation.RequestMappingHandlerMapping - Mapped "{[/default],methods=[GET]}" onto public java.lang.String org.springframework.web.reactive.result.method.annotation.CrossOriginAnnotationIntegrationTests$MethodLevelController.defaultAnnotation()
09:58:11.152 [Test worker] INFO  org.springframework.web.reactive.result.method.annotation.RequestMappingHandlerMapping - Mapped "{[/default],methods=[GET],params=[q]}" onto public void org.springframework.web.reactive.result.method.annotation.CrossOriginAnnotationIntegrationTests$MethodLevelController.defaultAnnotationWithParams()
09:58:11.152 [Test worker] INFO  org.springframework.web.reactive.result.method.annotation.RequestMappingHandlerMapping - Mapped "{[/ambiguous-header],methods=[GET],headers=[header1=b]}" onto public void org.springframework.web.reactive.result.method.annotation.CrossOriginAnnotationIntegrationTests$MethodLevelController.ambiguousHeader1b()
09:58:11.153 [Test worker] INFO  org.springframework.web.reactive.result.method.annotation.RequestMappingHandlerMapping - Mapped "{[/ambiguous-produces],methods=[GET],produces=[application/json]}" onto public java.lang.String org.springframework.web.reactive.result.method.annotation.CrossOriginAnnotationIntegrationTests$MethodLevelController.ambiguousProducesJson()
09:58:11.153 [Test worker] INFO  org.springframework.web.reactive.result.method.annotation.RequestMappingHandlerMapping - Mapped "{[/ambiguous-header],methods=[GET],headers=[header1=a]}" onto public void org.springframework.web.reactive.result.method.annotation.CrossOriginAnnotationIntegrationTests$MethodLevelController.ambiguousHeader1a()
09:58:11.153 [Test worker] INFO  org.springframework.web.reactive.result.method.annotation.RequestMappingHandlerMapping - Mapped "{[/no],methods=[POST]}" onto public java.lang.String org.springframework.web.reactive.result.method.annotation.CrossOriginAnnotationIntegrationTests$MethodLevelController.noAnnotationPost()
09:58:11.153 [Test worker] INFO  org.springframework.web.reactive.result.method.annotation.RequestMappingHandlerMapping - Mapped "{[/no],methods=[GET]}" onto public java.lang.String org.springframework.web.reactive.result.method.annotation.CrossOriginAnnotationIntegrationTests$MethodLevelController.noAnnotation()
09:58:11.299 [Test worker] INFO  org.springframework.web.reactive.result.method.annotation.ControllerMethodResolver - Looking for @ControllerAdvice: org.springframework.context.annotation.AnnotationConfigApplicationContext@3802cef: startup date [Fri Apr 16 09:58:10 CST 2021]; root of context hierarchy
09:58:11.432 [Test worker] DEBUG org.springframework.http.server.reactive.bootstrap.TomcatHttpServer - Starting TomcatHttpServer...
09:58:11.442 [Test worker] DEBUG org.springframework.http.server.reactive.bootstrap.TomcatHttpServer - Server started on port 49590(0 millis).
09:58:11.445 [http-nio-auto-33-exec-1] DEBUG org.springframework.http.server.reactive.ServletHttpHandlerAdapter - Handling completed with success
09:58:11.445 [Test worker] DEBUG org.springframework.http.server.reactive.bootstrap.TomcatHttpServer - Stopping TomcatHttpServer...
09:58:11.975 [Test worker] DEBUG org.springframework.http.server.reactive.bootstrap.TomcatHttpServer - Server stopped (0 millis).
09:58:12.041 [Test worker] INFO  org.springframework.context.annotation.AnnotationConfigApplicationContext - Refreshing org.springframework.context.annotation.AnnotationConfigApplicationContext@307f8474: startup date [Fri Apr 16 09:58:12 CST 2021]; root of context hierarchy
09:58:12.102 [Test worker] INFO  org.springframework.beans.factory.annotation.AutowiredAnnotationBeanPostProcessor - JSR-330 'javax.inject.Inject' annotation found and supported for autowiring
09:58:12.248 [Test worker] INFO  org.springframework.web.reactive.result.method.annotation.RequestMappingHandlerMapping - Mapped "{[/foo],methods=[GET]}" onto public java.lang.String org.springframework.web.reactive.result.method.annotation.CrossOriginAnnotationIntegrationTests$ClassLevelController.foo()
09:58:12.248 [Test worker] INFO  org.springframework.web.reactive.result.method.annotation.RequestMappingHandlerMapping - Mapped "{[/bar],methods=[GET]}" onto public java.lang.String org.springframework.web.reactive.result.method.annotation.CrossOriginAnnotationIntegrationTests$ClassLevelController.bar()
09:58:12.248 [Test worker] INFO  org.springframework.web.reactive.result.method.annotation.RequestMappingHandlerMapping - Mapped "{[/baz],methods=[GET]}" onto public java.lang.String org.springframework.web.reactive.result.method.annotation.CrossOriginAnnotationIntegrationTests$ClassLevelController.baz()
09:58:12.249 [Test worker] INFO  org.springframework.web.reactive.result.method.annotation.RequestMappingHandlerMapping - Mapped "{[/origin-value-attribute],methods=[GET]}" onto public java.lang.String org.springframework.web.reactive.result.method.annotation.CrossOriginAnnotationIntegrationTests$MethodLevelController.customOriginDefinedViaValueAttribute()
09:58:12.249 [Test worker] INFO  org.springframework.web.reactive.result.method.annotation.RequestMappingHandlerMapping - Mapped "{[/origin-placeholder],methods=[GET]}" onto public java.lang.String org.springframework.web.reactive.result.method.annotation.CrossOriginAnnotationIntegrationTests$MethodLevelController.customOriginDefinedViaPlaceholder()
09:58:12.249 [Test worker] INFO  org.springframework.web.reactive.result.method.annotation.RequestMappingHandlerMapping - Mapped "{[/customized],methods=[GET || POST]}" onto public java.lang.String org.springframework.web.reactive.result.method.annotation.CrossOriginAnnotationIntegrationTests$MethodLevelController.customized()
09:58:12.249 [Test worker] INFO  org.springframework.web.reactive.result.method.annotation.RequestMappingHandlerMapping - Mapped "{[/ambiguous-produces],methods=[GET],produces=[application/xml]}" onto public java.lang.String org.springframework.web.reactive.result.method.annotation.CrossOriginAnnotationIntegrationTests$MethodLevelController.ambiguousProducesXml()
09:58:12.249 [Test worker] INFO  org.springframework.web.reactive.result.method.annotation.RequestMappingHandlerMapping - Mapped "{[/default],methods=[GET]}" onto public java.lang.String org.springframework.web.reactive.result.method.annotation.CrossOriginAnnotationIntegrationTests$MethodLevelController.defaultAnnotation()
09:58:12.249 [Test worker] INFO  org.springframework.web.reactive.result.method.annotation.RequestMappingHandlerMapping - Mapped "{[/default],methods=[GET],params=[q]}" onto public void org.springframework.web.reactive.result.method.annotation.CrossOriginAnnotationIntegrationTests$MethodLevelController.defaultAnnotationWithParams()
09:58:12.249 [Test worker] INFO  org.springframework.web.reactive.result.method.annotation.RequestMappingHandlerMapping - Mapped "{[/ambiguous-header],methods=[GET],headers=[header1=b]}" onto public void org.springframework.web.reactive.result.method.annotation.CrossOriginAnnotationIntegrationTests$MethodLevelController.ambiguousHeader1b()
09:58:12.249 [Test worker] INFO  org.springframework.web.reactive.result.method.annotation.RequestMappingHandlerMapping - Mapped "{[/ambiguous-produces],methods=[GET],produces=[application/json]}" onto public java.lang.String org.springframework.web.reactive.result.method.annotation.CrossOriginAnnotationIntegrationTests$MethodLevelController.ambiguousProducesJson()
09:58:12.249 [Test worker] INFO  org.springframework.web.reactive.result.method.annotation.RequestMappingHandlerMapping - Mapped "{[/ambiguous-header],methods=[GET],headers=[header1=a]}" onto public void org.springframework.web.reactive.result.method.annotation.CrossOriginAnnotationIntegrationTests$MethodLevelController.ambiguousHeader1a()
09:58:12.249 [Test worker] INFO  org.springframework.web.reactive.result.method.annotation.RequestMappingHandlerMapping - Mapped "{[/no],methods=[POST]}" onto public java.lang.String org.springframework.web.reactive.result.method.annotation.CrossOriginAnnotationIntegrationTests$MethodLevelController.noAnnotationPost()
09:58:12.249 [Test worker] INFO  org.springframework.web.reactive.result.method.annotation.RequestMappingHandlerMapping - Mapped "{[/no],methods=[GET]}" onto public java.lang.String org.springframework.web.reactive.result.method.annotation.CrossOriginAnnotationIntegrationTests$MethodLevelController.noAnnotation()
09:58:12.399 [Test worker] INFO  org.springframework.web.reactive.result.method.annotation.ControllerMethodResolver - Looking for @ControllerAdvice: org.springframework.context.annotation.AnnotationConfigApplicationContext@307f8474: startup date [Fri Apr 16 09:58:12 CST 2021]; root of context hierarchy
09:58:12.531 [Test worker] DEBUG org.springframework.http.server.reactive.bootstrap.TomcatHttpServer - Starting TomcatHttpServer...
09:58:12.543 [Test worker] DEBUG org.springframework.http.server.reactive.bootstrap.TomcatHttpServer - Server started on port 49600(0 millis).
09:58:12.545 [http-nio-auto-34-exec-1] DEBUG org.springframework.http.server.reactive.ServletHttpHandlerAdapter - Handling completed with success
09:58:12.546 [Test worker] DEBUG org.springframework.http.server.reactive.bootstrap.TomcatHttpServer - Stopping TomcatHttpServer...
09:58:13.091 [Test worker] DEBUG org.springframework.http.server.reactive.bootstrap.TomcatHttpServer - Server stopped (0 millis).
09:58:13.156 [Test worker] INFO  org.springframework.context.annotation.AnnotationConfigApplicationContext - Refreshing org.springframework.context.annotation.AnnotationConfigApplicationContext@476036e7: startup date [Fri Apr 16 09:58:13 CST 2021]; root of context hierarchy
09:58:13.217 [Test worker] INFO  org.springframework.beans.factory.annotation.AutowiredAnnotationBeanPostProcessor - JSR-330 'javax.inject.Inject' annotation found and supported for autowiring
09:58:13.370 [Test worker] INFO  org.springframework.web.reactive.result.method.annotation.RequestMappingHandlerMapping - Mapped "{[/foo],methods=[GET]}" onto public java.lang.String org.springframework.web.reactive.result.method.annotation.CrossOriginAnnotationIntegrationTests$ClassLevelController.foo()
09:58:13.370 [Test worker] INFO  org.springframework.web.reactive.result.method.annotation.RequestMappingHandlerMapping - Mapped "{[/bar],methods=[GET]}" onto public java.lang.String org.springframework.web.reactive.result.method.annotation.CrossOriginAnnotationIntegrationTests$ClassLevelController.bar()
09:58:13.370 [Test worker] INFO  org.springframework.web.reactive.result.method.annotation.RequestMappingHandlerMapping - Mapped "{[/baz],methods=[GET]}" onto public java.lang.String org.springframework.web.reactive.result.method.annotation.CrossOriginAnnotationIntegrationTests$ClassLevelController.baz()
09:58:13.370 [Test worker] INFO  org.springframework.web.reactive.result.method.annotation.RequestMappingHandlerMapping - Mapped "{[/origin-value-attribute],methods=[GET]}" onto public java.lang.String org.springframework.web.reactive.result.method.annotation.CrossOriginAnnotationIntegrationTests$MethodLevelController.customOriginDefinedViaValueAttribute()
09:58:13.370 [Test worker] INFO  org.springframework.web.reactive.result.method.annotation.RequestMappingHandlerMapping - Mapped "{[/origin-placeholder],methods=[GET]}" onto public java.lang.String org.springframework.web.reactive.result.method.annotation.CrossOriginAnnotationIntegrationTests$MethodLevelController.customOriginDefinedViaPlaceholder()
09:58:13.370 [Test worker] INFO  org.springframework.web.reactive.result.method.annotation.RequestMappingHandlerMapping - Mapped "{[/customized],methods=[GET || POST]}" onto public java.lang.String org.springframework.web.reactive.result.method.annotation.CrossOriginAnnotationIntegrationTests$MethodLevelController.customized()
09:58:13.370 [Test worker] INFO  org.springframework.web.reactive.result.method.annotation.RequestMappingHandlerMapping - Mapped "{[/ambiguous-produces],methods=[GET],produces=[application/xml]}" onto public java.lang.String org.springframework.web.reactive.result.method.annotation.CrossOriginAnnotationIntegrationTests$MethodLevelController.ambiguousProducesXml()
09:58:13.370 [Test worker] INFO  org.springframework.web.reactive.result.method.annotation.RequestMappingHandlerMapping - Mapped "{[/default],methods=[GET]}" onto public java.lang.String org.springframework.web.reactive.result.method.annotation.CrossOriginAnnotationIntegrationTests$MethodLevelController.defaultAnnotation()
09:58:13.370 [Test worker] INFO  org.springframework.web.reactive.result.method.annotation.RequestMappingHandlerMapping - Mapped "{[/default],methods=[GET],params=[q]}" onto public void org.springframework.web.reactive.result.method.annotation.CrossOriginAnnotationIntegrationTests$MethodLevelController.defaultAnnotationWithParams()
09:58:13.370 [Test worker] INFO  org.springframework.web.reactive.result.method.annotation.RequestMappingHandlerMapping - Mapped "{[/ambiguous-header],methods=[GET],headers=[header1=b]}" onto public void org.springframework.web.reactive.result.method.annotation.CrossOriginAnnotationIntegrationTests$MethodLevelController.ambiguousHeader1b()
09:58:13.371 [Test worker] INFO  org.springframework.web.reactive.result.method.annotation.RequestMappingHandlerMapping - Mapped "{[/ambiguous-produces],methods=[GET],produces=[application/json]}" onto public java.lang.String org.springframework.web.reactive.result.method.annotation.CrossOriginAnnotationIntegrationTests$MethodLevelController.ambiguousProducesJson()
09:58:13.371 [Test worker] INFO  org.springframework.web.reactive.result.method.annotation.RequestMappingHandlerMapping - Mapped "{[/ambiguous-header],methods=[GET],headers=[header1=a]}" onto public void org.springframework.web.reactive.result.method.annotation.CrossOriginAnnotationIntegrationTests$MethodLevelController.ambiguousHeader1a()
09:58:13.371 [Test worker] INFO  org.springframework.web.reactive.result.method.annotation.RequestMappingHandlerMapping - Mapped "{[/no],methods=[POST]}" onto public java.lang.String org.springframework.web.reactive.result.method.annotation.CrossOriginAnnotationIntegrationTests$MethodLevelController.noAnnotationPost()
09:58:13.371 [Test worker] INFO  org.springframework.web.reactive.result.method.annotation.RequestMappingHandlerMapping - Mapped "{[/no],methods=[GET]}" onto public java.lang.String org.springframework.web.reactive.result.method.annotation.CrossOriginAnnotationIntegrationTests$MethodLevelController.noAnnotation()
09:58:13.519 [Test worker] INFO  org.springframework.web.reactive.result.method.annotation.ControllerMethodResolver - Looking for @ControllerAdvice: org.springframework.context.annotation.AnnotationConfigApplicationContext@476036e7: startup date [Fri Apr 16 09:58:13 CST 2021]; root of context hierarchy
09:58:13.649 [Test worker] DEBUG org.springframework.http.server.reactive.bootstrap.TomcatHttpServer - Starting TomcatHttpServer...
09:58:13.660 [Test worker] DEBUG org.springframework.http.server.reactive.bootstrap.TomcatHttpServer - Server started on port 49609(0 millis).
09:58:13.663 [http-nio-auto-35-exec-1] DEBUG org.springframework.http.server.reactive.ServletHttpHandlerAdapter - Handling completed with success
09:58:13.663 [Test worker] DEBUG org.springframework.http.server.reactive.bootstrap.TomcatHttpServer - Stopping TomcatHttpServer...
09:58:14.201 [Test worker] DEBUG org.springframework.http.server.reactive.bootstrap.TomcatHttpServer - Server stopped (0 millis).
09:58:14.267 [Test worker] INFO  org.springframework.context.annotation.AnnotationConfigApplicationContext - Refreshing org.springframework.context.annotation.AnnotationConfigApplicationContext@59e0f63d: startup date [Fri Apr 16 09:58:14 CST 2021]; root of context hierarchy
09:58:14.332 [Test worker] INFO  org.springframework.beans.factory.annotation.AutowiredAnnotationBeanPostProcessor - JSR-330 'javax.inject.Inject' annotation found and supported for autowiring
09:58:14.486 [Test worker] INFO  org.springframework.web.reactive.result.method.annotation.RequestMappingHandlerMapping - Mapped "{[/foo],methods=[GET]}" onto public java.lang.String org.springframework.web.reactive.result.method.annotation.CrossOriginAnnotationIntegrationTests$ClassLevelController.foo()
09:58:14.486 [Test worker] INFO  org.springframework.web.reactive.result.method.annotation.RequestMappingHandlerMapping - Mapped "{[/bar],methods=[GET]}" onto public java.lang.String org.springframework.web.reactive.result.method.annotation.CrossOriginAnnotationIntegrationTests$ClassLevelController.bar()
09:58:14.486 [Test worker] INFO  org.springframework.web.reactive.result.method.annotation.RequestMappingHandlerMapping - Mapped "{[/baz],methods=[GET]}" onto public java.lang.String org.springframework.web.reactive.result.method.annotation.CrossOriginAnnotationIntegrationTests$ClassLevelController.baz()
09:58:14.487 [Test worker] INFO  org.springframework.web.reactive.result.method.annotation.RequestMappingHandlerMapping - Mapped "{[/origin-value-attribute],methods=[GET]}" onto public java.lang.String org.springframework.web.reactive.result.method.annotation.CrossOriginAnnotationIntegrationTests$MethodLevelController.customOriginDefinedViaValueAttribute()
09:58:14.487 [Test worker] INFO  org.springframework.web.reactive.result.method.annotation.RequestMappingHandlerMapping - Mapped "{[/origin-placeholder],methods=[GET]}" onto public java.lang.String org.springframework.web.reactive.result.method.annotation.CrossOriginAnnotationIntegrationTests$MethodLevelController.customOriginDefinedViaPlaceholder()
09:58:14.487 [Test worker] INFO  org.springframework.web.reactive.result.method.annotation.RequestMappingHandlerMapping - Mapped "{[/customized],methods=[GET || POST]}" onto public java.lang.String org.springframework.web.reactive.result.method.annotation.CrossOriginAnnotationIntegrationTests$MethodLevelController.customized()
09:58:14.487 [Test worker] INFO  org.springframework.web.reactive.result.method.annotation.RequestMappingHandlerMapping - Mapped "{[/ambiguous-produces],methods=[GET],produces=[application/xml]}" onto public java.lang.String org.springframework.web.reactive.result.method.annotation.CrossOriginAnnotationIntegrationTests$MethodLevelController.ambiguousProducesXml()
09:58:14.487 [Test worker] INFO  org.springframework.web.reactive.result.method.annotation.RequestMappingHandlerMapping - Mapped "{[/default],methods=[GET]}" onto public java.lang.String org.springframework.web.reactive.result.method.annotation.CrossOriginAnnotationIntegrationTests$MethodLevelController.defaultAnnotation()
09:58:14.487 [Test worker] INFO  org.springframework.web.reactive.result.method.annotation.RequestMappingHandlerMapping - Mapped "{[/default],methods=[GET],params=[q]}" onto public void org.springframework.web.reactive.result.method.annotation.CrossOriginAnnotationIntegrationTests$MethodLevelController.defaultAnnotationWithParams()
09:58:14.487 [Test worker] INFO  org.springframework.web.reactive.result.method.annotation.RequestMappingHandlerMapping - Mapped "{[/ambiguous-header],methods=[GET],headers=[header1=b]}" onto public void org.springframework.web.reactive.result.method.annotation.CrossOriginAnnotationIntegrationTests$MethodLevelController.ambiguousHeader1b()
09:58:14.487 [Test worker] INFO  org.springframework.web.reactive.result.method.annotation.RequestMappingHandlerMapping - Mapped "{[/ambiguous-produces],methods=[GET],produces=[application/json]}" onto public java.lang.String org.springframework.web.reactive.result.method.annotation.CrossOriginAnnotationIntegrationTests$MethodLevelController.ambiguousProducesJson()
09:58:14.487 [Test worker] INFO  org.springframework.web.reactive.result.method.annotation.RequestMappingHandlerMapping - Mapped "{[/ambiguous-header],methods=[GET],headers=[header1=a]}" onto public void org.springframework.web.reactive.result.method.annotation.CrossOriginAnnotationIntegrationTests$MethodLevelController.ambiguousHeader1a()
09:58:14.487 [Test worker] INFO  org.springframework.web.reactive.result.method.annotation.RequestMappingHandlerMapping - Mapped "{[/no],methods=[POST]}" onto public java.lang.String org.springframework.web.reactive.result.method.annotation.CrossOriginAnnotationIntegrationTests$MethodLevelController.noAnnotationPost()
09:58:14.487 [Test worker] INFO  org.springframework.web.reactive.result.method.annotation.RequestMappingHandlerMapping - Mapped "{[/no],methods=[GET]}" onto public java.lang.String org.springframework.web.reactive.result.method.annotation.CrossOriginAnnotationIntegrationTests$MethodLevelController.noAnnotation()
09:58:14.641 [Test worker] INFO  org.springframework.web.reactive.result.method.annotation.ControllerMethodResolver - Looking for @ControllerAdvice: org.springframework.context.annotation.AnnotationConfigApplicationContext@59e0f63d: startup date [Fri Apr 16 09:58:14 CST 2021]; root of context hierarchy
09:58:14.775 [Test worker] DEBUG org.springframework.http.server.reactive.bootstrap.TomcatHttpServer - Starting TomcatHttpServer...
09:58:14.785 [Test worker] DEBUG org.springframework.http.server.reactive.bootstrap.TomcatHttpServer - Server started on port 49618(0 millis).
09:58:14.788 [http-nio-auto-36-exec-1] DEBUG org.springframework.http.server.reactive.ServletHttpHandlerAdapter - Handling completed with success
09:58:14.789 [Test worker] DEBUG org.springframework.http.server.reactive.bootstrap.TomcatHttpServer - Stopping TomcatHttpServer...
09:58:15.316 [Test worker] DEBUG org.springframework.http.server.reactive.bootstrap.TomcatHttpServer - Server stopped (0 millis).
09:58:15.381 [Test worker] INFO  org.springframework.context.annotation.AnnotationConfigApplicationContext - Refreshing org.springframework.context.annotation.AnnotationConfigApplicationContext@598bd9a6: startup date [Fri Apr 16 09:58:15 CST 2021]; root of context hierarchy
09:58:15.444 [Test worker] INFO  org.springframework.beans.factory.annotation.AutowiredAnnotationBeanPostProcessor - JSR-330 'javax.inject.Inject' annotation found and supported for autowiring
09:58:15.595 [Test worker] INFO  org.springframework.web.reactive.result.method.annotation.RequestMappingHandlerMapping - Mapped "{[/foo],methods=[GET]}" onto public java.lang.String org.springframework.web.reactive.result.method.annotation.CrossOriginAnnotationIntegrationTests$ClassLevelController.foo()
09:58:15.595 [Test worker] INFO  org.springframework.web.reactive.result.method.annotation.RequestMappingHandlerMapping - Mapped "{[/bar],methods=[GET]}" onto public java.lang.String org.springframework.web.reactive.result.method.annotation.CrossOriginAnnotationIntegrationTests$ClassLevelController.bar()
09:58:15.595 [Test worker] INFO  org.springframework.web.reactive.result.method.annotation.RequestMappingHandlerMapping - Mapped "{[/baz],methods=[GET]}" onto public java.lang.String org.springframework.web.reactive.result.method.annotation.CrossOriginAnnotationIntegrationTests$ClassLevelController.baz()
09:58:15.595 [Test worker] INFO  org.springframework.web.reactive.result.method.annotation.RequestMappingHandlerMapping - Mapped "{[/origin-value-attribute],methods=[GET]}" onto public java.lang.String org.springframework.web.reactive.result.method.annotation.CrossOriginAnnotationIntegrationTests$MethodLevelController.customOriginDefinedViaValueAttribute()
09:58:15.595 [Test worker] INFO  org.springframework.web.reactive.result.method.annotation.RequestMappingHandlerMapping - Mapped "{[/origin-placeholder],methods=[GET]}" onto public java.lang.String org.springframework.web.reactive.result.method.annotation.CrossOriginAnnotationIntegrationTests$MethodLevelController.customOriginDefinedViaPlaceholder()
09:58:15.595 [Test worker] INFO  org.springframework.web.reactive.result.method.annotation.RequestMappingHandlerMapping - Mapped "{[/customized],methods=[GET || POST]}" onto public java.lang.String org.springframework.web.reactive.result.method.annotation.CrossOriginAnnotationIntegrationTests$MethodLevelController.customized()
09:58:15.595 [Test worker] INFO  org.springframework.web.reactive.result.method.annotation.RequestMappingHandlerMapping - Mapped "{[/ambiguous-produces],methods=[GET],produces=[application/xml]}" onto public java.lang.String org.springframework.web.reactive.result.method.annotation.CrossOriginAnnotationIntegrationTests$MethodLevelController.ambiguousProducesXml()
09:58:15.595 [Test worker] INFO  org.springframework.web.reactive.result.method.annotation.RequestMappingHandlerMapping - Mapped "{[/default],methods=[GET]}" onto public java.lang.String org.springframework.web.reactive.result.method.annotation.CrossOriginAnnotationIntegrationTests$MethodLevelController.defaultAnnotation()
09:58:15.595 [Test worker] INFO  org.springframework.web.reactive.result.method.annotation.RequestMappingHandlerMapping - Mapped "{[/default],methods=[GET],params=[q]}" onto public void org.springframework.web.reactive.result.method.annotation.CrossOriginAnnotationIntegrationTests$MethodLevelController.defaultAnnotationWithParams()
09:58:15.595 [Test worker] INFO  org.springframework.web.reactive.result.method.annotation.RequestMappingHandlerMapping - Mapped "{[/ambiguous-header],methods=[GET],headers=[header1=b]}" onto public void org.springframework.web.reactive.result.method.annotation.CrossOriginAnnotationIntegrationTests$MethodLevelController.ambiguousHeader1b()
09:58:15.595 [Test worker] INFO  org.springframework.web.reactive.result.method.annotation.RequestMappingHandlerMapping - Mapped "{[/ambiguous-produces],methods=[GET],produces=[application/json]}" onto public java.lang.String org.springframework.web.reactive.result.method.annotation.CrossOriginAnnotationIntegrationTests$MethodLevelController.ambiguousProducesJson()
09:58:15.595 [Test worker] INFO  org.springframework.web.reactive.result.method.annotation.RequestMappingHandlerMapping - Mapped "{[/ambiguous-header],methods=[GET],headers=[header1=a]}" onto public void org.springframework.web.reactive.result.method.annotation.CrossOriginAnnotationIntegrationTests$MethodLevelController.ambiguousHeader1a()
09:58:15.595 [Test worker] INFO  org.springframework.web.reactive.result.method.annotation.RequestMappingHandlerMapping - Mapped "{[/no],methods=[POST]}" onto public java.lang.String org.springframework.web.reactive.result.method.annotation.CrossOriginAnnotationIntegrationTests$MethodLevelController.noAnnotationPost()
09:58:15.595 [Test worker] INFO  org.springframework.web.reactive.result.method.annotation.RequestMappingHandlerMapping - Mapped "{[/no],methods=[GET]}" onto public java.lang.String org.springframework.web.reactive.result.method.annotation.CrossOriginAnnotationIntegrationTests$MethodLevelController.noAnnotation()
09:58:15.748 [Test worker] INFO  org.springframework.web.reactive.result.method.annotation.ControllerMethodResolver - Looking for @ControllerAdvice: org.springframework.context.annotation.AnnotationConfigApplicationContext@598bd9a6: startup date [Fri Apr 16 09:58:15 CST 2021]; root of context hierarchy
09:58:15.903 [Test worker] DEBUG org.springframework.http.server.reactive.bootstrap.TomcatHttpServer - Starting TomcatHttpServer...
09:58:15.914 [Test worker] DEBUG org.springframework.http.server.reactive.bootstrap.TomcatHttpServer - Server started on port 49627(0 millis).
09:58:15.917 [http-nio-auto-37-exec-1] DEBUG org.springframework.http.server.reactive.ServletHttpHandlerAdapter - Handling completed with success
09:58:15.918 [Test worker] DEBUG org.springframework.http.server.reactive.bootstrap.TomcatHttpServer - Stopping TomcatHttpServer...
09:58:16.555 [Test worker] DEBUG org.springframework.http.server.reactive.bootstrap.TomcatHttpServer - Server stopped (0 millis).
09:58:16.649 [Test worker] INFO  org.springframework.context.annotation.AnnotationConfigApplicationContext - Refreshing org.springframework.context.annotation.AnnotationConfigApplicationContext@498364bb: startup date [Fri Apr 16 09:58:16 CST 2021]; root of context hierarchy
09:58:16.745 [Test worker] INFO  org.springframework.beans.factory.annotation.AutowiredAnnotationBeanPostProcessor - JSR-330 'javax.inject.Inject' annotation found and supported for autowiring
09:58:16.904 [Test worker] INFO  org.springframework.web.reactive.result.method.annotation.RequestMappingHandlerMapping - Mapped "{[/foo],methods=[GET]}" onto public java.lang.String org.springframework.web.reactive.result.method.annotation.CrossOriginAnnotationIntegrationTests$ClassLevelController.foo()
09:58:16.904 [Test worker] INFO  org.springframework.web.reactive.result.method.annotation.RequestMappingHandlerMapping - Mapped "{[/bar],methods=[GET]}" onto public java.lang.String org.springframework.web.reactive.result.method.annotation.CrossOriginAnnotationIntegrationTests$ClassLevelController.bar()
09:58:16.904 [Test worker] INFO  org.springframework.web.reactive.result.method.annotation.RequestMappingHandlerMapping - Mapped "{[/baz],methods=[GET]}" onto public java.lang.String org.springframework.web.reactive.result.method.annotation.CrossOriginAnnotationIntegrationTests$ClassLevelController.baz()
09:58:16.904 [Test worker] INFO  org.springframework.web.reactive.result.method.annotation.RequestMappingHandlerMapping - Mapped "{[/origin-value-attribute],methods=[GET]}" onto public java.lang.String org.springframework.web.reactive.result.method.annotation.CrossOriginAnnotationIntegrationTests$MethodLevelController.customOriginDefinedViaValueAttribute()
09:58:16.904 [Test worker] INFO  org.springframework.web.reactive.result.method.annotation.RequestMappingHandlerMapping - Mapped "{[/origin-placeholder],methods=[GET]}" onto public java.lang.String org.springframework.web.reactive.result.method.annotation.CrossOriginAnnotationIntegrationTests$MethodLevelController.customOriginDefinedViaPlaceholder()
09:58:16.904 [Test worker] INFO  org.springframework.web.reactive.result.method.annotation.RequestMappingHandlerMapping - Mapped "{[/customized],methods=[GET || POST]}" onto public java.lang.String org.springframework.web.reactive.result.method.annotation.CrossOriginAnnotationIntegrationTests$MethodLevelController.customized()
09:58:16.904 [Test worker] INFO  org.springframework.web.reactive.result.method.annotation.RequestMappingHandlerMapping - Mapped "{[/ambiguous-produces],methods=[GET],produces=[application/xml]}" onto public java.lang.String org.springframework.web.reactive.result.method.annotation.CrossOriginAnnotationIntegrationTests$MethodLevelController.ambiguousProducesXml()
09:58:16.904 [Test worker] INFO  org.springframework.web.reactive.result.method.annotation.RequestMappingHandlerMapping - Mapped "{[/default],methods=[GET]}" onto public java.lang.String org.springframework.web.reactive.result.method.annotation.CrossOriginAnnotationIntegrationTests$MethodLevelController.defaultAnnotation()
09:58:16.904 [Test worker] INFO  org.springframework.web.reactive.result.method.annotation.RequestMappingHandlerMapping - Mapped "{[/default],methods=[GET],params=[q]}" onto public void org.springframework.web.reactive.result.method.annotation.CrossOriginAnnotationIntegrationTests$MethodLevelController.defaultAnnotationWithParams()
09:58:16.904 [Test worker] INFO  org.springframework.web.reactive.result.method.annotation.RequestMappingHandlerMapping - Mapped "{[/ambiguous-header],methods=[GET],headers=[header1=b]}" onto public void org.springframework.web.reactive.result.method.annotation.CrossOriginAnnotationIntegrationTests$MethodLevelController.ambiguousHeader1b()
09:58:16.905 [Test worker] INFO  org.springframework.web.reactive.result.method.annotation.RequestMappingHandlerMapping - Mapped "{[/ambiguous-produces],methods=[GET],produces=[application/json]}" onto public java.lang.String org.springframework.web.reactive.result.method.annotation.CrossOriginAnnotationIntegrationTests$MethodLevelController.ambiguousProducesJson()
09:58:16.905 [Test worker] INFO  org.springframework.web.reactive.result.method.annotation.RequestMappingHandlerMapping - Mapped "{[/ambiguous-header],methods=[GET],headers=[header1=a]}" onto public void org.springframework.web.reactive.result.method.annotation.CrossOriginAnnotationIntegrationTests$MethodLevelController.ambiguousHeader1a()
09:58:16.905 [Test worker] INFO  org.springframework.web.reactive.result.method.annotation.RequestMappingHandlerMapping - Mapped "{[/no],methods=[POST]}" onto public java.lang.String org.springframework.web.reactive.result.method.annotation.CrossOriginAnnotationIntegrationTests$MethodLevelController.noAnnotationPost()
09:58:16.905 [Test worker] INFO  org.springframework.web.reactive.result.method.annotation.RequestMappingHandlerMapping - Mapped "{[/no],methods=[GET]}" onto public java.lang.String org.springframework.web.reactive.result.method.annotation.CrossOriginAnnotationIntegrationTests$MethodLevelController.noAnnotation()
09:58:17.063 [Test worker] INFO  org.springframework.web.reactive.result.method.annotation.ControllerMethodResolver - Looking for @ControllerAdvice: org.springframework.context.annotation.AnnotationConfigApplicationContext@498364bb: startup date [Fri Apr 16 09:58:16 CST 2021]; root of context hierarchy
09:58:17.222 [Test worker] DEBUG org.springframework.http.server.reactive.bootstrap.TomcatHttpServer - Starting TomcatHttpServer...
09:58:17.253 [Test worker] DEBUG org.springframework.http.server.reactive.bootstrap.TomcatHttpServer - Server started on port 49637(0 millis).
09:58:17.257 [http-nio-auto-38-exec-1] DEBUG org.springframework.http.server.reactive.ServletHttpHandlerAdapter - Handling completed with success
09:58:17.257 [Test worker] DEBUG org.springframework.http.server.reactive.bootstrap.TomcatHttpServer - Stopping TomcatHttpServer...
09:58:17.835 [Test worker] DEBUG org.springframework.http.server.reactive.bootstrap.TomcatHttpServer - Server stopped (0 millis).
09:58:17.902 [Test worker] INFO  org.springframework.context.annotation.AnnotationConfigApplicationContext - Refreshing org.springframework.context.annotation.AnnotationConfigApplicationContext@46e13019: startup date [Fri Apr 16 09:58:17 CST 2021]; root of context hierarchy
09:58:17.964 [Test worker] INFO  org.springframework.beans.factory.annotation.AutowiredAnnotationBeanPostProcessor - JSR-330 'javax.inject.Inject' annotation found and supported for autowiring
09:58:18.129 [Test worker] INFO  org.springframework.web.reactive.result.method.annotation.RequestMappingHandlerMapping - Mapped "{[/foo],methods=[GET]}" onto public java.lang.String org.springframework.web.reactive.result.method.annotation.CrossOriginAnnotationIntegrationTests$ClassLevelController.foo()
09:58:18.129 [Test worker] INFO  org.springframework.web.reactive.result.method.annotation.RequestMappingHandlerMapping - Mapped "{[/bar],methods=[GET]}" onto public java.lang.String org.springframework.web.reactive.result.method.annotation.CrossOriginAnnotationIntegrationTests$ClassLevelController.bar()
09:58:18.129 [Test worker] INFO  org.springframework.web.reactive.result.method.annotation.RequestMappingHandlerMapping - Mapped "{[/baz],methods=[GET]}" onto public java.lang.String org.springframework.web.reactive.result.method.annotation.CrossOriginAnnotationIntegrationTests$ClassLevelController.baz()
09:58:18.129 [Test worker] INFO  org.springframework.web.reactive.result.method.annotation.RequestMappingHandlerMapping - Mapped "{[/origin-value-attribute],methods=[GET]}" onto public java.lang.String org.springframework.web.reactive.result.method.annotation.CrossOriginAnnotationIntegrationTests$MethodLevelController.customOriginDefinedViaValueAttribute()
09:58:18.130 [Test worker] INFO  org.springframework.web.reactive.result.method.annotation.RequestMappingHandlerMapping - Mapped "{[/origin-placeholder],methods=[GET]}" onto public java.lang.String org.springframework.web.reactive.result.method.annotation.CrossOriginAnnotationIntegrationTests$MethodLevelController.customOriginDefinedViaPlaceholder()
09:58:18.130 [Test worker] INFO  org.springframework.web.reactive.result.method.annotation.RequestMappingHandlerMapping - Mapped "{[/customized],methods=[GET || POST]}" onto public java.lang.String org.springframework.web.reactive.result.method.annotation.CrossOriginAnnotationIntegrationTests$MethodLevelController.customized()
09:58:18.130 [Test worker] INFO  org.springframework.web.reactive.result.method.annotation.RequestMappingHandlerMapping - Mapped "{[/ambiguous-produces],methods=[GET],produces=[application/xml]}" onto public java.lang.String org.springframework.web.reactive.result.method.annotation.CrossOriginAnnotationIntegrationTests$MethodLevelController.ambiguousProducesXml()
09:58:18.130 [Test worker] INFO  org.springframework.web.reactive.result.method.annotation.RequestMappingHandlerMapping - Mapped "{[/default],methods=[GET]}" onto public java.lang.String org.springframework.web.reactive.result.method.annotation.CrossOriginAnnotationIntegrationTests$MethodLevelController.defaultAnnotation()
09:58:18.130 [Test worker] INFO  org.springframework.web.reactive.result.method.annotation.RequestMappingHandlerMapping - Mapped "{[/default],methods=[GET],params=[q]}" onto public void org.springframework.web.reactive.result.method.annotation.CrossOriginAnnotationIntegrationTests$MethodLevelController.defaultAnnotationWithParams()
09:58:18.130 [Test worker] INFO  org.springframework.web.reactive.result.method.annotation.RequestMappingHandlerMapping - Mapped "{[/ambiguous-header],methods=[GET],headers=[header1=b]}" onto public void org.springframework.web.reactive.result.method.annotation.CrossOriginAnnotationIntegrationTests$MethodLevelController.ambiguousHeader1b()
09:58:18.130 [Test worker] INFO  org.springframework.web.reactive.result.method.annotation.RequestMappingHandlerMapping - Mapped "{[/ambiguous-produces],methods=[GET],produces=[application/json]}" onto public java.lang.String org.springframework.web.reactive.result.method.annotation.CrossOriginAnnotationIntegrationTests$MethodLevelController.ambiguousProducesJson()
09:58:18.130 [Test worker] INFO  org.springframework.web.reactive.result.method.annotation.RequestMappingHandlerMapping - Mapped "{[/ambiguous-header],methods=[GET],headers=[header1=a]}" onto public void org.springframework.web.reactive.result.method.annotation.CrossOriginAnnotationIntegrationTests$MethodLevelController.ambiguousHeader1a()
09:58:18.130 [Test worker] INFO  org.springframework.web.reactive.result.method.annotation.RequestMappingHandlerMapping - Mapped "{[/no],methods=[POST]}" onto public java.lang.String org.springframework.web.reactive.result.method.annotation.CrossOriginAnnotationIntegrationTests$MethodLevelController.noAnnotationPost()
09:58:18.130 [Test worker] INFO  org.springframework.web.reactive.result.method.annotation.RequestMappingHandlerMapping - Mapped "{[/no],methods=[GET]}" onto public java.lang.String org.springframework.web.reactive.result.method.annotation.CrossOriginAnnotationIntegrationTests$MethodLevelController.noAnnotation()
09:58:18.293 [Test worker] INFO  org.springframework.web.reactive.result.method.annotation.ControllerMethodResolver - Looking for @ControllerAdvice: org.springframework.context.annotation.AnnotationConfigApplicationContext@46e13019: startup date [Fri Apr 16 09:58:17 CST 2021]; root of context hierarchy
09:58:18.432 [Test worker] DEBUG org.springframework.http.server.reactive.bootstrap.TomcatHttpServer - Starting TomcatHttpServer...
09:58:18.444 [Test worker] DEBUG org.springframework.http.server.reactive.bootstrap.TomcatHttpServer - Server started on port 49647(0 millis).
09:58:18.446 [http-nio-auto-39-exec-1] DEBUG org.springframework.http.server.reactive.ServletHttpHandlerAdapter - Handling completed with success
09:58:18.447 [Test worker] DEBUG org.springframework.http.server.reactive.bootstrap.TomcatHttpServer - Stopping TomcatHttpServer...
09:58:18.974 [Test worker] DEBUG org.springframework.http.server.reactive.bootstrap.TomcatHttpServer - Server stopped (0 millis).
09:58:19.039 [Test worker] INFO  org.springframework.context.annotation.AnnotationConfigApplicationContext - Refreshing org.springframework.context.annotation.AnnotationConfigApplicationContext@631b506d: startup date [Fri Apr 16 09:58:19 CST 2021]; root of context hierarchy
09:58:19.100 [Test worker] INFO  org.springframework.beans.factory.annotation.AutowiredAnnotationBeanPostProcessor - JSR-330 'javax.inject.Inject' annotation found and supported for autowiring
09:58:19.250 [Test worker] INFO  org.springframework.web.reactive.result.method.annotation.RequestMappingHandlerMapping - Mapped "{[/foo],methods=[GET]}" onto public java.lang.String org.springframework.web.reactive.result.method.annotation.CrossOriginAnnotationIntegrationTests$ClassLevelController.foo()
09:58:19.250 [Test worker] INFO  org.springframework.web.reactive.result.method.annotation.RequestMappingHandlerMapping - Mapped "{[/bar],methods=[GET]}" onto public java.lang.String org.springframework.web.reactive.result.method.annotation.CrossOriginAnnotationIntegrationTests$ClassLevelController.bar()
09:58:19.250 [Test worker] INFO  org.springframework.web.reactive.result.method.annotation.RequestMappingHandlerMapping - Mapped "{[/baz],methods=[GET]}" onto public java.lang.String org.springframework.web.reactive.result.method.annotation.CrossOriginAnnotationIntegrationTests$ClassLevelController.baz()
09:58:19.250 [Test worker] INFO  org.springframework.web.reactive.result.method.annotation.RequestMappingHandlerMapping - Mapped "{[/origin-value-attribute],methods=[GET]}" onto public java.lang.String org.springframework.web.reactive.result.method.annotation.CrossOriginAnnotationIntegrationTests$MethodLevelController.customOriginDefinedViaValueAttribute()
09:58:19.250 [Test worker] INFO  org.springframework.web.reactive.result.method.annotation.RequestMappingHandlerMapping - Mapped "{[/origin-placeholder],methods=[GET]}" onto public java.lang.String org.springframework.web.reactive.result.method.annotation.CrossOriginAnnotationIntegrationTests$MethodLevelController.customOriginDefinedViaPlaceholder()
09:58:19.250 [Test worker] INFO  org.springframework.web.reactive.result.method.annotation.RequestMappingHandlerMapping - Mapped "{[/customized],methods=[GET || POST]}" onto public java.lang.String org.springframework.web.reactive.result.method.annotation.CrossOriginAnnotationIntegrationTests$MethodLevelController.customized()
09:58:19.251 [Test worker] INFO  org.springframework.web.reactive.result.method.annotation.RequestMappingHandlerMapping - Mapped "{[/ambiguous-produces],methods=[GET],produces=[application/xml]}" onto public java.lang.String org.springframework.web.reactive.result.method.annotation.CrossOriginAnnotationIntegrationTests$MethodLevelController.ambiguousProducesXml()
09:58:19.251 [Test worker] INFO  org.springframework.web.reactive.result.method.annotation.RequestMappingHandlerMapping - Mapped "{[/default],methods=[GET]}" onto public java.lang.String org.springframework.web.reactive.result.method.annotation.CrossOriginAnnotationIntegrationTests$MethodLevelController.defaultAnnotation()
09:58:19.251 [Test worker] INFO  org.springframework.web.reactive.result.method.annotation.RequestMappingHandlerMapping - Mapped "{[/default],methods=[GET],params=[q]}" onto public void org.springframework.web.reactive.result.method.annotation.CrossOriginAnnotationIntegrationTests$MethodLevelController.defaultAnnotationWithParams()
09:58:19.251 [Test worker] INFO  org.springframework.web.reactive.result.method.annotation.RequestMappingHandlerMapping - Mapped "{[/ambiguous-header],methods=[GET],headers=[header1=b]}" onto public void org.springframework.web.reactive.result.method.annotation.CrossOriginAnnotationIntegrationTests$MethodLevelController.ambiguousHeader1b()
09:58:19.251 [Test worker] INFO  org.springframework.web.reactive.result.method.annotation.RequestMappingHandlerMapping - Mapped "{[/ambiguous-produces],methods=[GET],produces=[application/json]}" onto public java.lang.String org.springframework.web.reactive.result.method.annotation.CrossOriginAnnotationIntegrationTests$MethodLevelController.ambiguousProducesJson()
09:58:19.251 [Test worker] INFO  org.springframework.web.reactive.result.method.annotation.RequestMappingHandlerMapping - Mapped "{[/ambiguous-header],methods=[GET],headers=[header1=a]}" onto public void org.springframework.web.reactive.result.method.annotation.CrossOriginAnnotationIntegrationTests$MethodLevelController.ambiguousHeader1a()
09:58:19.251 [Test worker] INFO  org.springframework.web.reactive.result.method.annotation.RequestMappingHandlerMapping - Mapped "{[/no],methods=[POST]}" onto public java.lang.String org.springframework.web.reactive.result.method.annotation.CrossOriginAnnotationIntegrationTests$MethodLevelController.noAnnotationPost()
09:58:19.251 [Test worker] INFO  org.springframework.web.reactive.result.method.annotation.RequestMappingHandlerMapping - Mapped "{[/no],methods=[GET]}" onto public java.lang.String org.springframework.web.reactive.result.method.annotation.CrossOriginAnnotationIntegrationTests$MethodLevelController.noAnnotation()
09:58:19.408 [Test worker] INFO  org.springframework.web.reactive.result.method.annotation.ControllerMethodResolver - Looking for @ControllerAdvice: org.springframework.context.annotation.AnnotationConfigApplicationContext@631b506d: startup date [Fri Apr 16 09:58:19 CST 2021]; root of context hierarchy
09:58:19.545 [Test worker] DEBUG org.springframework.http.server.reactive.bootstrap.UndertowHttpServer - Starting UndertowHttpServer...
09:58:19.556 [Test worker] DEBUG org.springframework.http.server.reactive.bootstrap.UndertowHttpServer - Server started on port 49693(0 millis).
09:58:19.559 [XNIO-27 I/O-6] DEBUG org.springframework.http.server.reactive.UndertowHttpHandlerAdapter - Handling completed with success
09:58:19.559 [Test worker] DEBUG org.springframework.http.server.reactive.bootstrap.UndertowHttpServer - Stopping UndertowHttpServer...
09:58:19.561 [Test worker] DEBUG org.springframework.http.server.reactive.bootstrap.UndertowHttpServer - Server stopped (0 millis).
09:58:19.627 [Test worker] INFO  org.springframework.context.annotation.AnnotationConfigApplicationContext - Refreshing org.springframework.context.annotation.AnnotationConfigApplicationContext@e7ddcad: startup date [Fri Apr 16 09:58:19 CST 2021]; root of context hierarchy
09:58:19.648 [Test worker] INFO  org.springframework.beans.factory.annotation.AutowiredAnnotationBeanPostProcessor - JSR-330 'javax.inject.Inject' annotation found and supported for autowiring
09:58:19.650 [Test worker] INFO  org.springframework.web.reactive.result.method.annotation.RequestMappingHandlerMapping - Mapped "{[/foo],methods=[GET]}" onto public java.lang.String org.springframework.web.reactive.result.method.annotation.CrossOriginAnnotationIntegrationTests$ClassLevelController.foo()
09:58:19.650 [Test worker] INFO  org.springframework.web.reactive.result.method.annotation.RequestMappingHandlerMapping - Mapped "{[/bar],methods=[GET]}" onto public java.lang.String org.springframework.web.reactive.result.method.annotation.CrossOriginAnnotationIntegrationTests$ClassLevelController.bar()
09:58:19.650 [Test worker] INFO  org.springframework.web.reactive.result.method.annotation.RequestMappingHandlerMapping - Mapped "{[/baz],methods=[GET]}" onto public java.lang.String org.springframework.web.reactive.result.method.annotation.CrossOriginAnnotationIntegrationTests$ClassLevelController.baz()
09:58:19.651 [Test worker] INFO  org.springframework.web.reactive.result.method.annotation.RequestMappingHandlerMapping - Mapped "{[/origin-value-attribute],methods=[GET]}" onto public java.lang.String org.springframework.web.reactive.result.method.annotation.CrossOriginAnnotationIntegrationTests$MethodLevelController.customOriginDefinedViaValueAttribute()
09:58:19.651 [Test worker] INFO  org.springframework.web.reactive.result.method.annotation.RequestMappingHandlerMapping - Mapped "{[/origin-placeholder],methods=[GET]}" onto public java.lang.String org.springframework.web.reactive.result.method.annotation.CrossOriginAnnotationIntegrationTests$MethodLevelController.customOriginDefinedViaPlaceholder()
09:58:19.651 [Test worker] INFO  org.springframework.web.reactive.result.method.annotation.RequestMappingHandlerMapping - Mapped "{[/customized],methods=[GET || POST]}" onto public java.lang.String org.springframework.web.reactive.result.method.annotation.CrossOriginAnnotationIntegrationTests$MethodLevelController.customized()
09:58:19.651 [Test worker] INFO  org.springframework.web.reactive.result.method.annotation.RequestMappingHandlerMapping - Mapped "{[/ambiguous-produces],methods=[GET],produces=[application/xml]}" onto public java.lang.String org.springframework.web.reactive.result.method.annotation.CrossOriginAnnotationIntegrationTests$MethodLevelController.ambiguousProducesXml()
09:58:19.651 [Test worker] INFO  org.springframework.web.reactive.result.method.annotation.RequestMappingHandlerMapping - Mapped "{[/default],methods=[GET]}" onto public java.lang.String org.springframework.web.reactive.result.method.annotation.CrossOriginAnnotationIntegrationTests$MethodLevelController.defaultAnnotation()
09:58:19.651 [Test worker] INFO  org.springframework.web.reactive.result.method.annotation.RequestMappingHandlerMapping - Mapped "{[/default],methods=[GET],params=[q]}" onto public void org.springframework.web.reactive.result.method.annotation.CrossOriginAnnotationIntegrationTests$MethodLevelController.defaultAnnotationWithParams()
09:58:19.651 [Test worker] INFO  org.springframework.web.reactive.result.method.annotation.RequestMappingHandlerMapping - Mapped "{[/ambiguous-header],methods=[GET],headers=[header1=b]}" onto public void org.springframework.web.reactive.result.method.annotation.CrossOriginAnnotationIntegrationTests$MethodLevelController.ambiguousHeader1b()
09:58:19.651 [Test worker] INFO  org.springframework.web.reactive.result.method.annotation.RequestMappingHandlerMapping - Mapped "{[/ambiguous-produces],methods=[GET],produces=[application/json]}" onto public java.lang.String org.springframework.web.reactive.result.method.annotation.CrossOriginAnnotationIntegrationTests$MethodLevelController.ambiguousProducesJson()
09:58:19.651 [Test worker] INFO  org.springframework.web.reactive.result.method.annotation.RequestMappingHandlerMapping - Mapped "{[/ambiguous-header],methods=[GET],headers=[header1=a]}" onto public void org.springframework.web.reactive.result.method.annotation.CrossOriginAnnotationIntegrationTests$MethodLevelController.ambiguousHeader1a()
09:58:19.651 [Test worker] INFO  org.springframework.web.reactive.result.method.annotation.RequestMappingHandlerMapping - Mapped "{[/no],methods=[POST]}" onto public java.lang.String org.springframework.web.reactive.result.method.annotation.CrossOriginAnnotationIntegrationTests$MethodLevelController.noAnnotationPost()
09:58:19.651 [Test worker] INFO  org.springframework.web.reactive.result.method.annotation.RequestMappingHandlerMapping - Mapped "{[/no],methods=[GET]}" onto public java.lang.String org.springframework.web.reactive.result.method.annotation.CrossOriginAnnotationIntegrationTests$MethodLevelController.noAnnotation()
09:58:19.699 [Test worker] INFO  org.springframework.web.reactive.result.method.annotation.ControllerMethodResolver - Looking for @ControllerAdvice: org.springframework.context.annotation.AnnotationConfigApplicationContext@e7ddcad: startup date [Fri Apr 16 09:58:19 CST 2021]; root of context hierarchy
09:58:19.771 [Test worker] DEBUG org.springframework.http.server.reactive.bootstrap.UndertowHttpServer - Starting UndertowHttpServer...
09:58:19.777 [Test worker] DEBUG org.springframework.http.server.reactive.bootstrap.UndertowHttpServer - Server started on port 49721(0 millis).
09:58:19.780 [XNIO-28 I/O-6] DEBUG org.springframework.http.server.reactive.UndertowHttpHandlerAdapter - Handling completed with success
09:58:19.780 [Test worker] DEBUG org.springframework.http.server.reactive.bootstrap.UndertowHttpServer - Stopping UndertowHttpServer...
09:58:19.781 [Test worker] DEBUG org.springframework.http.server.reactive.bootstrap.UndertowHttpServer - Server stopped (0 millis).
09:58:19.856 [Test worker] INFO  org.springframework.context.annotation.AnnotationConfigApplicationContext - Refreshing org.springframework.context.annotation.AnnotationConfigApplicationContext@20ada048: startup date [Fri Apr 16 09:58:19 CST 2021]; root of context hierarchy
09:58:19.878 [Test worker] INFO  org.springframework.beans.factory.annotation.AutowiredAnnotationBeanPostProcessor - JSR-330 'javax.inject.Inject' annotation found and supported for autowiring
09:58:19.879 [Test worker] INFO  org.springframework.web.reactive.result.method.annotation.RequestMappingHandlerMapping - Mapped "{[/foo],methods=[GET]}" onto public java.lang.String org.springframework.web.reactive.result.method.annotation.CrossOriginAnnotationIntegrationTests$ClassLevelController.foo()
09:58:19.879 [Test worker] INFO  org.springframework.web.reactive.result.method.annotation.RequestMappingHandlerMapping - Mapped "{[/bar],methods=[GET]}" onto public java.lang.String org.springframework.web.reactive.result.method.annotation.CrossOriginAnnotationIntegrationTests$ClassLevelController.bar()
09:58:19.879 [Test worker] INFO  org.springframework.web.reactive.result.method.annotation.RequestMappingHandlerMapping - Mapped "{[/baz],methods=[GET]}" onto public java.lang.String org.springframework.web.reactive.result.method.annotation.CrossOriginAnnotationIntegrationTests$ClassLevelController.baz()
09:58:19.880 [Test worker] INFO  org.springframework.web.reactive.result.method.annotation.RequestMappingHandlerMapping - Mapped "{[/origin-value-attribute],methods=[GET]}" onto public java.lang.String org.springframework.web.reactive.result.method.annotation.CrossOriginAnnotationIntegrationTests$MethodLevelController.customOriginDefinedViaValueAttribute()
09:58:19.880 [Test worker] INFO  org.springframework.web.reactive.result.method.annotation.RequestMappingHandlerMapping - Mapped "{[/origin-placeholder],methods=[GET]}" onto public java.lang.String org.springframework.web.reactive.result.method.annotation.CrossOriginAnnotationIntegrationTests$MethodLevelController.customOriginDefinedViaPlaceholder()
09:58:19.880 [Test worker] INFO  org.springframework.web.reactive.result.method.annotation.RequestMappingHandlerMapping - Mapped "{[/customized],methods=[GET || POST]}" onto public java.lang.String org.springframework.web.reactive.result.method.annotation.CrossOriginAnnotationIntegrationTests$MethodLevelController.customized()
09:58:19.880 [Test worker] INFO  org.springframework.web.reactive.result.method.annotation.RequestMappingHandlerMapping - Mapped "{[/ambiguous-produces],methods=[GET],produces=[application/xml]}" onto public java.lang.String org.springframework.web.reactive.result.method.annotation.CrossOriginAnnotationIntegrationTests$MethodLevelController.ambiguousProducesXml()
09:58:19.880 [Test worker] INFO  org.springframework.web.reactive.result.method.annotation.RequestMappingHandlerMapping - Mapped "{[/default],methods=[GET]}" onto public java.lang.String org.springframework.web.reactive.result.method.annotation.CrossOriginAnnotationIntegrationTests$MethodLevelController.defaultAnnotation()
09:58:19.880 [Test worker] INFO  org.springframework.web.reactive.result.method.annotation.RequestMappingHandlerMapping - Mapped "{[/default],methods=[GET],params=[q]}" onto public void org.springframework.web.reactive.result.method.annotation.CrossOriginAnnotationIntegrationTests$MethodLevelController.defaultAnnotationWithParams()
09:58:19.880 [Test worker] INFO  org.springframework.web.reactive.result.method.annotation.RequestMappingHandlerMapping - Mapped "{[/ambiguous-header],methods=[GET],headers=[header1=b]}" onto public void org.springframework.web.reactive.result.method.annotation.CrossOriginAnnotationIntegrationTests$MethodLevelController.ambiguousHeader1b()
09:58:19.880 [Test worker] INFO  org.springframework.web.reactive.result.method.annotation.RequestMappingHandlerMapping - Mapped "{[/ambiguous-produces],methods=[GET],produces=[application/json]}" onto public java.lang.String org.springframework.web.reactive.result.method.annotation.CrossOriginAnnotationIntegrationTests$MethodLevelController.ambiguousProducesJson()
09:58:19.880 [Test worker] INFO  org.springframework.web.reactive.result.method.annotation.RequestMappingHandlerMapping - Mapped "{[/ambiguous-header],methods=[GET],headers=[header1=a]}" onto public void org.springframework.web.reactive.result.method.annotation.CrossOriginAnnotationIntegrationTests$MethodLevelController.ambiguousHeader1a()
09:58:19.880 [Test worker] INFO  org.springframework.web.reactive.result.method.annotation.RequestMappingHandlerMapping - Mapped "{[/no],methods=[POST]}" onto public java.lang.String org.springframework.web.reactive.result.method.annotation.CrossOriginAnnotationIntegrationTests$MethodLevelController.noAnnotationPost()
09:58:19.880 [Test worker] INFO  org.springframework.web.reactive.result.method.annotation.RequestMappingHandlerMapping - Mapped "{[/no],methods=[GET]}" onto public java.lang.String org.springframework.web.reactive.result.method.annotation.CrossOriginAnnotationIntegrationTests$MethodLevelController.noAnnotation()
09:58:19.929 [Test worker] INFO  org.springframework.web.reactive.result.method.annotation.ControllerMethodResolver - Looking for @ControllerAdvice: org.springframework.context.annotation.AnnotationConfigApplicationContext@20ada048: startup date [Fri Apr 16 09:58:19 CST 2021]; root of context hierarchy
09:58:19.996 [Test worker] DEBUG org.springframework.http.server.reactive.bootstrap.UndertowHttpServer - Starting UndertowHttpServer...
09:58:20.005 [Test worker] DEBUG org.springframework.http.server.reactive.bootstrap.UndertowHttpServer - Server started on port 49750(0 millis).
09:58:20.007 [XNIO-29 I/O-6] DEBUG org.springframework.http.server.reactive.UndertowHttpHandlerAdapter - Handling completed with success
09:58:20.007 [Test worker] DEBUG org.springframework.http.server.reactive.bootstrap.UndertowHttpServer - Stopping UndertowHttpServer...
09:58:20.009 [Test worker] DEBUG org.springframework.http.server.reactive.bootstrap.UndertowHttpServer - Server stopped (0 millis).
09:58:20.077 [Test worker] INFO  org.springframework.context.annotation.AnnotationConfigApplicationContext - Refreshing org.springframework.context.annotation.AnnotationConfigApplicationContext@69b8a9af: startup date [Fri Apr 16 09:58:20 CST 2021]; root of context hierarchy
09:58:20.100 [Test worker] INFO  org.springframework.beans.factory.annotation.AutowiredAnnotationBeanPostProcessor - JSR-330 'javax.inject.Inject' annotation found and supported for autowiring
09:58:20.102 [Test worker] INFO  org.springframework.web.reactive.result.method.annotation.RequestMappingHandlerMapping - Mapped "{[/foo],methods=[GET]}" onto public java.lang.String org.springframework.web.reactive.result.method.annotation.CrossOriginAnnotationIntegrationTests$ClassLevelController.foo()
09:58:20.102 [Test worker] INFO  org.springframework.web.reactive.result.method.annotation.RequestMappingHandlerMapping - Mapped "{[/bar],methods=[GET]}" onto public java.lang.String org.springframework.web.reactive.result.method.annotation.CrossOriginAnnotationIntegrationTests$ClassLevelController.bar()
09:58:20.102 [Test worker] INFO  org.springframework.web.reactive.result.method.annotation.RequestMappingHandlerMapping - Mapped "{[/baz],methods=[GET]}" onto public java.lang.String org.springframework.web.reactive.result.method.annotation.CrossOriginAnnotationIntegrationTests$ClassLevelController.baz()
09:58:20.103 [Test worker] INFO  org.springframework.web.reactive.result.method.annotation.RequestMappingHandlerMapping - Mapped "{[/origin-value-attribute],methods=[GET]}" onto public java.lang.String org.springframework.web.reactive.result.method.annotation.CrossOriginAnnotationIntegrationTests$MethodLevelController.customOriginDefinedViaValueAttribute()
09:58:20.103 [Test worker] INFO  org.springframework.web.reactive.result.method.annotation.RequestMappingHandlerMapping - Mapped "{[/origin-placeholder],methods=[GET]}" onto public java.lang.String org.springframework.web.reactive.result.method.annotation.CrossOriginAnnotationIntegrationTests$MethodLevelController.customOriginDefinedViaPlaceholder()
09:58:20.103 [Test worker] INFO  org.springframework.web.reactive.result.method.annotation.RequestMappingHandlerMapping - Mapped "{[/customized],methods=[GET || POST]}" onto public java.lang.String org.springframework.web.reactive.result.method.annotation.CrossOriginAnnotationIntegrationTests$MethodLevelController.customized()
09:58:20.103 [Test worker] INFO  org.springframework.web.reactive.result.method.annotation.RequestMappingHandlerMapping - Mapped "{[/ambiguous-produces],methods=[GET],produces=[application/xml]}" onto public java.lang.String org.springframework.web.reactive.result.method.annotation.CrossOriginAnnotationIntegrationTests$MethodLevelController.ambiguousProducesXml()
09:58:20.103 [Test worker] INFO  org.springframework.web.reactive.result.method.annotation.RequestMappingHandlerMapping - Mapped "{[/default],methods=[GET]}" onto public java.lang.String org.springframework.web.reactive.result.method.annotation.CrossOriginAnnotationIntegrationTests$MethodLevelController.defaultAnnotation()
09:58:20.103 [Test worker] INFO  org.springframework.web.reactive.result.method.annotation.RequestMappingHandlerMapping - Mapped "{[/default],methods=[GET],params=[q]}" onto public void org.springframework.web.reactive.result.method.annotation.CrossOriginAnnotationIntegrationTests$MethodLevelController.defaultAnnotationWithParams()
09:58:20.103 [Test worker] INFO  org.springframework.web.reactive.result.method.annotation.RequestMappingHandlerMapping - Mapped "{[/ambiguous-header],methods=[GET],headers=[header1=b]}" onto public void org.springframework.web.reactive.result.method.annotation.CrossOriginAnnotationIntegrationTests$MethodLevelController.ambiguousHeader1b()
09:58:20.103 [Test worker] INFO  org.springframework.web.reactive.result.method.annotation.RequestMappingHandlerMapping - Mapped "{[/ambiguous-produces],methods=[GET],produces=[application/json]}" onto public java.lang.String org.springframework.web.reactive.result.method.annotation.CrossOriginAnnotationIntegrationTests$MethodLevelController.ambiguousProducesJson()
09:58:20.103 [Test worker] INFO  org.springframework.web.reactive.result.method.annotation.RequestMappingHandlerMapping - Mapped "{[/ambiguous-header],methods=[GET],headers=[header1=a]}" onto public void org.springframework.web.reactive.result.method.annotation.CrossOriginAnnotationIntegrationTests$MethodLevelController.ambiguousHeader1a()
09:58:20.103 [Test worker] INFO  org.springframework.web.reactive.result.method.annotation.RequestMappingHandlerMapping - Mapped "{[/no],methods=[POST]}" onto public java.lang.String org.springframework.web.reactive.result.method.annotation.CrossOriginAnnotationIntegrationTests$MethodLevelController.noAnnotationPost()
09:58:20.103 [Test worker] INFO  org.springframework.web.reactive.result.method.annotation.RequestMappingHandlerMapping - Mapped "{[/no],methods=[GET]}" onto public java.lang.String org.springframework.web.reactive.result.method.annotation.CrossOriginAnnotationIntegrationTests$MethodLevelController.noAnnotation()
09:58:20.152 [Test worker] INFO  org.springframework.web.reactive.result.method.annotation.ControllerMethodResolver - Looking for @ControllerAdvice: org.springframework.context.annotation.AnnotationConfigApplicationContext@69b8a9af: startup date [Fri Apr 16 09:58:20 CST 2021]; root of context hierarchy
09:58:20.221 [Test worker] DEBUG org.springframework.http.server.reactive.bootstrap.UndertowHttpServer - Starting UndertowHttpServer...
09:58:20.230 [Test worker] DEBUG org.springframework.http.server.reactive.bootstrap.UndertowHttpServer - Server started on port 49779(0 millis).
09:58:20.232 [XNIO-30 I/O-6] DEBUG org.springframework.http.server.reactive.UndertowHttpHandlerAdapter - Handling completed with success
09:58:20.234 [XNIO-30 I/O-6] DEBUG org.springframework.http.server.reactive.UndertowHttpHandlerAdapter - Handling completed with success
09:58:20.235 [XNIO-30 I/O-6] DEBUG org.springframework.http.server.reactive.UndertowHttpHandlerAdapter - Handling completed with success
09:58:20.235 [Test worker] DEBUG org.springframework.http.server.reactive.bootstrap.UndertowHttpServer - Stopping UndertowHttpServer...
09:58:20.237 [Test worker] DEBUG org.springframework.http.server.reactive.bootstrap.UndertowHttpServer - Server stopped (0 millis).
09:58:20.304 [Test worker] INFO  org.springframework.context.annotation.AnnotationConfigApplicationContext - Refreshing org.springframework.context.annotation.AnnotationConfigApplicationContext@72fc625c: startup date [Fri Apr 16 09:58:20 CST 2021]; root of context hierarchy
09:58:20.326 [Test worker] INFO  org.springframework.beans.factory.annotation.AutowiredAnnotationBeanPostProcessor - JSR-330 'javax.inject.Inject' annotation found and supported for autowiring
09:58:20.327 [Test worker] INFO  org.springframework.web.reactive.result.method.annotation.RequestMappingHandlerMapping - Mapped "{[/foo],methods=[GET]}" onto public java.lang.String org.springframework.web.reactive.result.method.annotation.CrossOriginAnnotationIntegrationTests$ClassLevelController.foo()
09:58:20.327 [Test worker] INFO  org.springframework.web.reactive.result.method.annotation.RequestMappingHandlerMapping - Mapped "{[/bar],methods=[GET]}" onto public java.lang.String org.springframework.web.reactive.result.method.annotation.CrossOriginAnnotationIntegrationTests$ClassLevelController.bar()
09:58:20.327 [Test worker] INFO  org.springframework.web.reactive.result.method.annotation.RequestMappingHandlerMapping - Mapped "{[/baz],methods=[GET]}" onto public java.lang.String org.springframework.web.reactive.result.method.annotation.CrossOriginAnnotationIntegrationTests$ClassLevelController.baz()
09:58:20.328 [Test worker] INFO  org.springframework.web.reactive.result.method.annotation.RequestMappingHandlerMapping - Mapped "{[/origin-value-attribute],methods=[GET]}" onto public java.lang.String org.springframework.web.reactive.result.method.annotation.CrossOriginAnnotationIntegrationTests$MethodLevelController.customOriginDefinedViaValueAttribute()
09:58:20.328 [Test worker] INFO  org.springframework.web.reactive.result.method.annotation.RequestMappingHandlerMapping - Mapped "{[/origin-placeholder],methods=[GET]}" onto public java.lang.String org.springframework.web.reactive.result.method.annotation.CrossOriginAnnotationIntegrationTests$MethodLevelController.customOriginDefinedViaPlaceholder()
09:58:20.328 [Test worker] INFO  org.springframework.web.reactive.result.method.annotation.RequestMappingHandlerMapping - Mapped "{[/customized],methods=[GET || POST]}" onto public java.lang.String org.springframework.web.reactive.result.method.annotation.CrossOriginAnnotationIntegrationTests$MethodLevelController.customized()
09:58:20.328 [Test worker] INFO  org.springframework.web.reactive.result.method.annotation.RequestMappingHandlerMapping - Mapped "{[/ambiguous-produces],methods=[GET],produces=[application/xml]}" onto public java.lang.String org.springframework.web.reactive.result.method.annotation.CrossOriginAnnotationIntegrationTests$MethodLevelController.ambiguousProducesXml()
09:58:20.328 [Test worker] INFO  org.springframework.web.reactive.result.method.annotation.RequestMappingHandlerMapping - Mapped "{[/default],methods=[GET]}" onto public java.lang.String org.springframework.web.reactive.result.method.annotation.CrossOriginAnnotationIntegrationTests$MethodLevelController.defaultAnnotation()
09:58:20.328 [Test worker] INFO  org.springframework.web.reactive.result.method.annotation.RequestMappingHandlerMapping - Mapped "{[/default],methods=[GET],params=[q]}" onto public void org.springframework.web.reactive.result.method.annotation.CrossOriginAnnotationIntegrationTests$MethodLevelController.defaultAnnotationWithParams()
09:58:20.328 [Test worker] INFO  org.springframework.web.reactive.result.method.annotation.RequestMappingHandlerMapping - Mapped "{[/ambiguous-header],methods=[GET],headers=[header1=b]}" onto public void org.springframework.web.reactive.result.method.annotation.CrossOriginAnnotationIntegrationTests$MethodLevelController.ambiguousHeader1b()
09:58:20.328 [Test worker] INFO  org.springframework.web.reactive.result.method.annotation.RequestMappingHandlerMapping - Mapped "{[/ambiguous-produces],methods=[GET],produces=[application/json]}" onto public java.lang.String org.springframework.web.reactive.result.method.annotation.CrossOriginAnnotationIntegrationTests$MethodLevelController.ambiguousProducesJson()
09:58:20.328 [Test worker] INFO  org.springframework.web.reactive.result.method.annotation.RequestMappingHandlerMapping - Mapped "{[/ambiguous-header],methods=[GET],headers=[header1=a]}" onto public void org.springframework.web.reactive.result.method.annotation.CrossOriginAnnotationIntegrationTests$MethodLevelController.ambiguousHeader1a()
09:58:20.328 [Test worker] INFO  org.springframework.web.reactive.result.method.annotation.RequestMappingHandlerMapping - Mapped "{[/no],methods=[POST]}" onto public java.lang.String org.springframework.web.reactive.result.method.annotation.CrossOriginAnnotationIntegrationTests$MethodLevelController.noAnnotationPost()
09:58:20.328 [Test worker] INFO  org.springframework.web.reactive.result.method.annotation.RequestMappingHandlerMapping - Mapped "{[/no],methods=[GET]}" onto public java.lang.String org.springframework.web.reactive.result.method.annotation.CrossOriginAnnotationIntegrationTests$MethodLevelController.noAnnotation()
09:58:20.377 [Test worker] INFO  org.springframework.web.reactive.result.method.annotation.ControllerMethodResolver - Looking for @ControllerAdvice: org.springframework.context.annotation.AnnotationConfigApplicationContext@72fc625c: startup date [Fri Apr 16 09:58:20 CST 2021]; root of context hierarchy
09:58:20.444 [Test worker] DEBUG org.springframework.http.server.reactive.bootstrap.UndertowHttpServer - Starting UndertowHttpServer...
09:58:20.451 [Test worker] DEBUG org.springframework.http.server.reactive.bootstrap.UndertowHttpServer - Server started on port 49807(0 millis).
09:58:20.453 [XNIO-31 I/O-6] DEBUG org.springframework.http.server.reactive.UndertowHttpHandlerAdapter - Handling completed with success
09:58:20.453 [Test worker] DEBUG org.springframework.http.server.reactive.bootstrap.UndertowHttpServer - Stopping UndertowHttpServer...
09:58:20.455 [Test worker] DEBUG org.springframework.http.server.reactive.bootstrap.UndertowHttpServer - Server stopped (0 millis).
09:58:20.521 [Test worker] INFO  org.springframework.context.annotation.AnnotationConfigApplicationContext - Refreshing org.springframework.context.annotation.AnnotationConfigApplicationContext@25911455: startup date [Fri Apr 16 09:58:20 CST 2021]; root of context hierarchy
09:58:20.543 [Test worker] INFO  org.springframework.beans.factory.annotation.AutowiredAnnotationBeanPostProcessor - JSR-330 'javax.inject.Inject' annotation found and supported for autowiring
09:58:20.544 [Test worker] INFO  org.springframework.web.reactive.result.method.annotation.RequestMappingHandlerMapping - Mapped "{[/foo],methods=[GET]}" onto public java.lang.String org.springframework.web.reactive.result.method.annotation.CrossOriginAnnotationIntegrationTests$ClassLevelController.foo()
09:58:20.544 [Test worker] INFO  org.springframework.web.reactive.result.method.annotation.RequestMappingHandlerMapping - Mapped "{[/bar],methods=[GET]}" onto public java.lang.String org.springframework.web.reactive.result.method.annotation.CrossOriginAnnotationIntegrationTests$ClassLevelController.bar()
09:58:20.545 [Test worker] INFO  org.springframework.web.reactive.result.method.annotation.RequestMappingHandlerMapping - Mapped "{[/baz],methods=[GET]}" onto public java.lang.String org.springframework.web.reactive.result.method.annotation.CrossOriginAnnotationIntegrationTests$ClassLevelController.baz()
09:58:20.545 [Test worker] INFO  org.springframework.web.reactive.result.method.annotation.RequestMappingHandlerMapping - Mapped "{[/origin-value-attribute],methods=[GET]}" onto public java.lang.String org.springframework.web.reactive.result.method.annotation.CrossOriginAnnotationIntegrationTests$MethodLevelController.customOriginDefinedViaValueAttribute()
09:58:20.545 [Test worker] INFO  org.springframework.web.reactive.result.method.annotation.RequestMappingHandlerMapping - Mapped "{[/origin-placeholder],methods=[GET]}" onto public java.lang.String org.springframework.web.reactive.result.method.annotation.CrossOriginAnnotationIntegrationTests$MethodLevelController.customOriginDefinedViaPlaceholder()
09:58:20.545 [Test worker] INFO  org.springframework.web.reactive.result.method.annotation.RequestMappingHandlerMapping - Mapped "{[/customized],methods=[GET || POST]}" onto public java.lang.String org.springframework.web.reactive.result.method.annotation.CrossOriginAnnotationIntegrationTests$MethodLevelController.customized()
09:58:20.545 [Test worker] INFO  org.springframework.web.reactive.result.method.annotation.RequestMappingHandlerMapping - Mapped "{[/ambiguous-produces],methods=[GET],produces=[application/xml]}" onto public java.lang.String org.springframework.web.reactive.result.method.annotation.CrossOriginAnnotationIntegrationTests$MethodLevelController.ambiguousProducesXml()
09:58:20.545 [Test worker] INFO  org.springframework.web.reactive.result.method.annotation.RequestMappingHandlerMapping - Mapped "{[/default],methods=[GET]}" onto public java.lang.String org.springframework.web.reactive.result.method.annotation.CrossOriginAnnotationIntegrationTests$MethodLevelController.defaultAnnotation()
09:58:20.545 [Test worker] INFO  org.springframework.web.reactive.result.method.annotation.RequestMappingHandlerMapping - Mapped "{[/default],methods=[GET],params=[q]}" onto public void org.springframework.web.reactive.result.method.annotation.CrossOriginAnnotationIntegrationTests$MethodLevelController.defaultAnnotationWithParams()
09:58:20.545 [Test worker] INFO  org.springframework.web.reactive.result.method.annotation.RequestMappingHandlerMapping - Mapped "{[/ambiguous-header],methods=[GET],headers=[header1=b]}" onto public void org.springframework.web.reactive.result.method.annotation.CrossOriginAnnotationIntegrationTests$MethodLevelController.ambiguousHeader1b()
09:58:20.545 [Test worker] INFO  org.springframework.web.reactive.result.method.annotation.RequestMappingHandlerMapping - Mapped "{[/ambiguous-produces],methods=[GET],produces=[application/json]}" onto public java.lang.String org.springframework.web.reactive.result.method.annotation.CrossOriginAnnotationIntegrationTests$MethodLevelController.ambiguousProducesJson()
09:58:20.545 [Test worker] INFO  org.springframework.web.reactive.result.method.annotation.RequestMappingHandlerMapping - Mapped "{[/ambiguous-header],methods=[GET],headers=[header1=a]}" onto public void org.springframework.web.reactive.result.method.annotation.CrossOriginAnnotationIntegrationTests$MethodLevelController.ambiguousHeader1a()
09:58:20.545 [Test worker] INFO  org.springframework.web.reactive.result.method.annotation.RequestMappingHandlerMapping - Mapped "{[/no],methods=[POST]}" onto public java.lang.String org.springframework.web.reactive.result.method.annotation.CrossOriginAnnotationIntegrationTests$MethodLevelController.noAnnotationPost()
09:58:20.545 [Test worker] INFO  org.springframework.web.reactive.result.method.annotation.RequestMappingHandlerMapping - Mapped "{[/no],methods=[GET]}" onto public java.lang.String org.springframework.web.reactive.result.method.annotation.CrossOriginAnnotationIntegrationTests$MethodLevelController.noAnnotation()
09:58:20.593 [Test worker] INFO  org.springframework.web.reactive.result.method.annotation.ControllerMethodResolver - Looking for @ControllerAdvice: org.springframework.context.annotation.AnnotationConfigApplicationContext@25911455: startup date [Fri Apr 16 09:58:20 CST 2021]; root of context hierarchy
09:58:20.658 [Test worker] DEBUG org.springframework.http.server.reactive.bootstrap.UndertowHttpServer - Starting UndertowHttpServer...
09:58:20.665 [Test worker] DEBUG org.springframework.http.server.reactive.bootstrap.UndertowHttpServer - Server started on port 49835(0 millis).
09:58:20.667 [XNIO-32 I/O-6] DEBUG org.springframework.http.server.reactive.UndertowHttpHandlerAdapter - Handling completed with success
09:58:20.668 [Test worker] DEBUG org.springframework.http.server.reactive.bootstrap.UndertowHttpServer - Stopping UndertowHttpServer...
09:58:20.669 [Test worker] DEBUG org.springframework.http.server.reactive.bootstrap.UndertowHttpServer - Server stopped (0 millis).
09:58:20.735 [Test worker] INFO  org.springframework.context.annotation.AnnotationConfigApplicationContext - Refreshing org.springframework.context.annotation.AnnotationConfigApplicationContext@10f7b5ba: startup date [Fri Apr 16 09:58:20 CST 2021]; root of context hierarchy
09:58:20.757 [Test worker] INFO  org.springframework.beans.factory.annotation.AutowiredAnnotationBeanPostProcessor - JSR-330 'javax.inject.Inject' annotation found and supported for autowiring
09:58:20.759 [Test worker] INFO  org.springframework.web.reactive.result.method.annotation.RequestMappingHandlerMapping - Mapped "{[/foo],methods=[GET]}" onto public java.lang.String org.springframework.web.reactive.result.method.annotation.CrossOriginAnnotationIntegrationTests$ClassLevelController.foo()
09:58:20.759 [Test worker] INFO  org.springframework.web.reactive.result.method.annotation.RequestMappingHandlerMapping - Mapped "{[/bar],methods=[GET]}" onto public java.lang.String org.springframework.web.reactive.result.method.annotation.CrossOriginAnnotationIntegrationTests$ClassLevelController.bar()
09:58:20.759 [Test worker] INFO  org.springframework.web.reactive.result.method.annotation.RequestMappingHandlerMapping - Mapped "{[/baz],methods=[GET]}" onto public java.lang.String org.springframework.web.reactive.result.method.annotation.CrossOriginAnnotationIntegrationTests$ClassLevelController.baz()
09:58:20.759 [Test worker] INFO  org.springframework.web.reactive.result.method.annotation.RequestMappingHandlerMapping - Mapped "{[/origin-value-attribute],methods=[GET]}" onto public java.lang.String org.springframework.web.reactive.result.method.annotation.CrossOriginAnnotationIntegrationTests$MethodLevelController.customOriginDefinedViaValueAttribute()
09:58:20.759 [Test worker] INFO  org.springframework.web.reactive.result.method.annotation.RequestMappingHandlerMapping - Mapped "{[/origin-placeholder],methods=[GET]}" onto public java.lang.String org.springframework.web.reactive.result.method.annotation.CrossOriginAnnotationIntegrationTests$MethodLevelController.customOriginDefinedViaPlaceholder()
09:58:20.759 [Test worker] INFO  org.springframework.web.reactive.result.method.annotation.RequestMappingHandlerMapping - Mapped "{[/customized],methods=[GET || POST]}" onto public java.lang.String org.springframework.web.reactive.result.method.annotation.CrossOriginAnnotationIntegrationTests$MethodLevelController.customized()
09:58:20.760 [Test worker] INFO  org.springframework.web.reactive.result.method.annotation.RequestMappingHandlerMapping - Mapped "{[/ambiguous-produces],methods=[GET],produces=[application/xml]}" onto public java.lang.String org.springframework.web.reactive.result.method.annotation.CrossOriginAnnotationIntegrationTests$MethodLevelController.ambiguousProducesXml()
09:58:20.760 [Test worker] INFO  org.springframework.web.reactive.result.method.annotation.RequestMappingHandlerMapping - Mapped "{[/default],methods=[GET]}" onto public java.lang.String org.springframework.web.reactive.result.method.annotation.CrossOriginAnnotationIntegrationTests$MethodLevelController.defaultAnnotation()
09:58:20.760 [Test worker] INFO  org.springframework.web.reactive.result.method.annotation.RequestMappingHandlerMapping - Mapped "{[/default],methods=[GET],params=[q]}" onto public void org.springframework.web.reactive.result.method.annotation.CrossOriginAnnotationIntegrationTests$MethodLevelController.defaultAnnotationWithParams()
09:58:20.760 [Test worker] INFO  org.springframework.web.reactive.result.method.annotation.RequestMappingHandlerMapping - Mapped "{[/ambiguous-header],methods=[GET],headers=[header1=b]}" onto public void org.springframework.web.reactive.result.method.annotation.CrossOriginAnnotationIntegrationTests$MethodLevelController.ambiguousHeader1b()
09:58:20.760 [Test worker] INFO  org.springframework.web.reactive.result.method.annotation.RequestMappingHandlerMapping - Mapped "{[/ambiguous-produces],methods=[GET],produces=[application/json]}" onto public java.lang.String org.springframework.web.reactive.result.method.annotation.CrossOriginAnnotationIntegrationTests$MethodLevelController.ambiguousProducesJson()
09:58:20.760 [Test worker] INFO  org.springframework.web.reactive.result.method.annotation.RequestMappingHandlerMapping - Mapped "{[/ambiguous-header],methods=[GET],headers=[header1=a]}" onto public void org.springframework.web.reactive.result.method.annotation.CrossOriginAnnotationIntegrationTests$MethodLevelController.ambiguousHeader1a()
09:58:20.760 [Test worker] INFO  org.springframework.web.reactive.result.method.annotation.RequestMappingHandlerMapping - Mapped "{[/no],methods=[POST]}" onto public java.lang.String org.springframework.web.reactive.result.method.annotation.CrossOriginAnnotationIntegrationTests$MethodLevelController.noAnnotationPost()
09:58:20.760 [Test worker] INFO  org.springframework.web.reactive.result.method.annotation.RequestMappingHandlerMapping - Mapped "{[/no],methods=[GET]}" onto public java.lang.String org.springframework.web.reactive.result.method.annotation.CrossOriginAnnotationIntegrationTests$MethodLevelController.noAnnotation()
09:58:20.808 [Test worker] INFO  org.springframework.web.reactive.result.method.annotation.ControllerMethodResolver - Looking for @ControllerAdvice: org.springframework.context.annotation.AnnotationConfigApplicationContext@10f7b5ba: startup date [Fri Apr 16 09:58:20 CST 2021]; root of context hierarchy
09:58:20.877 [Test worker] DEBUG org.springframework.http.server.reactive.bootstrap.UndertowHttpServer - Starting UndertowHttpServer...
09:58:20.884 [Test worker] DEBUG org.springframework.http.server.reactive.bootstrap.UndertowHttpServer - Server started on port 49863(0 millis).
09:58:20.887 [XNIO-33 I/O-6] DEBUG org.springframework.http.server.reactive.UndertowHttpHandlerAdapter - Handling completed with success
09:58:20.888 [Test worker] DEBUG org.springframework.http.server.reactive.bootstrap.UndertowHttpServer - Stopping UndertowHttpServer...
09:58:20.889 [Test worker] DEBUG org.springframework.http.server.reactive.bootstrap.UndertowHttpServer - Server stopped (0 millis).
09:58:20.957 [Test worker] INFO  org.springframework.context.annotation.AnnotationConfigApplicationContext - Refreshing org.springframework.context.annotation.AnnotationConfigApplicationContext@1f4b5639: startup date [Fri Apr 16 09:58:20 CST 2021]; root of context hierarchy
09:58:20.978 [Test worker] INFO  org.springframework.beans.factory.annotation.AutowiredAnnotationBeanPostProcessor - JSR-330 'javax.inject.Inject' annotation found and supported for autowiring
09:58:20.980 [Test worker] INFO  org.springframework.web.reactive.result.method.annotation.RequestMappingHandlerMapping - Mapped "{[/foo],methods=[GET]}" onto public java.lang.String org.springframework.web.reactive.result.method.annotation.CrossOriginAnnotationIntegrationTests$ClassLevelController.foo()
09:58:20.980 [Test worker] INFO  org.springframework.web.reactive.result.method.annotation.RequestMappingHandlerMapping - Mapped "{[/bar],methods=[GET]}" onto public java.lang.String org.springframework.web.reactive.result.method.annotation.CrossOriginAnnotationIntegrationTests$ClassLevelController.bar()
09:58:20.980 [Test worker] INFO  org.springframework.web.reactive.result.method.annotation.RequestMappingHandlerMapping - Mapped "{[/baz],methods=[GET]}" onto public java.lang.String org.springframework.web.reactive.result.method.annotation.CrossOriginAnnotationIntegrationTests$ClassLevelController.baz()
09:58:20.980 [Test worker] INFO  org.springframework.web.reactive.result.method.annotation.RequestMappingHandlerMapping - Mapped "{[/origin-value-attribute],methods=[GET]}" onto public java.lang.String org.springframework.web.reactive.result.method.annotation.CrossOriginAnnotationIntegrationTests$MethodLevelController.customOriginDefinedViaValueAttribute()
09:58:20.980 [Test worker] INFO  org.springframework.web.reactive.result.method.annotation.RequestMappingHandlerMapping - Mapped "{[/origin-placeholder],methods=[GET]}" onto public java.lang.String org.springframework.web.reactive.result.method.annotation.CrossOriginAnnotationIntegrationTests$MethodLevelController.customOriginDefinedViaPlaceholder()
09:58:20.980 [Test worker] INFO  org.springframework.web.reactive.result.method.annotation.RequestMappingHandlerMapping - Mapped "{[/customized],methods=[GET || POST]}" onto public java.lang.String org.springframework.web.reactive.result.method.annotation.CrossOriginAnnotationIntegrationTests$MethodLevelController.customized()
09:58:20.980 [Test worker] INFO  org.springframework.web.reactive.result.method.annotation.RequestMappingHandlerMapping - Mapped "{[/ambiguous-produces],methods=[GET],produces=[application/xml]}" onto public java.lang.String org.springframework.web.reactive.result.method.annotation.CrossOriginAnnotationIntegrationTests$MethodLevelController.ambiguousProducesXml()
09:58:20.980 [Test worker] INFO  org.springframework.web.reactive.result.method.annotation.RequestMappingHandlerMapping - Mapped "{[/default],methods=[GET]}" onto public java.lang.String org.springframework.web.reactive.result.method.annotation.CrossOriginAnnotationIntegrationTests$MethodLevelController.defaultAnnotation()
09:58:20.980 [Test worker] INFO  org.springframework.web.reactive.result.method.annotation.RequestMappingHandlerMapping - Mapped "{[/default],methods=[GET],params=[q]}" onto public void org.springframework.web.reactive.result.method.annotation.CrossOriginAnnotationIntegrationTests$MethodLevelController.defaultAnnotationWithParams()
09:58:20.980 [Test worker] INFO  org.springframework.web.reactive.result.method.annotation.RequestMappingHandlerMapping - Mapped "{[/ambiguous-header],methods=[GET],headers=[header1=b]}" onto public void org.springframework.web.reactive.result.method.annotation.CrossOriginAnnotationIntegrationTests$MethodLevelController.ambiguousHeader1b()
09:58:20.980 [Test worker] INFO  org.springframework.web.reactive.result.method.annotation.RequestMappingHandlerMapping - Mapped "{[/ambiguous-produces],methods=[GET],produces=[application/json]}" onto public java.lang.String org.springframework.web.reactive.result.method.annotation.CrossOriginAnnotationIntegrationTests$MethodLevelController.ambiguousProducesJson()
09:58:20.980 [Test worker] INFO  org.springframework.web.reactive.result.method.annotation.RequestMappingHandlerMapping - Mapped "{[/ambiguous-header],methods=[GET],headers=[header1=a]}" onto public void org.springframework.web.reactive.result.method.annotation.CrossOriginAnnotationIntegrationTests$MethodLevelController.ambiguousHeader1a()
09:58:20.980 [Test worker] INFO  org.springframework.web.reactive.result.method.annotation.RequestMappingHandlerMapping - Mapped "{[/no],methods=[POST]}" onto public java.lang.String org.springframework.web.reactive.result.method.annotation.CrossOriginAnnotationIntegrationTests$MethodLevelController.noAnnotationPost()
09:58:20.980 [Test worker] INFO  org.springframework.web.reactive.result.method.annotation.RequestMappingHandlerMapping - Mapped "{[/no],methods=[GET]}" onto public java.lang.String org.springframework.web.reactive.result.method.annotation.CrossOriginAnnotationIntegrationTests$MethodLevelController.noAnnotation()
09:58:21.028 [Test worker] INFO  org.springframework.web.reactive.result.method.annotation.ControllerMethodResolver - Looking for @ControllerAdvice: org.springframework.context.annotation.AnnotationConfigApplicationContext@1f4b5639: startup date [Fri Apr 16 09:58:20 CST 2021]; root of context hierarchy
09:58:21.093 [Test worker] DEBUG org.springframework.http.server.reactive.bootstrap.UndertowHttpServer - Starting UndertowHttpServer...
09:58:21.100 [Test worker] DEBUG org.springframework.http.server.reactive.bootstrap.UndertowHttpServer - Server started on port 49891(0 millis).
09:58:21.102 [XNIO-34 I/O-6] DEBUG org.springframework.http.server.reactive.UndertowHttpHandlerAdapter - Handling completed with success
09:58:21.103 [Test worker] DEBUG org.springframework.http.server.reactive.bootstrap.UndertowHttpServer - Stopping UndertowHttpServer...
09:58:21.105 [Test worker] DEBUG org.springframework.http.server.reactive.bootstrap.UndertowHttpServer - Server stopped (0 millis).
09:58:21.176 [Test worker] INFO  org.springframework.context.annotation.AnnotationConfigApplicationContext - Refreshing org.springframework.context.annotation.AnnotationConfigApplicationContext@6eee6943: startup date [Fri Apr 16 09:58:21 CST 2021]; root of context hierarchy
09:58:21.199 [Test worker] INFO  org.springframework.beans.factory.annotation.AutowiredAnnotationBeanPostProcessor - JSR-330 'javax.inject.Inject' annotation found and supported for autowiring
09:58:21.201 [Test worker] INFO  org.springframework.web.reactive.result.method.annotation.RequestMappingHandlerMapping - Mapped "{[/foo],methods=[GET]}" onto public java.lang.String org.springframework.web.reactive.result.method.annotation.CrossOriginAnnotationIntegrationTests$ClassLevelController.foo()
09:58:21.201 [Test worker] INFO  org.springframework.web.reactive.result.method.annotation.RequestMappingHandlerMapping - Mapped "{[/bar],methods=[GET]}" onto public java.lang.String org.springframework.web.reactive.result.method.annotation.CrossOriginAnnotationIntegrationTests$ClassLevelController.bar()
09:58:21.201 [Test worker] INFO  org.springframework.web.reactive.result.method.annotation.RequestMappingHandlerMapping - Mapped "{[/baz],methods=[GET]}" onto public java.lang.String org.springframework.web.reactive.result.method.annotation.CrossOriginAnnotationIntegrationTests$ClassLevelController.baz()
09:58:21.201 [Test worker] INFO  org.springframework.web.reactive.result.method.annotation.RequestMappingHandlerMapping - Mapped "{[/origin-value-attribute],methods=[GET]}" onto public java.lang.String org.springframework.web.reactive.result.method.annotation.CrossOriginAnnotationIntegrationTests$MethodLevelController.customOriginDefinedViaValueAttribute()
09:58:21.201 [Test worker] INFO  org.springframework.web.reactive.result.method.annotation.RequestMappingHandlerMapping - Mapped "{[/origin-placeholder],methods=[GET]}" onto public java.lang.String org.springframework.web.reactive.result.method.annotation.CrossOriginAnnotationIntegrationTests$MethodLevelController.customOriginDefinedViaPlaceholder()
09:58:21.201 [Test worker] INFO  org.springframework.web.reactive.result.method.annotation.RequestMappingHandlerMapping - Mapped "{[/customized],methods=[GET || POST]}" onto public java.lang.String org.springframework.web.reactive.result.method.annotation.CrossOriginAnnotationIntegrationTests$MethodLevelController.customized()
09:58:21.201 [Test worker] INFO  org.springframework.web.reactive.result.method.annotation.RequestMappingHandlerMapping - Mapped "{[/ambiguous-produces],methods=[GET],produces=[application/xml]}" onto public java.lang.String org.springframework.web.reactive.result.method.annotation.CrossOriginAnnotationIntegrationTests$MethodLevelController.ambiguousProducesXml()
09:58:21.201 [Test worker] INFO  org.springframework.web.reactive.result.method.annotation.RequestMappingHandlerMapping - Mapped "{[/default],methods=[GET]}" onto public java.lang.String org.springframework.web.reactive.result.method.annotation.CrossOriginAnnotationIntegrationTests$MethodLevelController.defaultAnnotation()
09:58:21.201 [Test worker] INFO  org.springframework.web.reactive.result.method.annotation.RequestMappingHandlerMapping - Mapped "{[/default],methods=[GET],params=[q]}" onto public void org.springframework.web.reactive.result.method.annotation.CrossOriginAnnotationIntegrationTests$MethodLevelController.defaultAnnotationWithParams()
09:58:21.201 [Test worker] INFO  org.springframework.web.reactive.result.method.annotation.RequestMappingHandlerMapping - Mapped "{[/ambiguous-header],methods=[GET],headers=[header1=b]}" onto public void org.springframework.web.reactive.result.method.annotation.CrossOriginAnnotationIntegrationTests$MethodLevelController.ambiguousHeader1b()
09:58:21.201 [Test worker] INFO  org.springframework.web.reactive.result.method.annotation.RequestMappingHandlerMapping - Mapped "{[/ambiguous-produces],methods=[GET],produces=[application/json]}" onto public java.lang.String org.springframework.web.reactive.result.method.annotation.CrossOriginAnnotationIntegrationTests$MethodLevelController.ambiguousProducesJson()
09:58:21.201 [Test worker] INFO  org.springframework.web.reactive.result.method.annotation.RequestMappingHandlerMapping - Mapped "{[/ambiguous-header],methods=[GET],headers=[header1=a]}" onto public void org.springframework.web.reactive.result.method.annotation.CrossOriginAnnotationIntegrationTests$MethodLevelController.ambiguousHeader1a()
09:58:21.201 [Test worker] INFO  org.springframework.web.reactive.result.method.annotation.RequestMappingHandlerMapping - Mapped "{[/no],methods=[POST]}" onto public java.lang.String org.springframework.web.reactive.result.method.annotation.CrossOriginAnnotationIntegrationTests$MethodLevelController.noAnnotationPost()
09:58:21.202 [Test worker] INFO  org.springframework.web.reactive.result.method.annotation.RequestMappingHandlerMapping - Mapped "{[/no],methods=[GET]}" onto public java.lang.String org.springframework.web.reactive.result.method.annotation.CrossOriginAnnotationIntegrationTests$MethodLevelController.noAnnotation()
09:58:21.255 [Test worker] INFO  org.springframework.web.reactive.result.method.annotation.ControllerMethodResolver - Looking for @ControllerAdvice: org.springframework.context.annotation.AnnotationConfigApplicationContext@6eee6943: startup date [Fri Apr 16 09:58:21 CST 2021]; root of context hierarchy
09:58:21.324 [Test worker] DEBUG org.springframework.http.server.reactive.bootstrap.UndertowHttpServer - Starting UndertowHttpServer...
09:58:21.332 [Test worker] DEBUG org.springframework.http.server.reactive.bootstrap.UndertowHttpServer - Server started on port 49919(0 millis).
09:58:21.334 [XNIO-35 I/O-6] DEBUG org.springframework.http.server.reactive.UndertowHttpHandlerAdapter - Handling completed with success
09:58:21.335 [Test worker] DEBUG org.springframework.http.server.reactive.bootstrap.UndertowHttpServer - Stopping UndertowHttpServer...
09:58:21.336 [Test worker] DEBUG org.springframework.http.server.reactive.bootstrap.UndertowHttpServer - Server stopped (0 millis).
09:58:21.405 [Test worker] INFO  org.springframework.context.annotation.AnnotationConfigApplicationContext - Refreshing org.springframework.context.annotation.AnnotationConfigApplicationContext@3856690b: startup date [Fri Apr 16 09:58:21 CST 2021]; root of context hierarchy
09:58:21.426 [Test worker] INFO  org.springframework.beans.factory.annotation.AutowiredAnnotationBeanPostProcessor - JSR-330 'javax.inject.Inject' annotation found and supported for autowiring
09:58:21.428 [Test worker] INFO  org.springframework.web.reactive.result.method.annotation.RequestMappingHandlerMapping - Mapped "{[/foo],methods=[GET]}" onto public java.lang.String org.springframework.web.reactive.result.method.annotation.CrossOriginAnnotationIntegrationTests$ClassLevelController.foo()
09:58:21.428 [Test worker] INFO  org.springframework.web.reactive.result.method.annotation.RequestMappingHandlerMapping - Mapped "{[/bar],methods=[GET]}" onto public java.lang.String org.springframework.web.reactive.result.method.annotation.CrossOriginAnnotationIntegrationTests$ClassLevelController.bar()
09:58:21.428 [Test worker] INFO  org.springframework.web.reactive.result.method.annotation.RequestMappingHandlerMapping - Mapped "{[/baz],methods=[GET]}" onto public java.lang.String org.springframework.web.reactive.result.method.annotation.CrossOriginAnnotationIntegrationTests$ClassLevelController.baz()
09:58:21.429 [Test worker] INFO  org.springframework.web.reactive.result.method.annotation.RequestMappingHandlerMapping - Mapped "{[/origin-value-attribute],methods=[GET]}" onto public java.lang.String org.springframework.web.reactive.result.method.annotation.CrossOriginAnnotationIntegrationTests$MethodLevelController.customOriginDefinedViaValueAttribute()
09:58:21.429 [Test worker] INFO  org.springframework.web.reactive.result.method.annotation.RequestMappingHandlerMapping - Mapped "{[/origin-placeholder],methods=[GET]}" onto public java.lang.String org.springframework.web.reactive.result.method.annotation.CrossOriginAnnotationIntegrationTests$MethodLevelController.customOriginDefinedViaPlaceholder()
09:58:21.429 [Test worker] INFO  org.springframework.web.reactive.result.method.annotation.RequestMappingHandlerMapping - Mapped "{[/customized],methods=[GET || POST]}" onto public java.lang.String org.springframework.web.reactive.result.method.annotation.CrossOriginAnnotationIntegrationTests$MethodLevelController.customized()
09:58:21.429 [Test worker] INFO  org.springframework.web.reactive.result.method.annotation.RequestMappingHandlerMapping - Mapped "{[/ambiguous-produces],methods=[GET],produces=[application/xml]}" onto public java.lang.String org.springframework.web.reactive.result.method.annotation.CrossOriginAnnotationIntegrationTests$MethodLevelController.ambiguousProducesXml()
09:58:21.429 [Test worker] INFO  org.springframework.web.reactive.result.method.annotation.RequestMappingHandlerMapping - Mapped "{[/default],methods=[GET]}" onto public java.lang.String org.springframework.web.reactive.result.method.annotation.CrossOriginAnnotationIntegrationTests$MethodLevelController.defaultAnnotation()
09:58:21.429 [Test worker] INFO  org.springframework.web.reactive.result.method.annotation.RequestMappingHandlerMapping - Mapped "{[/default],methods=[GET],params=[q]}" onto public void org.springframework.web.reactive.result.method.annotation.CrossOriginAnnotationIntegrationTests$MethodLevelController.defaultAnnotationWithParams()
09:58:21.429 [Test worker] INFO  org.springframework.web.reactive.result.method.annotation.RequestMappingHandlerMapping - Mapped "{[/ambiguous-header],methods=[GET],headers=[header1=b]}" onto public void org.springframework.web.reactive.result.method.annotation.CrossOriginAnnotationIntegrationTests$MethodLevelController.ambiguousHeader1b()
09:58:21.429 [Test worker] INFO  org.springframework.web.reactive.result.method.annotation.RequestMappingHandlerMapping - Mapped "{[/ambiguous-produces],methods=[GET],produces=[application/json]}" onto public java.lang.String org.springframework.web.reactive.result.method.annotation.CrossOriginAnnotationIntegrationTests$MethodLevelController.ambiguousProducesJson()
09:58:21.429 [Test worker] INFO  org.springframework.web.reactive.result.method.annotation.RequestMappingHandlerMapping - Mapped "{[/ambiguous-header],methods=[GET],headers=[header1=a]}" onto public void org.springframework.web.reactive.result.method.annotation.CrossOriginAnnotationIntegrationTests$MethodLevelController.ambiguousHeader1a()
09:58:21.429 [Test worker] INFO  org.springframework.web.reactive.result.method.annotation.RequestMappingHandlerMapping - Mapped "{[/no],methods=[POST]}" onto public java.lang.String org.springframework.web.reactive.result.method.annotation.CrossOriginAnnotationIntegrationTests$MethodLevelController.noAnnotationPost()
09:58:21.429 [Test worker] INFO  org.springframework.web.reactive.result.method.annotation.RequestMappingHandlerMapping - Mapped "{[/no],methods=[GET]}" onto public java.lang.String org.springframework.web.reactive.result.method.annotation.CrossOriginAnnotationIntegrationTests$MethodLevelController.noAnnotation()
09:58:21.479 [Test worker] INFO  org.springframework.web.reactive.result.method.annotation.ControllerMethodResolver - Looking for @ControllerAdvice: org.springframework.context.annotation.AnnotationConfigApplicationContext@3856690b: startup date [Fri Apr 16 09:58:21 CST 2021]; root of context hierarchy
09:58:21.547 [Test worker] DEBUG org.springframework.http.server.reactive.bootstrap.UndertowHttpServer - Starting UndertowHttpServer...
09:58:21.554 [Test worker] DEBUG org.springframework.http.server.reactive.bootstrap.UndertowHttpServer - Server started on port 49947(0 millis).
09:58:21.556 [XNIO-36 I/O-6] DEBUG org.springframework.http.server.reactive.UndertowHttpHandlerAdapter - Handling completed with success
09:58:21.557 [Test worker] DEBUG org.springframework.http.server.reactive.bootstrap.UndertowHttpServer - Stopping UndertowHttpServer...
09:58:21.558 [Test worker] DEBUG org.springframework.http.server.reactive.bootstrap.UndertowHttpServer - Server stopped (0 millis).
09:58:21.624 [Test worker] INFO  org.springframework.context.annotation.AnnotationConfigApplicationContext - Refreshing org.springframework.context.annotation.AnnotationConfigApplicationContext@76462704: startup date [Fri Apr 16 09:58:21 CST 2021]; root of context hierarchy
09:58:21.647 [Test worker] INFO  org.springframework.beans.factory.annotation.AutowiredAnnotationBeanPostProcessor - JSR-330 'javax.inject.Inject' annotation found and supported for autowiring
09:58:21.648 [Test worker] INFO  org.springframework.web.reactive.result.method.annotation.RequestMappingHandlerMapping - Mapped "{[/foo],methods=[GET]}" onto public java.lang.String org.springframework.web.reactive.result.method.annotation.CrossOriginAnnotationIntegrationTests$ClassLevelController.foo()
09:58:21.648 [Test worker] INFO  org.springframework.web.reactive.result.method.annotation.RequestMappingHandlerMapping - Mapped "{[/bar],methods=[GET]}" onto public java.lang.String org.springframework.web.reactive.result.method.annotation.CrossOriginAnnotationIntegrationTests$ClassLevelController.bar()
09:58:21.648 [Test worker] INFO  org.springframework.web.reactive.result.method.annotation.RequestMappingHandlerMapping - Mapped "{[/baz],methods=[GET]}" onto public java.lang.String org.springframework.web.reactive.result.method.annotation.CrossOriginAnnotationIntegrationTests$ClassLevelController.baz()
09:58:21.649 [Test worker] INFO  org.springframework.web.reactive.result.method.annotation.RequestMappingHandlerMapping - Mapped "{[/origin-value-attribute],methods=[GET]}" onto public java.lang.String org.springframework.web.reactive.result.method.annotation.CrossOriginAnnotationIntegrationTests$MethodLevelController.customOriginDefinedViaValueAttribute()
09:58:21.649 [Test worker] INFO  org.springframework.web.reactive.result.method.annotation.RequestMappingHandlerMapping - Mapped "{[/origin-placeholder],methods=[GET]}" onto public java.lang.String org.springframework.web.reactive.result.method.annotation.CrossOriginAnnotationIntegrationTests$MethodLevelController.customOriginDefinedViaPlaceholder()
09:58:21.649 [Test worker] INFO  org.springframework.web.reactive.result.method.annotation.RequestMappingHandlerMapping - Mapped "{[/customized],methods=[GET || POST]}" onto public java.lang.String org.springframework.web.reactive.result.method.annotation.CrossOriginAnnotationIntegrationTests$MethodLevelController.customized()
09:58:21.649 [Test worker] INFO  org.springframework.web.reactive.result.method.annotation.RequestMappingHandlerMapping - Mapped "{[/ambiguous-produces],methods=[GET],produces=[application/xml]}" onto public java.lang.String org.springframework.web.reactive.result.method.annotation.CrossOriginAnnotationIntegrationTests$MethodLevelController.ambiguousProducesXml()
09:58:21.649 [Test worker] INFO  org.springframework.web.reactive.result.method.annotation.RequestMappingHandlerMapping - Mapped "{[/default],methods=[GET]}" onto public java.lang.String org.springframework.web.reactive.result.method.annotation.CrossOriginAnnotationIntegrationTests$MethodLevelController.defaultAnnotation()
09:58:21.649 [Test worker] INFO  org.springframework.web.reactive.result.method.annotation.RequestMappingHandlerMapping - Mapped "{[/default],methods=[GET],params=[q]}" onto public void org.springframework.web.reactive.result.method.annotation.CrossOriginAnnotationIntegrationTests$MethodLevelController.defaultAnnotationWithParams()
09:58:21.649 [Test worker] INFO  org.springframework.web.reactive.result.method.annotation.RequestMappingHandlerMapping - Mapped "{[/ambiguous-header],methods=[GET],headers=[header1=b]}" onto public void org.springframework.web.reactive.result.method.annotation.CrossOriginAnnotationIntegrationTests$MethodLevelController.ambiguousHeader1b()
09:58:21.649 [Test worker] INFO  org.springframework.web.reactive.result.method.annotation.RequestMappingHandlerMapping - Mapped "{[/ambiguous-produces],methods=[GET],produces=[application/json]}" onto public java.lang.String org.springframework.web.reactive.result.method.annotation.CrossOriginAnnotationIntegrationTests$MethodLevelController.ambiguousProducesJson()
09:58:21.649 [Test worker] INFO  org.springframework.web.reactive.result.method.annotation.RequestMappingHandlerMapping - Mapped "{[/ambiguous-header],methods=[GET],headers=[header1=a]}" onto public void org.springframework.web.reactive.result.method.annotation.CrossOriginAnnotationIntegrationTests$MethodLevelController.ambiguousHeader1a()
09:58:21.649 [Test worker] INFO  org.springframework.web.reactive.result.method.annotation.RequestMappingHandlerMapping - Mapped "{[/no],methods=[POST]}" onto public java.lang.String org.springframework.web.reactive.result.method.annotation.CrossOriginAnnotationIntegrationTests$MethodLevelController.noAnnotationPost()
09:58:21.649 [Test worker] INFO  org.springframework.web.reactive.result.method.annotation.RequestMappingHandlerMapping - Mapped "{[/no],methods=[GET]}" onto public java.lang.String org.springframework.web.reactive.result.method.annotation.CrossOriginAnnotationIntegrationTests$MethodLevelController.noAnnotation()
09:58:21.698 [Test worker] INFO  org.springframework.web.reactive.result.method.annotation.ControllerMethodResolver - Looking for @ControllerAdvice: org.springframework.context.annotation.AnnotationConfigApplicationContext@76462704: startup date [Fri Apr 16 09:58:21 CST 2021]; root of context hierarchy
09:58:21.766 [Test worker] DEBUG org.springframework.http.server.reactive.bootstrap.UndertowHttpServer - Starting UndertowHttpServer...
09:58:21.773 [Test worker] DEBUG org.springframework.http.server.reactive.bootstrap.UndertowHttpServer - Server started on port 49975(0 millis).
09:58:21.775 [XNIO-37 I/O-6] DEBUG org.springframework.http.server.reactive.UndertowHttpHandlerAdapter - Handling completed with success
09:58:21.775 [Test worker] DEBUG org.springframework.http.server.reactive.bootstrap.UndertowHttpServer - Stopping UndertowHttpServer...
09:58:21.777 [Test worker] DEBUG org.springframework.http.server.reactive.bootstrap.UndertowHttpServer - Server stopped (0 millis).
09:58:21.843 [Test worker] INFO  org.springframework.context.annotation.AnnotationConfigApplicationContext - Refreshing org.springframework.context.annotation.AnnotationConfigApplicationContext@74e485a5: startup date [Fri Apr 16 09:58:21 CST 2021]; root of context hierarchy
09:58:21.868 [Test worker] INFO  org.springframework.beans.factory.annotation.AutowiredAnnotationBeanPostProcessor - JSR-330 'javax.inject.Inject' annotation found and supported for autowiring
09:58:21.870 [Test worker] INFO  org.springframework.web.reactive.result.method.annotation.RequestMappingHandlerMapping - Mapped "{[/foo],methods=[GET]}" onto public java.lang.String org.springframework.web.reactive.result.method.annotation.CrossOriginAnnotationIntegrationTests$ClassLevelController.foo()
09:58:21.870 [Test worker] INFO  org.springframework.web.reactive.result.method.annotation.RequestMappingHandlerMapping - Mapped "{[/bar],methods=[GET]}" onto public java.lang.String org.springframework.web.reactive.result.method.annotation.CrossOriginAnnotationIntegrationTests$ClassLevelController.bar()
09:58:21.870 [Test worker] INFO  org.springframework.web.reactive.result.method.annotation.RequestMappingHandlerMapping - Mapped "{[/baz],methods=[GET]}" onto public java.lang.String org.springframework.web.reactive.result.method.annotation.CrossOriginAnnotationIntegrationTests$ClassLevelController.baz()
09:58:21.871 [Test worker] INFO  org.springframework.web.reactive.result.method.annotation.RequestMappingHandlerMapping - Mapped "{[/origin-value-attribute],methods=[GET]}" onto public java.lang.String org.springframework.web.reactive.result.method.annotation.CrossOriginAnnotationIntegrationTests$MethodLevelController.customOriginDefinedViaValueAttribute()
09:58:21.871 [Test worker] INFO  org.springframework.web.reactive.result.method.annotation.RequestMappingHandlerMapping - Mapped "{[/origin-placeholder],methods=[GET]}" onto public java.lang.String org.springframework.web.reactive.result.method.annotation.CrossOriginAnnotationIntegrationTests$MethodLevelController.customOriginDefinedViaPlaceholder()
09:58:21.871 [Test worker] INFO  org.springframework.web.reactive.result.method.annotation.RequestMappingHandlerMapping - Mapped "{[/customized],methods=[GET || POST]}" onto public java.lang.String org.springframework.web.reactive.result.method.annotation.CrossOriginAnnotationIntegrationTests$MethodLevelController.customized()
09:58:21.871 [Test worker] INFO  org.springframework.web.reactive.result.method.annotation.RequestMappingHandlerMapping - Mapped "{[/ambiguous-produces],methods=[GET],produces=[application/xml]}" onto public java.lang.String org.springframework.web.reactive.result.method.annotation.CrossOriginAnnotationIntegrationTests$MethodLevelController.ambiguousProducesXml()
09:58:21.871 [Test worker] INFO  org.springframework.web.reactive.result.method.annotation.RequestMappingHandlerMapping - Mapped "{[/default],methods=[GET]}" onto public java.lang.String org.springframework.web.reactive.result.method.annotation.CrossOriginAnnotationIntegrationTests$MethodLevelController.defaultAnnotation()
09:58:21.871 [Test worker] INFO  org.springframework.web.reactive.result.method.annotation.RequestMappingHandlerMapping - Mapped "{[/default],methods=[GET],params=[q]}" onto public void org.springframework.web.reactive.result.method.annotation.CrossOriginAnnotationIntegrationTests$MethodLevelController.defaultAnnotationWithParams()
09:58:21.871 [Test worker] INFO  org.springframework.web.reactive.result.method.annotation.RequestMappingHandlerMapping - Mapped "{[/ambiguous-header],methods=[GET],headers=[header1=b]}" onto public void org.springframework.web.reactive.result.method.annotation.CrossOriginAnnotationIntegrationTests$MethodLevelController.ambiguousHeader1b()
09:58:21.871 [Test worker] INFO  org.springframework.web.reactive.result.method.annotation.RequestMappingHandlerMapping - Mapped "{[/ambiguous-produces],methods=[GET],produces=[application/json]}" onto public java.lang.String org.springframework.web.reactive.result.method.annotation.CrossOriginAnnotationIntegrationTests$MethodLevelController.ambiguousProducesJson()
09:58:21.871 [Test worker] INFO  org.springframework.web.reactive.result.method.annotation.RequestMappingHandlerMapping - Mapped "{[/ambiguous-header],methods=[GET],headers=[header1=a]}" onto public void org.springframework.web.reactive.result.method.annotation.CrossOriginAnnotationIntegrationTests$MethodLevelController.ambiguousHeader1a()
09:58:21.871 [Test worker] INFO  org.springframework.web.reactive.result.method.annotation.RequestMappingHandlerMapping - Mapped "{[/no],methods=[POST]}" onto public java.lang.String org.springframework.web.reactive.result.method.annotation.CrossOriginAnnotationIntegrationTests$MethodLevelController.noAnnotationPost()
09:58:21.871 [Test worker] INFO  org.springframework.web.reactive.result.method.annotation.RequestMappingHandlerMapping - Mapped "{[/no],methods=[GET]}" onto public java.lang.String org.springframework.web.reactive.result.method.annotation.CrossOriginAnnotationIntegrationTests$MethodLevelController.noAnnotation()
09:58:21.920 [Test worker] INFO  org.springframework.web.reactive.result.method.annotation.ControllerMethodResolver - Looking for @ControllerAdvice: org.springframework.context.annotation.AnnotationConfigApplicationContext@74e485a5: startup date [Fri Apr 16 09:58:21 CST 2021]; root of context hierarchy
09:58:21.989 [Test worker] DEBUG org.springframework.http.server.reactive.bootstrap.UndertowHttpServer - Starting UndertowHttpServer...
09:58:21.996 [Test worker] DEBUG org.springframework.http.server.reactive.bootstrap.UndertowHttpServer - Server started on port 50003(0 millis).
09:58:21.998 [XNIO-38 I/O-6] DEBUG org.springframework.http.server.reactive.UndertowHttpHandlerAdapter - Handling completed with success
09:58:21.998 [Test worker] DEBUG org.springframework.http.server.reactive.bootstrap.UndertowHttpServer - Stopping UndertowHttpServer...
09:58:22.000 [Test worker] DEBUG org.springframework.http.server.reactive.bootstrap.UndertowHttpServer - Server stopped (0 millis).
]]></system-out>
  <system-err><![CDATA[四月 16, 2021 9:58:05 上午 org.apache.coyote.AbstractProtocol init
信息: Initializing ProtocolHandler ["http-nio-auto-28"]
四月 16, 2021 9:58:05 上午 org.apache.tomcat.util.net.NioSelectorPool getSharedSelector
信息: Using a shared selector for servlet write/read
四月 16, 2021 9:58:05 上午 org.apache.catalina.core.StandardService startInternal
信息: Starting service [Tomcat]
四月 16, 2021 9:58:05 上午 org.apache.catalina.core.StandardEngine startInternal
信息: Starting Servlet Engine: Apache Tomcat/8.5.45
四月 16, 2021 9:58:05 上午 org.apache.coyote.AbstractProtocol start
信息: Starting ProtocolHandler ["http-nio-auto-28-49544"]
四月 16, 2021 9:58:05 上午 org.apache.coyote.AbstractProtocol pause
信息: Pausing ProtocolHandler ["http-nio-auto-28-49544"]
四月 16, 2021 9:58:06 上午 org.apache.catalina.core.StandardService stopInternal
信息: Stopping service [Tomcat]
四月 16, 2021 9:58:06 上午 org.apache.coyote.AbstractProtocol stop
信息: Stopping ProtocolHandler ["http-nio-auto-28-49544"]
四月 16, 2021 9:58:06 上午 org.apache.coyote.AbstractProtocol destroy
信息: Destroying ProtocolHandler ["http-nio-auto-28-49544"]
四月 16, 2021 9:58:07 上午 org.apache.coyote.AbstractProtocol init
信息: Initializing ProtocolHandler ["http-nio-auto-29"]
四月 16, 2021 9:58:07 上午 org.apache.tomcat.util.net.NioSelectorPool getSharedSelector
信息: Using a shared selector for servlet write/read
四月 16, 2021 9:58:07 上午 org.apache.catalina.core.StandardService startInternal
信息: Starting service [Tomcat]
四月 16, 2021 9:58:07 上午 org.apache.catalina.core.StandardEngine startInternal
信息: Starting Servlet Engine: Apache Tomcat/8.5.45
四月 16, 2021 9:58:07 上午 org.apache.coyote.AbstractProtocol start
信息: Starting ProtocolHandler ["http-nio-auto-29-49553"]
四月 16, 2021 9:58:07 上午 org.apache.coyote.AbstractProtocol pause
信息: Pausing ProtocolHandler ["http-nio-auto-29-49553"]
四月 16, 2021 9:58:07 上午 org.apache.catalina.core.StandardService stopInternal
信息: Stopping service [Tomcat]
四月 16, 2021 9:58:07 上午 org.apache.coyote.AbstractProtocol stop
信息: Stopping ProtocolHandler ["http-nio-auto-29-49553"]
四月 16, 2021 9:58:07 上午 org.apache.coyote.AbstractProtocol destroy
信息: Destroying ProtocolHandler ["http-nio-auto-29-49553"]
四月 16, 2021 9:58:08 上午 org.apache.coyote.AbstractProtocol init
信息: Initializing ProtocolHandler ["http-nio-auto-30"]
四月 16, 2021 9:58:08 上午 org.apache.tomcat.util.net.NioSelectorPool getSharedSelector
信息: Using a shared selector for servlet write/read
四月 16, 2021 9:58:08 上午 org.apache.catalina.core.StandardService startInternal
信息: Starting service [Tomcat]
四月 16, 2021 9:58:08 上午 org.apache.catalina.core.StandardEngine startInternal
信息: Starting Servlet Engine: Apache Tomcat/8.5.45
四月 16, 2021 9:58:08 上午 org.apache.coyote.AbstractProtocol start
信息: Starting ProtocolHandler ["http-nio-auto-30-49562"]
四月 16, 2021 9:58:08 上午 org.apache.coyote.AbstractProtocol pause
信息: Pausing ProtocolHandler ["http-nio-auto-30-49562"]
四月 16, 2021 9:58:08 上午 org.apache.catalina.core.StandardService stopInternal
信息: Stopping service [Tomcat]
四月 16, 2021 9:58:08 上午 org.apache.coyote.AbstractProtocol stop
信息: Stopping ProtocolHandler ["http-nio-auto-30-49562"]
四月 16, 2021 9:58:08 上午 org.apache.coyote.AbstractProtocol destroy
信息: Destroying ProtocolHandler ["http-nio-auto-30-49562"]
四月 16, 2021 9:58:09 上午 org.apache.coyote.AbstractProtocol init
信息: Initializing ProtocolHandler ["http-nio-auto-31"]
四月 16, 2021 9:58:09 上午 org.apache.tomcat.util.net.NioSelectorPool getSharedSelector
信息: Using a shared selector for servlet write/read
四月 16, 2021 9:58:09 上午 org.apache.catalina.core.StandardService startInternal
信息: Starting service [Tomcat]
四月 16, 2021 9:58:09 上午 org.apache.catalina.core.StandardEngine startInternal
信息: Starting Servlet Engine: Apache Tomcat/8.5.45
四月 16, 2021 9:58:09 上午 org.apache.coyote.AbstractProtocol start
信息: Starting ProtocolHandler ["http-nio-auto-31-49572"]
四月 16, 2021 9:58:09 上午 org.apache.coyote.AbstractProtocol pause
信息: Pausing ProtocolHandler ["http-nio-auto-31-49572"]
四月 16, 2021 9:58:09 上午 org.apache.catalina.core.StandardService stopInternal
信息: Stopping service [Tomcat]
四月 16, 2021 9:58:09 上午 org.apache.coyote.AbstractProtocol stop
信息: Stopping ProtocolHandler ["http-nio-auto-31-49572"]
四月 16, 2021 9:58:09 上午 org.apache.coyote.AbstractProtocol destroy
信息: Destroying ProtocolHandler ["http-nio-auto-31-49572"]
四月 16, 2021 9:58:10 上午 org.apache.coyote.AbstractProtocol init
信息: Initializing ProtocolHandler ["http-nio-auto-32"]
四月 16, 2021 9:58:10 上午 org.apache.tomcat.util.net.NioSelectorPool getSharedSelector
信息: Using a shared selector for servlet write/read
四月 16, 2021 9:58:10 上午 org.apache.catalina.core.StandardService startInternal
信息: Starting service [Tomcat]
四月 16, 2021 9:58:10 上午 org.apache.catalina.core.StandardEngine startInternal
信息: Starting Servlet Engine: Apache Tomcat/8.5.45
四月 16, 2021 9:58:10 上午 org.apache.coyote.AbstractProtocol start
信息: Starting ProtocolHandler ["http-nio-auto-32-49581"]
四月 16, 2021 9:58:10 上午 org.apache.coyote.AbstractProtocol pause
信息: Pausing ProtocolHandler ["http-nio-auto-32-49581"]
四月 16, 2021 9:58:10 上午 org.apache.catalina.core.StandardService stopInternal
信息: Stopping service [Tomcat]
四月 16, 2021 9:58:10 上午 org.apache.coyote.AbstractProtocol stop
信息: Stopping ProtocolHandler ["http-nio-auto-32-49581"]
四月 16, 2021 9:58:10 上午 org.apache.coyote.AbstractProtocol destroy
信息: Destroying ProtocolHandler ["http-nio-auto-32-49581"]
四月 16, 2021 9:58:11 上午 org.apache.coyote.AbstractProtocol init
信息: Initializing ProtocolHandler ["http-nio-auto-33"]
四月 16, 2021 9:58:11 上午 org.apache.tomcat.util.net.NioSelectorPool getSharedSelector
信息: Using a shared selector for servlet write/read
四月 16, 2021 9:58:11 上午 org.apache.catalina.core.StandardService startInternal
信息: Starting service [Tomcat]
四月 16, 2021 9:58:11 上午 org.apache.catalina.core.StandardEngine startInternal
信息: Starting Servlet Engine: Apache Tomcat/8.5.45
四月 16, 2021 9:58:11 上午 org.apache.coyote.AbstractProtocol start
信息: Starting ProtocolHandler ["http-nio-auto-33-49590"]
四月 16, 2021 9:58:11 上午 org.apache.coyote.AbstractProtocol pause
信息: Pausing ProtocolHandler ["http-nio-auto-33-49590"]
四月 16, 2021 9:58:11 上午 org.apache.catalina.core.StandardService stopInternal
信息: Stopping service [Tomcat]
四月 16, 2021 9:58:11 上午 org.apache.coyote.AbstractProtocol stop
信息: Stopping ProtocolHandler ["http-nio-auto-33-49590"]
四月 16, 2021 9:58:11 上午 org.apache.coyote.AbstractProtocol destroy
信息: Destroying ProtocolHandler ["http-nio-auto-33-49590"]
四月 16, 2021 9:58:12 上午 org.apache.coyote.AbstractProtocol init
信息: Initializing ProtocolHandler ["http-nio-auto-34"]
四月 16, 2021 9:58:12 上午 org.apache.tomcat.util.net.NioSelectorPool getSharedSelector
信息: Using a shared selector for servlet write/read
四月 16, 2021 9:58:12 上午 org.apache.catalina.core.StandardService startInternal
信息: Starting service [Tomcat]
四月 16, 2021 9:58:12 上午 org.apache.catalina.core.StandardEngine startInternal
信息: Starting Servlet Engine: Apache Tomcat/8.5.45
四月 16, 2021 9:58:12 上午 org.apache.coyote.AbstractProtocol start
信息: Starting ProtocolHandler ["http-nio-auto-34-49600"]
四月 16, 2021 9:58:12 上午 org.apache.coyote.AbstractProtocol pause
信息: Pausing ProtocolHandler ["http-nio-auto-34-49600"]
四月 16, 2021 9:58:13 上午 org.apache.catalina.core.StandardService stopInternal
信息: Stopping service [Tomcat]
四月 16, 2021 9:58:13 上午 org.apache.coyote.AbstractProtocol stop
信息: Stopping ProtocolHandler ["http-nio-auto-34-49600"]
四月 16, 2021 9:58:13 上午 org.apache.coyote.AbstractProtocol destroy
信息: Destroying ProtocolHandler ["http-nio-auto-34-49600"]
四月 16, 2021 9:58:13 上午 org.apache.coyote.AbstractProtocol init
信息: Initializing ProtocolHandler ["http-nio-auto-35"]
四月 16, 2021 9:58:13 上午 org.apache.tomcat.util.net.NioSelectorPool getSharedSelector
信息: Using a shared selector for servlet write/read
四月 16, 2021 9:58:13 上午 org.apache.catalina.core.StandardService startInternal
信息: Starting service [Tomcat]
四月 16, 2021 9:58:13 上午 org.apache.catalina.core.StandardEngine startInternal
信息: Starting Servlet Engine: Apache Tomcat/8.5.45
四月 16, 2021 9:58:13 上午 org.apache.coyote.AbstractProtocol start
信息: Starting ProtocolHandler ["http-nio-auto-35-49609"]
四月 16, 2021 9:58:13 上午 org.apache.coyote.AbstractProtocol pause
信息: Pausing ProtocolHandler ["http-nio-auto-35-49609"]
四月 16, 2021 9:58:14 上午 org.apache.catalina.core.StandardService stopInternal
信息: Stopping service [Tomcat]
四月 16, 2021 9:58:14 上午 org.apache.coyote.AbstractProtocol stop
信息: Stopping ProtocolHandler ["http-nio-auto-35-49609"]
四月 16, 2021 9:58:14 上午 org.apache.coyote.AbstractProtocol destroy
信息: Destroying ProtocolHandler ["http-nio-auto-35-49609"]
四月 16, 2021 9:58:14 上午 org.apache.coyote.AbstractProtocol init
信息: Initializing ProtocolHandler ["http-nio-auto-36"]
四月 16, 2021 9:58:14 上午 org.apache.tomcat.util.net.NioSelectorPool getSharedSelector
信息: Using a shared selector for servlet write/read
四月 16, 2021 9:58:14 上午 org.apache.catalina.core.StandardService startInternal
信息: Starting service [Tomcat]
四月 16, 2021 9:58:14 上午 org.apache.catalina.core.StandardEngine startInternal
信息: Starting Servlet Engine: Apache Tomcat/8.5.45
四月 16, 2021 9:58:14 上午 org.apache.coyote.AbstractProtocol start
信息: Starting ProtocolHandler ["http-nio-auto-36-49618"]
四月 16, 2021 9:58:14 上午 org.apache.coyote.AbstractProtocol pause
信息: Pausing ProtocolHandler ["http-nio-auto-36-49618"]
四月 16, 2021 9:58:15 上午 org.apache.catalina.core.StandardService stopInternal
信息: Stopping service [Tomcat]
四月 16, 2021 9:58:15 上午 org.apache.coyote.AbstractProtocol stop
信息: Stopping ProtocolHandler ["http-nio-auto-36-49618"]
四月 16, 2021 9:58:15 上午 org.apache.coyote.AbstractProtocol destroy
信息: Destroying ProtocolHandler ["http-nio-auto-36-49618"]
四月 16, 2021 9:58:15 上午 org.apache.coyote.AbstractProtocol init
信息: Initializing ProtocolHandler ["http-nio-auto-37"]
四月 16, 2021 9:58:15 上午 org.apache.tomcat.util.net.NioSelectorPool getSharedSelector
信息: Using a shared selector for servlet write/read
四月 16, 2021 9:58:15 上午 org.apache.catalina.core.StandardService startInternal
信息: Starting service [Tomcat]
四月 16, 2021 9:58:15 上午 org.apache.catalina.core.StandardEngine startInternal
信息: Starting Servlet Engine: Apache Tomcat/8.5.45
四月 16, 2021 9:58:15 上午 org.apache.coyote.AbstractProtocol start
信息: Starting ProtocolHandler ["http-nio-auto-37-49627"]
四月 16, 2021 9:58:15 上午 org.apache.coyote.AbstractProtocol pause
信息: Pausing ProtocolHandler ["http-nio-auto-37-49627"]
四月 16, 2021 9:58:16 上午 org.apache.catalina.core.StandardService stopInternal
信息: Stopping service [Tomcat]
四月 16, 2021 9:58:16 上午 org.apache.coyote.AbstractProtocol stop
信息: Stopping ProtocolHandler ["http-nio-auto-37-49627"]
四月 16, 2021 9:58:16 上午 org.apache.coyote.AbstractProtocol destroy
信息: Destroying ProtocolHandler ["http-nio-auto-37-49627"]
四月 16, 2021 9:58:17 上午 org.apache.coyote.AbstractProtocol init
信息: Initializing ProtocolHandler ["http-nio-auto-38"]
四月 16, 2021 9:58:17 上午 org.apache.tomcat.util.net.NioSelectorPool getSharedSelector
信息: Using a shared selector for servlet write/read
四月 16, 2021 9:58:17 上午 org.apache.catalina.core.StandardService startInternal
信息: Starting service [Tomcat]
四月 16, 2021 9:58:17 上午 org.apache.catalina.core.StandardEngine startInternal
信息: Starting Servlet Engine: Apache Tomcat/8.5.45
四月 16, 2021 9:58:17 上午 org.apache.coyote.AbstractProtocol start
信息: Starting ProtocolHandler ["http-nio-auto-38-49637"]
四月 16, 2021 9:58:17 上午 org.apache.coyote.AbstractProtocol pause
信息: Pausing ProtocolHandler ["http-nio-auto-38-49637"]
四月 16, 2021 9:58:17 上午 org.apache.catalina.core.StandardService stopInternal
信息: Stopping service [Tomcat]
四月 16, 2021 9:58:17 上午 org.apache.coyote.AbstractProtocol stop
信息: Stopping ProtocolHandler ["http-nio-auto-38-49637"]
四月 16, 2021 9:58:17 上午 org.apache.coyote.AbstractProtocol destroy
信息: Destroying ProtocolHandler ["http-nio-auto-38-49637"]
四月 16, 2021 9:58:18 上午 org.apache.coyote.AbstractProtocol init
信息: Initializing ProtocolHandler ["http-nio-auto-39"]
四月 16, 2021 9:58:18 上午 org.apache.tomcat.util.net.NioSelectorPool getSharedSelector
信息: Using a shared selector for servlet write/read
四月 16, 2021 9:58:18 上午 org.apache.catalina.core.StandardService startInternal
信息: Starting service [Tomcat]
四月 16, 2021 9:58:18 上午 org.apache.catalina.core.StandardEngine startInternal
信息: Starting Servlet Engine: Apache Tomcat/8.5.45
四月 16, 2021 9:58:18 上午 org.apache.coyote.AbstractProtocol start
信息: Starting ProtocolHandler ["http-nio-auto-39-49647"]
四月 16, 2021 9:58:18 上午 org.apache.coyote.AbstractProtocol pause
信息: Pausing ProtocolHandler ["http-nio-auto-39-49647"]
四月 16, 2021 9:58:18 上午 org.apache.catalina.core.StandardService stopInternal
信息: Stopping service [Tomcat]
四月 16, 2021 9:58:18 上午 org.apache.coyote.AbstractProtocol stop
信息: Stopping ProtocolHandler ["http-nio-auto-39-49647"]
四月 16, 2021 9:58:18 上午 org.apache.coyote.AbstractProtocol destroy
信息: Destroying ProtocolHandler ["http-nio-auto-39-49647"]
]]></system-err>
</testsuite>
