<?xml version="1.0" encoding="UTF-8"?>
<testsuite name="org.springframework.web.reactive.resource.WebJarsResourceResolverTests" tests="7" skipped="0" failures="0" errors="0" timestamp="2021-04-16T01:57:52" hostname="DESKTOP-3R4DVF7" time="0.021">
  <properties/>
  <testcase name="resolveResourceWebJar" classname="org.springframework.web.reactive.resource.WebJarsResourceResolverTests" time="0.006"/>
  <testcase name="resolveUrlExistingNotInJarFile" classname="org.springframework.web.reactive.resource.WebJarsResourceResolverTests" time="0.003"/>
  <testcase name="resolveUrlWebJarResource" classname="org.springframework.web.reactive.resource.WebJarsResourceResolverTests" time="0.003"/>
  <testcase name="resolveResourceNotFound" classname="org.springframework.web.reactive.resource.WebJarsResourceResolverTests" time="0.002"/>
  <testcase name="resolveUrlExisting" classname="org.springframework.web.reactive.resource.WebJarsResourceResolverTests" time="0.002"/>
  <testcase name="resolveUrlWebJarResourceNotFound" classname="org.springframework.web.reactive.resource.WebJarsResourceResolverTests" time="0.003"/>
  <testcase name="resolveResourceExisting" classname="org.springframework.web.reactive.resource.WebJarsResourceResolverTests" time="0.002"/>
  <system-out><![CDATA[]]></system-out>
  <system-err><![CDATA[]]></system-err>
</testsuite>
