<?xml version="1.0" encoding="UTF-8"?>
<testsuite name="org.springframework.web.reactive.config.ResourceHandlerRegistryTests" tests="9" skipped="0" failures="0" errors="0" timestamp="2021-04-16T01:56:54" hostname="DESKTOP-3R4DVF7" time="0.512">
  <properties/>
  <testcase name="resourceChainWithVersionResolver" classname="org.springframework.web.reactive.config.ResourceHandlerRegistryTests" time="0.067"/>
  <testcase name="cacheControl" classname="org.springframework.web.reactive.config.ResourceHandlerRegistryTests" time="0.005"/>
  <testcase name="hasMappingForPattern" classname="org.springframework.web.reactive.config.ResourceHandlerRegistryTests" time="0.0"/>
  <testcase name="noResourceHandlers" classname="org.springframework.web.reactive.config.ResourceHandlerRegistryTests" time="0.0"/>
  <testcase name="mapPathToLocation" classname="org.springframework.web.reactive.config.ResourceHandlerRegistryTests" time="0.17"/>
  <testcase name="resourceChainWithOverrides" classname="org.springframework.web.reactive.config.ResourceHandlerRegistryTests" time="0.196"/>
  <testcase name="order" classname="org.springframework.web.reactive.config.ResourceHandlerRegistryTests" time="0.0"/>
  <testcase name="resourceChainWithoutCaching" classname="org.springframework.web.reactive.config.ResourceHandlerRegistryTests" time="0.004"/>
  <testcase name="resourceChain" classname="org.springframework.web.reactive.config.ResourceHandlerRegistryTests" time="0.069"/>
  <system-out><![CDATA[]]></system-out>
  <system-err><![CDATA[]]></system-err>
</testsuite>
