<?xml version="1.0" encoding="UTF-8"?>
<testsuite name="org.springframework.web.reactive.function.server.RouterFunctionTests" tests="4" skipped="0" failures="0" errors="0" timestamp="2021-04-16T01:57:46" hostname="DESKTOP-3R4DVF7" time="0.003">
  <properties/>
  <testcase name="filter" classname="org.springframework.web.reactive.function.server.RouterFunctionTests" time="0.001"/>
  <testcase name="andOther" classname="org.springframework.web.reactive.function.server.RouterFunctionTests" time="0.001"/>
  <testcase name="andRoute" classname="org.springframework.web.reactive.function.server.RouterFunctionTests" time="0.0"/>
  <testcase name="and" classname="org.springframework.web.reactive.function.server.RouterFunctionTests" time="0.001"/>
  <system-out><![CDATA[]]></system-out>
  <system-err><![CDATA[]]></system-err>
</testsuite>
