<?xml version="1.0" encoding="UTF-8"?>
<testsuite name="org.springframework.web.reactive.result.method.annotation.PathVariableMethodArgumentResolverTests" tests="7" skipped="0" failures="0" errors="0" timestamp="2021-04-16T01:59:06" hostname="DESKTOP-3R4DVF7" time="0.002">
  <properties/>
  <testcase name="handleMissingValue" classname="org.springframework.web.reactive.result.method.annotation.PathVariableMethodArgumentResolverTests" time="0.001"/>
  <testcase name="wrapEmptyWithOptional" classname="org.springframework.web.reactive.result.method.annotation.PathVariableMethodArgumentResolverTests" time="0.0"/>
  <testcase name="resolveArgumentWrappedAsOptional" classname="org.springframework.web.reactive.result.method.annotation.PathVariableMethodArgumentResolverTests" time="0.001"/>
  <testcase name="resolveArgument" classname="org.springframework.web.reactive.result.method.annotation.PathVariableMethodArgumentResolverTests" time="0.0"/>
  <testcase name="resolveArgumentNotRequired" classname="org.springframework.web.reactive.result.method.annotation.PathVariableMethodArgumentResolverTests" time="0.0"/>
  <testcase name="nullIfNotRequired" classname="org.springframework.web.reactive.result.method.annotation.PathVariableMethodArgumentResolverTests" time="0.0"/>
  <testcase name="supportsParameter" classname="org.springframework.web.reactive.result.method.annotation.PathVariableMethodArgumentResolverTests" time="0.0"/>
  <system-out><![CDATA[]]></system-out>
  <system-err><![CDATA[]]></system-err>
</testsuite>
