<?xml version="1.0" encoding="UTF-8"?>
<testsuite name="org.springframework.web.reactive.result.method.annotation.ContextPathIntegrationTests" tests="2" skipped="0" failures="0" errors="0" timestamp="2021-04-16T01:57:52" hostname="DESKTOP-3R4DVF7" time="1.581">
  <properties/>
  <testcase name="servletPathMapping" classname="org.springframework.web.reactive.result.method.annotation.ContextPathIntegrationTests" time="0.96"/>
  <testcase name="multipleWebFluxApps" classname="org.springframework.web.reactive.result.method.annotation.ContextPathIntegrationTests" time="0.621"/>
  <system-out><![CDATA[09:57:52.771 [Test worker] INFO  org.springframework.context.annotation.AnnotationConfigApplicationContext - Refreshing org.springframework.context.annotation.AnnotationConfigApplicationContext@32cece1a: startup date [Fri Apr 16 09:57:52 CST 2021]; root of context hierarchy
09:57:52.775 [Test worker] INFO  org.springframework.beans.factory.annotation.AutowiredAnnotationBeanPostProcessor - JSR-330 'javax.inject.Inject' annotation found and supported for autowiring
09:57:52.846 [Test worker] INFO  org.springframework.web.reactive.result.method.annotation.RequestMappingHandlerMapping - Mapped "{[/test],methods=[GET]}" onto public java.lang.String org.springframework.web.reactive.result.method.annotation.ContextPathIntegrationTests$TestController.handle(org.springframework.http.server.reactive.ServerHttpRequest)
09:57:52.991 [Test worker] INFO  org.springframework.web.reactive.result.method.annotation.ControllerMethodResolver - Looking for @ControllerAdvice: org.springframework.context.annotation.AnnotationConfigApplicationContext@32cece1a: startup date [Fri Apr 16 09:57:52 CST 2021]; root of context hierarchy
09:57:53.135 [Test worker] DEBUG org.springframework.http.server.reactive.bootstrap.TomcatHttpServer - Starting TomcatHttpServer...
09:57:53.146 [Test worker] DEBUG org.springframework.http.server.reactive.bootstrap.TomcatHttpServer - Server started on port 49176(0 millis).
09:57:53.180 [http-nio-auto-24-exec-1] INFO  org.springframework.http.server.reactive.ServletHttpHandlerAdapter - Found Servlet mapping '/api' for Servlet 'httpHandlerServlet'
09:57:53.188 [http-nio-auto-24-exec-1] DEBUG org.springframework.http.server.reactive.ServletHttpHandlerAdapter - Handling completed with success
09:57:53.188 [Test worker] DEBUG org.springframework.http.server.reactive.bootstrap.TomcatHttpServer - Stopping TomcatHttpServer...
09:57:53.728 [Test worker] DEBUG org.springframework.http.server.reactive.bootstrap.TomcatHttpServer - Server stopped (0 millis).
09:57:53.730 [Test worker] INFO  org.springframework.context.annotation.AnnotationConfigApplicationContext - Refreshing org.springframework.context.annotation.AnnotationConfigApplicationContext@1a00ad11: startup date [Fri Apr 16 09:57:53 CST 2021]; root of context hierarchy
09:57:53.732 [Test worker] INFO  org.springframework.beans.factory.annotation.AutowiredAnnotationBeanPostProcessor - JSR-330 'javax.inject.Inject' annotation found and supported for autowiring
09:57:53.883 [Test worker] INFO  org.springframework.web.reactive.result.method.annotation.RequestMappingHandlerMapping - Mapped "{[/test],methods=[GET]}" onto public java.lang.String org.springframework.web.reactive.result.method.annotation.ContextPathIntegrationTests$TestController.handle(org.springframework.http.server.reactive.ServerHttpRequest)
09:57:54.033 [Test worker] INFO  org.springframework.web.reactive.result.method.annotation.ControllerMethodResolver - Looking for @ControllerAdvice: org.springframework.context.annotation.AnnotationConfigApplicationContext@1a00ad11: startup date [Fri Apr 16 09:57:53 CST 2021]; root of context hierarchy
09:57:54.175 [Test worker] INFO  org.springframework.context.annotation.AnnotationConfigApplicationContext - Refreshing org.springframework.context.annotation.AnnotationConfigApplicationContext@54047a8c: startup date [Fri Apr 16 09:57:54 CST 2021]; root of context hierarchy
09:57:54.177 [Test worker] INFO  org.springframework.beans.factory.annotation.AutowiredAnnotationBeanPostProcessor - JSR-330 'javax.inject.Inject' annotation found and supported for autowiring
09:57:54.180 [Test worker] INFO  org.springframework.web.reactive.result.method.annotation.RequestMappingHandlerMapping - Mapped "{[/test],methods=[GET]}" onto public java.lang.String org.springframework.web.reactive.result.method.annotation.ContextPathIntegrationTests$TestController.handle(org.springframework.http.server.reactive.ServerHttpRequest)
09:57:54.234 [Test worker] INFO  org.springframework.web.reactive.result.method.annotation.ControllerMethodResolver - Looking for @ControllerAdvice: org.springframework.context.annotation.AnnotationConfigApplicationContext@54047a8c: startup date [Fri Apr 16 09:57:54 CST 2021]; root of context hierarchy
09:57:54.307 [Test worker] DEBUG org.springframework.http.server.reactive.bootstrap.ReactorHttpServer - Starting ReactorHttpServer...
09:57:54.307 [Test worker] DEBUG org.springframework.http.server.reactive.bootstrap.ReactorHttpServer - Server started on port 49185(0 millis).
09:57:54.348 [reactor-http-nio-6] DEBUG org.springframework.http.server.reactive.ReactorHttpHandlerAdapter - Handling completed with success
09:57:54.349 [reactor-http-nio-6] DEBUG org.springframework.http.server.reactive.ReactorHttpHandlerAdapter - Handling completed with success
09:57:54.349 [Test worker] DEBUG org.springframework.http.server.reactive.bootstrap.ReactorHttpServer - Stopping ReactorHttpServer...
09:57:54.350 [Test worker] DEBUG org.springframework.http.server.reactive.bootstrap.ReactorHttpServer - Server stopped (0 millis).
]]></system-out>
  <system-err><![CDATA[四月 16, 2021 9:57:53 上午 org.apache.coyote.AbstractProtocol init
信息: Initializing ProtocolHandler ["http-nio-auto-24"]
四月 16, 2021 9:57:53 上午 org.apache.tomcat.util.net.NioSelectorPool getSharedSelector
信息: Using a shared selector for servlet write/read
四月 16, 2021 9:57:53 上午 org.apache.catalina.core.StandardService startInternal
信息: Starting service [Tomcat]
四月 16, 2021 9:57:53 上午 org.apache.catalina.core.StandardEngine startInternal
信息: Starting Servlet Engine: Apache Tomcat/8.5.45
四月 16, 2021 9:57:53 上午 org.apache.coyote.AbstractProtocol start
信息: Starting ProtocolHandler ["http-nio-auto-24-49176"]
四月 16, 2021 9:57:53 上午 org.apache.coyote.AbstractProtocol pause
信息: Pausing ProtocolHandler ["http-nio-auto-24-49176"]
四月 16, 2021 9:57:53 上午 org.apache.catalina.core.StandardService stopInternal
信息: Stopping service [Tomcat]
四月 16, 2021 9:57:53 上午 org.apache.coyote.AbstractProtocol stop
信息: Stopping ProtocolHandler ["http-nio-auto-24-49176"]
四月 16, 2021 9:57:53 上午 org.apache.coyote.AbstractProtocol destroy
信息: Destroying ProtocolHandler ["http-nio-auto-24-49176"]
]]></system-err>
</testsuite>
