<?xml version="1.0" encoding="UTF-8"?>
<testsuite name="org.springframework.web.reactive.result.method.HandlerMethodMappingTests" tests="7" skipped="0" failures="0" errors="0" timestamp="2021-04-16T02:00:59" hostname="DESKTOP-3R4DVF7" time="0.005">
  <properties/>
  <testcase name="directMatch" classname="org.springframework.web.reactive.result.method.HandlerMethodMappingTests" time="0.001"/>
  <testcase name="patternMatch" classname="org.springframework.web.reactive.result.method.HandlerMethodMappingTests" time="0.0"/>
  <testcase name="unregisterMapping" classname="org.springframework.web.reactive.result.method.HandlerMethodMappingTests" time="0.002"/>
  <testcase name="registerMappingWithSameMethodAndTwoHandlerInstances" classname="org.springframework.web.reactive.result.method.HandlerMethodMappingTests" time="0.001"/>
  <testcase name="registerDuplicates" classname="org.springframework.web.reactive.result.method.HandlerMethodMappingTests" time="0.0"/>
  <testcase name="registerMapping" classname="org.springframework.web.reactive.result.method.HandlerMethodMappingTests" time="0.0"/>
  <testcase name="ambiguousMatch" classname="org.springframework.web.reactive.result.method.HandlerMethodMappingTests" time="0.001"/>
  <system-out><![CDATA[10:00:59.887 [Test worker] INFO  org.springframework.web.reactive.result.method.HandlerMethodMappingTests$MyHandlerMethodMapping - Mapped "foo" onto public void org.springframework.web.reactive.result.method.HandlerMethodMappingTests$MyHandler.handlerMethod1()
10:00:59.888 [Test worker] INFO  org.springframework.web.reactive.result.method.HandlerMethodMappingTests$MyHandlerMethodMapping - Mapped "/fo*" onto public void org.springframework.web.reactive.result.method.HandlerMethodMappingTests$MyHandler.handlerMethod1()
10:00:59.888 [Test worker] INFO  org.springframework.web.reactive.result.method.HandlerMethodMappingTests$MyHandlerMethodMapping - Mapped "/f*" onto public void org.springframework.web.reactive.result.method.HandlerMethodMappingTests$MyHandler.handlerMethod2()
10:00:59.888 [Test worker] INFO  org.springframework.web.reactive.result.method.HandlerMethodMappingTests$MyHandlerMethodMapping - Mapped "foo" onto public void org.springframework.web.reactive.result.method.HandlerMethodMappingTests$MyHandler.handlerMethod1()
10:00:59.891 [Test worker] INFO  org.springframework.web.reactive.result.method.HandlerMethodMappingTests$MyHandlerMethodMapping - Mapped "foo" onto public void org.springframework.web.reactive.result.method.HandlerMethodMappingTests$MyHandler.handlerMethod1()
10:00:59.891 [Test worker] INFO  org.springframework.web.reactive.result.method.HandlerMethodMappingTests$MyHandlerMethodMapping - Mapped "bar" onto public void org.springframework.web.reactive.result.method.HandlerMethodMappingTests$MyHandler.handlerMethod1()
10:00:59.891 [Test worker] INFO  org.springframework.web.reactive.result.method.HandlerMethodMappingTests$MyHandlerMethodMapping - Mapped "foo" onto public void org.springframework.web.reactive.result.method.HandlerMethodMappingTests$MyHandler.handlerMethod1()
10:00:59.891 [Test worker] INFO  org.springframework.web.reactive.result.method.HandlerMethodMappingTests$MyHandlerMethodMapping - Mapped "/foo" onto public void org.springframework.web.reactive.result.method.HandlerMethodMappingTests$MyHandler.handlerMethod1()
10:00:59.891 [Test worker] INFO  org.springframework.web.reactive.result.method.HandlerMethodMappingTests$MyHandlerMethodMapping - Mapped "/foo*" onto public void org.springframework.web.reactive.result.method.HandlerMethodMappingTests$MyHandler.handlerMethod2()
10:00:59.891 [Test worker] INFO  org.springframework.web.reactive.result.method.HandlerMethodMappingTests$MyHandlerMethodMapping - Mapped "/f?o" onto public void org.springframework.web.reactive.result.method.HandlerMethodMappingTests$MyHandler.handlerMethod1()
10:00:59.891 [Test worker] INFO  org.springframework.web.reactive.result.method.HandlerMethodMappingTests$MyHandlerMethodMapping - Mapped "/fo?" onto public void org.springframework.web.reactive.result.method.HandlerMethodMappingTests$MyHandler.handlerMethod2()
]]></system-out>
  <system-err><![CDATA[]]></system-err>
</testsuite>
