<?xml version="1.0" encoding="UTF-8"?>
<testsuite name="org.springframework.web.reactive.accept.ParameterContentTypeResolverTests" tests="5" skipped="0" failures="0" errors="0" timestamp="2021-04-16T01:56:50" hostname="DESKTOP-3R4DVF7" time="0.022">
  <properties/>
  <testcase name="noMatchForKey" classname="org.springframework.web.reactive.accept.ParameterContentTypeResolverTests" time="0.019"/>
  <testcase name="resolveKeyThroughMediaTypeFactory" classname="org.springframework.web.reactive.accept.ParameterContentTypeResolverTests" time="0.0"/>
  <testcase name="noKey" classname="org.springframework.web.reactive.accept.ParameterContentTypeResolverTests" time="0.001"/>
  <testcase name="resolveKeyFromRegistrations" classname="org.springframework.web.reactive.accept.ParameterContentTypeResolverTests" time="0.0"/>
  <testcase name="resolveKeyIsCaseInsensitive" classname="org.springframework.web.reactive.accept.ParameterContentTypeResolverTests" time="0.001"/>
  <system-out><![CDATA[]]></system-out>
  <system-err><![CDATA[]]></system-err>
</testsuite>
