<?xml version="1.0" encoding="UTF-8"?>
<testsuite name="org.springframework.web.reactive.DispatcherHandlerErrorTests" tests="7" skipped="0" failures="0" errors="0" timestamp="2021-04-16T01:56:59" hostname="DESKTOP-3R4DVF7" time="0.35">
  <properties/>
  <testcase name="controllerReturnsMonoError" classname="org.springframework.web.reactive.DispatcherHandlerErrorTests" time="0.142"/>
  <testcase name="controllerThrowsException" classname="org.springframework.web.reactive.DispatcherHandlerErrorTests" time="0.027"/>
  <testcase name="webExceptionHandler" classname="org.springframework.web.reactive.DispatcherHandlerErrorTests" time="0.035"/>
  <testcase name="requestBodyError" classname="org.springframework.web.reactive.DispatcherHandlerErrorTests" time="0.054"/>
  <testcase name="responseBodyMessageConversionError" classname="org.springframework.web.reactive.DispatcherHandlerErrorTests" time="0.03"/>
  <testcase name="unknownReturnType" classname="org.springframework.web.reactive.DispatcherHandlerErrorTests" time="0.031"/>
  <testcase name="noHandler" classname="org.springframework.web.reactive.DispatcherHandlerErrorTests" time="0.031"/>
  <system-out><![CDATA[09:56:59.661 [Test worker] INFO  org.springframework.context.annotation.AnnotationConfigApplicationContext - Refreshing org.springframework.context.annotation.AnnotationConfigApplicationContext@38a02b15: startup date [Fri Apr 16 09:56:59 CST 2021]; root of context hierarchy
09:56:59.665 [Test worker] INFO  org.springframework.beans.factory.annotation.AutowiredAnnotationBeanPostProcessor - JSR-330 'javax.inject.Inject' annotation found and supported for autowiring
09:56:59.729 [Test worker] INFO  org.springframework.web.reactive.result.method.annotation.RequestMappingHandlerMapping - Mapped "{[/error-signal]}" onto public org.reactivestreams.Publisher<java.lang.String> org.springframework.web.reactive.DispatcherHandlerErrorTests$TestController.errorSignal()
09:56:59.731 [Test worker] INFO  org.springframework.web.reactive.result.method.annotation.RequestMappingHandlerMapping - Mapped "{[/request-body]}" onto public org.reactivestreams.Publisher<java.lang.String> org.springframework.web.reactive.DispatcherHandlerErrorTests$TestController.requestBody(org.reactivestreams.Publisher<java.lang.String>)
09:56:59.731 [Test worker] INFO  org.springframework.web.reactive.result.method.annotation.RequestMappingHandlerMapping - Mapped "{[/raise-exception]}" onto public void org.springframework.web.reactive.DispatcherHandlerErrorTests$TestController.raiseException()
09:56:59.731 [Test worker] INFO  org.springframework.web.reactive.result.method.annotation.RequestMappingHandlerMapping - Mapped "{[/unknown-return-type]}" onto public org.springframework.web.reactive.DispatcherHandlerErrorTests$Foo org.springframework.web.reactive.DispatcherHandlerErrorTests$TestController.unknownReturnType()
09:56:59.748 [Test worker] INFO  org.springframework.web.reactive.result.method.annotation.ControllerMethodResolver - Looking for @ControllerAdvice: org.springframework.context.annotation.AnnotationConfigApplicationContext@38a02b15: startup date [Fri Apr 16 09:56:59 CST 2021]; root of context hierarchy
09:56:59.802 [Test worker] INFO  org.springframework.context.annotation.AnnotationConfigApplicationContext - Refreshing org.springframework.context.annotation.AnnotationConfigApplicationContext@23b0f0d7: startup date [Fri Apr 16 09:56:59 CST 2021]; root of context hierarchy
09:56:59.805 [Test worker] INFO  org.springframework.beans.factory.annotation.AutowiredAnnotationBeanPostProcessor - JSR-330 'javax.inject.Inject' annotation found and supported for autowiring
09:56:59.807 [Test worker] INFO  org.springframework.web.reactive.result.method.annotation.RequestMappingHandlerMapping - Mapped "{[/error-signal]}" onto public org.reactivestreams.Publisher<java.lang.String> org.springframework.web.reactive.DispatcherHandlerErrorTests$TestController.errorSignal()
09:56:59.807 [Test worker] INFO  org.springframework.web.reactive.result.method.annotation.RequestMappingHandlerMapping - Mapped "{[/request-body]}" onto public org.reactivestreams.Publisher<java.lang.String> org.springframework.web.reactive.DispatcherHandlerErrorTests$TestController.requestBody(org.reactivestreams.Publisher<java.lang.String>)
09:56:59.808 [Test worker] INFO  org.springframework.web.reactive.result.method.annotation.RequestMappingHandlerMapping - Mapped "{[/raise-exception]}" onto public void org.springframework.web.reactive.DispatcherHandlerErrorTests$TestController.raiseException()
09:56:59.808 [Test worker] INFO  org.springframework.web.reactive.result.method.annotation.RequestMappingHandlerMapping - Mapped "{[/unknown-return-type]}" onto public org.springframework.web.reactive.DispatcherHandlerErrorTests$Foo org.springframework.web.reactive.DispatcherHandlerErrorTests$TestController.unknownReturnType()
09:56:59.824 [Test worker] INFO  org.springframework.web.reactive.result.method.annotation.ControllerMethodResolver - Looking for @ControllerAdvice: org.springframework.context.annotation.AnnotationConfigApplicationContext@23b0f0d7: startup date [Fri Apr 16 09:56:59 CST 2021]; root of context hierarchy
09:56:59.829 [Test worker] INFO  org.springframework.context.annotation.AnnotationConfigApplicationContext - Refreshing org.springframework.context.annotation.AnnotationConfigApplicationContext@381f02d3: startup date [Fri Apr 16 09:56:59 CST 2021]; root of context hierarchy
09:56:59.831 [Test worker] INFO  org.springframework.beans.factory.annotation.AutowiredAnnotationBeanPostProcessor - JSR-330 'javax.inject.Inject' annotation found and supported for autowiring
09:56:59.833 [Test worker] INFO  org.springframework.web.reactive.result.method.annotation.RequestMappingHandlerMapping - Mapped "{[/error-signal]}" onto public org.reactivestreams.Publisher<java.lang.String> org.springframework.web.reactive.DispatcherHandlerErrorTests$TestController.errorSignal()
09:56:59.834 [Test worker] INFO  org.springframework.web.reactive.result.method.annotation.RequestMappingHandlerMapping - Mapped "{[/request-body]}" onto public org.reactivestreams.Publisher<java.lang.String> org.springframework.web.reactive.DispatcherHandlerErrorTests$TestController.requestBody(org.reactivestreams.Publisher<java.lang.String>)
09:56:59.834 [Test worker] INFO  org.springframework.web.reactive.result.method.annotation.RequestMappingHandlerMapping - Mapped "{[/raise-exception]}" onto public void org.springframework.web.reactive.DispatcherHandlerErrorTests$TestController.raiseException()
09:56:59.834 [Test worker] INFO  org.springframework.web.reactive.result.method.annotation.RequestMappingHandlerMapping - Mapped "{[/unknown-return-type]}" onto public org.springframework.web.reactive.DispatcherHandlerErrorTests$Foo org.springframework.web.reactive.DispatcherHandlerErrorTests$TestController.unknownReturnType()
09:56:59.853 [Test worker] INFO  org.springframework.web.reactive.result.method.annotation.ControllerMethodResolver - Looking for @ControllerAdvice: org.springframework.context.annotation.AnnotationConfigApplicationContext@381f02d3: startup date [Fri Apr 16 09:56:59 CST 2021]; root of context hierarchy
09:56:59.865 [Test worker] INFO  org.springframework.context.annotation.AnnotationConfigApplicationContext - Refreshing org.springframework.context.annotation.AnnotationConfigApplicationContext@18514605: startup date [Fri Apr 16 09:56:59 CST 2021]; root of context hierarchy
09:56:59.867 [Test worker] INFO  org.springframework.beans.factory.annotation.AutowiredAnnotationBeanPostProcessor - JSR-330 'javax.inject.Inject' annotation found and supported for autowiring
09:56:59.872 [Test worker] INFO  org.springframework.web.reactive.result.method.annotation.RequestMappingHandlerMapping - Mapped "{[/error-signal]}" onto public org.reactivestreams.Publisher<java.lang.String> org.springframework.web.reactive.DispatcherHandlerErrorTests$TestController.errorSignal()
09:56:59.872 [Test worker] INFO  org.springframework.web.reactive.result.method.annotation.RequestMappingHandlerMapping - Mapped "{[/request-body]}" onto public org.reactivestreams.Publisher<java.lang.String> org.springframework.web.reactive.DispatcherHandlerErrorTests$TestController.requestBody(org.reactivestreams.Publisher<java.lang.String>)
09:56:59.872 [Test worker] INFO  org.springframework.web.reactive.result.method.annotation.RequestMappingHandlerMapping - Mapped "{[/raise-exception]}" onto public void org.springframework.web.reactive.DispatcherHandlerErrorTests$TestController.raiseException()
09:56:59.873 [Test worker] INFO  org.springframework.web.reactive.result.method.annotation.RequestMappingHandlerMapping - Mapped "{[/unknown-return-type]}" onto public org.springframework.web.reactive.DispatcherHandlerErrorTests$Foo org.springframework.web.reactive.DispatcherHandlerErrorTests$TestController.unknownReturnType()
09:56:59.890 [Test worker] INFO  org.springframework.web.reactive.result.method.annotation.ControllerMethodResolver - Looking for @ControllerAdvice: org.springframework.context.annotation.AnnotationConfigApplicationContext@18514605: startup date [Fri Apr 16 09:56:59 CST 2021]; root of context hierarchy
09:56:59.918 [Test worker] INFO  org.springframework.context.annotation.AnnotationConfigApplicationContext - Refreshing org.springframework.context.annotation.AnnotationConfigApplicationContext@32804303: startup date [Fri Apr 16 09:56:59 CST 2021]; root of context hierarchy
09:56:59.920 [Test worker] INFO  org.springframework.beans.factory.annotation.AutowiredAnnotationBeanPostProcessor - JSR-330 'javax.inject.Inject' annotation found and supported for autowiring
09:56:59.922 [Test worker] INFO  org.springframework.web.reactive.result.method.annotation.RequestMappingHandlerMapping - Mapped "{[/error-signal]}" onto public org.reactivestreams.Publisher<java.lang.String> org.springframework.web.reactive.DispatcherHandlerErrorTests$TestController.errorSignal()
09:56:59.922 [Test worker] INFO  org.springframework.web.reactive.result.method.annotation.RequestMappingHandlerMapping - Mapped "{[/request-body]}" onto public org.reactivestreams.Publisher<java.lang.String> org.springframework.web.reactive.DispatcherHandlerErrorTests$TestController.requestBody(org.reactivestreams.Publisher<java.lang.String>)
09:56:59.922 [Test worker] INFO  org.springframework.web.reactive.result.method.annotation.RequestMappingHandlerMapping - Mapped "{[/raise-exception]}" onto public void org.springframework.web.reactive.DispatcherHandlerErrorTests$TestController.raiseException()
09:56:59.923 [Test worker] INFO  org.springframework.web.reactive.result.method.annotation.RequestMappingHandlerMapping - Mapped "{[/unknown-return-type]}" onto public org.springframework.web.reactive.DispatcherHandlerErrorTests$Foo org.springframework.web.reactive.DispatcherHandlerErrorTests$TestController.unknownReturnType()
09:56:59.942 [Test worker] INFO  org.springframework.web.reactive.result.method.annotation.ControllerMethodResolver - Looking for @ControllerAdvice: org.springframework.context.annotation.AnnotationConfigApplicationContext@32804303: startup date [Fri Apr 16 09:56:59 CST 2021]; root of context hierarchy
09:56:59.949 [Test worker] INFO  org.springframework.context.annotation.AnnotationConfigApplicationContext - Refreshing org.springframework.context.annotation.AnnotationConfigApplicationContext@6ad17dbb: startup date [Fri Apr 16 09:56:59 CST 2021]; root of context hierarchy
09:56:59.950 [Test worker] INFO  org.springframework.beans.factory.annotation.AutowiredAnnotationBeanPostProcessor - JSR-330 'javax.inject.Inject' annotation found and supported for autowiring
09:56:59.953 [Test worker] INFO  org.springframework.web.reactive.result.method.annotation.RequestMappingHandlerMapping - Mapped "{[/error-signal]}" onto public org.reactivestreams.Publisher<java.lang.String> org.springframework.web.reactive.DispatcherHandlerErrorTests$TestController.errorSignal()
09:56:59.953 [Test worker] INFO  org.springframework.web.reactive.result.method.annotation.RequestMappingHandlerMapping - Mapped "{[/request-body]}" onto public org.reactivestreams.Publisher<java.lang.String> org.springframework.web.reactive.DispatcherHandlerErrorTests$TestController.requestBody(org.reactivestreams.Publisher<java.lang.String>)
09:56:59.954 [Test worker] INFO  org.springframework.web.reactive.result.method.annotation.RequestMappingHandlerMapping - Mapped "{[/raise-exception]}" onto public void org.springframework.web.reactive.DispatcherHandlerErrorTests$TestController.raiseException()
09:56:59.954 [Test worker] INFO  org.springframework.web.reactive.result.method.annotation.RequestMappingHandlerMapping - Mapped "{[/unknown-return-type]}" onto public org.springframework.web.reactive.DispatcherHandlerErrorTests$Foo org.springframework.web.reactive.DispatcherHandlerErrorTests$TestController.unknownReturnType()
09:56:59.972 [Test worker] INFO  org.springframework.web.reactive.result.method.annotation.ControllerMethodResolver - Looking for @ControllerAdvice: org.springframework.context.annotation.AnnotationConfigApplicationContext@6ad17dbb: startup date [Fri Apr 16 09:56:59 CST 2021]; root of context hierarchy
09:56:59.980 [Test worker] INFO  org.springframework.context.annotation.AnnotationConfigApplicationContext - Refreshing org.springframework.context.annotation.AnnotationConfigApplicationContext@43737689: startup date [Fri Apr 16 09:56:59 CST 2021]; root of context hierarchy
09:56:59.982 [Test worker] INFO  org.springframework.beans.factory.annotation.AutowiredAnnotationBeanPostProcessor - JSR-330 'javax.inject.Inject' annotation found and supported for autowiring
09:56:59.984 [Test worker] INFO  org.springframework.web.reactive.result.method.annotation.RequestMappingHandlerMapping - Mapped "{[/error-signal]}" onto public org.reactivestreams.Publisher<java.lang.String> org.springframework.web.reactive.DispatcherHandlerErrorTests$TestController.errorSignal()
09:56:59.985 [Test worker] INFO  org.springframework.web.reactive.result.method.annotation.RequestMappingHandlerMapping - Mapped "{[/request-body]}" onto public org.reactivestreams.Publisher<java.lang.String> org.springframework.web.reactive.DispatcherHandlerErrorTests$TestController.requestBody(org.reactivestreams.Publisher<java.lang.String>)
09:56:59.985 [Test worker] INFO  org.springframework.web.reactive.result.method.annotation.RequestMappingHandlerMapping - Mapped "{[/raise-exception]}" onto public void org.springframework.web.reactive.DispatcherHandlerErrorTests$TestController.raiseException()
09:56:59.985 [Test worker] INFO  org.springframework.web.reactive.result.method.annotation.RequestMappingHandlerMapping - Mapped "{[/unknown-return-type]}" onto public org.springframework.web.reactive.DispatcherHandlerErrorTests$Foo org.springframework.web.reactive.DispatcherHandlerErrorTests$TestController.unknownReturnType()
09:57:00.003 [Test worker] INFO  org.springframework.web.reactive.result.method.annotation.ControllerMethodResolver - Looking for @ControllerAdvice: org.springframework.context.annotation.AnnotationConfigApplicationContext@43737689: startup date [Fri Apr 16 09:56:59 CST 2021]; root of context hierarchy
]]></system-out>
  <system-err><![CDATA[]]></system-err>
</testsuite>
