<?xml version="1.0" encoding="UTF-8"?>
<testsuite name="org.springframework.web.reactive.function.BodyExtractorsTests" tests="10" skipped="0" failures="0" errors="0" timestamp="2021-04-16T01:57:16" hostname="DESKTOP-3R4DVF7" time="0.292">
  <properties/>
  <testcase name="toDataBuffers" classname="org.springframework.web.reactive.function.BodyExtractorsTests" time="0.011"/>
  <testcase name="toParts" classname="org.springframework.web.reactive.function.BodyExtractorsTests" time="0.089"/>
  <testcase name="toFlux" classname="org.springframework.web.reactive.function.BodyExtractorsTests" time="0.017"/>
  <testcase name="toMono" classname="org.springframework.web.reactive.function.BodyExtractorsTests" time="0.012"/>
  <testcase name="toFluxUnacceptable" classname="org.springframework.web.reactive.function.BodyExtractorsTests" time="0.012"/>
  <testcase name="toMonoParameterizedTypeReference" classname="org.springframework.web.reactive.function.BodyExtractorsTests" time="0.08"/>
  <testcase name="toFormData" classname="org.springframework.web.reactive.function.BodyExtractorsTests" time="0.01"/>
  <testcase name="toMonoWithHints" classname="org.springframework.web.reactive.function.BodyExtractorsTests" time="0.043"/>
  <testcase name="toMonoWithEmptyBodyAndNoContentType" classname="org.springframework.web.reactive.function.BodyExtractorsTests" time="0.009"/>
  <testcase name="toFluxWithHints" classname="org.springframework.web.reactive.function.BodyExtractorsTests" time="0.009"/>
  <system-out><![CDATA[]]></system-out>
  <system-err><![CDATA[]]></system-err>
</testsuite>
