<?xml version="1.0" encoding="UTF-8"?>
<testsuite name="org.springframework.web.reactive.result.method.annotation.RequestMappingHandlerMappingTests" tests="8" skipped="0" failures="0" errors="0" timestamp="2021-04-16T01:59:20" hostname="DESKTOP-3R4DVF7" time="0.017">
  <properties/>
  <testcase name="getMappingOverridesConsumesFromTypeLevelAnnotation" classname="org.springframework.web.reactive.result.method.annotation.RequestMappingHandlerMappingTests" time="0.003"/>
  <testcase name="patchMapping" classname="org.springframework.web.reactive.result.method.annotation.RequestMappingHandlerMappingTests" time="0.006"/>
  <testcase name="resolveRequestMappingViaComposedAnnotation" classname="org.springframework.web.reactive.result.method.annotation.RequestMappingHandlerMappingTests" time="0.002"/>
  <testcase name="deleteMapping" classname="org.springframework.web.reactive.result.method.annotation.RequestMappingHandlerMappingTests" time="0.003"/>
  <testcase name="putMapping" classname="org.springframework.web.reactive.result.method.annotation.RequestMappingHandlerMappingTests" time="0.003"/>
  <testcase name="resolveEmbeddedValuesInPatterns" classname="org.springframework.web.reactive.result.method.annotation.RequestMappingHandlerMappingTests" time="0.0"/>
  <testcase name="postMapping" classname="org.springframework.web.reactive.result.method.annotation.RequestMappingHandlerMappingTests" time="0.0"/>
  <testcase name="getMapping" classname="org.springframework.web.reactive.result.method.annotation.RequestMappingHandlerMappingTests" time="0.0"/>
  <system-out><![CDATA[]]></system-out>
  <system-err><![CDATA[]]></system-err>
</testsuite>
