<?xml version="1.0" encoding="UTF-8"?>
<testsuite name="org.springframework.web.reactive.function.server.HandlerStrategiesTests" tests="2" skipped="0" failures="0" errors="0" timestamp="2021-04-16T01:57:35" hostname="DESKTOP-3R4DVF7" time="0.047">
  <properties/>
  <testcase name="withDefaults" classname="org.springframework.web.reactive.function.server.HandlerStrategiesTests" time="0.047"/>
  <testcase name="empty" classname="org.springframework.web.reactive.function.server.HandlerStrategiesTests" time="0.0"/>
  <system-out><![CDATA[]]></system-out>
  <system-err><![CDATA[]]></system-err>
</testsuite>
