<?xml version="1.0" encoding="UTF-8"?>
<testsuite name="org.springframework.web.reactive.result.condition.HeadersRequestConditionTests" tests="12" skipped="0" failures="0" errors="0" timestamp="2021-04-16T01:57:52" hostname="DESKTOP-3R4DVF7" time="0.002">
  <properties/>
  <testcase name="headerCaseSensitiveValueMatch" classname="org.springframework.web.reactive.result.condition.HeadersRequestConditionTests" time="0.001"/>
  <testcase name="compareTo" classname="org.springframework.web.reactive.result.condition.HeadersRequestConditionTests" time="0.0"/>
  <testcase name="headerValueMatchNegated" classname="org.springframework.web.reactive.result.condition.HeadersRequestConditionTests" time="0.0"/>
  <testcase name="getMatchingCondition" classname="org.springframework.web.reactive.result.condition.HeadersRequestConditionTests" time="0.0"/>
  <testcase name="headerPresent" classname="org.springframework.web.reactive.result.condition.HeadersRequestConditionTests" time="0.0"/>
  <testcase name="headerPresentNoMatch" classname="org.springframework.web.reactive.result.condition.HeadersRequestConditionTests" time="0.0"/>
  <testcase name="headerValueNoMatchNegated" classname="org.springframework.web.reactive.result.condition.HeadersRequestConditionTests" time="0.0"/>
  <testcase name="headerValueMatch" classname="org.springframework.web.reactive.result.condition.HeadersRequestConditionTests" time="0.0"/>
  <testcase name="combine" classname="org.springframework.web.reactive.result.condition.HeadersRequestConditionTests" time="0.0"/>
  <testcase name="headerValueNoMatch" classname="org.springframework.web.reactive.result.condition.HeadersRequestConditionTests" time="0.0"/>
  <testcase name="headerNotPresent" classname="org.springframework.web.reactive.result.condition.HeadersRequestConditionTests" time="0.0"/>
  <testcase name="headerEquals" classname="org.springframework.web.reactive.result.condition.HeadersRequestConditionTests" time="0.001"/>
  <system-out><![CDATA[]]></system-out>
  <system-err><![CDATA[]]></system-err>
</testsuite>
