<?xml version="1.0" encoding="UTF-8"?>
<testsuite name="org.springframework.web.reactive.result.view.ViewResolutionResultHandlerTests" tests="9" skipped="0" failures="0" errors="0" timestamp="2021-04-16T02:01:25" hostname="DESKTOP-3R4DVF7" time="0.013">
  <properties/>
  <testcase name="supports" classname="org.springframework.web.reactive.result.view.ViewResolutionResultHandlerTests" time="0.003"/>
  <testcase name="contentNegotiationWith406" classname="org.springframework.web.reactive.result.view.ViewResolutionResultHandlerTests" time="0.003"/>
  <testcase name="defaultViewName" classname="org.springframework.web.reactive.result.view.ViewResolutionResultHandlerTests" time="0.003"/>
  <testcase name="unresolvedViewName" classname="org.springframework.web.reactive.result.view.ViewResolutionResultHandlerTests" time="0.001"/>
  <testcase name="contentNegotiationWithRedirect" classname="org.springframework.web.reactive.result.view.ViewResolutionResultHandlerTests" time="0.0"/>
  <testcase name="contentNegotiation" classname="org.springframework.web.reactive.result.view.ViewResolutionResultHandlerTests" time="0.0"/>
  <testcase name="handleWithMultipleResolvers" classname="org.springframework.web.reactive.result.view.ViewResolutionResultHandlerTests" time="0.001"/>
  <testcase name="handleReturnValueTypes" classname="org.springframework.web.reactive.result.view.ViewResolutionResultHandlerTests" time="0.002"/>
  <testcase name="viewResolverOrder" classname="org.springframework.web.reactive.result.view.ViewResolutionResultHandlerTests" time="0.0"/>
  <system-out><![CDATA[]]></system-out>
  <system-err><![CDATA[]]></system-err>
</testsuite>
