<?xml version="1.0" encoding="UTF-8"?>
<testsuite name="org.springframework.web.reactive.result.method.annotation.MultipartIntegrationTests" tests="16" skipped="0" failures="0" errors="0" timestamp="2021-04-16T01:59:00" hostname="DESKTOP-3R4DVF7" time="6.784">
  <properties/>
  <testcase name="requestBodyMap[server [org.springframework.http.server.reactive.bootstrap.JettyHttpServer@715b6d74]]" classname="org.springframework.web.reactive.result.method.annotation.MultipartIntegrationTests" time="0.246"/>
  <testcase name="modelAttribute[server [org.springframework.http.server.reactive.bootstrap.JettyHttpServer@715b6d74]]" classname="org.springframework.web.reactive.result.method.annotation.MultipartIntegrationTests" time="0.223"/>
  <testcase name="requestBodyFlux[server [org.springframework.http.server.reactive.bootstrap.JettyHttpServer@715b6d74]]" classname="org.springframework.web.reactive.result.method.annotation.MultipartIntegrationTests" time="0.21"/>
  <testcase name="requestPart[server [org.springframework.http.server.reactive.bootstrap.JettyHttpServer@715b6d74]]" classname="org.springframework.web.reactive.result.method.annotation.MultipartIntegrationTests" time="0.23"/>
  <testcase name="requestBodyMap[server [org.springframework.http.server.reactive.bootstrap.ReactorHttpServer@c4bb57a]]" classname="org.springframework.web.reactive.result.method.annotation.MultipartIntegrationTests" time="0.192"/>
  <testcase name="modelAttribute[server [org.springframework.http.server.reactive.bootstrap.ReactorHttpServer@c4bb57a]]" classname="org.springframework.web.reactive.result.method.annotation.MultipartIntegrationTests" time="0.191"/>
  <testcase name="requestBodyFlux[server [org.springframework.http.server.reactive.bootstrap.ReactorHttpServer@c4bb57a]]" classname="org.springframework.web.reactive.result.method.annotation.MultipartIntegrationTests" time="0.197"/>
  <testcase name="requestPart[server [org.springframework.http.server.reactive.bootstrap.ReactorHttpServer@c4bb57a]]" classname="org.springframework.web.reactive.result.method.annotation.MultipartIntegrationTests" time="0.191"/>
  <testcase name="requestBodyMap[server [org.springframework.http.server.reactive.bootstrap.TomcatHttpServer@2981244]]" classname="org.springframework.web.reactive.result.method.annotation.MultipartIntegrationTests" time="0.766"/>
  <testcase name="modelAttribute[server [org.springframework.http.server.reactive.bootstrap.TomcatHttpServer@2981244]]" classname="org.springframework.web.reactive.result.method.annotation.MultipartIntegrationTests" time="1.056"/>
  <testcase name="requestBodyFlux[server [org.springframework.http.server.reactive.bootstrap.TomcatHttpServer@2981244]]" classname="org.springframework.web.reactive.result.method.annotation.MultipartIntegrationTests" time="1.07"/>
  <testcase name="requestPart[server [org.springframework.http.server.reactive.bootstrap.TomcatHttpServer@2981244]]" classname="org.springframework.web.reactive.result.method.annotation.MultipartIntegrationTests" time="1.077"/>
  <testcase name="requestBodyMap[server [org.springframework.http.server.reactive.bootstrap.UndertowHttpServer@3c6f5939]]" classname="org.springframework.web.reactive.result.method.annotation.MultipartIntegrationTests" time="0.511"/>
  <testcase name="modelAttribute[server [org.springframework.http.server.reactive.bootstrap.UndertowHttpServer@3c6f5939]]" classname="org.springframework.web.reactive.result.method.annotation.MultipartIntegrationTests" time="0.213"/>
  <testcase name="requestBodyFlux[server [org.springframework.http.server.reactive.bootstrap.UndertowHttpServer@3c6f5939]]" classname="org.springframework.web.reactive.result.method.annotation.MultipartIntegrationTests" time="0.202"/>
  <testcase name="requestPart[server [org.springframework.http.server.reactive.bootstrap.UndertowHttpServer@3c6f5939]]" classname="org.springframework.web.reactive.result.method.annotation.MultipartIntegrationTests" time="0.205"/>
  <system-out><![CDATA[09:59:00.014 [Test worker] INFO  org.springframework.context.annotation.AnnotationConfigApplicationContext - Refreshing org.springframework.context.annotation.AnnotationConfigApplicationContext@78ba0df0: startup date [Fri Apr 16 09:59:00 CST 2021]; root of context hierarchy
09:59:00.018 [Test worker] INFO  org.springframework.beans.factory.annotation.AutowiredAnnotationBeanPostProcessor - JSR-330 'javax.inject.Inject' annotation found and supported for autowiring
09:59:00.031 [Test worker] INFO  org.springframework.web.reactive.result.method.annotation.RequestMappingHandlerMapping - Mapped "{[/requestBodyMap],methods=[POST]}" onto reactor.core.publisher.Mono<java.lang.String> org.springframework.web.reactive.result.method.annotation.MultipartIntegrationTests$MultipartController.requestBodyMap(reactor.core.publisher.Mono<org.springframework.util.MultiValueMap<java.lang.String, org.springframework.http.codec.multipart.Part>>)
09:59:00.031 [Test worker] INFO  org.springframework.web.reactive.result.method.annotation.RequestMappingHandlerMapping - Mapped "{[/requestBodyFlux],methods=[POST]}" onto reactor.core.publisher.Mono<java.lang.String> org.springframework.web.reactive.result.method.annotation.MultipartIntegrationTests$MultipartController.requestBodyFlux(reactor.core.publisher.Flux<org.springframework.http.codec.multipart.Part>)
09:59:00.031 [Test worker] INFO  org.springframework.web.reactive.result.method.annotation.RequestMappingHandlerMapping - Mapped "{[/requestPart],methods=[POST]}" onto void org.springframework.web.reactive.result.method.annotation.MultipartIntegrationTests$MultipartController.requestPart(org.springframework.http.codec.multipart.FormFieldPart,org.springframework.http.codec.multipart.FilePart,reactor.core.publisher.Mono<org.springframework.http.codec.multipart.FilePart>,reactor.core.publisher.Flux<org.springframework.http.codec.multipart.FilePart>,org.springframework.web.reactive.result.method.annotation.MultipartIntegrationTests$Person,reactor.core.publisher.Mono<org.springframework.web.reactive.result.method.annotation.MultipartIntegrationTests$Person>)
09:59:00.031 [Test worker] INFO  org.springframework.web.reactive.result.method.annotation.RequestMappingHandlerMapping - Mapped "{[/modelAttribute],methods=[POST]}" onto java.lang.String org.springframework.web.reactive.result.method.annotation.MultipartIntegrationTests$MultipartController.modelAttribute(org.springframework.web.reactive.result.method.annotation.MultipartIntegrationTests$FormBean)
09:59:00.090 [Test worker] INFO  org.springframework.web.reactive.result.method.annotation.ControllerMethodResolver - Looking for @ControllerAdvice: org.springframework.context.annotation.AnnotationConfigApplicationContext@78ba0df0: startup date [Fri Apr 16 09:59:00 CST 2021]; root of context hierarchy
09:59:00.166 [Test worker] WARN  org.eclipse.jetty.server.handler.ContextHandler - Empty contextPath
09:59:00.166 [Test worker] INFO  org.eclipse.jetty.server.handler.ContextHandler - Started o.e.j.s.ServletContextHandler@114ccd48{/,null,AVAILABLE}
09:59:00.166 [Test worker] DEBUG org.springframework.http.server.reactive.bootstrap.JettyHttpServer - Starting JettyHttpServer...
09:59:00.166 [Test worker] INFO  org.eclipse.jetty.server.Server - jetty-9.4.19.v20190610; built: 2019-06-10T16:30:51.723Z; git: afcf563148970e98786327af5e07c261fda175d3; jvm 1.8.0_271-b09
09:59:00.170 [Test worker] INFO  org.eclipse.jetty.server.AbstractConnector - Started ServerConnector@2cd0e7db{HTTP/1.1,[http/1.1]}{0.0.0.0:51070}
09:59:00.170 [Test worker] INFO  org.eclipse.jetty.server.Server - Started @133373ms
09:59:00.170 [Test worker] DEBUG org.springframework.http.server.reactive.bootstrap.JettyHttpServer - Server started on port 51070(0 millis).
09:59:00.254 [qtp934098996-2566] DEBUG org.springframework.http.server.reactive.ServletHttpHandlerAdapter - Handling completed with success
09:59:00.255 [Test worker] DEBUG org.springframework.http.server.reactive.bootstrap.JettyHttpServer - Stopping JettyHttpServer...
09:59:00.255 [Test worker] INFO  org.eclipse.jetty.server.handler.ContextHandler - Stopped o.e.j.s.ServletContextHandler@114ccd48{/,null,UNAVAILABLE}
09:59:00.258 [Test worker] INFO  org.eclipse.jetty.server.AbstractConnector - Stopped ServerConnector@2cd0e7db{HTTP/1.1,[http/1.1]}{0.0.0.0:0}
09:59:00.258 [Test worker] DEBUG org.springframework.http.server.reactive.bootstrap.JettyHttpServer - Server stopped (0 millis).
09:59:00.261 [Test worker] INFO  org.springframework.context.annotation.AnnotationConfigApplicationContext - Refreshing org.springframework.context.annotation.AnnotationConfigApplicationContext@50b5a0ac: startup date [Fri Apr 16 09:59:00 CST 2021]; root of context hierarchy
09:59:00.263 [Test worker] INFO  org.springframework.beans.factory.annotation.AutowiredAnnotationBeanPostProcessor - JSR-330 'javax.inject.Inject' annotation found and supported for autowiring
09:59:00.265 [Test worker] INFO  org.springframework.web.reactive.result.method.annotation.RequestMappingHandlerMapping - Mapped "{[/requestBodyMap],methods=[POST]}" onto reactor.core.publisher.Mono<java.lang.String> org.springframework.web.reactive.result.method.annotation.MultipartIntegrationTests$MultipartController.requestBodyMap(reactor.core.publisher.Mono<org.springframework.util.MultiValueMap<java.lang.String, org.springframework.http.codec.multipart.Part>>)
09:59:00.265 [Test worker] INFO  org.springframework.web.reactive.result.method.annotation.RequestMappingHandlerMapping - Mapped "{[/requestBodyFlux],methods=[POST]}" onto reactor.core.publisher.Mono<java.lang.String> org.springframework.web.reactive.result.method.annotation.MultipartIntegrationTests$MultipartController.requestBodyFlux(reactor.core.publisher.Flux<org.springframework.http.codec.multipart.Part>)
09:59:00.265 [Test worker] INFO  org.springframework.web.reactive.result.method.annotation.RequestMappingHandlerMapping - Mapped "{[/requestPart],methods=[POST]}" onto void org.springframework.web.reactive.result.method.annotation.MultipartIntegrationTests$MultipartController.requestPart(org.springframework.http.codec.multipart.FormFieldPart,org.springframework.http.codec.multipart.FilePart,reactor.core.publisher.Mono<org.springframework.http.codec.multipart.FilePart>,reactor.core.publisher.Flux<org.springframework.http.codec.multipart.FilePart>,org.springframework.web.reactive.result.method.annotation.MultipartIntegrationTests$Person,reactor.core.publisher.Mono<org.springframework.web.reactive.result.method.annotation.MultipartIntegrationTests$Person>)
09:59:00.265 [Test worker] INFO  org.springframework.web.reactive.result.method.annotation.RequestMappingHandlerMapping - Mapped "{[/modelAttribute],methods=[POST]}" onto java.lang.String org.springframework.web.reactive.result.method.annotation.MultipartIntegrationTests$MultipartController.modelAttribute(org.springframework.web.reactive.result.method.annotation.MultipartIntegrationTests$FormBean)
09:59:00.313 [Test worker] INFO  org.springframework.web.reactive.result.method.annotation.ControllerMethodResolver - Looking for @ControllerAdvice: org.springframework.context.annotation.AnnotationConfigApplicationContext@50b5a0ac: startup date [Fri Apr 16 09:59:00 CST 2021]; root of context hierarchy
09:59:00.384 [Test worker] WARN  org.eclipse.jetty.server.handler.ContextHandler - Empty contextPath
09:59:00.385 [Test worker] INFO  org.eclipse.jetty.server.handler.ContextHandler - Started o.e.j.s.ServletContextHandler@5a86202c{/,null,AVAILABLE}
09:59:00.385 [Test worker] DEBUG org.springframework.http.server.reactive.bootstrap.JettyHttpServer - Starting JettyHttpServer...
09:59:00.385 [Test worker] INFO  org.eclipse.jetty.server.Server - jetty-9.4.19.v20190610; built: 2019-06-10T16:30:51.723Z; git: afcf563148970e98786327af5e07c261fda175d3; jvm 1.8.0_271-b09
09:59:00.388 [Test worker] INFO  org.eclipse.jetty.server.AbstractConnector - Started ServerConnector@7ad2981d{HTTP/1.1,[http/1.1]}{0.0.0.0:51084}
09:59:00.388 [Test worker] INFO  org.eclipse.jetty.server.Server - Started @133592ms
09:59:00.388 [Test worker] DEBUG org.springframework.http.server.reactive.bootstrap.JettyHttpServer - Server started on port 51084(0 millis).
09:59:00.480 [qtp1915477508-2573] DEBUG org.springframework.http.server.reactive.ServletHttpHandlerAdapter - Handling completed with success
09:59:00.480 [Test worker] DEBUG org.springframework.http.server.reactive.bootstrap.JettyHttpServer - Stopping JettyHttpServer...
09:59:00.480 [Test worker] INFO  org.eclipse.jetty.server.handler.ContextHandler - Stopped o.e.j.s.ServletContextHandler@5a86202c{/,null,UNAVAILABLE}
09:59:00.483 [Test worker] INFO  org.eclipse.jetty.server.AbstractConnector - Stopped ServerConnector@7ad2981d{HTTP/1.1,[http/1.1]}{0.0.0.0:0}
09:59:00.483 [Test worker] DEBUG org.springframework.http.server.reactive.bootstrap.JettyHttpServer - Server stopped (0 millis).
09:59:00.485 [Test worker] INFO  org.springframework.context.annotation.AnnotationConfigApplicationContext - Refreshing org.springframework.context.annotation.AnnotationConfigApplicationContext@780b1414: startup date [Fri Apr 16 09:59:00 CST 2021]; root of context hierarchy
09:59:00.487 [Test worker] INFO  org.springframework.beans.factory.annotation.AutowiredAnnotationBeanPostProcessor - JSR-330 'javax.inject.Inject' annotation found and supported for autowiring
09:59:00.488 [Test worker] INFO  org.springframework.web.reactive.result.method.annotation.RequestMappingHandlerMapping - Mapped "{[/requestBodyMap],methods=[POST]}" onto reactor.core.publisher.Mono<java.lang.String> org.springframework.web.reactive.result.method.annotation.MultipartIntegrationTests$MultipartController.requestBodyMap(reactor.core.publisher.Mono<org.springframework.util.MultiValueMap<java.lang.String, org.springframework.http.codec.multipart.Part>>)
09:59:00.488 [Test worker] INFO  org.springframework.web.reactive.result.method.annotation.RequestMappingHandlerMapping - Mapped "{[/requestBodyFlux],methods=[POST]}" onto reactor.core.publisher.Mono<java.lang.String> org.springframework.web.reactive.result.method.annotation.MultipartIntegrationTests$MultipartController.requestBodyFlux(reactor.core.publisher.Flux<org.springframework.http.codec.multipart.Part>)
09:59:00.488 [Test worker] INFO  org.springframework.web.reactive.result.method.annotation.RequestMappingHandlerMapping - Mapped "{[/requestPart],methods=[POST]}" onto void org.springframework.web.reactive.result.method.annotation.MultipartIntegrationTests$MultipartController.requestPart(org.springframework.http.codec.multipart.FormFieldPart,org.springframework.http.codec.multipart.FilePart,reactor.core.publisher.Mono<org.springframework.http.codec.multipart.FilePart>,reactor.core.publisher.Flux<org.springframework.http.codec.multipart.FilePart>,org.springframework.web.reactive.result.method.annotation.MultipartIntegrationTests$Person,reactor.core.publisher.Mono<org.springframework.web.reactive.result.method.annotation.MultipartIntegrationTests$Person>)
09:59:00.488 [Test worker] INFO  org.springframework.web.reactive.result.method.annotation.RequestMappingHandlerMapping - Mapped "{[/modelAttribute],methods=[POST]}" onto java.lang.String org.springframework.web.reactive.result.method.annotation.MultipartIntegrationTests$MultipartController.modelAttribute(org.springframework.web.reactive.result.method.annotation.MultipartIntegrationTests$FormBean)
09:59:00.535 [Test worker] INFO  org.springframework.web.reactive.result.method.annotation.ControllerMethodResolver - Looking for @ControllerAdvice: org.springframework.context.annotation.AnnotationConfigApplicationContext@780b1414: startup date [Fri Apr 16 09:59:00 CST 2021]; root of context hierarchy
09:59:00.600 [Test worker] WARN  org.eclipse.jetty.server.handler.ContextHandler - Empty contextPath
09:59:00.600 [Test worker] INFO  org.eclipse.jetty.server.handler.ContextHandler - Started o.e.j.s.ServletContextHandler@7b495945{/,null,AVAILABLE}
09:59:00.600 [Test worker] DEBUG org.springframework.http.server.reactive.bootstrap.JettyHttpServer - Starting JettyHttpServer...
09:59:00.600 [Test worker] INFO  org.eclipse.jetty.server.Server - jetty-9.4.19.v20190610; built: 2019-06-10T16:30:51.723Z; git: afcf563148970e98786327af5e07c261fda175d3; jvm 1.8.0_271-b09
09:59:00.604 [Test worker] INFO  org.eclipse.jetty.server.AbstractConnector - Started ServerConnector@4e6b1768{HTTP/1.1,[http/1.1]}{0.0.0.0:51098}
09:59:00.604 [Test worker] INFO  org.eclipse.jetty.server.Server - Started @133807ms
09:59:00.604 [Test worker] DEBUG org.springframework.http.server.reactive.bootstrap.JettyHttpServer - Server started on port 51098(0 millis).
09:59:00.682 [qtp75458909-2583] INFO  reactor.Flux.SwitchIfEmpty.1 - onSubscribe(FluxSwitchIfEmpty.SwitchIfEmptySubscriber)
09:59:00.683 [qtp75458909-2583] INFO  reactor.Flux.SwitchIfEmpty.1 - request(unbounded)
09:59:00.684 [qtp75458909-2583] INFO  reactor.Flux.SwitchIfEmpty.1 - onNext(org.springframework.http.codec.multipart.SynchronossPartHttpMessageReader$SynchronossFormFieldPart@4c942e63)
09:59:00.684 [qtp75458909-2583] INFO  reactor.Flux.SwitchIfEmpty.1 - onNext(org.springframework.http.codec.multipart.SynchronossPartHttpMessageReader$SynchronossFilePart@5c88899a)
09:59:00.688 [qtp75458909-2583] INFO  reactor.Flux.SwitchIfEmpty.1 - onNext(org.springframework.http.codec.multipart.SynchronossPartHttpMessageReader$SynchronossFilePart@66d4e9d3)
09:59:00.689 [qtp75458909-2583] INFO  reactor.Flux.SwitchIfEmpty.1 - onNext(org.springframework.http.codec.multipart.SynchronossPartHttpMessageReader$SynchronossPart@7325ebf8)
09:59:00.689 [qtp75458909-2583] INFO  reactor.Flux.SwitchIfEmpty.1 - onComplete()
09:59:00.689 [qtp75458909-2583] INFO  reactor.Flux.SwitchIfEmpty.1 - cancel()
09:59:00.689 [qtp75458909-2583] DEBUG org.springframework.http.server.reactive.ServletHttpHandlerAdapter - Handling completed with success
09:59:00.690 [Test worker] DEBUG org.springframework.http.server.reactive.bootstrap.JettyHttpServer - Stopping JettyHttpServer...
09:59:00.690 [Test worker] INFO  org.eclipse.jetty.server.handler.ContextHandler - Stopped o.e.j.s.ServletContextHandler@7b495945{/,null,UNAVAILABLE}
09:59:00.693 [Test worker] INFO  org.eclipse.jetty.server.AbstractConnector - Stopped ServerConnector@4e6b1768{HTTP/1.1,[http/1.1]}{0.0.0.0:0}
09:59:00.693 [Test worker] DEBUG org.springframework.http.server.reactive.bootstrap.JettyHttpServer - Server stopped (0 millis).
09:59:00.694 [Test worker] INFO  org.springframework.context.annotation.AnnotationConfigApplicationContext - Refreshing org.springframework.context.annotation.AnnotationConfigApplicationContext@a684148: startup date [Fri Apr 16 09:59:00 CST 2021]; root of context hierarchy
09:59:00.696 [Test worker] INFO  org.springframework.beans.factory.annotation.AutowiredAnnotationBeanPostProcessor - JSR-330 'javax.inject.Inject' annotation found and supported for autowiring
09:59:00.698 [Test worker] INFO  org.springframework.web.reactive.result.method.annotation.RequestMappingHandlerMapping - Mapped "{[/requestBodyMap],methods=[POST]}" onto reactor.core.publisher.Mono<java.lang.String> org.springframework.web.reactive.result.method.annotation.MultipartIntegrationTests$MultipartController.requestBodyMap(reactor.core.publisher.Mono<org.springframework.util.MultiValueMap<java.lang.String, org.springframework.http.codec.multipart.Part>>)
09:59:00.698 [Test worker] INFO  org.springframework.web.reactive.result.method.annotation.RequestMappingHandlerMapping - Mapped "{[/requestBodyFlux],methods=[POST]}" onto reactor.core.publisher.Mono<java.lang.String> org.springframework.web.reactive.result.method.annotation.MultipartIntegrationTests$MultipartController.requestBodyFlux(reactor.core.publisher.Flux<org.springframework.http.codec.multipart.Part>)
09:59:00.698 [Test worker] INFO  org.springframework.web.reactive.result.method.annotation.RequestMappingHandlerMapping - Mapped "{[/requestPart],methods=[POST]}" onto void org.springframework.web.reactive.result.method.annotation.MultipartIntegrationTests$MultipartController.requestPart(org.springframework.http.codec.multipart.FormFieldPart,org.springframework.http.codec.multipart.FilePart,reactor.core.publisher.Mono<org.springframework.http.codec.multipart.FilePart>,reactor.core.publisher.Flux<org.springframework.http.codec.multipart.FilePart>,org.springframework.web.reactive.result.method.annotation.MultipartIntegrationTests$Person,reactor.core.publisher.Mono<org.springframework.web.reactive.result.method.annotation.MultipartIntegrationTests$Person>)
09:59:00.698 [Test worker] INFO  org.springframework.web.reactive.result.method.annotation.RequestMappingHandlerMapping - Mapped "{[/modelAttribute],methods=[POST]}" onto java.lang.String org.springframework.web.reactive.result.method.annotation.MultipartIntegrationTests$MultipartController.modelAttribute(org.springframework.web.reactive.result.method.annotation.MultipartIntegrationTests$FormBean)
09:59:00.749 [Test worker] INFO  org.springframework.web.reactive.result.method.annotation.ControllerMethodResolver - Looking for @ControllerAdvice: org.springframework.context.annotation.AnnotationConfigApplicationContext@a684148: startup date [Fri Apr 16 09:59:00 CST 2021]; root of context hierarchy
09:59:00.814 [Test worker] WARN  org.eclipse.jetty.server.handler.ContextHandler - Empty contextPath
09:59:00.815 [Test worker] INFO  org.eclipse.jetty.server.handler.ContextHandler - Started o.e.j.s.ServletContextHandler@26a88c62{/,null,AVAILABLE}
09:59:00.815 [Test worker] DEBUG org.springframework.http.server.reactive.bootstrap.JettyHttpServer - Starting JettyHttpServer...
09:59:00.815 [Test worker] INFO  org.eclipse.jetty.server.Server - jetty-9.4.19.v20190610; built: 2019-06-10T16:30:51.723Z; git: afcf563148970e98786327af5e07c261fda175d3; jvm 1.8.0_271-b09
09:59:00.818 [Test worker] INFO  org.eclipse.jetty.server.AbstractConnector - Started ServerConnector@23c4a139{HTTP/1.1,[http/1.1]}{0.0.0.0:51112}
09:59:00.818 [Test worker] INFO  org.eclipse.jetty.server.Server - Started @134022ms
09:59:00.818 [Test worker] DEBUG org.springframework.http.server.reactive.bootstrap.JettyHttpServer - Server started on port 51112(0 millis).
09:59:00.919 [qtp1781555256-2593] INFO  reactor.Flux.MonoFlatMapMany.2 - onSubscribe(MonoFlatMapMany.FlatMapManyMain)
09:59:00.919 [qtp1781555256-2593] INFO  reactor.Flux.MonoFlatMapMany.2 - request(unbounded)
09:59:00.919 [qtp1781555256-2593] INFO  reactor.Flux.MonoFlatMapMany.2 - onNext(org.springframework.http.codec.multipart.SynchronossPartHttpMessageReader$SynchronossFilePart@4b88686)
09:59:00.919 [qtp1781555256-2593] INFO  reactor.Flux.MonoFlatMapMany.2 - onNext(org.springframework.http.codec.multipart.SynchronossPartHttpMessageReader$SynchronossFilePart@5eff864f)
09:59:00.919 [qtp1781555256-2593] INFO  reactor.Flux.MonoFlatMapMany.2 - onComplete()
09:59:00.920 [qtp1781555256-2593] DEBUG org.springframework.http.server.reactive.ServletHttpHandlerAdapter - Handling completed with success
09:59:00.921 [Test worker] DEBUG org.springframework.http.server.reactive.bootstrap.JettyHttpServer - Stopping JettyHttpServer...
09:59:00.921 [Test worker] INFO  org.eclipse.jetty.server.handler.ContextHandler - Stopped o.e.j.s.ServletContextHandler@26a88c62{/,null,UNAVAILABLE}
09:59:00.924 [Test worker] INFO  org.eclipse.jetty.server.AbstractConnector - Stopped ServerConnector@23c4a139{HTTP/1.1,[http/1.1]}{0.0.0.0:0}
09:59:00.924 [Test worker] DEBUG org.springframework.http.server.reactive.bootstrap.JettyHttpServer - Server stopped (0 millis).
09:59:00.926 [Test worker] INFO  org.springframework.context.annotation.AnnotationConfigApplicationContext - Refreshing org.springframework.context.annotation.AnnotationConfigApplicationContext@25e79b95: startup date [Fri Apr 16 09:59:00 CST 2021]; root of context hierarchy
09:59:00.930 [Test worker] INFO  org.springframework.beans.factory.annotation.AutowiredAnnotationBeanPostProcessor - JSR-330 'javax.inject.Inject' annotation found and supported for autowiring
09:59:00.931 [Test worker] INFO  org.springframework.web.reactive.result.method.annotation.RequestMappingHandlerMapping - Mapped "{[/requestBodyMap],methods=[POST]}" onto reactor.core.publisher.Mono<java.lang.String> org.springframework.web.reactive.result.method.annotation.MultipartIntegrationTests$MultipartController.requestBodyMap(reactor.core.publisher.Mono<org.springframework.util.MultiValueMap<java.lang.String, org.springframework.http.codec.multipart.Part>>)
09:59:00.931 [Test worker] INFO  org.springframework.web.reactive.result.method.annotation.RequestMappingHandlerMapping - Mapped "{[/requestBodyFlux],methods=[POST]}" onto reactor.core.publisher.Mono<java.lang.String> org.springframework.web.reactive.result.method.annotation.MultipartIntegrationTests$MultipartController.requestBodyFlux(reactor.core.publisher.Flux<org.springframework.http.codec.multipart.Part>)
09:59:00.931 [Test worker] INFO  org.springframework.web.reactive.result.method.annotation.RequestMappingHandlerMapping - Mapped "{[/requestPart],methods=[POST]}" onto void org.springframework.web.reactive.result.method.annotation.MultipartIntegrationTests$MultipartController.requestPart(org.springframework.http.codec.multipart.FormFieldPart,org.springframework.http.codec.multipart.FilePart,reactor.core.publisher.Mono<org.springframework.http.codec.multipart.FilePart>,reactor.core.publisher.Flux<org.springframework.http.codec.multipart.FilePart>,org.springframework.web.reactive.result.method.annotation.MultipartIntegrationTests$Person,reactor.core.publisher.Mono<org.springframework.web.reactive.result.method.annotation.MultipartIntegrationTests$Person>)
09:59:00.931 [Test worker] INFO  org.springframework.web.reactive.result.method.annotation.RequestMappingHandlerMapping - Mapped "{[/modelAttribute],methods=[POST]}" onto java.lang.String org.springframework.web.reactive.result.method.annotation.MultipartIntegrationTests$MultipartController.modelAttribute(org.springframework.web.reactive.result.method.annotation.MultipartIntegrationTests$FormBean)
09:59:00.978 [Test worker] INFO  org.springframework.web.reactive.result.method.annotation.ControllerMethodResolver - Looking for @ControllerAdvice: org.springframework.context.annotation.AnnotationConfigApplicationContext@25e79b95: startup date [Fri Apr 16 09:59:00 CST 2021]; root of context hierarchy
09:59:01.043 [Test worker] DEBUG org.springframework.http.server.reactive.bootstrap.ReactorHttpServer - Starting ReactorHttpServer...
09:59:01.043 [Test worker] DEBUG org.springframework.http.server.reactive.bootstrap.ReactorHttpServer - Server started on port 51126(0 millis).
09:59:01.115 [reactor-http-nio-10] DEBUG org.springframework.http.server.reactive.ReactorHttpHandlerAdapter - Handling completed with success
09:59:01.115 [Test worker] DEBUG org.springframework.http.server.reactive.bootstrap.ReactorHttpServer - Stopping ReactorHttpServer...
09:59:01.115 [Test worker] DEBUG org.springframework.http.server.reactive.bootstrap.ReactorHttpServer - Server stopped (0 millis).
09:59:01.117 [Test worker] INFO  org.springframework.context.annotation.AnnotationConfigApplicationContext - Refreshing org.springframework.context.annotation.AnnotationConfigApplicationContext@1fc42242: startup date [Fri Apr 16 09:59:01 CST 2021]; root of context hierarchy
09:59:01.119 [Test worker] INFO  org.springframework.beans.factory.annotation.AutowiredAnnotationBeanPostProcessor - JSR-330 'javax.inject.Inject' annotation found and supported for autowiring
09:59:01.120 [Test worker] INFO  org.springframework.web.reactive.result.method.annotation.RequestMappingHandlerMapping - Mapped "{[/requestBodyMap],methods=[POST]}" onto reactor.core.publisher.Mono<java.lang.String> org.springframework.web.reactive.result.method.annotation.MultipartIntegrationTests$MultipartController.requestBodyMap(reactor.core.publisher.Mono<org.springframework.util.MultiValueMap<java.lang.String, org.springframework.http.codec.multipart.Part>>)
09:59:01.121 [Test worker] INFO  org.springframework.web.reactive.result.method.annotation.RequestMappingHandlerMapping - Mapped "{[/requestBodyFlux],methods=[POST]}" onto reactor.core.publisher.Mono<java.lang.String> org.springframework.web.reactive.result.method.annotation.MultipartIntegrationTests$MultipartController.requestBodyFlux(reactor.core.publisher.Flux<org.springframework.http.codec.multipart.Part>)
09:59:01.121 [Test worker] INFO  org.springframework.web.reactive.result.method.annotation.RequestMappingHandlerMapping - Mapped "{[/requestPart],methods=[POST]}" onto void org.springframework.web.reactive.result.method.annotation.MultipartIntegrationTests$MultipartController.requestPart(org.springframework.http.codec.multipart.FormFieldPart,org.springframework.http.codec.multipart.FilePart,reactor.core.publisher.Mono<org.springframework.http.codec.multipart.FilePart>,reactor.core.publisher.Flux<org.springframework.http.codec.multipart.FilePart>,org.springframework.web.reactive.result.method.annotation.MultipartIntegrationTests$Person,reactor.core.publisher.Mono<org.springframework.web.reactive.result.method.annotation.MultipartIntegrationTests$Person>)
09:59:01.121 [Test worker] INFO  org.springframework.web.reactive.result.method.annotation.RequestMappingHandlerMapping - Mapped "{[/modelAttribute],methods=[POST]}" onto java.lang.String org.springframework.web.reactive.result.method.annotation.MultipartIntegrationTests$MultipartController.modelAttribute(org.springframework.web.reactive.result.method.annotation.MultipartIntegrationTests$FormBean)
09:59:01.168 [Test worker] INFO  org.springframework.web.reactive.result.method.annotation.ControllerMethodResolver - Looking for @ControllerAdvice: org.springframework.context.annotation.AnnotationConfigApplicationContext@1fc42242: startup date [Fri Apr 16 09:59:01 CST 2021]; root of context hierarchy
09:59:01.234 [Test worker] DEBUG org.springframework.http.server.reactive.bootstrap.ReactorHttpServer - Starting ReactorHttpServer...
09:59:01.234 [Test worker] DEBUG org.springframework.http.server.reactive.bootstrap.ReactorHttpServer - Server started on port 51128(0 millis).
09:59:01.307 [reactor-http-nio-4] DEBUG org.springframework.http.server.reactive.ReactorHttpHandlerAdapter - Handling completed with success
09:59:01.307 [Test worker] DEBUG org.springframework.http.server.reactive.bootstrap.ReactorHttpServer - Stopping ReactorHttpServer...
09:59:01.307 [Test worker] DEBUG org.springframework.http.server.reactive.bootstrap.ReactorHttpServer - Server stopped (0 millis).
09:59:01.309 [Test worker] INFO  org.springframework.context.annotation.AnnotationConfigApplicationContext - Refreshing org.springframework.context.annotation.AnnotationConfigApplicationContext@1340460a: startup date [Fri Apr 16 09:59:01 CST 2021]; root of context hierarchy
09:59:01.311 [Test worker] INFO  org.springframework.beans.factory.annotation.AutowiredAnnotationBeanPostProcessor - JSR-330 'javax.inject.Inject' annotation found and supported for autowiring
09:59:01.313 [Test worker] INFO  org.springframework.web.reactive.result.method.annotation.RequestMappingHandlerMapping - Mapped "{[/requestBodyMap],methods=[POST]}" onto reactor.core.publisher.Mono<java.lang.String> org.springframework.web.reactive.result.method.annotation.MultipartIntegrationTests$MultipartController.requestBodyMap(reactor.core.publisher.Mono<org.springframework.util.MultiValueMap<java.lang.String, org.springframework.http.codec.multipart.Part>>)
09:59:01.313 [Test worker] INFO  org.springframework.web.reactive.result.method.annotation.RequestMappingHandlerMapping - Mapped "{[/requestBodyFlux],methods=[POST]}" onto reactor.core.publisher.Mono<java.lang.String> org.springframework.web.reactive.result.method.annotation.MultipartIntegrationTests$MultipartController.requestBodyFlux(reactor.core.publisher.Flux<org.springframework.http.codec.multipart.Part>)
09:59:01.313 [Test worker] INFO  org.springframework.web.reactive.result.method.annotation.RequestMappingHandlerMapping - Mapped "{[/requestPart],methods=[POST]}" onto void org.springframework.web.reactive.result.method.annotation.MultipartIntegrationTests$MultipartController.requestPart(org.springframework.http.codec.multipart.FormFieldPart,org.springframework.http.codec.multipart.FilePart,reactor.core.publisher.Mono<org.springframework.http.codec.multipart.FilePart>,reactor.core.publisher.Flux<org.springframework.http.codec.multipart.FilePart>,org.springframework.web.reactive.result.method.annotation.MultipartIntegrationTests$Person,reactor.core.publisher.Mono<org.springframework.web.reactive.result.method.annotation.MultipartIntegrationTests$Person>)
09:59:01.313 [Test worker] INFO  org.springframework.web.reactive.result.method.annotation.RequestMappingHandlerMapping - Mapped "{[/modelAttribute],methods=[POST]}" onto java.lang.String org.springframework.web.reactive.result.method.annotation.MultipartIntegrationTests$MultipartController.modelAttribute(org.springframework.web.reactive.result.method.annotation.MultipartIntegrationTests$FormBean)
09:59:01.364 [Test worker] INFO  org.springframework.web.reactive.result.method.annotation.ControllerMethodResolver - Looking for @ControllerAdvice: org.springframework.context.annotation.AnnotationConfigApplicationContext@1340460a: startup date [Fri Apr 16 09:59:01 CST 2021]; root of context hierarchy
09:59:01.429 [Test worker] DEBUG org.springframework.http.server.reactive.bootstrap.ReactorHttpServer - Starting ReactorHttpServer...
09:59:01.430 [Test worker] DEBUG org.springframework.http.server.reactive.bootstrap.ReactorHttpServer - Server started on port 51130(0 millis).
09:59:01.498 [reactor-http-nio-10] INFO  reactor.Flux.SwitchIfEmpty.3 - onSubscribe(FluxSwitchIfEmpty.SwitchIfEmptySubscriber)
09:59:01.498 [reactor-http-nio-10] INFO  reactor.Flux.SwitchIfEmpty.3 - request(unbounded)
09:59:01.498 [reactor-http-nio-10] INFO  reactor.Flux.SwitchIfEmpty.3 - onNext(org.springframework.http.codec.multipart.SynchronossPartHttpMessageReader$SynchronossFormFieldPart@29f5debf)
09:59:01.498 [reactor-http-nio-10] INFO  reactor.Flux.SwitchIfEmpty.3 - onNext(org.springframework.http.codec.multipart.SynchronossPartHttpMessageReader$SynchronossFilePart@25a7b930)
09:59:01.503 [reactor-http-nio-10] INFO  reactor.Flux.SwitchIfEmpty.3 - onNext(org.springframework.http.codec.multipart.SynchronossPartHttpMessageReader$SynchronossFilePart@1eb998c2)
09:59:01.503 [reactor-http-nio-10] INFO  reactor.Flux.SwitchIfEmpty.3 - onNext(org.springframework.http.codec.multipart.SynchronossPartHttpMessageReader$SynchronossPart@219f3243)
09:59:01.503 [reactor-http-nio-10] INFO  reactor.Flux.SwitchIfEmpty.3 - onComplete()
09:59:01.503 [reactor-http-nio-10] INFO  reactor.Flux.SwitchIfEmpty.3 - cancel()
09:59:01.503 [reactor-http-nio-10] DEBUG org.springframework.http.server.reactive.ReactorHttpHandlerAdapter - Handling completed with success
09:59:01.504 [Test worker] DEBUG org.springframework.http.server.reactive.bootstrap.ReactorHttpServer - Stopping ReactorHttpServer...
09:59:01.504 [Test worker] DEBUG org.springframework.http.server.reactive.bootstrap.ReactorHttpServer - Server stopped (0 millis).
09:59:01.505 [Test worker] INFO  org.springframework.context.annotation.AnnotationConfigApplicationContext - Refreshing org.springframework.context.annotation.AnnotationConfigApplicationContext@471cb3e1: startup date [Fri Apr 16 09:59:01 CST 2021]; root of context hierarchy
09:59:01.507 [Test worker] INFO  org.springframework.beans.factory.annotation.AutowiredAnnotationBeanPostProcessor - JSR-330 'javax.inject.Inject' annotation found and supported for autowiring
09:59:01.509 [Test worker] INFO  org.springframework.web.reactive.result.method.annotation.RequestMappingHandlerMapping - Mapped "{[/requestBodyMap],methods=[POST]}" onto reactor.core.publisher.Mono<java.lang.String> org.springframework.web.reactive.result.method.annotation.MultipartIntegrationTests$MultipartController.requestBodyMap(reactor.core.publisher.Mono<org.springframework.util.MultiValueMap<java.lang.String, org.springframework.http.codec.multipart.Part>>)
09:59:01.509 [Test worker] INFO  org.springframework.web.reactive.result.method.annotation.RequestMappingHandlerMapping - Mapped "{[/requestBodyFlux],methods=[POST]}" onto reactor.core.publisher.Mono<java.lang.String> org.springframework.web.reactive.result.method.annotation.MultipartIntegrationTests$MultipartController.requestBodyFlux(reactor.core.publisher.Flux<org.springframework.http.codec.multipart.Part>)
09:59:01.509 [Test worker] INFO  org.springframework.web.reactive.result.method.annotation.RequestMappingHandlerMapping - Mapped "{[/requestPart],methods=[POST]}" onto void org.springframework.web.reactive.result.method.annotation.MultipartIntegrationTests$MultipartController.requestPart(org.springframework.http.codec.multipart.FormFieldPart,org.springframework.http.codec.multipart.FilePart,reactor.core.publisher.Mono<org.springframework.http.codec.multipart.FilePart>,reactor.core.publisher.Flux<org.springframework.http.codec.multipart.FilePart>,org.springframework.web.reactive.result.method.annotation.MultipartIntegrationTests$Person,reactor.core.publisher.Mono<org.springframework.web.reactive.result.method.annotation.MultipartIntegrationTests$Person>)
09:59:01.509 [Test worker] INFO  org.springframework.web.reactive.result.method.annotation.RequestMappingHandlerMapping - Mapped "{[/modelAttribute],methods=[POST]}" onto java.lang.String org.springframework.web.reactive.result.method.annotation.MultipartIntegrationTests$MultipartController.modelAttribute(org.springframework.web.reactive.result.method.annotation.MultipartIntegrationTests$FormBean)
09:59:01.556 [Test worker] INFO  org.springframework.web.reactive.result.method.annotation.ControllerMethodResolver - Looking for @ControllerAdvice: org.springframework.context.annotation.AnnotationConfigApplicationContext@471cb3e1: startup date [Fri Apr 16 09:59:01 CST 2021]; root of context hierarchy
09:59:01.621 [Test worker] DEBUG org.springframework.http.server.reactive.bootstrap.ReactorHttpServer - Starting ReactorHttpServer...
09:59:01.621 [Test worker] DEBUG org.springframework.http.server.reactive.bootstrap.ReactorHttpServer - Server started on port 51132(0 millis).
09:59:01.694 [reactor-http-nio-4] INFO  reactor.Flux.MonoFlatMapMany.4 - onSubscribe(MonoFlatMapMany.FlatMapManyMain)
09:59:01.694 [reactor-http-nio-4] INFO  reactor.Flux.MonoFlatMapMany.4 - request(unbounded)
09:59:01.694 [reactor-http-nio-4] INFO  reactor.Flux.MonoFlatMapMany.4 - onNext(org.springframework.http.codec.multipart.SynchronossPartHttpMessageReader$SynchronossFilePart@72101f7d)
09:59:01.694 [reactor-http-nio-4] INFO  reactor.Flux.MonoFlatMapMany.4 - onNext(org.springframework.http.codec.multipart.SynchronossPartHttpMessageReader$SynchronossFilePart@5fde694e)
09:59:01.694 [reactor-http-nio-4] INFO  reactor.Flux.MonoFlatMapMany.4 - onComplete()
09:59:01.695 [reactor-http-nio-4] DEBUG org.springframework.http.server.reactive.ReactorHttpHandlerAdapter - Handling completed with success
09:59:01.695 [Test worker] DEBUG org.springframework.http.server.reactive.bootstrap.ReactorHttpServer - Stopping ReactorHttpServer...
09:59:01.695 [Test worker] DEBUG org.springframework.http.server.reactive.bootstrap.ReactorHttpServer - Server stopped (0 millis).
09:59:01.697 [Test worker] INFO  org.springframework.context.annotation.AnnotationConfigApplicationContext - Refreshing org.springframework.context.annotation.AnnotationConfigApplicationContext@39d90011: startup date [Fri Apr 16 09:59:01 CST 2021]; root of context hierarchy
09:59:01.698 [Test worker] INFO  org.springframework.beans.factory.annotation.AutowiredAnnotationBeanPostProcessor - JSR-330 'javax.inject.Inject' annotation found and supported for autowiring
09:59:01.700 [Test worker] INFO  org.springframework.web.reactive.result.method.annotation.RequestMappingHandlerMapping - Mapped "{[/requestBodyMap],methods=[POST]}" onto reactor.core.publisher.Mono<java.lang.String> org.springframework.web.reactive.result.method.annotation.MultipartIntegrationTests$MultipartController.requestBodyMap(reactor.core.publisher.Mono<org.springframework.util.MultiValueMap<java.lang.String, org.springframework.http.codec.multipart.Part>>)
09:59:01.700 [Test worker] INFO  org.springframework.web.reactive.result.method.annotation.RequestMappingHandlerMapping - Mapped "{[/requestBodyFlux],methods=[POST]}" onto reactor.core.publisher.Mono<java.lang.String> org.springframework.web.reactive.result.method.annotation.MultipartIntegrationTests$MultipartController.requestBodyFlux(reactor.core.publisher.Flux<org.springframework.http.codec.multipart.Part>)
09:59:01.700 [Test worker] INFO  org.springframework.web.reactive.result.method.annotation.RequestMappingHandlerMapping - Mapped "{[/requestPart],methods=[POST]}" onto void org.springframework.web.reactive.result.method.annotation.MultipartIntegrationTests$MultipartController.requestPart(org.springframework.http.codec.multipart.FormFieldPart,org.springframework.http.codec.multipart.FilePart,reactor.core.publisher.Mono<org.springframework.http.codec.multipart.FilePart>,reactor.core.publisher.Flux<org.springframework.http.codec.multipart.FilePart>,org.springframework.web.reactive.result.method.annotation.MultipartIntegrationTests$Person,reactor.core.publisher.Mono<org.springframework.web.reactive.result.method.annotation.MultipartIntegrationTests$Person>)
09:59:01.700 [Test worker] INFO  org.springframework.web.reactive.result.method.annotation.RequestMappingHandlerMapping - Mapped "{[/modelAttribute],methods=[POST]}" onto java.lang.String org.springframework.web.reactive.result.method.annotation.MultipartIntegrationTests$MultipartController.modelAttribute(org.springframework.web.reactive.result.method.annotation.MultipartIntegrationTests$FormBean)
09:59:01.748 [Test worker] INFO  org.springframework.web.reactive.result.method.annotation.ControllerMethodResolver - Looking for @ControllerAdvice: org.springframework.context.annotation.AnnotationConfigApplicationContext@39d90011: startup date [Fri Apr 16 09:59:01 CST 2021]; root of context hierarchy
09:59:01.812 [Test worker] DEBUG org.springframework.http.server.reactive.bootstrap.TomcatHttpServer - Starting TomcatHttpServer...
09:59:01.823 [Test worker] DEBUG org.springframework.http.server.reactive.bootstrap.TomcatHttpServer - Server started on port 51134(0 millis).
09:59:01.900 [http-nio-auto-60-exec-1] DEBUG org.springframework.http.server.reactive.ServletHttpHandlerAdapter - Handling completed with success
09:59:01.900 [Test worker] DEBUG org.springframework.http.server.reactive.bootstrap.TomcatHttpServer - Stopping TomcatHttpServer...
09:59:02.462 [Test worker] DEBUG org.springframework.http.server.reactive.bootstrap.TomcatHttpServer - Server stopped (0 millis).
09:59:02.464 [Test worker] INFO  org.springframework.context.annotation.AnnotationConfigApplicationContext - Refreshing org.springframework.context.annotation.AnnotationConfigApplicationContext@1ab0c17b: startup date [Fri Apr 16 09:59:02 CST 2021]; root of context hierarchy
09:59:02.467 [Test worker] INFO  org.springframework.beans.factory.annotation.AutowiredAnnotationBeanPostProcessor - JSR-330 'javax.inject.Inject' annotation found and supported for autowiring
09:59:02.616 [Test worker] INFO  org.springframework.web.reactive.result.method.annotation.RequestMappingHandlerMapping - Mapped "{[/requestBodyMap],methods=[POST]}" onto reactor.core.publisher.Mono<java.lang.String> org.springframework.web.reactive.result.method.annotation.MultipartIntegrationTests$MultipartController.requestBodyMap(reactor.core.publisher.Mono<org.springframework.util.MultiValueMap<java.lang.String, org.springframework.http.codec.multipart.Part>>)
09:59:02.616 [Test worker] INFO  org.springframework.web.reactive.result.method.annotation.RequestMappingHandlerMapping - Mapped "{[/requestBodyFlux],methods=[POST]}" onto reactor.core.publisher.Mono<java.lang.String> org.springframework.web.reactive.result.method.annotation.MultipartIntegrationTests$MultipartController.requestBodyFlux(reactor.core.publisher.Flux<org.springframework.http.codec.multipart.Part>)
09:59:02.616 [Test worker] INFO  org.springframework.web.reactive.result.method.annotation.RequestMappingHandlerMapping - Mapped "{[/requestPart],methods=[POST]}" onto void org.springframework.web.reactive.result.method.annotation.MultipartIntegrationTests$MultipartController.requestPart(org.springframework.http.codec.multipart.FormFieldPart,org.springframework.http.codec.multipart.FilePart,reactor.core.publisher.Mono<org.springframework.http.codec.multipart.FilePart>,reactor.core.publisher.Flux<org.springframework.http.codec.multipart.FilePart>,org.springframework.web.reactive.result.method.annotation.MultipartIntegrationTests$Person,reactor.core.publisher.Mono<org.springframework.web.reactive.result.method.annotation.MultipartIntegrationTests$Person>)
09:59:02.616 [Test worker] INFO  org.springframework.web.reactive.result.method.annotation.RequestMappingHandlerMapping - Mapped "{[/modelAttribute],methods=[POST]}" onto java.lang.String org.springframework.web.reactive.result.method.annotation.MultipartIntegrationTests$MultipartController.modelAttribute(org.springframework.web.reactive.result.method.annotation.MultipartIntegrationTests$FormBean)
09:59:02.761 [Test worker] INFO  org.springframework.web.reactive.result.method.annotation.ControllerMethodResolver - Looking for @ControllerAdvice: org.springframework.context.annotation.AnnotationConfigApplicationContext@1ab0c17b: startup date [Fri Apr 16 09:59:02 CST 2021]; root of context hierarchy
09:59:02.892 [Test worker] DEBUG org.springframework.http.server.reactive.bootstrap.TomcatHttpServer - Starting TomcatHttpServer...
09:59:02.903 [Test worker] DEBUG org.springframework.http.server.reactive.bootstrap.TomcatHttpServer - Server started on port 51144(0 millis).
09:59:02.988 [http-nio-auto-61-exec-1] DEBUG org.springframework.http.server.reactive.ServletHttpHandlerAdapter - Handling completed with success
09:59:02.988 [Test worker] DEBUG org.springframework.http.server.reactive.bootstrap.TomcatHttpServer - Stopping TomcatHttpServer...
09:59:03.518 [Test worker] DEBUG org.springframework.http.server.reactive.bootstrap.TomcatHttpServer - Server stopped (0 millis).
09:59:03.520 [Test worker] INFO  org.springframework.context.annotation.AnnotationConfigApplicationContext - Refreshing org.springframework.context.annotation.AnnotationConfigApplicationContext@7298d4a4: startup date [Fri Apr 16 09:59:03 CST 2021]; root of context hierarchy
09:59:03.522 [Test worker] INFO  org.springframework.beans.factory.annotation.AutowiredAnnotationBeanPostProcessor - JSR-330 'javax.inject.Inject' annotation found and supported for autowiring
09:59:03.667 [Test worker] INFO  org.springframework.web.reactive.result.method.annotation.RequestMappingHandlerMapping - Mapped "{[/requestBodyMap],methods=[POST]}" onto reactor.core.publisher.Mono<java.lang.String> org.springframework.web.reactive.result.method.annotation.MultipartIntegrationTests$MultipartController.requestBodyMap(reactor.core.publisher.Mono<org.springframework.util.MultiValueMap<java.lang.String, org.springframework.http.codec.multipart.Part>>)
09:59:03.667 [Test worker] INFO  org.springframework.web.reactive.result.method.annotation.RequestMappingHandlerMapping - Mapped "{[/requestBodyFlux],methods=[POST]}" onto reactor.core.publisher.Mono<java.lang.String> org.springframework.web.reactive.result.method.annotation.MultipartIntegrationTests$MultipartController.requestBodyFlux(reactor.core.publisher.Flux<org.springframework.http.codec.multipart.Part>)
09:59:03.667 [Test worker] INFO  org.springframework.web.reactive.result.method.annotation.RequestMappingHandlerMapping - Mapped "{[/requestPart],methods=[POST]}" onto void org.springframework.web.reactive.result.method.annotation.MultipartIntegrationTests$MultipartController.requestPart(org.springframework.http.codec.multipart.FormFieldPart,org.springframework.http.codec.multipart.FilePart,reactor.core.publisher.Mono<org.springframework.http.codec.multipart.FilePart>,reactor.core.publisher.Flux<org.springframework.http.codec.multipart.FilePart>,org.springframework.web.reactive.result.method.annotation.MultipartIntegrationTests$Person,reactor.core.publisher.Mono<org.springframework.web.reactive.result.method.annotation.MultipartIntegrationTests$Person>)
09:59:03.667 [Test worker] INFO  org.springframework.web.reactive.result.method.annotation.RequestMappingHandlerMapping - Mapped "{[/modelAttribute],methods=[POST]}" onto java.lang.String org.springframework.web.reactive.result.method.annotation.MultipartIntegrationTests$MultipartController.modelAttribute(org.springframework.web.reactive.result.method.annotation.MultipartIntegrationTests$FormBean)
09:59:03.812 [Test worker] INFO  org.springframework.web.reactive.result.method.annotation.ControllerMethodResolver - Looking for @ControllerAdvice: org.springframework.context.annotation.AnnotationConfigApplicationContext@7298d4a4: startup date [Fri Apr 16 09:59:03 CST 2021]; root of context hierarchy
09:59:03.948 [Test worker] DEBUG org.springframework.http.server.reactive.bootstrap.TomcatHttpServer - Starting TomcatHttpServer...
09:59:03.959 [Test worker] DEBUG org.springframework.http.server.reactive.bootstrap.TomcatHttpServer - Server started on port 51153(0 millis).
09:59:04.031 [http-nio-auto-62-exec-1] INFO  reactor.Flux.SwitchIfEmpty.5 - onSubscribe(FluxSwitchIfEmpty.SwitchIfEmptySubscriber)
09:59:04.031 [http-nio-auto-62-exec-1] INFO  reactor.Flux.SwitchIfEmpty.5 - request(unbounded)
09:59:04.032 [http-nio-auto-62-exec-1] INFO  reactor.Flux.SwitchIfEmpty.5 - onNext(org.springframework.http.codec.multipart.SynchronossPartHttpMessageReader$SynchronossFormFieldPart@1ab41b67)
09:59:04.032 [http-nio-auto-62-exec-1] INFO  reactor.Flux.SwitchIfEmpty.5 - onNext(org.springframework.http.codec.multipart.SynchronossPartHttpMessageReader$SynchronossFilePart@1e8b9ce9)
09:59:04.037 [http-nio-auto-62-exec-1] INFO  reactor.Flux.SwitchIfEmpty.5 - onNext(org.springframework.http.codec.multipart.SynchronossPartHttpMessageReader$SynchronossFilePart@5b89115c)
09:59:04.038 [http-nio-auto-62-exec-1] INFO  reactor.Flux.SwitchIfEmpty.5 - onNext(org.springframework.http.codec.multipart.SynchronossPartHttpMessageReader$SynchronossPart@504dea8b)
09:59:04.038 [http-nio-auto-62-exec-1] INFO  reactor.Flux.SwitchIfEmpty.5 - onComplete()
09:59:04.038 [http-nio-auto-62-exec-1] INFO  reactor.Flux.SwitchIfEmpty.5 - cancel()
09:59:04.038 [http-nio-auto-62-exec-1] DEBUG org.springframework.http.server.reactive.ServletHttpHandlerAdapter - Handling completed with success
09:59:04.038 [Test worker] DEBUG org.springframework.http.server.reactive.bootstrap.TomcatHttpServer - Stopping TomcatHttpServer...
09:59:04.587 [Test worker] DEBUG org.springframework.http.server.reactive.bootstrap.TomcatHttpServer - Server stopped (0 millis).
09:59:04.588 [Test worker] INFO  org.springframework.context.annotation.AnnotationConfigApplicationContext - Refreshing org.springframework.context.annotation.AnnotationConfigApplicationContext@596030d0: startup date [Fri Apr 16 09:59:04 CST 2021]; root of context hierarchy
09:59:04.590 [Test worker] INFO  org.springframework.beans.factory.annotation.AutowiredAnnotationBeanPostProcessor - JSR-330 'javax.inject.Inject' annotation found and supported for autowiring
09:59:04.746 [Test worker] INFO  org.springframework.web.reactive.result.method.annotation.RequestMappingHandlerMapping - Mapped "{[/requestBodyMap],methods=[POST]}" onto reactor.core.publisher.Mono<java.lang.String> org.springframework.web.reactive.result.method.annotation.MultipartIntegrationTests$MultipartController.requestBodyMap(reactor.core.publisher.Mono<org.springframework.util.MultiValueMap<java.lang.String, org.springframework.http.codec.multipart.Part>>)
09:59:04.746 [Test worker] INFO  org.springframework.web.reactive.result.method.annotation.RequestMappingHandlerMapping - Mapped "{[/requestBodyFlux],methods=[POST]}" onto reactor.core.publisher.Mono<java.lang.String> org.springframework.web.reactive.result.method.annotation.MultipartIntegrationTests$MultipartController.requestBodyFlux(reactor.core.publisher.Flux<org.springframework.http.codec.multipart.Part>)
09:59:04.746 [Test worker] INFO  org.springframework.web.reactive.result.method.annotation.RequestMappingHandlerMapping - Mapped "{[/requestPart],methods=[POST]}" onto void org.springframework.web.reactive.result.method.annotation.MultipartIntegrationTests$MultipartController.requestPart(org.springframework.http.codec.multipart.FormFieldPart,org.springframework.http.codec.multipart.FilePart,reactor.core.publisher.Mono<org.springframework.http.codec.multipart.FilePart>,reactor.core.publisher.Flux<org.springframework.http.codec.multipart.FilePart>,org.springframework.web.reactive.result.method.annotation.MultipartIntegrationTests$Person,reactor.core.publisher.Mono<org.springframework.web.reactive.result.method.annotation.MultipartIntegrationTests$Person>)
09:59:04.746 [Test worker] INFO  org.springframework.web.reactive.result.method.annotation.RequestMappingHandlerMapping - Mapped "{[/modelAttribute],methods=[POST]}" onto java.lang.String org.springframework.web.reactive.result.method.annotation.MultipartIntegrationTests$MultipartController.modelAttribute(org.springframework.web.reactive.result.method.annotation.MultipartIntegrationTests$FormBean)
09:59:04.901 [Test worker] INFO  org.springframework.web.reactive.result.method.annotation.ControllerMethodResolver - Looking for @ControllerAdvice: org.springframework.context.annotation.AnnotationConfigApplicationContext@596030d0: startup date [Fri Apr 16 09:59:04 CST 2021]; root of context hierarchy
09:59:05.038 [Test worker] DEBUG org.springframework.http.server.reactive.bootstrap.TomcatHttpServer - Starting TomcatHttpServer...
09:59:05.049 [Test worker] DEBUG org.springframework.http.server.reactive.bootstrap.TomcatHttpServer - Server started on port 51162(0 millis).
09:59:05.126 [http-nio-auto-63-exec-1] INFO  reactor.Flux.MonoFlatMapMany.6 - onSubscribe(MonoFlatMapMany.FlatMapManyMain)
09:59:05.126 [http-nio-auto-63-exec-1] INFO  reactor.Flux.MonoFlatMapMany.6 - request(unbounded)
09:59:05.126 [http-nio-auto-63-exec-1] INFO  reactor.Flux.MonoFlatMapMany.6 - onNext(org.springframework.http.codec.multipart.SynchronossPartHttpMessageReader$SynchronossFilePart@6fb57851)
09:59:05.126 [http-nio-auto-63-exec-1] INFO  reactor.Flux.MonoFlatMapMany.6 - onNext(org.springframework.http.codec.multipart.SynchronossPartHttpMessageReader$SynchronossFilePart@6f7e9390)
09:59:05.126 [http-nio-auto-63-exec-1] INFO  reactor.Flux.MonoFlatMapMany.6 - onComplete()
09:59:05.126 [http-nio-auto-63-exec-1] DEBUG org.springframework.http.server.reactive.ServletHttpHandlerAdapter - Handling completed with success
09:59:05.127 [Test worker] DEBUG org.springframework.http.server.reactive.bootstrap.TomcatHttpServer - Stopping TomcatHttpServer...
09:59:05.664 [Test worker] DEBUG org.springframework.http.server.reactive.bootstrap.TomcatHttpServer - Server stopped (0 millis).
09:59:05.666 [Test worker] INFO  org.springframework.context.annotation.AnnotationConfigApplicationContext - Refreshing org.springframework.context.annotation.AnnotationConfigApplicationContext@3c3b75c9: startup date [Fri Apr 16 09:59:05 CST 2021]; root of context hierarchy
09:59:05.669 [Test worker] INFO  org.springframework.beans.factory.annotation.AutowiredAnnotationBeanPostProcessor - JSR-330 'javax.inject.Inject' annotation found and supported for autowiring
09:59:05.819 [Test worker] INFO  org.springframework.web.reactive.result.method.annotation.RequestMappingHandlerMapping - Mapped "{[/requestBodyMap],methods=[POST]}" onto reactor.core.publisher.Mono<java.lang.String> org.springframework.web.reactive.result.method.annotation.MultipartIntegrationTests$MultipartController.requestBodyMap(reactor.core.publisher.Mono<org.springframework.util.MultiValueMap<java.lang.String, org.springframework.http.codec.multipart.Part>>)
09:59:05.819 [Test worker] INFO  org.springframework.web.reactive.result.method.annotation.RequestMappingHandlerMapping - Mapped "{[/requestBodyFlux],methods=[POST]}" onto reactor.core.publisher.Mono<java.lang.String> org.springframework.web.reactive.result.method.annotation.MultipartIntegrationTests$MultipartController.requestBodyFlux(reactor.core.publisher.Flux<org.springframework.http.codec.multipart.Part>)
09:59:05.819 [Test worker] INFO  org.springframework.web.reactive.result.method.annotation.RequestMappingHandlerMapping - Mapped "{[/requestPart],methods=[POST]}" onto void org.springframework.web.reactive.result.method.annotation.MultipartIntegrationTests$MultipartController.requestPart(org.springframework.http.codec.multipart.FormFieldPart,org.springframework.http.codec.multipart.FilePart,reactor.core.publisher.Mono<org.springframework.http.codec.multipart.FilePart>,reactor.core.publisher.Flux<org.springframework.http.codec.multipart.FilePart>,org.springframework.web.reactive.result.method.annotation.MultipartIntegrationTests$Person,reactor.core.publisher.Mono<org.springframework.web.reactive.result.method.annotation.MultipartIntegrationTests$Person>)
09:59:05.819 [Test worker] INFO  org.springframework.web.reactive.result.method.annotation.RequestMappingHandlerMapping - Mapped "{[/modelAttribute],methods=[POST]}" onto java.lang.String org.springframework.web.reactive.result.method.annotation.MultipartIntegrationTests$MultipartController.modelAttribute(org.springframework.web.reactive.result.method.annotation.MultipartIntegrationTests$FormBean)
09:59:05.965 [Test worker] INFO  org.springframework.web.reactive.result.method.annotation.ControllerMethodResolver - Looking for @ControllerAdvice: org.springframework.context.annotation.AnnotationConfigApplicationContext@3c3b75c9: startup date [Fri Apr 16 09:59:05 CST 2021]; root of context hierarchy
09:59:06.096 [Test worker] DEBUG org.springframework.http.server.reactive.bootstrap.UndertowHttpServer - Starting UndertowHttpServer...
09:59:06.103 [Test worker] DEBUG org.springframework.http.server.reactive.bootstrap.UndertowHttpServer - Server started on port 51197(0 millis).
09:59:06.174 [XNIO-59 I/O-6] DEBUG org.springframework.http.server.reactive.UndertowHttpHandlerAdapter - Handling completed with success
09:59:06.174 [Test worker] DEBUG org.springframework.http.server.reactive.bootstrap.UndertowHttpServer - Stopping UndertowHttpServer...
09:59:06.175 [Test worker] DEBUG org.springframework.http.server.reactive.bootstrap.UndertowHttpServer - Server stopped (0 millis).
09:59:06.177 [Test worker] INFO  org.springframework.context.annotation.AnnotationConfigApplicationContext - Refreshing org.springframework.context.annotation.AnnotationConfigApplicationContext@2fa8155b: startup date [Fri Apr 16 09:59:06 CST 2021]; root of context hierarchy
09:59:06.178 [Test worker] INFO  org.springframework.beans.factory.annotation.AutowiredAnnotationBeanPostProcessor - JSR-330 'javax.inject.Inject' annotation found and supported for autowiring
09:59:06.180 [Test worker] INFO  org.springframework.web.reactive.result.method.annotation.RequestMappingHandlerMapping - Mapped "{[/requestBodyMap],methods=[POST]}" onto reactor.core.publisher.Mono<java.lang.String> org.springframework.web.reactive.result.method.annotation.MultipartIntegrationTests$MultipartController.requestBodyMap(reactor.core.publisher.Mono<org.springframework.util.MultiValueMap<java.lang.String, org.springframework.http.codec.multipart.Part>>)
09:59:06.180 [Test worker] INFO  org.springframework.web.reactive.result.method.annotation.RequestMappingHandlerMapping - Mapped "{[/requestBodyFlux],methods=[POST]}" onto reactor.core.publisher.Mono<java.lang.String> org.springframework.web.reactive.result.method.annotation.MultipartIntegrationTests$MultipartController.requestBodyFlux(reactor.core.publisher.Flux<org.springframework.http.codec.multipart.Part>)
09:59:06.180 [Test worker] INFO  org.springframework.web.reactive.result.method.annotation.RequestMappingHandlerMapping - Mapped "{[/requestPart],methods=[POST]}" onto void org.springframework.web.reactive.result.method.annotation.MultipartIntegrationTests$MultipartController.requestPart(org.springframework.http.codec.multipart.FormFieldPart,org.springframework.http.codec.multipart.FilePart,reactor.core.publisher.Mono<org.springframework.http.codec.multipart.FilePart>,reactor.core.publisher.Flux<org.springframework.http.codec.multipart.FilePart>,org.springframework.web.reactive.result.method.annotation.MultipartIntegrationTests$Person,reactor.core.publisher.Mono<org.springframework.web.reactive.result.method.annotation.MultipartIntegrationTests$Person>)
09:59:06.180 [Test worker] INFO  org.springframework.web.reactive.result.method.annotation.RequestMappingHandlerMapping - Mapped "{[/modelAttribute],methods=[POST]}" onto java.lang.String org.springframework.web.reactive.result.method.annotation.MultipartIntegrationTests$MultipartController.modelAttribute(org.springframework.web.reactive.result.method.annotation.MultipartIntegrationTests$FormBean)
09:59:06.227 [Test worker] INFO  org.springframework.web.reactive.result.method.annotation.ControllerMethodResolver - Looking for @ControllerAdvice: org.springframework.context.annotation.AnnotationConfigApplicationContext@2fa8155b: startup date [Fri Apr 16 09:59:06 CST 2021]; root of context hierarchy
09:59:06.291 [Test worker] DEBUG org.springframework.http.server.reactive.bootstrap.UndertowHttpServer - Starting UndertowHttpServer...
09:59:06.298 [Test worker] DEBUG org.springframework.http.server.reactive.bootstrap.UndertowHttpServer - Server started on port 51225(0 millis).
09:59:06.385 [XNIO-60 I/O-6] DEBUG org.springframework.http.server.reactive.UndertowHttpHandlerAdapter - Handling completed with success
09:59:06.386 [Test worker] DEBUG org.springframework.http.server.reactive.bootstrap.UndertowHttpServer - Stopping UndertowHttpServer...
09:59:06.387 [Test worker] DEBUG org.springframework.http.server.reactive.bootstrap.UndertowHttpServer - Server stopped (0 millis).
09:59:06.389 [Test worker] INFO  org.springframework.context.annotation.AnnotationConfigApplicationContext - Refreshing org.springframework.context.annotation.AnnotationConfigApplicationContext@4491bc59: startup date [Fri Apr 16 09:59:06 CST 2021]; root of context hierarchy
09:59:06.391 [Test worker] INFO  org.springframework.beans.factory.annotation.AutowiredAnnotationBeanPostProcessor - JSR-330 'javax.inject.Inject' annotation found and supported for autowiring
09:59:06.392 [Test worker] INFO  org.springframework.web.reactive.result.method.annotation.RequestMappingHandlerMapping - Mapped "{[/requestBodyMap],methods=[POST]}" onto reactor.core.publisher.Mono<java.lang.String> org.springframework.web.reactive.result.method.annotation.MultipartIntegrationTests$MultipartController.requestBodyMap(reactor.core.publisher.Mono<org.springframework.util.MultiValueMap<java.lang.String, org.springframework.http.codec.multipart.Part>>)
09:59:06.392 [Test worker] INFO  org.springframework.web.reactive.result.method.annotation.RequestMappingHandlerMapping - Mapped "{[/requestBodyFlux],methods=[POST]}" onto reactor.core.publisher.Mono<java.lang.String> org.springframework.web.reactive.result.method.annotation.MultipartIntegrationTests$MultipartController.requestBodyFlux(reactor.core.publisher.Flux<org.springframework.http.codec.multipart.Part>)
09:59:06.392 [Test worker] INFO  org.springframework.web.reactive.result.method.annotation.RequestMappingHandlerMapping - Mapped "{[/requestPart],methods=[POST]}" onto void org.springframework.web.reactive.result.method.annotation.MultipartIntegrationTests$MultipartController.requestPart(org.springframework.http.codec.multipart.FormFieldPart,org.springframework.http.codec.multipart.FilePart,reactor.core.publisher.Mono<org.springframework.http.codec.multipart.FilePart>,reactor.core.publisher.Flux<org.springframework.http.codec.multipart.FilePart>,org.springframework.web.reactive.result.method.annotation.MultipartIntegrationTests$Person,reactor.core.publisher.Mono<org.springframework.web.reactive.result.method.annotation.MultipartIntegrationTests$Person>)
09:59:06.392 [Test worker] INFO  org.springframework.web.reactive.result.method.annotation.RequestMappingHandlerMapping - Mapped "{[/modelAttribute],methods=[POST]}" onto java.lang.String org.springframework.web.reactive.result.method.annotation.MultipartIntegrationTests$MultipartController.modelAttribute(org.springframework.web.reactive.result.method.annotation.MultipartIntegrationTests$FormBean)
09:59:06.439 [Test worker] INFO  org.springframework.web.reactive.result.method.annotation.ControllerMethodResolver - Looking for @ControllerAdvice: org.springframework.context.annotation.AnnotationConfigApplicationContext@4491bc59: startup date [Fri Apr 16 09:59:06 CST 2021]; root of context hierarchy
09:59:06.505 [Test worker] DEBUG org.springframework.http.server.reactive.bootstrap.UndertowHttpServer - Starting UndertowHttpServer...
09:59:06.512 [Test worker] DEBUG org.springframework.http.server.reactive.bootstrap.UndertowHttpServer - Server started on port 51253(0 millis).
09:59:06.583 [XNIO-61 I/O-6] INFO  reactor.Flux.SwitchIfEmpty.7 - onSubscribe(FluxSwitchIfEmpty.SwitchIfEmptySubscriber)
09:59:06.583 [XNIO-61 I/O-6] INFO  reactor.Flux.SwitchIfEmpty.7 - request(unbounded)
09:59:06.583 [XNIO-61 I/O-6] INFO  reactor.Flux.SwitchIfEmpty.7 - onNext(org.springframework.http.codec.multipart.SynchronossPartHttpMessageReader$SynchronossFormFieldPart@55404d8b)
09:59:06.583 [XNIO-61 I/O-6] INFO  reactor.Flux.SwitchIfEmpty.7 - onNext(org.springframework.http.codec.multipart.SynchronossPartHttpMessageReader$SynchronossFilePart@517fd3fb)
09:59:06.589 [XNIO-61 I/O-6] INFO  reactor.Flux.SwitchIfEmpty.7 - onNext(org.springframework.http.codec.multipart.SynchronossPartHttpMessageReader$SynchronossFilePart@147d47b0)
09:59:06.589 [XNIO-61 I/O-6] INFO  reactor.Flux.SwitchIfEmpty.7 - onNext(org.springframework.http.codec.multipart.SynchronossPartHttpMessageReader$SynchronossPart@7258f654)
09:59:06.589 [XNIO-61 I/O-6] INFO  reactor.Flux.SwitchIfEmpty.7 - onComplete()
09:59:06.589 [XNIO-61 I/O-6] INFO  reactor.Flux.SwitchIfEmpty.7 - cancel()
09:59:06.589 [XNIO-61 I/O-6] DEBUG org.springframework.http.server.reactive.UndertowHttpHandlerAdapter - Handling completed with success
09:59:06.590 [Test worker] DEBUG org.springframework.http.server.reactive.bootstrap.UndertowHttpServer - Stopping UndertowHttpServer...
09:59:06.591 [Test worker] DEBUG org.springframework.http.server.reactive.bootstrap.UndertowHttpServer - Server stopped (0 millis).
09:59:06.593 [Test worker] INFO  org.springframework.context.annotation.AnnotationConfigApplicationContext - Refreshing org.springframework.context.annotation.AnnotationConfigApplicationContext@67f98db: startup date [Fri Apr 16 09:59:06 CST 2021]; root of context hierarchy
09:59:06.595 [Test worker] INFO  org.springframework.beans.factory.annotation.AutowiredAnnotationBeanPostProcessor - JSR-330 'javax.inject.Inject' annotation found and supported for autowiring
09:59:06.597 [Test worker] INFO  org.springframework.web.reactive.result.method.annotation.RequestMappingHandlerMapping - Mapped "{[/requestBodyMap],methods=[POST]}" onto reactor.core.publisher.Mono<java.lang.String> org.springframework.web.reactive.result.method.annotation.MultipartIntegrationTests$MultipartController.requestBodyMap(reactor.core.publisher.Mono<org.springframework.util.MultiValueMap<java.lang.String, org.springframework.http.codec.multipart.Part>>)
09:59:06.597 [Test worker] INFO  org.springframework.web.reactive.result.method.annotation.RequestMappingHandlerMapping - Mapped "{[/requestBodyFlux],methods=[POST]}" onto reactor.core.publisher.Mono<java.lang.String> org.springframework.web.reactive.result.method.annotation.MultipartIntegrationTests$MultipartController.requestBodyFlux(reactor.core.publisher.Flux<org.springframework.http.codec.multipart.Part>)
09:59:06.597 [Test worker] INFO  org.springframework.web.reactive.result.method.annotation.RequestMappingHandlerMapping - Mapped "{[/requestPart],methods=[POST]}" onto void org.springframework.web.reactive.result.method.annotation.MultipartIntegrationTests$MultipartController.requestPart(org.springframework.http.codec.multipart.FormFieldPart,org.springframework.http.codec.multipart.FilePart,reactor.core.publisher.Mono<org.springframework.http.codec.multipart.FilePart>,reactor.core.publisher.Flux<org.springframework.http.codec.multipart.FilePart>,org.springframework.web.reactive.result.method.annotation.MultipartIntegrationTests$Person,reactor.core.publisher.Mono<org.springframework.web.reactive.result.method.annotation.MultipartIntegrationTests$Person>)
09:59:06.597 [Test worker] INFO  org.springframework.web.reactive.result.method.annotation.RequestMappingHandlerMapping - Mapped "{[/modelAttribute],methods=[POST]}" onto java.lang.String org.springframework.web.reactive.result.method.annotation.MultipartIntegrationTests$MultipartController.modelAttribute(org.springframework.web.reactive.result.method.annotation.MultipartIntegrationTests$FormBean)
09:59:06.644 [Test worker] INFO  org.springframework.web.reactive.result.method.annotation.ControllerMethodResolver - Looking for @ControllerAdvice: org.springframework.context.annotation.AnnotationConfigApplicationContext@67f98db: startup date [Fri Apr 16 09:59:06 CST 2021]; root of context hierarchy
09:59:06.709 [Test worker] DEBUG org.springframework.http.server.reactive.bootstrap.UndertowHttpServer - Starting UndertowHttpServer...
09:59:06.716 [Test worker] DEBUG org.springframework.http.server.reactive.bootstrap.UndertowHttpServer - Server started on port 51281(0 millis).
09:59:06.794 [XNIO-62 I/O-6] INFO  reactor.Flux.MonoFlatMapMany.8 - onSubscribe(MonoFlatMapMany.FlatMapManyMain)
09:59:06.794 [XNIO-62 I/O-6] INFO  reactor.Flux.MonoFlatMapMany.8 - request(unbounded)
09:59:06.794 [XNIO-62 I/O-6] INFO  reactor.Flux.MonoFlatMapMany.8 - onNext(org.springframework.http.codec.multipart.SynchronossPartHttpMessageReader$SynchronossFilePart@5caa6c16)
09:59:06.794 [XNIO-62 I/O-6] INFO  reactor.Flux.MonoFlatMapMany.8 - onNext(org.springframework.http.codec.multipart.SynchronossPartHttpMessageReader$SynchronossFilePart@5895e35b)
09:59:06.794 [XNIO-62 I/O-6] INFO  reactor.Flux.MonoFlatMapMany.8 - onComplete()
09:59:06.794 [XNIO-62 I/O-6] DEBUG org.springframework.http.server.reactive.UndertowHttpHandlerAdapter - Handling completed with success
09:59:06.794 [Test worker] DEBUG org.springframework.http.server.reactive.bootstrap.UndertowHttpServer - Stopping UndertowHttpServer...
09:59:06.796 [Test worker] DEBUG org.springframework.http.server.reactive.bootstrap.UndertowHttpServer - Server stopped (0 millis).
]]></system-out>
  <system-err><![CDATA[四月 16, 2021 9:59:01 上午 org.apache.coyote.AbstractProtocol init
信息: Initializing ProtocolHandler ["http-nio-auto-60"]
四月 16, 2021 9:59:01 上午 org.apache.tomcat.util.net.NioSelectorPool getSharedSelector
信息: Using a shared selector for servlet write/read
四月 16, 2021 9:59:01 上午 org.apache.catalina.core.StandardService startInternal
信息: Starting service [Tomcat]
四月 16, 2021 9:59:01 上午 org.apache.catalina.core.StandardEngine startInternal
信息: Starting Servlet Engine: Apache Tomcat/8.5.45
四月 16, 2021 9:59:01 上午 org.apache.coyote.AbstractProtocol start
信息: Starting ProtocolHandler ["http-nio-auto-60-51134"]
四月 16, 2021 9:59:01 上午 org.apache.coyote.AbstractProtocol pause
信息: Pausing ProtocolHandler ["http-nio-auto-60-51134"]
四月 16, 2021 9:59:02 上午 org.apache.catalina.core.StandardService stopInternal
信息: Stopping service [Tomcat]
四月 16, 2021 9:59:02 上午 org.apache.coyote.AbstractProtocol stop
信息: Stopping ProtocolHandler ["http-nio-auto-60-51134"]
四月 16, 2021 9:59:02 上午 org.apache.coyote.AbstractProtocol destroy
信息: Destroying ProtocolHandler ["http-nio-auto-60-51134"]
四月 16, 2021 9:59:02 上午 org.apache.coyote.AbstractProtocol init
信息: Initializing ProtocolHandler ["http-nio-auto-61"]
四月 16, 2021 9:59:02 上午 org.apache.tomcat.util.net.NioSelectorPool getSharedSelector
信息: Using a shared selector for servlet write/read
四月 16, 2021 9:59:02 上午 org.apache.catalina.core.StandardService startInternal
信息: Starting service [Tomcat]
四月 16, 2021 9:59:02 上午 org.apache.catalina.core.StandardEngine startInternal
信息: Starting Servlet Engine: Apache Tomcat/8.5.45
四月 16, 2021 9:59:02 上午 org.apache.coyote.AbstractProtocol start
信息: Starting ProtocolHandler ["http-nio-auto-61-51144"]
四月 16, 2021 9:59:02 上午 org.apache.coyote.AbstractProtocol pause
信息: Pausing ProtocolHandler ["http-nio-auto-61-51144"]
四月 16, 2021 9:59:03 上午 org.apache.catalina.core.StandardService stopInternal
信息: Stopping service [Tomcat]
四月 16, 2021 9:59:03 上午 org.apache.coyote.AbstractProtocol stop
信息: Stopping ProtocolHandler ["http-nio-auto-61-51144"]
四月 16, 2021 9:59:03 上午 org.apache.coyote.AbstractProtocol destroy
信息: Destroying ProtocolHandler ["http-nio-auto-61-51144"]
四月 16, 2021 9:59:03 上午 org.apache.coyote.AbstractProtocol init
信息: Initializing ProtocolHandler ["http-nio-auto-62"]
四月 16, 2021 9:59:03 上午 org.apache.tomcat.util.net.NioSelectorPool getSharedSelector
信息: Using a shared selector for servlet write/read
四月 16, 2021 9:59:03 上午 org.apache.catalina.core.StandardService startInternal
信息: Starting service [Tomcat]
四月 16, 2021 9:59:03 上午 org.apache.catalina.core.StandardEngine startInternal
信息: Starting Servlet Engine: Apache Tomcat/8.5.45
四月 16, 2021 9:59:03 上午 org.apache.coyote.AbstractProtocol start
信息: Starting ProtocolHandler ["http-nio-auto-62-51153"]
四月 16, 2021 9:59:04 上午 org.apache.coyote.AbstractProtocol pause
信息: Pausing ProtocolHandler ["http-nio-auto-62-51153"]
四月 16, 2021 9:59:04 上午 org.apache.catalina.core.StandardService stopInternal
信息: Stopping service [Tomcat]
四月 16, 2021 9:59:04 上午 org.apache.coyote.AbstractProtocol stop
信息: Stopping ProtocolHandler ["http-nio-auto-62-51153"]
四月 16, 2021 9:59:04 上午 org.apache.coyote.AbstractProtocol destroy
信息: Destroying ProtocolHandler ["http-nio-auto-62-51153"]
四月 16, 2021 9:59:05 上午 org.apache.coyote.AbstractProtocol init
信息: Initializing ProtocolHandler ["http-nio-auto-63"]
四月 16, 2021 9:59:05 上午 org.apache.tomcat.util.net.NioSelectorPool getSharedSelector
信息: Using a shared selector for servlet write/read
四月 16, 2021 9:59:05 上午 org.apache.catalina.core.StandardService startInternal
信息: Starting service [Tomcat]
四月 16, 2021 9:59:05 上午 org.apache.catalina.core.StandardEngine startInternal
信息: Starting Servlet Engine: Apache Tomcat/8.5.45
四月 16, 2021 9:59:05 上午 org.apache.coyote.AbstractProtocol start
信息: Starting ProtocolHandler ["http-nio-auto-63-51162"]
四月 16, 2021 9:59:05 上午 org.apache.coyote.AbstractProtocol pause
信息: Pausing ProtocolHandler ["http-nio-auto-63-51162"]
四月 16, 2021 9:59:05 上午 org.apache.catalina.core.StandardService stopInternal
信息: Stopping service [Tomcat]
四月 16, 2021 9:59:05 上午 org.apache.coyote.AbstractProtocol stop
信息: Stopping ProtocolHandler ["http-nio-auto-63-51162"]
四月 16, 2021 9:59:05 上午 org.apache.coyote.AbstractProtocol destroy
信息: Destroying ProtocolHandler ["http-nio-auto-63-51162"]
]]></system-err>
</testsuite>
