<?xml version="1.0" encoding="UTF-8"?>
<testsuite name="org.springframework.web.reactive.result.method.InvocableHandlerMethodTests" tests="14" skipped="0" failures="0" errors="0" timestamp="2021-04-16T02:00:59" hostname="DESKTOP-3R4DVF7" time="0.029">
  <properties/>
  <testcase name="invokeMethodWithNoArguments" classname="org.springframework.web.reactive.result.method.InvocableHandlerMethodTests" time="0.004"/>
  <testcase name="noMatchingResolver" classname="org.springframework.web.reactive.result.method.InvocableHandlerMethodTests" time="0.001"/>
  <testcase name="invokeAndHandle_withNotModified" classname="org.springframework.web.reactive.result.method.InvocableHandlerMethodTests" time="0.012"/>
  <testcase name="invokeAndHandle_VoidWithResponseStatus" classname="org.springframework.web.reactive.result.method.InvocableHandlerMethodTests" time="0.0"/>
  <testcase name="invokeAndHandle_withExchange" classname="org.springframework.web.reactive.result.method.InvocableHandlerMethodTests" time="0.002"/>
  <testcase name="invocationTargetExceptionIsUnwrapped" classname="org.springframework.web.reactive.result.method.InvocableHandlerMethodTests" time="0.0"/>
  <testcase name="invokeMethodWithResponseStatus" classname="org.springframework.web.reactive.result.method.InvocableHandlerMethodTests" time="0.0"/>
  <testcase name="invokeMethodWithNoValue" classname="org.springframework.web.reactive.result.method.InvocableHandlerMethodTests" time="0.001"/>
  <testcase name="invokeAndHandle_withExchangeAndMonoVoid" classname="org.springframework.web.reactive.result.method.InvocableHandlerMethodTests" time="0.001"/>
  <testcase name="invokeAndHandle_withResponseAndMonoVoid" classname="org.springframework.web.reactive.result.method.InvocableHandlerMethodTests" time="0.001"/>
  <testcase name="illegalArgumentExceptionIsWrappedWithInvocationDetails" classname="org.springframework.web.reactive.result.method.InvocableHandlerMethodTests" time="0.004"/>
  <testcase name="invokeAndHandle_withResponse" classname="org.springframework.web.reactive.result.method.InvocableHandlerMethodTests" time="0.001"/>
  <testcase name="resolverThrowsException" classname="org.springframework.web.reactive.result.method.InvocableHandlerMethodTests" time="0.0"/>
  <testcase name="invokeMethodWithValue" classname="org.springframework.web.reactive.result.method.InvocableHandlerMethodTests" time="0.0"/>
  <system-out><![CDATA[]]></system-out>
  <system-err><![CDATA[]]></system-err>
</testsuite>
