<?xml version="1.0" encoding="UTF-8"?>
<testsuite name="org.springframework.web.reactive.function.server.RouterFunctionDslTests" tests="9" skipped="0" failures="0" errors="0" timestamp="2021-04-16T02:01:41" hostname="DESKTOP-3R4DVF7" time="0.026">
  <properties/>
  <testcase name="accept" classname="org.springframework.web.reactive.function.server.RouterFunctionDslTests" time="0.025"/>
  <testcase name="header" classname="org.springframework.web.reactive.function.server.RouterFunctionDslTests" time="0.0"/>
  <testcase name="method" classname="org.springframework.web.reactive.function.server.RouterFunctionDslTests" time="0.0"/>
  <testcase name="resourceByPath" classname="org.springframework.web.reactive.function.server.RouterFunctionDslTests" time="0.0"/>
  <testcase name="contentType" classname="org.springframework.web.reactive.function.server.RouterFunctionDslTests" time="0.0"/>
  <testcase name="resource" classname="org.springframework.web.reactive.function.server.RouterFunctionDslTests" time="0.0"/>
  <testcase name="path" classname="org.springframework.web.reactive.function.server.RouterFunctionDslTests" time="0.0"/>
  <testcase name="acceptAndPOST" classname="org.springframework.web.reactive.function.server.RouterFunctionDslTests" time="0.001"/>
  <testcase name="noRoute" classname="org.springframework.web.reactive.function.server.RouterFunctionDslTests" time="0.0"/>
  <system-out><![CDATA[]]></system-out>
  <system-err><![CDATA[]]></system-err>
</testsuite>
