<?xml version="1.0" encoding="UTF-8"?>
<testsuite name="org.springframework.web.reactive.resource.CssLinkResourceTransformerTests" tests="6" skipped="0" failures="0" errors="0" timestamp="2021-04-16T01:57:52" hostname="DESKTOP-3R4DVF7" time="0.039">
  <properties/>
  <testcase name="transformWithNonCssResource" classname="org.springframework.web.reactive.resource.CssLinkResourceTransformerTests" time="0.0"/>
  <testcase name="transformEmptyUrlFunction" classname="org.springframework.web.reactive.resource.CssLinkResourceTransformerTests" time="0.006"/>
  <testcase name="transformNoLinks" classname="org.springframework.web.reactive.resource.CssLinkResourceTransformerTests" time="0.002"/>
  <testcase name="transformExtLinksNotAllowed" classname="org.springframework.web.reactive.resource.CssLinkResourceTransformerTests" time="0.011"/>
  <testcase name="transform" classname="org.springframework.web.reactive.resource.CssLinkResourceTransformerTests" time="0.014"/>
  <testcase name="transformWithGzippedResource" classname="org.springframework.web.reactive.resource.CssLinkResourceTransformerTests" time="0.006"/>
  <system-out><![CDATA[]]></system-out>
  <system-err><![CDATA[]]></system-err>
</testsuite>
