<?xml version="1.0" encoding="UTF-8"?>
<testsuite name="org.springframework.web.reactive.result.view.HttpMessageWriterViewTests" tests="7" skipped="0" failures="0" errors="0" timestamp="2021-04-16T02:01:03" hostname="DESKTOP-3R4DVF7" time="0.061">
  <properties/>
  <testcase name="singleMatch" classname="org.springframework.web.reactive.result.view.HttpMessageWriterViewTests" time="0.001"/>
  <testcase name="multipleMatches" classname="org.springframework.web.reactive.result.view.HttpMessageWriterViewTests" time="0.008"/>
  <testcase name="render" classname="org.springframework.web.reactive.result.view.HttpMessageWriterViewTests" time="0.001"/>
  <testcase name="noMatchBecauseNotSupported" classname="org.springframework.web.reactive.result.view.HttpMessageWriterViewTests" time="0.001"/>
  <testcase name="supportedMediaTypes" classname="org.springframework.web.reactive.result.view.HttpMessageWriterViewTests" time="0.0"/>
  <testcase name="multipleMatchesNotSupported" classname="org.springframework.web.reactive.result.view.HttpMessageWriterViewTests" time="0.003"/>
  <testcase name="noMatch" classname="org.springframework.web.reactive.result.view.HttpMessageWriterViewTests" time="0.0"/>
  <system-out><![CDATA[]]></system-out>
  <system-err><![CDATA[]]></system-err>
</testsuite>
