<?xml version="1.0" encoding="UTF-8"?>
<testsuite name="org.springframework.web.reactive.result.method.annotation.ResponseEntityResultHandlerTests" tests="16" skipped="0" failures="0" errors="0" timestamp="2021-04-16T02:00:50" hostname="DESKTOP-3R4DVF7" time="0.14">
  <properties/>
  <testcase name="handleReturnValueEtagInvalidIfNoneMatch" classname="org.springframework.web.reactive.result.method.annotation.ResponseEntityResultHandlerTests" time="0.01"/>
  <testcase name="supports" classname="org.springframework.web.reactive.result.method.annotation.ResponseEntityResultHandlerTests" time="0.01"/>
  <testcase name="handleMonoWithWildcardBodyTypeAndNullBody" classname="org.springframework.web.reactive.result.method.annotation.ResponseEntityResultHandlerTests" time="0.009"/>
  <testcase name="handleReturnTypes" classname="org.springframework.web.reactive.result.method.annotation.ResponseEntityResultHandlerTests" time="0.009"/>
  <testcase name="defaultOrder" classname="org.springframework.web.reactive.result.method.annotation.ResponseEntityResultHandlerTests" time="0.01"/>
  <testcase name="responseEntityHeaders" classname="org.springframework.web.reactive.result.method.annotation.ResponseEntityResultHandlerTests" time="0.008"/>
  <testcase name="handleReturnValueEtag" classname="org.springframework.web.reactive.result.method.annotation.ResponseEntityResultHandlerTests" time="0.008"/>
  <testcase name="handleReturnValueChangedETagAndLastModified" classname="org.springframework.web.reactive.result.method.annotation.ResponseEntityResultHandlerTests" time="0.008"/>
  <testcase name="handleResponseEntityWithExistingResponseHeaders" classname="org.springframework.web.reactive.result.method.annotation.ResponseEntityResultHandlerTests" time="0.008"/>
  <testcase name="handleResponseEntityWithNullBody" classname="org.springframework.web.reactive.result.method.annotation.ResponseEntityResultHandlerTests" time="0.007"/>
  <testcase name="handleReturnValueETagAndLastModified" classname="org.springframework.web.reactive.result.method.annotation.ResponseEntityResultHandlerTests" time="0.008"/>
  <testcase name="doesNotSupport" classname="org.springframework.web.reactive.result.method.annotation.ResponseEntityResultHandlerTests" time="0.008"/>
  <testcase name="handleReturnValueLastModified" classname="org.springframework.web.reactive.result.method.annotation.ResponseEntityResultHandlerTests" time="0.008"/>
  <testcase name="responseEntityStatusCode" classname="org.springframework.web.reactive.result.method.annotation.ResponseEntityResultHandlerTests" time="0.008"/>
  <testcase name="handleMonoWithWildcardBodyType" classname="org.springframework.web.reactive.result.method.annotation.ResponseEntityResultHandlerTests" time="0.008"/>
  <testcase name="httpHeaders" classname="org.springframework.web.reactive.result.method.annotation.ResponseEntityResultHandlerTests" time="0.01"/>
  <system-out><![CDATA[]]></system-out>
  <system-err><![CDATA[]]></system-err>
</testsuite>
