<?xml version="1.0" encoding="UTF-8"?>
<testsuite name="org.springframework.web.reactive.function.server.InvalidHttpMethodIntegrationTests" tests="4" skipped="0" failures="0" errors="0" timestamp="2021-04-16T01:57:35" hostname="DESKTOP-3R4DVF7" time="0.845">
  <properties/>
  <testcase name="invalidHttpMethod[server [org.springframework.http.server.reactive.bootstrap.JettyHttpServer@2820082]]" classname="org.springframework.web.reactive.function.server.InvalidHttpMethodIntegrationTests" time="0.107"/>
  <testcase name="invalidHttpMethod[server [org.springframework.http.server.reactive.bootstrap.ReactorHttpServer@1f1c2cb0]]" classname="org.springframework.web.reactive.function.server.InvalidHttpMethodIntegrationTests" time="0.045"/>
  <testcase name="invalidHttpMethod[server [org.springframework.http.server.reactive.bootstrap.TomcatHttpServer@2b4c0d67]]" classname="org.springframework.web.reactive.function.server.InvalidHttpMethodIntegrationTests" time="0.635"/>
  <testcase name="invalidHttpMethod[server [org.springframework.http.server.reactive.bootstrap.UndertowHttpServer@1aed79f9]]" classname="org.springframework.web.reactive.function.server.InvalidHttpMethodIntegrationTests" time="0.058"/>
  <system-out><![CDATA[09:57:35.183 [Test worker] WARN  org.eclipse.jetty.server.handler.ContextHandler - Empty contextPath
09:57:35.183 [Test worker] INFO  org.eclipse.jetty.server.handler.ContextHandler - Started o.e.j.s.ServletContextHandler@23332982{/,null,AVAILABLE}
09:57:35.183 [Test worker] DEBUG org.springframework.http.server.reactive.bootstrap.JettyHttpServer - Starting JettyHttpServer...
09:57:35.183 [Test worker] INFO  org.eclipse.jetty.server.Server - jetty-9.4.19.v20190610; built: 2019-06-10T16:30:51.723Z; git: afcf563148970e98786327af5e07c261fda175d3; jvm 1.8.0_271-b09
09:57:35.187 [Test worker] INFO  org.eclipse.jetty.server.AbstractConnector - Started ServerConnector@6bcfe82b{HTTP/1.1,[http/1.1]}{0.0.0.0:64756}
09:57:35.187 [Test worker] INFO  org.eclipse.jetty.server.Server - Started @48391ms
09:57:35.187 [Test worker] DEBUG org.springframework.http.server.reactive.bootstrap.JettyHttpServer - Server started on port 64756(0 millis).
09:57:35.235 [qtp1631581899-490] DEBUG org.springframework.http.server.reactive.ServletHttpHandlerAdapter - Handling completed with success
09:57:35.245 [Test worker] DEBUG org.springframework.http.server.reactive.bootstrap.JettyHttpServer - Stopping JettyHttpServer...
09:57:35.245 [Test worker] INFO  org.eclipse.jetty.server.handler.ContextHandler - Stopped o.e.j.s.ServletContextHandler@23332982{/,null,UNAVAILABLE}
09:57:35.248 [Test worker] INFO  org.eclipse.jetty.server.AbstractConnector - Stopped ServerConnector@6bcfe82b{HTTP/1.1,[http/1.1]}{0.0.0.0:0}
09:57:35.249 [Test worker] DEBUG org.springframework.http.server.reactive.bootstrap.JettyHttpServer - Server stopped (0 millis).
09:57:35.291 [Test worker] DEBUG org.springframework.http.server.reactive.bootstrap.ReactorHttpServer - Starting ReactorHttpServer...
09:57:35.292 [Test worker] DEBUG org.springframework.http.server.reactive.bootstrap.ReactorHttpServer - Server started on port 64770(0 millis).
09:57:35.294 [reactor-http-nio-8] DEBUG org.springframework.http.server.reactive.ReactorHttpHandlerAdapter - Handling completed with success
09:57:35.294 [Test worker] DEBUG org.springframework.http.server.reactive.bootstrap.ReactorHttpServer - Stopping ReactorHttpServer...
09:57:35.294 [Test worker] DEBUG org.springframework.http.server.reactive.bootstrap.ReactorHttpServer - Server stopped (0 millis).
09:57:35.339 [Test worker] DEBUG org.springframework.http.server.reactive.bootstrap.TomcatHttpServer - Starting TomcatHttpServer...
09:57:35.354 [Test worker] DEBUG org.springframework.http.server.reactive.bootstrap.TomcatHttpServer - Server started on port 64772(0 millis).
09:57:35.358 [http-nio-auto-9-exec-1] DEBUG org.springframework.http.server.reactive.ServletHttpHandlerAdapter - Handling completed with success
09:57:35.358 [Test worker] DEBUG org.springframework.http.server.reactive.bootstrap.TomcatHttpServer - Stopping TomcatHttpServer...
09:57:35.929 [Test worker] DEBUG org.springframework.http.server.reactive.bootstrap.TomcatHttpServer - Server stopped (0 millis).
09:57:35.972 [Test worker] DEBUG org.springframework.http.server.reactive.bootstrap.UndertowHttpServer - Starting UndertowHttpServer...
09:57:35.983 [Test worker] DEBUG org.springframework.http.server.reactive.bootstrap.UndertowHttpServer - Server started on port 64807(0 millis).
09:57:35.985 [XNIO-9 I/O-6] DEBUG org.springframework.http.server.reactive.UndertowHttpHandlerAdapter - Handling completed with success
09:57:35.985 [Test worker] DEBUG org.springframework.http.server.reactive.bootstrap.UndertowHttpServer - Stopping UndertowHttpServer...
09:57:35.987 [Test worker] DEBUG org.springframework.http.server.reactive.bootstrap.UndertowHttpServer - Server stopped (0 millis).
]]></system-out>
  <system-err><![CDATA[四月 16, 2021 9:57:35 上午 org.apache.coyote.AbstractProtocol init
信息: Initializing ProtocolHandler ["http-nio-auto-9"]
四月 16, 2021 9:57:35 上午 org.apache.tomcat.util.net.NioSelectorPool getSharedSelector
信息: Using a shared selector for servlet write/read
四月 16, 2021 9:57:35 上午 org.apache.catalina.core.StandardService startInternal
信息: Starting service [Tomcat]
四月 16, 2021 9:57:35 上午 org.apache.catalina.core.StandardEngine startInternal
信息: Starting Servlet Engine: Apache Tomcat/8.5.45
四月 16, 2021 9:57:35 上午 org.apache.coyote.AbstractProtocol start
信息: Starting ProtocolHandler ["http-nio-auto-9-64772"]
四月 16, 2021 9:57:35 上午 org.apache.coyote.AbstractProtocol pause
信息: Pausing ProtocolHandler ["http-nio-auto-9-64772"]
四月 16, 2021 9:57:35 上午 org.apache.catalina.core.StandardService stopInternal
信息: Stopping service [Tomcat]
四月 16, 2021 9:57:35 上午 org.apache.coyote.AbstractProtocol stop
信息: Stopping ProtocolHandler ["http-nio-auto-9-64772"]
四月 16, 2021 9:57:35 上午 org.apache.coyote.AbstractProtocol destroy
信息: Destroying ProtocolHandler ["http-nio-auto-9-64772"]
]]></system-err>
</testsuite>
