<?xml version="1.0" encoding="UTF-8"?>
<testsuite name="org.springframework.web.reactive.result.method.annotation.RequestParamMapMethodArgumentResolverTests" tests="3" skipped="0" failures="0" errors="0" timestamp="2021-04-16T02:00:49" hostname="DESKTOP-3R4DVF7" time="0.003">
  <properties/>
  <testcase name="resolveMapArgumentWithQueryString" classname="org.springframework.web.reactive.result.method.annotation.RequestParamMapMethodArgumentResolverTests" time="0.002"/>
  <testcase name="resolveMultiValueMapArgument" classname="org.springframework.web.reactive.result.method.annotation.RequestParamMapMethodArgumentResolverTests" time="0.0"/>
  <testcase name="supportsParameter" classname="org.springframework.web.reactive.result.method.annotation.RequestParamMapMethodArgumentResolverTests" time="0.0"/>
  <system-out><![CDATA[]]></system-out>
  <system-err><![CDATA[]]></system-err>
</testsuite>
