<?xml version="1.0" encoding="UTF-8"?>
<testsuite name="org.springframework.aop.support.AopUtilsTests" tests="4" skipped="0" failures="0" errors="0" timestamp="2021-04-16T01:45:26" hostname="DESKTOP-3R4DVF7" time="0.006">
  <properties/>
  <testcase name="testPointcutAlwaysApplies" classname="org.springframework.aop.support.AopUtilsTests" time="0.0"/>
  <testcase name="testCanonicalFrameworkClassesStillCanonicalOnDeserialization" classname="org.springframework.aop.support.AopUtilsTests" time="0.004"/>
  <testcase name="testPointcutAppliesToOneMethodOnObject" classname="org.springframework.aop.support.AopUtilsTests" time="0.0"/>
  <testcase name="testPointcutCanNeverApply" classname="org.springframework.aop.support.AopUtilsTests" time="0.001"/>
  <system-out><![CDATA[]]></system-out>
  <system-err><![CDATA[]]></system-err>
</testsuite>
