<?xml version="1.0" encoding="UTF-8"?>
<testsuite name="org.springframework.aop.config.AopNamespaceHandlerEventTests" tests="4" skipped="0" failures="0" errors="0" timestamp="2021-04-16T01:45:24" hostname="DESKTOP-3R4DVF7" time="0.262">
  <properties/>
  <testcase name="testPointcutEvents" classname="org.springframework.aop.config.AopNamespaceHandlerEventTests" time="0.151"/>
  <testcase name="testAdvisorEventsWithDirectPointcut" classname="org.springframework.aop.config.AopNamespaceHandlerEventTests" time="0.041"/>
  <testcase name="testAspectEvent" classname="org.springframework.aop.config.AopNamespaceHandlerEventTests" time="0.038"/>
  <testcase name="testAdvisorEventsWithPointcutRef" classname="org.springframework.aop.config.AopNamespaceHandlerEventTests" time="0.032"/>
  <system-out><![CDATA[]]></system-out>
  <system-err><![CDATA[]]></system-err>
</testsuite>
