<?xml version="1.0" encoding="UTF-8"?>
<testsuite name="org.springframework.aop.target.PrototypeTargetSourceTests" tests="1" skipped="0" failures="0" errors="0" timestamp="2021-04-16T01:45:26" hostname="DESKTOP-3R4DVF7" time="0.031">
  <properties/>
  <testcase name="testPrototypeAndSingletonBehaveDifferently" classname="org.springframework.aop.target.PrototypeTargetSourceTests" time="0.031"/>
  <system-out><![CDATA[]]></system-out>
  <system-err><![CDATA[]]></system-err>
</testsuite>
