<?xml version="1.0" encoding="UTF-8"?>
<testsuite name="org.springframework.aop.support.RegexpMethodPointcutAdvisorIntegrationTests" tests="3" skipped="0" failures="0" errors="0" timestamp="2021-04-16T01:45:26" hostname="DESKTOP-3R4DVF7" time="0.143">
  <properties/>
  <testcase name="testSerialization" classname="org.springframework.aop.support.RegexpMethodPointcutAdvisorIntegrationTests" time="0.09"/>
  <testcase name="testSinglePattern" classname="org.springframework.aop.support.RegexpMethodPointcutAdvisorIntegrationTests" time="0.023"/>
  <testcase name="testMultiplePatterns" classname="org.springframework.aop.support.RegexpMethodPointcutAdvisorIntegrationTests" time="0.029"/>
  <system-out><![CDATA[]]></system-out>
  <system-err><![CDATA[]]></system-err>
</testsuite>
