<?xml version="1.0" encoding="UTF-8"?>
<testsuite name="org.springframework.aop.framework.PrototypeTargetTests" tests="2" skipped="0" failures="0" errors="0" timestamp="2021-04-16T01:45:25" hostname="DESKTOP-3R4DVF7" time="0.161">
  <properties/>
  <testcase name="testSingletonProxyWithPrototypeTarget" classname="org.springframework.aop.framework.PrototypeTargetTests" time="0.153"/>
  <testcase name="testPrototypeProxyWithPrototypeTarget" classname="org.springframework.aop.framework.PrototypeTargetTests" time="0.008"/>
  <system-out><![CDATA[]]></system-out>
  <system-err><![CDATA[]]></system-err>
</testsuite>
