<?xml version="1.0" encoding="UTF-8"?>
<testsuite name="org.springframework.aop.interceptor.JamonPerformanceMonitorInterceptorTests" tests="2" skipped="0" failures="0" errors="0" timestamp="2021-04-16T01:45:26" hostname="DESKTOP-3R4DVF7" time="0.048">
  <properties/>
  <testcase name="testInvokeUnderTraceWithNormalProcessing" classname="org.springframework.aop.interceptor.JamonPerformanceMonitorInterceptorTests" time="0.044"/>
  <testcase name="testInvokeUnderTraceWithExceptionTracking" classname="org.springframework.aop.interceptor.JamonPerformanceMonitorInterceptorTests" time="0.003"/>
  <system-out><![CDATA[]]></system-out>
  <system-err><![CDATA[]]></system-err>
</testsuite>
