<?xml version="1.0" encoding="UTF-8"?>
<testsuite name="org.springframework.aop.aspectj.annotation.AspectProxyFactoryTests" tests="9" skipped="0" failures="0" errors="0" timestamp="2021-04-16T01:45:23" hostname="DESKTOP-3R4DVF7" time="0.042">
  <properties/>
  <testcase name="testWithNonAspect" classname="org.springframework.aop.aspectj.annotation.AspectProxyFactoryTests" time="0.001"/>
  <testcase name="testUnproxiedVarargsWithEnumArray" classname="org.springframework.aop.aspectj.annotation.AspectProxyFactoryTests" time="0.005"/>
  <testcase name="testWithInstance" classname="org.springframework.aop.aspectj.annotation.AspectProxyFactoryTests" time="0.021"/>
  <testcase name="testWithPerThisAspect" classname="org.springframework.aop.aspectj.annotation.AspectProxyFactoryTests" time="0.007"/>
  <testcase name="testWithInstanceWithNonAspect" classname="org.springframework.aop.aspectj.annotation.AspectProxyFactoryTests" time="0.0"/>
  <testcase name="testWithNonSingletonAspectInstance" classname="org.springframework.aop.aspectj.annotation.AspectProxyFactoryTests" time="0.001"/>
  <testcase name="testWithSimpleAspect" classname="org.springframework.aop.aspectj.annotation.AspectProxyFactoryTests" time="0.001"/>
  <testcase name="testProxiedVarargsWithEnumArray" classname="org.springframework.aop.aspectj.annotation.AspectProxyFactoryTests" time="0.001"/>
  <testcase name="testSerializable" classname="org.springframework.aop.aspectj.annotation.AspectProxyFactoryTests" time="0.004"/>
  <system-out><![CDATA[]]></system-out>
  <system-err><![CDATA[]]></system-err>
</testsuite>
