<?xml version="1.0" encoding="UTF-8"?>
<testsuite name="org.springframework.aop.interceptor.PerformanceMonitorInterceptorTests" tests="3" skipped="0" failures="0" errors="0" timestamp="2021-04-16T01:45:26" hostname="DESKTOP-3R4DVF7" time="0.002">
  <properties/>
  <testcase name="testExceptionPathStillLogsPerformanceMetricsCorrectly" classname="org.springframework.aop.interceptor.PerformanceMonitorInterceptorTests" time="0.001"/>
  <testcase name="testSuffixAndPrefixAssignment" classname="org.springframework.aop.interceptor.PerformanceMonitorInterceptorTests" time="0.0"/>
  <testcase name="testSunnyDayPathLogsPerformanceMetricsCorrectly" classname="org.springframework.aop.interceptor.PerformanceMonitorInterceptorTests" time="0.001"/>
  <system-out><![CDATA[]]></system-out>
  <system-err><![CDATA[]]></system-err>
</testsuite>
