<?xml version="1.0" encoding="UTF-8"?>
<testsuite name="org.springframework.aop.framework.MethodInvocationTests" tests="2" skipped="0" failures="0" errors="0" timestamp="2021-04-16T01:45:25" hostname="DESKTOP-3R4DVF7" time="0.002">
  <properties/>
  <testcase name="testToStringDoesntHitTarget" classname="org.springframework.aop.framework.MethodInvocationTests" time="0.001"/>
  <testcase name="testValidInvocation" classname="org.springframework.aop.framework.MethodInvocationTests" time="0.0"/>
  <system-out><![CDATA[]]></system-out>
  <system-err><![CDATA[]]></system-err>
</testsuite>
