<?xml version="1.0" encoding="UTF-8"?>
<testsuite name="org.springframework.aop.framework.IntroductionBenchmarkTests" tests="1" skipped="0" failures="0" errors="0" timestamp="2021-04-16T01:45:25" hostname="DESKTOP-3R4DVF7" time="0.144">
  <properties/>
  <testcase name="timeManyInvocations" classname="org.springframework.aop.framework.IntroductionBenchmarkTests" time="0.144"/>
  <system-out><![CDATA[StopWatch '': running time (millis) = 132
-----------------------------------------
ms     %     Task name
-----------------------------------------
00060  045%  100000 invocations on proxy, not hitting introduction
00069  052%  100000 invocations on proxy, hitting introduction
00003  002%  100000 invocations on target

]]></system-out>
  <system-err><![CDATA[]]></system-err>
</testsuite>
