<?xml version="1.0" encoding="UTF-8"?>
<testsuite name="org.springframework.aop.aspectj.annotation.ArgumentBindingTests" tests="3" skipped="0" failures="0" errors="0" timestamp="2021-04-16T01:45:22" hostname="DESKTOP-3R4DVF7" time="0.934">
  <properties/>
  <testcase name="testAnnotationArgumentNameBinding" classname="org.springframework.aop.aspectj.annotation.ArgumentBindingTests" time="0.904"/>
  <testcase name="testParameterNameDiscoverWithReferencePointcut" classname="org.springframework.aop.aspectj.annotation.ArgumentBindingTests" time="0.001"/>
  <testcase name="testBindingInPointcutUsedByAdvice" classname="org.springframework.aop.aspectj.annotation.ArgumentBindingTests" time="0.029"/>
  <system-out><![CDATA[Invoked with transaction @org.springframework.aop.aspectj.annotation.Transactional()
got 'Supercalifragalisticexpialidocious' at 'execution(void org.springframework.tests.sample.beans.ITestBean.setName(String))'
]]></system-out>
  <system-err><![CDATA[]]></system-err>
</testsuite>
