<?xml version="1.0" encoding="UTF-8"?>
<testsuite name="org.springframework.aop.scope.DefaultScopedObjectTests" tests="4" skipped="0" failures="0" errors="0" timestamp="2021-04-16T01:45:26" hostname="DESKTOP-3R4DVF7" time="0.1">
  <properties/>
  <testcase name="testCtorWithEmptyTargetBeanName" classname="org.springframework.aop.scope.DefaultScopedObjectTests" time="0.1"/>
  <testcase name="testCtorWithNullBeanFactory" classname="org.springframework.aop.scope.DefaultScopedObjectTests" time="0.0"/>
  <testcase name="testCtorWithJustWhitespacedTargetBeanName" classname="org.springframework.aop.scope.DefaultScopedObjectTests" time="0.0"/>
  <testcase name="testCtorWithNullTargetBeanName" classname="org.springframework.aop.scope.DefaultScopedObjectTests" time="0.0"/>
  <system-out><![CDATA[]]></system-out>
  <system-err><![CDATA[]]></system-err>
</testsuite>
