<?xml version="1.0" encoding="UTF-8"?>
<testsuite name="org.springframework.aop.aspectj.autoproxy.AspectJNamespaceHandlerTests" tests="4" skipped="0" failures="0" errors="0" timestamp="2021-04-16T01:45:23" hostname="DESKTOP-3R4DVF7" time="0.06">
  <properties/>
  <testcase name="testRegisterAutoProxyCreatorWhenAspectJAutoProxyCreatorAlreadyExists" classname="org.springframework.aop.aspectj.autoproxy.AspectJNamespaceHandlerTests" time="0.059"/>
  <testcase name="testRegisterAspectJAutoProxyCreatorWithExistingAutoProxyCreator" classname="org.springframework.aop.aspectj.autoproxy.AspectJNamespaceHandlerTests" time="0.0"/>
  <testcase name="testRegisterAspectJAutoProxyCreator" classname="org.springframework.aop.aspectj.autoproxy.AspectJNamespaceHandlerTests" time="0.0"/>
  <testcase name="testRegisterAutoProxyCreator" classname="org.springframework.aop.aspectj.autoproxy.AspectJNamespaceHandlerTests" time="0.0"/>
  <system-out><![CDATA[]]></system-out>
  <system-err><![CDATA[]]></system-err>
</testsuite>
