<?xml version="1.0" encoding="UTF-8"?>
<testsuite name="org.springframework.aop.interceptor.ExposeBeanNameAdvisorsTests" tests="2" skipped="0" failures="0" errors="0" timestamp="2021-04-16T01:45:26" hostname="DESKTOP-3R4DVF7" time="0.007">
  <properties/>
  <testcase name="testNoIntroduction" classname="org.springframework.aop.interceptor.ExposeBeanNameAdvisorsTests" time="0.003"/>
  <testcase name="testWithIntroduction" classname="org.springframework.aop.interceptor.ExposeBeanNameAdvisorsTests" time="0.004"/>
  <system-out><![CDATA[]]></system-out>
  <system-err><![CDATA[]]></system-err>
</testsuite>
