<?xml version="1.0" encoding="UTF-8"?>
<testsuite name="org.springframework.aop.scope.ScopedProxyAutowireTests" tests="2" skipped="0" failures="0" errors="0" timestamp="2021-04-16T01:45:26" hostname="DESKTOP-3R4DVF7" time="0.075">
  <properties/>
  <testcase name="testScopedProxyInheritsAutowireCandidateFalse" classname="org.springframework.aop.scope.ScopedProxyAutowireTests" time="0.037"/>
  <testcase name="testScopedProxyReplacesAutowireCandidateTrue" classname="org.springframework.aop.scope.ScopedProxyAutowireTests" time="0.038"/>
  <system-out><![CDATA[]]></system-out>
  <system-err><![CDATA[]]></system-err>
</testsuite>
